[2026-03-31 18:02:35] Using device: cpu
[2026-03-31 18:02:35] Seed control enabled: True
[2026-03-31 18:02:35] Base seed: 104
[2026-03-31 18:02:36] Seed initialized: 104
[2026-03-31 18:02:36] ======================================================================
[2026-03-31 18:02:36] CONFIGURATION
[2026-03-31 18:02:36] ======================================================================
[2026-03-31 18:02:36]   artifact_dir: /home/vegorov/Repos/eeg_jepa_research/artifacts/lee-2019-fine-tuning
[2026-03-31 18:02:36]   bandpass_high: 40.0
[2026-03-31 18:02:36]   bandpass_low: 0.5
[2026-03-31 18:02:36]   batch_size: 16
[2026-03-31 18:02:36]   convert_to_uV: True
[2026-03-31 18:02:36]   cv_folds: 5
[2026-03-31 18:02:36]   device: auto
[2026-03-31 18:02:36]   early_stopping_patience: 50
[2026-03-31 18:02:36]   learning_rate: 0.001
[2026-03-31 18:02:36]   n_epochs: 5000
[2026-03-31 18:02:36]   normalization_method: None
[2026-03-31 18:02:36]   normalize: False
[2026-03-31 18:02:36]   paradigm: SSVEP
[2026-03-31 18:02:36]   pretrained_url: https://huggingface.co/braindecode/SignalJEPA/resolve/main/signal-jepa_16s-60_adeuwv4s.pth
[2026-03-31 18:02:36]   seed: 104
[2026-03-31 18:02:36]   set_seed: True
[2026-03-31 18:02:36]   sfreq: 128
[2026-03-31 18:02:36]   subjects_to_use: [51]
[2026-03-31 18:02:36]   val_split: 0.2
[2026-03-31 18:02:36] ======================================================================
[2026-03-31 18:02:36] Config saved to: /home/vegorov/Repos/eeg_jepa_research/artifacts/lee-2019-fine-tuning/SSVEP/20260331_1802_faab0d77/config.json
[2026-03-31 18:02:36] Epoch window configuration:
[2026-03-31 18:02:36]   Target sfreq:                128 Hz
[2026-03-31 18:02:36]   Target duration:             4.190000 s
[2026-03-31 18:02:36]   Window samples (rounded):    536
[2026-03-31 18:02:36]   Base trial samples (4.0 s):  512
[2026-03-31 18:02:36]   Trial stop offset samples:   24
[2026-03-31 18:02:36]   Effective window duration:   4.187500 s
[2026-03-31 18:02:36] Using specified subjects from config: [51]
[2026-03-31 18:02:36] Selected subjects: [51]
[2026-03-31 18:02:36] Expected evaluation folds: 5

[2026-03-31 18:02:36] Building MOABBDataset for Lee2019_SSVEP...
[2026-03-31 18:02:44] MOABBDataset recordings loaded: 1
[2026-03-31 18:02:44] Discovered annotation descriptions (first recording): [np.str_('12.0'), np.str_('5.45'), np.str_('6.67'), np.str_('8.57')]
[2026-03-31 18:02:44] Dataset event_id mapping: {'12.0': 1, '8.57': 2, '6.67': 3, '5.45': 4}
[2026-03-31 18:02:44] Label map (event_code -> class_index): {1: 0, 2: 1, 3: 2, 4: 3}
[2026-03-31 18:02:44] Applying Braindecode preprocessors to MOABBDataset...
[2026-03-31 18:02:47] Preprocessing complete.

[2026-03-31 18:02:47] Post-preprocessing validation
[2026-03-31 18:02:47]   Recordings in DATASET: 1
[2026-03-31 18:02:47]   Unique subject IDs:    ['51']
[2026-03-31 18:02:47]   sfreq (first rec):     128.0 Hz
[2026-03-31 18:02:47]   EEG channel count:     62
[2026-03-31 18:02:47]   First 10 channels:     ['Fp1', 'Fp2', 'F7', 'F3', 'Fz', 'F4', 'F8', 'FC5', 'FC1', 'FC2']
[2026-03-31 18:02:47] Channel consistency summary:
[2026-03-31 18:02:47]   Checked runs: 1
[2026-03-31 18:02:47]   Unique channel counts: [62]
[2026-03-31 18:02:47]   Channel order consistent: True
[2026-03-31 18:02:47] Validated EEG channels: 62
[2026-03-31 18:02:47] First 10 EEG channels: ['Fp1', 'Fp2', 'F7', 'F3', 'Fz', 'F4', 'F8', 'FC5', 'FC1', 'FC2']
[2026-03-31 18:02:47] raw mean_abs=8.654730e+00
[2026-03-31 18:02:47] raw std=3.494582e+01
[2026-03-31 18:02:47] raw first5 channel std= [46.22404553 54.63339771 16.95830183 13.82897057 11.24366025]
[2026-03-31 18:02:47] Requested window samples: 536
[2026-03-31 18:02:47] Base trial samples:       512
[2026-03-31 18:02:47] Stop offset samples:      24
[2026-03-31 18:02:47] Global class counts: [25, 25, 25, 25]
[2026-03-31 18:02:47] Chance level (4-class): 0.25
[2026-03-31 18:02:47] One window shape: (62, 536)
[2026-03-31 18:02:47] One window label: 1
[2026-03-31 18:02:47] Window sample length expected=536, got=536
[2026-03-31 18:02:47] Subjects in window split: [51]
[2026-03-31 18:02:47] Summarizing per-subject windows...
[2026-03-31 18:02:47]   Subject 51: n_windows=100, window_shape=(62, 536), class_counts=[25, 25, 25, 25]
[2026-03-31 18:02:47]    subject_id  n_windows  n_channels  n_times      class_counts
0          51        100          62      536  [25, 25, 25, 25]
[2026-03-31 18:02:47] Window validation summary:
[2026-03-31 18:02:47]   Subject 51: n_windows=100 class_counts=[25, 25, 25, 25]

[2026-03-31 18:02:47] Validated sampling rate target: 128 Hz
[2026-03-31 18:02:47] Validated window sample count:   536
[2026-03-31 18:02:47] Validated window duration:       4.1875 s
[2026-03-31 18:02:47] Validated channel count:         62
[2026-03-31 18:02:47] Total windows retained:          100
[2026-03-31 18:02:47] Preprocessing sanity checks:
[2026-03-31 18:02:47]   One sample label: 1
[2026-03-31 18:02:47]   One sample shape: (62, 536)
[2026-03-31 18:02:47]   Mean(abs(signal)): 4.094026e+00
[2026-03-31 18:02:47]   Mean(signal):      7.346552e-09
[2026-03-31 18:02:47]   Std(signal):       5.860601e+00
[2026-03-31 18:02:47] Building model with input window duration: 4.1875 s
[2026-03-31 18:02:47] SignalJEPA_PreLocal instantiated successfully.
[2026-03-31 18:02:47]   Total parameters:     18,192
[2026-03-31 18:02:47]   Trainable parameters: 18,192
[2026-03-31 18:02:47] ======================================================================================================================================================
Layer (type (var_name):depth-idx)                  Input Shape               Output Shape              Param #                   Kernel Shape
======================================================================================================================================================
SignalJEPA_PreLocal (SignalJEPA_PreLocal)          [1, 62, 536]              [1, 4]                    --                        --
├─Sequential (spatial_conv): 1-1                   [1, 62, 536]              [1, 4, 536]               --                        --
│    └─Rearrange (0): 2-1                          [1, 62, 536]              [1, 1, 62, 536]           --                        --
│    └─Conv2d (1): 2-2                             [1, 1, 62, 536]           [1, 4, 1, 536]            252                       [62, 1]
│    └─Rearrange (2): 2-3                          [1, 4, 1, 536]            [1, 4, 536]               --                        --
├─_ConvFeatureEncoder (feature_encoder): 1-2       [1, 4, 536]               [1, 16, 64]               --                        --
│    └─Rearrange (0): 2-4                          [1, 4, 536]               [4, 1, 536]               --                        --
│    └─Sequential (1): 2-5                         [4, 1, 536]               [4, 8, 64]                --                        --
│    │    └─Conv1d (0): 3-1                        [4, 1, 536]               [4, 8, 64]                256                       [32]
│    │    └─Dropout (1): 3-2                       [4, 8, 64]                [4, 8, 64]                --                        --
│    │    └─GroupNorm (2): 3-3                     [4, 8, 64]                [4, 8, 64]                16                        --
│    │    └─GELU (3): 3-4                          [4, 8, 64]                [4, 8, 64]                --                        --
│    └─Sequential (2): 2-6                         [4, 8, 64]                [4, 16, 32]               --                        --
│    │    └─Conv1d (0): 3-5                        [4, 8, 64]                [4, 16, 32]               256                       [2]
│    │    └─Dropout (1): 3-6                       [4, 16, 32]               [4, 16, 32]               --                        --
│    │    └─GELU (2): 3-7                          [4, 16, 32]               [4, 16, 32]               --                        --
│    └─Sequential (3): 2-7                         [4, 16, 32]               [4, 32, 16]               --                        --
│    │    └─Conv1d (0): 3-8                        [4, 16, 32]               [4, 32, 16]               1,024                     [2]
│    │    └─Dropout (1): 3-9                       [4, 32, 16]               [4, 32, 16]               --                        --
│    │    └─GELU (2): 3-10                         [4, 32, 16]               [4, 32, 16]               --                        --
│    └─Sequential (4): 2-8                         [4, 32, 16]               [4, 64, 8]                --                        --
│    │    └─Conv1d (0): 3-11                       [4, 32, 16]               [4, 64, 8]                4,096                     [2]
│    │    └─Dropout (1): 3-12                      [4, 64, 8]                [4, 64, 8]                --                        --
│    │    └─GELU (2): 3-13                         [4, 64, 8]                [4, 64, 8]                --                        --
│    └─Sequential (5): 2-9                         [4, 64, 8]                [4, 64, 4]                --                        --
│    │    └─Conv1d (0): 3-14                       [4, 64, 8]                [4, 64, 4]                8,192                     [2]
│    │    └─Dropout (1): 3-15                      [4, 64, 4]                [4, 64, 4]                --                        --
│    │    └─GELU (2): 3-16                         [4, 64, 4]                [4, 64, 4]                --                        --
│    └─Rearrange (6): 2-10                         [4, 64, 4]                [1, 16, 64]               --                        --
├─Sequential (final_layer): 1-3                    [1, 16, 64]               [1, 4]                    --                        --
│    └─Flatten (0): 2-11                           [1, 16, 64]               [1, 1024]                 --                        --
│    └─Linear (1): 2-12                            [1, 1024]                 [1, 4]                    4,100                     --
======================================================================================================================================================
Total params: 18,192
Trainable params: 18,192
Non-trainable params: 0
Total mult-adds (Units.MEGABYTES): 0.57
======================================================================================================================================================
Input size (MB): 0.13
Forward/backward pass size (MB): 0.11
Params size (MB): 0.07
Estimated Total Size (MB): 0.31
======================================================================================================================================================
[2026-03-31 18:02:47] Initializing from 16s-60 pretrained checkpoint (Hugging Face):
[2026-03-31 18:02:47]   https://huggingface.co/braindecode/SignalJEPA/resolve/main/signal-jepa_16s-60_adeuwv4s.pth
[2026-03-31 18:02:47]   Downloaded 179 keys
[2026-03-31 18:02:47] ======================================================================
[2026-03-31 18:02:47] STARTING CROSS-VALIDATION
[2026-03-31 18:02:47] ======================================================================
[2026-03-31 18:02:47] Subjects:      [51]
[2026-03-31 18:02:47] CV folds:      5
[2026-03-31 18:02:47] Batch size:    16
[2026-03-31 18:02:47] Max epochs:    5000
[2026-03-31 18:02:47] Device:        cpu
[2026-03-31 18:02:47] Seed control:  True
[2026-03-31 18:02:47] Base seed:     104
[2026-03-31 18:02:47] ======================================================================

[2026-03-31 18:02:47] Subject 51: 100 windows class_counts=[25, 25, 25, 25]
[2026-03-31 18:02:47]   Fold 1 split seed: 105
[2026-03-31 18:02:47]   Fold 1 split class counts:
[2026-03-31 18:02:47]     train=[16, 16, 16, 16] val=[4, 4, 4, 4] test=[5, 5, 5, 5]
[2026-03-31 18:02:47]   Fold 2 split seed: 106
[2026-03-31 18:02:47]   Fold 2 split class counts:
[2026-03-31 18:02:47]     train=[16, 16, 16, 16] val=[4, 4, 4, 4] test=[5, 5, 5, 5]
[2026-03-31 18:02:47]   Fold 3 split seed: 107
[2026-03-31 18:02:47]   Fold 3 split class counts:
[2026-03-31 18:02:47]     train=[16, 16, 16, 16] val=[4, 4, 4, 4] test=[5, 5, 5, 5]
[2026-03-31 18:02:47]   Fold 4 split seed: 108
[2026-03-31 18:02:47]   Fold 4 split class counts:
[2026-03-31 18:02:47]     train=[16, 16, 16, 16] val=[4, 4, 4, 4] test=[5, 5, 5, 5]
[2026-03-31 18:02:47]   Fold 5 split seed: 109
[2026-03-31 18:02:47]   Fold 5 split class counts:
[2026-03-31 18:02:47]     train=[16, 16, 16, 16] val=[4, 4, 4, 4] test=[5, 5, 5, 5]
[2026-03-31 18:02:47]   Subject 51 Fold 1 seed: 5205
[2026-03-31 18:02:47]   Subject 51 Fold 1: n_train=64 n_val=16 n_test=20
[2026-03-31 18:02:47]     Train class counts: [16, 16, 16, 16]
[2026-03-31 18:02:47]     Val class counts:   [4, 4, 4, 4]
[2026-03-31 18:02:47]     Test class counts:  [5, 5, 5, 5]
[2026-03-31 18:02:47] Building model with input window duration: 4.1875 s
[2026-03-31 18:02:47] Pretrained weight loading:
[2026-03-31 18:02:47]   Downloaded keys:        179
[2026-03-31 18:02:47]   Filtered (transformer): 172
[2026-03-31 18:02:47]   Filtered (pos_encoder): 0
[2026-03-31 18:02:47]   Keys to load:           7
[2026-03-31 18:02:47]   Missing keys:           4
[2026-03-31 18:02:47]   Unexpected keys:        0
[2026-03-31 18:02:47]   Missing preview:        ['spatial_conv.1.weight', 'spatial_conv.1.bias', 'final_layer.1.weight', 'final_layer.1.bias']
[2026-03-31 18:02:47]   Unexpected preview:     []
[2026-03-31 18:02:47] Encoder freeze configuration:
[2026-03-31 18:02:47]   Total parameters:        18,192
[2026-03-31 18:02:47]   Trainable parameters:    4,352
[2026-03-31 18:02:47]   Training percentage:     23.9%
[2026-03-31 18:02:47]   Trainable layers: 4
[2026-03-31 18:02:47]     - final_layer.1.bias
[2026-03-31 18:02:47]     - final_layer.1.weight
[2026-03-31 18:02:47]     - spatial_conv.1.bias
[2026-03-31 18:02:47]     - spatial_conv.1.weight
[2026-03-31 18:02:47]     Train generator seeded: True
[2026-03-31 18:02:51]     Stopped epoch:            296
[2026-03-31 18:02:51]     Best epoch (valid_loss):  246
[2026-03-31 18:02:51]     Best valid_loss:          1.316611886024475
[2026-03-31 18:02:51]     Test accuracy (primary):  0.3500
[2026-03-31 18:02:51]     Test balanced acc:        0.3500
[2026-03-31 18:02:51]     Confusion matrix:         [[1, 4, 0, 0], [1, 2, 1, 1], [1, 1, 1, 2], [2, 0, 0, 3]]
[2026-03-31 18:02:51]     Prediction histogram:     [5, 7, 2, 6]
[2026-03-31 18:02:51]     fold_acc=0.3500 fold_bal_acc=0.3500 cm=[[1, 4, 0, 0], [1, 2, 1, 1], [1, 1, 1, 2], [2, 0, 0, 3]]
[2026-03-31 18:02:51]   Subject 51 Fold 2 seed: 5206
[2026-03-31 18:02:51]   Subject 51 Fold 2: n_train=64 n_val=16 n_test=20
[2026-03-31 18:02:51]     Train class counts: [16, 16, 16, 16]
[2026-03-31 18:02:51]     Val class counts:   [4, 4, 4, 4]
[2026-03-31 18:02:51]     Test class counts:  [5, 5, 5, 5]
[2026-03-31 18:02:51] Building model with input window duration: 4.1875 s
[2026-03-31 18:02:51] Pretrained weight loading:
[2026-03-31 18:02:51]   Downloaded keys:        179
[2026-03-31 18:02:51]   Filtered (transformer): 172
[2026-03-31 18:02:51]   Filtered (pos_encoder): 0
[2026-03-31 18:02:51]   Keys to load:           7
[2026-03-31 18:02:51]   Missing keys:           4
[2026-03-31 18:02:51]   Unexpected keys:        0
[2026-03-31 18:02:51]   Missing preview:        ['spatial_conv.1.weight', 'spatial_conv.1.bias', 'final_layer.1.weight', 'final_layer.1.bias']
[2026-03-31 18:02:51]   Unexpected preview:     []
[2026-03-31 18:02:51] Encoder freeze configuration:
[2026-03-31 18:02:51]   Total parameters:        18,192
[2026-03-31 18:02:51]   Trainable parameters:    4,352
[2026-03-31 18:02:51]   Training percentage:     23.9%
[2026-03-31 18:02:51]   Trainable layers: 4
[2026-03-31 18:02:51]     - final_layer.1.bias
[2026-03-31 18:02:51]     - final_layer.1.weight
[2026-03-31 18:02:51]     - spatial_conv.1.bias
[2026-03-31 18:02:51]     - spatial_conv.1.weight
[2026-03-31 18:02:51]     Train generator seeded: True
[2026-03-31 18:02:53]     Stopped epoch:            173
[2026-03-31 18:02:53]     Best epoch (valid_loss):  123
[2026-03-31 18:02:53]     Best valid_loss:          1.3043889999389648
[2026-03-31 18:02:53]     Test accuracy (primary):  0.3000
[2026-03-31 18:02:53]     Test balanced acc:        0.3000
[2026-03-31 18:02:53]     Confusion matrix:         [[0, 0, 0, 5], [0, 2, 1, 2], [1, 1, 0, 3], [0, 1, 0, 4]]
[2026-03-31 18:02:53]     Prediction histogram:     [1, 4, 1, 14]
[2026-03-31 18:02:53]     fold_acc=0.3000 fold_bal_acc=0.3000 cm=[[0, 0, 0, 5], [0, 2, 1, 2], [1, 1, 0, 3], [0, 1, 0, 4]]
[2026-03-31 18:02:53]   Subject 51 Fold 3 seed: 5207
[2026-03-31 18:02:53]   Subject 51 Fold 3: n_train=64 n_val=16 n_test=20
[2026-03-31 18:02:53]     Train class counts: [16, 16, 16, 16]
[2026-03-31 18:02:53]     Val class counts:   [4, 4, 4, 4]
[2026-03-31 18:02:53]     Test class counts:  [5, 5, 5, 5]
[2026-03-31 18:02:53] Building model with input window duration: 4.1875 s
[2026-03-31 18:02:53] Pretrained weight loading:
[2026-03-31 18:02:53]   Downloaded keys:        179
[2026-03-31 18:02:53]   Filtered (transformer): 172
[2026-03-31 18:02:53]   Filtered (pos_encoder): 0
[2026-03-31 18:02:53]   Keys to load:           7
[2026-03-31 18:02:53]   Missing keys:           4
[2026-03-31 18:02:53]   Unexpected keys:        0
[2026-03-31 18:02:53]   Missing preview:        ['spatial_conv.1.weight', 'spatial_conv.1.bias', 'final_layer.1.weight', 'final_layer.1.bias']
[2026-03-31 18:02:53]   Unexpected preview:     []
[2026-03-31 18:02:53] Encoder freeze configuration:
[2026-03-31 18:02:53]   Total parameters:        18,192
[2026-03-31 18:02:53]   Trainable parameters:    4,352
[2026-03-31 18:02:53]   Training percentage:     23.9%
[2026-03-31 18:02:53]   Trainable layers: 4
[2026-03-31 18:02:53]     - final_layer.1.bias
[2026-03-31 18:02:53]     - final_layer.1.weight
[2026-03-31 18:02:53]     - spatial_conv.1.bias
[2026-03-31 18:02:53]     - spatial_conv.1.weight
[2026-03-31 18:02:53]     Train generator seeded: True
[2026-03-31 18:02:56]     Stopped epoch:            217
[2026-03-31 18:02:56]     Best epoch (valid_loss):  167
[2026-03-31 18:02:56]     Best valid_loss:          1.2691280841827393
[2026-03-31 18:02:56]     Test accuracy (primary):  0.3000
[2026-03-31 18:02:56]     Test balanced acc:        0.3000
[2026-03-31 18:02:56]     Confusion matrix:         [[0, 2, 2, 1], [0, 0, 1, 4], [0, 1, 4, 0], [2, 1, 0, 2]]
[2026-03-31 18:02:56]     Prediction histogram:     [2, 4, 7, 7]
[2026-03-31 18:02:56]     fold_acc=0.3000 fold_bal_acc=0.3000 cm=[[0, 2, 2, 1], [0, 0, 1, 4], [0, 1, 4, 0], [2, 1, 0, 2]]
[2026-03-31 18:02:56]   Subject 51 Fold 4 seed: 5208
[2026-03-31 18:02:56]   Subject 51 Fold 4: n_train=64 n_val=16 n_test=20
[2026-03-31 18:02:56]     Train class counts: [16, 16, 16, 16]
[2026-03-31 18:02:56]     Val class counts:   [4, 4, 4, 4]
[2026-03-31 18:02:56]     Test class counts:  [5, 5, 5, 5]
[2026-03-31 18:02:56] Building model with input window duration: 4.1875 s
[2026-03-31 18:02:56] Pretrained weight loading:
[2026-03-31 18:02:56]   Downloaded keys:        179
[2026-03-31 18:02:56]   Filtered (transformer): 172
[2026-03-31 18:02:56]   Filtered (pos_encoder): 0
[2026-03-31 18:02:56]   Keys to load:           7
[2026-03-31 18:02:56]   Missing keys:           4
[2026-03-31 18:02:56]   Unexpected keys:        0
[2026-03-31 18:02:56]   Missing preview:        ['spatial_conv.1.weight', 'spatial_conv.1.bias', 'final_layer.1.weight', 'final_layer.1.bias']
[2026-03-31 18:02:56]   Unexpected preview:     []
[2026-03-31 18:02:56] Encoder freeze configuration:
[2026-03-31 18:02:56]   Total parameters:        18,192
[2026-03-31 18:02:56]   Trainable parameters:    4,352
[2026-03-31 18:02:56]   Training percentage:     23.9%
[2026-03-31 18:02:56]   Trainable layers: 4
[2026-03-31 18:02:56]     - final_layer.1.bias
[2026-03-31 18:02:56]     - final_layer.1.weight
[2026-03-31 18:02:56]     - spatial_conv.1.bias
[2026-03-31 18:02:56]     - spatial_conv.1.weight
[2026-03-31 18:02:56]     Train generator seeded: True
[2026-03-31 18:03:00]     Stopped epoch:            299
[2026-03-31 18:03:00]     Best epoch (valid_loss):  249
[2026-03-31 18:03:00]     Best valid_loss:          1.215928554534912
[2026-03-31 18:03:00]     Test accuracy (primary):  0.3000
[2026-03-31 18:03:00]     Test balanced acc:        0.3000
[2026-03-31 18:03:00]     Confusion matrix:         [[1, 1, 2, 1], [1, 3, 1, 0], [2, 1, 1, 1], [1, 1, 2, 1]]
[2026-03-31 18:03:00]     Prediction histogram:     [5, 6, 6, 3]
[2026-03-31 18:03:00]     fold_acc=0.3000 fold_bal_acc=0.3000 cm=[[1, 1, 2, 1], [1, 3, 1, 0], [2, 1, 1, 1], [1, 1, 2, 1]]
[2026-03-31 18:03:00]   Subject 51 Fold 5 seed: 5209
[2026-03-31 18:03:00]   Subject 51 Fold 5: n_train=64 n_val=16 n_test=20
[2026-03-31 18:03:00]     Train class counts: [16, 16, 16, 16]
[2026-03-31 18:03:00]     Val class counts:   [4, 4, 4, 4]
[2026-03-31 18:03:00]     Test class counts:  [5, 5, 5, 5]
[2026-03-31 18:03:00] Building model with input window duration: 4.1875 s
[2026-03-31 18:03:00] Pretrained weight loading:
[2026-03-31 18:03:00]   Downloaded keys:        179
[2026-03-31 18:03:00]   Filtered (transformer): 172
[2026-03-31 18:03:00]   Filtered (pos_encoder): 0
[2026-03-31 18:03:00]   Keys to load:           7
[2026-03-31 18:03:00]   Missing keys:           4
[2026-03-31 18:03:00]   Unexpected keys:        0
[2026-03-31 18:03:00]   Missing preview:        ['spatial_conv.1.weight', 'spatial_conv.1.bias', 'final_layer.1.weight', 'final_layer.1.bias']
[2026-03-31 18:03:00]   Unexpected preview:     []
[2026-03-31 18:03:00] Encoder freeze configuration:
[2026-03-31 18:03:00]   Total parameters:        18,192
[2026-03-31 18:03:00]   Trainable parameters:    4,352
[2026-03-31 18:03:00]   Training percentage:     23.9%
[2026-03-31 18:03:00]   Trainable layers: 4
[2026-03-31 18:03:00]     - final_layer.1.bias
[2026-03-31 18:03:00]     - final_layer.1.weight
[2026-03-31 18:03:00]     - spatial_conv.1.bias
[2026-03-31 18:03:00]     - spatial_conv.1.weight
[2026-03-31 18:03:00]     Train generator seeded: True
[2026-03-31 18:03:03]     Stopped epoch:            230
[2026-03-31 18:03:03]     Best epoch (valid_loss):  180
[2026-03-31 18:03:03]     Best valid_loss:          1.3266221284866333
[2026-03-31 18:03:03]     Test accuracy (primary):  0.2500
[2026-03-31 18:03:03]     Test balanced acc:        0.2500
[2026-03-31 18:03:03]     Confusion matrix:         [[2, 0, 1, 2], [0, 1, 2, 2], [3, 0, 1, 1], [2, 1, 1, 1]]
[2026-03-31 18:03:03]     Prediction histogram:     [7, 2, 5, 6]
[2026-03-31 18:03:03]     fold_acc=0.2500 fold_bal_acc=0.2500 cm=[[2, 0, 1, 2], [0, 1, 2, 2], [3, 0, 1, 1], [2, 1, 1, 1]]
[2026-03-31 18:03:03]   Subject 51 mean accuracy: 0.3000

[2026-03-31 18:03:03] Total folds completed: 5
[2026-03-31 18:03:03] ======================================================================
[2026-03-31 18:03:03] AGGREGATED RESULTS
[2026-03-31 18:03:03] ======================================================================
[2026-03-31 18:03:03]   Subject 51:  acc=0.3000±0.0316  bal_acc=0.3000±0.0316
[2026-03-31 18:03:03] ----------------------------------------------------------------------
[2026-03-31 18:03:03]   OVERALL:      acc=0.3000±0.0316  bal_acc=0.3000±0.0316
[2026-03-31 18:03:03] ======================================================================
[2026-03-31 18:03:03] CV results saved to:      /home/vegorov/Repos/eeg_jepa_research/artifacts/lee-2019-fine-tuning/SSVEP/20260331_1802_faab0d77/cv_results.json
[2026-03-31 18:03:03] Subject metrics saved to: /home/vegorov/Repos/eeg_jepa_research/artifacts/lee-2019-fine-tuning/SSVEP/20260331_1802_faab0d77/subject_metrics.json
[2026-03-31 18:03:03] Global metrics saved to:  /home/vegorov/Repos/eeg_jepa_research/artifacts/lee-2019-fine-tuning/SSVEP/20260331_1802_faab0d77/global_metrics.json
[2026-03-31 18:03:03] Run metadata saved to:    /home/vegorov/Repos/eeg_jepa_research/artifacts/lee-2019-fine-tuning/SSVEP/20260331_1802_faab0d77/run_metadata.json

[2026-03-31 18:03:03] All artifacts in: /home/vegorov/Repos/eeg_jepa_research/artifacts/lee-2019-fine-tuning/SSVEP/20260331_1802_faab0d77

[2026-03-31 18:03:03] ======================================================================
[2026-03-31 18:03:03] EXPERIMENT SUMMARY
[2026-03-31 18:03:03] ======================================================================
[2026-03-31 18:03:03] Run ID:    20260331_1802_faab0d77
[2026-03-31 18:03:03] Artifacts: /home/vegorov/Repos/eeg_jepa_research/artifacts/lee-2019-fine-tuning/SSVEP/20260331_1802_faab0d77

[2026-03-31 18:03:03] Configuration:
[2026-03-31 18:03:03]   Subjects:          [51]
[2026-03-31 18:03:03]   Bandpass:          0.5-40.0 Hz
[2026-03-31 18:03:03]   Resample:          128 Hz
[2026-03-31 18:03:03]   CV folds:          5
[2026-03-31 18:03:03]   Learning rate:     0.001
[2026-03-31 18:03:03]   Batch size:        16
[2026-03-31 18:03:03]   Max epochs:        5000

[2026-03-31 18:03:03] Results:
[2026-03-31 18:03:03]   Mean Accuracy:          0.3000 ± 0.0316
[2026-03-31 18:03:03]   Mean Balanced Accuracy: 0.3000 ± 0.0316
