[2026-04-01 09:58:02] Using device: cpu
[2026-04-01 09:58:02] Seed control enabled: True
[2026-04-01 09:58:02] Base seed: 2016
[2026-04-01 09:58:03] Seed initialized: 2016
[2026-04-01 09:58:03] ======================================================================
[2026-04-01 09:58:03] CONFIGURATION
[2026-04-01 09:58:03] ======================================================================
[2026-04-01 09:58:03]   artifact_dir: /home/vegorov/Repos/eeg_jepa_research/artifacts/lee-2019-fine-tuning
[2026-04-01 09:58:03]   bandpass_high: 40.0
[2026-04-01 09:58:03]   bandpass_low: 0.5
[2026-04-01 09:58:03]   batch_size: 32
[2026-04-01 09:58:03]   convert_to_uV: True
[2026-04-01 09:58:03]   cv_folds: 5
[2026-04-01 09:58:03]   device: auto
[2026-04-01 09:58:03]   early_stopping_patience: 50
[2026-04-01 09:58:03]   learning_rate: 0.0015
[2026-04-01 09:58:03]   n_epochs: 5000
[2026-04-01 09:58:03]   normalization_method: None
[2026-04-01 09:58:03]   normalize: False
[2026-04-01 09:58:03]   paradigm: SSVEP
[2026-04-01 09:58:03]   pretrained_url: https://huggingface.co/braindecode/SignalJEPA/resolve/main/signal-jepa_16s-60_adeuwv4s.pth
[2026-04-01 09:58:03]   seed: 2016
[2026-04-01 09:58:03]   set_seed: True
[2026-04-01 09:58:03]   sfreq: 128
[2026-04-01 09:58:03]   subjects_to_use: [51]
[2026-04-01 09:58:03]   val_split: 0.2
[2026-04-01 09:58:03] ======================================================================
[2026-04-01 09:58:03] Config saved to: /home/vegorov/Repos/eeg_jepa_research/artifacts/lee-2019-fine-tuning/SSVEP/20260401_0958_a2279157/config.json
[2026-04-01 09:58:03] Epoch window configuration:
[2026-04-01 09:58:03]   Target sfreq:                128 Hz
[2026-04-01 09:58:03]   Target duration:             4.190000 s
[2026-04-01 09:58:03]   Window samples (rounded):    536
[2026-04-01 09:58:03]   Base trial samples (4.0 s):  512
[2026-04-01 09:58:03]   Trial stop offset samples:   24
[2026-04-01 09:58:03]   Effective window duration:   4.187500 s
[2026-04-01 09:58:03] Using specified subjects from config: [51]
[2026-04-01 09:58:03] Selected subjects: [51]
[2026-04-01 09:58:03] Expected evaluation folds: 5

[2026-04-01 09:58:03] Building MOABBDataset for Lee2019_SSVEP...
[2026-04-01 09:58:12] MOABBDataset recordings loaded: 1
[2026-04-01 09:58:12] Discovered annotation descriptions (first recording): [np.str_('12.0'), np.str_('5.45'), np.str_('6.67'), np.str_('8.57')]
[2026-04-01 09:58:12] Dataset event_id mapping: {'12.0': 1, '8.57': 2, '6.67': 3, '5.45': 4}
[2026-04-01 09:58:12] Label map (event_code -> class_index): {1: 0, 2: 1, 3: 2, 4: 3}
[2026-04-01 09:58:12] Applying Braindecode preprocessors to MOABBDataset...
[2026-04-01 09:58:15] Preprocessing complete.

[2026-04-01 09:58:15] Post-preprocessing validation
[2026-04-01 09:58:15]   Recordings in DATASET: 1
[2026-04-01 09:58:15]   Unique subject IDs:    ['51']
[2026-04-01 09:58:15]   sfreq (first rec):     128.0 Hz
[2026-04-01 09:58:15]   EEG channel count:     62
[2026-04-01 09:58:15]   First 10 channels:     ['Fp1', 'Fp2', 'F7', 'F3', 'Fz', 'F4', 'F8', 'FC5', 'FC1', 'FC2']
[2026-04-01 09:58:15] Channel consistency summary:
[2026-04-01 09:58:15]   Checked runs: 1
[2026-04-01 09:58:15]   Unique channel counts: [62]
[2026-04-01 09:58:15]   Channel order consistent: True
[2026-04-01 09:58:15] Validated EEG channels: 62
[2026-04-01 09:58:15] First 10 EEG channels: ['Fp1', 'Fp2', 'F7', 'F3', 'Fz', 'F4', 'F8', 'FC5', 'FC1', 'FC2']
[2026-04-01 09:58:15] raw mean_abs=8.654730e+00
[2026-04-01 09:58:15] raw std=3.494582e+01
[2026-04-01 09:58:15] raw first5 channel std= [46.22404553 54.63339771 16.95830183 13.82897057 11.24366025]
[2026-04-01 09:58:15] Requested window samples: 536
[2026-04-01 09:58:15] Base trial samples:       512
[2026-04-01 09:58:15] Stop offset samples:      24
[2026-04-01 09:58:15] Global class counts: [25, 25, 25, 25]
[2026-04-01 09:58:15] Chance level (4-class): 0.25
[2026-04-01 09:58:15] One window shape: (62, 536)
[2026-04-01 09:58:15] One window label: 1
[2026-04-01 09:58:15] Window sample length expected=536, got=536
[2026-04-01 09:58:15] Subjects in window split: [51]
[2026-04-01 09:58:15] Summarizing per-subject windows...
[2026-04-01 09:58:15]   Subject 51: n_windows=100, window_shape=(62, 536), class_counts=[25, 25, 25, 25]
[2026-04-01 09:58:15]    subject_id  n_windows  n_channels  n_times      class_counts
0          51        100          62      536  [25, 25, 25, 25]
[2026-04-01 09:58:15] Window validation summary:
[2026-04-01 09:58:15]   Subject 51: n_windows=100 class_counts=[25, 25, 25, 25]

[2026-04-01 09:58:15] Validated sampling rate target: 128 Hz
[2026-04-01 09:58:15] Validated window sample count:   536
[2026-04-01 09:58:15] Validated window duration:       4.1875 s
[2026-04-01 09:58:15] Validated channel count:         62
[2026-04-01 09:58:15] Total windows retained:          100
[2026-04-01 09:58:15] Preprocessing sanity checks:
[2026-04-01 09:58:15]   One sample label: 1
[2026-04-01 09:58:15]   One sample shape: (62, 536)
[2026-04-01 09:58:15]   Mean(abs(signal)): 4.094026e+00
[2026-04-01 09:58:15]   Mean(signal):      7.346552e-09
[2026-04-01 09:58:15]   Std(signal):       5.860601e+00
[2026-04-01 09:58:15] Building model with input window duration: 4.1875 s
[2026-04-01 09:58:15] SignalJEPA_PreLocal instantiated successfully.
[2026-04-01 09:58:15]   Total parameters:     18,192
[2026-04-01 09:58:15]   Trainable parameters: 18,192
[2026-04-01 09:58:15] ======================================================================================================================================================
Layer (type (var_name):depth-idx)                  Input Shape               Output Shape              Param #                   Kernel Shape
======================================================================================================================================================
SignalJEPA_PreLocal (SignalJEPA_PreLocal)          [1, 62, 536]              [1, 4]                    --                        --
├─Sequential (spatial_conv): 1-1                   [1, 62, 536]              [1, 4, 536]               --                        --
│    └─Rearrange (0): 2-1                          [1, 62, 536]              [1, 1, 62, 536]           --                        --
│    └─Conv2d (1): 2-2                             [1, 1, 62, 536]           [1, 4, 1, 536]            252                       [62, 1]
│    └─Rearrange (2): 2-3                          [1, 4, 1, 536]            [1, 4, 536]               --                        --
├─_ConvFeatureEncoder (feature_encoder): 1-2       [1, 4, 536]               [1, 16, 64]               --                        --
│    └─Rearrange (0): 2-4                          [1, 4, 536]               [4, 1, 536]               --                        --
│    └─Sequential (1): 2-5                         [4, 1, 536]               [4, 8, 64]                --                        --
│    │    └─Conv1d (0): 3-1                        [4, 1, 536]               [4, 8, 64]                256                       [32]
│    │    └─Dropout (1): 3-2                       [4, 8, 64]                [4, 8, 64]                --                        --
│    │    └─GroupNorm (2): 3-3                     [4, 8, 64]                [4, 8, 64]                16                        --
│    │    └─GELU (3): 3-4                          [4, 8, 64]                [4, 8, 64]                --                        --
│    └─Sequential (2): 2-6                         [4, 8, 64]                [4, 16, 32]               --                        --
│    │    └─Conv1d (0): 3-5                        [4, 8, 64]                [4, 16, 32]               256                       [2]
│    │    └─Dropout (1): 3-6                       [4, 16, 32]               [4, 16, 32]               --                        --
│    │    └─GELU (2): 3-7                          [4, 16, 32]               [4, 16, 32]               --                        --
│    └─Sequential (3): 2-7                         [4, 16, 32]               [4, 32, 16]               --                        --
│    │    └─Conv1d (0): 3-8                        [4, 16, 32]               [4, 32, 16]               1,024                     [2]
│    │    └─Dropout (1): 3-9                       [4, 32, 16]               [4, 32, 16]               --                        --
│    │    └─GELU (2): 3-10                         [4, 32, 16]               [4, 32, 16]               --                        --
│    └─Sequential (4): 2-8                         [4, 32, 16]               [4, 64, 8]                --                        --
│    │    └─Conv1d (0): 3-11                       [4, 32, 16]               [4, 64, 8]                4,096                     [2]
│    │    └─Dropout (1): 3-12                      [4, 64, 8]                [4, 64, 8]                --                        --
│    │    └─GELU (2): 3-13                         [4, 64, 8]                [4, 64, 8]                --                        --
│    └─Sequential (5): 2-9                         [4, 64, 8]                [4, 64, 4]                --                        --
│    │    └─Conv1d (0): 3-14                       [4, 64, 8]                [4, 64, 4]                8,192                     [2]
│    │    └─Dropout (1): 3-15                      [4, 64, 4]                [4, 64, 4]                --                        --
│    │    └─GELU (2): 3-16                         [4, 64, 4]                [4, 64, 4]                --                        --
│    └─Rearrange (6): 2-10                         [4, 64, 4]                [1, 16, 64]               --                        --
├─Sequential (final_layer): 1-3                    [1, 16, 64]               [1, 4]                    --                        --
│    └─Flatten (0): 2-11                           [1, 16, 64]               [1, 1024]                 --                        --
│    └─Linear (1): 2-12                            [1, 1024]                 [1, 4]                    4,100                     --
======================================================================================================================================================
Total params: 18,192
Trainable params: 18,192
Non-trainable params: 0
Total mult-adds (Units.MEGABYTES): 0.57
======================================================================================================================================================
Input size (MB): 0.13
Forward/backward pass size (MB): 0.11
Params size (MB): 0.07
Estimated Total Size (MB): 0.31
======================================================================================================================================================
[2026-04-01 09:58:15] Initializing from 16s-60 pretrained checkpoint (Hugging Face):
[2026-04-01 09:58:15]   https://huggingface.co/braindecode/SignalJEPA/resolve/main/signal-jepa_16s-60_adeuwv4s.pth
[2026-04-01 09:58:15]   Downloaded 179 keys
[2026-04-01 09:58:15] ======================================================================
[2026-04-01 09:58:15] STARTING CROSS-VALIDATION
[2026-04-01 09:58:15] ======================================================================
[2026-04-01 09:58:15] Subjects:      [51]
[2026-04-01 09:58:15] CV folds:      5
[2026-04-01 09:58:15] Batch size:    32
[2026-04-01 09:58:15] Max epochs:    5000
[2026-04-01 09:58:15] Device:        cpu
[2026-04-01 09:58:15] Seed control:  True
[2026-04-01 09:58:15] Base seed:     2016
[2026-04-01 09:58:15] ======================================================================

[2026-04-01 09:58:15] Subject 51: 100 windows class_counts=[25, 25, 25, 25]
[2026-04-01 09:58:15]   Fold 1 split seed: 2017
[2026-04-01 09:58:15]   Fold 1 split class counts:
[2026-04-01 09:58:15]     train=[16, 16, 16, 16] val=[4, 4, 4, 4] test=[5, 5, 5, 5]
[2026-04-01 09:58:15]   Fold 2 split seed: 2018
[2026-04-01 09:58:15]   Fold 2 split class counts:
[2026-04-01 09:58:15]     train=[16, 16, 16, 16] val=[4, 4, 4, 4] test=[5, 5, 5, 5]
[2026-04-01 09:58:15]   Fold 3 split seed: 2019
[2026-04-01 09:58:15]   Fold 3 split class counts:
[2026-04-01 09:58:15]     train=[16, 16, 16, 16] val=[4, 4, 4, 4] test=[5, 5, 5, 5]
[2026-04-01 09:58:15]   Fold 4 split seed: 2020
[2026-04-01 09:58:15]   Fold 4 split class counts:
[2026-04-01 09:58:15]     train=[16, 16, 16, 16] val=[4, 4, 4, 4] test=[5, 5, 5, 5]
[2026-04-01 09:58:15]   Fold 5 split seed: 2021
[2026-04-01 09:58:15]   Fold 5 split class counts:
[2026-04-01 09:58:15]     train=[16, 16, 16, 16] val=[4, 4, 4, 4] test=[5, 5, 5, 5]
[2026-04-01 09:58:15]   Subject 51 Fold 1 seed: 7117
[2026-04-01 09:58:15]   Subject 51 Fold 1: n_train=64 n_val=16 n_test=20
[2026-04-01 09:58:15]     Train class counts: [16, 16, 16, 16]
[2026-04-01 09:58:15]     Val class counts:   [4, 4, 4, 4]
[2026-04-01 09:58:15]     Test class counts:  [5, 5, 5, 5]
[2026-04-01 09:58:15] Building model with input window duration: 4.1875 s
[2026-04-01 09:58:15] Pretrained weight loading:
[2026-04-01 09:58:15]   Downloaded keys:        179
[2026-04-01 09:58:15]   Filtered (transformer): 172
[2026-04-01 09:58:15]   Filtered (pos_encoder): 0
[2026-04-01 09:58:15]   Keys to load:           7
[2026-04-01 09:58:15]   Missing keys:           4
[2026-04-01 09:58:15]   Unexpected keys:        0
[2026-04-01 09:58:15]   Missing preview:        ['spatial_conv.1.weight', 'spatial_conv.1.bias', 'final_layer.1.weight', 'final_layer.1.bias']
[2026-04-01 09:58:15]   Unexpected preview:     []
[2026-04-01 09:58:15] Encoder freeze configuration:
[2026-04-01 09:58:15]   Total parameters:        18,192
[2026-04-01 09:58:15]   Trainable parameters:    4,352
[2026-04-01 09:58:15]   Training percentage:     23.9%
[2026-04-01 09:58:15]   Trainable layers: 4
[2026-04-01 09:58:15]     - final_layer.1.bias
[2026-04-01 09:58:15]     - final_layer.1.weight
[2026-04-01 09:58:15]     - spatial_conv.1.bias
[2026-04-01 09:58:15]     - spatial_conv.1.weight
[2026-04-01 09:58:15]     Train generator seeded: True
[2026-04-01 09:58:15]     Stopped epoch:            58
[2026-04-01 09:58:15]     Best epoch (valid_loss):  8
[2026-04-01 09:58:15]     Best valid_loss:          1.3861736059188843
[2026-04-01 09:58:15]     Test accuracy (primary):  0.3000
[2026-04-01 09:58:15]     Test balanced acc:        0.3000
[2026-04-01 09:58:15]     Confusion matrix:         [[3, 0, 2, 0], [3, 1, 0, 1], [1, 2, 2, 0], [4, 1, 0, 0]]
[2026-04-01 09:58:15]     Prediction histogram:     [11, 4, 4, 1]
[2026-04-01 09:58:15]     fold_acc=0.3000 fold_bal_acc=0.3000 cm=[[3, 0, 2, 0], [3, 1, 0, 1], [1, 2, 2, 0], [4, 1, 0, 0]]
[2026-04-01 09:58:15]   Subject 51 Fold 2 seed: 7118
[2026-04-01 09:58:15]   Subject 51 Fold 2: n_train=64 n_val=16 n_test=20
[2026-04-01 09:58:15]     Train class counts: [16, 16, 16, 16]
[2026-04-01 09:58:15]     Val class counts:   [4, 4, 4, 4]
[2026-04-01 09:58:15]     Test class counts:  [5, 5, 5, 5]
[2026-04-01 09:58:15] Building model with input window duration: 4.1875 s
[2026-04-01 09:58:15] Pretrained weight loading:
[2026-04-01 09:58:15]   Downloaded keys:        179
[2026-04-01 09:58:15]   Filtered (transformer): 172
[2026-04-01 09:58:15]   Filtered (pos_encoder): 0
[2026-04-01 09:58:15]   Keys to load:           7
[2026-04-01 09:58:15]   Missing keys:           4
[2026-04-01 09:58:15]   Unexpected keys:        0
[2026-04-01 09:58:15]   Missing preview:        ['spatial_conv.1.weight', 'spatial_conv.1.bias', 'final_layer.1.weight', 'final_layer.1.bias']
[2026-04-01 09:58:15]   Unexpected preview:     []
[2026-04-01 09:58:15] Encoder freeze configuration:
[2026-04-01 09:58:15]   Total parameters:        18,192
[2026-04-01 09:58:15]   Trainable parameters:    4,352
[2026-04-01 09:58:15]   Training percentage:     23.9%
[2026-04-01 09:58:15]   Trainable layers: 4
[2026-04-01 09:58:15]     - final_layer.1.bias
[2026-04-01 09:58:15]     - final_layer.1.weight
[2026-04-01 09:58:15]     - spatial_conv.1.bias
[2026-04-01 09:58:15]     - spatial_conv.1.weight
[2026-04-01 09:58:15]     Train generator seeded: True
[2026-04-01 09:58:17]     Stopped epoch:            205
[2026-04-01 09:58:17]     Best epoch (valid_loss):  155
[2026-04-01 09:58:17]     Best valid_loss:          1.2901365756988525
[2026-04-01 09:58:17]     Test accuracy (primary):  0.3000
[2026-04-01 09:58:17]     Test balanced acc:        0.3000
[2026-04-01 09:58:17]     Confusion matrix:         [[1, 2, 1, 1], [0, 2, 1, 2], [1, 1, 2, 1], [2, 1, 1, 1]]
[2026-04-01 09:58:17]     Prediction histogram:     [4, 6, 5, 5]
[2026-04-01 09:58:17]     fold_acc=0.3000 fold_bal_acc=0.3000 cm=[[1, 2, 1, 1], [0, 2, 1, 2], [1, 1, 2, 1], [2, 1, 1, 1]]
[2026-04-01 09:58:17]   Subject 51 Fold 3 seed: 7119
[2026-04-01 09:58:17]   Subject 51 Fold 3: n_train=64 n_val=16 n_test=20
[2026-04-01 09:58:17]     Train class counts: [16, 16, 16, 16]
[2026-04-01 09:58:17]     Val class counts:   [4, 4, 4, 4]
[2026-04-01 09:58:17]     Test class counts:  [5, 5, 5, 5]
[2026-04-01 09:58:17] Building model with input window duration: 4.1875 s
[2026-04-01 09:58:17] Pretrained weight loading:
[2026-04-01 09:58:17]   Downloaded keys:        179
[2026-04-01 09:58:17]   Filtered (transformer): 172
[2026-04-01 09:58:17]   Filtered (pos_encoder): 0
[2026-04-01 09:58:17]   Keys to load:           7
[2026-04-01 09:58:17]   Missing keys:           4
[2026-04-01 09:58:17]   Unexpected keys:        0
[2026-04-01 09:58:17]   Missing preview:        ['spatial_conv.1.weight', 'spatial_conv.1.bias', 'final_layer.1.weight', 'final_layer.1.bias']
[2026-04-01 09:58:17]   Unexpected preview:     []
[2026-04-01 09:58:17] Encoder freeze configuration:
[2026-04-01 09:58:17]   Total parameters:        18,192
[2026-04-01 09:58:17]   Trainable parameters:    4,352
[2026-04-01 09:58:17]   Training percentage:     23.9%
[2026-04-01 09:58:17]   Trainable layers: 4
[2026-04-01 09:58:17]     - final_layer.1.bias
[2026-04-01 09:58:17]     - final_layer.1.weight
[2026-04-01 09:58:17]     - spatial_conv.1.bias
[2026-04-01 09:58:17]     - spatial_conv.1.weight
[2026-04-01 09:58:17]     Train generator seeded: True
[2026-04-01 09:58:18]     Stopped epoch:            115
[2026-04-01 09:58:18]     Best epoch (valid_loss):  65
[2026-04-01 09:58:18]     Best valid_loss:          1.3397787809371948
[2026-04-01 09:58:18]     Test accuracy (primary):  0.2500
[2026-04-01 09:58:18]     Test balanced acc:        0.2500
[2026-04-01 09:58:18]     Confusion matrix:         [[2, 1, 2, 0], [4, 0, 1, 0], [1, 3, 1, 0], [0, 2, 1, 2]]
[2026-04-01 09:58:18]     Prediction histogram:     [7, 6, 5, 2]
[2026-04-01 09:58:18]     fold_acc=0.2500 fold_bal_acc=0.2500 cm=[[2, 1, 2, 0], [4, 0, 1, 0], [1, 3, 1, 0], [0, 2, 1, 2]]
[2026-04-01 09:58:18]   Subject 51 Fold 4 seed: 7120
[2026-04-01 09:58:18]   Subject 51 Fold 4: n_train=64 n_val=16 n_test=20
[2026-04-01 09:58:18]     Train class counts: [16, 16, 16, 16]
[2026-04-01 09:58:18]     Val class counts:   [4, 4, 4, 4]
[2026-04-01 09:58:18]     Test class counts:  [5, 5, 5, 5]
[2026-04-01 09:58:18] Building model with input window duration: 4.1875 s
[2026-04-01 09:58:18] Pretrained weight loading:
[2026-04-01 09:58:18]   Downloaded keys:        179
[2026-04-01 09:58:18]   Filtered (transformer): 172
[2026-04-01 09:58:18]   Filtered (pos_encoder): 0
[2026-04-01 09:58:18]   Keys to load:           7
[2026-04-01 09:58:18]   Missing keys:           4
[2026-04-01 09:58:18]   Unexpected keys:        0
[2026-04-01 09:58:18]   Missing preview:        ['spatial_conv.1.weight', 'spatial_conv.1.bias', 'final_layer.1.weight', 'final_layer.1.bias']
[2026-04-01 09:58:18]   Unexpected preview:     []
[2026-04-01 09:58:18] Encoder freeze configuration:
[2026-04-01 09:58:18]   Total parameters:        18,192
[2026-04-01 09:58:18]   Trainable parameters:    4,352
[2026-04-01 09:58:18]   Training percentage:     23.9%
[2026-04-01 09:58:18]   Trainable layers: 4
[2026-04-01 09:58:18]     - final_layer.1.bias
[2026-04-01 09:58:18]     - final_layer.1.weight
[2026-04-01 09:58:18]     - spatial_conv.1.bias
[2026-04-01 09:58:18]     - spatial_conv.1.weight
[2026-04-01 09:58:18]     Train generator seeded: True
[2026-04-01 09:58:21]     Stopped epoch:            248
[2026-04-01 09:58:21]     Best epoch (valid_loss):  198
[2026-04-01 09:58:21]     Best valid_loss:          1.210413932800293
[2026-04-01 09:58:21]     Test accuracy (primary):  0.2000
[2026-04-01 09:58:21]     Test balanced acc:        0.2000
[2026-04-01 09:58:21]     Confusion matrix:         [[0, 1, 1, 3], [0, 2, 1, 2], [1, 3, 1, 0], [0, 0, 4, 1]]
[2026-04-01 09:58:21]     Prediction histogram:     [1, 6, 7, 6]
[2026-04-01 09:58:21]     fold_acc=0.2000 fold_bal_acc=0.2000 cm=[[0, 1, 1, 3], [0, 2, 1, 2], [1, 3, 1, 0], [0, 0, 4, 1]]
[2026-04-01 09:58:21]   Subject 51 Fold 5 seed: 7121
[2026-04-01 09:58:21]   Subject 51 Fold 5: n_train=64 n_val=16 n_test=20
[2026-04-01 09:58:21]     Train class counts: [16, 16, 16, 16]
[2026-04-01 09:58:21]     Val class counts:   [4, 4, 4, 4]
[2026-04-01 09:58:21]     Test class counts:  [5, 5, 5, 5]
[2026-04-01 09:58:21] Building model with input window duration: 4.1875 s
[2026-04-01 09:58:21] Pretrained weight loading:
[2026-04-01 09:58:21]   Downloaded keys:        179
[2026-04-01 09:58:21]   Filtered (transformer): 172
[2026-04-01 09:58:21]   Filtered (pos_encoder): 0
[2026-04-01 09:58:21]   Keys to load:           7
[2026-04-01 09:58:21]   Missing keys:           4
[2026-04-01 09:58:21]   Unexpected keys:        0
[2026-04-01 09:58:21]   Missing preview:        ['spatial_conv.1.weight', 'spatial_conv.1.bias', 'final_layer.1.weight', 'final_layer.1.bias']
[2026-04-01 09:58:21]   Unexpected preview:     []
[2026-04-01 09:58:21] Encoder freeze configuration:
[2026-04-01 09:58:21]   Total parameters:        18,192
[2026-04-01 09:58:21]   Trainable parameters:    4,352
[2026-04-01 09:58:21]   Training percentage:     23.9%
[2026-04-01 09:58:21]   Trainable layers: 4
[2026-04-01 09:58:21]     - final_layer.1.bias
[2026-04-01 09:58:21]     - final_layer.1.weight
[2026-04-01 09:58:21]     - spatial_conv.1.bias
[2026-04-01 09:58:21]     - spatial_conv.1.weight
[2026-04-01 09:58:21]     Train generator seeded: True
[2026-04-01 09:58:21]     Stopped epoch:            91
[2026-04-01 09:58:21]     Best epoch (valid_loss):  47
[2026-04-01 09:58:21]     Best valid_loss:          1.371315360069275
[2026-04-01 09:58:21]     Test accuracy (primary):  0.3500
[2026-04-01 09:58:21]     Test balanced acc:        0.3500
[2026-04-01 09:58:21]     Confusion matrix:         [[3, 0, 0, 2], [1, 2, 1, 1], [4, 0, 0, 1], [1, 0, 2, 2]]
[2026-04-01 09:58:21]     Prediction histogram:     [9, 2, 3, 6]
[2026-04-01 09:58:21]     fold_acc=0.3500 fold_bal_acc=0.3500 cm=[[3, 0, 0, 2], [1, 2, 1, 1], [4, 0, 0, 1], [1, 0, 2, 2]]
[2026-04-01 09:58:21]   Subject 51 mean accuracy: 0.2800

[2026-04-01 09:58:21] Total folds completed: 5
[2026-04-01 09:58:21] ======================================================================
[2026-04-01 09:58:21] AGGREGATED RESULTS
[2026-04-01 09:58:21] ======================================================================
[2026-04-01 09:58:21]   Subject 51:  acc=0.2800±0.0510  bal_acc=0.2800±0.0510
[2026-04-01 09:58:21] ----------------------------------------------------------------------
[2026-04-01 09:58:21]   OVERALL:      acc=0.2800±0.0510  bal_acc=0.2800±0.0510
[2026-04-01 09:58:21] ======================================================================
[2026-04-01 09:58:22] CV results saved to:      /home/vegorov/Repos/eeg_jepa_research/artifacts/lee-2019-fine-tuning/SSVEP/20260401_0958_a2279157/cv_results.json
[2026-04-01 09:58:22] Subject metrics saved to: /home/vegorov/Repos/eeg_jepa_research/artifacts/lee-2019-fine-tuning/SSVEP/20260401_0958_a2279157/subject_metrics.json
[2026-04-01 09:58:22] Global metrics saved to:  /home/vegorov/Repos/eeg_jepa_research/artifacts/lee-2019-fine-tuning/SSVEP/20260401_0958_a2279157/global_metrics.json
[2026-04-01 09:58:22] Run metadata saved to:    /home/vegorov/Repos/eeg_jepa_research/artifacts/lee-2019-fine-tuning/SSVEP/20260401_0958_a2279157/run_metadata.json

[2026-04-01 09:58:22] All artifacts in: /home/vegorov/Repos/eeg_jepa_research/artifacts/lee-2019-fine-tuning/SSVEP/20260401_0958_a2279157

[2026-04-01 09:58:22] ======================================================================
[2026-04-01 09:58:22] EXPERIMENT SUMMARY
[2026-04-01 09:58:22] ======================================================================
[2026-04-01 09:58:22] Run ID:    20260401_0958_a2279157
[2026-04-01 09:58:22] Artifacts: /home/vegorov/Repos/eeg_jepa_research/artifacts/lee-2019-fine-tuning/SSVEP/20260401_0958_a2279157

[2026-04-01 09:58:22] Configuration:
[2026-04-01 09:58:22]   Subjects:          [51]
[2026-04-01 09:58:22]   Bandpass:          0.5-40.0 Hz
[2026-04-01 09:58:22]   Resample:          128 Hz
[2026-04-01 09:58:22]   CV folds:          5
[2026-04-01 09:58:22]   Learning rate:     0.0015
[2026-04-01 09:58:22]   Batch size:        32
[2026-04-01 09:58:22]   Max epochs:        5000

[2026-04-01 09:58:22] Results:
[2026-04-01 09:58:22]   Mean Accuracy:          0.2800 ± 0.0510
[2026-04-01 09:58:22]   Mean Balanced Accuracy: 0.2800 ± 0.0510
