[2026-04-01 10:09:02] Using device: cpu
[2026-04-01 10:09:03] Seed control enabled: True
[2026-04-01 10:09:03] Base seed: 3018
[2026-04-01 10:09:03] Seed initialized: 3018
[2026-04-01 10:09:03] ======================================================================
[2026-04-01 10:09:03] CONFIGURATION
[2026-04-01 10:09:03] ======================================================================
[2026-04-01 10:09:03]   artifact_dir: /home/vegorov/Repos/eeg_jepa_research/artifacts/lee-2019-fine-tuning
[2026-04-01 10:09:03]   bandpass_high: 40.0
[2026-04-01 10:09:03]   bandpass_low: 0.5
[2026-04-01 10:09:03]   batch_size: 24
[2026-04-01 10:09:03]   convert_to_uV: True
[2026-04-01 10:09:03]   cv_folds: 5
[2026-04-01 10:09:03]   device: auto
[2026-04-01 10:09:03]   early_stopping_patience: 50
[2026-04-01 10:09:03]   learning_rate: 0.001
[2026-04-01 10:09:03]   n_epochs: 5000
[2026-04-01 10:09:03]   normalization_method: zscore
[2026-04-01 10:09:03]   normalize: True
[2026-04-01 10:09:03]   paradigm: SSVEP
[2026-04-01 10:09:03]   pretrained_url: https://huggingface.co/braindecode/SignalJEPA/resolve/main/signal-jepa_16s-60_adeuwv4s.pth
[2026-04-01 10:09:03]   seed: 3018
[2026-04-01 10:09:03]   set_seed: True
[2026-04-01 10:09:03]   sfreq: 128
[2026-04-01 10:09:03]   subjects_to_use: [51]
[2026-04-01 10:09:03]   val_split: 0.2
[2026-04-01 10:09:03] ======================================================================
[2026-04-01 10:09:03] Config saved to: /home/vegorov/Repos/eeg_jepa_research/artifacts/lee-2019-fine-tuning/SSVEP/20260401_1009_8c118469/config.json
[2026-04-01 10:09:03] Epoch window configuration:
[2026-04-01 10:09:03]   Target sfreq:                128 Hz
[2026-04-01 10:09:03]   Target duration:             4.190000 s
[2026-04-01 10:09:03]   Window samples (rounded):    536
[2026-04-01 10:09:03]   Base trial samples (4.0 s):  512
[2026-04-01 10:09:03]   Trial stop offset samples:   24
[2026-04-01 10:09:03]   Effective window duration:   4.187500 s
[2026-04-01 10:09:03] Using specified subjects from config: [51]
[2026-04-01 10:09:03] Selected subjects: [51]
[2026-04-01 10:09:03] Expected evaluation folds: 5

[2026-04-01 10:09:03] Building MOABBDataset for Lee2019_SSVEP...
[2026-04-01 10:09:12] MOABBDataset recordings loaded: 1
[2026-04-01 10:09:12] Discovered annotation descriptions (first recording): [np.str_('12.0'), np.str_('5.45'), np.str_('6.67'), np.str_('8.57')]
[2026-04-01 10:09:12] Dataset event_id mapping: {'12.0': 1, '8.57': 2, '6.67': 3, '5.45': 4}
[2026-04-01 10:09:12] Label map (event_code -> class_index): {1: 0, 2: 1, 3: 2, 4: 3}
[2026-04-01 10:09:12] Applying Braindecode preprocessors to MOABBDataset...
[2026-04-01 10:09:15] Preprocessing complete.

[2026-04-01 10:09:15] Post-preprocessing validation
[2026-04-01 10:09:15]   Recordings in DATASET: 1
[2026-04-01 10:09:15]   Unique subject IDs:    ['51']
[2026-04-01 10:09:15]   sfreq (first rec):     128.0 Hz
[2026-04-01 10:09:15]   EEG channel count:     62
[2026-04-01 10:09:15]   First 10 channels:     ['Fp1', 'Fp2', 'F7', 'F3', 'Fz', 'F4', 'F8', 'FC5', 'FC1', 'FC2']
[2026-04-01 10:09:15] Channel consistency summary:
[2026-04-01 10:09:15]   Checked runs: 1
[2026-04-01 10:09:15]   Unique channel counts: [62]
[2026-04-01 10:09:15]   Channel order consistent: True
[2026-04-01 10:09:15] Validated EEG channels: 62
[2026-04-01 10:09:15] First 10 EEG channels: ['Fp1', 'Fp2', 'F7', 'F3', 'Fz', 'F4', 'F8', 'FC5', 'FC1', 'FC2']
[2026-04-01 10:09:15] raw mean_abs=6.332631e-01
[2026-04-01 10:09:15] raw std=1.000000e+00
[2026-04-01 10:09:15] raw first5 channel std= [1. 1. 1. 1. 1.]
[2026-04-01 10:09:15] Requested window samples: 536
[2026-04-01 10:09:15] Base trial samples:       512
[2026-04-01 10:09:15] Stop offset samples:      24
[2026-04-01 10:09:15] Global class counts: [25, 25, 25, 25]
[2026-04-01 10:09:15] Chance level (4-class): 0.25
[2026-04-01 10:09:15] One window shape: (62, 536)
[2026-04-01 10:09:15] One window label: 1
[2026-04-01 10:09:15] Window sample length expected=536, got=536
[2026-04-01 10:09:15] Subjects in window split: [51]
[2026-04-01 10:09:15] Summarizing per-subject windows...
[2026-04-01 10:09:15]   Subject 51: n_windows=100, window_shape=(62, 536), class_counts=[25, 25, 25, 25]
[2026-04-01 10:09:15]    subject_id  n_windows  n_channels  n_times      class_counts
0          51        100          62      536  [25, 25, 25, 25]
[2026-04-01 10:09:15] Window validation summary:
[2026-04-01 10:09:15]   Subject 51: n_windows=100 class_counts=[25, 25, 25, 25]

[2026-04-01 10:09:15] Validated sampling rate target: 128 Hz
[2026-04-01 10:09:15] Validated window sample count:   536
[2026-04-01 10:09:15] Validated window duration:       4.1875 s
[2026-04-01 10:09:15] Validated channel count:         62
[2026-04-01 10:09:15] Total windows retained:          100
[2026-04-01 10:09:15] Preprocessing sanity checks:
[2026-04-01 10:09:15]   One sample label: 1
[2026-04-01 10:09:15]   One sample shape: (62, 536)
[2026-04-01 10:09:15]   Mean(abs(signal)): 3.408678e-01
[2026-04-01 10:09:15]   Mean(signal):      -3.805435e-03
[2026-04-01 10:09:15]   Std(signal):       4.501492e-01
[2026-04-01 10:09:15] Building model with input window duration: 4.1875 s
[2026-04-01 10:09:15] SignalJEPA_PreLocal instantiated successfully.
[2026-04-01 10:09:15]   Total parameters:     18,192
[2026-04-01 10:09:15]   Trainable parameters: 18,192
[2026-04-01 10:09:15] ======================================================================================================================================================
Layer (type (var_name):depth-idx)                  Input Shape               Output Shape              Param #                   Kernel Shape
======================================================================================================================================================
SignalJEPA_PreLocal (SignalJEPA_PreLocal)          [1, 62, 536]              [1, 4]                    --                        --
├─Sequential (spatial_conv): 1-1                   [1, 62, 536]              [1, 4, 536]               --                        --
│    └─Rearrange (0): 2-1                          [1, 62, 536]              [1, 1, 62, 536]           --                        --
│    └─Conv2d (1): 2-2                             [1, 1, 62, 536]           [1, 4, 1, 536]            252                       [62, 1]
│    └─Rearrange (2): 2-3                          [1, 4, 1, 536]            [1, 4, 536]               --                        --
├─_ConvFeatureEncoder (feature_encoder): 1-2       [1, 4, 536]               [1, 16, 64]               --                        --
│    └─Rearrange (0): 2-4                          [1, 4, 536]               [4, 1, 536]               --                        --
│    └─Sequential (1): 2-5                         [4, 1, 536]               [4, 8, 64]                --                        --
│    │    └─Conv1d (0): 3-1                        [4, 1, 536]               [4, 8, 64]                256                       [32]
│    │    └─Dropout (1): 3-2                       [4, 8, 64]                [4, 8, 64]                --                        --
│    │    └─GroupNorm (2): 3-3                     [4, 8, 64]                [4, 8, 64]                16                        --
│    │    └─GELU (3): 3-4                          [4, 8, 64]                [4, 8, 64]                --                        --
│    └─Sequential (2): 2-6                         [4, 8, 64]                [4, 16, 32]               --                        --
│    │    └─Conv1d (0): 3-5                        [4, 8, 64]                [4, 16, 32]               256                       [2]
│    │    └─Dropout (1): 3-6                       [4, 16, 32]               [4, 16, 32]               --                        --
│    │    └─GELU (2): 3-7                          [4, 16, 32]               [4, 16, 32]               --                        --
│    └─Sequential (3): 2-7                         [4, 16, 32]               [4, 32, 16]               --                        --
│    │    └─Conv1d (0): 3-8                        [4, 16, 32]               [4, 32, 16]               1,024                     [2]
│    │    └─Dropout (1): 3-9                       [4, 32, 16]               [4, 32, 16]               --                        --
│    │    └─GELU (2): 3-10                         [4, 32, 16]               [4, 32, 16]               --                        --
│    └─Sequential (4): 2-8                         [4, 32, 16]               [4, 64, 8]                --                        --
│    │    └─Conv1d (0): 3-11                       [4, 32, 16]               [4, 64, 8]                4,096                     [2]
│    │    └─Dropout (1): 3-12                      [4, 64, 8]                [4, 64, 8]                --                        --
│    │    └─GELU (2): 3-13                         [4, 64, 8]                [4, 64, 8]                --                        --
│    └─Sequential (5): 2-9                         [4, 64, 8]                [4, 64, 4]                --                        --
│    │    └─Conv1d (0): 3-14                       [4, 64, 8]                [4, 64, 4]                8,192                     [2]
│    │    └─Dropout (1): 3-15                      [4, 64, 4]                [4, 64, 4]                --                        --
│    │    └─GELU (2): 3-16                         [4, 64, 4]                [4, 64, 4]                --                        --
│    └─Rearrange (6): 2-10                         [4, 64, 4]                [1, 16, 64]               --                        --
├─Sequential (final_layer): 1-3                    [1, 16, 64]               [1, 4]                    --                        --
│    └─Flatten (0): 2-11                           [1, 16, 64]               [1, 1024]                 --                        --
│    └─Linear (1): 2-12                            [1, 1024]                 [1, 4]                    4,100                     --
======================================================================================================================================================
Total params: 18,192
Trainable params: 18,192
Non-trainable params: 0
Total mult-adds (Units.MEGABYTES): 0.57
======================================================================================================================================================
Input size (MB): 0.13
Forward/backward pass size (MB): 0.11
Params size (MB): 0.07
Estimated Total Size (MB): 0.31
======================================================================================================================================================
[2026-04-01 10:09:15] Initializing from 16s-60 pretrained checkpoint (Hugging Face):
[2026-04-01 10:09:15]   https://huggingface.co/braindecode/SignalJEPA/resolve/main/signal-jepa_16s-60_adeuwv4s.pth
[2026-04-01 10:09:15]   Downloaded 179 keys
[2026-04-01 10:09:15] ======================================================================
[2026-04-01 10:09:15] STARTING CROSS-VALIDATION
[2026-04-01 10:09:15] ======================================================================
[2026-04-01 10:09:15] Subjects:      [51]
[2026-04-01 10:09:15] CV folds:      5
[2026-04-01 10:09:15] Batch size:    24
[2026-04-01 10:09:15] Max epochs:    5000
[2026-04-01 10:09:15] Device:        cpu
[2026-04-01 10:09:15] Seed control:  True
[2026-04-01 10:09:15] Base seed:     3018
[2026-04-01 10:09:15] ======================================================================

[2026-04-01 10:09:15] Subject 51: 100 windows class_counts=[25, 25, 25, 25]
[2026-04-01 10:09:15]   Fold 1 split seed: 3019
[2026-04-01 10:09:15]   Fold 1 split class counts:
[2026-04-01 10:09:15]     train=[16, 16, 16, 16] val=[4, 4, 4, 4] test=[5, 5, 5, 5]
[2026-04-01 10:09:15]   Fold 2 split seed: 3020
[2026-04-01 10:09:15]   Fold 2 split class counts:
[2026-04-01 10:09:15]     train=[16, 16, 16, 16] val=[4, 4, 4, 4] test=[5, 5, 5, 5]
[2026-04-01 10:09:15]   Fold 3 split seed: 3021
[2026-04-01 10:09:15]   Fold 3 split class counts:
[2026-04-01 10:09:15]     train=[16, 16, 16, 16] val=[4, 4, 4, 4] test=[5, 5, 5, 5]
[2026-04-01 10:09:15]   Fold 4 split seed: 3022
[2026-04-01 10:09:15]   Fold 4 split class counts:
[2026-04-01 10:09:15]     train=[16, 16, 16, 16] val=[4, 4, 4, 4] test=[5, 5, 5, 5]
[2026-04-01 10:09:15]   Fold 5 split seed: 3023
[2026-04-01 10:09:15]   Fold 5 split class counts:
[2026-04-01 10:09:15]     train=[16, 16, 16, 16] val=[4, 4, 4, 4] test=[5, 5, 5, 5]
[2026-04-01 10:09:15]   Subject 51 Fold 1 seed: 8119
[2026-04-01 10:09:15]   Subject 51 Fold 1: n_train=64 n_val=16 n_test=20
[2026-04-01 10:09:15]     Train class counts: [16, 16, 16, 16]
[2026-04-01 10:09:15]     Val class counts:   [4, 4, 4, 4]
[2026-04-01 10:09:15]     Test class counts:  [5, 5, 5, 5]
[2026-04-01 10:09:15] Building model with input window duration: 4.1875 s
[2026-04-01 10:09:15] Pretrained weight loading:
[2026-04-01 10:09:15]   Downloaded keys:        179
[2026-04-01 10:09:15]   Filtered (transformer): 172
[2026-04-01 10:09:15]   Filtered (pos_encoder): 0
[2026-04-01 10:09:15]   Keys to load:           7
[2026-04-01 10:09:15]   Missing keys:           4
[2026-04-01 10:09:15]   Unexpected keys:        0
[2026-04-01 10:09:15]   Missing preview:        ['spatial_conv.1.weight', 'spatial_conv.1.bias', 'final_layer.1.weight', 'final_layer.1.bias']
[2026-04-01 10:09:15]   Unexpected preview:     []
[2026-04-01 10:09:15] Encoder freeze configuration:
[2026-04-01 10:09:15]   Total parameters:        18,192
[2026-04-01 10:09:15]   Trainable parameters:    4,352
[2026-04-01 10:09:15]   Training percentage:     23.9%
[2026-04-01 10:09:15]   Trainable layers: 4
[2026-04-01 10:09:15]     - final_layer.1.bias
[2026-04-01 10:09:15]     - final_layer.1.weight
[2026-04-01 10:09:15]     - spatial_conv.1.bias
[2026-04-01 10:09:15]     - spatial_conv.1.weight
[2026-04-01 10:09:15]     Train generator seeded: True
[2026-04-01 10:09:16]     Stopped epoch:            88
[2026-04-01 10:09:16]     Best epoch (valid_loss):  38
[2026-04-01 10:09:16]     Best valid_loss:          1.3868064880371094
[2026-04-01 10:09:16]     Test accuracy (primary):  0.2500
[2026-04-01 10:09:16]     Test balanced acc:        0.2500
[2026-04-01 10:09:16]     Confusion matrix:         [[0, 0, 1, 4], [1, 2, 1, 1], [2, 0, 2, 1], [3, 1, 0, 1]]
[2026-04-01 10:09:16]     Prediction histogram:     [6, 3, 4, 7]
[2026-04-01 10:09:16]     fold_acc=0.2500 fold_bal_acc=0.2500 cm=[[0, 0, 1, 4], [1, 2, 1, 1], [2, 0, 2, 1], [3, 1, 0, 1]]
[2026-04-01 10:09:16]   Subject 51 Fold 2 seed: 8120
[2026-04-01 10:09:16]   Subject 51 Fold 2: n_train=64 n_val=16 n_test=20
[2026-04-01 10:09:16]     Train class counts: [16, 16, 16, 16]
[2026-04-01 10:09:16]     Val class counts:   [4, 4, 4, 4]
[2026-04-01 10:09:16]     Test class counts:  [5, 5, 5, 5]
[2026-04-01 10:09:16] Building model with input window duration: 4.1875 s
[2026-04-01 10:09:16] Pretrained weight loading:
[2026-04-01 10:09:16]   Downloaded keys:        179
[2026-04-01 10:09:16]   Filtered (transformer): 172
[2026-04-01 10:09:16]   Filtered (pos_encoder): 0
[2026-04-01 10:09:16]   Keys to load:           7
[2026-04-01 10:09:16]   Missing keys:           4
[2026-04-01 10:09:16]   Unexpected keys:        0
[2026-04-01 10:09:16]   Missing preview:        ['spatial_conv.1.weight', 'spatial_conv.1.bias', 'final_layer.1.weight', 'final_layer.1.bias']
[2026-04-01 10:09:16]   Unexpected preview:     []
[2026-04-01 10:09:16] Encoder freeze configuration:
[2026-04-01 10:09:16]   Total parameters:        18,192
[2026-04-01 10:09:16]   Trainable parameters:    4,352
[2026-04-01 10:09:16]   Training percentage:     23.9%
[2026-04-01 10:09:16]   Trainable layers: 4
[2026-04-01 10:09:16]     - final_layer.1.bias
[2026-04-01 10:09:16]     - final_layer.1.weight
[2026-04-01 10:09:16]     - spatial_conv.1.bias
[2026-04-01 10:09:16]     - spatial_conv.1.weight
[2026-04-01 10:09:16]     Train generator seeded: True
[2026-04-01 10:09:16]     Stopped epoch:            51
[2026-04-01 10:09:16]     Best epoch (valid_loss):  1
[2026-04-01 10:09:16]     Best valid_loss:          1.390208125114441
[2026-04-01 10:09:16]     Test accuracy (primary):  0.3000
[2026-04-01 10:09:16]     Test balanced acc:        0.3000
[2026-04-01 10:09:16]     Confusion matrix:         [[0, 5, 0, 0], [0, 5, 0, 0], [0, 5, 0, 0], [0, 4, 0, 1]]
[2026-04-01 10:09:16]     Prediction histogram:     [0, 19, 0, 1]
[2026-04-01 10:09:16]     fold_acc=0.3000 fold_bal_acc=0.3000 cm=[[0, 5, 0, 0], [0, 5, 0, 0], [0, 5, 0, 0], [0, 4, 0, 1]]
[2026-04-01 10:09:16]   Subject 51 Fold 3 seed: 8121
[2026-04-01 10:09:16]   Subject 51 Fold 3: n_train=64 n_val=16 n_test=20
[2026-04-01 10:09:16]     Train class counts: [16, 16, 16, 16]
[2026-04-01 10:09:16]     Val class counts:   [4, 4, 4, 4]
[2026-04-01 10:09:16]     Test class counts:  [5, 5, 5, 5]
[2026-04-01 10:09:16] Building model with input window duration: 4.1875 s
[2026-04-01 10:09:16] Pretrained weight loading:
[2026-04-01 10:09:16]   Downloaded keys:        179
[2026-04-01 10:09:16]   Filtered (transformer): 172
[2026-04-01 10:09:16]   Filtered (pos_encoder): 0
[2026-04-01 10:09:16]   Keys to load:           7
[2026-04-01 10:09:16]   Missing keys:           4
[2026-04-01 10:09:16]   Unexpected keys:        0
[2026-04-01 10:09:16]   Missing preview:        ['spatial_conv.1.weight', 'spatial_conv.1.bias', 'final_layer.1.weight', 'final_layer.1.bias']
[2026-04-01 10:09:16]   Unexpected preview:     []
[2026-04-01 10:09:16] Encoder freeze configuration:
[2026-04-01 10:09:16]   Total parameters:        18,192
[2026-04-01 10:09:16]   Trainable parameters:    4,352
[2026-04-01 10:09:16]   Training percentage:     23.9%
[2026-04-01 10:09:16]   Trainable layers: 4
[2026-04-01 10:09:16]     - final_layer.1.bias
[2026-04-01 10:09:16]     - final_layer.1.weight
[2026-04-01 10:09:16]     - spatial_conv.1.bias
[2026-04-01 10:09:16]     - spatial_conv.1.weight
[2026-04-01 10:09:16]     Train generator seeded: True
[2026-04-01 10:09:18]     Stopped epoch:            177
[2026-04-01 10:09:18]     Best epoch (valid_loss):  127
[2026-04-01 10:09:18]     Best valid_loss:          1.357459545135498
[2026-04-01 10:09:18]     Test accuracy (primary):  0.4500
[2026-04-01 10:09:18]     Test balanced acc:        0.4500
[2026-04-01 10:09:18]     Confusion matrix:         [[2, 1, 2, 0], [2, 1, 2, 0], [1, 0, 3, 1], [0, 1, 1, 3]]
[2026-04-01 10:09:18]     Prediction histogram:     [5, 3, 8, 4]
[2026-04-01 10:09:18]     fold_acc=0.4500 fold_bal_acc=0.4500 cm=[[2, 1, 2, 0], [2, 1, 2, 0], [1, 0, 3, 1], [0, 1, 1, 3]]
[2026-04-01 10:09:18]   Subject 51 Fold 4 seed: 8122
[2026-04-01 10:09:18]   Subject 51 Fold 4: n_train=64 n_val=16 n_test=20
[2026-04-01 10:09:18]     Train class counts: [16, 16, 16, 16]
[2026-04-01 10:09:18]     Val class counts:   [4, 4, 4, 4]
[2026-04-01 10:09:18]     Test class counts:  [5, 5, 5, 5]
[2026-04-01 10:09:18] Building model with input window duration: 4.1875 s
[2026-04-01 10:09:18] Pretrained weight loading:
[2026-04-01 10:09:18]   Downloaded keys:        179
[2026-04-01 10:09:18]   Filtered (transformer): 172
[2026-04-01 10:09:18]   Filtered (pos_encoder): 0
[2026-04-01 10:09:18]   Keys to load:           7
[2026-04-01 10:09:18]   Missing keys:           4
[2026-04-01 10:09:18]   Unexpected keys:        0
[2026-04-01 10:09:18]   Missing preview:        ['spatial_conv.1.weight', 'spatial_conv.1.bias', 'final_layer.1.weight', 'final_layer.1.bias']
[2026-04-01 10:09:18]   Unexpected preview:     []
[2026-04-01 10:09:18] Encoder freeze configuration:
[2026-04-01 10:09:18]   Total parameters:        18,192
[2026-04-01 10:09:18]   Trainable parameters:    4,352
[2026-04-01 10:09:18]   Training percentage:     23.9%
[2026-04-01 10:09:18]   Trainable layers: 4
[2026-04-01 10:09:18]     - final_layer.1.bias
[2026-04-01 10:09:18]     - final_layer.1.weight
[2026-04-01 10:09:18]     - spatial_conv.1.bias
[2026-04-01 10:09:18]     - spatial_conv.1.weight
[2026-04-01 10:09:18]     Train generator seeded: True
[2026-04-01 10:09:19]     Stopped epoch:            213
[2026-04-01 10:09:19]     Best epoch (valid_loss):  164
[2026-04-01 10:09:19]     Best valid_loss:          1.3340872526168823
[2026-04-01 10:09:19]     Test accuracy (primary):  0.2000
[2026-04-01 10:09:19]     Test balanced acc:        0.2000
[2026-04-01 10:09:19]     Confusion matrix:         [[1, 0, 1, 3], [1, 1, 1, 2], [0, 2, 1, 2], [1, 2, 1, 1]]
[2026-04-01 10:09:19]     Prediction histogram:     [3, 5, 4, 8]
[2026-04-01 10:09:19]     fold_acc=0.2000 fold_bal_acc=0.2000 cm=[[1, 0, 1, 3], [1, 1, 1, 2], [0, 2, 1, 2], [1, 2, 1, 1]]
[2026-04-01 10:09:19]   Subject 51 Fold 5 seed: 8123
[2026-04-01 10:09:19]   Subject 51 Fold 5: n_train=64 n_val=16 n_test=20
[2026-04-01 10:09:19]     Train class counts: [16, 16, 16, 16]
[2026-04-01 10:09:19]     Val class counts:   [4, 4, 4, 4]
[2026-04-01 10:09:19]     Test class counts:  [5, 5, 5, 5]
[2026-04-01 10:09:19] Building model with input window duration: 4.1875 s
[2026-04-01 10:09:19] Pretrained weight loading:
[2026-04-01 10:09:19]   Downloaded keys:        179
[2026-04-01 10:09:19]   Filtered (transformer): 172
[2026-04-01 10:09:19]   Filtered (pos_encoder): 0
[2026-04-01 10:09:19]   Keys to load:           7
[2026-04-01 10:09:19]   Missing keys:           4
[2026-04-01 10:09:19]   Unexpected keys:        0
[2026-04-01 10:09:19]   Missing preview:        ['spatial_conv.1.weight', 'spatial_conv.1.bias', 'final_layer.1.weight', 'final_layer.1.bias']
[2026-04-01 10:09:19]   Unexpected preview:     []
[2026-04-01 10:09:19] Encoder freeze configuration:
[2026-04-01 10:09:19]   Total parameters:        18,192
[2026-04-01 10:09:19]   Trainable parameters:    4,352
[2026-04-01 10:09:19]   Training percentage:     23.9%
[2026-04-01 10:09:19]   Trainable layers: 4
[2026-04-01 10:09:19]     - final_layer.1.bias
[2026-04-01 10:09:19]     - final_layer.1.weight
[2026-04-01 10:09:19]     - spatial_conv.1.bias
[2026-04-01 10:09:19]     - spatial_conv.1.weight
[2026-04-01 10:09:19]     Train generator seeded: True
[2026-04-01 10:09:20]     Stopped epoch:            61
[2026-04-01 10:09:20]     Best epoch (valid_loss):  12
[2026-04-01 10:09:20]     Best valid_loss:          1.3867137432098389
[2026-04-01 10:09:20]     Test accuracy (primary):  0.2500
[2026-04-01 10:09:20]     Test balanced acc:        0.2500
[2026-04-01 10:09:20]     Confusion matrix:         [[4, 1, 0, 0], [4, 1, 0, 0], [2, 3, 0, 0], [1, 4, 0, 0]]
[2026-04-01 10:09:20]     Prediction histogram:     [11, 9, 0, 0]
[2026-04-01 10:09:20]     fold_acc=0.2500 fold_bal_acc=0.2500 cm=[[4, 1, 0, 0], [4, 1, 0, 0], [2, 3, 0, 0], [1, 4, 0, 0]]
[2026-04-01 10:09:20]   Subject 51 mean accuracy: 0.2900

[2026-04-01 10:09:20] Total folds completed: 5
[2026-04-01 10:09:20] ======================================================================
[2026-04-01 10:09:20] AGGREGATED RESULTS
[2026-04-01 10:09:20] ======================================================================
[2026-04-01 10:09:20]   Subject 51:  acc=0.2900±0.0860  bal_acc=0.2900±0.0860
[2026-04-01 10:09:20] ----------------------------------------------------------------------
[2026-04-01 10:09:20]   OVERALL:      acc=0.2900±0.0860  bal_acc=0.2900±0.0860
[2026-04-01 10:09:20] ======================================================================
[2026-04-01 10:09:20] CV results saved to:      /home/vegorov/Repos/eeg_jepa_research/artifacts/lee-2019-fine-tuning/SSVEP/20260401_1009_8c118469/cv_results.json
[2026-04-01 10:09:20] Subject metrics saved to: /home/vegorov/Repos/eeg_jepa_research/artifacts/lee-2019-fine-tuning/SSVEP/20260401_1009_8c118469/subject_metrics.json
[2026-04-01 10:09:20] Global metrics saved to:  /home/vegorov/Repos/eeg_jepa_research/artifacts/lee-2019-fine-tuning/SSVEP/20260401_1009_8c118469/global_metrics.json
[2026-04-01 10:09:20] Run metadata saved to:    /home/vegorov/Repos/eeg_jepa_research/artifacts/lee-2019-fine-tuning/SSVEP/20260401_1009_8c118469/run_metadata.json

[2026-04-01 10:09:20] All artifacts in: /home/vegorov/Repos/eeg_jepa_research/artifacts/lee-2019-fine-tuning/SSVEP/20260401_1009_8c118469

[2026-04-01 10:09:20] ======================================================================
[2026-04-01 10:09:20] EXPERIMENT SUMMARY
[2026-04-01 10:09:20] ======================================================================
[2026-04-01 10:09:20] Run ID:    20260401_1009_8c118469
[2026-04-01 10:09:20] Artifacts: /home/vegorov/Repos/eeg_jepa_research/artifacts/lee-2019-fine-tuning/SSVEP/20260401_1009_8c118469

[2026-04-01 10:09:20] Configuration:
[2026-04-01 10:09:20]   Subjects:          [51]
[2026-04-01 10:09:20]   Bandpass:          0.5-40.0 Hz
[2026-04-01 10:09:20]   Resample:          128 Hz
[2026-04-01 10:09:20]   CV folds:          5
[2026-04-01 10:09:20]   Learning rate:     0.001
[2026-04-01 10:09:20]   Batch size:        24
[2026-04-01 10:09:20]   Max epochs:        5000

[2026-04-01 10:09:20] Results:
[2026-04-01 10:09:20]   Mean Accuracy:          0.2900 ± 0.0860
[2026-04-01 10:09:20]   Mean Balanced Accuracy: 0.2900 ± 0.0860
