[2026-03-31 18:15:41] Using device: cpu
[2026-03-31 18:15:42] Seed control enabled: True
[2026-03-31 18:15:42] Base seed: 603
[2026-03-31 18:15:42] Seed initialized: 603
[2026-03-31 18:15:42] ======================================================================
[2026-03-31 18:15:42] CONFIGURATION
[2026-03-31 18:15:42] ======================================================================
[2026-03-31 18:15:42]   artifact_dir: /home/vegorov/Repos/eeg_jepa_research/artifacts/lee-2019-fine-tuning
[2026-03-31 18:15:42]   bandpass_high: 40.0
[2026-03-31 18:15:42]   bandpass_low: 0.5
[2026-03-31 18:15:42]   batch_size: 16
[2026-03-31 18:15:42]   convert_to_uV: False
[2026-03-31 18:15:42]   cv_folds: 5
[2026-03-31 18:15:42]   device: auto
[2026-03-31 18:15:42]   early_stopping_patience: 50
[2026-03-31 18:15:42]   learning_rate: 0.001
[2026-03-31 18:15:42]   n_epochs: 5000
[2026-03-31 18:15:42]   normalization_method: robust
[2026-03-31 18:15:42]   normalize: True
[2026-03-31 18:15:42]   paradigm: SSVEP
[2026-03-31 18:15:42]   pretrained_url: https://huggingface.co/braindecode/SignalJEPA/resolve/main/signal-jepa_16s-60_adeuwv4s.pth
[2026-03-31 18:15:42]   seed: 603
[2026-03-31 18:15:42]   set_seed: True
[2026-03-31 18:15:42]   sfreq: 128
[2026-03-31 18:15:42]   subjects_to_use: [51]
[2026-03-31 18:15:42]   val_split: 0.2
[2026-03-31 18:15:42] ======================================================================
[2026-03-31 18:15:42] Config saved to: /home/vegorov/Repos/eeg_jepa_research/artifacts/lee-2019-fine-tuning/SSVEP/20260331_1815_448c6eac/config.json
[2026-03-31 18:15:42] Epoch window configuration:
[2026-03-31 18:15:42]   Target sfreq:                128 Hz
[2026-03-31 18:15:42]   Target duration:             4.190000 s
[2026-03-31 18:15:42]   Window samples (rounded):    536
[2026-03-31 18:15:42]   Base trial samples (4.0 s):  512
[2026-03-31 18:15:42]   Trial stop offset samples:   24
[2026-03-31 18:15:42]   Effective window duration:   4.187500 s
[2026-03-31 18:15:42] Using specified subjects from config: [51]
[2026-03-31 18:15:42] Selected subjects: [51]
[2026-03-31 18:15:42] Expected evaluation folds: 5

[2026-03-31 18:15:42] Building MOABBDataset for Lee2019_SSVEP...
[2026-03-31 18:15:51] MOABBDataset recordings loaded: 1
[2026-03-31 18:15:51] Discovered annotation descriptions (first recording): [np.str_('12.0'), np.str_('5.45'), np.str_('6.67'), np.str_('8.57')]
[2026-03-31 18:15:51] Dataset event_id mapping: {'12.0': 1, '8.57': 2, '6.67': 3, '5.45': 4}
[2026-03-31 18:15:51] Label map (event_code -> class_index): {1: 0, 2: 1, 3: 2, 4: 3}
[2026-03-31 18:15:51] Applying Braindecode preprocessors to MOABBDataset...
[2026-03-31 18:15:54] Preprocessing complete.

[2026-03-31 18:15:54] Post-preprocessing validation
[2026-03-31 18:15:54]   Recordings in DATASET: 1
[2026-03-31 18:15:54]   Unique subject IDs:    ['51']
[2026-03-31 18:15:54]   sfreq (first rec):     128.0 Hz
[2026-03-31 18:15:54]   EEG channel count:     62
[2026-03-31 18:15:54]   First 10 channels:     ['Fp1', 'Fp2', 'F7', 'F3', 'Fz', 'F4', 'F8', 'FC5', 'FC1', 'FC2']
[2026-03-31 18:15:54] Channel consistency summary:
[2026-03-31 18:15:54]   Checked runs: 1
[2026-03-31 18:15:54]   Unique channel counts: [62]
[2026-03-31 18:15:54]   Channel order consistent: True
[2026-03-31 18:15:54] Validated EEG channels: 62
[2026-03-31 18:15:54] First 10 EEG channels: ['Fp1', 'Fp2', 'F7', 'F3', 'Fz', 'F4', 'F8', 'FC5', 'FC1', 'FC2']
[2026-03-31 18:15:54] raw mean_abs=1.618691e+00
[2026-03-31 18:15:54] raw std=6.548847e+00
[2026-03-31 18:15:54] raw first5 channel std= [4.26827549 4.05485272 2.5881131  2.19750201 2.01379863]
[2026-03-31 18:15:54] Requested window samples: 536
[2026-03-31 18:15:54] Base trial samples:       512
[2026-03-31 18:15:54] Stop offset samples:      24
[2026-03-31 18:15:54] Global class counts: [25, 25, 25, 25]
[2026-03-31 18:15:54] Chance level (4-class): 0.25
[2026-03-31 18:15:54] One window shape: (62, 536)
[2026-03-31 18:15:54] One window label: 1
[2026-03-31 18:15:54] Window sample length expected=536, got=536
[2026-03-31 18:15:54] Subjects in window split: [51]
[2026-03-31 18:15:54] Summarizing per-subject windows...
[2026-03-31 18:15:54]   Subject 51: n_windows=100, window_shape=(62, 536), class_counts=[25, 25, 25, 25]
[2026-03-31 18:15:54]    subject_id  n_windows  n_channels  n_times      class_counts
0          51        100          62      536  [25, 25, 25, 25]
[2026-03-31 18:15:54] Window validation summary:
[2026-03-31 18:15:54]   Subject 51: n_windows=100 class_counts=[25, 25, 25, 25]

[2026-03-31 18:15:54] Validated sampling rate target: 128 Hz
[2026-03-31 18:15:54] Validated window sample count:   536
[2026-03-31 18:15:54] Validated window duration:       4.1875 s
[2026-03-31 18:15:54] Validated channel count:         62
[2026-03-31 18:15:54] Total windows retained:          100
[2026-03-31 18:15:54] Preprocessing sanity checks:
[2026-03-31 18:15:54]   One sample label: 1
[2026-03-31 18:15:54]   One sample shape: (62, 536)
[2026-03-31 18:15:54]   Mean(abs(signal)): 7.886489e-01
[2026-03-31 18:15:54]   Mean(signal):      5.819337e-03
[2026-03-31 18:15:54]   Std(signal):       1.028221e+00
[2026-03-31 18:15:54] Building model with input window duration: 4.1875 s
[2026-03-31 18:15:54] SignalJEPA_PreLocal instantiated successfully.
[2026-03-31 18:15:54]   Total parameters:     18,192
[2026-03-31 18:15:54]   Trainable parameters: 18,192
[2026-03-31 18:15:54] ======================================================================================================================================================
Layer (type (var_name):depth-idx)                  Input Shape               Output Shape              Param #                   Kernel Shape
======================================================================================================================================================
SignalJEPA_PreLocal (SignalJEPA_PreLocal)          [1, 62, 536]              [1, 4]                    --                        --
├─Sequential (spatial_conv): 1-1                   [1, 62, 536]              [1, 4, 536]               --                        --
│    └─Rearrange (0): 2-1                          [1, 62, 536]              [1, 1, 62, 536]           --                        --
│    └─Conv2d (1): 2-2                             [1, 1, 62, 536]           [1, 4, 1, 536]            252                       [62, 1]
│    └─Rearrange (2): 2-3                          [1, 4, 1, 536]            [1, 4, 536]               --                        --
├─_ConvFeatureEncoder (feature_encoder): 1-2       [1, 4, 536]               [1, 16, 64]               --                        --
│    └─Rearrange (0): 2-4                          [1, 4, 536]               [4, 1, 536]               --                        --
│    └─Sequential (1): 2-5                         [4, 1, 536]               [4, 8, 64]                --                        --
│    │    └─Conv1d (0): 3-1                        [4, 1, 536]               [4, 8, 64]                256                       [32]
│    │    └─Dropout (1): 3-2                       [4, 8, 64]                [4, 8, 64]                --                        --
│    │    └─GroupNorm (2): 3-3                     [4, 8, 64]                [4, 8, 64]                16                        --
│    │    └─GELU (3): 3-4                          [4, 8, 64]                [4, 8, 64]                --                        --
│    └─Sequential (2): 2-6                         [4, 8, 64]                [4, 16, 32]               --                        --
│    │    └─Conv1d (0): 3-5                        [4, 8, 64]                [4, 16, 32]               256                       [2]
│    │    └─Dropout (1): 3-6                       [4, 16, 32]               [4, 16, 32]               --                        --
│    │    └─GELU (2): 3-7                          [4, 16, 32]               [4, 16, 32]               --                        --
│    └─Sequential (3): 2-7                         [4, 16, 32]               [4, 32, 16]               --                        --
│    │    └─Conv1d (0): 3-8                        [4, 16, 32]               [4, 32, 16]               1,024                     [2]
│    │    └─Dropout (1): 3-9                       [4, 32, 16]               [4, 32, 16]               --                        --
│    │    └─GELU (2): 3-10                         [4, 32, 16]               [4, 32, 16]               --                        --
│    └─Sequential (4): 2-8                         [4, 32, 16]               [4, 64, 8]                --                        --
│    │    └─Conv1d (0): 3-11                       [4, 32, 16]               [4, 64, 8]                4,096                     [2]
│    │    └─Dropout (1): 3-12                      [4, 64, 8]                [4, 64, 8]                --                        --
│    │    └─GELU (2): 3-13                         [4, 64, 8]                [4, 64, 8]                --                        --
│    └─Sequential (5): 2-9                         [4, 64, 8]                [4, 64, 4]                --                        --
│    │    └─Conv1d (0): 3-14                       [4, 64, 8]                [4, 64, 4]                8,192                     [2]
│    │    └─Dropout (1): 3-15                      [4, 64, 4]                [4, 64, 4]                --                        --
│    │    └─GELU (2): 3-16                         [4, 64, 4]                [4, 64, 4]                --                        --
│    └─Rearrange (6): 2-10                         [4, 64, 4]                [1, 16, 64]               --                        --
├─Sequential (final_layer): 1-3                    [1, 16, 64]               [1, 4]                    --                        --
│    └─Flatten (0): 2-11                           [1, 16, 64]               [1, 1024]                 --                        --
│    └─Linear (1): 2-12                            [1, 1024]                 [1, 4]                    4,100                     --
======================================================================================================================================================
Total params: 18,192
Trainable params: 18,192
Non-trainable params: 0
Total mult-adds (Units.MEGABYTES): 0.57
======================================================================================================================================================
Input size (MB): 0.13
Forward/backward pass size (MB): 0.11
Params size (MB): 0.07
Estimated Total Size (MB): 0.31
======================================================================================================================================================
[2026-03-31 18:15:54] Initializing from 16s-60 pretrained checkpoint (Hugging Face):
[2026-03-31 18:15:54]   https://huggingface.co/braindecode/SignalJEPA/resolve/main/signal-jepa_16s-60_adeuwv4s.pth
[2026-03-31 18:15:54]   Downloaded 179 keys
[2026-03-31 18:15:54] ======================================================================
[2026-03-31 18:15:54] STARTING CROSS-VALIDATION
[2026-03-31 18:15:54] ======================================================================
[2026-03-31 18:15:54] Subjects:      [51]
[2026-03-31 18:15:54] CV folds:      5
[2026-03-31 18:15:54] Batch size:    16
[2026-03-31 18:15:54] Max epochs:    5000
[2026-03-31 18:15:54] Device:        cpu
[2026-03-31 18:15:54] Seed control:  True
[2026-03-31 18:15:54] Base seed:     603
[2026-03-31 18:15:54] ======================================================================

[2026-03-31 18:15:54] Subject 51: 100 windows class_counts=[25, 25, 25, 25]
[2026-03-31 18:15:54]   Fold 1 split seed: 604
[2026-03-31 18:15:54]   Fold 1 split class counts:
[2026-03-31 18:15:54]     train=[16, 16, 16, 16] val=[4, 4, 4, 4] test=[5, 5, 5, 5]
[2026-03-31 18:15:54]   Fold 2 split seed: 605
[2026-03-31 18:15:54]   Fold 2 split class counts:
[2026-03-31 18:15:54]     train=[16, 16, 16, 16] val=[4, 4, 4, 4] test=[5, 5, 5, 5]
[2026-03-31 18:15:54]   Fold 3 split seed: 606
[2026-03-31 18:15:54]   Fold 3 split class counts:
[2026-03-31 18:15:54]     train=[16, 16, 16, 16] val=[4, 4, 4, 4] test=[5, 5, 5, 5]
[2026-03-31 18:15:54]   Fold 4 split seed: 607
[2026-03-31 18:15:54]   Fold 4 split class counts:
[2026-03-31 18:15:54]     train=[16, 16, 16, 16] val=[4, 4, 4, 4] test=[5, 5, 5, 5]
[2026-03-31 18:15:54]   Fold 5 split seed: 608
[2026-03-31 18:15:54]   Fold 5 split class counts:
[2026-03-31 18:15:54]     train=[16, 16, 16, 16] val=[4, 4, 4, 4] test=[5, 5, 5, 5]
[2026-03-31 18:15:54]   Subject 51 Fold 1 seed: 5704
[2026-03-31 18:15:54]   Subject 51 Fold 1: n_train=64 n_val=16 n_test=20
[2026-03-31 18:15:54]     Train class counts: [16, 16, 16, 16]
[2026-03-31 18:15:54]     Val class counts:   [4, 4, 4, 4]
[2026-03-31 18:15:54]     Test class counts:  [5, 5, 5, 5]
[2026-03-31 18:15:54] Building model with input window duration: 4.1875 s
[2026-03-31 18:15:54] Pretrained weight loading:
[2026-03-31 18:15:54]   Downloaded keys:        179
[2026-03-31 18:15:54]   Filtered (transformer): 172
[2026-03-31 18:15:54]   Filtered (pos_encoder): 0
[2026-03-31 18:15:54]   Keys to load:           7
[2026-03-31 18:15:54]   Missing keys:           4
[2026-03-31 18:15:54]   Unexpected keys:        0
[2026-03-31 18:15:54]   Missing preview:        ['spatial_conv.1.weight', 'spatial_conv.1.bias', 'final_layer.1.weight', 'final_layer.1.bias']
[2026-03-31 18:15:54]   Unexpected preview:     []
[2026-03-31 18:15:54] Encoder freeze configuration:
[2026-03-31 18:15:54]   Total parameters:        18,192
[2026-03-31 18:15:54]   Trainable parameters:    4,352
[2026-03-31 18:15:54]   Training percentage:     23.9%
[2026-03-31 18:15:54]   Trainable layers: 4
[2026-03-31 18:15:54]     - final_layer.1.bias
[2026-03-31 18:15:54]     - final_layer.1.weight
[2026-03-31 18:15:54]     - spatial_conv.1.bias
[2026-03-31 18:15:54]     - spatial_conv.1.weight
[2026-03-31 18:15:54]     Train generator seeded: True
[2026-03-31 18:15:58]     Stopped epoch:            297
[2026-03-31 18:15:58]     Best epoch (valid_loss):  247
[2026-03-31 18:15:58]     Best valid_loss:          1.1318415403366089
[2026-03-31 18:15:58]     Test accuracy (primary):  0.3500
[2026-03-31 18:15:58]     Test balanced acc:        0.3500
[2026-03-31 18:15:58]     Confusion matrix:         [[1, 1, 3, 0], [1, 3, 1, 0], [2, 1, 2, 0], [1, 2, 1, 1]]
[2026-03-31 18:15:58]     Prediction histogram:     [5, 7, 7, 1]
[2026-03-31 18:15:58]     fold_acc=0.3500 fold_bal_acc=0.3500 cm=[[1, 1, 3, 0], [1, 3, 1, 0], [2, 1, 2, 0], [1, 2, 1, 1]]
[2026-03-31 18:15:58]   Subject 51 Fold 2 seed: 5705
[2026-03-31 18:15:58]   Subject 51 Fold 2: n_train=64 n_val=16 n_test=20
[2026-03-31 18:15:58]     Train class counts: [16, 16, 16, 16]
[2026-03-31 18:15:58]     Val class counts:   [4, 4, 4, 4]
[2026-03-31 18:15:58]     Test class counts:  [5, 5, 5, 5]
[2026-03-31 18:15:58] Building model with input window duration: 4.1875 s
[2026-03-31 18:15:58] Pretrained weight loading:
[2026-03-31 18:15:58]   Downloaded keys:        179
[2026-03-31 18:15:58]   Filtered (transformer): 172
[2026-03-31 18:15:58]   Filtered (pos_encoder): 0
[2026-03-31 18:15:58]   Keys to load:           7
[2026-03-31 18:15:58]   Missing keys:           4
[2026-03-31 18:15:58]   Unexpected keys:        0
[2026-03-31 18:15:58]   Missing preview:        ['spatial_conv.1.weight', 'spatial_conv.1.bias', 'final_layer.1.weight', 'final_layer.1.bias']
[2026-03-31 18:15:58]   Unexpected preview:     []
[2026-03-31 18:15:58] Encoder freeze configuration:
[2026-03-31 18:15:58]   Total parameters:        18,192
[2026-03-31 18:15:58]   Trainable parameters:    4,352
[2026-03-31 18:15:58]   Training percentage:     23.9%
[2026-03-31 18:15:58]   Trainable layers: 4
[2026-03-31 18:15:58]     - final_layer.1.bias
[2026-03-31 18:15:58]     - final_layer.1.weight
[2026-03-31 18:15:58]     - spatial_conv.1.bias
[2026-03-31 18:15:58]     - spatial_conv.1.weight
[2026-03-31 18:15:58]     Train generator seeded: True
[2026-03-31 18:15:59]     Stopped epoch:            51
[2026-03-31 18:15:59]     Best epoch (valid_loss):  1
[2026-03-31 18:15:59]     Best valid_loss:          1.3873813152313232
[2026-03-31 18:15:59]     Test accuracy (primary):  0.2500
[2026-03-31 18:15:59]     Test balanced acc:        0.2500
[2026-03-31 18:15:59]     Confusion matrix:         [[0, 0, 2, 3], [0, 0, 4, 1], [0, 0, 4, 1], [0, 0, 4, 1]]
[2026-03-31 18:15:59]     Prediction histogram:     [0, 0, 14, 6]
[2026-03-31 18:15:59]     fold_acc=0.2500 fold_bal_acc=0.2500 cm=[[0, 0, 2, 3], [0, 0, 4, 1], [0, 0, 4, 1], [0, 0, 4, 1]]
[2026-03-31 18:15:59]   Subject 51 Fold 3 seed: 5706
[2026-03-31 18:15:59]   Subject 51 Fold 3: n_train=64 n_val=16 n_test=20
[2026-03-31 18:15:59]     Train class counts: [16, 16, 16, 16]
[2026-03-31 18:15:59]     Val class counts:   [4, 4, 4, 4]
[2026-03-31 18:15:59]     Test class counts:  [5, 5, 5, 5]
[2026-03-31 18:15:59] Building model with input window duration: 4.1875 s
[2026-03-31 18:15:59] Pretrained weight loading:
[2026-03-31 18:15:59]   Downloaded keys:        179
[2026-03-31 18:15:59]   Filtered (transformer): 172
[2026-03-31 18:15:59]   Filtered (pos_encoder): 0
[2026-03-31 18:15:59]   Keys to load:           7
[2026-03-31 18:15:59]   Missing keys:           4
[2026-03-31 18:15:59]   Unexpected keys:        0
[2026-03-31 18:15:59]   Missing preview:        ['spatial_conv.1.weight', 'spatial_conv.1.bias', 'final_layer.1.weight', 'final_layer.1.bias']
[2026-03-31 18:15:59]   Unexpected preview:     []
[2026-03-31 18:15:59] Encoder freeze configuration:
[2026-03-31 18:15:59]   Total parameters:        18,192
[2026-03-31 18:15:59]   Trainable parameters:    4,352
[2026-03-31 18:15:59]   Training percentage:     23.9%
[2026-03-31 18:15:59]   Trainable layers: 4
[2026-03-31 18:15:59]     - final_layer.1.bias
[2026-03-31 18:15:59]     - final_layer.1.weight
[2026-03-31 18:15:59]     - spatial_conv.1.bias
[2026-03-31 18:15:59]     - spatial_conv.1.weight
[2026-03-31 18:15:59]     Train generator seeded: True
[2026-03-31 18:16:00]     Stopped epoch:            120
[2026-03-31 18:16:00]     Best epoch (valid_loss):  70
[2026-03-31 18:16:00]     Best valid_loss:          1.3452460765838623
[2026-03-31 18:16:00]     Test accuracy (primary):  0.4500
[2026-03-31 18:16:00]     Test balanced acc:        0.4500
[2026-03-31 18:16:00]     Confusion matrix:         [[2, 0, 2, 1], [1, 2, 2, 0], [2, 0, 2, 1], [1, 0, 1, 3]]
[2026-03-31 18:16:00]     Prediction histogram:     [6, 2, 7, 5]
[2026-03-31 18:16:00]     fold_acc=0.4500 fold_bal_acc=0.4500 cm=[[2, 0, 2, 1], [1, 2, 2, 0], [2, 0, 2, 1], [1, 0, 1, 3]]
[2026-03-31 18:16:00]   Subject 51 Fold 4 seed: 5707
[2026-03-31 18:16:00]   Subject 51 Fold 4: n_train=64 n_val=16 n_test=20
[2026-03-31 18:16:00]     Train class counts: [16, 16, 16, 16]
[2026-03-31 18:16:00]     Val class counts:   [4, 4, 4, 4]
[2026-03-31 18:16:00]     Test class counts:  [5, 5, 5, 5]
[2026-03-31 18:16:00] Building model with input window duration: 4.1875 s
[2026-03-31 18:16:00] Pretrained weight loading:
[2026-03-31 18:16:00]   Downloaded keys:        179
[2026-03-31 18:16:00]   Filtered (transformer): 172
[2026-03-31 18:16:00]   Filtered (pos_encoder): 0
[2026-03-31 18:16:00]   Keys to load:           7
[2026-03-31 18:16:00]   Missing keys:           4
[2026-03-31 18:16:00]   Unexpected keys:        0
[2026-03-31 18:16:00]   Missing preview:        ['spatial_conv.1.weight', 'spatial_conv.1.bias', 'final_layer.1.weight', 'final_layer.1.bias']
[2026-03-31 18:16:00]   Unexpected preview:     []
[2026-03-31 18:16:00] Encoder freeze configuration:
[2026-03-31 18:16:00]   Total parameters:        18,192
[2026-03-31 18:16:00]   Trainable parameters:    4,352
[2026-03-31 18:16:00]   Training percentage:     23.9%
[2026-03-31 18:16:00]   Trainable layers: 4
[2026-03-31 18:16:00]     - final_layer.1.bias
[2026-03-31 18:16:00]     - final_layer.1.weight
[2026-03-31 18:16:00]     - spatial_conv.1.bias
[2026-03-31 18:16:00]     - spatial_conv.1.weight
[2026-03-31 18:16:00]     Train generator seeded: True
[2026-03-31 18:16:01]     Stopped epoch:            51
[2026-03-31 18:16:01]     Best epoch (valid_loss):  1
[2026-03-31 18:16:01]     Best valid_loss:          1.3871464729309082
[2026-03-31 18:16:01]     Test accuracy (primary):  0.3500
[2026-03-31 18:16:01]     Test balanced acc:        0.3500
[2026-03-31 18:16:01]     Confusion matrix:         [[1, 0, 4, 0], [2, 2, 0, 1], [2, 0, 3, 0], [3, 0, 1, 1]]
[2026-03-31 18:16:01]     Prediction histogram:     [8, 2, 8, 2]
[2026-03-31 18:16:01]     fold_acc=0.3500 fold_bal_acc=0.3500 cm=[[1, 0, 4, 0], [2, 2, 0, 1], [2, 0, 3, 0], [3, 0, 1, 1]]
[2026-03-31 18:16:01]   Subject 51 Fold 5 seed: 5708
[2026-03-31 18:16:01]   Subject 51 Fold 5: n_train=64 n_val=16 n_test=20
[2026-03-31 18:16:01]     Train class counts: [16, 16, 16, 16]
[2026-03-31 18:16:01]     Val class counts:   [4, 4, 4, 4]
[2026-03-31 18:16:01]     Test class counts:  [5, 5, 5, 5]
[2026-03-31 18:16:01] Building model with input window duration: 4.1875 s
[2026-03-31 18:16:01] Pretrained weight loading:
[2026-03-31 18:16:01]   Downloaded keys:        179
[2026-03-31 18:16:01]   Filtered (transformer): 172
[2026-03-31 18:16:01]   Filtered (pos_encoder): 0
[2026-03-31 18:16:01]   Keys to load:           7
[2026-03-31 18:16:01]   Missing keys:           4
[2026-03-31 18:16:01]   Unexpected keys:        0
[2026-03-31 18:16:01]   Missing preview:        ['spatial_conv.1.weight', 'spatial_conv.1.bias', 'final_layer.1.weight', 'final_layer.1.bias']
[2026-03-31 18:16:01]   Unexpected preview:     []
[2026-03-31 18:16:01] Encoder freeze configuration:
[2026-03-31 18:16:01]   Total parameters:        18,192
[2026-03-31 18:16:01]   Trainable parameters:    4,352
[2026-03-31 18:16:01]   Training percentage:     23.9%
[2026-03-31 18:16:01]   Trainable layers: 4
[2026-03-31 18:16:01]     - final_layer.1.bias
[2026-03-31 18:16:01]     - final_layer.1.weight
[2026-03-31 18:16:01]     - spatial_conv.1.bias
[2026-03-31 18:16:01]     - spatial_conv.1.weight
[2026-03-31 18:16:01]     Train generator seeded: True
[2026-03-31 18:16:01]     Stopped epoch:            51
[2026-03-31 18:16:01]     Best epoch (valid_loss):  1
[2026-03-31 18:16:01]     Best valid_loss:          1.388219952583313
[2026-03-31 18:16:01]     Test accuracy (primary):  0.2500
[2026-03-31 18:16:01]     Test balanced acc:        0.2500
[2026-03-31 18:16:01]     Confusion matrix:         [[0, 5, 0, 0], [0, 5, 0, 0], [0, 5, 0, 0], [0, 5, 0, 0]]
[2026-03-31 18:16:01]     Prediction histogram:     [0, 20, 0, 0]
[2026-03-31 18:16:01]     fold_acc=0.2500 fold_bal_acc=0.2500 cm=[[0, 5, 0, 0], [0, 5, 0, 0], [0, 5, 0, 0], [0, 5, 0, 0]]
[2026-03-31 18:16:01]   Subject 51 mean accuracy: 0.3300

[2026-03-31 18:16:01] Total folds completed: 5
[2026-03-31 18:16:01] ======================================================================
[2026-03-31 18:16:01] AGGREGATED RESULTS
[2026-03-31 18:16:01] ======================================================================
[2026-03-31 18:16:01]   Subject 51:  acc=0.3300±0.0748  bal_acc=0.3300±0.0748
[2026-03-31 18:16:01] ----------------------------------------------------------------------
[2026-03-31 18:16:01]   OVERALL:      acc=0.3300±0.0748  bal_acc=0.3300±0.0748
[2026-03-31 18:16:01] ======================================================================
[2026-03-31 18:16:01] CV results saved to:      /home/vegorov/Repos/eeg_jepa_research/artifacts/lee-2019-fine-tuning/SSVEP/20260331_1815_448c6eac/cv_results.json
[2026-03-31 18:16:01] Subject metrics saved to: /home/vegorov/Repos/eeg_jepa_research/artifacts/lee-2019-fine-tuning/SSVEP/20260331_1815_448c6eac/subject_metrics.json
[2026-03-31 18:16:01] Global metrics saved to:  /home/vegorov/Repos/eeg_jepa_research/artifacts/lee-2019-fine-tuning/SSVEP/20260331_1815_448c6eac/global_metrics.json
[2026-03-31 18:16:01] Run metadata saved to:    /home/vegorov/Repos/eeg_jepa_research/artifacts/lee-2019-fine-tuning/SSVEP/20260331_1815_448c6eac/run_metadata.json

[2026-03-31 18:16:01] All artifacts in: /home/vegorov/Repos/eeg_jepa_research/artifacts/lee-2019-fine-tuning/SSVEP/20260331_1815_448c6eac

[2026-03-31 18:16:01] ======================================================================
[2026-03-31 18:16:01] EXPERIMENT SUMMARY
[2026-03-31 18:16:01] ======================================================================
[2026-03-31 18:16:01] Run ID:    20260331_1815_448c6eac
[2026-03-31 18:16:01] Artifacts: /home/vegorov/Repos/eeg_jepa_research/artifacts/lee-2019-fine-tuning/SSVEP/20260331_1815_448c6eac

[2026-03-31 18:16:01] Configuration:
[2026-03-31 18:16:01]   Subjects:          [51]
[2026-03-31 18:16:01]   Bandpass:          0.5-40.0 Hz
[2026-03-31 18:16:01]   Resample:          128 Hz
[2026-03-31 18:16:01]   CV folds:          5
[2026-03-31 18:16:01]   Learning rate:     0.001
[2026-03-31 18:16:01]   Batch size:        16
[2026-03-31 18:16:01]   Max epochs:        5000

[2026-03-31 18:16:01] Results:
[2026-03-31 18:16:01]   Mean Accuracy:          0.3300 ± 0.0748
[2026-03-31 18:16:01]   Mean Balanced Accuracy: 0.3300 ± 0.0748
