[2026-04-08 21:18:56] Using device: cpu
[2026-04-08 21:18:56] Seed control enabled: True
[2026-04-08 21:18:56] Base seed: 5
[2026-04-08 21:18:57] Seed initialized: 5
[2026-04-08 21:18:57] ======================================================================
[2026-04-08 21:18:57] CONFIGURATION
[2026-04-08 21:18:57] ======================================================================
[2026-04-08 21:18:57]   artifact_dir: /home/vegorov/Repos/eeg_jepa_research/artifacts/lee-2019-fine-tuning
[2026-04-08 21:18:57]   bandpass_high: 40.0
[2026-04-08 21:18:57]   bandpass_low: 0.5
[2026-04-08 21:18:57]   batch_size: 32
[2026-04-08 21:18:57]   convert_to_uV: True
[2026-04-08 21:18:57]   criterion: None
[2026-04-08 21:18:57]   cv_folds: 5
[2026-04-08 21:18:57]   device: auto
[2026-04-08 21:18:57]   early_stopping_patience: 50
[2026-04-08 21:18:57]   learning_rate: 0.0001
[2026-04-08 21:18:57]   n_epochs: 5000
[2026-04-08 21:18:57]   normalization_method: None
[2026-04-08 21:18:57]   normalize: False
[2026-04-08 21:18:57]   optimizer: Adam
[2026-04-08 21:18:57]   paradigm: SSVEP
[2026-04-08 21:18:57]   pretrained_url: https://huggingface.co/braindecode/SignalJEPA/resolve/main/signal-jepa_16s-60_adeuwv4s.pth
[2026-04-08 21:18:57]   seed: 5
[2026-04-08 21:18:57]   set_eeg_reference: True
[2026-04-08 21:18:57]   set_seed: True
[2026-04-08 21:18:57]   sfreq: 128
[2026-04-08 21:18:57]   subjects_to_use: None
[2026-04-08 21:18:57]   val_split: 0.2
[2026-04-08 21:18:57] ======================================================================
[2026-04-08 21:18:57] Config saved to: /home/vegorov/Repos/eeg_jepa_research/artifacts/lee-2019-fine-tuning/SSVEP/20260408_2118_e55be510/config.json
[2026-04-08 21:18:57] Epoch window configuration:
[2026-04-08 21:18:57]   Target sfreq:                128 Hz
[2026-04-08 21:18:57]   Target duration:             4.190000 s
[2026-04-08 21:18:57]   Window samples (rounded):    536
[2026-04-08 21:18:57]   Base trial samples (4.0 s):  512
[2026-04-08 21:18:57]   Trial stop offset samples:   24
[2026-04-08 21:18:57]   Effective window duration:   4.187500 s
[2026-04-08 21:18:57] Dataset code: Lee2019-SSVEP
[2026-04-08 21:18:57] Subjects Total: 54
[2026-04-08 21:18:57] Events: {'12.0': 1, '8.57': 2, '6.67': 3, '5.45': 4}
[2026-04-08 21:18:57] Interval: [0.0, 4.0]
[2026-04-08 21:18:57] Paradigm: ssvep
[2026-04-08 21:18:57] Selected subjects: [48, 49, 50, 51, 52, 53, 54]
[2026-04-08 21:18:57] Expected evaluation folds: 35

[2026-04-08 21:18:57] Building MOABBDataset for Lee2019_SSVEP...
[2026-04-08 21:19:59] MOABBDataset recordings loaded: 14
[2026-04-08 21:19:59] Discovered annotation descriptions (first recording): [np.str_('12.0'), np.str_('5.45'), np.str_('6.67'), np.str_('8.57')]
[2026-04-08 21:19:59] Dataset event_id mapping: {'12.0': 1, '8.57': 2, '6.67': 3, '5.45': 4}
[2026-04-08 21:19:59] Label map (event_code -> class_index): {1: 0, 2: 1, 3: 2, 4: 3}
[2026-04-08 21:19:59] Applying Braindecode preprocessors to MOABBDataset...
[2026-04-08 21:20:40] Preprocessing complete.

[2026-04-08 21:20:40] Post-preprocessing validation
[2026-04-08 21:20:40]   Recordings in DATASET: 14
[2026-04-08 21:20:40]   Unique subject IDs:    ['48', '49', '50', '51', '52', '53', '54']
[2026-04-08 21:20:40]   sfreq (first rec):     128.0 Hz
[2026-04-08 21:20:40]   EEG channel count:     62
[2026-04-08 21:20:40]   First 10 channels:     ['Fp1', 'Fp2', 'F7', 'F3', 'Fz', 'F4', 'F8', 'FC5', 'FC1', 'FC2']
[2026-04-08 21:20:40] Channel consistency summary:
[2026-04-08 21:20:40]   Checked runs: 14
[2026-04-08 21:20:40]   Unique channel counts: [62]
[2026-04-08 21:20:40]   Channel order consistent: True
[2026-04-08 21:20:40] Validated EEG channels: 62
[2026-04-08 21:20:40] First 10 EEG channels: ['Fp1', 'Fp2', 'F7', 'F3', 'Fz', 'F4', 'F8', 'FC5', 'FC1', 'FC2']
[2026-04-08 21:20:40] raw mean_abs=6.260925e+00
[2026-04-08 21:20:40] raw std=1.367558e+01
[2026-04-08 21:20:40] raw first5 channel std= [25.7487628  33.90435699 12.52572271  7.29424492  6.6773028 ]
[2026-04-08 21:20:40] Requested window samples: 536
[2026-04-08 21:20:40] Base trial samples:       512
[2026-04-08 21:20:40] Stop offset samples:      24
[2026-04-08 21:20:41] Global class counts: [350, 350, 350, 350]
[2026-04-08 21:20:41] Chance level (4-class): 0.25
[2026-04-08 21:20:41] One window shape: (62, 536)
[2026-04-08 21:20:41] One window label: 2
[2026-04-08 21:20:41] Window sample length expected=536, got=536
[2026-04-08 21:20:41] Subjects in window split: [48, 49, 50, 51, 52, 53, 54]
[2026-04-08 21:20:41] Summarizing per-subject windows...
[2026-04-08 21:20:41]   Subject 48: n_windows=200, window_shape=(62, 536), class_counts=[50, 50, 50, 50]
[2026-04-08 21:20:41]   Subject 49: n_windows=200, window_shape=(62, 536), class_counts=[50, 50, 50, 50]
[2026-04-08 21:20:41]   Subject 50: n_windows=200, window_shape=(62, 536), class_counts=[50, 50, 50, 50]
[2026-04-08 21:20:41]   Subject 51: n_windows=200, window_shape=(62, 536), class_counts=[50, 50, 50, 50]
[2026-04-08 21:20:41]   Subject 52: n_windows=200, window_shape=(62, 536), class_counts=[50, 50, 50, 50]
[2026-04-08 21:20:41]   Subject 53: n_windows=200, window_shape=(62, 536), class_counts=[50, 50, 50, 50]
[2026-04-08 21:20:41]   Subject 54: n_windows=200, window_shape=(62, 536), class_counts=[50, 50, 50, 50]
[2026-04-08 21:20:41]    subject_id  n_windows  n_channels  n_times      class_counts
0          48        200          62      536  [50, 50, 50, 50]
1          49        200          62      536  [50, 50, 50, 50]
2          50        200          62      536  [50, 50, 50, 50]
3          51        200          62      536  [50, 50, 50, 50]
4          52        200          62      536  [50, 50, 50, 50]
5          53        200          62      536  [50, 50, 50, 50]
6          54        200          62      536  [50, 50, 50, 50]
[2026-04-08 21:20:41] Window validation summary:
[2026-04-08 21:20:41]   Subject 48: n_windows=200 class_counts=[50, 50, 50, 50]
[2026-04-08 21:20:41]   Subject 49: n_windows=200 class_counts=[50, 50, 50, 50]
[2026-04-08 21:20:41]   Subject 50: n_windows=200 class_counts=[50, 50, 50, 50]
[2026-04-08 21:20:41]   Subject 51: n_windows=200 class_counts=[50, 50, 50, 50]
[2026-04-08 21:20:41]   Subject 52: n_windows=200 class_counts=[50, 50, 50, 50]
[2026-04-08 21:20:41]   Subject 53: n_windows=200 class_counts=[50, 50, 50, 50]
[2026-04-08 21:20:41]   Subject 54: n_windows=200 class_counts=[50, 50, 50, 50]

[2026-04-08 21:20:41] Validated sampling rate target: 128 Hz
[2026-04-08 21:20:41] Validated window sample count:   536
[2026-04-08 21:20:41] Validated window duration:       4.1875 s
[2026-04-08 21:20:41] Validated channel count:         62
[2026-04-08 21:20:41] Total windows retained:          1400
[2026-04-08 21:20:41] Preprocessing sanity checks:
[2026-04-08 21:20:41]   One sample label: 2
[2026-04-08 21:20:41]   One sample shape: (62, 536)
[2026-04-08 21:20:41]   Mean(abs(signal)): 3.194527e+00
[2026-04-08 21:20:41]   Mean(signal):      6.428233e-09
[2026-04-08 21:20:41]   Std(signal):       4.182395e+00
[2026-04-08 21:20:41] Building model with input window duration: 4.1875 s
[2026-04-08 21:20:41] SignalJEPA_PreLocal instantiated successfully.
[2026-04-08 21:20:41]   Total parameters:     18,192
[2026-04-08 21:20:41]   Trainable parameters: 18,192
[2026-04-08 21:20:41] ======================================================================================================================================================
Layer (type (var_name):depth-idx)                  Input Shape               Output Shape              Param #                   Kernel Shape
======================================================================================================================================================
SignalJEPA_PreLocal (SignalJEPA_PreLocal)          [1, 62, 536]              [1, 4]                    --                        --
├─Sequential (spatial_conv): 1-1                   [1, 62, 536]              [1, 4, 536]               --                        --
│    └─Rearrange (0): 2-1                          [1, 62, 536]              [1, 1, 62, 536]           --                        --
│    └─Conv2d (1): 2-2                             [1, 1, 62, 536]           [1, 4, 1, 536]            252                       [62, 1]
│    └─Rearrange (2): 2-3                          [1, 4, 1, 536]            [1, 4, 536]               --                        --
├─_ConvFeatureEncoder (feature_encoder): 1-2       [1, 4, 536]               [1, 16, 64]               --                        --
│    └─Rearrange (0): 2-4                          [1, 4, 536]               [4, 1, 536]               --                        --
│    └─Sequential (1): 2-5                         [4, 1, 536]               [4, 8, 64]                --                        --
│    │    └─Conv1d (0): 3-1                        [4, 1, 536]               [4, 8, 64]                256                       [32]
│    │    └─Dropout (1): 3-2                       [4, 8, 64]                [4, 8, 64]                --                        --
│    │    └─GroupNorm (2): 3-3                     [4, 8, 64]                [4, 8, 64]                16                        --
│    │    └─GELU (3): 3-4                          [4, 8, 64]                [4, 8, 64]                --                        --
│    └─Sequential (2): 2-6                         [4, 8, 64]                [4, 16, 32]               --                        --
│    │    └─Conv1d (0): 3-5                        [4, 8, 64]                [4, 16, 32]               256                       [2]
│    │    └─Dropout (1): 3-6                       [4, 16, 32]               [4, 16, 32]               --                        --
│    │    └─GELU (2): 3-7                          [4, 16, 32]               [4, 16, 32]               --                        --
│    └─Sequential (3): 2-7                         [4, 16, 32]               [4, 32, 16]               --                        --
│    │    └─Conv1d (0): 3-8                        [4, 16, 32]               [4, 32, 16]               1,024                     [2]
│    │    └─Dropout (1): 3-9                       [4, 32, 16]               [4, 32, 16]               --                        --
│    │    └─GELU (2): 3-10                         [4, 32, 16]               [4, 32, 16]               --                        --
│    └─Sequential (4): 2-8                         [4, 32, 16]               [4, 64, 8]                --                        --
│    │    └─Conv1d (0): 3-11                       [4, 32, 16]               [4, 64, 8]                4,096                     [2]
│    │    └─Dropout (1): 3-12                      [4, 64, 8]                [4, 64, 8]                --                        --
│    │    └─GELU (2): 3-13                         [4, 64, 8]                [4, 64, 8]                --                        --
│    └─Sequential (5): 2-9                         [4, 64, 8]                [4, 64, 4]                --                        --
│    │    └─Conv1d (0): 3-14                       [4, 64, 8]                [4, 64, 4]                8,192                     [2]
│    │    └─Dropout (1): 3-15                      [4, 64, 4]                [4, 64, 4]                --                        --
│    │    └─GELU (2): 3-16                         [4, 64, 4]                [4, 64, 4]                --                        --
│    └─Rearrange (6): 2-10                         [4, 64, 4]                [1, 16, 64]               --                        --
├─Sequential (final_layer): 1-3                    [1, 16, 64]               [1, 4]                    --                        --
│    └─Flatten (0): 2-11                           [1, 16, 64]               [1, 1024]                 --                        --
│    └─Linear (1): 2-12                            [1, 1024]                 [1, 4]                    4,100                     --
======================================================================================================================================================
Total params: 18,192
Trainable params: 18,192
Non-trainable params: 0
Total mult-adds (Units.MEGABYTES): 0.57
======================================================================================================================================================
Input size (MB): 0.13
Forward/backward pass size (MB): 0.11
Params size (MB): 0.07
Estimated Total Size (MB): 0.31
======================================================================================================================================================
[2026-04-08 21:20:41] Initializing from 16s-60 pretrained checkpoint (Hugging Face):
[2026-04-08 21:20:41]   https://huggingface.co/braindecode/SignalJEPA/resolve/main/signal-jepa_16s-60_adeuwv4s.pth
[2026-04-08 21:20:41]   Downloaded 179 keys
[2026-04-08 21:20:41] ======================================================================
[2026-04-08 21:20:41] STARTING CROSS-VALIDATION
[2026-04-08 21:20:41] ======================================================================
[2026-04-08 21:20:41] Subjects:      [48, 49, 50, 51, 52, 53, 54]
[2026-04-08 21:20:41] CV folds:      5
[2026-04-08 21:20:41] Batch size:    32
[2026-04-08 21:20:41] Max epochs:    5000
[2026-04-08 21:20:41] Device:        cpu
[2026-04-08 21:20:41] Seed control:  True
[2026-04-08 21:20:41] Base seed:     5
[2026-04-08 21:20:41] ======================================================================

[2026-04-08 21:20:41] Subject 48: 200 windows | class_counts=[50, 50, 50, 50]
[2026-04-08 21:20:41]   Fold 1 class counts: train=[32, 32, 32, 32] val=[8, 8, 8, 8] test=[10, 10, 10, 10]
[2026-04-08 21:20:41]   Fold 2 class counts: train=[32, 32, 32, 32] val=[8, 8, 8, 8] test=[10, 10, 10, 10]
[2026-04-08 21:20:41]   Fold 3 class counts: train=[32, 32, 32, 32] val=[8, 8, 8, 8] test=[10, 10, 10, 10]
[2026-04-08 21:20:41]   Fold 4 class counts: train=[32, 32, 32, 32] val=[8, 8, 8, 8] test=[10, 10, 10, 10]
[2026-04-08 21:20:41]   Fold 5 class counts: train=[32, 32, 32, 32] val=[8, 8, 8, 8] test=[10, 10, 10, 10]
[2026-04-08 21:20:41]     Train class counts: [32, 32, 32, 32]
[2026-04-08 21:20:41]     Val class counts:   [8, 8, 8, 8]
[2026-04-08 21:20:41]     Test class counts:  [10, 10, 10, 10]
[2026-04-08 21:20:41] Building model with input window duration: 4.1875 s
[2026-04-08 21:20:41] Pretrained weight loading:
[2026-04-08 21:20:41]   Downloaded keys:        179
[2026-04-08 21:20:41]   Filtered (transformer): 172
[2026-04-08 21:20:41]   Filtered (pos_encoder): 0
[2026-04-08 21:20:41]   Keys to load:           7
[2026-04-08 21:20:41]   Missing keys:           4
[2026-04-08 21:20:41]   Unexpected keys:        0
[2026-04-08 21:20:41]   Missing preview:        ['spatial_conv.1.weight', 'spatial_conv.1.bias', 'final_layer.1.weight', 'final_layer.1.bias']
[2026-04-08 21:20:41]   Unexpected preview:     []
[2026-04-08 21:20:41] Trainable modules: spatial_conv + final_layer (4,352 / 18,192 params, 23.9%)
[2026-04-08 21:20:41]   - final_layer.1.bias
[2026-04-08 21:20:41]   - final_layer.1.weight
[2026-04-08 21:20:41]   - spatial_conv.1.bias
[2026-04-08 21:20:41]   - spatial_conv.1.weight
[2026-04-08 21:22:04]   Fold 1/5 | best_epoch=4996 | stop=5000 | val_loss=0.0397 | acc=0.9750 | bal_acc=0.9750
[2026-04-08 21:22:04]     Train class counts: [32, 32, 32, 32]
[2026-04-08 21:22:04]     Val class counts:   [8, 8, 8, 8]
[2026-04-08 21:22:04]     Test class counts:  [10, 10, 10, 10]
[2026-04-08 21:22:04] Building model with input window duration: 4.1875 s
[2026-04-08 21:22:04] Pretrained weight loading:
[2026-04-08 21:22:04]   Downloaded keys:        179
[2026-04-08 21:22:04]   Filtered (transformer): 172
[2026-04-08 21:22:04]   Filtered (pos_encoder): 0
[2026-04-08 21:22:04]   Keys to load:           7
[2026-04-08 21:22:04]   Missing keys:           4
[2026-04-08 21:22:04]   Unexpected keys:        0
[2026-04-08 21:22:04]   Missing preview:        ['spatial_conv.1.weight', 'spatial_conv.1.bias', 'final_layer.1.weight', 'final_layer.1.bias']
[2026-04-08 21:22:04]   Unexpected preview:     []
[2026-04-08 21:23:28]   Fold 2/5 | best_epoch=4997 | stop=5000 | val_loss=0.0225 | acc=1.0000 | bal_acc=1.0000
[2026-04-08 21:23:28]     Train class counts: [32, 32, 32, 32]
[2026-04-08 21:23:28]     Val class counts:   [8, 8, 8, 8]
[2026-04-08 21:23:28]     Test class counts:  [10, 10, 10, 10]
[2026-04-08 21:23:28] Building model with input window duration: 4.1875 s
[2026-04-08 21:23:28] Pretrained weight loading:
[2026-04-08 21:23:28]   Downloaded keys:        179
[2026-04-08 21:23:28]   Filtered (transformer): 172
[2026-04-08 21:23:28]   Filtered (pos_encoder): 0
[2026-04-08 21:23:28]   Keys to load:           7
[2026-04-08 21:23:28]   Missing keys:           4
[2026-04-08 21:23:28]   Unexpected keys:        0
[2026-04-08 21:23:28]   Missing preview:        ['spatial_conv.1.weight', 'spatial_conv.1.bias', 'final_layer.1.weight', 'final_layer.1.bias']
[2026-04-08 21:23:28]   Unexpected preview:     []
[2026-04-08 21:24:51]   Fold 3/5 | best_epoch=5000 | stop=5000 | val_loss=0.0208 | acc=1.0000 | bal_acc=1.0000
[2026-04-08 21:24:51]     Train class counts: [32, 32, 32, 32]
[2026-04-08 21:24:51]     Val class counts:   [8, 8, 8, 8]
[2026-04-08 21:24:51]     Test class counts:  [10, 10, 10, 10]
[2026-04-08 21:24:51] Building model with input window duration: 4.1875 s
[2026-04-08 21:24:51] Pretrained weight loading:
[2026-04-08 21:24:51]   Downloaded keys:        179
[2026-04-08 21:24:51]   Filtered (transformer): 172
[2026-04-08 21:24:51]   Filtered (pos_encoder): 0
[2026-04-08 21:24:51]   Keys to load:           7
[2026-04-08 21:24:51]   Missing keys:           4
[2026-04-08 21:24:51]   Unexpected keys:        0
[2026-04-08 21:24:51]   Missing preview:        ['spatial_conv.1.weight', 'spatial_conv.1.bias', 'final_layer.1.weight', 'final_layer.1.bias']
[2026-04-08 21:24:51]   Unexpected preview:     []
[2026-04-08 21:25:54]   Fold 4/5 | best_epoch=3708 | stop=3758 | val_loss=0.1218 | acc=1.0000 | bal_acc=1.0000
[2026-04-08 21:25:54]     Train class counts: [32, 32, 32, 32]
[2026-04-08 21:25:54]     Val class counts:   [8, 8, 8, 8]
[2026-04-08 21:25:54]     Test class counts:  [10, 10, 10, 10]
[2026-04-08 21:25:54] Building model with input window duration: 4.1875 s
[2026-04-08 21:25:54] Pretrained weight loading:
[2026-04-08 21:25:54]   Downloaded keys:        179
[2026-04-08 21:25:54]   Filtered (transformer): 172
[2026-04-08 21:25:54]   Filtered (pos_encoder): 0
[2026-04-08 21:25:54]   Keys to load:           7
[2026-04-08 21:25:54]   Missing keys:           4
[2026-04-08 21:25:54]   Unexpected keys:        0
[2026-04-08 21:25:54]   Missing preview:        ['spatial_conv.1.weight', 'spatial_conv.1.bias', 'final_layer.1.weight', 'final_layer.1.bias']
[2026-04-08 21:25:54]   Unexpected preview:     []
[2026-04-08 21:27:17]   Fold 5/5 | best_epoch=5000 | stop=5000 | val_loss=0.0317 | acc=1.0000 | bal_acc=1.0000
[2026-04-08 21:27:17]   Subject 48 summary: acc=0.9950±0.0100  bal_acc=0.9950±0.0100

[2026-04-08 21:27:17] Subject 49: 200 windows | class_counts=[50, 50, 50, 50]
[2026-04-08 21:27:17]   Fold 1 class counts: train=[32, 32, 32, 32] val=[8, 8, 8, 8] test=[10, 10, 10, 10]
[2026-04-08 21:27:17]   Fold 2 class counts: train=[32, 32, 32, 32] val=[8, 8, 8, 8] test=[10, 10, 10, 10]
[2026-04-08 21:27:17]   Fold 3 class counts: train=[32, 32, 32, 32] val=[8, 8, 8, 8] test=[10, 10, 10, 10]
[2026-04-08 21:27:17]   Fold 4 class counts: train=[32, 32, 32, 32] val=[8, 8, 8, 8] test=[10, 10, 10, 10]
[2026-04-08 21:27:17]   Fold 5 class counts: train=[32, 32, 32, 32] val=[8, 8, 8, 8] test=[10, 10, 10, 10]
[2026-04-08 21:27:17]     Train class counts: [32, 32, 32, 32]
[2026-04-08 21:27:17]     Val class counts:   [8, 8, 8, 8]
[2026-04-08 21:27:17]     Test class counts:  [10, 10, 10, 10]
[2026-04-08 21:27:17] Building model with input window duration: 4.1875 s
[2026-04-08 21:27:17] Pretrained weight loading:
[2026-04-08 21:27:17]   Downloaded keys:        179
[2026-04-08 21:27:17]   Filtered (transformer): 172
[2026-04-08 21:27:17]   Filtered (pos_encoder): 0
[2026-04-08 21:27:17]   Keys to load:           7
[2026-04-08 21:27:17]   Missing keys:           4
[2026-04-08 21:27:17]   Unexpected keys:        0
[2026-04-08 21:27:17]   Missing preview:        ['spatial_conv.1.weight', 'spatial_conv.1.bias', 'final_layer.1.weight', 'final_layer.1.bias']
[2026-04-08 21:27:17]   Unexpected preview:     []
[2026-04-08 21:28:40]   Fold 1/5 | best_epoch=4996 | stop=5000 | val_loss=0.0514 | acc=1.0000 | bal_acc=1.0000
[2026-04-08 21:28:40]     Train class counts: [32, 32, 32, 32]
[2026-04-08 21:28:40]     Val class counts:   [8, 8, 8, 8]
[2026-04-08 21:28:40]     Test class counts:  [10, 10, 10, 10]
[2026-04-08 21:28:40] Building model with input window duration: 4.1875 s
[2026-04-08 21:28:40] Pretrained weight loading:
[2026-04-08 21:28:40]   Downloaded keys:        179
[2026-04-08 21:28:40]   Filtered (transformer): 172
[2026-04-08 21:28:40]   Filtered (pos_encoder): 0
[2026-04-08 21:28:40]   Keys to load:           7
[2026-04-08 21:28:40]   Missing keys:           4
[2026-04-08 21:28:40]   Unexpected keys:        0
[2026-04-08 21:28:40]   Missing preview:        ['spatial_conv.1.weight', 'spatial_conv.1.bias', 'final_layer.1.weight', 'final_layer.1.bias']
[2026-04-08 21:28:40]   Unexpected preview:     []
[2026-04-08 21:30:04]   Fold 2/5 | best_epoch=5000 | stop=5000 | val_loss=0.0961 | acc=0.9250 | bal_acc=0.9250
[2026-04-08 21:30:04]     Train class counts: [32, 32, 32, 32]
[2026-04-08 21:30:04]     Val class counts:   [8, 8, 8, 8]
[2026-04-08 21:30:04]     Test class counts:  [10, 10, 10, 10]
[2026-04-08 21:30:04] Building model with input window duration: 4.1875 s
[2026-04-08 21:30:04] Pretrained weight loading:
[2026-04-08 21:30:04]   Downloaded keys:        179
[2026-04-08 21:30:04]   Filtered (transformer): 172
[2026-04-08 21:30:04]   Filtered (pos_encoder): 0
[2026-04-08 21:30:04]   Keys to load:           7
[2026-04-08 21:30:04]   Missing keys:           4
[2026-04-08 21:30:04]   Unexpected keys:        0
[2026-04-08 21:30:04]   Missing preview:        ['spatial_conv.1.weight', 'spatial_conv.1.bias', 'final_layer.1.weight', 'final_layer.1.bias']
[2026-04-08 21:30:04]   Unexpected preview:     []
[2026-04-08 21:31:28]   Fold 3/5 | best_epoch=4994 | stop=5000 | val_loss=0.0913 | acc=0.9500 | bal_acc=0.9500
[2026-04-08 21:31:28]     Train class counts: [32, 32, 32, 32]
[2026-04-08 21:31:28]     Val class counts:   [8, 8, 8, 8]
[2026-04-08 21:31:28]     Test class counts:  [10, 10, 10, 10]
[2026-04-08 21:31:28] Building model with input window duration: 4.1875 s
[2026-04-08 21:31:28] Pretrained weight loading:
[2026-04-08 21:31:28]   Downloaded keys:        179
[2026-04-08 21:31:28]   Filtered (transformer): 172
[2026-04-08 21:31:28]   Filtered (pos_encoder): 0
[2026-04-08 21:31:28]   Keys to load:           7
[2026-04-08 21:31:28]   Missing keys:           4
[2026-04-08 21:31:28]   Unexpected keys:        0
[2026-04-08 21:31:28]   Missing preview:        ['spatial_conv.1.weight', 'spatial_conv.1.bias', 'final_layer.1.weight', 'final_layer.1.bias']
[2026-04-08 21:31:28]   Unexpected preview:     []
[2026-04-08 21:32:51]   Fold 4/5 | best_epoch=5000 | stop=5000 | val_loss=0.1327 | acc=0.9500 | bal_acc=0.9500
[2026-04-08 21:32:51]     Train class counts: [32, 32, 32, 32]
[2026-04-08 21:32:51]     Val class counts:   [8, 8, 8, 8]
[2026-04-08 21:32:51]     Test class counts:  [10, 10, 10, 10]
[2026-04-08 21:32:51] Building model with input window duration: 4.1875 s
[2026-04-08 21:32:51] Pretrained weight loading:
[2026-04-08 21:32:51]   Downloaded keys:        179
[2026-04-08 21:32:51]   Filtered (transformer): 172
[2026-04-08 21:32:51]   Filtered (pos_encoder): 0
[2026-04-08 21:32:51]   Keys to load:           7
[2026-04-08 21:32:51]   Missing keys:           4
[2026-04-08 21:32:51]   Unexpected keys:        0
[2026-04-08 21:32:51]   Missing preview:        ['spatial_conv.1.weight', 'spatial_conv.1.bias', 'final_layer.1.weight', 'final_layer.1.bias']
[2026-04-08 21:32:51]   Unexpected preview:     []
[2026-04-08 21:34:15]   Fold 5/5 | best_epoch=5000 | stop=5000 | val_loss=0.0305 | acc=0.9750 | bal_acc=0.9750
[2026-04-08 21:34:15]   Subject 49 summary: acc=0.9600±0.0255  bal_acc=0.9600±0.0255

[2026-04-08 21:34:15] Subject 50: 200 windows | class_counts=[50, 50, 50, 50]
[2026-04-08 21:34:15]   Fold 1 class counts: train=[32, 32, 32, 32] val=[8, 8, 8, 8] test=[10, 10, 10, 10]
[2026-04-08 21:34:15]   Fold 2 class counts: train=[32, 32, 32, 32] val=[8, 8, 8, 8] test=[10, 10, 10, 10]
[2026-04-08 21:34:15]   Fold 3 class counts: train=[32, 32, 32, 32] val=[8, 8, 8, 8] test=[10, 10, 10, 10]
[2026-04-08 21:34:15]   Fold 4 class counts: train=[32, 32, 32, 32] val=[8, 8, 8, 8] test=[10, 10, 10, 10]
[2026-04-08 21:34:15]   Fold 5 class counts: train=[32, 32, 32, 32] val=[8, 8, 8, 8] test=[10, 10, 10, 10]
[2026-04-08 21:34:15]     Train class counts: [32, 32, 32, 32]
[2026-04-08 21:34:15]     Val class counts:   [8, 8, 8, 8]
[2026-04-08 21:34:15]     Test class counts:  [10, 10, 10, 10]
[2026-04-08 21:34:15] Building model with input window duration: 4.1875 s
[2026-04-08 21:34:15] Pretrained weight loading:
[2026-04-08 21:34:15]   Downloaded keys:        179
[2026-04-08 21:34:15]   Filtered (transformer): 172
[2026-04-08 21:34:15]   Filtered (pos_encoder): 0
[2026-04-08 21:34:15]   Keys to load:           7
[2026-04-08 21:34:15]   Missing keys:           4
[2026-04-08 21:34:15]   Unexpected keys:        0
[2026-04-08 21:34:15]   Missing preview:        ['spatial_conv.1.weight', 'spatial_conv.1.bias', 'final_layer.1.weight', 'final_layer.1.bias']
[2026-04-08 21:34:15]   Unexpected preview:     []
[2026-04-08 21:35:38]   Fold 1/5 | best_epoch=4991 | stop=5000 | val_loss=0.0105 | acc=1.0000 | bal_acc=1.0000
[2026-04-08 21:35:38]     Train class counts: [32, 32, 32, 32]
[2026-04-08 21:35:38]     Val class counts:   [8, 8, 8, 8]
[2026-04-08 21:35:38]     Test class counts:  [10, 10, 10, 10]
[2026-04-08 21:35:38] Building model with input window duration: 4.1875 s
[2026-04-08 21:35:38] Pretrained weight loading:
[2026-04-08 21:35:38]   Downloaded keys:        179
[2026-04-08 21:35:38]   Filtered (transformer): 172
[2026-04-08 21:35:38]   Filtered (pos_encoder): 0
[2026-04-08 21:35:38]   Keys to load:           7
[2026-04-08 21:35:38]   Missing keys:           4
[2026-04-08 21:35:38]   Unexpected keys:        0
[2026-04-08 21:35:38]   Missing preview:        ['spatial_conv.1.weight', 'spatial_conv.1.bias', 'final_layer.1.weight', 'final_layer.1.bias']
[2026-04-08 21:35:38]   Unexpected preview:     []
[2026-04-08 21:37:01]   Fold 2/5 | best_epoch=4991 | stop=5000 | val_loss=0.0340 | acc=1.0000 | bal_acc=1.0000
[2026-04-08 21:37:01]     Train class counts: [32, 32, 32, 32]
[2026-04-08 21:37:01]     Val class counts:   [8, 8, 8, 8]
[2026-04-08 21:37:01]     Test class counts:  [10, 10, 10, 10]
[2026-04-08 21:37:01] Building model with input window duration: 4.1875 s
[2026-04-08 21:37:01] Pretrained weight loading:
[2026-04-08 21:37:01]   Downloaded keys:        179
[2026-04-08 21:37:01]   Filtered (transformer): 172
[2026-04-08 21:37:01]   Filtered (pos_encoder): 0
[2026-04-08 21:37:01]   Keys to load:           7
[2026-04-08 21:37:01]   Missing keys:           4
[2026-04-08 21:37:01]   Unexpected keys:        0
[2026-04-08 21:37:01]   Missing preview:        ['spatial_conv.1.weight', 'spatial_conv.1.bias', 'final_layer.1.weight', 'final_layer.1.bias']
[2026-04-08 21:37:01]   Unexpected preview:     []
[2026-04-08 21:38:26]   Fold 3/5 | best_epoch=5000 | stop=5000 | val_loss=0.0132 | acc=0.9750 | bal_acc=0.9750
[2026-04-08 21:38:26]     Train class counts: [32, 32, 32, 32]
[2026-04-08 21:38:26]     Val class counts:   [8, 8, 8, 8]
[2026-04-08 21:38:26]     Test class counts:  [10, 10, 10, 10]
[2026-04-08 21:38:26] Building model with input window duration: 4.1875 s
[2026-04-08 21:38:26] Pretrained weight loading:
[2026-04-08 21:38:26]   Downloaded keys:        179
[2026-04-08 21:38:26]   Filtered (transformer): 172
[2026-04-08 21:38:26]   Filtered (pos_encoder): 0
[2026-04-08 21:38:26]   Keys to load:           7
[2026-04-08 21:38:26]   Missing keys:           4
[2026-04-08 21:38:26]   Unexpected keys:        0
[2026-04-08 21:38:26]   Missing preview:        ['spatial_conv.1.weight', 'spatial_conv.1.bias', 'final_layer.1.weight', 'final_layer.1.bias']
[2026-04-08 21:38:26]   Unexpected preview:     []
[2026-04-08 21:39:49]   Fold 4/5 | best_epoch=4998 | stop=5000 | val_loss=0.0526 | acc=0.9750 | bal_acc=0.9750
[2026-04-08 21:39:49]     Train class counts: [32, 32, 32, 32]
[2026-04-08 21:39:49]     Val class counts:   [8, 8, 8, 8]
[2026-04-08 21:39:49]     Test class counts:  [10, 10, 10, 10]
[2026-04-08 21:39:49] Building model with input window duration: 4.1875 s
[2026-04-08 21:39:49] Pretrained weight loading:
[2026-04-08 21:39:49]   Downloaded keys:        179
[2026-04-08 21:39:49]   Filtered (transformer): 172
[2026-04-08 21:39:49]   Filtered (pos_encoder): 0
[2026-04-08 21:39:49]   Keys to load:           7
[2026-04-08 21:39:49]   Missing keys:           4
[2026-04-08 21:39:49]   Unexpected keys:        0
[2026-04-08 21:39:49]   Missing preview:        ['spatial_conv.1.weight', 'spatial_conv.1.bias', 'final_layer.1.weight', 'final_layer.1.bias']
[2026-04-08 21:39:49]   Unexpected preview:     []
[2026-04-08 21:41:12]   Fold 5/5 | best_epoch=4996 | stop=5000 | val_loss=0.0312 | acc=0.9750 | bal_acc=0.9750
[2026-04-08 21:41:12]   Subject 50 summary: acc=0.9850±0.0122  bal_acc=0.9850±0.0122

[2026-04-08 21:41:12] Subject 51: 200 windows | class_counts=[50, 50, 50, 50]
[2026-04-08 21:41:12]   Fold 1 class counts: train=[32, 32, 32, 32] val=[8, 8, 8, 8] test=[10, 10, 10, 10]
[2026-04-08 21:41:12]   Fold 2 class counts: train=[32, 32, 32, 32] val=[8, 8, 8, 8] test=[10, 10, 10, 10]
[2026-04-08 21:41:12]   Fold 3 class counts: train=[32, 32, 32, 32] val=[8, 8, 8, 8] test=[10, 10, 10, 10]
[2026-04-08 21:41:12]   Fold 4 class counts: train=[32, 32, 32, 32] val=[8, 8, 8, 8] test=[10, 10, 10, 10]
[2026-04-08 21:41:12]   Fold 5 class counts: train=[32, 32, 32, 32] val=[8, 8, 8, 8] test=[10, 10, 10, 10]
[2026-04-08 21:41:12]     Train class counts: [32, 32, 32, 32]
[2026-04-08 21:41:12]     Val class counts:   [8, 8, 8, 8]
[2026-04-08 21:41:12]     Test class counts:  [10, 10, 10, 10]
[2026-04-08 21:41:12] Building model with input window duration: 4.1875 s
[2026-04-08 21:41:12] Pretrained weight loading:
[2026-04-08 21:41:12]   Downloaded keys:        179
[2026-04-08 21:41:12]   Filtered (transformer): 172
[2026-04-08 21:41:12]   Filtered (pos_encoder): 0
[2026-04-08 21:41:12]   Keys to load:           7
[2026-04-08 21:41:12]   Missing keys:           4
[2026-04-08 21:41:12]   Unexpected keys:        0
[2026-04-08 21:41:12]   Missing preview:        ['spatial_conv.1.weight', 'spatial_conv.1.bias', 'final_layer.1.weight', 'final_layer.1.bias']
[2026-04-08 21:41:12]   Unexpected preview:     []
[2026-04-08 21:42:16]   Fold 1/5 | best_epoch=3755 | stop=3805 | val_loss=1.0027 | acc=0.6500 | bal_acc=0.6500
[2026-04-08 21:42:16]     Train class counts: [32, 32, 32, 32]
[2026-04-08 21:42:16]     Val class counts:   [8, 8, 8, 8]
[2026-04-08 21:42:16]     Test class counts:  [10, 10, 10, 10]
[2026-04-08 21:42:16] Building model with input window duration: 4.1875 s
[2026-04-08 21:42:16] Pretrained weight loading:
[2026-04-08 21:42:16]   Downloaded keys:        179
[2026-04-08 21:42:16]   Filtered (transformer): 172
[2026-04-08 21:42:16]   Filtered (pos_encoder): 0
[2026-04-08 21:42:16]   Keys to load:           7
[2026-04-08 21:42:16]   Missing keys:           4
[2026-04-08 21:42:16]   Unexpected keys:        0
[2026-04-08 21:42:16]   Missing preview:        ['spatial_conv.1.weight', 'spatial_conv.1.bias', 'final_layer.1.weight', 'final_layer.1.bias']
[2026-04-08 21:42:16]   Unexpected preview:     []
[2026-04-08 21:43:05]   Fold 2/5 | best_epoch=2960 | stop=3010 | val_loss=1.0492 | acc=0.7750 | bal_acc=0.7750
[2026-04-08 21:43:05]     Train class counts: [32, 32, 32, 32]
[2026-04-08 21:43:05]     Val class counts:   [8, 8, 8, 8]
[2026-04-08 21:43:05]     Test class counts:  [10, 10, 10, 10]
[2026-04-08 21:43:05] Building model with input window duration: 4.1875 s
[2026-04-08 21:43:05] Pretrained weight loading:
[2026-04-08 21:43:05]   Downloaded keys:        179
[2026-04-08 21:43:05]   Filtered (transformer): 172
[2026-04-08 21:43:05]   Filtered (pos_encoder): 0
[2026-04-08 21:43:05]   Keys to load:           7
[2026-04-08 21:43:05]   Missing keys:           4
[2026-04-08 21:43:05]   Unexpected keys:        0
[2026-04-08 21:43:05]   Missing preview:        ['spatial_conv.1.weight', 'spatial_conv.1.bias', 'final_layer.1.weight', 'final_layer.1.bias']
[2026-04-08 21:43:05]   Unexpected preview:     []
[2026-04-08 21:44:28]   Fold 3/5 | best_epoch=4997 | stop=5000 | val_loss=0.7850 | acc=0.6750 | bal_acc=0.6750
[2026-04-08 21:44:28]     Train class counts: [32, 32, 32, 32]
[2026-04-08 21:44:28]     Val class counts:   [8, 8, 8, 8]
[2026-04-08 21:44:28]     Test class counts:  [10, 10, 10, 10]
[2026-04-08 21:44:28] Building model with input window duration: 4.1875 s
[2026-04-08 21:44:28] Pretrained weight loading:
[2026-04-08 21:44:28]   Downloaded keys:        179
[2026-04-08 21:44:28]   Filtered (transformer): 172
[2026-04-08 21:44:28]   Filtered (pos_encoder): 0
[2026-04-08 21:44:28]   Keys to load:           7
[2026-04-08 21:44:28]   Missing keys:           4
[2026-04-08 21:44:28]   Unexpected keys:        0
[2026-04-08 21:44:28]   Missing preview:        ['spatial_conv.1.weight', 'spatial_conv.1.bias', 'final_layer.1.weight', 'final_layer.1.bias']
[2026-04-08 21:44:28]   Unexpected preview:     []
[2026-04-08 21:44:29]   Fold 4/5 | best_epoch=1 | stop=51 | val_loss=1.3861 | acc=0.2250 | bal_acc=0.2250
[2026-04-08 21:44:29]     Train class counts: [32, 32, 32, 32]
[2026-04-08 21:44:29]     Val class counts:   [8, 8, 8, 8]
[2026-04-08 21:44:29]     Test class counts:  [10, 10, 10, 10]
[2026-04-08 21:44:29] Building model with input window duration: 4.1875 s
[2026-04-08 21:44:29] Pretrained weight loading:
[2026-04-08 21:44:29]   Downloaded keys:        179
[2026-04-08 21:44:29]   Filtered (transformer): 172
[2026-04-08 21:44:29]   Filtered (pos_encoder): 0
[2026-04-08 21:44:29]   Keys to load:           7
[2026-04-08 21:44:29]   Missing keys:           4
[2026-04-08 21:44:29]   Unexpected keys:        0
[2026-04-08 21:44:29]   Missing preview:        ['spatial_conv.1.weight', 'spatial_conv.1.bias', 'final_layer.1.weight', 'final_layer.1.bias']
[2026-04-08 21:44:29]   Unexpected preview:     []
[2026-04-08 21:44:30]   Fold 5/5 | best_epoch=9 | stop=51 | val_loss=1.3859 | acc=0.2750 | bal_acc=0.2750
[2026-04-08 21:44:30]   Subject 51 summary: acc=0.5200±0.2249  bal_acc=0.5200±0.2249

[2026-04-08 21:44:30] Subject 52: 200 windows | class_counts=[50, 50, 50, 50]
[2026-04-08 21:44:30]   Fold 1 class counts: train=[32, 32, 32, 32] val=[8, 8, 8, 8] test=[10, 10, 10, 10]
[2026-04-08 21:44:30]   Fold 2 class counts: train=[32, 32, 32, 32] val=[8, 8, 8, 8] test=[10, 10, 10, 10]
[2026-04-08 21:44:30]   Fold 3 class counts: train=[32, 32, 32, 32] val=[8, 8, 8, 8] test=[10, 10, 10, 10]
[2026-04-08 21:44:30]   Fold 4 class counts: train=[32, 32, 32, 32] val=[8, 8, 8, 8] test=[10, 10, 10, 10]
[2026-04-08 21:44:30]   Fold 5 class counts: train=[32, 32, 32, 32] val=[8, 8, 8, 8] test=[10, 10, 10, 10]
[2026-04-08 21:44:30]     Train class counts: [32, 32, 32, 32]
[2026-04-08 21:44:30]     Val class counts:   [8, 8, 8, 8]
[2026-04-08 21:44:30]     Test class counts:  [10, 10, 10, 10]
[2026-04-08 21:44:30] Building model with input window duration: 4.1875 s
[2026-04-08 21:44:30] Pretrained weight loading:
[2026-04-08 21:44:30]   Downloaded keys:        179
[2026-04-08 21:44:30]   Filtered (transformer): 172
[2026-04-08 21:44:30]   Filtered (pos_encoder): 0
[2026-04-08 21:44:30]   Keys to load:           7
[2026-04-08 21:44:30]   Missing keys:           4
[2026-04-08 21:44:30]   Unexpected keys:        0
[2026-04-08 21:44:30]   Missing preview:        ['spatial_conv.1.weight', 'spatial_conv.1.bias', 'final_layer.1.weight', 'final_layer.1.bias']
[2026-04-08 21:44:30]   Unexpected preview:     []
[2026-04-08 21:45:55]   Fold 1/5 | best_epoch=4999 | stop=5000 | val_loss=0.1070 | acc=1.0000 | bal_acc=1.0000
[2026-04-08 21:45:55]     Train class counts: [32, 32, 32, 32]
[2026-04-08 21:45:55]     Val class counts:   [8, 8, 8, 8]
[2026-04-08 21:45:55]     Test class counts:  [10, 10, 10, 10]
[2026-04-08 21:45:55] Building model with input window duration: 4.1875 s
[2026-04-08 21:45:55] Pretrained weight loading:
[2026-04-08 21:45:55]   Downloaded keys:        179
[2026-04-08 21:45:55]   Filtered (transformer): 172
[2026-04-08 21:45:55]   Filtered (pos_encoder): 0
[2026-04-08 21:45:55]   Keys to load:           7
[2026-04-08 21:45:55]   Missing keys:           4
[2026-04-08 21:45:55]   Unexpected keys:        0
[2026-04-08 21:45:55]   Missing preview:        ['spatial_conv.1.weight', 'spatial_conv.1.bias', 'final_layer.1.weight', 'final_layer.1.bias']
[2026-04-08 21:45:55]   Unexpected preview:     []
[2026-04-08 21:47:19]   Fold 2/5 | best_epoch=5000 | stop=5000 | val_loss=0.0873 | acc=0.9500 | bal_acc=0.9500
[2026-04-08 21:47:19]     Train class counts: [32, 32, 32, 32]
[2026-04-08 21:47:19]     Val class counts:   [8, 8, 8, 8]
[2026-04-08 21:47:19]     Test class counts:  [10, 10, 10, 10]
[2026-04-08 21:47:19] Building model with input window duration: 4.1875 s
[2026-04-08 21:47:19] Pretrained weight loading:
[2026-04-08 21:47:19]   Downloaded keys:        179
[2026-04-08 21:47:19]   Filtered (transformer): 172
[2026-04-08 21:47:19]   Filtered (pos_encoder): 0
[2026-04-08 21:47:19]   Keys to load:           7
[2026-04-08 21:47:19]   Missing keys:           4
[2026-04-08 21:47:19]   Unexpected keys:        0
[2026-04-08 21:47:19]   Missing preview:        ['spatial_conv.1.weight', 'spatial_conv.1.bias', 'final_layer.1.weight', 'final_layer.1.bias']
[2026-04-08 21:47:19]   Unexpected preview:     []
[2026-04-08 21:48:43]   Fold 3/5 | best_epoch=4993 | stop=5000 | val_loss=0.1013 | acc=0.9750 | bal_acc=0.9750
[2026-04-08 21:48:43]     Train class counts: [32, 32, 32, 32]
[2026-04-08 21:48:43]     Val class counts:   [8, 8, 8, 8]
[2026-04-08 21:48:43]     Test class counts:  [10, 10, 10, 10]
[2026-04-08 21:48:43] Building model with input window duration: 4.1875 s
[2026-04-08 21:48:43] Pretrained weight loading:
[2026-04-08 21:48:43]   Downloaded keys:        179
[2026-04-08 21:48:43]   Filtered (transformer): 172
[2026-04-08 21:48:43]   Filtered (pos_encoder): 0
[2026-04-08 21:48:43]   Keys to load:           7
[2026-04-08 21:48:43]   Missing keys:           4
[2026-04-08 21:48:43]   Unexpected keys:        0
[2026-04-08 21:48:43]   Missing preview:        ['spatial_conv.1.weight', 'spatial_conv.1.bias', 'final_layer.1.weight', 'final_layer.1.bias']
[2026-04-08 21:48:43]   Unexpected preview:     []
[2026-04-08 21:50:07]   Fold 4/5 | best_epoch=4997 | stop=5000 | val_loss=0.1805 | acc=0.9750 | bal_acc=0.9750
[2026-04-08 21:50:08]     Train class counts: [32, 32, 32, 32]
[2026-04-08 21:50:08]     Val class counts:   [8, 8, 8, 8]
[2026-04-08 21:50:08]     Test class counts:  [10, 10, 10, 10]
[2026-04-08 21:50:08] Building model with input window duration: 4.1875 s
[2026-04-08 21:50:08] Pretrained weight loading:
[2026-04-08 21:50:08]   Downloaded keys:        179
[2026-04-08 21:50:08]   Filtered (transformer): 172
[2026-04-08 21:50:08]   Filtered (pos_encoder): 0
[2026-04-08 21:50:08]   Keys to load:           7
[2026-04-08 21:50:08]   Missing keys:           4
[2026-04-08 21:50:08]   Unexpected keys:        0
[2026-04-08 21:50:08]   Missing preview:        ['spatial_conv.1.weight', 'spatial_conv.1.bias', 'final_layer.1.weight', 'final_layer.1.bias']
[2026-04-08 21:50:08]   Unexpected preview:     []
[2026-04-08 21:51:32]   Fold 5/5 | best_epoch=4996 | stop=5000 | val_loss=0.0585 | acc=0.9750 | bal_acc=0.9750
[2026-04-08 21:51:32]   Subject 52 summary: acc=0.9750±0.0158  bal_acc=0.9750±0.0158

[2026-04-08 21:51:32] Subject 53: 200 windows | class_counts=[50, 50, 50, 50]
[2026-04-08 21:51:32]   Fold 1 class counts: train=[32, 32, 32, 32] val=[8, 8, 8, 8] test=[10, 10, 10, 10]
[2026-04-08 21:51:32]   Fold 2 class counts: train=[32, 32, 32, 32] val=[8, 8, 8, 8] test=[10, 10, 10, 10]
[2026-04-08 21:51:32]   Fold 3 class counts: train=[32, 32, 32, 32] val=[8, 8, 8, 8] test=[10, 10, 10, 10]
[2026-04-08 21:51:32]   Fold 4 class counts: train=[32, 32, 32, 32] val=[8, 8, 8, 8] test=[10, 10, 10, 10]
[2026-04-08 21:51:32]   Fold 5 class counts: train=[32, 32, 32, 32] val=[8, 8, 8, 8] test=[10, 10, 10, 10]
[2026-04-08 21:51:32]     Train class counts: [32, 32, 32, 32]
[2026-04-08 21:51:32]     Val class counts:   [8, 8, 8, 8]
[2026-04-08 21:51:32]     Test class counts:  [10, 10, 10, 10]
[2026-04-08 21:51:32] Building model with input window duration: 4.1875 s
[2026-04-08 21:51:32] Pretrained weight loading:
[2026-04-08 21:51:32]   Downloaded keys:        179
[2026-04-08 21:51:32]   Filtered (transformer): 172
[2026-04-08 21:51:32]   Filtered (pos_encoder): 0
[2026-04-08 21:51:32]   Keys to load:           7
[2026-04-08 21:51:32]   Missing keys:           4
[2026-04-08 21:51:32]   Unexpected keys:        0
[2026-04-08 21:51:32]   Missing preview:        ['spatial_conv.1.weight', 'spatial_conv.1.bias', 'final_layer.1.weight', 'final_layer.1.bias']
[2026-04-08 21:51:32]   Unexpected preview:     []
[2026-04-08 21:52:56]   Fold 1/5 | best_epoch=5000 | stop=5000 | val_loss=0.0379 | acc=1.0000 | bal_acc=1.0000
[2026-04-08 21:52:56]     Train class counts: [32, 32, 32, 32]
[2026-04-08 21:52:56]     Val class counts:   [8, 8, 8, 8]
[2026-04-08 21:52:56]     Test class counts:  [10, 10, 10, 10]
[2026-04-08 21:52:56] Building model with input window duration: 4.1875 s
[2026-04-08 21:52:56] Pretrained weight loading:
[2026-04-08 21:52:56]   Downloaded keys:        179
[2026-04-08 21:52:56]   Filtered (transformer): 172
[2026-04-08 21:52:56]   Filtered (pos_encoder): 0
[2026-04-08 21:52:56]   Keys to load:           7
[2026-04-08 21:52:56]   Missing keys:           4
[2026-04-08 21:52:56]   Unexpected keys:        0
[2026-04-08 21:52:56]   Missing preview:        ['spatial_conv.1.weight', 'spatial_conv.1.bias', 'final_layer.1.weight', 'final_layer.1.bias']
[2026-04-08 21:52:56]   Unexpected preview:     []
[2026-04-08 21:54:20]   Fold 2/5 | best_epoch=4995 | stop=5000 | val_loss=0.0121 | acc=1.0000 | bal_acc=1.0000
[2026-04-08 21:54:20]     Train class counts: [32, 32, 32, 32]
[2026-04-08 21:54:20]     Val class counts:   [8, 8, 8, 8]
[2026-04-08 21:54:20]     Test class counts:  [10, 10, 10, 10]
[2026-04-08 21:54:20] Building model with input window duration: 4.1875 s
[2026-04-08 21:54:20] Pretrained weight loading:
[2026-04-08 21:54:20]   Downloaded keys:        179
[2026-04-08 21:54:20]   Filtered (transformer): 172
[2026-04-08 21:54:20]   Filtered (pos_encoder): 0
[2026-04-08 21:54:20]   Keys to load:           7
[2026-04-08 21:54:20]   Missing keys:           4
[2026-04-08 21:54:20]   Unexpected keys:        0
[2026-04-08 21:54:20]   Missing preview:        ['spatial_conv.1.weight', 'spatial_conv.1.bias', 'final_layer.1.weight', 'final_layer.1.bias']
[2026-04-08 21:54:20]   Unexpected preview:     []
[2026-04-08 21:55:44]   Fold 3/5 | best_epoch=5000 | stop=5000 | val_loss=0.0117 | acc=1.0000 | bal_acc=1.0000
[2026-04-08 21:55:44]     Train class counts: [32, 32, 32, 32]
[2026-04-08 21:55:44]     Val class counts:   [8, 8, 8, 8]
[2026-04-08 21:55:44]     Test class counts:  [10, 10, 10, 10]
[2026-04-08 21:55:44] Building model with input window duration: 4.1875 s
[2026-04-08 21:55:44] Pretrained weight loading:
[2026-04-08 21:55:44]   Downloaded keys:        179
[2026-04-08 21:55:44]   Filtered (transformer): 172
[2026-04-08 21:55:44]   Filtered (pos_encoder): 0
[2026-04-08 21:55:44]   Keys to load:           7
[2026-04-08 21:55:44]   Missing keys:           4
[2026-04-08 21:55:44]   Unexpected keys:        0
[2026-04-08 21:55:44]   Missing preview:        ['spatial_conv.1.weight', 'spatial_conv.1.bias', 'final_layer.1.weight', 'final_layer.1.bias']
[2026-04-08 21:55:44]   Unexpected preview:     []
[2026-04-08 21:57:08]   Fold 4/5 | best_epoch=4997 | stop=5000 | val_loss=0.0199 | acc=1.0000 | bal_acc=1.0000
[2026-04-08 21:57:08]     Train class counts: [32, 32, 32, 32]
[2026-04-08 21:57:08]     Val class counts:   [8, 8, 8, 8]
[2026-04-08 21:57:08]     Test class counts:  [10, 10, 10, 10]
[2026-04-08 21:57:08] Building model with input window duration: 4.1875 s
[2026-04-08 21:57:08] Pretrained weight loading:
[2026-04-08 21:57:08]   Downloaded keys:        179
[2026-04-08 21:57:08]   Filtered (transformer): 172
[2026-04-08 21:57:08]   Filtered (pos_encoder): 0
[2026-04-08 21:57:08]   Keys to load:           7
[2026-04-08 21:57:08]   Missing keys:           4
[2026-04-08 21:57:08]   Unexpected keys:        0
[2026-04-08 21:57:08]   Missing preview:        ['spatial_conv.1.weight', 'spatial_conv.1.bias', 'final_layer.1.weight', 'final_layer.1.bias']
[2026-04-08 21:57:08]   Unexpected preview:     []
[2026-04-08 21:58:32]   Fold 5/5 | best_epoch=4999 | stop=5000 | val_loss=0.0173 | acc=1.0000 | bal_acc=1.0000
[2026-04-08 21:58:32]   Subject 53 summary: acc=1.0000±0.0000  bal_acc=1.0000±0.0000

[2026-04-08 21:58:32] Subject 54: 200 windows | class_counts=[50, 50, 50, 50]
[2026-04-08 21:58:32]   Fold 1 class counts: train=[32, 32, 32, 32] val=[8, 8, 8, 8] test=[10, 10, 10, 10]
[2026-04-08 21:58:32]   Fold 2 class counts: train=[32, 32, 32, 32] val=[8, 8, 8, 8] test=[10, 10, 10, 10]
[2026-04-08 21:58:32]   Fold 3 class counts: train=[32, 32, 32, 32] val=[8, 8, 8, 8] test=[10, 10, 10, 10]
[2026-04-08 21:58:32]   Fold 4 class counts: train=[32, 32, 32, 32] val=[8, 8, 8, 8] test=[10, 10, 10, 10]
[2026-04-08 21:58:32]   Fold 5 class counts: train=[32, 32, 32, 32] val=[8, 8, 8, 8] test=[10, 10, 10, 10]
[2026-04-08 21:58:32]     Train class counts: [32, 32, 32, 32]
[2026-04-08 21:58:32]     Val class counts:   [8, 8, 8, 8]
[2026-04-08 21:58:32]     Test class counts:  [10, 10, 10, 10]
[2026-04-08 21:58:32] Building model with input window duration: 4.1875 s
[2026-04-08 21:58:32] Pretrained weight loading:
[2026-04-08 21:58:32]   Downloaded keys:        179
[2026-04-08 21:58:32]   Filtered (transformer): 172
[2026-04-08 21:58:32]   Filtered (pos_encoder): 0
[2026-04-08 21:58:32]   Keys to load:           7
[2026-04-08 21:58:32]   Missing keys:           4
[2026-04-08 21:58:32]   Unexpected keys:        0
[2026-04-08 21:58:32]   Missing preview:        ['spatial_conv.1.weight', 'spatial_conv.1.bias', 'final_layer.1.weight', 'final_layer.1.bias']
[2026-04-08 21:58:32]   Unexpected preview:     []
[2026-04-08 21:59:56]   Fold 1/5 | best_epoch=4999 | stop=5000 | val_loss=0.5005 | acc=0.8250 | bal_acc=0.8250
[2026-04-08 21:59:56]     Train class counts: [32, 32, 32, 32]
[2026-04-08 21:59:56]     Val class counts:   [8, 8, 8, 8]
[2026-04-08 21:59:56]     Test class counts:  [10, 10, 10, 10]
[2026-04-08 21:59:56] Building model with input window duration: 4.1875 s
[2026-04-08 21:59:56] Pretrained weight loading:
[2026-04-08 21:59:56]   Downloaded keys:        179
[2026-04-08 21:59:56]   Filtered (transformer): 172
[2026-04-08 21:59:56]   Filtered (pos_encoder): 0
[2026-04-08 21:59:56]   Keys to load:           7
[2026-04-08 21:59:56]   Missing keys:           4
[2026-04-08 21:59:56]   Unexpected keys:        0
[2026-04-08 21:59:56]   Missing preview:        ['spatial_conv.1.weight', 'spatial_conv.1.bias', 'final_layer.1.weight', 'final_layer.1.bias']
[2026-04-08 21:59:56]   Unexpected preview:     []
[2026-04-08 22:01:13]   Fold 2/5 | best_epoch=4612 | stop=4653 | val_loss=0.5395 | acc=0.8500 | bal_acc=0.8500
[2026-04-08 22:01:13]     Train class counts: [32, 32, 32, 32]
[2026-04-08 22:01:13]     Val class counts:   [8, 8, 8, 8]
[2026-04-08 22:01:13]     Test class counts:  [10, 10, 10, 10]
[2026-04-08 22:01:13] Building model with input window duration: 4.1875 s
[2026-04-08 22:01:13] Pretrained weight loading:
[2026-04-08 22:01:13]   Downloaded keys:        179
[2026-04-08 22:01:13]   Filtered (transformer): 172
[2026-04-08 22:01:13]   Filtered (pos_encoder): 0
[2026-04-08 22:01:13]   Keys to load:           7
[2026-04-08 22:01:13]   Missing keys:           4
[2026-04-08 22:01:13]   Unexpected keys:        0
[2026-04-08 22:01:13]   Missing preview:        ['spatial_conv.1.weight', 'spatial_conv.1.bias', 'final_layer.1.weight', 'final_layer.1.bias']
[2026-04-08 22:01:13]   Unexpected preview:     []
[2026-04-08 22:02:35]   Fold 3/5 | best_epoch=4897 | stop=4947 | val_loss=0.5829 | acc=0.9000 | bal_acc=0.9000
[2026-04-08 22:02:35]     Train class counts: [32, 32, 32, 32]
[2026-04-08 22:02:35]     Val class counts:   [8, 8, 8, 8]
[2026-04-08 22:02:35]     Test class counts:  [10, 10, 10, 10]
[2026-04-08 22:02:35] Building model with input window duration: 4.1875 s
[2026-04-08 22:02:35] Pretrained weight loading:
[2026-04-08 22:02:35]   Downloaded keys:        179
[2026-04-08 22:02:35]   Filtered (transformer): 172
[2026-04-08 22:02:35]   Filtered (pos_encoder): 0
[2026-04-08 22:02:35]   Keys to load:           7
[2026-04-08 22:02:35]   Missing keys:           4
[2026-04-08 22:02:35]   Unexpected keys:        0
[2026-04-08 22:02:35]   Missing preview:        ['spatial_conv.1.weight', 'spatial_conv.1.bias', 'final_layer.1.weight', 'final_layer.1.bias']
[2026-04-08 22:02:35]   Unexpected preview:     []
[2026-04-08 22:03:59]   Fold 4/5 | best_epoch=4997 | stop=5000 | val_loss=0.4996 | acc=0.8250 | bal_acc=0.8250
[2026-04-08 22:03:59]     Train class counts: [32, 32, 32, 32]
[2026-04-08 22:03:59]     Val class counts:   [8, 8, 8, 8]
[2026-04-08 22:03:59]     Test class counts:  [10, 10, 10, 10]
[2026-04-08 22:03:59] Building model with input window duration: 4.1875 s
[2026-04-08 22:03:59] Pretrained weight loading:
[2026-04-08 22:03:59]   Downloaded keys:        179
[2026-04-08 22:03:59]   Filtered (transformer): 172
[2026-04-08 22:03:59]   Filtered (pos_encoder): 0
[2026-04-08 22:03:59]   Keys to load:           7
[2026-04-08 22:03:59]   Missing keys:           4
[2026-04-08 22:03:59]   Unexpected keys:        0
[2026-04-08 22:03:59]   Missing preview:        ['spatial_conv.1.weight', 'spatial_conv.1.bias', 'final_layer.1.weight', 'final_layer.1.bias']
[2026-04-08 22:03:59]   Unexpected preview:     []
[2026-04-08 22:05:22]   Fold 5/5 | best_epoch=4986 | stop=5000 | val_loss=0.4947 | acc=0.7500 | bal_acc=0.7500
[2026-04-08 22:05:22]   Subject 54 summary: acc=0.8300±0.0485  bal_acc=0.8300±0.0485

[2026-04-08 22:05:22] Total folds completed: 35
[2026-04-08 22:05:22] ======================================================================
[2026-04-08 22:05:22] AGGREGATED RESULTS
[2026-04-08 22:05:22] ======================================================================
[2026-04-08 22:05:22]   Subject 48:  acc=0.9950±0.0100  bal_acc=0.9950±0.0100
[2026-04-08 22:05:22]   Subject 49:  acc=0.9600±0.0255  bal_acc=0.9600±0.0255
[2026-04-08 22:05:22]   Subject 50:  acc=0.9850±0.0122  bal_acc=0.9850±0.0122
[2026-04-08 22:05:22]   Subject 51:  acc=0.5200±0.2249  bal_acc=0.5200±0.2249
[2026-04-08 22:05:22]   Subject 52:  acc=0.9750±0.0158  bal_acc=0.9750±0.0158
[2026-04-08 22:05:22]   Subject 53:  acc=1.0000±0.0000  bal_acc=1.0000±0.0000
[2026-04-08 22:05:22]   Subject 54:  acc=0.8300±0.0485  bal_acc=0.8300±0.0485
[2026-04-08 22:05:22] ----------------------------------------------------------------------
[2026-04-08 22:05:22]   OVERALL:      acc=0.8950±0.1847  bal_acc=0.8950±0.1847
[2026-04-08 22:05:22] ======================================================================
[2026-04-08 22:05:22] CV results saved to:      /home/vegorov/Repos/eeg_jepa_research/artifacts/lee-2019-fine-tuning/SSVEP/20260408_2118_e55be510/cv_results.json
[2026-04-08 22:05:22] Subject metrics saved to: /home/vegorov/Repos/eeg_jepa_research/artifacts/lee-2019-fine-tuning/SSVEP/20260408_2118_e55be510/subject_metrics.json
[2026-04-08 22:05:22] Global metrics saved to:  /home/vegorov/Repos/eeg_jepa_research/artifacts/lee-2019-fine-tuning/SSVEP/20260408_2118_e55be510/global_metrics.json
[2026-04-08 22:05:22] Run metadata saved to:    /home/vegorov/Repos/eeg_jepa_research/artifacts/lee-2019-fine-tuning/SSVEP/20260408_2118_e55be510/run_metadata.json

[2026-04-08 22:05:22] All artifacts in: /home/vegorov/Repos/eeg_jepa_research/artifacts/lee-2019-fine-tuning/SSVEP/20260408_2118_e55be510

[2026-04-08 22:05:22] ======================================================================
[2026-04-08 22:05:22] EXPERIMENT SUMMARY
[2026-04-08 22:05:22] ======================================================================
[2026-04-08 22:05:22] Run ID:    20260408_2118_e55be510
[2026-04-08 22:05:22] Artifacts: /home/vegorov/Repos/eeg_jepa_research/artifacts/lee-2019-fine-tuning/SSVEP/20260408_2118_e55be510

[2026-04-08 22:05:22] Configuration:
[2026-04-08 22:05:22]   Subjects:          [48, 49, 50, 51, 52, 53, 54]
[2026-04-08 22:05:22]   Bandpass:          0.5-40.0 Hz
[2026-04-08 22:05:22]   Resample:          128 Hz
[2026-04-08 22:05:22]   CV folds:          5
[2026-04-08 22:05:22]   Learning rate:     0.0001
[2026-04-08 22:05:22]   Batch size:        32
[2026-04-08 22:05:22]   Max epochs:        5000

[2026-04-08 22:05:22] Results:
[2026-04-08 22:05:22]   Mean Accuracy:          0.8950 ± 0.1847
[2026-04-08 22:05:22]   Mean Balanced Accuracy: 0.8950 ± 0.1847
