[2026-03-31 18:08:42] Using device: cpu
[2026-03-31 18:08:42] Seed control enabled: True
[2026-03-31 18:08:42] Base seed: 302
[2026-03-31 18:08:43] Seed initialized: 302
[2026-03-31 18:08:43] ======================================================================
[2026-03-31 18:08:43] CONFIGURATION
[2026-03-31 18:08:43] ======================================================================
[2026-03-31 18:08:43]   artifact_dir: /home/vegorov/Repos/eeg_jepa_research/artifacts/lee-2019-fine-tuning
[2026-03-31 18:08:43]   bandpass_high: 40.0
[2026-03-31 18:08:43]   bandpass_low: 0.5
[2026-03-31 18:08:43]   batch_size: 12
[2026-03-31 18:08:43]   convert_to_uV: True
[2026-03-31 18:08:43]   cv_folds: 5
[2026-03-31 18:08:43]   device: auto
[2026-03-31 18:08:43]   early_stopping_patience: 50
[2026-03-31 18:08:43]   learning_rate: 0.001
[2026-03-31 18:08:43]   n_epochs: 5000
[2026-03-31 18:08:43]   normalization_method: None
[2026-03-31 18:08:43]   normalize: False
[2026-03-31 18:08:43]   paradigm: SSVEP
[2026-03-31 18:08:43]   pretrained_url: https://huggingface.co/braindecode/SignalJEPA/resolve/main/signal-jepa_16s-60_adeuwv4s.pth
[2026-03-31 18:08:43]   seed: 302
[2026-03-31 18:08:43]   set_seed: True
[2026-03-31 18:08:43]   sfreq: 128
[2026-03-31 18:08:43]   subjects_to_use: [51]
[2026-03-31 18:08:43]   val_split: 0.2
[2026-03-31 18:08:43] ======================================================================
[2026-03-31 18:08:43] Config saved to: /home/vegorov/Repos/eeg_jepa_research/artifacts/lee-2019-fine-tuning/SSVEP/20260331_1808_bc72a586/config.json
[2026-03-31 18:08:43] Epoch window configuration:
[2026-03-31 18:08:43]   Target sfreq:                128 Hz
[2026-03-31 18:08:43]   Target duration:             4.190000 s
[2026-03-31 18:08:43]   Window samples (rounded):    536
[2026-03-31 18:08:43]   Base trial samples (4.0 s):  512
[2026-03-31 18:08:43]   Trial stop offset samples:   24
[2026-03-31 18:08:43]   Effective window duration:   4.187500 s
[2026-03-31 18:08:43] Using specified subjects from config: [51]
[2026-03-31 18:08:43] Selected subjects: [51]
[2026-03-31 18:08:43] Expected evaluation folds: 5

[2026-03-31 18:08:43] Building MOABBDataset for Lee2019_SSVEP...
[2026-03-31 18:08:51] MOABBDataset recordings loaded: 1
[2026-03-31 18:08:51] Discovered annotation descriptions (first recording): [np.str_('12.0'), np.str_('5.45'), np.str_('6.67'), np.str_('8.57')]
[2026-03-31 18:08:51] Dataset event_id mapping: {'12.0': 1, '8.57': 2, '6.67': 3, '5.45': 4}
[2026-03-31 18:08:51] Label map (event_code -> class_index): {1: 0, 2: 1, 3: 2, 4: 3}
[2026-03-31 18:08:51] Applying Braindecode preprocessors to MOABBDataset...
[2026-03-31 18:08:54] Preprocessing complete.

[2026-03-31 18:08:54] Post-preprocessing validation
[2026-03-31 18:08:54]   Recordings in DATASET: 1
[2026-03-31 18:08:54]   Unique subject IDs:    ['51']
[2026-03-31 18:08:54]   sfreq (first rec):     128.0 Hz
[2026-03-31 18:08:54]   EEG channel count:     62
[2026-03-31 18:08:54]   First 10 channels:     ['Fp1', 'Fp2', 'F7', 'F3', 'Fz', 'F4', 'F8', 'FC5', 'FC1', 'FC2']
[2026-03-31 18:08:54] Channel consistency summary:
[2026-03-31 18:08:54]   Checked runs: 1
[2026-03-31 18:08:54]   Unique channel counts: [62]
[2026-03-31 18:08:54]   Channel order consistent: True
[2026-03-31 18:08:54] Validated EEG channels: 62
[2026-03-31 18:08:54] First 10 EEG channels: ['Fp1', 'Fp2', 'F7', 'F3', 'Fz', 'F4', 'F8', 'FC5', 'FC1', 'FC2']
[2026-03-31 18:08:54] raw mean_abs=8.654730e+00
[2026-03-31 18:08:54] raw std=3.494582e+01
[2026-03-31 18:08:54] raw first5 channel std= [46.22404553 54.63339771 16.95830183 13.82897057 11.24366025]
[2026-03-31 18:08:54] Requested window samples: 536
[2026-03-31 18:08:54] Base trial samples:       512
[2026-03-31 18:08:54] Stop offset samples:      24
[2026-03-31 18:08:54] Global class counts: [25, 25, 25, 25]
[2026-03-31 18:08:54] Chance level (4-class): 0.25
[2026-03-31 18:08:54] One window shape: (62, 536)
[2026-03-31 18:08:54] One window label: 1
[2026-03-31 18:08:54] Window sample length expected=536, got=536
[2026-03-31 18:08:54] Subjects in window split: [51]
[2026-03-31 18:08:54] Summarizing per-subject windows...
[2026-03-31 18:08:54]   Subject 51: n_windows=100, window_shape=(62, 536), class_counts=[25, 25, 25, 25]
[2026-03-31 18:08:54]    subject_id  n_windows  n_channels  n_times      class_counts
0          51        100          62      536  [25, 25, 25, 25]
[2026-03-31 18:08:54] Window validation summary:
[2026-03-31 18:08:54]   Subject 51: n_windows=100 class_counts=[25, 25, 25, 25]

[2026-03-31 18:08:54] Validated sampling rate target: 128 Hz
[2026-03-31 18:08:54] Validated window sample count:   536
[2026-03-31 18:08:54] Validated window duration:       4.1875 s
[2026-03-31 18:08:54] Validated channel count:         62
[2026-03-31 18:08:54] Total windows retained:          100
[2026-03-31 18:08:54] Preprocessing sanity checks:
[2026-03-31 18:08:54]   One sample label: 1
[2026-03-31 18:08:54]   One sample shape: (62, 536)
[2026-03-31 18:08:54]   Mean(abs(signal)): 4.094026e+00
[2026-03-31 18:08:54]   Mean(signal):      7.346552e-09
[2026-03-31 18:08:54]   Std(signal):       5.860601e+00
[2026-03-31 18:08:54] Building model with input window duration: 4.1875 s
[2026-03-31 18:08:54] SignalJEPA_PreLocal instantiated successfully.
[2026-03-31 18:08:54]   Total parameters:     18,192
[2026-03-31 18:08:54]   Trainable parameters: 18,192
[2026-03-31 18:08:54] ======================================================================================================================================================
Layer (type (var_name):depth-idx)                  Input Shape               Output Shape              Param #                   Kernel Shape
======================================================================================================================================================
SignalJEPA_PreLocal (SignalJEPA_PreLocal)          [1, 62, 536]              [1, 4]                    --                        --
├─Sequential (spatial_conv): 1-1                   [1, 62, 536]              [1, 4, 536]               --                        --
│    └─Rearrange (0): 2-1                          [1, 62, 536]              [1, 1, 62, 536]           --                        --
│    └─Conv2d (1): 2-2                             [1, 1, 62, 536]           [1, 4, 1, 536]            252                       [62, 1]
│    └─Rearrange (2): 2-3                          [1, 4, 1, 536]            [1, 4, 536]               --                        --
├─_ConvFeatureEncoder (feature_encoder): 1-2       [1, 4, 536]               [1, 16, 64]               --                        --
│    └─Rearrange (0): 2-4                          [1, 4, 536]               [4, 1, 536]               --                        --
│    └─Sequential (1): 2-5                         [4, 1, 536]               [4, 8, 64]                --                        --
│    │    └─Conv1d (0): 3-1                        [4, 1, 536]               [4, 8, 64]                256                       [32]
│    │    └─Dropout (1): 3-2                       [4, 8, 64]                [4, 8, 64]                --                        --
│    │    └─GroupNorm (2): 3-3                     [4, 8, 64]                [4, 8, 64]                16                        --
│    │    └─GELU (3): 3-4                          [4, 8, 64]                [4, 8, 64]                --                        --
│    └─Sequential (2): 2-6                         [4, 8, 64]                [4, 16, 32]               --                        --
│    │    └─Conv1d (0): 3-5                        [4, 8, 64]                [4, 16, 32]               256                       [2]
│    │    └─Dropout (1): 3-6                       [4, 16, 32]               [4, 16, 32]               --                        --
│    │    └─GELU (2): 3-7                          [4, 16, 32]               [4, 16, 32]               --                        --
│    └─Sequential (3): 2-7                         [4, 16, 32]               [4, 32, 16]               --                        --
│    │    └─Conv1d (0): 3-8                        [4, 16, 32]               [4, 32, 16]               1,024                     [2]
│    │    └─Dropout (1): 3-9                       [4, 32, 16]               [4, 32, 16]               --                        --
│    │    └─GELU (2): 3-10                         [4, 32, 16]               [4, 32, 16]               --                        --
│    └─Sequential (4): 2-8                         [4, 32, 16]               [4, 64, 8]                --                        --
│    │    └─Conv1d (0): 3-11                       [4, 32, 16]               [4, 64, 8]                4,096                     [2]
│    │    └─Dropout (1): 3-12                      [4, 64, 8]                [4, 64, 8]                --                        --
│    │    └─GELU (2): 3-13                         [4, 64, 8]                [4, 64, 8]                --                        --
│    └─Sequential (5): 2-9                         [4, 64, 8]                [4, 64, 4]                --                        --
│    │    └─Conv1d (0): 3-14                       [4, 64, 8]                [4, 64, 4]                8,192                     [2]
│    │    └─Dropout (1): 3-15                      [4, 64, 4]                [4, 64, 4]                --                        --
│    │    └─GELU (2): 3-16                         [4, 64, 4]                [4, 64, 4]                --                        --
│    └─Rearrange (6): 2-10                         [4, 64, 4]                [1, 16, 64]               --                        --
├─Sequential (final_layer): 1-3                    [1, 16, 64]               [1, 4]                    --                        --
│    └─Flatten (0): 2-11                           [1, 16, 64]               [1, 1024]                 --                        --
│    └─Linear (1): 2-12                            [1, 1024]                 [1, 4]                    4,100                     --
======================================================================================================================================================
Total params: 18,192
Trainable params: 18,192
Non-trainable params: 0
Total mult-adds (Units.MEGABYTES): 0.57
======================================================================================================================================================
Input size (MB): 0.13
Forward/backward pass size (MB): 0.11
Params size (MB): 0.07
Estimated Total Size (MB): 0.31
======================================================================================================================================================
[2026-03-31 18:08:54] Initializing from 16s-60 pretrained checkpoint (Hugging Face):
[2026-03-31 18:08:54]   https://huggingface.co/braindecode/SignalJEPA/resolve/main/signal-jepa_16s-60_adeuwv4s.pth
[2026-03-31 18:08:54]   Downloaded 179 keys
[2026-03-31 18:08:54] ======================================================================
[2026-03-31 18:08:54] STARTING CROSS-VALIDATION
[2026-03-31 18:08:54] ======================================================================
[2026-03-31 18:08:54] Subjects:      [51]
[2026-03-31 18:08:54] CV folds:      5
[2026-03-31 18:08:54] Batch size:    12
[2026-03-31 18:08:54] Max epochs:    5000
[2026-03-31 18:08:54] Device:        cpu
[2026-03-31 18:08:54] Seed control:  True
[2026-03-31 18:08:54] Base seed:     302
[2026-03-31 18:08:54] ======================================================================

[2026-03-31 18:08:54] Subject 51: 100 windows class_counts=[25, 25, 25, 25]
[2026-03-31 18:08:54]   Fold 1 split seed: 303
[2026-03-31 18:08:54]   Fold 1 split class counts:
[2026-03-31 18:08:54]     train=[16, 16, 16, 16] val=[4, 4, 4, 4] test=[5, 5, 5, 5]
[2026-03-31 18:08:54]   Fold 2 split seed: 304
[2026-03-31 18:08:54]   Fold 2 split class counts:
[2026-03-31 18:08:54]     train=[16, 16, 16, 16] val=[4, 4, 4, 4] test=[5, 5, 5, 5]
[2026-03-31 18:08:54]   Fold 3 split seed: 305
[2026-03-31 18:08:54]   Fold 3 split class counts:
[2026-03-31 18:08:54]     train=[16, 16, 16, 16] val=[4, 4, 4, 4] test=[5, 5, 5, 5]
[2026-03-31 18:08:54]   Fold 4 split seed: 306
[2026-03-31 18:08:54]   Fold 4 split class counts:
[2026-03-31 18:08:54]     train=[16, 16, 16, 16] val=[4, 4, 4, 4] test=[5, 5, 5, 5]
[2026-03-31 18:08:54]   Fold 5 split seed: 307
[2026-03-31 18:08:54]   Fold 5 split class counts:
[2026-03-31 18:08:54]     train=[16, 16, 16, 16] val=[4, 4, 4, 4] test=[5, 5, 5, 5]
[2026-03-31 18:08:54]   Subject 51 Fold 1 seed: 5403
[2026-03-31 18:08:54]   Subject 51 Fold 1: n_train=64 n_val=16 n_test=20
[2026-03-31 18:08:54]     Train class counts: [16, 16, 16, 16]
[2026-03-31 18:08:54]     Val class counts:   [4, 4, 4, 4]
[2026-03-31 18:08:54]     Test class counts:  [5, 5, 5, 5]
[2026-03-31 18:08:54] Building model with input window duration: 4.1875 s
[2026-03-31 18:08:54] Pretrained weight loading:
[2026-03-31 18:08:54]   Downloaded keys:        179
[2026-03-31 18:08:54]   Filtered (transformer): 172
[2026-03-31 18:08:54]   Filtered (pos_encoder): 0
[2026-03-31 18:08:54]   Keys to load:           7
[2026-03-31 18:08:54]   Missing keys:           4
[2026-03-31 18:08:54]   Unexpected keys:        0
[2026-03-31 18:08:54]   Missing preview:        ['spatial_conv.1.weight', 'spatial_conv.1.bias', 'final_layer.1.weight', 'final_layer.1.bias']
[2026-03-31 18:08:54]   Unexpected preview:     []
[2026-03-31 18:08:54] Encoder freeze configuration:
[2026-03-31 18:08:54]   Total parameters:        18,192
[2026-03-31 18:08:54]   Trainable parameters:    4,352
[2026-03-31 18:08:54]   Training percentage:     23.9%
[2026-03-31 18:08:54]   Trainable layers: 4
[2026-03-31 18:08:54]     - final_layer.1.bias
[2026-03-31 18:08:54]     - final_layer.1.weight
[2026-03-31 18:08:54]     - spatial_conv.1.bias
[2026-03-31 18:08:54]     - spatial_conv.1.weight
[2026-03-31 18:08:54]     Train generator seeded: True
[2026-03-31 18:08:56]     Stopped epoch:            83
[2026-03-31 18:08:56]     Best epoch (valid_loss):  33
[2026-03-31 18:08:56]     Best valid_loss:          1.3506604731082916
[2026-03-31 18:08:56]     Test accuracy (primary):  0.2500
[2026-03-31 18:08:56]     Test balanced acc:        0.2500
[2026-03-31 18:08:56]     Confusion matrix:         [[1, 0, 1, 3], [3, 0, 0, 2], [3, 0, 2, 0], [0, 2, 1, 2]]
[2026-03-31 18:08:56]     Prediction histogram:     [7, 2, 4, 7]
[2026-03-31 18:08:56]     fold_acc=0.2500 fold_bal_acc=0.2500 cm=[[1, 0, 1, 3], [3, 0, 0, 2], [3, 0, 2, 0], [0, 2, 1, 2]]
[2026-03-31 18:08:56]   Subject 51 Fold 2 seed: 5404
[2026-03-31 18:08:56]   Subject 51 Fold 2: n_train=64 n_val=16 n_test=20
[2026-03-31 18:08:56]     Train class counts: [16, 16, 16, 16]
[2026-03-31 18:08:56]     Val class counts:   [4, 4, 4, 4]
[2026-03-31 18:08:56]     Test class counts:  [5, 5, 5, 5]
[2026-03-31 18:08:56] Building model with input window duration: 4.1875 s
[2026-03-31 18:08:56] Pretrained weight loading:
[2026-03-31 18:08:56]   Downloaded keys:        179
[2026-03-31 18:08:56]   Filtered (transformer): 172
[2026-03-31 18:08:56]   Filtered (pos_encoder): 0
[2026-03-31 18:08:56]   Keys to load:           7
[2026-03-31 18:08:56]   Missing keys:           4
[2026-03-31 18:08:56]   Unexpected keys:        0
[2026-03-31 18:08:56]   Missing preview:        ['spatial_conv.1.weight', 'spatial_conv.1.bias', 'final_layer.1.weight', 'final_layer.1.bias']
[2026-03-31 18:08:56]   Unexpected preview:     []
[2026-03-31 18:08:56] Encoder freeze configuration:
[2026-03-31 18:08:56]   Total parameters:        18,192
[2026-03-31 18:08:56]   Trainable parameters:    4,352
[2026-03-31 18:08:56]   Training percentage:     23.9%
[2026-03-31 18:08:56]   Trainable layers: 4
[2026-03-31 18:08:56]     - final_layer.1.bias
[2026-03-31 18:08:56]     - final_layer.1.weight
[2026-03-31 18:08:56]     - spatial_conv.1.bias
[2026-03-31 18:08:56]     - spatial_conv.1.weight
[2026-03-31 18:08:56]     Train generator seeded: True
[2026-03-31 18:08:59]     Stopped epoch:            179
[2026-03-31 18:08:59]     Best epoch (valid_loss):  177
[2026-03-31 18:08:59]     Best valid_loss:          1.2059353590011597
[2026-03-31 18:08:59]     Test accuracy (primary):  0.3000
[2026-03-31 18:08:59]     Test balanced acc:        0.3000
[2026-03-31 18:08:59]     Confusion matrix:         [[2, 0, 1, 2], [0, 1, 3, 1], [4, 0, 0, 1], [1, 0, 1, 3]]
[2026-03-31 18:08:59]     Prediction histogram:     [7, 1, 5, 7]
[2026-03-31 18:08:59]     fold_acc=0.3000 fold_bal_acc=0.3000 cm=[[2, 0, 1, 2], [0, 1, 3, 1], [4, 0, 0, 1], [1, 0, 1, 3]]
[2026-03-31 18:08:59]   Subject 51 Fold 3 seed: 5405
[2026-03-31 18:08:59]   Subject 51 Fold 3: n_train=64 n_val=16 n_test=20
[2026-03-31 18:08:59]     Train class counts: [16, 16, 16, 16]
[2026-03-31 18:08:59]     Val class counts:   [4, 4, 4, 4]
[2026-03-31 18:08:59]     Test class counts:  [5, 5, 5, 5]
[2026-03-31 18:08:59] Building model with input window duration: 4.1875 s
[2026-03-31 18:08:59] Pretrained weight loading:
[2026-03-31 18:08:59]   Downloaded keys:        179
[2026-03-31 18:08:59]   Filtered (transformer): 172
[2026-03-31 18:08:59]   Filtered (pos_encoder): 0
[2026-03-31 18:08:59]   Keys to load:           7
[2026-03-31 18:08:59]   Missing keys:           4
[2026-03-31 18:08:59]   Unexpected keys:        0
[2026-03-31 18:08:59]   Missing preview:        ['spatial_conv.1.weight', 'spatial_conv.1.bias', 'final_layer.1.weight', 'final_layer.1.bias']
[2026-03-31 18:08:59]   Unexpected preview:     []
[2026-03-31 18:08:59] Encoder freeze configuration:
[2026-03-31 18:08:59]   Total parameters:        18,192
[2026-03-31 18:08:59]   Trainable parameters:    4,352
[2026-03-31 18:08:59]   Training percentage:     23.9%
[2026-03-31 18:08:59]   Trainable layers: 4
[2026-03-31 18:08:59]     - final_layer.1.bias
[2026-03-31 18:08:59]     - final_layer.1.weight
[2026-03-31 18:08:59]     - spatial_conv.1.bias
[2026-03-31 18:08:59]     - spatial_conv.1.weight
[2026-03-31 18:08:59]     Train generator seeded: True
[2026-03-31 18:09:00]     Stopped epoch:            108
[2026-03-31 18:09:00]     Best epoch (valid_loss):  58
[2026-03-31 18:09:00]     Best valid_loss:          1.339123249053955
[2026-03-31 18:09:00]     Test accuracy (primary):  0.3500
[2026-03-31 18:09:00]     Test balanced acc:        0.3500
[2026-03-31 18:09:00]     Confusion matrix:         [[0, 1, 4, 0], [1, 2, 0, 2], [0, 0, 2, 3], [0, 1, 1, 3]]
[2026-03-31 18:09:00]     Prediction histogram:     [1, 4, 7, 8]
[2026-03-31 18:09:00]     fold_acc=0.3500 fold_bal_acc=0.3500 cm=[[0, 1, 4, 0], [1, 2, 0, 2], [0, 0, 2, 3], [0, 1, 1, 3]]
[2026-03-31 18:09:00]   Subject 51 Fold 4 seed: 5406
[2026-03-31 18:09:00]   Subject 51 Fold 4: n_train=64 n_val=16 n_test=20
[2026-03-31 18:09:00]     Train class counts: [16, 16, 16, 16]
[2026-03-31 18:09:00]     Val class counts:   [4, 4, 4, 4]
[2026-03-31 18:09:00]     Test class counts:  [5, 5, 5, 5]
[2026-03-31 18:09:00] Building model with input window duration: 4.1875 s
[2026-03-31 18:09:00] Pretrained weight loading:
[2026-03-31 18:09:00]   Downloaded keys:        179
[2026-03-31 18:09:00]   Filtered (transformer): 172
[2026-03-31 18:09:00]   Filtered (pos_encoder): 0
[2026-03-31 18:09:00]   Keys to load:           7
[2026-03-31 18:09:00]   Missing keys:           4
[2026-03-31 18:09:00]   Unexpected keys:        0
[2026-03-31 18:09:00]   Missing preview:        ['spatial_conv.1.weight', 'spatial_conv.1.bias', 'final_layer.1.weight', 'final_layer.1.bias']
[2026-03-31 18:09:00]   Unexpected preview:     []
[2026-03-31 18:09:00] Encoder freeze configuration:
[2026-03-31 18:09:00]   Total parameters:        18,192
[2026-03-31 18:09:00]   Trainable parameters:    4,352
[2026-03-31 18:09:00]   Training percentage:     23.9%
[2026-03-31 18:09:00]   Trainable layers: 4
[2026-03-31 18:09:00]     - final_layer.1.bias
[2026-03-31 18:09:00]     - final_layer.1.weight
[2026-03-31 18:09:00]     - spatial_conv.1.bias
[2026-03-31 18:09:00]     - spatial_conv.1.weight
[2026-03-31 18:09:00]     Train generator seeded: True
[2026-03-31 18:09:01]     Stopped epoch:            85
[2026-03-31 18:09:01]     Best epoch (valid_loss):  35
[2026-03-31 18:09:01]     Best valid_loss:          1.355938583612442
[2026-03-31 18:09:01]     Test accuracy (primary):  0.4000
[2026-03-31 18:09:01]     Test balanced acc:        0.4000
[2026-03-31 18:09:01]     Confusion matrix:         [[3, 0, 0, 2], [2, 2, 0, 1], [4, 0, 1, 0], [1, 1, 1, 2]]
[2026-03-31 18:09:01]     Prediction histogram:     [10, 3, 2, 5]
[2026-03-31 18:09:01]     fold_acc=0.4000 fold_bal_acc=0.4000 cm=[[3, 0, 0, 2], [2, 2, 0, 1], [4, 0, 1, 0], [1, 1, 1, 2]]
[2026-03-31 18:09:01]   Subject 51 Fold 5 seed: 5407
[2026-03-31 18:09:01]   Subject 51 Fold 5: n_train=64 n_val=16 n_test=20
[2026-03-31 18:09:01]     Train class counts: [16, 16, 16, 16]
[2026-03-31 18:09:01]     Val class counts:   [4, 4, 4, 4]
[2026-03-31 18:09:01]     Test class counts:  [5, 5, 5, 5]
[2026-03-31 18:09:01] Building model with input window duration: 4.1875 s
[2026-03-31 18:09:01] Pretrained weight loading:
[2026-03-31 18:09:01]   Downloaded keys:        179
[2026-03-31 18:09:01]   Filtered (transformer): 172
[2026-03-31 18:09:01]   Filtered (pos_encoder): 0
[2026-03-31 18:09:01]   Keys to load:           7
[2026-03-31 18:09:01]   Missing keys:           4
[2026-03-31 18:09:01]   Unexpected keys:        0
[2026-03-31 18:09:01]   Missing preview:        ['spatial_conv.1.weight', 'spatial_conv.1.bias', 'final_layer.1.weight', 'final_layer.1.bias']
[2026-03-31 18:09:01]   Unexpected preview:     []
[2026-03-31 18:09:01] Encoder freeze configuration:
[2026-03-31 18:09:01]   Total parameters:        18,192
[2026-03-31 18:09:01]   Trainable parameters:    4,352
[2026-03-31 18:09:01]   Training percentage:     23.9%
[2026-03-31 18:09:01]   Trainable layers: 4
[2026-03-31 18:09:01]     - final_layer.1.bias
[2026-03-31 18:09:01]     - final_layer.1.weight
[2026-03-31 18:09:01]     - spatial_conv.1.bias
[2026-03-31 18:09:01]     - spatial_conv.1.weight
[2026-03-31 18:09:01]     Train generator seeded: True
[2026-03-31 18:09:03]     Stopped epoch:            117
[2026-03-31 18:09:03]     Best epoch (valid_loss):  67
[2026-03-31 18:09:03]     Best valid_loss:          1.3653363287448883
[2026-03-31 18:09:03]     Test accuracy (primary):  0.2500
[2026-03-31 18:09:03]     Test balanced acc:        0.2500
[2026-03-31 18:09:03]     Confusion matrix:         [[1, 0, 2, 2], [1, 1, 1, 2], [0, 3, 2, 0], [2, 0, 2, 1]]
[2026-03-31 18:09:03]     Prediction histogram:     [4, 4, 7, 5]
[2026-03-31 18:09:03]     fold_acc=0.2500 fold_bal_acc=0.2500 cm=[[1, 0, 2, 2], [1, 1, 1, 2], [0, 3, 2, 0], [2, 0, 2, 1]]
[2026-03-31 18:09:03]   Subject 51 mean accuracy: 0.3100

[2026-03-31 18:09:03] Total folds completed: 5
[2026-03-31 18:09:03] ======================================================================
[2026-03-31 18:09:03] AGGREGATED RESULTS
[2026-03-31 18:09:03] ======================================================================
[2026-03-31 18:09:03]   Subject 51:  acc=0.3100±0.0583  bal_acc=0.3100±0.0583
[2026-03-31 18:09:03] ----------------------------------------------------------------------
[2026-03-31 18:09:03]   OVERALL:      acc=0.3100±0.0583  bal_acc=0.3100±0.0583
[2026-03-31 18:09:03] ======================================================================
[2026-03-31 18:09:03] CV results saved to:      /home/vegorov/Repos/eeg_jepa_research/artifacts/lee-2019-fine-tuning/SSVEP/20260331_1808_bc72a586/cv_results.json
[2026-03-31 18:09:03] Subject metrics saved to: /home/vegorov/Repos/eeg_jepa_research/artifacts/lee-2019-fine-tuning/SSVEP/20260331_1808_bc72a586/subject_metrics.json
[2026-03-31 18:09:03] Global metrics saved to:  /home/vegorov/Repos/eeg_jepa_research/artifacts/lee-2019-fine-tuning/SSVEP/20260331_1808_bc72a586/global_metrics.json
[2026-03-31 18:09:03] Run metadata saved to:    /home/vegorov/Repos/eeg_jepa_research/artifacts/lee-2019-fine-tuning/SSVEP/20260331_1808_bc72a586/run_metadata.json

[2026-03-31 18:09:03] All artifacts in: /home/vegorov/Repos/eeg_jepa_research/artifacts/lee-2019-fine-tuning/SSVEP/20260331_1808_bc72a586

[2026-03-31 18:09:03] ======================================================================
[2026-03-31 18:09:03] EXPERIMENT SUMMARY
[2026-03-31 18:09:03] ======================================================================
[2026-03-31 18:09:03] Run ID:    20260331_1808_bc72a586
[2026-03-31 18:09:03] Artifacts: /home/vegorov/Repos/eeg_jepa_research/artifacts/lee-2019-fine-tuning/SSVEP/20260331_1808_bc72a586

[2026-03-31 18:09:03] Configuration:
[2026-03-31 18:09:03]   Subjects:          [51]
[2026-03-31 18:09:03]   Bandpass:          0.5-40.0 Hz
[2026-03-31 18:09:03]   Resample:          128 Hz
[2026-03-31 18:09:03]   CV folds:          5
[2026-03-31 18:09:03]   Learning rate:     0.001
[2026-03-31 18:09:03]   Batch size:        12
[2026-03-31 18:09:03]   Max epochs:        5000

[2026-03-31 18:09:03] Results:
[2026-03-31 18:09:03]   Mean Accuracy:          0.3100 ± 0.0583
[2026-03-31 18:09:03]   Mean Balanced Accuracy: 0.3100 ± 0.0583
