[2026-04-01 09:59:34] Using device: cpu
[2026-04-01 09:59:34] Seed control enabled: True
[2026-04-01 09:59:34] Base seed: 2020
[2026-04-01 09:59:35] Seed initialized: 2020
[2026-04-01 09:59:35] ======================================================================
[2026-04-01 09:59:35] CONFIGURATION
[2026-04-01 09:59:35] ======================================================================
[2026-04-01 09:59:35]   artifact_dir: /home/vegorov/Repos/eeg_jepa_research/artifacts/lee-2019-fine-tuning
[2026-04-01 09:59:35]   bandpass_high: 40.0
[2026-04-01 09:59:35]   bandpass_low: 0.5
[2026-04-01 09:59:35]   batch_size: 32
[2026-04-01 09:59:35]   convert_to_uV: True
[2026-04-01 09:59:35]   cv_folds: 5
[2026-04-01 09:59:35]   device: auto
[2026-04-01 09:59:35]   early_stopping_patience: 50
[2026-04-01 09:59:35]   learning_rate: 0.002
[2026-04-01 09:59:35]   n_epochs: 5000
[2026-04-01 09:59:35]   normalization_method: None
[2026-04-01 09:59:35]   normalize: False
[2026-04-01 09:59:35]   paradigm: SSVEP
[2026-04-01 09:59:35]   pretrained_url: https://huggingface.co/braindecode/SignalJEPA/resolve/main/signal-jepa_16s-60_adeuwv4s.pth
[2026-04-01 09:59:35]   seed: 2020
[2026-04-01 09:59:35]   set_seed: True
[2026-04-01 09:59:35]   sfreq: 128
[2026-04-01 09:59:35]   subjects_to_use: [51]
[2026-04-01 09:59:35]   val_split: 0.2
[2026-04-01 09:59:35] ======================================================================
[2026-04-01 09:59:35] Config saved to: /home/vegorov/Repos/eeg_jepa_research/artifacts/lee-2019-fine-tuning/SSVEP/20260401_0959_3a635aa0/config.json
[2026-04-01 09:59:35] Epoch window configuration:
[2026-04-01 09:59:35]   Target sfreq:                128 Hz
[2026-04-01 09:59:35]   Target duration:             4.190000 s
[2026-04-01 09:59:35]   Window samples (rounded):    536
[2026-04-01 09:59:35]   Base trial samples (4.0 s):  512
[2026-04-01 09:59:35]   Trial stop offset samples:   24
[2026-04-01 09:59:35]   Effective window duration:   4.187500 s
[2026-04-01 09:59:35] Using specified subjects from config: [51]
[2026-04-01 09:59:35] Selected subjects: [51]
[2026-04-01 09:59:35] Expected evaluation folds: 5

[2026-04-01 09:59:35] Building MOABBDataset for Lee2019_SSVEP...
[2026-04-01 09:59:43] MOABBDataset recordings loaded: 1
[2026-04-01 09:59:43] Discovered annotation descriptions (first recording): [np.str_('12.0'), np.str_('5.45'), np.str_('6.67'), np.str_('8.57')]
[2026-04-01 09:59:43] Dataset event_id mapping: {'12.0': 1, '8.57': 2, '6.67': 3, '5.45': 4}
[2026-04-01 09:59:43] Label map (event_code -> class_index): {1: 0, 2: 1, 3: 2, 4: 3}
[2026-04-01 09:59:44] Applying Braindecode preprocessors to MOABBDataset...
[2026-04-01 09:59:46] Preprocessing complete.

[2026-04-01 09:59:46] Post-preprocessing validation
[2026-04-01 09:59:46]   Recordings in DATASET: 1
[2026-04-01 09:59:46]   Unique subject IDs:    ['51']
[2026-04-01 09:59:46]   sfreq (first rec):     128.0 Hz
[2026-04-01 09:59:46]   EEG channel count:     62
[2026-04-01 09:59:46]   First 10 channels:     ['Fp1', 'Fp2', 'F7', 'F3', 'Fz', 'F4', 'F8', 'FC5', 'FC1', 'FC2']
[2026-04-01 09:59:46] Channel consistency summary:
[2026-04-01 09:59:46]   Checked runs: 1
[2026-04-01 09:59:46]   Unique channel counts: [62]
[2026-04-01 09:59:46]   Channel order consistent: True
[2026-04-01 09:59:46] Validated EEG channels: 62
[2026-04-01 09:59:46] First 10 EEG channels: ['Fp1', 'Fp2', 'F7', 'F3', 'Fz', 'F4', 'F8', 'FC5', 'FC1', 'FC2']
[2026-04-01 09:59:47] raw mean_abs=8.654730e+00
[2026-04-01 09:59:47] raw std=3.494582e+01
[2026-04-01 09:59:47] raw first5 channel std= [46.22404553 54.63339771 16.95830183 13.82897057 11.24366025]
[2026-04-01 09:59:47] Requested window samples: 536
[2026-04-01 09:59:47] Base trial samples:       512
[2026-04-01 09:59:47] Stop offset samples:      24
[2026-04-01 09:59:47] Global class counts: [25, 25, 25, 25]
[2026-04-01 09:59:47] Chance level (4-class): 0.25
[2026-04-01 09:59:47] One window shape: (62, 536)
[2026-04-01 09:59:47] One window label: 1
[2026-04-01 09:59:47] Window sample length expected=536, got=536
[2026-04-01 09:59:47] Subjects in window split: [51]
[2026-04-01 09:59:47] Summarizing per-subject windows...
[2026-04-01 09:59:47]   Subject 51: n_windows=100, window_shape=(62, 536), class_counts=[25, 25, 25, 25]
[2026-04-01 09:59:47]    subject_id  n_windows  n_channels  n_times      class_counts
0          51        100          62      536  [25, 25, 25, 25]
[2026-04-01 09:59:47] Window validation summary:
[2026-04-01 09:59:47]   Subject 51: n_windows=100 class_counts=[25, 25, 25, 25]

[2026-04-01 09:59:47] Validated sampling rate target: 128 Hz
[2026-04-01 09:59:47] Validated window sample count:   536
[2026-04-01 09:59:47] Validated window duration:       4.1875 s
[2026-04-01 09:59:47] Validated channel count:         62
[2026-04-01 09:59:47] Total windows retained:          100
[2026-04-01 09:59:47] Preprocessing sanity checks:
[2026-04-01 09:59:47]   One sample label: 1
[2026-04-01 09:59:47]   One sample shape: (62, 536)
[2026-04-01 09:59:47]   Mean(abs(signal)): 4.094026e+00
[2026-04-01 09:59:47]   Mean(signal):      7.346552e-09
[2026-04-01 09:59:47]   Std(signal):       5.860601e+00
[2026-04-01 09:59:47] Building model with input window duration: 4.1875 s
[2026-04-01 09:59:47] SignalJEPA_PreLocal instantiated successfully.
[2026-04-01 09:59:47]   Total parameters:     18,192
[2026-04-01 09:59:47]   Trainable parameters: 18,192
[2026-04-01 09:59:47] ======================================================================================================================================================
Layer (type (var_name):depth-idx)                  Input Shape               Output Shape              Param #                   Kernel Shape
======================================================================================================================================================
SignalJEPA_PreLocal (SignalJEPA_PreLocal)          [1, 62, 536]              [1, 4]                    --                        --
├─Sequential (spatial_conv): 1-1                   [1, 62, 536]              [1, 4, 536]               --                        --
│    └─Rearrange (0): 2-1                          [1, 62, 536]              [1, 1, 62, 536]           --                        --
│    └─Conv2d (1): 2-2                             [1, 1, 62, 536]           [1, 4, 1, 536]            252                       [62, 1]
│    └─Rearrange (2): 2-3                          [1, 4, 1, 536]            [1, 4, 536]               --                        --
├─_ConvFeatureEncoder (feature_encoder): 1-2       [1, 4, 536]               [1, 16, 64]               --                        --
│    └─Rearrange (0): 2-4                          [1, 4, 536]               [4, 1, 536]               --                        --
│    └─Sequential (1): 2-5                         [4, 1, 536]               [4, 8, 64]                --                        --
│    │    └─Conv1d (0): 3-1                        [4, 1, 536]               [4, 8, 64]                256                       [32]
│    │    └─Dropout (1): 3-2                       [4, 8, 64]                [4, 8, 64]                --                        --
│    │    └─GroupNorm (2): 3-3                     [4, 8, 64]                [4, 8, 64]                16                        --
│    │    └─GELU (3): 3-4                          [4, 8, 64]                [4, 8, 64]                --                        --
│    └─Sequential (2): 2-6                         [4, 8, 64]                [4, 16, 32]               --                        --
│    │    └─Conv1d (0): 3-5                        [4, 8, 64]                [4, 16, 32]               256                       [2]
│    │    └─Dropout (1): 3-6                       [4, 16, 32]               [4, 16, 32]               --                        --
│    │    └─GELU (2): 3-7                          [4, 16, 32]               [4, 16, 32]               --                        --
│    └─Sequential (3): 2-7                         [4, 16, 32]               [4, 32, 16]               --                        --
│    │    └─Conv1d (0): 3-8                        [4, 16, 32]               [4, 32, 16]               1,024                     [2]
│    │    └─Dropout (1): 3-9                       [4, 32, 16]               [4, 32, 16]               --                        --
│    │    └─GELU (2): 3-10                         [4, 32, 16]               [4, 32, 16]               --                        --
│    └─Sequential (4): 2-8                         [4, 32, 16]               [4, 64, 8]                --                        --
│    │    └─Conv1d (0): 3-11                       [4, 32, 16]               [4, 64, 8]                4,096                     [2]
│    │    └─Dropout (1): 3-12                      [4, 64, 8]                [4, 64, 8]                --                        --
│    │    └─GELU (2): 3-13                         [4, 64, 8]                [4, 64, 8]                --                        --
│    └─Sequential (5): 2-9                         [4, 64, 8]                [4, 64, 4]                --                        --
│    │    └─Conv1d (0): 3-14                       [4, 64, 8]                [4, 64, 4]                8,192                     [2]
│    │    └─Dropout (1): 3-15                      [4, 64, 4]                [4, 64, 4]                --                        --
│    │    └─GELU (2): 3-16                         [4, 64, 4]                [4, 64, 4]                --                        --
│    └─Rearrange (6): 2-10                         [4, 64, 4]                [1, 16, 64]               --                        --
├─Sequential (final_layer): 1-3                    [1, 16, 64]               [1, 4]                    --                        --
│    └─Flatten (0): 2-11                           [1, 16, 64]               [1, 1024]                 --                        --
│    └─Linear (1): 2-12                            [1, 1024]                 [1, 4]                    4,100                     --
======================================================================================================================================================
Total params: 18,192
Trainable params: 18,192
Non-trainable params: 0
Total mult-adds (Units.MEGABYTES): 0.57
======================================================================================================================================================
Input size (MB): 0.13
Forward/backward pass size (MB): 0.11
Params size (MB): 0.07
Estimated Total Size (MB): 0.31
======================================================================================================================================================
[2026-04-01 09:59:47] Initializing from 16s-60 pretrained checkpoint (Hugging Face):
[2026-04-01 09:59:47]   https://huggingface.co/braindecode/SignalJEPA/resolve/main/signal-jepa_16s-60_adeuwv4s.pth
[2026-04-01 09:59:47]   Downloaded 179 keys
[2026-04-01 09:59:47] ======================================================================
[2026-04-01 09:59:47] STARTING CROSS-VALIDATION
[2026-04-01 09:59:47] ======================================================================
[2026-04-01 09:59:47] Subjects:      [51]
[2026-04-01 09:59:47] CV folds:      5
[2026-04-01 09:59:47] Batch size:    32
[2026-04-01 09:59:47] Max epochs:    5000
[2026-04-01 09:59:47] Device:        cpu
[2026-04-01 09:59:47] Seed control:  True
[2026-04-01 09:59:47] Base seed:     2020
[2026-04-01 09:59:47] ======================================================================

[2026-04-01 09:59:47] Subject 51: 100 windows class_counts=[25, 25, 25, 25]
[2026-04-01 09:59:47]   Fold 1 split seed: 2021
[2026-04-01 09:59:47]   Fold 1 split class counts:
[2026-04-01 09:59:47]     train=[16, 16, 16, 16] val=[4, 4, 4, 4] test=[5, 5, 5, 5]
[2026-04-01 09:59:47]   Fold 2 split seed: 2022
[2026-04-01 09:59:47]   Fold 2 split class counts:
[2026-04-01 09:59:47]     train=[16, 16, 16, 16] val=[4, 4, 4, 4] test=[5, 5, 5, 5]
[2026-04-01 09:59:47]   Fold 3 split seed: 2023
[2026-04-01 09:59:47]   Fold 3 split class counts:
[2026-04-01 09:59:47]     train=[16, 16, 16, 16] val=[4, 4, 4, 4] test=[5, 5, 5, 5]
[2026-04-01 09:59:47]   Fold 4 split seed: 2024
[2026-04-01 09:59:47]   Fold 4 split class counts:
[2026-04-01 09:59:47]     train=[16, 16, 16, 16] val=[4, 4, 4, 4] test=[5, 5, 5, 5]
[2026-04-01 09:59:47]   Fold 5 split seed: 2025
[2026-04-01 09:59:47]   Fold 5 split class counts:
[2026-04-01 09:59:47]     train=[16, 16, 16, 16] val=[4, 4, 4, 4] test=[5, 5, 5, 5]
[2026-04-01 09:59:47]   Subject 51 Fold 1 seed: 7121
[2026-04-01 09:59:47]   Subject 51 Fold 1: n_train=64 n_val=16 n_test=20
[2026-04-01 09:59:47]     Train class counts: [16, 16, 16, 16]
[2026-04-01 09:59:47]     Val class counts:   [4, 4, 4, 4]
[2026-04-01 09:59:47]     Test class counts:  [5, 5, 5, 5]
[2026-04-01 09:59:47] Building model with input window duration: 4.1875 s
[2026-04-01 09:59:47] Pretrained weight loading:
[2026-04-01 09:59:47]   Downloaded keys:        179
[2026-04-01 09:59:47]   Filtered (transformer): 172
[2026-04-01 09:59:47]   Filtered (pos_encoder): 0
[2026-04-01 09:59:47]   Keys to load:           7
[2026-04-01 09:59:47]   Missing keys:           4
[2026-04-01 09:59:47]   Unexpected keys:        0
[2026-04-01 09:59:47]   Missing preview:        ['spatial_conv.1.weight', 'spatial_conv.1.bias', 'final_layer.1.weight', 'final_layer.1.bias']
[2026-04-01 09:59:47]   Unexpected preview:     []
[2026-04-01 09:59:47] Encoder freeze configuration:
[2026-04-01 09:59:47]   Total parameters:        18,192
[2026-04-01 09:59:47]   Trainable parameters:    4,352
[2026-04-01 09:59:47]   Training percentage:     23.9%
[2026-04-01 09:59:47]   Trainable layers: 4
[2026-04-01 09:59:47]     - final_layer.1.bias
[2026-04-01 09:59:47]     - final_layer.1.weight
[2026-04-01 09:59:47]     - spatial_conv.1.bias
[2026-04-01 09:59:47]     - spatial_conv.1.weight
[2026-04-01 09:59:47]     Train generator seeded: True
[2026-04-01 09:59:48]     Stopped epoch:            148
[2026-04-01 09:59:48]     Best epoch (valid_loss):  98
[2026-04-01 09:59:48]     Best valid_loss:          1.268459439277649
[2026-04-01 09:59:48]     Test accuracy (primary):  0.3500
[2026-04-01 09:59:48]     Test balanced acc:        0.3500
[2026-04-01 09:59:48]     Confusion matrix:         [[2, 0, 2, 1], [1, 1, 0, 3], [1, 2, 2, 0], [1, 1, 1, 2]]
[2026-04-01 09:59:48]     Prediction histogram:     [5, 4, 5, 6]
[2026-04-01 09:59:48]     fold_acc=0.3500 fold_bal_acc=0.3500 cm=[[2, 0, 2, 1], [1, 1, 0, 3], [1, 2, 2, 0], [1, 1, 1, 2]]
[2026-04-01 09:59:48]   Subject 51 Fold 2 seed: 7122
[2026-04-01 09:59:48]   Subject 51 Fold 2: n_train=64 n_val=16 n_test=20
[2026-04-01 09:59:48]     Train class counts: [16, 16, 16, 16]
[2026-04-01 09:59:48]     Val class counts:   [4, 4, 4, 4]
[2026-04-01 09:59:48]     Test class counts:  [5, 5, 5, 5]
[2026-04-01 09:59:48] Building model with input window duration: 4.1875 s
[2026-04-01 09:59:48] Pretrained weight loading:
[2026-04-01 09:59:48]   Downloaded keys:        179
[2026-04-01 09:59:48]   Filtered (transformer): 172
[2026-04-01 09:59:48]   Filtered (pos_encoder): 0
[2026-04-01 09:59:48]   Keys to load:           7
[2026-04-01 09:59:48]   Missing keys:           4
[2026-04-01 09:59:48]   Unexpected keys:        0
[2026-04-01 09:59:48]   Missing preview:        ['spatial_conv.1.weight', 'spatial_conv.1.bias', 'final_layer.1.weight', 'final_layer.1.bias']
[2026-04-01 09:59:48]   Unexpected preview:     []
[2026-04-01 09:59:48] Encoder freeze configuration:
[2026-04-01 09:59:48]   Total parameters:        18,192
[2026-04-01 09:59:48]   Trainable parameters:    4,352
[2026-04-01 09:59:48]   Training percentage:     23.9%
[2026-04-01 09:59:48]   Trainable layers: 4
[2026-04-01 09:59:48]     - final_layer.1.bias
[2026-04-01 09:59:48]     - final_layer.1.weight
[2026-04-01 09:59:48]     - spatial_conv.1.bias
[2026-04-01 09:59:48]     - spatial_conv.1.weight
[2026-04-01 09:59:48]     Train generator seeded: True
[2026-04-01 09:59:49]     Stopped epoch:            69
[2026-04-01 09:59:49]     Best epoch (valid_loss):  19
[2026-04-01 09:59:49]     Best valid_loss:          1.372223973274231
[2026-04-01 09:59:49]     Test accuracy (primary):  0.2500
[2026-04-01 09:59:49]     Test balanced acc:        0.2500
[2026-04-01 09:59:49]     Confusion matrix:         [[0, 2, 1, 2], [0, 0, 2, 3], [0, 0, 3, 2], [2, 0, 1, 2]]
[2026-04-01 09:59:49]     Prediction histogram:     [2, 2, 7, 9]
[2026-04-01 09:59:49]     fold_acc=0.2500 fold_bal_acc=0.2500 cm=[[0, 2, 1, 2], [0, 0, 2, 3], [0, 0, 3, 2], [2, 0, 1, 2]]
[2026-04-01 09:59:49]   Subject 51 Fold 3 seed: 7123
[2026-04-01 09:59:49]   Subject 51 Fold 3: n_train=64 n_val=16 n_test=20
[2026-04-01 09:59:49]     Train class counts: [16, 16, 16, 16]
[2026-04-01 09:59:49]     Val class counts:   [4, 4, 4, 4]
[2026-04-01 09:59:49]     Test class counts:  [5, 5, 5, 5]
[2026-04-01 09:59:49] Building model with input window duration: 4.1875 s
[2026-04-01 09:59:49] Pretrained weight loading:
[2026-04-01 09:59:49]   Downloaded keys:        179
[2026-04-01 09:59:49]   Filtered (transformer): 172
[2026-04-01 09:59:49]   Filtered (pos_encoder): 0
[2026-04-01 09:59:49]   Keys to load:           7
[2026-04-01 09:59:49]   Missing keys:           4
[2026-04-01 09:59:49]   Unexpected keys:        0
[2026-04-01 09:59:49]   Missing preview:        ['spatial_conv.1.weight', 'spatial_conv.1.bias', 'final_layer.1.weight', 'final_layer.1.bias']
[2026-04-01 09:59:49]   Unexpected preview:     []
[2026-04-01 09:59:49] Encoder freeze configuration:
[2026-04-01 09:59:49]   Total parameters:        18,192
[2026-04-01 09:59:49]   Trainable parameters:    4,352
[2026-04-01 09:59:49]   Training percentage:     23.9%
[2026-04-01 09:59:49]   Trainable layers: 4
[2026-04-01 09:59:49]     - final_layer.1.bias
[2026-04-01 09:59:49]     - final_layer.1.weight
[2026-04-01 09:59:49]     - spatial_conv.1.bias
[2026-04-01 09:59:49]     - spatial_conv.1.weight
[2026-04-01 09:59:49]     Train generator seeded: True
[2026-04-01 09:59:50]     Stopped epoch:            147
[2026-04-01 09:59:50]     Best epoch (valid_loss):  97
[2026-04-01 09:59:50]     Best valid_loss:          1.2524038553237915
[2026-04-01 09:59:50]     Test accuracy (primary):  0.4000
[2026-04-01 09:59:50]     Test balanced acc:        0.4000
[2026-04-01 09:59:50]     Confusion matrix:         [[1, 0, 2, 2], [0, 4, 1, 0], [3, 1, 1, 0], [0, 3, 0, 2]]
[2026-04-01 09:59:50]     Prediction histogram:     [4, 8, 4, 4]
[2026-04-01 09:59:50]     fold_acc=0.4000 fold_bal_acc=0.4000 cm=[[1, 0, 2, 2], [0, 4, 1, 0], [3, 1, 1, 0], [0, 3, 0, 2]]
[2026-04-01 09:59:50]   Subject 51 Fold 4 seed: 7124
[2026-04-01 09:59:50]   Subject 51 Fold 4: n_train=64 n_val=16 n_test=20
[2026-04-01 09:59:50]     Train class counts: [16, 16, 16, 16]
[2026-04-01 09:59:50]     Val class counts:   [4, 4, 4, 4]
[2026-04-01 09:59:50]     Test class counts:  [5, 5, 5, 5]
[2026-04-01 09:59:50] Building model with input window duration: 4.1875 s
[2026-04-01 09:59:50] Pretrained weight loading:
[2026-04-01 09:59:50]   Downloaded keys:        179
[2026-04-01 09:59:50]   Filtered (transformer): 172
[2026-04-01 09:59:50]   Filtered (pos_encoder): 0
[2026-04-01 09:59:50]   Keys to load:           7
[2026-04-01 09:59:50]   Missing keys:           4
[2026-04-01 09:59:50]   Unexpected keys:        0
[2026-04-01 09:59:50]   Missing preview:        ['spatial_conv.1.weight', 'spatial_conv.1.bias', 'final_layer.1.weight', 'final_layer.1.bias']
[2026-04-01 09:59:50]   Unexpected preview:     []
[2026-04-01 09:59:50] Encoder freeze configuration:
[2026-04-01 09:59:50]   Total parameters:        18,192
[2026-04-01 09:59:50]   Trainable parameters:    4,352
[2026-04-01 09:59:50]   Training percentage:     23.9%
[2026-04-01 09:59:50]   Trainable layers: 4
[2026-04-01 09:59:50]     - final_layer.1.bias
[2026-04-01 09:59:50]     - final_layer.1.weight
[2026-04-01 09:59:50]     - spatial_conv.1.bias
[2026-04-01 09:59:50]     - spatial_conv.1.weight
[2026-04-01 09:59:50]     Train generator seeded: True
[2026-04-01 09:59:51]     Stopped epoch:            51
[2026-04-01 09:59:51]     Best epoch (valid_loss):  1
[2026-04-01 09:59:51]     Best valid_loss:          1.3881268501281738
[2026-04-01 09:59:51]     Test accuracy (primary):  0.2500
[2026-04-01 09:59:51]     Test balanced acc:        0.2500
[2026-04-01 09:59:51]     Confusion matrix:         [[3, 2, 0, 0], [3, 2, 0, 0], [3, 2, 0, 0], [4, 1, 0, 0]]
[2026-04-01 09:59:51]     Prediction histogram:     [13, 7, 0, 0]
[2026-04-01 09:59:51]     fold_acc=0.2500 fold_bal_acc=0.2500 cm=[[3, 2, 0, 0], [3, 2, 0, 0], [3, 2, 0, 0], [4, 1, 0, 0]]
[2026-04-01 09:59:51]   Subject 51 Fold 5 seed: 7125
[2026-04-01 09:59:51]   Subject 51 Fold 5: n_train=64 n_val=16 n_test=20
[2026-04-01 09:59:51]     Train class counts: [16, 16, 16, 16]
[2026-04-01 09:59:51]     Val class counts:   [4, 4, 4, 4]
[2026-04-01 09:59:51]     Test class counts:  [5, 5, 5, 5]
[2026-04-01 09:59:51] Building model with input window duration: 4.1875 s
[2026-04-01 09:59:51] Pretrained weight loading:
[2026-04-01 09:59:51]   Downloaded keys:        179
[2026-04-01 09:59:51]   Filtered (transformer): 172
[2026-04-01 09:59:51]   Filtered (pos_encoder): 0
[2026-04-01 09:59:51]   Keys to load:           7
[2026-04-01 09:59:51]   Missing keys:           4
[2026-04-01 09:59:51]   Unexpected keys:        0
[2026-04-01 09:59:51]   Missing preview:        ['spatial_conv.1.weight', 'spatial_conv.1.bias', 'final_layer.1.weight', 'final_layer.1.bias']
[2026-04-01 09:59:51]   Unexpected preview:     []
[2026-04-01 09:59:51] Encoder freeze configuration:
[2026-04-01 09:59:51]   Total parameters:        18,192
[2026-04-01 09:59:51]   Trainable parameters:    4,352
[2026-04-01 09:59:51]   Training percentage:     23.9%
[2026-04-01 09:59:51]   Trainable layers: 4
[2026-04-01 09:59:51]     - final_layer.1.bias
[2026-04-01 09:59:51]     - final_layer.1.weight
[2026-04-01 09:59:51]     - spatial_conv.1.bias
[2026-04-01 09:59:51]     - spatial_conv.1.weight
[2026-04-01 09:59:51]     Train generator seeded: True
[2026-04-01 09:59:52]     Stopped epoch:            132
[2026-04-01 09:59:52]     Best epoch (valid_loss):  82
[2026-04-01 09:59:52]     Best valid_loss:          1.3419321775436401
[2026-04-01 09:59:52]     Test accuracy (primary):  0.1000
[2026-04-01 09:59:52]     Test balanced acc:        0.1000
[2026-04-01 09:59:52]     Confusion matrix:         [[1, 1, 2, 1], [1, 1, 1, 2], [2, 1, 0, 2], [1, 4, 0, 0]]
[2026-04-01 09:59:52]     Prediction histogram:     [5, 7, 3, 5]
[2026-04-01 09:59:52]     fold_acc=0.1000 fold_bal_acc=0.1000 cm=[[1, 1, 2, 1], [1, 1, 1, 2], [2, 1, 0, 2], [1, 4, 0, 0]]
[2026-04-01 09:59:52]   Subject 51 mean accuracy: 0.2700

[2026-04-01 09:59:52] Total folds completed: 5
[2026-04-01 09:59:52] ======================================================================
[2026-04-01 09:59:52] AGGREGATED RESULTS
[2026-04-01 09:59:52] ======================================================================
[2026-04-01 09:59:52]   Subject 51:  acc=0.2700±0.1030  bal_acc=0.2700±0.1030
[2026-04-01 09:59:52] ----------------------------------------------------------------------
[2026-04-01 09:59:52]   OVERALL:      acc=0.2700±0.1030  bal_acc=0.2700±0.1030
[2026-04-01 09:59:52] ======================================================================
[2026-04-01 09:59:52] CV results saved to:      /home/vegorov/Repos/eeg_jepa_research/artifacts/lee-2019-fine-tuning/SSVEP/20260401_0959_3a635aa0/cv_results.json
[2026-04-01 09:59:52] Subject metrics saved to: /home/vegorov/Repos/eeg_jepa_research/artifacts/lee-2019-fine-tuning/SSVEP/20260401_0959_3a635aa0/subject_metrics.json
[2026-04-01 09:59:52] Global metrics saved to:  /home/vegorov/Repos/eeg_jepa_research/artifacts/lee-2019-fine-tuning/SSVEP/20260401_0959_3a635aa0/global_metrics.json
[2026-04-01 09:59:52] Run metadata saved to:    /home/vegorov/Repos/eeg_jepa_research/artifacts/lee-2019-fine-tuning/SSVEP/20260401_0959_3a635aa0/run_metadata.json

[2026-04-01 09:59:52] All artifacts in: /home/vegorov/Repos/eeg_jepa_research/artifacts/lee-2019-fine-tuning/SSVEP/20260401_0959_3a635aa0

[2026-04-01 09:59:52] ======================================================================
[2026-04-01 09:59:52] EXPERIMENT SUMMARY
[2026-04-01 09:59:52] ======================================================================
[2026-04-01 09:59:52] Run ID:    20260401_0959_3a635aa0
[2026-04-01 09:59:52] Artifacts: /home/vegorov/Repos/eeg_jepa_research/artifacts/lee-2019-fine-tuning/SSVEP/20260401_0959_3a635aa0

[2026-04-01 09:59:52] Configuration:
[2026-04-01 09:59:52]   Subjects:          [51]
[2026-04-01 09:59:52]   Bandpass:          0.5-40.0 Hz
[2026-04-01 09:59:52]   Resample:          128 Hz
[2026-04-01 09:59:52]   CV folds:          5
[2026-04-01 09:59:52]   Learning rate:     0.002
[2026-04-01 09:59:52]   Batch size:        32
[2026-04-01 09:59:52]   Max epochs:        5000

[2026-04-01 09:59:52] Results:
[2026-04-01 09:59:52]   Mean Accuracy:          0.2700 ± 0.1030
[2026-04-01 09:59:52]   Mean Balanced Accuracy: 0.2700 ± 0.1030
