[2026-03-31 17:18:45] Using device: cpu
[2026-03-31 17:18:45] Seed control enabled: True
[2026-03-31 17:18:45] Base seed: 208
[2026-03-31 17:18:46] Seed initialized: 208
[2026-03-31 17:18:46] ======================================================================
[2026-03-31 17:18:46] CONFIGURATION
[2026-03-31 17:18:46] ======================================================================
[2026-03-31 17:18:46]   artifact_dir: /home/vegorov/Repos/eeg_jepa_research/artifacts/lee-2019-fine-tuning
[2026-03-31 17:18:46]   bandpass_high: 40.0
[2026-03-31 17:18:46]   bandpass_low: 0.5
[2026-03-31 17:18:46]   batch_size: 16
[2026-03-31 17:18:46]   convert_to_uV: True
[2026-03-31 17:18:46]   cv_folds: 5
[2026-03-31 17:18:46]   device: auto
[2026-03-31 17:18:46]   early_stopping_patience: 50
[2026-03-31 17:18:46]   learning_rate: 0.001
[2026-03-31 17:18:46]   n_epochs: 5000
[2026-03-31 17:18:46]   normalization_method: zscore
[2026-03-31 17:18:46]   normalize: True
[2026-03-31 17:18:46]   paradigm: SSVEP
[2026-03-31 17:18:46]   pretrained_url: https://huggingface.co/braindecode/SignalJEPA/resolve/main/signal-jepa_16s-60_adeuwv4s.pth
[2026-03-31 17:18:46]   seed: 208
[2026-03-31 17:18:46]   set_seed: True
[2026-03-31 17:18:46]   sfreq: 128
[2026-03-31 17:18:46]   subjects_to_use: [54]
[2026-03-31 17:18:46]   val_split: 0.2
[2026-03-31 17:18:46] ======================================================================
[2026-03-31 17:18:46] Config saved to: /home/vegorov/Repos/eeg_jepa_research/artifacts/lee-2019-fine-tuning/SSVEP/20260331_1718_c7b8f566/config.json
[2026-03-31 17:18:46] Epoch window configuration:
[2026-03-31 17:18:46]   Target sfreq:                128 Hz
[2026-03-31 17:18:46]   Target duration:             4.190000 s
[2026-03-31 17:18:46]   Window samples (rounded):    536
[2026-03-31 17:18:46]   Base trial samples (4.0 s):  512
[2026-03-31 17:18:46]   Trial stop offset samples:   24
[2026-03-31 17:18:46]   Effective window duration:   4.187500 s
[2026-03-31 17:18:46] Using specified subjects from config: [54]
[2026-03-31 17:18:46] Selected subjects: [54]
[2026-03-31 17:18:46] Expected evaluation folds: 5

[2026-03-31 17:18:46] Building MOABBDataset for Lee2019_SSVEP...
[2026-03-31 17:18:55] MOABBDataset recordings loaded: 1
[2026-03-31 17:18:55] Discovered annotation descriptions (first recording): [np.str_('12.0'), np.str_('5.45'), np.str_('6.67'), np.str_('8.57')]
[2026-03-31 17:18:55] Dataset event_id mapping: {'12.0': 1, '8.57': 2, '6.67': 3, '5.45': 4}
[2026-03-31 17:18:55] Label map (event_code -> class_index): {1: 0, 2: 1, 3: 2, 4: 3}
[2026-03-31 17:18:55] Applying Braindecode preprocessors to MOABBDataset...
[2026-03-31 17:18:58] Preprocessing complete.

[2026-03-31 17:18:58] Post-preprocessing validation
[2026-03-31 17:18:58]   Recordings in DATASET: 1
[2026-03-31 17:18:58]   Unique subject IDs:    ['54']
[2026-03-31 17:18:58]   sfreq (first rec):     128.0 Hz
[2026-03-31 17:18:58]   EEG channel count:     62
[2026-03-31 17:18:58]   First 10 channels:     ['Fp1', 'Fp2', 'F7', 'F3', 'Fz', 'F4', 'F8', 'FC5', 'FC1', 'FC2']
[2026-03-31 17:18:58] Channel consistency summary:
[2026-03-31 17:18:58]   Checked runs: 1
[2026-03-31 17:18:58]   Unique channel counts: [62]
[2026-03-31 17:18:58]   Channel order consistent: True
[2026-03-31 17:18:58] Validated EEG channels: 62
[2026-03-31 17:18:58] First 10 EEG channels: ['Fp1', 'Fp2', 'F7', 'F3', 'Fz', 'F4', 'F8', 'FC5', 'FC1', 'FC2']
[2026-03-31 17:18:58] raw mean_abs=6.486116e-01
[2026-03-31 17:18:58] raw std=1.000000e+00
[2026-03-31 17:18:58] raw first5 channel std= [1. 1. 1. 1. 1.]
[2026-03-31 17:18:58] Requested window samples: 536
[2026-03-31 17:18:58] Base trial samples:       512
[2026-03-31 17:18:58] Stop offset samples:      24
[2026-03-31 17:18:58] Global class counts: [25, 25, 25, 25]
[2026-03-31 17:18:58] Chance level (4-class): 0.25
[2026-03-31 17:18:58] One window shape: (62, 536)
[2026-03-31 17:18:58] One window label: 1
[2026-03-31 17:18:58] Window sample length expected=536, got=536
[2026-03-31 17:18:58] Subjects in window split: [54]
[2026-03-31 17:18:58] Summarizing per-subject windows...
[2026-03-31 17:18:58]   Subject 54: n_windows=100, window_shape=(62, 536), class_counts=[25, 25, 25, 25]
[2026-03-31 17:18:58]    subject_id  n_windows  n_channels  n_times      class_counts
0          54        100          62      536  [25, 25, 25, 25]
[2026-03-31 17:18:58] Window validation summary:
[2026-03-31 17:18:58]   Subject 54: n_windows=100 class_counts=[25, 25, 25, 25]

[2026-03-31 17:18:58] Validated sampling rate target: 128 Hz
[2026-03-31 17:18:58] Validated window sample count:   536
[2026-03-31 17:18:58] Validated window duration:       4.1875 s
[2026-03-31 17:18:58] Validated channel count:         62
[2026-03-31 17:18:58] Total windows retained:          100
[2026-03-31 17:18:58] Preprocessing sanity checks:
[2026-03-31 17:18:58]   One sample label: 1
[2026-03-31 17:18:58]   One sample shape: (62, 536)
[2026-03-31 17:18:58]   Mean(abs(signal)): 2.541306e-01
[2026-03-31 17:18:58]   Mean(signal):      -7.707526e-03
[2026-03-31 17:18:58]   Std(signal):       3.376377e-01
[2026-03-31 17:18:58] Building model with input window duration: 4.1875 s
[2026-03-31 17:18:58] SignalJEPA_PreLocal instantiated successfully.
[2026-03-31 17:18:58]   Total parameters:     18,192
[2026-03-31 17:18:58]   Trainable parameters: 18,192
[2026-03-31 17:18:58] ======================================================================================================================================================
Layer (type (var_name):depth-idx)                  Input Shape               Output Shape              Param #                   Kernel Shape
======================================================================================================================================================
SignalJEPA_PreLocal (SignalJEPA_PreLocal)          [1, 62, 536]              [1, 4]                    --                        --
├─Sequential (spatial_conv): 1-1                   [1, 62, 536]              [1, 4, 536]               --                        --
│    └─Rearrange (0): 2-1                          [1, 62, 536]              [1, 1, 62, 536]           --                        --
│    └─Conv2d (1): 2-2                             [1, 1, 62, 536]           [1, 4, 1, 536]            252                       [62, 1]
│    └─Rearrange (2): 2-3                          [1, 4, 1, 536]            [1, 4, 536]               --                        --
├─_ConvFeatureEncoder (feature_encoder): 1-2       [1, 4, 536]               [1, 16, 64]               --                        --
│    └─Rearrange (0): 2-4                          [1, 4, 536]               [4, 1, 536]               --                        --
│    └─Sequential (1): 2-5                         [4, 1, 536]               [4, 8, 64]                --                        --
│    │    └─Conv1d (0): 3-1                        [4, 1, 536]               [4, 8, 64]                256                       [32]
│    │    └─Dropout (1): 3-2                       [4, 8, 64]                [4, 8, 64]                --                        --
│    │    └─GroupNorm (2): 3-3                     [4, 8, 64]                [4, 8, 64]                16                        --
│    │    └─GELU (3): 3-4                          [4, 8, 64]                [4, 8, 64]                --                        --
│    └─Sequential (2): 2-6                         [4, 8, 64]                [4, 16, 32]               --                        --
│    │    └─Conv1d (0): 3-5                        [4, 8, 64]                [4, 16, 32]               256                       [2]
│    │    └─Dropout (1): 3-6                       [4, 16, 32]               [4, 16, 32]               --                        --
│    │    └─GELU (2): 3-7                          [4, 16, 32]               [4, 16, 32]               --                        --
│    └─Sequential (3): 2-7                         [4, 16, 32]               [4, 32, 16]               --                        --
│    │    └─Conv1d (0): 3-8                        [4, 16, 32]               [4, 32, 16]               1,024                     [2]
│    │    └─Dropout (1): 3-9                       [4, 32, 16]               [4, 32, 16]               --                        --
│    │    └─GELU (2): 3-10                         [4, 32, 16]               [4, 32, 16]               --                        --
│    └─Sequential (4): 2-8                         [4, 32, 16]               [4, 64, 8]                --                        --
│    │    └─Conv1d (0): 3-11                       [4, 32, 16]               [4, 64, 8]                4,096                     [2]
│    │    └─Dropout (1): 3-12                      [4, 64, 8]                [4, 64, 8]                --                        --
│    │    └─GELU (2): 3-13                         [4, 64, 8]                [4, 64, 8]                --                        --
│    └─Sequential (5): 2-9                         [4, 64, 8]                [4, 64, 4]                --                        --
│    │    └─Conv1d (0): 3-14                       [4, 64, 8]                [4, 64, 4]                8,192                     [2]
│    │    └─Dropout (1): 3-15                      [4, 64, 4]                [4, 64, 4]                --                        --
│    │    └─GELU (2): 3-16                         [4, 64, 4]                [4, 64, 4]                --                        --
│    └─Rearrange (6): 2-10                         [4, 64, 4]                [1, 16, 64]               --                        --
├─Sequential (final_layer): 1-3                    [1, 16, 64]               [1, 4]                    --                        --
│    └─Flatten (0): 2-11                           [1, 16, 64]               [1, 1024]                 --                        --
│    └─Linear (1): 2-12                            [1, 1024]                 [1, 4]                    4,100                     --
======================================================================================================================================================
Total params: 18,192
Trainable params: 18,192
Non-trainable params: 0
Total mult-adds (Units.MEGABYTES): 0.57
======================================================================================================================================================
Input size (MB): 0.13
Forward/backward pass size (MB): 0.11
Params size (MB): 0.07
Estimated Total Size (MB): 0.31
======================================================================================================================================================
[2026-03-31 17:18:58] Initializing from 16s-60 pretrained checkpoint (Hugging Face):
[2026-03-31 17:18:58]   https://huggingface.co/braindecode/SignalJEPA/resolve/main/signal-jepa_16s-60_adeuwv4s.pth
[2026-03-31 17:18:58]   Downloaded 179 keys
[2026-03-31 17:18:58] ======================================================================
[2026-03-31 17:18:58] STARTING CROSS-VALIDATION
[2026-03-31 17:18:58] ======================================================================
[2026-03-31 17:18:58] Subjects:      [54]
[2026-03-31 17:18:58] CV folds:      5
[2026-03-31 17:18:58] Batch size:    16
[2026-03-31 17:18:58] Max epochs:    5000
[2026-03-31 17:18:58] Device:        cpu
[2026-03-31 17:18:58] Seed control:  True
[2026-03-31 17:18:58] Base seed:     208
[2026-03-31 17:18:58] ======================================================================

[2026-03-31 17:18:58] Subject 54: 100 windows class_counts=[25, 25, 25, 25]
[2026-03-31 17:18:58]   Fold 1 split seed: 209
[2026-03-31 17:18:58]   Fold 1 split class counts:
[2026-03-31 17:18:58]     train=[16, 16, 16, 16] val=[4, 4, 4, 4] test=[5, 5, 5, 5]
[2026-03-31 17:18:58]   Fold 2 split seed: 210
[2026-03-31 17:18:58]   Fold 2 split class counts:
[2026-03-31 17:18:58]     train=[16, 16, 16, 16] val=[4, 4, 4, 4] test=[5, 5, 5, 5]
[2026-03-31 17:18:58]   Fold 3 split seed: 211
[2026-03-31 17:18:58]   Fold 3 split class counts:
[2026-03-31 17:18:58]     train=[16, 16, 16, 16] val=[4, 4, 4, 4] test=[5, 5, 5, 5]
[2026-03-31 17:18:58]   Fold 4 split seed: 212
[2026-03-31 17:18:58]   Fold 4 split class counts:
[2026-03-31 17:18:58]     train=[16, 16, 16, 16] val=[4, 4, 4, 4] test=[5, 5, 5, 5]
[2026-03-31 17:18:58]   Fold 5 split seed: 213
[2026-03-31 17:18:58]   Fold 5 split class counts:
[2026-03-31 17:18:58]     train=[16, 16, 16, 16] val=[4, 4, 4, 4] test=[5, 5, 5, 5]
[2026-03-31 17:18:58]   Subject 54 Fold 1 seed: 5609
[2026-03-31 17:18:58]   Subject 54 Fold 1: n_train=64 n_val=16 n_test=20
[2026-03-31 17:18:58]     Train class counts: [16, 16, 16, 16]
[2026-03-31 17:18:58]     Val class counts:   [4, 4, 4, 4]
[2026-03-31 17:18:58]     Test class counts:  [5, 5, 5, 5]
[2026-03-31 17:18:58] Building model with input window duration: 4.1875 s
[2026-03-31 17:18:58] Pretrained weight loading:
[2026-03-31 17:18:58]   Downloaded keys:        179
[2026-03-31 17:18:58]   Filtered (transformer): 172
[2026-03-31 17:18:58]   Filtered (pos_encoder): 0
[2026-03-31 17:18:58]   Keys to load:           7
[2026-03-31 17:18:58]   Missing keys:           4
[2026-03-31 17:18:58]   Unexpected keys:        0
[2026-03-31 17:18:58]   Missing preview:        ['spatial_conv.1.weight', 'spatial_conv.1.bias', 'final_layer.1.weight', 'final_layer.1.bias']
[2026-03-31 17:18:58]   Unexpected preview:     []
[2026-03-31 17:18:58] Encoder freeze configuration:
[2026-03-31 17:18:58]   Total parameters:        18,192
[2026-03-31 17:18:58]   Trainable parameters:    4,352
[2026-03-31 17:18:58]   Training percentage:     23.9%
[2026-03-31 17:18:58]   Trainable layers: 4
[2026-03-31 17:18:58]     - final_layer.1.bias
[2026-03-31 17:18:58]     - final_layer.1.weight
[2026-03-31 17:18:58]     - spatial_conv.1.bias
[2026-03-31 17:18:58]     - spatial_conv.1.weight
[2026-03-31 17:18:58]     Train generator seeded: True
[2026-03-31 17:19:16]     Stopped epoch:            1493
[2026-03-31 17:19:16]     Best epoch (valid_loss):  1443
[2026-03-31 17:19:16]     Best valid_loss:          0.6532771587371826
[2026-03-31 17:19:16]     Test accuracy (primary):  0.5000
[2026-03-31 17:19:16]     Test balanced acc:        0.5000
[2026-03-31 17:19:16]     Confusion matrix:         [[5, 0, 0, 0], [0, 0, 2, 3], [0, 0, 2, 3], [1, 1, 0, 3]]
[2026-03-31 17:19:16]     Prediction histogram:     [6, 1, 4, 9]
[2026-03-31 17:19:16]     fold_acc=0.5000 fold_bal_acc=0.5000 cm=[[5, 0, 0, 0], [0, 0, 2, 3], [0, 0, 2, 3], [1, 1, 0, 3]]
[2026-03-31 17:19:16]   Subject 54 Fold 2 seed: 5610
[2026-03-31 17:19:16]   Subject 54 Fold 2: n_train=64 n_val=16 n_test=20
[2026-03-31 17:19:16]     Train class counts: [16, 16, 16, 16]
[2026-03-31 17:19:16]     Val class counts:   [4, 4, 4, 4]
[2026-03-31 17:19:16]     Test class counts:  [5, 5, 5, 5]
[2026-03-31 17:19:16] Building model with input window duration: 4.1875 s
[2026-03-31 17:19:16] Pretrained weight loading:
[2026-03-31 17:19:16]   Downloaded keys:        179
[2026-03-31 17:19:16]   Filtered (transformer): 172
[2026-03-31 17:19:16]   Filtered (pos_encoder): 0
[2026-03-31 17:19:16]   Keys to load:           7
[2026-03-31 17:19:16]   Missing keys:           4
[2026-03-31 17:19:16]   Unexpected keys:        0
[2026-03-31 17:19:16]   Missing preview:        ['spatial_conv.1.weight', 'spatial_conv.1.bias', 'final_layer.1.weight', 'final_layer.1.bias']
[2026-03-31 17:19:16]   Unexpected preview:     []
[2026-03-31 17:19:16] Encoder freeze configuration:
[2026-03-31 17:19:16]   Total parameters:        18,192
[2026-03-31 17:19:16]   Trainable parameters:    4,352
[2026-03-31 17:19:16]   Training percentage:     23.9%
[2026-03-31 17:19:16]   Trainable layers: 4
[2026-03-31 17:19:16]     - final_layer.1.bias
[2026-03-31 17:19:16]     - final_layer.1.weight
[2026-03-31 17:19:16]     - spatial_conv.1.bias
[2026-03-31 17:19:16]     - spatial_conv.1.weight
[2026-03-31 17:19:16]     Train generator seeded: True
[2026-03-31 17:19:27]     Stopped epoch:            930
[2026-03-31 17:19:27]     Best epoch (valid_loss):  880
[2026-03-31 17:19:27]     Best valid_loss:          0.7748976945877075
[2026-03-31 17:19:27]     Test accuracy (primary):  0.5500
[2026-03-31 17:19:27]     Test balanced acc:        0.5500
[2026-03-31 17:19:27]     Confusion matrix:         [[5, 0, 0, 0], [1, 2, 1, 1], [0, 2, 1, 2], [2, 0, 0, 3]]
[2026-03-31 17:19:27]     Prediction histogram:     [8, 4, 2, 6]
[2026-03-31 17:19:27]     fold_acc=0.5500 fold_bal_acc=0.5500 cm=[[5, 0, 0, 0], [1, 2, 1, 1], [0, 2, 1, 2], [2, 0, 0, 3]]
[2026-03-31 17:19:27]   Subject 54 Fold 3 seed: 5611
[2026-03-31 17:19:27]   Subject 54 Fold 3: n_train=64 n_val=16 n_test=20
[2026-03-31 17:19:27]     Train class counts: [16, 16, 16, 16]
[2026-03-31 17:19:27]     Val class counts:   [4, 4, 4, 4]
[2026-03-31 17:19:27]     Test class counts:  [5, 5, 5, 5]
[2026-03-31 17:19:27] Building model with input window duration: 4.1875 s
[2026-03-31 17:19:27] Pretrained weight loading:
[2026-03-31 17:19:27]   Downloaded keys:        179
[2026-03-31 17:19:27]   Filtered (transformer): 172
[2026-03-31 17:19:27]   Filtered (pos_encoder): 0
[2026-03-31 17:19:27]   Keys to load:           7
[2026-03-31 17:19:27]   Missing keys:           4
[2026-03-31 17:19:27]   Unexpected keys:        0
[2026-03-31 17:19:27]   Missing preview:        ['spatial_conv.1.weight', 'spatial_conv.1.bias', 'final_layer.1.weight', 'final_layer.1.bias']
[2026-03-31 17:19:27]   Unexpected preview:     []
[2026-03-31 17:19:27] Encoder freeze configuration:
[2026-03-31 17:19:27]   Total parameters:        18,192
[2026-03-31 17:19:27]   Trainable parameters:    4,352
[2026-03-31 17:19:27]   Training percentage:     23.9%
[2026-03-31 17:19:27]   Trainable layers: 4
[2026-03-31 17:19:27]     - final_layer.1.bias
[2026-03-31 17:19:27]     - final_layer.1.weight
[2026-03-31 17:19:27]     - spatial_conv.1.bias
[2026-03-31 17:19:27]     - spatial_conv.1.weight
[2026-03-31 17:19:27]     Train generator seeded: True
[2026-03-31 17:19:28]     Stopped epoch:            51
[2026-03-31 17:19:28]     Best epoch (valid_loss):  1
[2026-03-31 17:19:28]     Best valid_loss:          1.386745572090149
[2026-03-31 17:19:28]     Test accuracy (primary):  0.2500
[2026-03-31 17:19:28]     Test balanced acc:        0.2500
[2026-03-31 17:19:28]     Confusion matrix:         [[0, 1, 0, 4], [0, 0, 0, 5], [0, 0, 0, 5], [0, 0, 0, 5]]
[2026-03-31 17:19:28]     Prediction histogram:     [0, 1, 0, 19]
[2026-03-31 17:19:28]     fold_acc=0.2500 fold_bal_acc=0.2500 cm=[[0, 1, 0, 4], [0, 0, 0, 5], [0, 0, 0, 5], [0, 0, 0, 5]]
[2026-03-31 17:19:28]   Subject 54 Fold 4 seed: 5612
[2026-03-31 17:19:28]   Subject 54 Fold 4: n_train=64 n_val=16 n_test=20
[2026-03-31 17:19:28]     Train class counts: [16, 16, 16, 16]
[2026-03-31 17:19:28]     Val class counts:   [4, 4, 4, 4]
[2026-03-31 17:19:28]     Test class counts:  [5, 5, 5, 5]
[2026-03-31 17:19:28] Building model with input window duration: 4.1875 s
[2026-03-31 17:19:28] Pretrained weight loading:
[2026-03-31 17:19:28]   Downloaded keys:        179
[2026-03-31 17:19:28]   Filtered (transformer): 172
[2026-03-31 17:19:28]   Filtered (pos_encoder): 0
[2026-03-31 17:19:28]   Keys to load:           7
[2026-03-31 17:19:28]   Missing keys:           4
[2026-03-31 17:19:28]   Unexpected keys:        0
[2026-03-31 17:19:28]   Missing preview:        ['spatial_conv.1.weight', 'spatial_conv.1.bias', 'final_layer.1.weight', 'final_layer.1.bias']
[2026-03-31 17:19:28]   Unexpected preview:     []
[2026-03-31 17:19:28] Encoder freeze configuration:
[2026-03-31 17:19:28]   Total parameters:        18,192
[2026-03-31 17:19:28]   Trainable parameters:    4,352
[2026-03-31 17:19:28]   Training percentage:     23.9%
[2026-03-31 17:19:28]   Trainable layers: 4
[2026-03-31 17:19:28]     - final_layer.1.bias
[2026-03-31 17:19:28]     - final_layer.1.weight
[2026-03-31 17:19:28]     - spatial_conv.1.bias
[2026-03-31 17:19:28]     - spatial_conv.1.weight
[2026-03-31 17:19:28]     Train generator seeded: True
[2026-03-31 17:19:36]     Stopped epoch:            692
[2026-03-31 17:19:36]     Best epoch (valid_loss):  642
[2026-03-31 17:19:36]     Best valid_loss:          0.9941166639328003
[2026-03-31 17:19:36]     Test accuracy (primary):  0.7500
[2026-03-31 17:19:36]     Test balanced acc:        0.7500
[2026-03-31 17:19:36]     Confusion matrix:         [[4, 0, 1, 0], [0, 3, 2, 0], [0, 0, 5, 0], [0, 0, 2, 3]]
[2026-03-31 17:19:36]     Prediction histogram:     [4, 3, 10, 3]
[2026-03-31 17:19:36]     fold_acc=0.7500 fold_bal_acc=0.7500 cm=[[4, 0, 1, 0], [0, 3, 2, 0], [0, 0, 5, 0], [0, 0, 2, 3]]
[2026-03-31 17:19:36]   Subject 54 Fold 5 seed: 5613
[2026-03-31 17:19:36]   Subject 54 Fold 5: n_train=64 n_val=16 n_test=20
[2026-03-31 17:19:36]     Train class counts: [16, 16, 16, 16]
[2026-03-31 17:19:36]     Val class counts:   [4, 4, 4, 4]
[2026-03-31 17:19:36]     Test class counts:  [5, 5, 5, 5]
[2026-03-31 17:19:36] Building model with input window duration: 4.1875 s
[2026-03-31 17:19:36] Pretrained weight loading:
[2026-03-31 17:19:36]   Downloaded keys:        179
[2026-03-31 17:19:36]   Filtered (transformer): 172
[2026-03-31 17:19:36]   Filtered (pos_encoder): 0
[2026-03-31 17:19:36]   Keys to load:           7
[2026-03-31 17:19:36]   Missing keys:           4
[2026-03-31 17:19:36]   Unexpected keys:        0
[2026-03-31 17:19:36]   Missing preview:        ['spatial_conv.1.weight', 'spatial_conv.1.bias', 'final_layer.1.weight', 'final_layer.1.bias']
[2026-03-31 17:19:36]   Unexpected preview:     []
[2026-03-31 17:19:36] Encoder freeze configuration:
[2026-03-31 17:19:36]   Total parameters:        18,192
[2026-03-31 17:19:36]   Trainable parameters:    4,352
[2026-03-31 17:19:36]   Training percentage:     23.9%
[2026-03-31 17:19:36]   Trainable layers: 4
[2026-03-31 17:19:36]     - final_layer.1.bias
[2026-03-31 17:19:36]     - final_layer.1.weight
[2026-03-31 17:19:36]     - spatial_conv.1.bias
[2026-03-31 17:19:36]     - spatial_conv.1.weight
[2026-03-31 17:19:36]     Train generator seeded: True
[2026-03-31 17:19:40]     Stopped epoch:            323
[2026-03-31 17:19:40]     Best epoch (valid_loss):  273
[2026-03-31 17:19:40]     Best valid_loss:          1.180770754814148
[2026-03-31 17:19:40]     Test accuracy (primary):  0.5500
[2026-03-31 17:19:40]     Test balanced acc:        0.5500
[2026-03-31 17:19:40]     Confusion matrix:         [[5, 0, 0, 0], [2, 1, 1, 1], [0, 1, 2, 2], [0, 1, 1, 3]]
[2026-03-31 17:19:40]     Prediction histogram:     [7, 3, 4, 6]
[2026-03-31 17:19:40]     fold_acc=0.5500 fold_bal_acc=0.5500 cm=[[5, 0, 0, 0], [2, 1, 1, 1], [0, 1, 2, 2], [0, 1, 1, 3]]
[2026-03-31 17:19:40]   Subject 54 mean accuracy: 0.5200

[2026-03-31 17:19:40] Total folds completed: 5
[2026-03-31 17:19:40] ======================================================================
[2026-03-31 17:19:40] AGGREGATED RESULTS
[2026-03-31 17:19:40] ======================================================================
[2026-03-31 17:19:40]   Subject 54:  acc=0.5200±0.1600  bal_acc=0.5200±0.1600
[2026-03-31 17:19:40] ----------------------------------------------------------------------
[2026-03-31 17:19:40]   OVERALL:      acc=0.5200±0.1600  bal_acc=0.5200±0.1600
[2026-03-31 17:19:40] ======================================================================
[2026-03-31 17:19:40] CV results saved to:      /home/vegorov/Repos/eeg_jepa_research/artifacts/lee-2019-fine-tuning/SSVEP/20260331_1718_c7b8f566/cv_results.json
[2026-03-31 17:19:40] Subject metrics saved to: /home/vegorov/Repos/eeg_jepa_research/artifacts/lee-2019-fine-tuning/SSVEP/20260331_1718_c7b8f566/subject_metrics.json
[2026-03-31 17:19:40] Global metrics saved to:  /home/vegorov/Repos/eeg_jepa_research/artifacts/lee-2019-fine-tuning/SSVEP/20260331_1718_c7b8f566/global_metrics.json
[2026-03-31 17:19:40] Run metadata saved to:    /home/vegorov/Repos/eeg_jepa_research/artifacts/lee-2019-fine-tuning/SSVEP/20260331_1718_c7b8f566/run_metadata.json

[2026-03-31 17:19:40] All artifacts in: /home/vegorov/Repos/eeg_jepa_research/artifacts/lee-2019-fine-tuning/SSVEP/20260331_1718_c7b8f566

[2026-03-31 17:19:40] ======================================================================
[2026-03-31 17:19:40] EXPERIMENT SUMMARY
[2026-03-31 17:19:40] ======================================================================
[2026-03-31 17:19:40] Run ID:    20260331_1718_c7b8f566
[2026-03-31 17:19:40] Artifacts: /home/vegorov/Repos/eeg_jepa_research/artifacts/lee-2019-fine-tuning/SSVEP/20260331_1718_c7b8f566

[2026-03-31 17:19:40] Configuration:
[2026-03-31 17:19:40]   Subjects:          [54]
[2026-03-31 17:19:40]   Bandpass:          0.5-40.0 Hz
[2026-03-31 17:19:40]   Resample:          128 Hz
[2026-03-31 17:19:40]   CV folds:          5
[2026-03-31 17:19:40]   Learning rate:     0.001
[2026-03-31 17:19:40]   Batch size:        16
[2026-03-31 17:19:40]   Max epochs:        5000

[2026-03-31 17:19:40] Results:
[2026-03-31 17:19:40]   Mean Accuracy:          0.5200 ± 0.1600
[2026-03-31 17:19:40]   Mean Balanced Accuracy: 0.5200 ± 0.1600
