[2026-03-31 18:01:48] Using device: cpu
[2026-03-31 18:01:48] Seed control enabled: True
[2026-03-31 18:01:48] Base seed: 102
[2026-03-31 18:01:49] Seed initialized: 102
[2026-03-31 18:01:49] ======================================================================
[2026-03-31 18:01:49] CONFIGURATION
[2026-03-31 18:01:49] ======================================================================
[2026-03-31 18:01:49]   artifact_dir: /home/vegorov/Repos/eeg_jepa_research/artifacts/lee-2019-fine-tuning
[2026-03-31 18:01:49]   bandpass_high: 40.0
[2026-03-31 18:01:49]   bandpass_low: 0.5
[2026-03-31 18:01:49]   batch_size: 16
[2026-03-31 18:01:49]   convert_to_uV: True
[2026-03-31 18:01:49]   cv_folds: 5
[2026-03-31 18:01:49]   device: auto
[2026-03-31 18:01:49]   early_stopping_patience: 50
[2026-03-31 18:01:49]   learning_rate: 0.001
[2026-03-31 18:01:49]   n_epochs: 5000
[2026-03-31 18:01:49]   normalization_method: None
[2026-03-31 18:01:49]   normalize: False
[2026-03-31 18:01:49]   paradigm: SSVEP
[2026-03-31 18:01:49]   pretrained_url: https://huggingface.co/braindecode/SignalJEPA/resolve/main/signal-jepa_16s-60_adeuwv4s.pth
[2026-03-31 18:01:49]   seed: 102
[2026-03-31 18:01:49]   set_seed: True
[2026-03-31 18:01:49]   sfreq: 128
[2026-03-31 18:01:49]   subjects_to_use: [51]
[2026-03-31 18:01:49]   val_split: 0.2
[2026-03-31 18:01:49] ======================================================================
[2026-03-31 18:01:49] Config saved to: /home/vegorov/Repos/eeg_jepa_research/artifacts/lee-2019-fine-tuning/SSVEP/20260331_1801_910901f0/config.json
[2026-03-31 18:01:49] Epoch window configuration:
[2026-03-31 18:01:49]   Target sfreq:                128 Hz
[2026-03-31 18:01:49]   Target duration:             4.190000 s
[2026-03-31 18:01:49]   Window samples (rounded):    536
[2026-03-31 18:01:49]   Base trial samples (4.0 s):  512
[2026-03-31 18:01:49]   Trial stop offset samples:   24
[2026-03-31 18:01:49]   Effective window duration:   4.187500 s
[2026-03-31 18:01:49] Using specified subjects from config: [51]
[2026-03-31 18:01:49] Selected subjects: [51]
[2026-03-31 18:01:49] Expected evaluation folds: 5

[2026-03-31 18:01:49] Building MOABBDataset for Lee2019_SSVEP...
[2026-03-31 18:01:58] MOABBDataset recordings loaded: 1
[2026-03-31 18:01:58] Discovered annotation descriptions (first recording): [np.str_('12.0'), np.str_('5.45'), np.str_('6.67'), np.str_('8.57')]
[2026-03-31 18:01:58] Dataset event_id mapping: {'12.0': 1, '8.57': 2, '6.67': 3, '5.45': 4}
[2026-03-31 18:01:58] Label map (event_code -> class_index): {1: 0, 2: 1, 3: 2, 4: 3}
[2026-03-31 18:01:58] Applying Braindecode preprocessors to MOABBDataset...
[2026-03-31 18:02:01] Preprocessing complete.

[2026-03-31 18:02:01] Post-preprocessing validation
[2026-03-31 18:02:01]   Recordings in DATASET: 1
[2026-03-31 18:02:01]   Unique subject IDs:    ['51']
[2026-03-31 18:02:01]   sfreq (first rec):     128.0 Hz
[2026-03-31 18:02:01]   EEG channel count:     62
[2026-03-31 18:02:01]   First 10 channels:     ['Fp1', 'Fp2', 'F7', 'F3', 'Fz', 'F4', 'F8', 'FC5', 'FC1', 'FC2']
[2026-03-31 18:02:01] Channel consistency summary:
[2026-03-31 18:02:01]   Checked runs: 1
[2026-03-31 18:02:01]   Unique channel counts: [62]
[2026-03-31 18:02:01]   Channel order consistent: True
[2026-03-31 18:02:01] Validated EEG channels: 62
[2026-03-31 18:02:01] First 10 EEG channels: ['Fp1', 'Fp2', 'F7', 'F3', 'Fz', 'F4', 'F8', 'FC5', 'FC1', 'FC2']
[2026-03-31 18:02:01] raw mean_abs=8.654730e+00
[2026-03-31 18:02:01] raw std=3.494582e+01
[2026-03-31 18:02:01] raw first5 channel std= [46.22404553 54.63339771 16.95830183 13.82897057 11.24366025]
[2026-03-31 18:02:01] Requested window samples: 536
[2026-03-31 18:02:01] Base trial samples:       512
[2026-03-31 18:02:01] Stop offset samples:      24
[2026-03-31 18:02:01] Global class counts: [25, 25, 25, 25]
[2026-03-31 18:02:01] Chance level (4-class): 0.25
[2026-03-31 18:02:01] One window shape: (62, 536)
[2026-03-31 18:02:01] One window label: 1
[2026-03-31 18:02:01] Window sample length expected=536, got=536
[2026-03-31 18:02:01] Subjects in window split: [51]
[2026-03-31 18:02:01] Summarizing per-subject windows...
[2026-03-31 18:02:01]   Subject 51: n_windows=100, window_shape=(62, 536), class_counts=[25, 25, 25, 25]
[2026-03-31 18:02:01]    subject_id  n_windows  n_channels  n_times      class_counts
0          51        100          62      536  [25, 25, 25, 25]
[2026-03-31 18:02:01] Window validation summary:
[2026-03-31 18:02:01]   Subject 51: n_windows=100 class_counts=[25, 25, 25, 25]

[2026-03-31 18:02:01] Validated sampling rate target: 128 Hz
[2026-03-31 18:02:01] Validated window sample count:   536
[2026-03-31 18:02:01] Validated window duration:       4.1875 s
[2026-03-31 18:02:01] Validated channel count:         62
[2026-03-31 18:02:01] Total windows retained:          100
[2026-03-31 18:02:01] Preprocessing sanity checks:
[2026-03-31 18:02:01]   One sample label: 1
[2026-03-31 18:02:01]   One sample shape: (62, 536)
[2026-03-31 18:02:01]   Mean(abs(signal)): 4.094026e+00
[2026-03-31 18:02:01]   Mean(signal):      7.346552e-09
[2026-03-31 18:02:01]   Std(signal):       5.860601e+00
[2026-03-31 18:02:01] Building model with input window duration: 4.1875 s
[2026-03-31 18:02:01] SignalJEPA_PreLocal instantiated successfully.
[2026-03-31 18:02:01]   Total parameters:     18,192
[2026-03-31 18:02:01]   Trainable parameters: 18,192
[2026-03-31 18:02:01] ======================================================================================================================================================
Layer (type (var_name):depth-idx)                  Input Shape               Output Shape              Param #                   Kernel Shape
======================================================================================================================================================
SignalJEPA_PreLocal (SignalJEPA_PreLocal)          [1, 62, 536]              [1, 4]                    --                        --
├─Sequential (spatial_conv): 1-1                   [1, 62, 536]              [1, 4, 536]               --                        --
│    └─Rearrange (0): 2-1                          [1, 62, 536]              [1, 1, 62, 536]           --                        --
│    └─Conv2d (1): 2-2                             [1, 1, 62, 536]           [1, 4, 1, 536]            252                       [62, 1]
│    └─Rearrange (2): 2-3                          [1, 4, 1, 536]            [1, 4, 536]               --                        --
├─_ConvFeatureEncoder (feature_encoder): 1-2       [1, 4, 536]               [1, 16, 64]               --                        --
│    └─Rearrange (0): 2-4                          [1, 4, 536]               [4, 1, 536]               --                        --
│    └─Sequential (1): 2-5                         [4, 1, 536]               [4, 8, 64]                --                        --
│    │    └─Conv1d (0): 3-1                        [4, 1, 536]               [4, 8, 64]                256                       [32]
│    │    └─Dropout (1): 3-2                       [4, 8, 64]                [4, 8, 64]                --                        --
│    │    └─GroupNorm (2): 3-3                     [4, 8, 64]                [4, 8, 64]                16                        --
│    │    └─GELU (3): 3-4                          [4, 8, 64]                [4, 8, 64]                --                        --
│    └─Sequential (2): 2-6                         [4, 8, 64]                [4, 16, 32]               --                        --
│    │    └─Conv1d (0): 3-5                        [4, 8, 64]                [4, 16, 32]               256                       [2]
│    │    └─Dropout (1): 3-6                       [4, 16, 32]               [4, 16, 32]               --                        --
│    │    └─GELU (2): 3-7                          [4, 16, 32]               [4, 16, 32]               --                        --
│    └─Sequential (3): 2-7                         [4, 16, 32]               [4, 32, 16]               --                        --
│    │    └─Conv1d (0): 3-8                        [4, 16, 32]               [4, 32, 16]               1,024                     [2]
│    │    └─Dropout (1): 3-9                       [4, 32, 16]               [4, 32, 16]               --                        --
│    │    └─GELU (2): 3-10                         [4, 32, 16]               [4, 32, 16]               --                        --
│    └─Sequential (4): 2-8                         [4, 32, 16]               [4, 64, 8]                --                        --
│    │    └─Conv1d (0): 3-11                       [4, 32, 16]               [4, 64, 8]                4,096                     [2]
│    │    └─Dropout (1): 3-12                      [4, 64, 8]                [4, 64, 8]                --                        --
│    │    └─GELU (2): 3-13                         [4, 64, 8]                [4, 64, 8]                --                        --
│    └─Sequential (5): 2-9                         [4, 64, 8]                [4, 64, 4]                --                        --
│    │    └─Conv1d (0): 3-14                       [4, 64, 8]                [4, 64, 4]                8,192                     [2]
│    │    └─Dropout (1): 3-15                      [4, 64, 4]                [4, 64, 4]                --                        --
│    │    └─GELU (2): 3-16                         [4, 64, 4]                [4, 64, 4]                --                        --
│    └─Rearrange (6): 2-10                         [4, 64, 4]                [1, 16, 64]               --                        --
├─Sequential (final_layer): 1-3                    [1, 16, 64]               [1, 4]                    --                        --
│    └─Flatten (0): 2-11                           [1, 16, 64]               [1, 1024]                 --                        --
│    └─Linear (1): 2-12                            [1, 1024]                 [1, 4]                    4,100                     --
======================================================================================================================================================
Total params: 18,192
Trainable params: 18,192
Non-trainable params: 0
Total mult-adds (Units.MEGABYTES): 0.57
======================================================================================================================================================
Input size (MB): 0.13
Forward/backward pass size (MB): 0.11
Params size (MB): 0.07
Estimated Total Size (MB): 0.31
======================================================================================================================================================
[2026-03-31 18:02:01] Initializing from 16s-60 pretrained checkpoint (Hugging Face):
[2026-03-31 18:02:01]   https://huggingface.co/braindecode/SignalJEPA/resolve/main/signal-jepa_16s-60_adeuwv4s.pth
[2026-03-31 18:02:01]   Downloaded 179 keys
[2026-03-31 18:02:01] ======================================================================
[2026-03-31 18:02:01] STARTING CROSS-VALIDATION
[2026-03-31 18:02:01] ======================================================================
[2026-03-31 18:02:01] Subjects:      [51]
[2026-03-31 18:02:01] CV folds:      5
[2026-03-31 18:02:01] Batch size:    16
[2026-03-31 18:02:01] Max epochs:    5000
[2026-03-31 18:02:01] Device:        cpu
[2026-03-31 18:02:01] Seed control:  True
[2026-03-31 18:02:01] Base seed:     102
[2026-03-31 18:02:01] ======================================================================

[2026-03-31 18:02:01] Subject 51: 100 windows class_counts=[25, 25, 25, 25]
[2026-03-31 18:02:01]   Fold 1 split seed: 103
[2026-03-31 18:02:01]   Fold 1 split class counts:
[2026-03-31 18:02:01]     train=[16, 16, 16, 16] val=[4, 4, 4, 4] test=[5, 5, 5, 5]
[2026-03-31 18:02:01]   Fold 2 split seed: 104
[2026-03-31 18:02:01]   Fold 2 split class counts:
[2026-03-31 18:02:01]     train=[16, 16, 16, 16] val=[4, 4, 4, 4] test=[5, 5, 5, 5]
[2026-03-31 18:02:01]   Fold 3 split seed: 105
[2026-03-31 18:02:01]   Fold 3 split class counts:
[2026-03-31 18:02:01]     train=[16, 16, 16, 16] val=[4, 4, 4, 4] test=[5, 5, 5, 5]
[2026-03-31 18:02:01]   Fold 4 split seed: 106
[2026-03-31 18:02:01]   Fold 4 split class counts:
[2026-03-31 18:02:01]     train=[16, 16, 16, 16] val=[4, 4, 4, 4] test=[5, 5, 5, 5]
[2026-03-31 18:02:01]   Fold 5 split seed: 107
[2026-03-31 18:02:01]   Fold 5 split class counts:
[2026-03-31 18:02:01]     train=[16, 16, 16, 16] val=[4, 4, 4, 4] test=[5, 5, 5, 5]
[2026-03-31 18:02:01]   Subject 51 Fold 1 seed: 5203
[2026-03-31 18:02:01]   Subject 51 Fold 1: n_train=64 n_val=16 n_test=20
[2026-03-31 18:02:01]     Train class counts: [16, 16, 16, 16]
[2026-03-31 18:02:01]     Val class counts:   [4, 4, 4, 4]
[2026-03-31 18:02:01]     Test class counts:  [5, 5, 5, 5]
[2026-03-31 18:02:01] Building model with input window duration: 4.1875 s
[2026-03-31 18:02:01] Pretrained weight loading:
[2026-03-31 18:02:01]   Downloaded keys:        179
[2026-03-31 18:02:01]   Filtered (transformer): 172
[2026-03-31 18:02:01]   Filtered (pos_encoder): 0
[2026-03-31 18:02:01]   Keys to load:           7
[2026-03-31 18:02:01]   Missing keys:           4
[2026-03-31 18:02:01]   Unexpected keys:        0
[2026-03-31 18:02:01]   Missing preview:        ['spatial_conv.1.weight', 'spatial_conv.1.bias', 'final_layer.1.weight', 'final_layer.1.bias']
[2026-03-31 18:02:01]   Unexpected preview:     []
[2026-03-31 18:02:01] Encoder freeze configuration:
[2026-03-31 18:02:01]   Total parameters:        18,192
[2026-03-31 18:02:01]   Trainable parameters:    4,352
[2026-03-31 18:02:01]   Training percentage:     23.9%
[2026-03-31 18:02:01]   Trainable layers: 4
[2026-03-31 18:02:01]     - final_layer.1.bias
[2026-03-31 18:02:01]     - final_layer.1.weight
[2026-03-31 18:02:01]     - spatial_conv.1.bias
[2026-03-31 18:02:01]     - spatial_conv.1.weight
[2026-03-31 18:02:01]     Train generator seeded: True
[2026-03-31 18:02:01]     Stopped epoch:            51
[2026-03-31 18:02:01]     Best epoch (valid_loss):  1
[2026-03-31 18:02:01]     Best valid_loss:          1.383467197418213
[2026-03-31 18:02:01]     Test accuracy (primary):  0.3000
[2026-03-31 18:02:01]     Test balanced acc:        0.3000
[2026-03-31 18:02:01]     Confusion matrix:         [[0, 0, 4, 1], [0, 2, 2, 1], [0, 1, 4, 0], [0, 3, 2, 0]]
[2026-03-31 18:02:01]     Prediction histogram:     [0, 6, 12, 2]
[2026-03-31 18:02:01]     fold_acc=0.3000 fold_bal_acc=0.3000 cm=[[0, 0, 4, 1], [0, 2, 2, 1], [0, 1, 4, 0], [0, 3, 2, 0]]
[2026-03-31 18:02:01]   Subject 51 Fold 2 seed: 5204
[2026-03-31 18:02:01]   Subject 51 Fold 2: n_train=64 n_val=16 n_test=20
[2026-03-31 18:02:01]     Train class counts: [16, 16, 16, 16]
[2026-03-31 18:02:01]     Val class counts:   [4, 4, 4, 4]
[2026-03-31 18:02:01]     Test class counts:  [5, 5, 5, 5]
[2026-03-31 18:02:01] Building model with input window duration: 4.1875 s
[2026-03-31 18:02:01] Pretrained weight loading:
[2026-03-31 18:02:01]   Downloaded keys:        179
[2026-03-31 18:02:01]   Filtered (transformer): 172
[2026-03-31 18:02:01]   Filtered (pos_encoder): 0
[2026-03-31 18:02:01]   Keys to load:           7
[2026-03-31 18:02:01]   Missing keys:           4
[2026-03-31 18:02:01]   Unexpected keys:        0
[2026-03-31 18:02:01]   Missing preview:        ['spatial_conv.1.weight', 'spatial_conv.1.bias', 'final_layer.1.weight', 'final_layer.1.bias']
[2026-03-31 18:02:01]   Unexpected preview:     []
[2026-03-31 18:02:01] Encoder freeze configuration:
[2026-03-31 18:02:01]   Total parameters:        18,192
[2026-03-31 18:02:01]   Trainable parameters:    4,352
[2026-03-31 18:02:01]   Training percentage:     23.9%
[2026-03-31 18:02:01]   Trainable layers: 4
[2026-03-31 18:02:01]     - final_layer.1.bias
[2026-03-31 18:02:01]     - final_layer.1.weight
[2026-03-31 18:02:01]     - spatial_conv.1.bias
[2026-03-31 18:02:01]     - spatial_conv.1.weight
[2026-03-31 18:02:01]     Train generator seeded: True
[2026-03-31 18:02:04]     Stopped epoch:            167
[2026-03-31 18:02:04]     Best epoch (valid_loss):  117
[2026-03-31 18:02:04]     Best valid_loss:          1.333803653717041
[2026-03-31 18:02:04]     Test accuracy (primary):  0.1000
[2026-03-31 18:02:04]     Test balanced acc:        0.1000
[2026-03-31 18:02:04]     Confusion matrix:         [[1, 0, 2, 2], [2, 0, 3, 0], [1, 2, 1, 1], [1, 1, 3, 0]]
[2026-03-31 18:02:04]     Prediction histogram:     [5, 3, 9, 3]
[2026-03-31 18:02:04]     fold_acc=0.1000 fold_bal_acc=0.1000 cm=[[1, 0, 2, 2], [2, 0, 3, 0], [1, 2, 1, 1], [1, 1, 3, 0]]
[2026-03-31 18:02:04]   Subject 51 Fold 3 seed: 5205
[2026-03-31 18:02:04]   Subject 51 Fold 3: n_train=64 n_val=16 n_test=20
[2026-03-31 18:02:04]     Train class counts: [16, 16, 16, 16]
[2026-03-31 18:02:04]     Val class counts:   [4, 4, 4, 4]
[2026-03-31 18:02:04]     Test class counts:  [5, 5, 5, 5]
[2026-03-31 18:02:04] Building model with input window duration: 4.1875 s
[2026-03-31 18:02:04] Pretrained weight loading:
[2026-03-31 18:02:04]   Downloaded keys:        179
[2026-03-31 18:02:04]   Filtered (transformer): 172
[2026-03-31 18:02:04]   Filtered (pos_encoder): 0
[2026-03-31 18:02:04]   Keys to load:           7
[2026-03-31 18:02:04]   Missing keys:           4
[2026-03-31 18:02:04]   Unexpected keys:        0
[2026-03-31 18:02:04]   Missing preview:        ['spatial_conv.1.weight', 'spatial_conv.1.bias', 'final_layer.1.weight', 'final_layer.1.bias']
[2026-03-31 18:02:04]   Unexpected preview:     []
[2026-03-31 18:02:04] Encoder freeze configuration:
[2026-03-31 18:02:04]   Total parameters:        18,192
[2026-03-31 18:02:04]   Trainable parameters:    4,352
[2026-03-31 18:02:04]   Training percentage:     23.9%
[2026-03-31 18:02:04]   Trainable layers: 4
[2026-03-31 18:02:04]     - final_layer.1.bias
[2026-03-31 18:02:04]     - final_layer.1.weight
[2026-03-31 18:02:04]     - spatial_conv.1.bias
[2026-03-31 18:02:04]     - spatial_conv.1.weight
[2026-03-31 18:02:04]     Train generator seeded: True
[2026-03-31 18:02:05]     Stopped epoch:            125
[2026-03-31 18:02:05]     Best epoch (valid_loss):  75
[2026-03-31 18:02:05]     Best valid_loss:          1.3596802949905396
[2026-03-31 18:02:05]     Test accuracy (primary):  0.2000
[2026-03-31 18:02:05]     Test balanced acc:        0.2000
[2026-03-31 18:02:05]     Confusion matrix:         [[0, 2, 3, 0], [0, 1, 2, 2], [2, 0, 2, 1], [2, 0, 2, 1]]
[2026-03-31 18:02:05]     Prediction histogram:     [4, 3, 9, 4]
[2026-03-31 18:02:05]     fold_acc=0.2000 fold_bal_acc=0.2000 cm=[[0, 2, 3, 0], [0, 1, 2, 2], [2, 0, 2, 1], [2, 0, 2, 1]]
[2026-03-31 18:02:05]   Subject 51 Fold 4 seed: 5206
[2026-03-31 18:02:05]   Subject 51 Fold 4: n_train=64 n_val=16 n_test=20
[2026-03-31 18:02:05]     Train class counts: [16, 16, 16, 16]
[2026-03-31 18:02:05]     Val class counts:   [4, 4, 4, 4]
[2026-03-31 18:02:05]     Test class counts:  [5, 5, 5, 5]
[2026-03-31 18:02:05] Building model with input window duration: 4.1875 s
[2026-03-31 18:02:05] Pretrained weight loading:
[2026-03-31 18:02:05]   Downloaded keys:        179
[2026-03-31 18:02:05]   Filtered (transformer): 172
[2026-03-31 18:02:05]   Filtered (pos_encoder): 0
[2026-03-31 18:02:05]   Keys to load:           7
[2026-03-31 18:02:05]   Missing keys:           4
[2026-03-31 18:02:05]   Unexpected keys:        0
[2026-03-31 18:02:05]   Missing preview:        ['spatial_conv.1.weight', 'spatial_conv.1.bias', 'final_layer.1.weight', 'final_layer.1.bias']
[2026-03-31 18:02:05]   Unexpected preview:     []
[2026-03-31 18:02:05] Encoder freeze configuration:
[2026-03-31 18:02:05]   Total parameters:        18,192
[2026-03-31 18:02:05]   Trainable parameters:    4,352
[2026-03-31 18:02:05]   Training percentage:     23.9%
[2026-03-31 18:02:05]   Trainable layers: 4
[2026-03-31 18:02:05]     - final_layer.1.bias
[2026-03-31 18:02:05]     - final_layer.1.weight
[2026-03-31 18:02:05]     - spatial_conv.1.bias
[2026-03-31 18:02:05]     - spatial_conv.1.weight
[2026-03-31 18:02:05]     Train generator seeded: True
[2026-03-31 18:02:07]     Stopped epoch:            159
[2026-03-31 18:02:07]     Best epoch (valid_loss):  109
[2026-03-31 18:02:07]     Best valid_loss:          1.2606985569000244
[2026-03-31 18:02:07]     Test accuracy (primary):  0.3500
[2026-03-31 18:02:07]     Test balanced acc:        0.3500
[2026-03-31 18:02:07]     Confusion matrix:         [[1, 2, 1, 1], [4, 0, 1, 0], [0, 1, 2, 2], [1, 0, 0, 4]]
[2026-03-31 18:02:07]     Prediction histogram:     [6, 3, 4, 7]
[2026-03-31 18:02:07]     fold_acc=0.3500 fold_bal_acc=0.3500 cm=[[1, 2, 1, 1], [4, 0, 1, 0], [0, 1, 2, 2], [1, 0, 0, 4]]
[2026-03-31 18:02:07]   Subject 51 Fold 5 seed: 5207
[2026-03-31 18:02:07]   Subject 51 Fold 5: n_train=64 n_val=16 n_test=20
[2026-03-31 18:02:07]     Train class counts: [16, 16, 16, 16]
[2026-03-31 18:02:07]     Val class counts:   [4, 4, 4, 4]
[2026-03-31 18:02:07]     Test class counts:  [5, 5, 5, 5]
[2026-03-31 18:02:07] Building model with input window duration: 4.1875 s
[2026-03-31 18:02:07] Pretrained weight loading:
[2026-03-31 18:02:07]   Downloaded keys:        179
[2026-03-31 18:02:07]   Filtered (transformer): 172
[2026-03-31 18:02:07]   Filtered (pos_encoder): 0
[2026-03-31 18:02:07]   Keys to load:           7
[2026-03-31 18:02:07]   Missing keys:           4
[2026-03-31 18:02:07]   Unexpected keys:        0
[2026-03-31 18:02:07]   Missing preview:        ['spatial_conv.1.weight', 'spatial_conv.1.bias', 'final_layer.1.weight', 'final_layer.1.bias']
[2026-03-31 18:02:07]   Unexpected preview:     []
[2026-03-31 18:02:07] Encoder freeze configuration:
[2026-03-31 18:02:07]   Total parameters:        18,192
[2026-03-31 18:02:07]   Trainable parameters:    4,352
[2026-03-31 18:02:07]   Training percentage:     23.9%
[2026-03-31 18:02:07]   Trainable layers: 4
[2026-03-31 18:02:07]     - final_layer.1.bias
[2026-03-31 18:02:07]     - final_layer.1.weight
[2026-03-31 18:02:07]     - spatial_conv.1.bias
[2026-03-31 18:02:07]     - spatial_conv.1.weight
[2026-03-31 18:02:07]     Train generator seeded: True
[2026-03-31 18:02:08]     Stopped epoch:            54
[2026-03-31 18:02:08]     Best epoch (valid_loss):  4
[2026-03-31 18:02:08]     Best valid_loss:          1.3853107690811157
[2026-03-31 18:02:08]     Test accuracy (primary):  0.2500
[2026-03-31 18:02:08]     Test balanced acc:        0.2500
[2026-03-31 18:02:08]     Confusion matrix:         [[0, 4, 1, 0], [1, 2, 2, 0], [0, 2, 3, 0], [0, 4, 1, 0]]
[2026-03-31 18:02:08]     Prediction histogram:     [1, 12, 7, 0]
[2026-03-31 18:02:08]     fold_acc=0.2500 fold_bal_acc=0.2500 cm=[[0, 4, 1, 0], [1, 2, 2, 0], [0, 2, 3, 0], [0, 4, 1, 0]]
[2026-03-31 18:02:08]   Subject 51 mean accuracy: 0.2400

[2026-03-31 18:02:08] Total folds completed: 5
[2026-03-31 18:02:08] ======================================================================
[2026-03-31 18:02:08] AGGREGATED RESULTS
[2026-03-31 18:02:08] ======================================================================
[2026-03-31 18:02:08]   Subject 51:  acc=0.2400±0.0860  bal_acc=0.2400±0.0860
[2026-03-31 18:02:08] ----------------------------------------------------------------------
[2026-03-31 18:02:08]   OVERALL:      acc=0.2400±0.0860  bal_acc=0.2400±0.0860
[2026-03-31 18:02:08] ======================================================================
[2026-03-31 18:02:08] CV results saved to:      /home/vegorov/Repos/eeg_jepa_research/artifacts/lee-2019-fine-tuning/SSVEP/20260331_1801_910901f0/cv_results.json
[2026-03-31 18:02:08] Subject metrics saved to: /home/vegorov/Repos/eeg_jepa_research/artifacts/lee-2019-fine-tuning/SSVEP/20260331_1801_910901f0/subject_metrics.json
[2026-03-31 18:02:08] Global metrics saved to:  /home/vegorov/Repos/eeg_jepa_research/artifacts/lee-2019-fine-tuning/SSVEP/20260331_1801_910901f0/global_metrics.json
[2026-03-31 18:02:08] Run metadata saved to:    /home/vegorov/Repos/eeg_jepa_research/artifacts/lee-2019-fine-tuning/SSVEP/20260331_1801_910901f0/run_metadata.json

[2026-03-31 18:02:08] All artifacts in: /home/vegorov/Repos/eeg_jepa_research/artifacts/lee-2019-fine-tuning/SSVEP/20260331_1801_910901f0

[2026-03-31 18:02:08] ======================================================================
[2026-03-31 18:02:08] EXPERIMENT SUMMARY
[2026-03-31 18:02:08] ======================================================================
[2026-03-31 18:02:08] Run ID:    20260331_1801_910901f0
[2026-03-31 18:02:08] Artifacts: /home/vegorov/Repos/eeg_jepa_research/artifacts/lee-2019-fine-tuning/SSVEP/20260331_1801_910901f0

[2026-03-31 18:02:08] Configuration:
[2026-03-31 18:02:08]   Subjects:          [51]
[2026-03-31 18:02:08]   Bandpass:          0.5-40.0 Hz
[2026-03-31 18:02:08]   Resample:          128 Hz
[2026-03-31 18:02:08]   CV folds:          5
[2026-03-31 18:02:08]   Learning rate:     0.001
[2026-03-31 18:02:08]   Batch size:        16
[2026-03-31 18:02:08]   Max epochs:        5000

[2026-03-31 18:02:08] Results:
[2026-03-31 18:02:08]   Mean Accuracy:          0.2400 ± 0.0860
[2026-03-31 18:02:08]   Mean Balanced Accuracy: 0.2400 ± 0.0860
