[2026-04-01 09:48:42] Using device: cpu
[2026-04-01 09:48:42] Seed control enabled: True
[2026-04-01 09:48:42] Base seed: 1013
[2026-04-01 09:48:43] Seed initialized: 1013
[2026-04-01 09:48:43] ======================================================================
[2026-04-01 09:48:43] CONFIGURATION
[2026-04-01 09:48:43] ======================================================================
[2026-04-01 09:48:43]   artifact_dir: /home/vegorov/Repos/eeg_jepa_research/artifacts/lee-2019-fine-tuning
[2026-04-01 09:48:43]   bandpass_high: 40.0
[2026-04-01 09:48:43]   bandpass_low: 0.5
[2026-04-01 09:48:43]   batch_size: 16
[2026-04-01 09:48:43]   convert_to_uV: True
[2026-04-01 09:48:43]   cv_folds: 5
[2026-04-01 09:48:43]   device: auto
[2026-04-01 09:48:43]   early_stopping_patience: 50
[2026-04-01 09:48:43]   learning_rate: 0.001
[2026-04-01 09:48:43]   n_epochs: 5000
[2026-04-01 09:48:43]   normalization_method: None
[2026-04-01 09:48:43]   normalize: False
[2026-04-01 09:48:43]   paradigm: SSVEP
[2026-04-01 09:48:43]   pretrained_url: https://huggingface.co/braindecode/SignalJEPA/resolve/main/signal-jepa_16s-60_adeuwv4s.pth
[2026-04-01 09:48:43]   seed: 1013
[2026-04-01 09:48:43]   set_seed: True
[2026-04-01 09:48:43]   sfreq: 128
[2026-04-01 09:48:43]   subjects_to_use: [51]
[2026-04-01 09:48:43]   val_split: 0.2
[2026-04-01 09:48:43] ======================================================================
[2026-04-01 09:48:43] Config saved to: /home/vegorov/Repos/eeg_jepa_research/artifacts/lee-2019-fine-tuning/SSVEP/20260401_0948_ba75886b/config.json
[2026-04-01 09:48:43] Epoch window configuration:
[2026-04-01 09:48:43]   Target sfreq:                128 Hz
[2026-04-01 09:48:43]   Target duration:             4.190000 s
[2026-04-01 09:48:43]   Window samples (rounded):    536
[2026-04-01 09:48:43]   Base trial samples (4.0 s):  512
[2026-04-01 09:48:43]   Trial stop offset samples:   24
[2026-04-01 09:48:43]   Effective window duration:   4.187500 s
[2026-04-01 09:48:43] Using specified subjects from config: [51]
[2026-04-01 09:48:43] Selected subjects: [51]
[2026-04-01 09:48:43] Expected evaluation folds: 5

[2026-04-01 09:48:43] Building MOABBDataset for Lee2019_SSVEP...
[2026-04-01 09:48:52] MOABBDataset recordings loaded: 1
[2026-04-01 09:48:52] Discovered annotation descriptions (first recording): [np.str_('12.0'), np.str_('5.45'), np.str_('6.67'), np.str_('8.57')]
[2026-04-01 09:48:52] Dataset event_id mapping: {'12.0': 1, '8.57': 2, '6.67': 3, '5.45': 4}
[2026-04-01 09:48:52] Label map (event_code -> class_index): {1: 0, 2: 1, 3: 2, 4: 3}
[2026-04-01 09:48:52] Applying Braindecode preprocessors to MOABBDataset...
[2026-04-01 09:48:54] Preprocessing complete.

[2026-04-01 09:48:54] Post-preprocessing validation
[2026-04-01 09:48:54]   Recordings in DATASET: 1
[2026-04-01 09:48:54]   Unique subject IDs:    ['51']
[2026-04-01 09:48:54]   sfreq (first rec):     128.0 Hz
[2026-04-01 09:48:54]   EEG channel count:     62
[2026-04-01 09:48:54]   First 10 channels:     ['Fp1', 'Fp2', 'F7', 'F3', 'Fz', 'F4', 'F8', 'FC5', 'FC1', 'FC2']
[2026-04-01 09:48:54] Channel consistency summary:
[2026-04-01 09:48:54]   Checked runs: 1
[2026-04-01 09:48:54]   Unique channel counts: [62]
[2026-04-01 09:48:54]   Channel order consistent: True
[2026-04-01 09:48:54] Validated EEG channels: 62
[2026-04-01 09:48:54] First 10 EEG channels: ['Fp1', 'Fp2', 'F7', 'F3', 'Fz', 'F4', 'F8', 'FC5', 'FC1', 'FC2']
[2026-04-01 09:48:55] raw mean_abs=8.654730e+00
[2026-04-01 09:48:55] raw std=3.494582e+01
[2026-04-01 09:48:55] raw first5 channel std= [46.22404553 54.63339771 16.95830183 13.82897057 11.24366025]
[2026-04-01 09:48:55] Requested window samples: 536
[2026-04-01 09:48:55] Base trial samples:       512
[2026-04-01 09:48:55] Stop offset samples:      24
[2026-04-01 09:48:55] Global class counts: [25, 25, 25, 25]
[2026-04-01 09:48:55] Chance level (4-class): 0.25
[2026-04-01 09:48:55] One window shape: (62, 536)
[2026-04-01 09:48:55] One window label: 1
[2026-04-01 09:48:55] Window sample length expected=536, got=536
[2026-04-01 09:48:55] Subjects in window split: [51]
[2026-04-01 09:48:55] Summarizing per-subject windows...
[2026-04-01 09:48:55]   Subject 51: n_windows=100, window_shape=(62, 536), class_counts=[25, 25, 25, 25]
[2026-04-01 09:48:55]    subject_id  n_windows  n_channels  n_times      class_counts
0          51        100          62      536  [25, 25, 25, 25]
[2026-04-01 09:48:55] Window validation summary:
[2026-04-01 09:48:55]   Subject 51: n_windows=100 class_counts=[25, 25, 25, 25]

[2026-04-01 09:48:55] Validated sampling rate target: 128 Hz
[2026-04-01 09:48:55] Validated window sample count:   536
[2026-04-01 09:48:55] Validated window duration:       4.1875 s
[2026-04-01 09:48:55] Validated channel count:         62
[2026-04-01 09:48:55] Total windows retained:          100
[2026-04-01 09:48:55] Preprocessing sanity checks:
[2026-04-01 09:48:55]   One sample label: 1
[2026-04-01 09:48:55]   One sample shape: (62, 536)
[2026-04-01 09:48:55]   Mean(abs(signal)): 4.094026e+00
[2026-04-01 09:48:55]   Mean(signal):      7.346552e-09
[2026-04-01 09:48:55]   Std(signal):       5.860601e+00
[2026-04-01 09:48:55] Building model with input window duration: 4.1875 s
[2026-04-01 09:48:55] SignalJEPA_PreLocal instantiated successfully.
[2026-04-01 09:48:55]   Total parameters:     18,192
[2026-04-01 09:48:55]   Trainable parameters: 18,192
[2026-04-01 09:48:55] ======================================================================================================================================================
Layer (type (var_name):depth-idx)                  Input Shape               Output Shape              Param #                   Kernel Shape
======================================================================================================================================================
SignalJEPA_PreLocal (SignalJEPA_PreLocal)          [1, 62, 536]              [1, 4]                    --                        --
├─Sequential (spatial_conv): 1-1                   [1, 62, 536]              [1, 4, 536]               --                        --
│    └─Rearrange (0): 2-1                          [1, 62, 536]              [1, 1, 62, 536]           --                        --
│    └─Conv2d (1): 2-2                             [1, 1, 62, 536]           [1, 4, 1, 536]            252                       [62, 1]
│    └─Rearrange (2): 2-3                          [1, 4, 1, 536]            [1, 4, 536]               --                        --
├─_ConvFeatureEncoder (feature_encoder): 1-2       [1, 4, 536]               [1, 16, 64]               --                        --
│    └─Rearrange (0): 2-4                          [1, 4, 536]               [4, 1, 536]               --                        --
│    └─Sequential (1): 2-5                         [4, 1, 536]               [4, 8, 64]                --                        --
│    │    └─Conv1d (0): 3-1                        [4, 1, 536]               [4, 8, 64]                256                       [32]
│    │    └─Dropout (1): 3-2                       [4, 8, 64]                [4, 8, 64]                --                        --
│    │    └─GroupNorm (2): 3-3                     [4, 8, 64]                [4, 8, 64]                16                        --
│    │    └─GELU (3): 3-4                          [4, 8, 64]                [4, 8, 64]                --                        --
│    └─Sequential (2): 2-6                         [4, 8, 64]                [4, 16, 32]               --                        --
│    │    └─Conv1d (0): 3-5                        [4, 8, 64]                [4, 16, 32]               256                       [2]
│    │    └─Dropout (1): 3-6                       [4, 16, 32]               [4, 16, 32]               --                        --
│    │    └─GELU (2): 3-7                          [4, 16, 32]               [4, 16, 32]               --                        --
│    └─Sequential (3): 2-7                         [4, 16, 32]               [4, 32, 16]               --                        --
│    │    └─Conv1d (0): 3-8                        [4, 16, 32]               [4, 32, 16]               1,024                     [2]
│    │    └─Dropout (1): 3-9                       [4, 32, 16]               [4, 32, 16]               --                        --
│    │    └─GELU (2): 3-10                         [4, 32, 16]               [4, 32, 16]               --                        --
│    └─Sequential (4): 2-8                         [4, 32, 16]               [4, 64, 8]                --                        --
│    │    └─Conv1d (0): 3-11                       [4, 32, 16]               [4, 64, 8]                4,096                     [2]
│    │    └─Dropout (1): 3-12                      [4, 64, 8]                [4, 64, 8]                --                        --
│    │    └─GELU (2): 3-13                         [4, 64, 8]                [4, 64, 8]                --                        --
│    └─Sequential (5): 2-9                         [4, 64, 8]                [4, 64, 4]                --                        --
│    │    └─Conv1d (0): 3-14                       [4, 64, 8]                [4, 64, 4]                8,192                     [2]
│    │    └─Dropout (1): 3-15                      [4, 64, 4]                [4, 64, 4]                --                        --
│    │    └─GELU (2): 3-16                         [4, 64, 4]                [4, 64, 4]                --                        --
│    └─Rearrange (6): 2-10                         [4, 64, 4]                [1, 16, 64]               --                        --
├─Sequential (final_layer): 1-3                    [1, 16, 64]               [1, 4]                    --                        --
│    └─Flatten (0): 2-11                           [1, 16, 64]               [1, 1024]                 --                        --
│    └─Linear (1): 2-12                            [1, 1024]                 [1, 4]                    4,100                     --
======================================================================================================================================================
Total params: 18,192
Trainable params: 18,192
Non-trainable params: 0
Total mult-adds (Units.MEGABYTES): 0.57
======================================================================================================================================================
Input size (MB): 0.13
Forward/backward pass size (MB): 0.11
Params size (MB): 0.07
Estimated Total Size (MB): 0.31
======================================================================================================================================================
[2026-04-01 09:48:55] Initializing from 16s-60 pretrained checkpoint (Hugging Face):
[2026-04-01 09:48:55]   https://huggingface.co/braindecode/SignalJEPA/resolve/main/signal-jepa_16s-60_adeuwv4s.pth
[2026-04-01 09:48:55]   Downloaded 179 keys
[2026-04-01 09:48:55] ======================================================================
[2026-04-01 09:48:55] STARTING CROSS-VALIDATION
[2026-04-01 09:48:55] ======================================================================
[2026-04-01 09:48:55] Subjects:      [51]
[2026-04-01 09:48:55] CV folds:      5
[2026-04-01 09:48:55] Batch size:    16
[2026-04-01 09:48:55] Max epochs:    5000
[2026-04-01 09:48:55] Device:        cpu
[2026-04-01 09:48:55] Seed control:  True
[2026-04-01 09:48:55] Base seed:     1013
[2026-04-01 09:48:55] ======================================================================

[2026-04-01 09:48:55] Subject 51: 100 windows class_counts=[25, 25, 25, 25]
[2026-04-01 09:48:55]   Fold 1 split seed: 1014
[2026-04-01 09:48:55]   Fold 1 split class counts:
[2026-04-01 09:48:55]     train=[16, 16, 16, 16] val=[4, 4, 4, 4] test=[5, 5, 5, 5]
[2026-04-01 09:48:55]   Fold 2 split seed: 1015
[2026-04-01 09:48:55]   Fold 2 split class counts:
[2026-04-01 09:48:55]     train=[16, 16, 16, 16] val=[4, 4, 4, 4] test=[5, 5, 5, 5]
[2026-04-01 09:48:55]   Fold 3 split seed: 1016
[2026-04-01 09:48:55]   Fold 3 split class counts:
[2026-04-01 09:48:55]     train=[16, 16, 16, 16] val=[4, 4, 4, 4] test=[5, 5, 5, 5]
[2026-04-01 09:48:55]   Fold 4 split seed: 1017
[2026-04-01 09:48:55]   Fold 4 split class counts:
[2026-04-01 09:48:55]     train=[16, 16, 16, 16] val=[4, 4, 4, 4] test=[5, 5, 5, 5]
[2026-04-01 09:48:55]   Fold 5 split seed: 1018
[2026-04-01 09:48:55]   Fold 5 split class counts:
[2026-04-01 09:48:55]     train=[16, 16, 16, 16] val=[4, 4, 4, 4] test=[5, 5, 5, 5]
[2026-04-01 09:48:55]   Subject 51 Fold 1 seed: 6114
[2026-04-01 09:48:55]   Subject 51 Fold 1: n_train=64 n_val=16 n_test=20
[2026-04-01 09:48:55]     Train class counts: [16, 16, 16, 16]
[2026-04-01 09:48:55]     Val class counts:   [4, 4, 4, 4]
[2026-04-01 09:48:55]     Test class counts:  [5, 5, 5, 5]
[2026-04-01 09:48:55] Building model with input window duration: 4.1875 s
[2026-04-01 09:48:55] Pretrained weight loading:
[2026-04-01 09:48:55]   Downloaded keys:        179
[2026-04-01 09:48:55]   Filtered (transformer): 172
[2026-04-01 09:48:55]   Filtered (pos_encoder): 0
[2026-04-01 09:48:55]   Keys to load:           7
[2026-04-01 09:48:55]   Missing keys:           4
[2026-04-01 09:48:55]   Unexpected keys:        0
[2026-04-01 09:48:55]   Missing preview:        ['spatial_conv.1.weight', 'spatial_conv.1.bias', 'final_layer.1.weight', 'final_layer.1.bias']
[2026-04-01 09:48:55]   Unexpected preview:     []
[2026-04-01 09:48:55] Encoder freeze configuration:
[2026-04-01 09:48:55]   Total parameters:        18,192
[2026-04-01 09:48:55]   Trainable parameters:    4,352
[2026-04-01 09:48:55]   Training percentage:     23.9%
[2026-04-01 09:48:55]   Trainable layers: 4
[2026-04-01 09:48:55]     - final_layer.1.bias
[2026-04-01 09:48:55]     - final_layer.1.weight
[2026-04-01 09:48:55]     - spatial_conv.1.bias
[2026-04-01 09:48:55]     - spatial_conv.1.weight
[2026-04-01 09:48:55]     Train generator seeded: True
[2026-04-01 09:48:55]     Stopped epoch:            51
[2026-04-01 09:48:55]     Best epoch (valid_loss):  1
[2026-04-01 09:48:55]     Best valid_loss:          1.3871084451675415
[2026-04-01 09:48:55]     Test accuracy (primary):  0.3000
[2026-04-01 09:48:55]     Test balanced acc:        0.3000
[2026-04-01 09:48:55]     Confusion matrix:         [[2, 0, 3, 0], [0, 1, 4, 0], [1, 1, 3, 0], [1, 1, 3, 0]]
[2026-04-01 09:48:55]     Prediction histogram:     [4, 3, 13, 0]
[2026-04-01 09:48:55]     fold_acc=0.3000 fold_bal_acc=0.3000 cm=[[2, 0, 3, 0], [0, 1, 4, 0], [1, 1, 3, 0], [1, 1, 3, 0]]
[2026-04-01 09:48:55]   Subject 51 Fold 2 seed: 6115
[2026-04-01 09:48:55]   Subject 51 Fold 2: n_train=64 n_val=16 n_test=20
[2026-04-01 09:48:55]     Train class counts: [16, 16, 16, 16]
[2026-04-01 09:48:55]     Val class counts:   [4, 4, 4, 4]
[2026-04-01 09:48:55]     Test class counts:  [5, 5, 5, 5]
[2026-04-01 09:48:55] Building model with input window duration: 4.1875 s
[2026-04-01 09:48:55] Pretrained weight loading:
[2026-04-01 09:48:55]   Downloaded keys:        179
[2026-04-01 09:48:55]   Filtered (transformer): 172
[2026-04-01 09:48:55]   Filtered (pos_encoder): 0
[2026-04-01 09:48:55]   Keys to load:           7
[2026-04-01 09:48:55]   Missing keys:           4
[2026-04-01 09:48:55]   Unexpected keys:        0
[2026-04-01 09:48:55]   Missing preview:        ['spatial_conv.1.weight', 'spatial_conv.1.bias', 'final_layer.1.weight', 'final_layer.1.bias']
[2026-04-01 09:48:55]   Unexpected preview:     []
[2026-04-01 09:48:55] Encoder freeze configuration:
[2026-04-01 09:48:55]   Total parameters:        18,192
[2026-04-01 09:48:55]   Trainable parameters:    4,352
[2026-04-01 09:48:55]   Training percentage:     23.9%
[2026-04-01 09:48:55]   Trainable layers: 4
[2026-04-01 09:48:55]     - final_layer.1.bias
[2026-04-01 09:48:55]     - final_layer.1.weight
[2026-04-01 09:48:55]     - spatial_conv.1.bias
[2026-04-01 09:48:55]     - spatial_conv.1.weight
[2026-04-01 09:48:55]     Train generator seeded: True
[2026-04-01 09:48:57]     Stopped epoch:            150
[2026-04-01 09:48:57]     Best epoch (valid_loss):  100
[2026-04-01 09:48:57]     Best valid_loss:          1.330466628074646
[2026-04-01 09:48:57]     Test accuracy (primary):  0.3500
[2026-04-01 09:48:57]     Test balanced acc:        0.3500
[2026-04-01 09:48:57]     Confusion matrix:         [[2, 1, 2, 0], [0, 2, 2, 1], [1, 1, 1, 2], [1, 1, 1, 2]]
[2026-04-01 09:48:57]     Prediction histogram:     [4, 5, 6, 5]
[2026-04-01 09:48:57]     fold_acc=0.3500 fold_bal_acc=0.3500 cm=[[2, 1, 2, 0], [0, 2, 2, 1], [1, 1, 1, 2], [1, 1, 1, 2]]
[2026-04-01 09:48:57]   Subject 51 Fold 3 seed: 6116
[2026-04-01 09:48:57]   Subject 51 Fold 3: n_train=64 n_val=16 n_test=20
[2026-04-01 09:48:57]     Train class counts: [16, 16, 16, 16]
[2026-04-01 09:48:57]     Val class counts:   [4, 4, 4, 4]
[2026-04-01 09:48:57]     Test class counts:  [5, 5, 5, 5]
[2026-04-01 09:48:57] Building model with input window duration: 4.1875 s
[2026-04-01 09:48:57] Pretrained weight loading:
[2026-04-01 09:48:57]   Downloaded keys:        179
[2026-04-01 09:48:57]   Filtered (transformer): 172
[2026-04-01 09:48:57]   Filtered (pos_encoder): 0
[2026-04-01 09:48:57]   Keys to load:           7
[2026-04-01 09:48:57]   Missing keys:           4
[2026-04-01 09:48:57]   Unexpected keys:        0
[2026-04-01 09:48:57]   Missing preview:        ['spatial_conv.1.weight', 'spatial_conv.1.bias', 'final_layer.1.weight', 'final_layer.1.bias']
[2026-04-01 09:48:57]   Unexpected preview:     []
[2026-04-01 09:48:57] Encoder freeze configuration:
[2026-04-01 09:48:57]   Total parameters:        18,192
[2026-04-01 09:48:57]   Trainable parameters:    4,352
[2026-04-01 09:48:57]   Training percentage:     23.9%
[2026-04-01 09:48:57]   Trainable layers: 4
[2026-04-01 09:48:57]     - final_layer.1.bias
[2026-04-01 09:48:57]     - final_layer.1.weight
[2026-04-01 09:48:57]     - spatial_conv.1.bias
[2026-04-01 09:48:57]     - spatial_conv.1.weight
[2026-04-01 09:48:57]     Train generator seeded: True
[2026-04-01 09:48:58]     Stopped epoch:            51
[2026-04-01 09:48:58]     Best epoch (valid_loss):  1
[2026-04-01 09:48:58]     Best valid_loss:          1.3873953819274902
[2026-04-01 09:48:58]     Test accuracy (primary):  0.2000
[2026-04-01 09:48:58]     Test balanced acc:        0.2000
[2026-04-01 09:48:58]     Confusion matrix:         [[4, 0, 1, 0], [5, 0, 0, 0], [4, 0, 0, 1], [5, 0, 0, 0]]
[2026-04-01 09:48:58]     Prediction histogram:     [18, 0, 1, 1]
[2026-04-01 09:48:58]     fold_acc=0.2000 fold_bal_acc=0.2000 cm=[[4, 0, 1, 0], [5, 0, 0, 0], [4, 0, 0, 1], [5, 0, 0, 0]]
[2026-04-01 09:48:58]   Subject 51 Fold 4 seed: 6117
[2026-04-01 09:48:58]   Subject 51 Fold 4: n_train=64 n_val=16 n_test=20
[2026-04-01 09:48:58]     Train class counts: [16, 16, 16, 16]
[2026-04-01 09:48:58]     Val class counts:   [4, 4, 4, 4]
[2026-04-01 09:48:58]     Test class counts:  [5, 5, 5, 5]
[2026-04-01 09:48:58] Building model with input window duration: 4.1875 s
[2026-04-01 09:48:58] Pretrained weight loading:
[2026-04-01 09:48:58]   Downloaded keys:        179
[2026-04-01 09:48:58]   Filtered (transformer): 172
[2026-04-01 09:48:58]   Filtered (pos_encoder): 0
[2026-04-01 09:48:58]   Keys to load:           7
[2026-04-01 09:48:58]   Missing keys:           4
[2026-04-01 09:48:58]   Unexpected keys:        0
[2026-04-01 09:48:58]   Missing preview:        ['spatial_conv.1.weight', 'spatial_conv.1.bias', 'final_layer.1.weight', 'final_layer.1.bias']
[2026-04-01 09:48:58]   Unexpected preview:     []
[2026-04-01 09:48:58] Encoder freeze configuration:
[2026-04-01 09:48:58]   Total parameters:        18,192
[2026-04-01 09:48:58]   Trainable parameters:    4,352
[2026-04-01 09:48:58]   Training percentage:     23.9%
[2026-04-01 09:48:58]   Trainable layers: 4
[2026-04-01 09:48:58]     - final_layer.1.bias
[2026-04-01 09:48:58]     - final_layer.1.weight
[2026-04-01 09:48:58]     - spatial_conv.1.bias
[2026-04-01 09:48:58]     - spatial_conv.1.weight
[2026-04-01 09:48:58]     Train generator seeded: True
[2026-04-01 09:49:00]     Stopped epoch:            191
[2026-04-01 09:49:00]     Best epoch (valid_loss):  141
[2026-04-01 09:49:00]     Best valid_loss:          1.2875537872314453
[2026-04-01 09:49:00]     Test accuracy (primary):  0.1500
[2026-04-01 09:49:00]     Test balanced acc:        0.1500
[2026-04-01 09:49:00]     Confusion matrix:         [[1, 1, 2, 1], [2, 0, 1, 2], [1, 3, 0, 1], [0, 2, 1, 2]]
[2026-04-01 09:49:00]     Prediction histogram:     [4, 6, 4, 6]
[2026-04-01 09:49:00]     fold_acc=0.1500 fold_bal_acc=0.1500 cm=[[1, 1, 2, 1], [2, 0, 1, 2], [1, 3, 0, 1], [0, 2, 1, 2]]
[2026-04-01 09:49:00]   Subject 51 Fold 5 seed: 6118
[2026-04-01 09:49:00]   Subject 51 Fold 5: n_train=64 n_val=16 n_test=20
[2026-04-01 09:49:00]     Train class counts: [16, 16, 16, 16]
[2026-04-01 09:49:00]     Val class counts:   [4, 4, 4, 4]
[2026-04-01 09:49:00]     Test class counts:  [5, 5, 5, 5]
[2026-04-01 09:49:00] Building model with input window duration: 4.1875 s
[2026-04-01 09:49:00] Pretrained weight loading:
[2026-04-01 09:49:00]   Downloaded keys:        179
[2026-04-01 09:49:00]   Filtered (transformer): 172
[2026-04-01 09:49:00]   Filtered (pos_encoder): 0
[2026-04-01 09:49:00]   Keys to load:           7
[2026-04-01 09:49:00]   Missing keys:           4
[2026-04-01 09:49:00]   Unexpected keys:        0
[2026-04-01 09:49:00]   Missing preview:        ['spatial_conv.1.weight', 'spatial_conv.1.bias', 'final_layer.1.weight', 'final_layer.1.bias']
[2026-04-01 09:49:00]   Unexpected preview:     []
[2026-04-01 09:49:00] Encoder freeze configuration:
[2026-04-01 09:49:00]   Total parameters:        18,192
[2026-04-01 09:49:00]   Trainable parameters:    4,352
[2026-04-01 09:49:00]   Training percentage:     23.9%
[2026-04-01 09:49:00]   Trainable layers: 4
[2026-04-01 09:49:00]     - final_layer.1.bias
[2026-04-01 09:49:00]     - final_layer.1.weight
[2026-04-01 09:49:00]     - spatial_conv.1.bias
[2026-04-01 09:49:00]     - spatial_conv.1.weight
[2026-04-01 09:49:00]     Train generator seeded: True
[2026-04-01 09:49:02]     Stopped epoch:            142
[2026-04-01 09:49:02]     Best epoch (valid_loss):  92
[2026-04-01 09:49:02]     Best valid_loss:          1.349210262298584
[2026-04-01 09:49:02]     Test accuracy (primary):  0.4000
[2026-04-01 09:49:02]     Test balanced acc:        0.4000
[2026-04-01 09:49:02]     Confusion matrix:         [[3, 0, 1, 1], [2, 1, 1, 1], [1, 0, 2, 2], [2, 1, 0, 2]]
[2026-04-01 09:49:02]     Prediction histogram:     [8, 2, 4, 6]
[2026-04-01 09:49:02]     fold_acc=0.4000 fold_bal_acc=0.4000 cm=[[3, 0, 1, 1], [2, 1, 1, 1], [1, 0, 2, 2], [2, 1, 0, 2]]
[2026-04-01 09:49:02]   Subject 51 mean accuracy: 0.2800

[2026-04-01 09:49:02] Total folds completed: 5
[2026-04-01 09:49:02] ======================================================================
[2026-04-01 09:49:02] AGGREGATED RESULTS
[2026-04-01 09:49:02] ======================================================================
[2026-04-01 09:49:02]   Subject 51:  acc=0.2800±0.0927  bal_acc=0.2800±0.0927
[2026-04-01 09:49:02] ----------------------------------------------------------------------
[2026-04-01 09:49:02]   OVERALL:      acc=0.2800±0.0927  bal_acc=0.2800±0.0927
[2026-04-01 09:49:02] ======================================================================
[2026-04-01 09:49:02] CV results saved to:      /home/vegorov/Repos/eeg_jepa_research/artifacts/lee-2019-fine-tuning/SSVEP/20260401_0948_ba75886b/cv_results.json
[2026-04-01 09:49:02] Subject metrics saved to: /home/vegorov/Repos/eeg_jepa_research/artifacts/lee-2019-fine-tuning/SSVEP/20260401_0948_ba75886b/subject_metrics.json
[2026-04-01 09:49:02] Global metrics saved to:  /home/vegorov/Repos/eeg_jepa_research/artifacts/lee-2019-fine-tuning/SSVEP/20260401_0948_ba75886b/global_metrics.json
[2026-04-01 09:49:02] Run metadata saved to:    /home/vegorov/Repos/eeg_jepa_research/artifacts/lee-2019-fine-tuning/SSVEP/20260401_0948_ba75886b/run_metadata.json

[2026-04-01 09:49:02] All artifacts in: /home/vegorov/Repos/eeg_jepa_research/artifacts/lee-2019-fine-tuning/SSVEP/20260401_0948_ba75886b

[2026-04-01 09:49:02] ======================================================================
[2026-04-01 09:49:02] EXPERIMENT SUMMARY
[2026-04-01 09:49:02] ======================================================================
[2026-04-01 09:49:02] Run ID:    20260401_0948_ba75886b
[2026-04-01 09:49:02] Artifacts: /home/vegorov/Repos/eeg_jepa_research/artifacts/lee-2019-fine-tuning/SSVEP/20260401_0948_ba75886b

[2026-04-01 09:49:02] Configuration:
[2026-04-01 09:49:02]   Subjects:          [51]
[2026-04-01 09:49:02]   Bandpass:          0.5-40.0 Hz
[2026-04-01 09:49:02]   Resample:          128 Hz
[2026-04-01 09:49:02]   CV folds:          5
[2026-04-01 09:49:02]   Learning rate:     0.001
[2026-04-01 09:49:02]   Batch size:        16
[2026-04-01 09:49:02]   Max epochs:        5000

[2026-04-01 09:49:02] Results:
[2026-04-01 09:49:02]   Mean Accuracy:          0.2800 ± 0.0927
[2026-04-01 09:49:02]   Mean Balanced Accuracy: 0.2800 ± 0.0927
