[2026-03-31 18:09:53] Using device: cpu
[2026-03-31 18:09:53] Seed control enabled: True
[2026-03-31 18:09:53] Base seed: 305
[2026-03-31 18:09:54] Seed initialized: 305
[2026-03-31 18:09:54] ======================================================================
[2026-03-31 18:09:54] CONFIGURATION
[2026-03-31 18:09:54] ======================================================================
[2026-03-31 18:09:54]   artifact_dir: /home/vegorov/Repos/eeg_jepa_research/artifacts/lee-2019-fine-tuning
[2026-03-31 18:09:54]   bandpass_high: 40.0
[2026-03-31 18:09:54]   bandpass_low: 0.5
[2026-03-31 18:09:54]   batch_size: 32
[2026-03-31 18:09:54]   convert_to_uV: True
[2026-03-31 18:09:54]   cv_folds: 5
[2026-03-31 18:09:54]   device: auto
[2026-03-31 18:09:54]   early_stopping_patience: 50
[2026-03-31 18:09:54]   learning_rate: 0.001
[2026-03-31 18:09:54]   n_epochs: 5000
[2026-03-31 18:09:54]   normalization_method: None
[2026-03-31 18:09:54]   normalize: False
[2026-03-31 18:09:54]   paradigm: SSVEP
[2026-03-31 18:09:54]   pretrained_url: https://huggingface.co/braindecode/SignalJEPA/resolve/main/signal-jepa_16s-60_adeuwv4s.pth
[2026-03-31 18:09:54]   seed: 305
[2026-03-31 18:09:54]   set_seed: True
[2026-03-31 18:09:54]   sfreq: 128
[2026-03-31 18:09:54]   subjects_to_use: [51]
[2026-03-31 18:09:54]   val_split: 0.2
[2026-03-31 18:09:54] ======================================================================
[2026-03-31 18:09:54] Config saved to: /home/vegorov/Repos/eeg_jepa_research/artifacts/lee-2019-fine-tuning/SSVEP/20260331_1809_977f000c/config.json
[2026-03-31 18:09:54] Epoch window configuration:
[2026-03-31 18:09:54]   Target sfreq:                128 Hz
[2026-03-31 18:09:54]   Target duration:             4.190000 s
[2026-03-31 18:09:54]   Window samples (rounded):    536
[2026-03-31 18:09:54]   Base trial samples (4.0 s):  512
[2026-03-31 18:09:54]   Trial stop offset samples:   24
[2026-03-31 18:09:54]   Effective window duration:   4.187500 s
[2026-03-31 18:09:54] Using specified subjects from config: [51]
[2026-03-31 18:09:54] Selected subjects: [51]
[2026-03-31 18:09:54] Expected evaluation folds: 5

[2026-03-31 18:09:54] Building MOABBDataset for Lee2019_SSVEP...
[2026-03-31 18:10:02] MOABBDataset recordings loaded: 1
[2026-03-31 18:10:02] Discovered annotation descriptions (first recording): [np.str_('12.0'), np.str_('5.45'), np.str_('6.67'), np.str_('8.57')]
[2026-03-31 18:10:02] Dataset event_id mapping: {'12.0': 1, '8.57': 2, '6.67': 3, '5.45': 4}
[2026-03-31 18:10:02] Label map (event_code -> class_index): {1: 0, 2: 1, 3: 2, 4: 3}
[2026-03-31 18:10:03] Applying Braindecode preprocessors to MOABBDataset...
[2026-03-31 18:10:05] Preprocessing complete.

[2026-03-31 18:10:05] Post-preprocessing validation
[2026-03-31 18:10:05]   Recordings in DATASET: 1
[2026-03-31 18:10:05]   Unique subject IDs:    ['51']
[2026-03-31 18:10:05]   sfreq (first rec):     128.0 Hz
[2026-03-31 18:10:05]   EEG channel count:     62
[2026-03-31 18:10:05]   First 10 channels:     ['Fp1', 'Fp2', 'F7', 'F3', 'Fz', 'F4', 'F8', 'FC5', 'FC1', 'FC2']
[2026-03-31 18:10:05] Channel consistency summary:
[2026-03-31 18:10:05]   Checked runs: 1
[2026-03-31 18:10:05]   Unique channel counts: [62]
[2026-03-31 18:10:05]   Channel order consistent: True
[2026-03-31 18:10:05] Validated EEG channels: 62
[2026-03-31 18:10:05] First 10 EEG channels: ['Fp1', 'Fp2', 'F7', 'F3', 'Fz', 'F4', 'F8', 'FC5', 'FC1', 'FC2']
[2026-03-31 18:10:05] raw mean_abs=8.654730e+00
[2026-03-31 18:10:05] raw std=3.494582e+01
[2026-03-31 18:10:05] raw first5 channel std= [46.22404553 54.63339771 16.95830183 13.82897057 11.24366025]
[2026-03-31 18:10:05] Requested window samples: 536
[2026-03-31 18:10:05] Base trial samples:       512
[2026-03-31 18:10:05] Stop offset samples:      24
[2026-03-31 18:10:05] Global class counts: [25, 25, 25, 25]
[2026-03-31 18:10:05] Chance level (4-class): 0.25
[2026-03-31 18:10:05] One window shape: (62, 536)
[2026-03-31 18:10:05] One window label: 1
[2026-03-31 18:10:05] Window sample length expected=536, got=536
[2026-03-31 18:10:05] Subjects in window split: [51]
[2026-03-31 18:10:06] Summarizing per-subject windows...
[2026-03-31 18:10:06]   Subject 51: n_windows=100, window_shape=(62, 536), class_counts=[25, 25, 25, 25]
[2026-03-31 18:10:06]    subject_id  n_windows  n_channels  n_times      class_counts
0          51        100          62      536  [25, 25, 25, 25]
[2026-03-31 18:10:06] Window validation summary:
[2026-03-31 18:10:06]   Subject 51: n_windows=100 class_counts=[25, 25, 25, 25]

[2026-03-31 18:10:06] Validated sampling rate target: 128 Hz
[2026-03-31 18:10:06] Validated window sample count:   536
[2026-03-31 18:10:06] Validated window duration:       4.1875 s
[2026-03-31 18:10:06] Validated channel count:         62
[2026-03-31 18:10:06] Total windows retained:          100
[2026-03-31 18:10:06] Preprocessing sanity checks:
[2026-03-31 18:10:06]   One sample label: 1
[2026-03-31 18:10:06]   One sample shape: (62, 536)
[2026-03-31 18:10:06]   Mean(abs(signal)): 4.094026e+00
[2026-03-31 18:10:06]   Mean(signal):      7.346552e-09
[2026-03-31 18:10:06]   Std(signal):       5.860601e+00
[2026-03-31 18:10:06] Building model with input window duration: 4.1875 s
[2026-03-31 18:10:06] SignalJEPA_PreLocal instantiated successfully.
[2026-03-31 18:10:06]   Total parameters:     18,192
[2026-03-31 18:10:06]   Trainable parameters: 18,192
[2026-03-31 18:10:06] ======================================================================================================================================================
Layer (type (var_name):depth-idx)                  Input Shape               Output Shape              Param #                   Kernel Shape
======================================================================================================================================================
SignalJEPA_PreLocal (SignalJEPA_PreLocal)          [1, 62, 536]              [1, 4]                    --                        --
├─Sequential (spatial_conv): 1-1                   [1, 62, 536]              [1, 4, 536]               --                        --
│    └─Rearrange (0): 2-1                          [1, 62, 536]              [1, 1, 62, 536]           --                        --
│    └─Conv2d (1): 2-2                             [1, 1, 62, 536]           [1, 4, 1, 536]            252                       [62, 1]
│    └─Rearrange (2): 2-3                          [1, 4, 1, 536]            [1, 4, 536]               --                        --
├─_ConvFeatureEncoder (feature_encoder): 1-2       [1, 4, 536]               [1, 16, 64]               --                        --
│    └─Rearrange (0): 2-4                          [1, 4, 536]               [4, 1, 536]               --                        --
│    └─Sequential (1): 2-5                         [4, 1, 536]               [4, 8, 64]                --                        --
│    │    └─Conv1d (0): 3-1                        [4, 1, 536]               [4, 8, 64]                256                       [32]
│    │    └─Dropout (1): 3-2                       [4, 8, 64]                [4, 8, 64]                --                        --
│    │    └─GroupNorm (2): 3-3                     [4, 8, 64]                [4, 8, 64]                16                        --
│    │    └─GELU (3): 3-4                          [4, 8, 64]                [4, 8, 64]                --                        --
│    └─Sequential (2): 2-6                         [4, 8, 64]                [4, 16, 32]               --                        --
│    │    └─Conv1d (0): 3-5                        [4, 8, 64]                [4, 16, 32]               256                       [2]
│    │    └─Dropout (1): 3-6                       [4, 16, 32]               [4, 16, 32]               --                        --
│    │    └─GELU (2): 3-7                          [4, 16, 32]               [4, 16, 32]               --                        --
│    └─Sequential (3): 2-7                         [4, 16, 32]               [4, 32, 16]               --                        --
│    │    └─Conv1d (0): 3-8                        [4, 16, 32]               [4, 32, 16]               1,024                     [2]
│    │    └─Dropout (1): 3-9                       [4, 32, 16]               [4, 32, 16]               --                        --
│    │    └─GELU (2): 3-10                         [4, 32, 16]               [4, 32, 16]               --                        --
│    └─Sequential (4): 2-8                         [4, 32, 16]               [4, 64, 8]                --                        --
│    │    └─Conv1d (0): 3-11                       [4, 32, 16]               [4, 64, 8]                4,096                     [2]
│    │    └─Dropout (1): 3-12                      [4, 64, 8]                [4, 64, 8]                --                        --
│    │    └─GELU (2): 3-13                         [4, 64, 8]                [4, 64, 8]                --                        --
│    └─Sequential (5): 2-9                         [4, 64, 8]                [4, 64, 4]                --                        --
│    │    └─Conv1d (0): 3-14                       [4, 64, 8]                [4, 64, 4]                8,192                     [2]
│    │    └─Dropout (1): 3-15                      [4, 64, 4]                [4, 64, 4]                --                        --
│    │    └─GELU (2): 3-16                         [4, 64, 4]                [4, 64, 4]                --                        --
│    └─Rearrange (6): 2-10                         [4, 64, 4]                [1, 16, 64]               --                        --
├─Sequential (final_layer): 1-3                    [1, 16, 64]               [1, 4]                    --                        --
│    └─Flatten (0): 2-11                           [1, 16, 64]               [1, 1024]                 --                        --
│    └─Linear (1): 2-12                            [1, 1024]                 [1, 4]                    4,100                     --
======================================================================================================================================================
Total params: 18,192
Trainable params: 18,192
Non-trainable params: 0
Total mult-adds (Units.MEGABYTES): 0.57
======================================================================================================================================================
Input size (MB): 0.13
Forward/backward pass size (MB): 0.11
Params size (MB): 0.07
Estimated Total Size (MB): 0.31
======================================================================================================================================================
[2026-03-31 18:10:06] Initializing from 16s-60 pretrained checkpoint (Hugging Face):
[2026-03-31 18:10:06]   https://huggingface.co/braindecode/SignalJEPA/resolve/main/signal-jepa_16s-60_adeuwv4s.pth
[2026-03-31 18:10:06]   Downloaded 179 keys
[2026-03-31 18:10:06] ======================================================================
[2026-03-31 18:10:06] STARTING CROSS-VALIDATION
[2026-03-31 18:10:06] ======================================================================
[2026-03-31 18:10:06] Subjects:      [51]
[2026-03-31 18:10:06] CV folds:      5
[2026-03-31 18:10:06] Batch size:    32
[2026-03-31 18:10:06] Max epochs:    5000
[2026-03-31 18:10:06] Device:        cpu
[2026-03-31 18:10:06] Seed control:  True
[2026-03-31 18:10:06] Base seed:     305
[2026-03-31 18:10:06] ======================================================================

[2026-03-31 18:10:06] Subject 51: 100 windows class_counts=[25, 25, 25, 25]
[2026-03-31 18:10:06]   Fold 1 split seed: 306
[2026-03-31 18:10:06]   Fold 1 split class counts:
[2026-03-31 18:10:06]     train=[16, 16, 16, 16] val=[4, 4, 4, 4] test=[5, 5, 5, 5]
[2026-03-31 18:10:06]   Fold 2 split seed: 307
[2026-03-31 18:10:06]   Fold 2 split class counts:
[2026-03-31 18:10:06]     train=[16, 16, 16, 16] val=[4, 4, 4, 4] test=[5, 5, 5, 5]
[2026-03-31 18:10:06]   Fold 3 split seed: 308
[2026-03-31 18:10:06]   Fold 3 split class counts:
[2026-03-31 18:10:06]     train=[16, 16, 16, 16] val=[4, 4, 4, 4] test=[5, 5, 5, 5]
[2026-03-31 18:10:06]   Fold 4 split seed: 309
[2026-03-31 18:10:06]   Fold 4 split class counts:
[2026-03-31 18:10:06]     train=[16, 16, 16, 16] val=[4, 4, 4, 4] test=[5, 5, 5, 5]
[2026-03-31 18:10:06]   Fold 5 split seed: 310
[2026-03-31 18:10:06]   Fold 5 split class counts:
[2026-03-31 18:10:06]     train=[16, 16, 16, 16] val=[4, 4, 4, 4] test=[5, 5, 5, 5]
[2026-03-31 18:10:06]   Subject 51 Fold 1 seed: 5406
[2026-03-31 18:10:06]   Subject 51 Fold 1: n_train=64 n_val=16 n_test=20
[2026-03-31 18:10:06]     Train class counts: [16, 16, 16, 16]
[2026-03-31 18:10:06]     Val class counts:   [4, 4, 4, 4]
[2026-03-31 18:10:06]     Test class counts:  [5, 5, 5, 5]
[2026-03-31 18:10:06] Building model with input window duration: 4.1875 s
[2026-03-31 18:10:06] Pretrained weight loading:
[2026-03-31 18:10:06]   Downloaded keys:        179
[2026-03-31 18:10:06]   Filtered (transformer): 172
[2026-03-31 18:10:06]   Filtered (pos_encoder): 0
[2026-03-31 18:10:06]   Keys to load:           7
[2026-03-31 18:10:06]   Missing keys:           4
[2026-03-31 18:10:06]   Unexpected keys:        0
[2026-03-31 18:10:06]   Missing preview:        ['spatial_conv.1.weight', 'spatial_conv.1.bias', 'final_layer.1.weight', 'final_layer.1.bias']
[2026-03-31 18:10:06]   Unexpected preview:     []
[2026-03-31 18:10:06] Encoder freeze configuration:
[2026-03-31 18:10:06]   Total parameters:        18,192
[2026-03-31 18:10:06]   Trainable parameters:    4,352
[2026-03-31 18:10:06]   Training percentage:     23.9%
[2026-03-31 18:10:06]   Trainable layers: 4
[2026-03-31 18:10:06]     - final_layer.1.bias
[2026-03-31 18:10:06]     - final_layer.1.weight
[2026-03-31 18:10:06]     - spatial_conv.1.bias
[2026-03-31 18:10:06]     - spatial_conv.1.weight
[2026-03-31 18:10:06]     Train generator seeded: True
[2026-03-31 18:10:07]     Stopped epoch:            108
[2026-03-31 18:10:07]     Best epoch (valid_loss):  58
[2026-03-31 18:10:07]     Best valid_loss:          1.3780533075332642
[2026-03-31 18:10:07]     Test accuracy (primary):  0.5500
[2026-03-31 18:10:07]     Test balanced acc:        0.5500
[2026-03-31 18:10:07]     Confusion matrix:         [[4, 0, 0, 1], [0, 0, 1, 4], [2, 0, 3, 0], [1, 0, 0, 4]]
[2026-03-31 18:10:07]     Prediction histogram:     [7, 0, 4, 9]
[2026-03-31 18:10:07]     fold_acc=0.5500 fold_bal_acc=0.5500 cm=[[4, 0, 0, 1], [0, 0, 1, 4], [2, 0, 3, 0], [1, 0, 0, 4]]
[2026-03-31 18:10:07]   Subject 51 Fold 2 seed: 5407
[2026-03-31 18:10:07]   Subject 51 Fold 2: n_train=64 n_val=16 n_test=20
[2026-03-31 18:10:07]     Train class counts: [16, 16, 16, 16]
[2026-03-31 18:10:07]     Val class counts:   [4, 4, 4, 4]
[2026-03-31 18:10:07]     Test class counts:  [5, 5, 5, 5]
[2026-03-31 18:10:07] Building model with input window duration: 4.1875 s
[2026-03-31 18:10:07] Pretrained weight loading:
[2026-03-31 18:10:07]   Downloaded keys:        179
[2026-03-31 18:10:07]   Filtered (transformer): 172
[2026-03-31 18:10:07]   Filtered (pos_encoder): 0
[2026-03-31 18:10:07]   Keys to load:           7
[2026-03-31 18:10:07]   Missing keys:           4
[2026-03-31 18:10:07]   Unexpected keys:        0
[2026-03-31 18:10:07]   Missing preview:        ['spatial_conv.1.weight', 'spatial_conv.1.bias', 'final_layer.1.weight', 'final_layer.1.bias']
[2026-03-31 18:10:07]   Unexpected preview:     []
[2026-03-31 18:10:07] Encoder freeze configuration:
[2026-03-31 18:10:07]   Total parameters:        18,192
[2026-03-31 18:10:07]   Trainable parameters:    4,352
[2026-03-31 18:10:07]   Training percentage:     23.9%
[2026-03-31 18:10:07]   Trainable layers: 4
[2026-03-31 18:10:07]     - final_layer.1.bias
[2026-03-31 18:10:07]     - final_layer.1.weight
[2026-03-31 18:10:07]     - spatial_conv.1.bias
[2026-03-31 18:10:07]     - spatial_conv.1.weight
[2026-03-31 18:10:07]     Train generator seeded: True
[2026-03-31 18:10:08]     Stopped epoch:            154
[2026-03-31 18:10:08]     Best epoch (valid_loss):  104
[2026-03-31 18:10:08]     Best valid_loss:          1.3493938446044922
[2026-03-31 18:10:08]     Test accuracy (primary):  0.2500
[2026-03-31 18:10:08]     Test balanced acc:        0.2500
[2026-03-31 18:10:08]     Confusion matrix:         [[0, 2, 3, 0], [2, 2, 1, 0], [1, 1, 1, 2], [1, 1, 1, 2]]
[2026-03-31 18:10:08]     Prediction histogram:     [4, 6, 6, 4]
[2026-03-31 18:10:08]     fold_acc=0.2500 fold_bal_acc=0.2500 cm=[[0, 2, 3, 0], [2, 2, 1, 0], [1, 1, 1, 2], [1, 1, 1, 2]]
[2026-03-31 18:10:08]   Subject 51 Fold 3 seed: 5408
[2026-03-31 18:10:08]   Subject 51 Fold 3: n_train=64 n_val=16 n_test=20
[2026-03-31 18:10:08]     Train class counts: [16, 16, 16, 16]
[2026-03-31 18:10:08]     Val class counts:   [4, 4, 4, 4]
[2026-03-31 18:10:08]     Test class counts:  [5, 5, 5, 5]
[2026-03-31 18:10:08] Building model with input window duration: 4.1875 s
[2026-03-31 18:10:08] Pretrained weight loading:
[2026-03-31 18:10:08]   Downloaded keys:        179
[2026-03-31 18:10:08]   Filtered (transformer): 172
[2026-03-31 18:10:08]   Filtered (pos_encoder): 0
[2026-03-31 18:10:08]   Keys to load:           7
[2026-03-31 18:10:08]   Missing keys:           4
[2026-03-31 18:10:08]   Unexpected keys:        0
[2026-03-31 18:10:08]   Missing preview:        ['spatial_conv.1.weight', 'spatial_conv.1.bias', 'final_layer.1.weight', 'final_layer.1.bias']
[2026-03-31 18:10:08]   Unexpected preview:     []
[2026-03-31 18:10:08] Encoder freeze configuration:
[2026-03-31 18:10:08]   Total parameters:        18,192
[2026-03-31 18:10:08]   Trainable parameters:    4,352
[2026-03-31 18:10:08]   Training percentage:     23.9%
[2026-03-31 18:10:08]   Trainable layers: 4
[2026-03-31 18:10:08]     - final_layer.1.bias
[2026-03-31 18:10:08]     - final_layer.1.weight
[2026-03-31 18:10:08]     - spatial_conv.1.bias
[2026-03-31 18:10:08]     - spatial_conv.1.weight
[2026-03-31 18:10:08]     Train generator seeded: True
[2026-03-31 18:10:11]     Stopped epoch:            307
[2026-03-31 18:10:11]     Best epoch (valid_loss):  257
[2026-03-31 18:10:11]     Best valid_loss:          1.2220314741134644
[2026-03-31 18:10:11]     Test accuracy (primary):  0.3000
[2026-03-31 18:10:11]     Test balanced acc:        0.3000
[2026-03-31 18:10:11]     Confusion matrix:         [[1, 1, 2, 1], [1, 1, 2, 1], [0, 1, 2, 2], [0, 3, 0, 2]]
[2026-03-31 18:10:11]     Prediction histogram:     [2, 6, 6, 6]
[2026-03-31 18:10:11]     fold_acc=0.3000 fold_bal_acc=0.3000 cm=[[1, 1, 2, 1], [1, 1, 2, 1], [0, 1, 2, 2], [0, 3, 0, 2]]
[2026-03-31 18:10:11]   Subject 51 Fold 4 seed: 5409
[2026-03-31 18:10:11]   Subject 51 Fold 4: n_train=64 n_val=16 n_test=20
[2026-03-31 18:10:11]     Train class counts: [16, 16, 16, 16]
[2026-03-31 18:10:11]     Val class counts:   [4, 4, 4, 4]
[2026-03-31 18:10:11]     Test class counts:  [5, 5, 5, 5]
[2026-03-31 18:10:11] Building model with input window duration: 4.1875 s
[2026-03-31 18:10:11] Pretrained weight loading:
[2026-03-31 18:10:11]   Downloaded keys:        179
[2026-03-31 18:10:11]   Filtered (transformer): 172
[2026-03-31 18:10:11]   Filtered (pos_encoder): 0
[2026-03-31 18:10:11]   Keys to load:           7
[2026-03-31 18:10:11]   Missing keys:           4
[2026-03-31 18:10:11]   Unexpected keys:        0
[2026-03-31 18:10:11]   Missing preview:        ['spatial_conv.1.weight', 'spatial_conv.1.bias', 'final_layer.1.weight', 'final_layer.1.bias']
[2026-03-31 18:10:11]   Unexpected preview:     []
[2026-03-31 18:10:11] Encoder freeze configuration:
[2026-03-31 18:10:11]   Total parameters:        18,192
[2026-03-31 18:10:11]   Trainable parameters:    4,352
[2026-03-31 18:10:11]   Training percentage:     23.9%
[2026-03-31 18:10:11]   Trainable layers: 4
[2026-03-31 18:10:11]     - final_layer.1.bias
[2026-03-31 18:10:11]     - final_layer.1.weight
[2026-03-31 18:10:11]     - spatial_conv.1.bias
[2026-03-31 18:10:11]     - spatial_conv.1.weight
[2026-03-31 18:10:11]     Train generator seeded: True
[2026-03-31 18:10:11]     Stopped epoch:            51
[2026-03-31 18:10:11]     Best epoch (valid_loss):  1
[2026-03-31 18:10:11]     Best valid_loss:          1.3847477436065674
[2026-03-31 18:10:11]     Test accuracy (primary):  0.2500
[2026-03-31 18:10:11]     Test balanced acc:        0.2500
[2026-03-31 18:10:11]     Confusion matrix:         [[4, 0, 0, 1], [5, 0, 0, 0], [3, 0, 0, 2], [4, 0, 0, 1]]
[2026-03-31 18:10:11]     Prediction histogram:     [16, 0, 0, 4]
[2026-03-31 18:10:11]     fold_acc=0.2500 fold_bal_acc=0.2500 cm=[[4, 0, 0, 1], [5, 0, 0, 0], [3, 0, 0, 2], [4, 0, 0, 1]]
[2026-03-31 18:10:11]   Subject 51 Fold 5 seed: 5410
[2026-03-31 18:10:11]   Subject 51 Fold 5: n_train=64 n_val=16 n_test=20
[2026-03-31 18:10:11]     Train class counts: [16, 16, 16, 16]
[2026-03-31 18:10:11]     Val class counts:   [4, 4, 4, 4]
[2026-03-31 18:10:11]     Test class counts:  [5, 5, 5, 5]
[2026-03-31 18:10:11] Building model with input window duration: 4.1875 s
[2026-03-31 18:10:11] Pretrained weight loading:
[2026-03-31 18:10:11]   Downloaded keys:        179
[2026-03-31 18:10:11]   Filtered (transformer): 172
[2026-03-31 18:10:11]   Filtered (pos_encoder): 0
[2026-03-31 18:10:11]   Keys to load:           7
[2026-03-31 18:10:11]   Missing keys:           4
[2026-03-31 18:10:11]   Unexpected keys:        0
[2026-03-31 18:10:11]   Missing preview:        ['spatial_conv.1.weight', 'spatial_conv.1.bias', 'final_layer.1.weight', 'final_layer.1.bias']
[2026-03-31 18:10:11]   Unexpected preview:     []
[2026-03-31 18:10:11] Encoder freeze configuration:
[2026-03-31 18:10:11]   Total parameters:        18,192
[2026-03-31 18:10:11]   Trainable parameters:    4,352
[2026-03-31 18:10:11]   Training percentage:     23.9%
[2026-03-31 18:10:11]   Trainable layers: 4
[2026-03-31 18:10:11]     - final_layer.1.bias
[2026-03-31 18:10:11]     - final_layer.1.weight
[2026-03-31 18:10:11]     - spatial_conv.1.bias
[2026-03-31 18:10:11]     - spatial_conv.1.weight
[2026-03-31 18:10:11]     Train generator seeded: True
[2026-03-31 18:10:12]     Stopped epoch:            51
[2026-03-31 18:10:12]     Best epoch (valid_loss):  1
[2026-03-31 18:10:12]     Best valid_loss:          1.3845868110656738
[2026-03-31 18:10:12]     Test accuracy (primary):  0.1500
[2026-03-31 18:10:12]     Test balanced acc:        0.1500
[2026-03-31 18:10:12]     Confusion matrix:         [[1, 0, 4, 0], [1, 1, 3, 0], [4, 0, 1, 0], [2, 1, 2, 0]]
[2026-03-31 18:10:12]     Prediction histogram:     [8, 2, 10, 0]
[2026-03-31 18:10:12]     fold_acc=0.1500 fold_bal_acc=0.1500 cm=[[1, 0, 4, 0], [1, 1, 3, 0], [4, 0, 1, 0], [2, 1, 2, 0]]
[2026-03-31 18:10:12]   Subject 51 mean accuracy: 0.3000

[2026-03-31 18:10:12] Total folds completed: 5
[2026-03-31 18:10:12] ======================================================================
[2026-03-31 18:10:12] AGGREGATED RESULTS
[2026-03-31 18:10:12] ======================================================================
[2026-03-31 18:10:12]   Subject 51:  acc=0.3000±0.1342  bal_acc=0.3000±0.1342
[2026-03-31 18:10:12] ----------------------------------------------------------------------
[2026-03-31 18:10:12]   OVERALL:      acc=0.3000±0.1342  bal_acc=0.3000±0.1342
[2026-03-31 18:10:12] ======================================================================
[2026-03-31 18:10:12] CV results saved to:      /home/vegorov/Repos/eeg_jepa_research/artifacts/lee-2019-fine-tuning/SSVEP/20260331_1809_977f000c/cv_results.json
[2026-03-31 18:10:12] Subject metrics saved to: /home/vegorov/Repos/eeg_jepa_research/artifacts/lee-2019-fine-tuning/SSVEP/20260331_1809_977f000c/subject_metrics.json
[2026-03-31 18:10:12] Global metrics saved to:  /home/vegorov/Repos/eeg_jepa_research/artifacts/lee-2019-fine-tuning/SSVEP/20260331_1809_977f000c/global_metrics.json
[2026-03-31 18:10:12] Run metadata saved to:    /home/vegorov/Repos/eeg_jepa_research/artifacts/lee-2019-fine-tuning/SSVEP/20260331_1809_977f000c/run_metadata.json

[2026-03-31 18:10:12] All artifacts in: /home/vegorov/Repos/eeg_jepa_research/artifacts/lee-2019-fine-tuning/SSVEP/20260331_1809_977f000c

[2026-03-31 18:10:12] ======================================================================
[2026-03-31 18:10:12] EXPERIMENT SUMMARY
[2026-03-31 18:10:12] ======================================================================
[2026-03-31 18:10:12] Run ID:    20260331_1809_977f000c
[2026-03-31 18:10:12] Artifacts: /home/vegorov/Repos/eeg_jepa_research/artifacts/lee-2019-fine-tuning/SSVEP/20260331_1809_977f000c

[2026-03-31 18:10:12] Configuration:
[2026-03-31 18:10:12]   Subjects:          [51]
[2026-03-31 18:10:12]   Bandpass:          0.5-40.0 Hz
[2026-03-31 18:10:12]   Resample:          128 Hz
[2026-03-31 18:10:12]   CV folds:          5
[2026-03-31 18:10:12]   Learning rate:     0.001
[2026-03-31 18:10:12]   Batch size:        32
[2026-03-31 18:10:12]   Max epochs:        5000

[2026-03-31 18:10:12] Results:
[2026-03-31 18:10:12]   Mean Accuracy:          0.3000 ± 0.1342
[2026-03-31 18:10:12]   Mean Balanced Accuracy: 0.3000 ± 0.1342
