[2026-04-01 10:07:28] Using device: cpu
[2026-04-01 10:07:28] Seed control enabled: True
[2026-04-01 10:07:28] Base seed: 3014
[2026-04-01 10:07:29] Seed initialized: 3014
[2026-04-01 10:07:29] ======================================================================
[2026-04-01 10:07:29] CONFIGURATION
[2026-04-01 10:07:29] ======================================================================
[2026-04-01 10:07:29]   artifact_dir: /home/vegorov/Repos/eeg_jepa_research/artifacts/lee-2019-fine-tuning
[2026-04-01 10:07:29]   bandpass_high: 40.0
[2026-04-01 10:07:29]   bandpass_low: 0.5
[2026-04-01 10:07:29]   batch_size: 24
[2026-04-01 10:07:29]   convert_to_uV: True
[2026-04-01 10:07:29]   cv_folds: 5
[2026-04-01 10:07:29]   device: auto
[2026-04-01 10:07:29]   early_stopping_patience: 50
[2026-04-01 10:07:29]   learning_rate: 0.001
[2026-04-01 10:07:29]   n_epochs: 5000
[2026-04-01 10:07:29]   normalization_method: exponential_moving_slow
[2026-04-01 10:07:29]   normalize: True
[2026-04-01 10:07:29]   paradigm: SSVEP
[2026-04-01 10:07:29]   pretrained_url: https://huggingface.co/braindecode/SignalJEPA/resolve/main/signal-jepa_16s-60_adeuwv4s.pth
[2026-04-01 10:07:29]   seed: 3014
[2026-04-01 10:07:29]   set_seed: True
[2026-04-01 10:07:29]   sfreq: 128
[2026-04-01 10:07:29]   subjects_to_use: [51]
[2026-04-01 10:07:29]   val_split: 0.2
[2026-04-01 10:07:29] ======================================================================
[2026-04-01 10:07:29] Config saved to: /home/vegorov/Repos/eeg_jepa_research/artifacts/lee-2019-fine-tuning/SSVEP/20260401_1007_a84e880f/config.json
[2026-04-01 10:07:29] Epoch window configuration:
[2026-04-01 10:07:29]   Target sfreq:                128 Hz
[2026-04-01 10:07:29]   Target duration:             4.190000 s
[2026-04-01 10:07:29]   Window samples (rounded):    536
[2026-04-01 10:07:29]   Base trial samples (4.0 s):  512
[2026-04-01 10:07:29]   Trial stop offset samples:   24
[2026-04-01 10:07:29]   Effective window duration:   4.187500 s
[2026-04-01 10:07:29] Using specified subjects from config: [51]
[2026-04-01 10:07:29] Selected subjects: [51]
[2026-04-01 10:07:29] Expected evaluation folds: 5

[2026-04-01 10:07:29] Building MOABBDataset for Lee2019_SSVEP...
[2026-04-01 10:07:38] MOABBDataset recordings loaded: 1
[2026-04-01 10:07:38] Discovered annotation descriptions (first recording): [np.str_('12.0'), np.str_('5.45'), np.str_('6.67'), np.str_('8.57')]
[2026-04-01 10:07:38] Dataset event_id mapping: {'12.0': 1, '8.57': 2, '6.67': 3, '5.45': 4}
[2026-04-01 10:07:38] Label map (event_code -> class_index): {1: 0, 2: 1, 3: 2, 4: 3}
[2026-04-01 10:07:38] Applying Braindecode preprocessors to MOABBDataset...
[2026-04-01 10:07:41] Preprocessing complete.

[2026-04-01 10:07:41] Post-preprocessing validation
[2026-04-01 10:07:41]   Recordings in DATASET: 1
[2026-04-01 10:07:41]   Unique subject IDs:    ['51']
[2026-04-01 10:07:41]   sfreq (first rec):     128.0 Hz
[2026-04-01 10:07:41]   EEG channel count:     62
[2026-04-01 10:07:41]   First 10 channels:     ['Fp1', 'Fp2', 'F7', 'F3', 'Fz', 'F4', 'F8', 'FC5', 'FC1', 'FC2']
[2026-04-01 10:07:41] Channel consistency summary:
[2026-04-01 10:07:41]   Checked runs: 1
[2026-04-01 10:07:41]   Unique channel counts: [62]
[2026-04-01 10:07:41]   Channel order consistent: True
[2026-04-01 10:07:41] Validated EEG channels: 62
[2026-04-01 10:07:41] First 10 EEG channels: ['Fp1', 'Fp2', 'F7', 'F3', 'Fz', 'F4', 'F8', 'FC5', 'FC1', 'FC2']
[2026-04-01 10:07:41] raw mean_abs=6.693868e-01
[2026-04-01 10:07:41] raw std=1.006502e+00
[2026-04-01 10:07:41] raw first5 channel std= [1.00616828 1.02312066 0.98678329 1.00485686 1.00527904]
[2026-04-01 10:07:41] Requested window samples: 536
[2026-04-01 10:07:41] Base trial samples:       512
[2026-04-01 10:07:41] Stop offset samples:      24
[2026-04-01 10:07:41] Global class counts: [25, 25, 25, 25]
[2026-04-01 10:07:41] Chance level (4-class): 0.25
[2026-04-01 10:07:41] One window shape: (62, 536)
[2026-04-01 10:07:41] One window label: 1
[2026-04-01 10:07:41] Window sample length expected=536, got=536
[2026-04-01 10:07:41] Subjects in window split: [51]
[2026-04-01 10:07:41] Summarizing per-subject windows...
[2026-04-01 10:07:41]   Subject 51: n_windows=100, window_shape=(62, 536), class_counts=[25, 25, 25, 25]
[2026-04-01 10:07:41]    subject_id  n_windows  n_channels  n_times      class_counts
0          51        100          62      536  [25, 25, 25, 25]
[2026-04-01 10:07:41] Window validation summary:
[2026-04-01 10:07:41]   Subject 51: n_windows=100 class_counts=[25, 25, 25, 25]

[2026-04-01 10:07:41] Validated sampling rate target: 128 Hz
[2026-04-01 10:07:41] Validated window sample count:   536
[2026-04-01 10:07:41] Validated window duration:       4.1875 s
[2026-04-01 10:07:41] Validated channel count:         62
[2026-04-01 10:07:41] Total windows retained:          100
[2026-04-01 10:07:41] Preprocessing sanity checks:
[2026-04-01 10:07:41]   One sample label: 1
[2026-04-01 10:07:41]   One sample shape: (62, 536)
[2026-04-01 10:07:41]   Mean(abs(signal)): 4.263538e-01
[2026-04-01 10:07:41]   Mean(signal):      -3.703855e-03
[2026-04-01 10:07:41]   Std(signal):       5.664969e-01
[2026-04-01 10:07:41] Building model with input window duration: 4.1875 s
[2026-04-01 10:07:41] SignalJEPA_PreLocal instantiated successfully.
[2026-04-01 10:07:41]   Total parameters:     18,192
[2026-04-01 10:07:41]   Trainable parameters: 18,192
[2026-04-01 10:07:41] ======================================================================================================================================================
Layer (type (var_name):depth-idx)                  Input Shape               Output Shape              Param #                   Kernel Shape
======================================================================================================================================================
SignalJEPA_PreLocal (SignalJEPA_PreLocal)          [1, 62, 536]              [1, 4]                    --                        --
├─Sequential (spatial_conv): 1-1                   [1, 62, 536]              [1, 4, 536]               --                        --
│    └─Rearrange (0): 2-1                          [1, 62, 536]              [1, 1, 62, 536]           --                        --
│    └─Conv2d (1): 2-2                             [1, 1, 62, 536]           [1, 4, 1, 536]            252                       [62, 1]
│    └─Rearrange (2): 2-3                          [1, 4, 1, 536]            [1, 4, 536]               --                        --
├─_ConvFeatureEncoder (feature_encoder): 1-2       [1, 4, 536]               [1, 16, 64]               --                        --
│    └─Rearrange (0): 2-4                          [1, 4, 536]               [4, 1, 536]               --                        --
│    └─Sequential (1): 2-5                         [4, 1, 536]               [4, 8, 64]                --                        --
│    │    └─Conv1d (0): 3-1                        [4, 1, 536]               [4, 8, 64]                256                       [32]
│    │    └─Dropout (1): 3-2                       [4, 8, 64]                [4, 8, 64]                --                        --
│    │    └─GroupNorm (2): 3-3                     [4, 8, 64]                [4, 8, 64]                16                        --
│    │    └─GELU (3): 3-4                          [4, 8, 64]                [4, 8, 64]                --                        --
│    └─Sequential (2): 2-6                         [4, 8, 64]                [4, 16, 32]               --                        --
│    │    └─Conv1d (0): 3-5                        [4, 8, 64]                [4, 16, 32]               256                       [2]
│    │    └─Dropout (1): 3-6                       [4, 16, 32]               [4, 16, 32]               --                        --
│    │    └─GELU (2): 3-7                          [4, 16, 32]               [4, 16, 32]               --                        --
│    └─Sequential (3): 2-7                         [4, 16, 32]               [4, 32, 16]               --                        --
│    │    └─Conv1d (0): 3-8                        [4, 16, 32]               [4, 32, 16]               1,024                     [2]
│    │    └─Dropout (1): 3-9                       [4, 32, 16]               [4, 32, 16]               --                        --
│    │    └─GELU (2): 3-10                         [4, 32, 16]               [4, 32, 16]               --                        --
│    └─Sequential (4): 2-8                         [4, 32, 16]               [4, 64, 8]                --                        --
│    │    └─Conv1d (0): 3-11                       [4, 32, 16]               [4, 64, 8]                4,096                     [2]
│    │    └─Dropout (1): 3-12                      [4, 64, 8]                [4, 64, 8]                --                        --
│    │    └─GELU (2): 3-13                         [4, 64, 8]                [4, 64, 8]                --                        --
│    └─Sequential (5): 2-9                         [4, 64, 8]                [4, 64, 4]                --                        --
│    │    └─Conv1d (0): 3-14                       [4, 64, 8]                [4, 64, 4]                8,192                     [2]
│    │    └─Dropout (1): 3-15                      [4, 64, 4]                [4, 64, 4]                --                        --
│    │    └─GELU (2): 3-16                         [4, 64, 4]                [4, 64, 4]                --                        --
│    └─Rearrange (6): 2-10                         [4, 64, 4]                [1, 16, 64]               --                        --
├─Sequential (final_layer): 1-3                    [1, 16, 64]               [1, 4]                    --                        --
│    └─Flatten (0): 2-11                           [1, 16, 64]               [1, 1024]                 --                        --
│    └─Linear (1): 2-12                            [1, 1024]                 [1, 4]                    4,100                     --
======================================================================================================================================================
Total params: 18,192
Trainable params: 18,192
Non-trainable params: 0
Total mult-adds (Units.MEGABYTES): 0.57
======================================================================================================================================================
Input size (MB): 0.13
Forward/backward pass size (MB): 0.11
Params size (MB): 0.07
Estimated Total Size (MB): 0.31
======================================================================================================================================================
[2026-04-01 10:07:41] Initializing from 16s-60 pretrained checkpoint (Hugging Face):
[2026-04-01 10:07:41]   https://huggingface.co/braindecode/SignalJEPA/resolve/main/signal-jepa_16s-60_adeuwv4s.pth
[2026-04-01 10:07:41]   Downloaded 179 keys
[2026-04-01 10:07:41] ======================================================================
[2026-04-01 10:07:41] STARTING CROSS-VALIDATION
[2026-04-01 10:07:41] ======================================================================
[2026-04-01 10:07:41] Subjects:      [51]
[2026-04-01 10:07:41] CV folds:      5
[2026-04-01 10:07:41] Batch size:    24
[2026-04-01 10:07:41] Max epochs:    5000
[2026-04-01 10:07:41] Device:        cpu
[2026-04-01 10:07:41] Seed control:  True
[2026-04-01 10:07:41] Base seed:     3014
[2026-04-01 10:07:41] ======================================================================

[2026-04-01 10:07:41] Subject 51: 100 windows class_counts=[25, 25, 25, 25]
[2026-04-01 10:07:41]   Fold 1 split seed: 3015
[2026-04-01 10:07:41]   Fold 1 split class counts:
[2026-04-01 10:07:41]     train=[16, 16, 16, 16] val=[4, 4, 4, 4] test=[5, 5, 5, 5]
[2026-04-01 10:07:41]   Fold 2 split seed: 3016
[2026-04-01 10:07:41]   Fold 2 split class counts:
[2026-04-01 10:07:41]     train=[16, 16, 16, 16] val=[4, 4, 4, 4] test=[5, 5, 5, 5]
[2026-04-01 10:07:41]   Fold 3 split seed: 3017
[2026-04-01 10:07:41]   Fold 3 split class counts:
[2026-04-01 10:07:41]     train=[16, 16, 16, 16] val=[4, 4, 4, 4] test=[5, 5, 5, 5]
[2026-04-01 10:07:41]   Fold 4 split seed: 3018
[2026-04-01 10:07:41]   Fold 4 split class counts:
[2026-04-01 10:07:41]     train=[16, 16, 16, 16] val=[4, 4, 4, 4] test=[5, 5, 5, 5]
[2026-04-01 10:07:41]   Fold 5 split seed: 3019
[2026-04-01 10:07:41]   Fold 5 split class counts:
[2026-04-01 10:07:41]     train=[16, 16, 16, 16] val=[4, 4, 4, 4] test=[5, 5, 5, 5]
[2026-04-01 10:07:41]   Subject 51 Fold 1 seed: 8115
[2026-04-01 10:07:41]   Subject 51 Fold 1: n_train=64 n_val=16 n_test=20
[2026-04-01 10:07:41]     Train class counts: [16, 16, 16, 16]
[2026-04-01 10:07:41]     Val class counts:   [4, 4, 4, 4]
[2026-04-01 10:07:41]     Test class counts:  [5, 5, 5, 5]
[2026-04-01 10:07:41] Building model with input window duration: 4.1875 s
[2026-04-01 10:07:41] Pretrained weight loading:
[2026-04-01 10:07:41]   Downloaded keys:        179
[2026-04-01 10:07:41]   Filtered (transformer): 172
[2026-04-01 10:07:41]   Filtered (pos_encoder): 0
[2026-04-01 10:07:41]   Keys to load:           7
[2026-04-01 10:07:41]   Missing keys:           4
[2026-04-01 10:07:41]   Unexpected keys:        0
[2026-04-01 10:07:41]   Missing preview:        ['spatial_conv.1.weight', 'spatial_conv.1.bias', 'final_layer.1.weight', 'final_layer.1.bias']
[2026-04-01 10:07:41]   Unexpected preview:     []
[2026-04-01 10:07:41] Encoder freeze configuration:
[2026-04-01 10:07:41]   Total parameters:        18,192
[2026-04-01 10:07:41]   Trainable parameters:    4,352
[2026-04-01 10:07:41]   Training percentage:     23.9%
[2026-04-01 10:07:41]   Trainable layers: 4
[2026-04-01 10:07:41]     - final_layer.1.bias
[2026-04-01 10:07:41]     - final_layer.1.weight
[2026-04-01 10:07:41]     - spatial_conv.1.bias
[2026-04-01 10:07:41]     - spatial_conv.1.weight
[2026-04-01 10:07:41]     Train generator seeded: True
[2026-04-01 10:07:42]     Stopped epoch:            132
[2026-04-01 10:07:42]     Best epoch (valid_loss):  88
[2026-04-01 10:07:42]     Best valid_loss:          1.3612946271896362
[2026-04-01 10:07:42]     Test accuracy (primary):  0.4000
[2026-04-01 10:07:42]     Test balanced acc:        0.4000
[2026-04-01 10:07:42]     Confusion matrix:         [[2, 0, 0, 3], [1, 3, 1, 0], [1, 2, 1, 1], [2, 0, 1, 2]]
[2026-04-01 10:07:42]     Prediction histogram:     [6, 5, 3, 6]
[2026-04-01 10:07:42]     fold_acc=0.4000 fold_bal_acc=0.4000 cm=[[2, 0, 0, 3], [1, 3, 1, 0], [1, 2, 1, 1], [2, 0, 1, 2]]
[2026-04-01 10:07:42]   Subject 51 Fold 2 seed: 8116
[2026-04-01 10:07:42]   Subject 51 Fold 2: n_train=64 n_val=16 n_test=20
[2026-04-01 10:07:42]     Train class counts: [16, 16, 16, 16]
[2026-04-01 10:07:42]     Val class counts:   [4, 4, 4, 4]
[2026-04-01 10:07:42]     Test class counts:  [5, 5, 5, 5]
[2026-04-01 10:07:42] Building model with input window duration: 4.1875 s
[2026-04-01 10:07:42] Pretrained weight loading:
[2026-04-01 10:07:42]   Downloaded keys:        179
[2026-04-01 10:07:42]   Filtered (transformer): 172
[2026-04-01 10:07:42]   Filtered (pos_encoder): 0
[2026-04-01 10:07:42]   Keys to load:           7
[2026-04-01 10:07:42]   Missing keys:           4
[2026-04-01 10:07:42]   Unexpected keys:        0
[2026-04-01 10:07:42]   Missing preview:        ['spatial_conv.1.weight', 'spatial_conv.1.bias', 'final_layer.1.weight', 'final_layer.1.bias']
[2026-04-01 10:07:42]   Unexpected preview:     []
[2026-04-01 10:07:42] Encoder freeze configuration:
[2026-04-01 10:07:42]   Total parameters:        18,192
[2026-04-01 10:07:42]   Trainable parameters:    4,352
[2026-04-01 10:07:42]   Training percentage:     23.9%
[2026-04-01 10:07:42]   Trainable layers: 4
[2026-04-01 10:07:42]     - final_layer.1.bias
[2026-04-01 10:07:42]     - final_layer.1.weight
[2026-04-01 10:07:42]     - spatial_conv.1.bias
[2026-04-01 10:07:42]     - spatial_conv.1.weight
[2026-04-01 10:07:42]     Train generator seeded: True
[2026-04-01 10:07:43]     Stopped epoch:            110
[2026-04-01 10:07:43]     Best epoch (valid_loss):  61
[2026-04-01 10:07:43]     Best valid_loss:          1.3714599609375
[2026-04-01 10:07:43]     Test accuracy (primary):  0.4000
[2026-04-01 10:07:43]     Test balanced acc:        0.4000
[2026-04-01 10:07:43]     Confusion matrix:         [[1, 1, 3, 0], [3, 1, 0, 1], [0, 0, 4, 1], [2, 1, 0, 2]]
[2026-04-01 10:07:43]     Prediction histogram:     [6, 3, 7, 4]
[2026-04-01 10:07:43]     fold_acc=0.4000 fold_bal_acc=0.4000 cm=[[1, 1, 3, 0], [3, 1, 0, 1], [0, 0, 4, 1], [2, 1, 0, 2]]
[2026-04-01 10:07:43]   Subject 51 Fold 3 seed: 8117
[2026-04-01 10:07:43]   Subject 51 Fold 3: n_train=64 n_val=16 n_test=20
[2026-04-01 10:07:43]     Train class counts: [16, 16, 16, 16]
[2026-04-01 10:07:43]     Val class counts:   [4, 4, 4, 4]
[2026-04-01 10:07:43]     Test class counts:  [5, 5, 5, 5]
[2026-04-01 10:07:43] Building model with input window duration: 4.1875 s
[2026-04-01 10:07:43] Pretrained weight loading:
[2026-04-01 10:07:43]   Downloaded keys:        179
[2026-04-01 10:07:43]   Filtered (transformer): 172
[2026-04-01 10:07:43]   Filtered (pos_encoder): 0
[2026-04-01 10:07:43]   Keys to load:           7
[2026-04-01 10:07:43]   Missing keys:           4
[2026-04-01 10:07:43]   Unexpected keys:        0
[2026-04-01 10:07:43]   Missing preview:        ['spatial_conv.1.weight', 'spatial_conv.1.bias', 'final_layer.1.weight', 'final_layer.1.bias']
[2026-04-01 10:07:43]   Unexpected preview:     []
[2026-04-01 10:07:43] Encoder freeze configuration:
[2026-04-01 10:07:43]   Total parameters:        18,192
[2026-04-01 10:07:43]   Trainable parameters:    4,352
[2026-04-01 10:07:43]   Training percentage:     23.9%
[2026-04-01 10:07:43]   Trainable layers: 4
[2026-04-01 10:07:43]     - final_layer.1.bias
[2026-04-01 10:07:43]     - final_layer.1.weight
[2026-04-01 10:07:43]     - spatial_conv.1.bias
[2026-04-01 10:07:43]     - spatial_conv.1.weight
[2026-04-01 10:07:43]     Train generator seeded: True
[2026-04-01 10:07:44]     Stopped epoch:            109
[2026-04-01 10:07:44]     Best epoch (valid_loss):  59
[2026-04-01 10:07:44]     Best valid_loss:          1.3662760257720947
[2026-04-01 10:07:44]     Test accuracy (primary):  0.1500
[2026-04-01 10:07:44]     Test balanced acc:        0.1500
[2026-04-01 10:07:44]     Confusion matrix:         [[2, 1, 0, 2], [2, 0, 1, 2], [2, 1, 1, 1], [2, 2, 1, 0]]
[2026-04-01 10:07:44]     Prediction histogram:     [8, 4, 3, 5]
[2026-04-01 10:07:44]     fold_acc=0.1500 fold_bal_acc=0.1500 cm=[[2, 1, 0, 2], [2, 0, 1, 2], [2, 1, 1, 1], [2, 2, 1, 0]]
[2026-04-01 10:07:44]   Subject 51 Fold 4 seed: 8118
[2026-04-01 10:07:44]   Subject 51 Fold 4: n_train=64 n_val=16 n_test=20
[2026-04-01 10:07:44]     Train class counts: [16, 16, 16, 16]
[2026-04-01 10:07:44]     Val class counts:   [4, 4, 4, 4]
[2026-04-01 10:07:44]     Test class counts:  [5, 5, 5, 5]
[2026-04-01 10:07:44] Building model with input window duration: 4.1875 s
[2026-04-01 10:07:44] Pretrained weight loading:
[2026-04-01 10:07:44]   Downloaded keys:        179
[2026-04-01 10:07:44]   Filtered (transformer): 172
[2026-04-01 10:07:44]   Filtered (pos_encoder): 0
[2026-04-01 10:07:44]   Keys to load:           7
[2026-04-01 10:07:44]   Missing keys:           4
[2026-04-01 10:07:44]   Unexpected keys:        0
[2026-04-01 10:07:44]   Missing preview:        ['spatial_conv.1.weight', 'spatial_conv.1.bias', 'final_layer.1.weight', 'final_layer.1.bias']
[2026-04-01 10:07:44]   Unexpected preview:     []
[2026-04-01 10:07:44] Encoder freeze configuration:
[2026-04-01 10:07:44]   Total parameters:        18,192
[2026-04-01 10:07:44]   Trainable parameters:    4,352
[2026-04-01 10:07:44]   Training percentage:     23.9%
[2026-04-01 10:07:44]   Trainable layers: 4
[2026-04-01 10:07:44]     - final_layer.1.bias
[2026-04-01 10:07:44]     - final_layer.1.weight
[2026-04-01 10:07:44]     - spatial_conv.1.bias
[2026-04-01 10:07:44]     - spatial_conv.1.weight
[2026-04-01 10:07:44]     Train generator seeded: True
[2026-04-01 10:07:46]     Stopped epoch:            333
[2026-04-01 10:07:46]     Best epoch (valid_loss):  283
[2026-04-01 10:07:46]     Best valid_loss:          1.2736715078353882
[2026-04-01 10:07:46]     Test accuracy (primary):  0.1500
[2026-04-01 10:07:46]     Test balanced acc:        0.1500
[2026-04-01 10:07:46]     Confusion matrix:         [[1, 0, 2, 2], [1, 1, 1, 2], [2, 1, 1, 1], [4, 0, 1, 0]]
[2026-04-01 10:07:46]     Prediction histogram:     [8, 2, 5, 5]
[2026-04-01 10:07:46]     fold_acc=0.1500 fold_bal_acc=0.1500 cm=[[1, 0, 2, 2], [1, 1, 1, 2], [2, 1, 1, 1], [4, 0, 1, 0]]
[2026-04-01 10:07:47]   Subject 51 Fold 5 seed: 8119
[2026-04-01 10:07:47]   Subject 51 Fold 5: n_train=64 n_val=16 n_test=20
[2026-04-01 10:07:47]     Train class counts: [16, 16, 16, 16]
[2026-04-01 10:07:47]     Val class counts:   [4, 4, 4, 4]
[2026-04-01 10:07:47]     Test class counts:  [5, 5, 5, 5]
[2026-04-01 10:07:47] Building model with input window duration: 4.1875 s
[2026-04-01 10:07:47] Pretrained weight loading:
[2026-04-01 10:07:47]   Downloaded keys:        179
[2026-04-01 10:07:47]   Filtered (transformer): 172
[2026-04-01 10:07:47]   Filtered (pos_encoder): 0
[2026-04-01 10:07:47]   Keys to load:           7
[2026-04-01 10:07:47]   Missing keys:           4
[2026-04-01 10:07:47]   Unexpected keys:        0
[2026-04-01 10:07:47]   Missing preview:        ['spatial_conv.1.weight', 'spatial_conv.1.bias', 'final_layer.1.weight', 'final_layer.1.bias']
[2026-04-01 10:07:47]   Unexpected preview:     []
[2026-04-01 10:07:47] Encoder freeze configuration:
[2026-04-01 10:07:47]   Total parameters:        18,192
[2026-04-01 10:07:47]   Trainable parameters:    4,352
[2026-04-01 10:07:47]   Training percentage:     23.9%
[2026-04-01 10:07:47]   Trainable layers: 4
[2026-04-01 10:07:47]     - final_layer.1.bias
[2026-04-01 10:07:47]     - final_layer.1.weight
[2026-04-01 10:07:47]     - spatial_conv.1.bias
[2026-04-01 10:07:47]     - spatial_conv.1.weight
[2026-04-01 10:07:47]     Train generator seeded: True
[2026-04-01 10:07:47]     Stopped epoch:            51
[2026-04-01 10:07:47]     Best epoch (valid_loss):  1
[2026-04-01 10:07:47]     Best valid_loss:          1.386658787727356
[2026-04-01 10:07:47]     Test accuracy (primary):  0.2000
[2026-04-01 10:07:47]     Test balanced acc:        0.2000
[2026-04-01 10:07:47]     Confusion matrix:         [[0, 4, 0, 1], [0, 4, 0, 1], [0, 5, 0, 0], [0, 5, 0, 0]]
[2026-04-01 10:07:47]     Prediction histogram:     [0, 18, 0, 2]
[2026-04-01 10:07:47]     fold_acc=0.2000 fold_bal_acc=0.2000 cm=[[0, 4, 0, 1], [0, 4, 0, 1], [0, 5, 0, 0], [0, 5, 0, 0]]
[2026-04-01 10:07:47]   Subject 51 mean accuracy: 0.2600

[2026-04-01 10:07:47] Total folds completed: 5
[2026-04-01 10:07:47] ======================================================================
[2026-04-01 10:07:47] AGGREGATED RESULTS
[2026-04-01 10:07:47] ======================================================================
[2026-04-01 10:07:47]   Subject 51:  acc=0.2600±0.1158  bal_acc=0.2600±0.1158
[2026-04-01 10:07:47] ----------------------------------------------------------------------
[2026-04-01 10:07:47]   OVERALL:      acc=0.2600±0.1158  bal_acc=0.2600±0.1158
[2026-04-01 10:07:47] ======================================================================
[2026-04-01 10:07:47] CV results saved to:      /home/vegorov/Repos/eeg_jepa_research/artifacts/lee-2019-fine-tuning/SSVEP/20260401_1007_a84e880f/cv_results.json
[2026-04-01 10:07:47] Subject metrics saved to: /home/vegorov/Repos/eeg_jepa_research/artifacts/lee-2019-fine-tuning/SSVEP/20260401_1007_a84e880f/subject_metrics.json
[2026-04-01 10:07:47] Global metrics saved to:  /home/vegorov/Repos/eeg_jepa_research/artifacts/lee-2019-fine-tuning/SSVEP/20260401_1007_a84e880f/global_metrics.json
[2026-04-01 10:07:47] Run metadata saved to:    /home/vegorov/Repos/eeg_jepa_research/artifacts/lee-2019-fine-tuning/SSVEP/20260401_1007_a84e880f/run_metadata.json

[2026-04-01 10:07:47] All artifacts in: /home/vegorov/Repos/eeg_jepa_research/artifacts/lee-2019-fine-tuning/SSVEP/20260401_1007_a84e880f

[2026-04-01 10:07:47] ======================================================================
[2026-04-01 10:07:47] EXPERIMENT SUMMARY
[2026-04-01 10:07:47] ======================================================================
[2026-04-01 10:07:47] Run ID:    20260401_1007_a84e880f
[2026-04-01 10:07:47] Artifacts: /home/vegorov/Repos/eeg_jepa_research/artifacts/lee-2019-fine-tuning/SSVEP/20260401_1007_a84e880f

[2026-04-01 10:07:47] Configuration:
[2026-04-01 10:07:47]   Subjects:          [51]
[2026-04-01 10:07:47]   Bandpass:          0.5-40.0 Hz
[2026-04-01 10:07:47]   Resample:          128 Hz
[2026-04-01 10:07:47]   CV folds:          5
[2026-04-01 10:07:47]   Learning rate:     0.001
[2026-04-01 10:07:47]   Batch size:        24
[2026-04-01 10:07:47]   Max epochs:        5000

[2026-04-01 10:07:47] Results:
[2026-04-01 10:07:47]   Mean Accuracy:          0.2600 ± 0.1158
[2026-04-01 10:07:47]   Mean Balanced Accuracy: 0.2600 ± 0.1158
