[2026-04-03 11:49:02] Using device: mps
[2026-04-03 11:49:02] Seed control enabled: True
[2026-04-03 11:49:02] Base seed: 3008
[2026-04-03 11:49:02] Seed initialized: 3008
[2026-04-03 11:49:02] ======================================================================
[2026-04-03 11:49:02] CONFIGURATION
[2026-04-03 11:49:02] ======================================================================
[2026-04-03 11:49:02]   artifact_dir: /Users/vadim/Documents/School/Spring 2026/CSCE A698 Individual Research/EEG_JEPA/artifacts/lee-2019-fine-tuning
[2026-04-03 11:49:02]   bandpass_high: 40.0
[2026-04-03 11:49:02]   bandpass_low: 0.5
[2026-04-03 11:49:02]   batch_size: 32
[2026-04-03 11:49:02]   convert_to_uV: False
[2026-04-03 11:49:02]   criterion: CrossEntropyLoss
[2026-04-03 11:49:02]   cv_folds: 5
[2026-04-03 11:49:02]   device: auto
[2026-04-03 11:49:02]   early_stopping_patience: 50
[2026-04-03 11:49:02]   learning_rate: 0.0005
[2026-04-03 11:49:02]   n_epochs: 5000
[2026-04-03 11:49:02]   normalization_method: None
[2026-04-03 11:49:02]   normalize: False
[2026-04-03 11:49:02]   optimizer: AdamW
[2026-04-03 11:49:02]   paradigm: SSVEP
[2026-04-03 11:49:02]   pretrained_url: https://huggingface.co/braindecode/SignalJEPA/resolve/main/signal-jepa_16s-60_adeuwv4s.pth
[2026-04-03 11:49:02]   seed: 3008
[2026-04-03 11:49:02]   set_eeg_reference: False
[2026-04-03 11:49:02]   set_seed: True
[2026-04-03 11:49:02]   sfreq: 128
[2026-04-03 11:49:02]   subjects_to_use: [51]
[2026-04-03 11:49:02]   val_split: 0.2
[2026-04-03 11:49:02] ======================================================================
[2026-04-03 11:49:02] Config saved to: /Users/vadim/Documents/School/Spring 2026/CSCE A698 Individual Research/EEG_JEPA/artifacts/lee-2019-fine-tuning/SSVEP/20260403_1149_69f16e0e/config.json
[2026-04-03 11:49:02] Epoch window configuration:
[2026-04-03 11:49:02]   Target sfreq:                128 Hz
[2026-04-03 11:49:02]   Target duration:             4.190000 s
[2026-04-03 11:49:02]   Window samples (rounded):    536
[2026-04-03 11:49:02]   Base trial samples (4.0 s):  512
[2026-04-03 11:49:02]   Trial stop offset samples:   24
[2026-04-03 11:49:02]   Effective window duration:   4.187500 s
[2026-04-03 11:49:02] Using specified subjects from config: [51]
[2026-04-03 11:49:02] Selected subjects: [51]
[2026-04-03 11:49:02] Expected evaluation folds: 5

[2026-04-03 11:49:02] Building MOABBDataset for Lee2019_SSVEP...
[2026-04-03 11:49:14] MOABBDataset recordings loaded: 2
[2026-04-03 11:49:14] Discovered annotation descriptions (first recording): [np.str_('12.0'), np.str_('5.45'), np.str_('6.67'), np.str_('8.57')]
[2026-04-03 11:49:14] Dataset event_id mapping: {'12.0': 1, '8.57': 2, '6.67': 3, '5.45': 4}
[2026-04-03 11:49:14] Label map (event_code -> class_index): {1: 0, 2: 1, 3: 2, 4: 3}
[2026-04-03 11:49:14] Applying Braindecode preprocessors to MOABBDataset...
[2026-04-03 11:49:21] Preprocessing complete.

[2026-04-03 11:49:21] Post-preprocessing validation
[2026-04-03 11:49:21]   Recordings in DATASET: 2
[2026-04-03 11:49:21]   Unique subject IDs:    ['51']
[2026-04-03 11:49:21]   sfreq (first rec):     128.0 Hz
[2026-04-03 11:49:21]   EEG channel count:     62
[2026-04-03 11:49:21]   First 10 channels:     ['Fp1', 'Fp2', 'F7', 'F3', 'Fz', 'F4', 'F8', 'FC5', 'FC1', 'FC2']
[2026-04-03 11:49:21] Channel consistency summary:
[2026-04-03 11:49:21]   Checked runs: 2
[2026-04-03 11:49:21]   Unique channel counts: [62]
[2026-04-03 11:49:21]   Channel order consistent: True
[2026-04-03 11:49:21] Validated EEG channels: 62
[2026-04-03 11:49:21] First 10 EEG channels: ['Fp1', 'Fp2', 'F7', 'F3', 'Fz', 'F4', 'F8', 'FC5', 'FC1', 'FC2']
[2026-04-03 11:49:21] raw mean_abs=1.210105e-05
[2026-04-03 11:49:21] raw std=3.577291e-05
[2026-04-03 11:49:21] raw first5 channel std= [4.36321418e-05 6.65840698e-05 2.63988787e-05 2.61447231e-05
 2.61611803e-05]
[2026-04-03 11:49:21] Requested window samples: 536
[2026-04-03 11:49:21] Base trial samples:       512
[2026-04-03 11:49:21] Stop offset samples:      24
[2026-04-03 11:49:21] Global class counts: [50, 50, 50, 50]
[2026-04-03 11:49:21] Chance level (4-class): 0.25
[2026-04-03 11:49:21] One window shape: (62, 536)
[2026-04-03 11:49:21] One window label: 2
[2026-04-03 11:49:21] Window sample length expected=536, got=536
[2026-04-03 11:49:21] Subjects in window split: [51]
[2026-04-03 11:49:21] Summarizing per-subject windows...
[2026-04-03 11:49:21]   Subject 51: n_windows=200, window_shape=(62, 536), class_counts=[50, 50, 50, 50]
[2026-04-03 11:49:21]    subject_id  n_windows  n_channels  n_times      class_counts
0          51        200          62      536  [50, 50, 50, 50]
[2026-04-03 11:49:21] Window validation summary:
[2026-04-03 11:49:21]   Subject 51: n_windows=200 class_counts=[50, 50, 50, 50]

[2026-04-03 11:49:21] Validated sampling rate target: 128 Hz
[2026-04-03 11:49:21] Validated window sample count:   536
[2026-04-03 11:49:21] Validated window duration:       4.1875 s
[2026-04-03 11:49:21] Validated channel count:         62
[2026-04-03 11:49:21] Total windows retained:          200
[2026-04-03 11:49:21] Preprocessing sanity checks:
[2026-04-03 11:49:21]   One sample label: 2
[2026-04-03 11:49:21]   One sample shape: (62, 536)
[2026-04-03 11:49:21]   Mean(abs(signal)): 1.289700e-05
[2026-04-03 11:49:21]   Mean(signal):      -1.325163e-06
[2026-04-03 11:49:21]   Std(signal):       1.614011e-05
[2026-04-03 11:49:21] Building model with input window duration: 4.1875 s
[2026-04-03 11:49:21] SignalJEPA_PreLocal instantiated successfully.
[2026-04-03 11:49:21]   Total parameters:     18,192
[2026-04-03 11:49:21]   Trainable parameters: 18,192
[2026-04-03 11:49:21] ======================================================================================================================================================
Layer (type (var_name):depth-idx)                  Input Shape               Output Shape              Param #                   Kernel Shape
======================================================================================================================================================
SignalJEPA_PreLocal (SignalJEPA_PreLocal)          [1, 62, 536]              [1, 4]                    --                        --
├─Sequential (spatial_conv): 1-1                   [1, 62, 536]              [1, 4, 536]               --                        --
│    └─Rearrange (0): 2-1                          [1, 62, 536]              [1, 1, 62, 536]           --                        --
│    └─Conv2d (1): 2-2                             [1, 1, 62, 536]           [1, 4, 1, 536]            252                       [62, 1]
│    └─Rearrange (2): 2-3                          [1, 4, 1, 536]            [1, 4, 536]               --                        --
├─_ConvFeatureEncoder (feature_encoder): 1-2       [1, 4, 536]               [1, 16, 64]               --                        --
│    └─Rearrange (0): 2-4                          [1, 4, 536]               [4, 1, 536]               --                        --
│    └─Sequential (1): 2-5                         [4, 1, 536]               [4, 8, 64]                --                        --
│    │    └─Conv1d (0): 3-1                        [4, 1, 536]               [4, 8, 64]                256                       [32]
│    │    └─Dropout (1): 3-2                       [4, 8, 64]                [4, 8, 64]                --                        --
│    │    └─GroupNorm (2): 3-3                     [4, 8, 64]                [4, 8, 64]                16                        --
│    │    └─GELU (3): 3-4                          [4, 8, 64]                [4, 8, 64]                --                        --
│    └─Sequential (2): 2-6                         [4, 8, 64]                [4, 16, 32]               --                        --
│    │    └─Conv1d (0): 3-5                        [4, 8, 64]                [4, 16, 32]               256                       [2]
│    │    └─Dropout (1): 3-6                       [4, 16, 32]               [4, 16, 32]               --                        --
│    │    └─GELU (2): 3-7                          [4, 16, 32]               [4, 16, 32]               --                        --
│    └─Sequential (3): 2-7                         [4, 16, 32]               [4, 32, 16]               --                        --
│    │    └─Conv1d (0): 3-8                        [4, 16, 32]               [4, 32, 16]               1,024                     [2]
│    │    └─Dropout (1): 3-9                       [4, 32, 16]               [4, 32, 16]               --                        --
│    │    └─GELU (2): 3-10                         [4, 32, 16]               [4, 32, 16]               --                        --
│    └─Sequential (4): 2-8                         [4, 32, 16]               [4, 64, 8]                --                        --
│    │    └─Conv1d (0): 3-11                       [4, 32, 16]               [4, 64, 8]                4,096                     [2]
│    │    └─Dropout (1): 3-12                      [4, 64, 8]                [4, 64, 8]                --                        --
│    │    └─GELU (2): 3-13                         [4, 64, 8]                [4, 64, 8]                --                        --
│    └─Sequential (5): 2-9                         [4, 64, 8]                [4, 64, 4]                --                        --
│    │    └─Conv1d (0): 3-14                       [4, 64, 8]                [4, 64, 4]                8,192                     [2]
│    │    └─Dropout (1): 3-15                      [4, 64, 4]                [4, 64, 4]                --                        --
│    │    └─GELU (2): 3-16                         [4, 64, 4]                [4, 64, 4]                --                        --
│    └─Rearrange (6): 2-10                         [4, 64, 4]                [1, 16, 64]               --                        --
├─Sequential (final_layer): 1-3                    [1, 16, 64]               [1, 4]                    --                        --
│    └─Flatten (0): 2-11                           [1, 16, 64]               [1, 1024]                 --                        --
│    └─Linear (1): 2-12                            [1, 1024]                 [1, 4]                    4,100                     --
======================================================================================================================================================
Total params: 18,192
Trainable params: 18,192
Non-trainable params: 0
Total mult-adds (Units.MEGABYTES): 0.57
======================================================================================================================================================
Input size (MB): 0.13
Forward/backward pass size (MB): 0.11
Params size (MB): 0.07
Estimated Total Size (MB): 0.31
======================================================================================================================================================
[2026-04-03 11:49:21] Initializing from 16s-60 pretrained checkpoint (Hugging Face):
[2026-04-03 11:49:21]   https://huggingface.co/braindecode/SignalJEPA/resolve/main/signal-jepa_16s-60_adeuwv4s.pth
[2026-04-03 11:49:21]   Downloaded 179 keys
[2026-04-03 11:49:21] ======================================================================
[2026-04-03 11:49:21] STARTING CROSS-VALIDATION
[2026-04-03 11:49:21] ======================================================================
[2026-04-03 11:49:21] Subjects:      [51]
[2026-04-03 11:49:21] CV folds:      5
[2026-04-03 11:49:21] Batch size:    32
[2026-04-03 11:49:21] Max epochs:    5000
[2026-04-03 11:49:21] Device:        mps
[2026-04-03 11:49:21] Seed control:  True
[2026-04-03 11:49:21] Base seed:     3008
[2026-04-03 11:49:21] ======================================================================

[2026-04-03 11:49:21] Subject 51: 200 windows | class_counts=[50, 50, 50, 50]
[2026-04-03 11:49:21]   Fold 1 class counts: train=[32, 32, 32, 32] val=[8, 8, 8, 8] test=[10, 10, 10, 10]
[2026-04-03 11:49:21]   Fold 2 class counts: train=[32, 32, 32, 32] val=[8, 8, 8, 8] test=[10, 10, 10, 10]
[2026-04-03 11:49:21]   Fold 3 class counts: train=[32, 32, 32, 32] val=[8, 8, 8, 8] test=[10, 10, 10, 10]
[2026-04-03 11:49:21]   Fold 4 class counts: train=[32, 32, 32, 32] val=[8, 8, 8, 8] test=[10, 10, 10, 10]
[2026-04-03 11:49:21]   Fold 5 class counts: train=[32, 32, 32, 32] val=[8, 8, 8, 8] test=[10, 10, 10, 10]
[2026-04-03 11:49:21]     Train class counts: [32, 32, 32, 32]
[2026-04-03 11:49:21]     Val class counts:   [8, 8, 8, 8]
[2026-04-03 11:49:21]     Test class counts:  [10, 10, 10, 10]
[2026-04-03 11:49:21] Building model with input window duration: 4.1875 s
[2026-04-03 11:49:21] Pretrained weight loading:
[2026-04-03 11:49:21]   Downloaded keys:        179
[2026-04-03 11:49:21]   Filtered (transformer): 172
[2026-04-03 11:49:21]   Filtered (pos_encoder): 0
[2026-04-03 11:49:21]   Keys to load:           7
[2026-04-03 11:49:21]   Missing keys:           4
[2026-04-03 11:49:21]   Unexpected keys:        0
[2026-04-03 11:49:21]   Missing preview:        ['spatial_conv.1.weight', 'spatial_conv.1.bias', 'final_layer.1.weight', 'final_layer.1.bias']
[2026-04-03 11:49:21]   Unexpected preview:     []
[2026-04-03 11:49:21] Trainable modules: spatial_conv + final_layer (4,352 / 18,192 params, 23.9%)
[2026-04-03 11:49:21]   - final_layer.1.bias
[2026-04-03 11:49:21]   - final_layer.1.weight
[2026-04-03 11:49:21]   - spatial_conv.1.bias
[2026-04-03 11:49:21]   - spatial_conv.1.weight
[2026-04-03 11:49:24]   Fold 1/5 | best_epoch=14 | stop=51 | val_loss=1.3865 | acc=0.2500 | bal_acc=0.2500
[2026-04-03 11:49:24]     Train class counts: [32, 32, 32, 32]
[2026-04-03 11:49:24]     Val class counts:   [8, 8, 8, 8]
[2026-04-03 11:49:24]     Test class counts:  [10, 10, 10, 10]
[2026-04-03 11:49:24] Building model with input window duration: 4.1875 s
[2026-04-03 11:49:24] Pretrained weight loading:
[2026-04-03 11:49:24]   Downloaded keys:        179
[2026-04-03 11:49:24]   Filtered (transformer): 172
[2026-04-03 11:49:24]   Filtered (pos_encoder): 0
[2026-04-03 11:49:24]   Keys to load:           7
[2026-04-03 11:49:24]   Missing keys:           4
[2026-04-03 11:49:24]   Unexpected keys:        0
[2026-04-03 11:49:24]   Missing preview:        ['spatial_conv.1.weight', 'spatial_conv.1.bias', 'final_layer.1.weight', 'final_layer.1.bias']
[2026-04-03 11:49:24]   Unexpected preview:     []
[2026-04-03 11:49:27]   Fold 2/5 | best_epoch=14 | stop=51 | val_loss=1.3864 | acc=0.2500 | bal_acc=0.2500
[2026-04-03 11:49:27]     Train class counts: [32, 32, 32, 32]
[2026-04-03 11:49:27]     Val class counts:   [8, 8, 8, 8]
[2026-04-03 11:49:27]     Test class counts:  [10, 10, 10, 10]
[2026-04-03 11:49:27] Building model with input window duration: 4.1875 s
[2026-04-03 11:49:27] Pretrained weight loading:
[2026-04-03 11:49:27]   Downloaded keys:        179
[2026-04-03 11:49:27]   Filtered (transformer): 172
[2026-04-03 11:49:27]   Filtered (pos_encoder): 0
[2026-04-03 11:49:27]   Keys to load:           7
[2026-04-03 11:49:27]   Missing keys:           4
[2026-04-03 11:49:27]   Unexpected keys:        0
[2026-04-03 11:49:27]   Missing preview:        ['spatial_conv.1.weight', 'spatial_conv.1.bias', 'final_layer.1.weight', 'final_layer.1.bias']
[2026-04-03 11:49:27]   Unexpected preview:     []
[2026-04-03 11:49:30]   Fold 3/5 | best_epoch=1 | stop=51 | val_loss=1.3863 | acc=0.2500 | bal_acc=0.2500
[2026-04-03 11:49:30]     Train class counts: [32, 32, 32, 32]
[2026-04-03 11:49:30]     Val class counts:   [8, 8, 8, 8]
[2026-04-03 11:49:30]     Test class counts:  [10, 10, 10, 10]
[2026-04-03 11:49:30] Building model with input window duration: 4.1875 s
[2026-04-03 11:49:30] Pretrained weight loading:
[2026-04-03 11:49:30]   Downloaded keys:        179
[2026-04-03 11:49:30]   Filtered (transformer): 172
[2026-04-03 11:49:30]   Filtered (pos_encoder): 0
[2026-04-03 11:49:30]   Keys to load:           7
[2026-04-03 11:49:30]   Missing keys:           4
[2026-04-03 11:49:30]   Unexpected keys:        0
[2026-04-03 11:49:30]   Missing preview:        ['spatial_conv.1.weight', 'spatial_conv.1.bias', 'final_layer.1.weight', 'final_layer.1.bias']
[2026-04-03 11:49:30]   Unexpected preview:     []
[2026-04-03 11:49:59]   Fold 4/5 | best_epoch=522 | stop=548 | val_loss=1.3582 | acc=0.2500 | bal_acc=0.2500
[2026-04-03 11:49:59]     Train class counts: [32, 32, 32, 32]
[2026-04-03 11:49:59]     Val class counts:   [8, 8, 8, 8]
[2026-04-03 11:49:59]     Test class counts:  [10, 10, 10, 10]
[2026-04-03 11:49:59] Building model with input window duration: 4.1875 s
[2026-04-03 11:49:59] Pretrained weight loading:
[2026-04-03 11:49:59]   Downloaded keys:        179
[2026-04-03 11:49:59]   Filtered (transformer): 172
[2026-04-03 11:49:59]   Filtered (pos_encoder): 0
[2026-04-03 11:49:59]   Keys to load:           7
[2026-04-03 11:49:59]   Missing keys:           4
[2026-04-03 11:49:59]   Unexpected keys:        0
[2026-04-03 11:49:59]   Missing preview:        ['spatial_conv.1.weight', 'spatial_conv.1.bias', 'final_layer.1.weight', 'final_layer.1.bias']
[2026-04-03 11:49:59]   Unexpected preview:     []
[2026-04-03 11:50:07]   Fold 5/5 | best_epoch=148 | stop=152 | val_loss=1.3859 | acc=0.1750 | bal_acc=0.1750
[2026-04-03 11:50:07]   Subject 51 summary: acc=0.2350±0.0300  bal_acc=0.2350±0.0300

[2026-04-03 11:50:07] Total folds completed: 5
[2026-04-03 11:50:07] ======================================================================
[2026-04-03 11:50:07] AGGREGATED RESULTS
[2026-04-03 11:50:07] ======================================================================
[2026-04-03 11:50:07]   Subject 51:  acc=0.2350±0.0300  bal_acc=0.2350±0.0300
[2026-04-03 11:50:07] ----------------------------------------------------------------------
[2026-04-03 11:50:07]   OVERALL:      acc=0.2350±0.0300  bal_acc=0.2350±0.0300
[2026-04-03 11:50:07] ======================================================================
[2026-04-03 11:50:07] CV results saved to:      /Users/vadim/Documents/School/Spring 2026/CSCE A698 Individual Research/EEG_JEPA/artifacts/lee-2019-fine-tuning/SSVEP/20260403_1149_69f16e0e/cv_results.json
[2026-04-03 11:50:07] Subject metrics saved to: /Users/vadim/Documents/School/Spring 2026/CSCE A698 Individual Research/EEG_JEPA/artifacts/lee-2019-fine-tuning/SSVEP/20260403_1149_69f16e0e/subject_metrics.json
[2026-04-03 11:50:07] Global metrics saved to:  /Users/vadim/Documents/School/Spring 2026/CSCE A698 Individual Research/EEG_JEPA/artifacts/lee-2019-fine-tuning/SSVEP/20260403_1149_69f16e0e/global_metrics.json
[2026-04-03 11:50:07] Run metadata saved to:    /Users/vadim/Documents/School/Spring 2026/CSCE A698 Individual Research/EEG_JEPA/artifacts/lee-2019-fine-tuning/SSVEP/20260403_1149_69f16e0e/run_metadata.json

[2026-04-03 11:50:07] All artifacts in: /Users/vadim/Documents/School/Spring 2026/CSCE A698 Individual Research/EEG_JEPA/artifacts/lee-2019-fine-tuning/SSVEP/20260403_1149_69f16e0e

[2026-04-03 11:50:07] ======================================================================
[2026-04-03 11:50:07] EXPERIMENT SUMMARY
[2026-04-03 11:50:07] ======================================================================
[2026-04-03 11:50:07] Run ID:    20260403_1149_69f16e0e
[2026-04-03 11:50:07] Artifacts: /Users/vadim/Documents/School/Spring 2026/CSCE A698 Individual Research/EEG_JEPA/artifacts/lee-2019-fine-tuning/SSVEP/20260403_1149_69f16e0e

[2026-04-03 11:50:07] Configuration:
[2026-04-03 11:50:07]   Subjects:          [51]
[2026-04-03 11:50:07]   Bandpass:          0.5-40.0 Hz
[2026-04-03 11:50:07]   Resample:          128 Hz
[2026-04-03 11:50:07]   CV folds:          5
[2026-04-03 11:50:07]   Learning rate:     0.0005
[2026-04-03 11:50:07]   Batch size:        32
[2026-04-03 11:50:07]   Max epochs:        5000

[2026-04-03 11:50:07] Results:
[2026-04-03 11:50:07]   Mean Accuracy:          0.2350 ± 0.0300
[2026-04-03 11:50:07]   Mean Balanced Accuracy: 0.2350 ± 0.0300
