[2026-04-08 19:57:33] Using device: cpu
[2026-04-08 19:57:33] Seed control enabled: True
[2026-04-08 19:57:33] Base seed: 5
[2026-04-08 19:57:34] Seed initialized: 5
[2026-04-08 19:57:34] ======================================================================
[2026-04-08 19:57:34] CONFIGURATION
[2026-04-08 19:57:34] ======================================================================
[2026-04-08 19:57:34]   artifact_dir: /home/vegorov/Repos/eeg_jepa_research/artifacts/lee-2019-fine-tuning
[2026-04-08 19:57:34]   bandpass_high: 40.0
[2026-04-08 19:57:34]   bandpass_low: 0.5
[2026-04-08 19:57:34]   batch_size: 16
[2026-04-08 19:57:34]   convert_to_uV: True
[2026-04-08 19:57:34]   criterion: None
[2026-04-08 19:57:34]   cv_folds: 5
[2026-04-08 19:57:34]   device: auto
[2026-04-08 19:57:34]   early_stopping_patience: 50
[2026-04-08 19:57:34]   learning_rate: 0.005
[2026-04-08 19:57:34]   n_epochs: 5000
[2026-04-08 19:57:34]   normalization_method: None
[2026-04-08 19:57:34]   normalize: False
[2026-04-08 19:57:34]   optimizer: Adam
[2026-04-08 19:57:34]   paradigm: SSVEP
[2026-04-08 19:57:34]   pretrained_url: https://huggingface.co/braindecode/SignalJEPA/resolve/main/signal-jepa_16s-60_adeuwv4s.pth
[2026-04-08 19:57:34]   seed: 5
[2026-04-08 19:57:34]   set_eeg_reference: True
[2026-04-08 19:57:34]   set_seed: True
[2026-04-08 19:57:34]   sfreq: 128
[2026-04-08 19:57:34]   subjects_to_use: None
[2026-04-08 19:57:34]   val_split: 0.2
[2026-04-08 19:57:34] ======================================================================
[2026-04-08 19:57:34] Config saved to: /home/vegorov/Repos/eeg_jepa_research/artifacts/lee-2019-fine-tuning/SSVEP/20260408_1957_6fe9c54d/config.json
[2026-04-08 19:57:34] Epoch window configuration:
[2026-04-08 19:57:34]   Target sfreq:                128 Hz
[2026-04-08 19:57:34]   Target duration:             4.190000 s
[2026-04-08 19:57:34]   Window samples (rounded):    536
[2026-04-08 19:57:34]   Base trial samples (4.0 s):  512
[2026-04-08 19:57:34]   Trial stop offset samples:   24
[2026-04-08 19:57:34]   Effective window duration:   4.187500 s
[2026-04-08 19:57:34] Dataset code: Lee2019-SSVEP
[2026-04-08 19:57:34] Subjects Total: 54
[2026-04-08 19:57:34] Events: {'12.0': 1, '8.57': 2, '6.67': 3, '5.45': 4}
[2026-04-08 19:57:34] Interval: [0.0, 4.0]
[2026-04-08 19:57:34] Paradigm: ssvep
[2026-04-08 19:57:34] Selected subjects: [48, 49, 50, 51, 52, 53, 54]
[2026-04-08 19:57:34] Expected evaluation folds: 35

[2026-04-08 19:57:34] Building MOABBDataset for Lee2019_SSVEP...
[2026-04-08 19:58:36] MOABBDataset recordings loaded: 14
[2026-04-08 19:58:36] Discovered annotation descriptions (first recording): [np.str_('12.0'), np.str_('5.45'), np.str_('6.67'), np.str_('8.57')]
[2026-04-08 19:58:36] Dataset event_id mapping: {'12.0': 1, '8.57': 2, '6.67': 3, '5.45': 4}
[2026-04-08 19:58:36] Label map (event_code -> class_index): {1: 0, 2: 1, 3: 2, 4: 3}
[2026-04-08 19:58:36] Applying Braindecode preprocessors to MOABBDataset...
[2026-04-08 19:59:18] Preprocessing complete.

[2026-04-08 19:59:18] Post-preprocessing validation
[2026-04-08 19:59:18]   Recordings in DATASET: 14
[2026-04-08 19:59:18]   Unique subject IDs:    ['48', '49', '50', '51', '52', '53', '54']
[2026-04-08 19:59:18]   sfreq (first rec):     128.0 Hz
[2026-04-08 19:59:18]   EEG channel count:     62
[2026-04-08 19:59:18]   First 10 channels:     ['Fp1', 'Fp2', 'F7', 'F3', 'Fz', 'F4', 'F8', 'FC5', 'FC1', 'FC2']
[2026-04-08 19:59:18] Channel consistency summary:
[2026-04-08 19:59:18]   Checked runs: 14
[2026-04-08 19:59:18]   Unique channel counts: [62]
[2026-04-08 19:59:18]   Channel order consistent: True
[2026-04-08 19:59:18] Validated EEG channels: 62
[2026-04-08 19:59:18] First 10 EEG channels: ['Fp1', 'Fp2', 'F7', 'F3', 'Fz', 'F4', 'F8', 'FC5', 'FC1', 'FC2']
[2026-04-08 19:59:18] raw mean_abs=6.260925e+00
[2026-04-08 19:59:18] raw std=1.367558e+01
[2026-04-08 19:59:18] raw first5 channel std= [25.7487628  33.90435699 12.52572271  7.29424492  6.6773028 ]
[2026-04-08 19:59:18] Requested window samples: 536
[2026-04-08 19:59:18] Base trial samples:       512
[2026-04-08 19:59:18] Stop offset samples:      24
[2026-04-08 19:59:18] Global class counts: [350, 350, 350, 350]
[2026-04-08 19:59:18] Chance level (4-class): 0.25
[2026-04-08 19:59:18] One window shape: (62, 536)
[2026-04-08 19:59:18] One window label: 2
[2026-04-08 19:59:18] Window sample length expected=536, got=536
[2026-04-08 19:59:18] Subjects in window split: [48, 49, 50, 51, 52, 53, 54]
[2026-04-08 19:59:18] Summarizing per-subject windows...
[2026-04-08 19:59:18]   Subject 48: n_windows=200, window_shape=(62, 536), class_counts=[50, 50, 50, 50]
[2026-04-08 19:59:18]   Subject 49: n_windows=200, window_shape=(62, 536), class_counts=[50, 50, 50, 50]
[2026-04-08 19:59:18]   Subject 50: n_windows=200, window_shape=(62, 536), class_counts=[50, 50, 50, 50]
[2026-04-08 19:59:18]   Subject 51: n_windows=200, window_shape=(62, 536), class_counts=[50, 50, 50, 50]
[2026-04-08 19:59:18]   Subject 52: n_windows=200, window_shape=(62, 536), class_counts=[50, 50, 50, 50]
[2026-04-08 19:59:18]   Subject 53: n_windows=200, window_shape=(62, 536), class_counts=[50, 50, 50, 50]
[2026-04-08 19:59:18]   Subject 54: n_windows=200, window_shape=(62, 536), class_counts=[50, 50, 50, 50]
[2026-04-08 19:59:18]    subject_id  n_windows  n_channels  n_times      class_counts
0          48        200          62      536  [50, 50, 50, 50]
1          49        200          62      536  [50, 50, 50, 50]
2          50        200          62      536  [50, 50, 50, 50]
3          51        200          62      536  [50, 50, 50, 50]
4          52        200          62      536  [50, 50, 50, 50]
5          53        200          62      536  [50, 50, 50, 50]
6          54        200          62      536  [50, 50, 50, 50]
[2026-04-08 19:59:18] Window validation summary:
[2026-04-08 19:59:18]   Subject 48: n_windows=200 class_counts=[50, 50, 50, 50]
[2026-04-08 19:59:18]   Subject 49: n_windows=200 class_counts=[50, 50, 50, 50]
[2026-04-08 19:59:18]   Subject 50: n_windows=200 class_counts=[50, 50, 50, 50]
[2026-04-08 19:59:18]   Subject 51: n_windows=200 class_counts=[50, 50, 50, 50]
[2026-04-08 19:59:18]   Subject 52: n_windows=200 class_counts=[50, 50, 50, 50]
[2026-04-08 19:59:18]   Subject 53: n_windows=200 class_counts=[50, 50, 50, 50]
[2026-04-08 19:59:18]   Subject 54: n_windows=200 class_counts=[50, 50, 50, 50]

[2026-04-08 19:59:18] Validated sampling rate target: 128 Hz
[2026-04-08 19:59:18] Validated window sample count:   536
[2026-04-08 19:59:18] Validated window duration:       4.1875 s
[2026-04-08 19:59:18] Validated channel count:         62
[2026-04-08 19:59:18] Total windows retained:          1400
[2026-04-08 19:59:18] Preprocessing sanity checks:
[2026-04-08 19:59:18]   One sample label: 2
[2026-04-08 19:59:18]   One sample shape: (62, 536)
[2026-04-08 19:59:18]   Mean(abs(signal)): 3.194527e+00
[2026-04-08 19:59:18]   Mean(signal):      6.428233e-09
[2026-04-08 19:59:18]   Std(signal):       4.182395e+00
[2026-04-08 19:59:18] Building model with input window duration: 4.1875 s
[2026-04-08 19:59:18] SignalJEPA_PreLocal instantiated successfully.
[2026-04-08 19:59:18]   Total parameters:     18,192
[2026-04-08 19:59:18]   Trainable parameters: 18,192
[2026-04-08 19:59:18] ======================================================================================================================================================
Layer (type (var_name):depth-idx)                  Input Shape               Output Shape              Param #                   Kernel Shape
======================================================================================================================================================
SignalJEPA_PreLocal (SignalJEPA_PreLocal)          [1, 62, 536]              [1, 4]                    --                        --
├─Sequential (spatial_conv): 1-1                   [1, 62, 536]              [1, 4, 536]               --                        --
│    └─Rearrange (0): 2-1                          [1, 62, 536]              [1, 1, 62, 536]           --                        --
│    └─Conv2d (1): 2-2                             [1, 1, 62, 536]           [1, 4, 1, 536]            252                       [62, 1]
│    └─Rearrange (2): 2-3                          [1, 4, 1, 536]            [1, 4, 536]               --                        --
├─_ConvFeatureEncoder (feature_encoder): 1-2       [1, 4, 536]               [1, 16, 64]               --                        --
│    └─Rearrange (0): 2-4                          [1, 4, 536]               [4, 1, 536]               --                        --
│    └─Sequential (1): 2-5                         [4, 1, 536]               [4, 8, 64]                --                        --
│    │    └─Conv1d (0): 3-1                        [4, 1, 536]               [4, 8, 64]                256                       [32]
│    │    └─Dropout (1): 3-2                       [4, 8, 64]                [4, 8, 64]                --                        --
│    │    └─GroupNorm (2): 3-3                     [4, 8, 64]                [4, 8, 64]                16                        --
│    │    └─GELU (3): 3-4                          [4, 8, 64]                [4, 8, 64]                --                        --
│    └─Sequential (2): 2-6                         [4, 8, 64]                [4, 16, 32]               --                        --
│    │    └─Conv1d (0): 3-5                        [4, 8, 64]                [4, 16, 32]               256                       [2]
│    │    └─Dropout (1): 3-6                       [4, 16, 32]               [4, 16, 32]               --                        --
│    │    └─GELU (2): 3-7                          [4, 16, 32]               [4, 16, 32]               --                        --
│    └─Sequential (3): 2-7                         [4, 16, 32]               [4, 32, 16]               --                        --
│    │    └─Conv1d (0): 3-8                        [4, 16, 32]               [4, 32, 16]               1,024                     [2]
│    │    └─Dropout (1): 3-9                       [4, 32, 16]               [4, 32, 16]               --                        --
│    │    └─GELU (2): 3-10                         [4, 32, 16]               [4, 32, 16]               --                        --
│    └─Sequential (4): 2-8                         [4, 32, 16]               [4, 64, 8]                --                        --
│    │    └─Conv1d (0): 3-11                       [4, 32, 16]               [4, 64, 8]                4,096                     [2]
│    │    └─Dropout (1): 3-12                      [4, 64, 8]                [4, 64, 8]                --                        --
│    │    └─GELU (2): 3-13                         [4, 64, 8]                [4, 64, 8]                --                        --
│    └─Sequential (5): 2-9                         [4, 64, 8]                [4, 64, 4]                --                        --
│    │    └─Conv1d (0): 3-14                       [4, 64, 8]                [4, 64, 4]                8,192                     [2]
│    │    └─Dropout (1): 3-15                      [4, 64, 4]                [4, 64, 4]                --                        --
│    │    └─GELU (2): 3-16                         [4, 64, 4]                [4, 64, 4]                --                        --
│    └─Rearrange (6): 2-10                         [4, 64, 4]                [1, 16, 64]               --                        --
├─Sequential (final_layer): 1-3                    [1, 16, 64]               [1, 4]                    --                        --
│    └─Flatten (0): 2-11                           [1, 16, 64]               [1, 1024]                 --                        --
│    └─Linear (1): 2-12                            [1, 1024]                 [1, 4]                    4,100                     --
======================================================================================================================================================
Total params: 18,192
Trainable params: 18,192
Non-trainable params: 0
Total mult-adds (Units.MEGABYTES): 0.57
======================================================================================================================================================
Input size (MB): 0.13
Forward/backward pass size (MB): 0.11
Params size (MB): 0.07
Estimated Total Size (MB): 0.31
======================================================================================================================================================
[2026-04-08 19:59:18] Initializing from 16s-60 pretrained checkpoint (Hugging Face):
[2026-04-08 19:59:18]   https://huggingface.co/braindecode/SignalJEPA/resolve/main/signal-jepa_16s-60_adeuwv4s.pth
[2026-04-08 19:59:18]   Downloaded 179 keys
[2026-04-08 19:59:18] ======================================================================
[2026-04-08 19:59:18] STARTING CROSS-VALIDATION
[2026-04-08 19:59:18] ======================================================================
[2026-04-08 19:59:18] Subjects:      [48, 49, 50, 51, 52, 53, 54]
[2026-04-08 19:59:18] CV folds:      5
[2026-04-08 19:59:18] Batch size:    16
[2026-04-08 19:59:18] Max epochs:    5000
[2026-04-08 19:59:18] Device:        cpu
[2026-04-08 19:59:18] Seed control:  True
[2026-04-08 19:59:18] Base seed:     5
[2026-04-08 19:59:18] ======================================================================

[2026-04-08 19:59:18] Subject 48: 200 windows | class_counts=[50, 50, 50, 50]
[2026-04-08 19:59:18]   Fold 1 class counts: train=[32, 32, 32, 32] val=[8, 8, 8, 8] test=[10, 10, 10, 10]
[2026-04-08 19:59:18]   Fold 2 class counts: train=[32, 32, 32, 32] val=[8, 8, 8, 8] test=[10, 10, 10, 10]
[2026-04-08 19:59:18]   Fold 3 class counts: train=[32, 32, 32, 32] val=[8, 8, 8, 8] test=[10, 10, 10, 10]
[2026-04-08 19:59:18]   Fold 4 class counts: train=[32, 32, 32, 32] val=[8, 8, 8, 8] test=[10, 10, 10, 10]
[2026-04-08 19:59:18]   Fold 5 class counts: train=[32, 32, 32, 32] val=[8, 8, 8, 8] test=[10, 10, 10, 10]
[2026-04-08 19:59:18]     Train class counts: [32, 32, 32, 32]
[2026-04-08 19:59:18]     Val class counts:   [8, 8, 8, 8]
[2026-04-08 19:59:18]     Test class counts:  [10, 10, 10, 10]
[2026-04-08 19:59:18] Building model with input window duration: 4.1875 s
[2026-04-08 19:59:18] Pretrained weight loading:
[2026-04-08 19:59:18]   Downloaded keys:        179
[2026-04-08 19:59:18]   Filtered (transformer): 172
[2026-04-08 19:59:18]   Filtered (pos_encoder): 0
[2026-04-08 19:59:18]   Keys to load:           7
[2026-04-08 19:59:18]   Missing keys:           4
[2026-04-08 19:59:18]   Unexpected keys:        0
[2026-04-08 19:59:18]   Missing preview:        ['spatial_conv.1.weight', 'spatial_conv.1.bias', 'final_layer.1.weight', 'final_layer.1.bias']
[2026-04-08 19:59:18]   Unexpected preview:     []
[2026-04-08 19:59:18] Trainable modules: spatial_conv + final_layer (4,352 / 18,192 params, 23.9%)
[2026-04-08 19:59:18]   - final_layer.1.bias
[2026-04-08 19:59:18]   - final_layer.1.weight
[2026-04-08 19:59:18]   - spatial_conv.1.bias
[2026-04-08 19:59:18]   - spatial_conv.1.weight
[2026-04-08 19:59:32]   Fold 1/5 | best_epoch=542 | stop=592 | val_loss=0.0240 | acc=0.9750 | bal_acc=0.9750
[2026-04-08 19:59:32]     Train class counts: [32, 32, 32, 32]
[2026-04-08 19:59:32]     Val class counts:   [8, 8, 8, 8]
[2026-04-08 19:59:32]     Test class counts:  [10, 10, 10, 10]
[2026-04-08 19:59:32] Building model with input window duration: 4.1875 s
[2026-04-08 19:59:32] Pretrained weight loading:
[2026-04-08 19:59:32]   Downloaded keys:        179
[2026-04-08 19:59:32]   Filtered (transformer): 172
[2026-04-08 19:59:32]   Filtered (pos_encoder): 0
[2026-04-08 19:59:32]   Keys to load:           7
[2026-04-08 19:59:32]   Missing keys:           4
[2026-04-08 19:59:32]   Unexpected keys:        0
[2026-04-08 19:59:32]   Missing preview:        ['spatial_conv.1.weight', 'spatial_conv.1.bias', 'final_layer.1.weight', 'final_layer.1.bias']
[2026-04-08 19:59:32]   Unexpected preview:     []
[2026-04-08 19:59:56]   Fold 2/5 | best_epoch=939 | stop=989 | val_loss=0.0039 | acc=1.0000 | bal_acc=1.0000
[2026-04-08 19:59:56]     Train class counts: [32, 32, 32, 32]
[2026-04-08 19:59:56]     Val class counts:   [8, 8, 8, 8]
[2026-04-08 19:59:56]     Test class counts:  [10, 10, 10, 10]
[2026-04-08 19:59:56] Building model with input window duration: 4.1875 s
[2026-04-08 19:59:56] Pretrained weight loading:
[2026-04-08 19:59:56]   Downloaded keys:        179
[2026-04-08 19:59:56]   Filtered (transformer): 172
[2026-04-08 19:59:56]   Filtered (pos_encoder): 0
[2026-04-08 19:59:56]   Keys to load:           7
[2026-04-08 19:59:56]   Missing keys:           4
[2026-04-08 19:59:56]   Unexpected keys:        0
[2026-04-08 19:59:56]   Missing preview:        ['spatial_conv.1.weight', 'spatial_conv.1.bias', 'final_layer.1.weight', 'final_layer.1.bias']
[2026-04-08 19:59:56]   Unexpected preview:     []
[2026-04-08 20:00:09]   Fold 3/5 | best_epoch=554 | stop=604 | val_loss=0.0072 | acc=1.0000 | bal_acc=1.0000
[2026-04-08 20:00:09]     Train class counts: [32, 32, 32, 32]
[2026-04-08 20:00:09]     Val class counts:   [8, 8, 8, 8]
[2026-04-08 20:00:09]     Test class counts:  [10, 10, 10, 10]
[2026-04-08 20:00:09] Building model with input window duration: 4.1875 s
[2026-04-08 20:00:09] Pretrained weight loading:
[2026-04-08 20:00:09]   Downloaded keys:        179
[2026-04-08 20:00:09]   Filtered (transformer): 172
[2026-04-08 20:00:09]   Filtered (pos_encoder): 0
[2026-04-08 20:00:09]   Keys to load:           7
[2026-04-08 20:00:09]   Missing keys:           4
[2026-04-08 20:00:09]   Unexpected keys:        0
[2026-04-08 20:00:09]   Missing preview:        ['spatial_conv.1.weight', 'spatial_conv.1.bias', 'final_layer.1.weight', 'final_layer.1.bias']
[2026-04-08 20:00:09]   Unexpected preview:     []
[2026-04-08 20:00:14]   Fold 4/5 | best_epoch=133 | stop=183 | val_loss=0.1159 | acc=1.0000 | bal_acc=1.0000
[2026-04-08 20:00:14]     Train class counts: [32, 32, 32, 32]
[2026-04-08 20:00:14]     Val class counts:   [8, 8, 8, 8]
[2026-04-08 20:00:14]     Test class counts:  [10, 10, 10, 10]
[2026-04-08 20:00:14] Building model with input window duration: 4.1875 s
[2026-04-08 20:00:14] Pretrained weight loading:
[2026-04-08 20:00:14]   Downloaded keys:        179
[2026-04-08 20:00:14]   Filtered (transformer): 172
[2026-04-08 20:00:14]   Filtered (pos_encoder): 0
[2026-04-08 20:00:14]   Keys to load:           7
[2026-04-08 20:00:14]   Missing keys:           4
[2026-04-08 20:00:14]   Unexpected keys:        0
[2026-04-08 20:00:14]   Missing preview:        ['spatial_conv.1.weight', 'spatial_conv.1.bias', 'final_layer.1.weight', 'final_layer.1.bias']
[2026-04-08 20:00:14]   Unexpected preview:     []
[2026-04-08 20:00:32]   Fold 5/5 | best_epoch=767 | stop=817 | val_loss=0.0131 | acc=1.0000 | bal_acc=1.0000
[2026-04-08 20:00:32]   Subject 48 summary: acc=0.9950±0.0100  bal_acc=0.9950±0.0100

[2026-04-08 20:00:32] Subject 49: 200 windows | class_counts=[50, 50, 50, 50]
[2026-04-08 20:00:32]   Fold 1 class counts: train=[32, 32, 32, 32] val=[8, 8, 8, 8] test=[10, 10, 10, 10]
[2026-04-08 20:00:32]   Fold 2 class counts: train=[32, 32, 32, 32] val=[8, 8, 8, 8] test=[10, 10, 10, 10]
[2026-04-08 20:00:32]   Fold 3 class counts: train=[32, 32, 32, 32] val=[8, 8, 8, 8] test=[10, 10, 10, 10]
[2026-04-08 20:00:32]   Fold 4 class counts: train=[32, 32, 32, 32] val=[8, 8, 8, 8] test=[10, 10, 10, 10]
[2026-04-08 20:00:32]   Fold 5 class counts: train=[32, 32, 32, 32] val=[8, 8, 8, 8] test=[10, 10, 10, 10]
[2026-04-08 20:00:32]     Train class counts: [32, 32, 32, 32]
[2026-04-08 20:00:32]     Val class counts:   [8, 8, 8, 8]
[2026-04-08 20:00:32]     Test class counts:  [10, 10, 10, 10]
[2026-04-08 20:00:32] Building model with input window duration: 4.1875 s
[2026-04-08 20:00:32] Pretrained weight loading:
[2026-04-08 20:00:32]   Downloaded keys:        179
[2026-04-08 20:00:32]   Filtered (transformer): 172
[2026-04-08 20:00:32]   Filtered (pos_encoder): 0
[2026-04-08 20:00:32]   Keys to load:           7
[2026-04-08 20:00:32]   Missing keys:           4
[2026-04-08 20:00:32]   Unexpected keys:        0
[2026-04-08 20:00:32]   Missing preview:        ['spatial_conv.1.weight', 'spatial_conv.1.bias', 'final_layer.1.weight', 'final_layer.1.bias']
[2026-04-08 20:00:32]   Unexpected preview:     []
[2026-04-08 20:00:54]   Fold 1/5 | best_epoch=882 | stop=932 | val_loss=0.0135 | acc=1.0000 | bal_acc=1.0000
[2026-04-08 20:00:54]     Train class counts: [32, 32, 32, 32]
[2026-04-08 20:00:54]     Val class counts:   [8, 8, 8, 8]
[2026-04-08 20:00:54]     Test class counts:  [10, 10, 10, 10]
[2026-04-08 20:00:54] Building model with input window duration: 4.1875 s
[2026-04-08 20:00:54] Pretrained weight loading:
[2026-04-08 20:00:54]   Downloaded keys:        179
[2026-04-08 20:00:54]   Filtered (transformer): 172
[2026-04-08 20:00:54]   Filtered (pos_encoder): 0
[2026-04-08 20:00:54]   Keys to load:           7
[2026-04-08 20:00:54]   Missing keys:           4
[2026-04-08 20:00:54]   Unexpected keys:        0
[2026-04-08 20:00:54]   Missing preview:        ['spatial_conv.1.weight', 'spatial_conv.1.bias', 'final_layer.1.weight', 'final_layer.1.bias']
[2026-04-08 20:00:54]   Unexpected preview:     []
[2026-04-08 20:01:11]   Fold 2/5 | best_epoch=686 | stop=736 | val_loss=0.0362 | acc=0.9750 | bal_acc=0.9750
[2026-04-08 20:01:11]     Train class counts: [32, 32, 32, 32]
[2026-04-08 20:01:11]     Val class counts:   [8, 8, 8, 8]
[2026-04-08 20:01:11]     Test class counts:  [10, 10, 10, 10]
[2026-04-08 20:01:11] Building model with input window duration: 4.1875 s
[2026-04-08 20:01:11] Pretrained weight loading:
[2026-04-08 20:01:11]   Downloaded keys:        179
[2026-04-08 20:01:11]   Filtered (transformer): 172
[2026-04-08 20:01:11]   Filtered (pos_encoder): 0
[2026-04-08 20:01:11]   Keys to load:           7
[2026-04-08 20:01:11]   Missing keys:           4
[2026-04-08 20:01:11]   Unexpected keys:        0
[2026-04-08 20:01:11]   Missing preview:        ['spatial_conv.1.weight', 'spatial_conv.1.bias', 'final_layer.1.weight', 'final_layer.1.bias']
[2026-04-08 20:01:11]   Unexpected preview:     []
[2026-04-08 20:01:46]   Fold 3/5 | best_epoch=1472 | stop=1522 | val_loss=0.0070 | acc=0.9750 | bal_acc=0.9750
[2026-04-08 20:01:46]     Train class counts: [32, 32, 32, 32]
[2026-04-08 20:01:46]     Val class counts:   [8, 8, 8, 8]
[2026-04-08 20:01:46]     Test class counts:  [10, 10, 10, 10]
[2026-04-08 20:01:46] Building model with input window duration: 4.1875 s
[2026-04-08 20:01:46] Pretrained weight loading:
[2026-04-08 20:01:46]   Downloaded keys:        179
[2026-04-08 20:01:46]   Filtered (transformer): 172
[2026-04-08 20:01:46]   Filtered (pos_encoder): 0
[2026-04-08 20:01:46]   Keys to load:           7
[2026-04-08 20:01:46]   Missing keys:           4
[2026-04-08 20:01:46]   Unexpected keys:        0
[2026-04-08 20:01:46]   Missing preview:        ['spatial_conv.1.weight', 'spatial_conv.1.bias', 'final_layer.1.weight', 'final_layer.1.bias']
[2026-04-08 20:01:46]   Unexpected preview:     []
[2026-04-08 20:01:59]   Fold 4/5 | best_epoch=498 | stop=548 | val_loss=0.0753 | acc=0.9750 | bal_acc=0.9750
[2026-04-08 20:01:59]     Train class counts: [32, 32, 32, 32]
[2026-04-08 20:01:59]     Val class counts:   [8, 8, 8, 8]
[2026-04-08 20:01:59]     Test class counts:  [10, 10, 10, 10]
[2026-04-08 20:01:59] Building model with input window duration: 4.1875 s
[2026-04-08 20:01:59] Pretrained weight loading:
[2026-04-08 20:01:59]   Downloaded keys:        179
[2026-04-08 20:01:59]   Filtered (transformer): 172
[2026-04-08 20:01:59]   Filtered (pos_encoder): 0
[2026-04-08 20:01:59]   Keys to load:           7
[2026-04-08 20:01:59]   Missing keys:           4
[2026-04-08 20:01:59]   Unexpected keys:        0
[2026-04-08 20:01:59]   Missing preview:        ['spatial_conv.1.weight', 'spatial_conv.1.bias', 'final_layer.1.weight', 'final_layer.1.bias']
[2026-04-08 20:01:59]   Unexpected preview:     []
[2026-04-08 20:02:32]   Fold 5/5 | best_epoch=1366 | stop=1416 | val_loss=0.0022 | acc=0.9750 | bal_acc=0.9750
[2026-04-08 20:02:32]   Subject 49 summary: acc=0.9800±0.0100  bal_acc=0.9800±0.0100

[2026-04-08 20:02:32] Subject 50: 200 windows | class_counts=[50, 50, 50, 50]
[2026-04-08 20:02:32]   Fold 1 class counts: train=[32, 32, 32, 32] val=[8, 8, 8, 8] test=[10, 10, 10, 10]
[2026-04-08 20:02:32]   Fold 2 class counts: train=[32, 32, 32, 32] val=[8, 8, 8, 8] test=[10, 10, 10, 10]
[2026-04-08 20:02:32]   Fold 3 class counts: train=[32, 32, 32, 32] val=[8, 8, 8, 8] test=[10, 10, 10, 10]
[2026-04-08 20:02:32]   Fold 4 class counts: train=[32, 32, 32, 32] val=[8, 8, 8, 8] test=[10, 10, 10, 10]
[2026-04-08 20:02:32]   Fold 5 class counts: train=[32, 32, 32, 32] val=[8, 8, 8, 8] test=[10, 10, 10, 10]
[2026-04-08 20:02:32]     Train class counts: [32, 32, 32, 32]
[2026-04-08 20:02:32]     Val class counts:   [8, 8, 8, 8]
[2026-04-08 20:02:32]     Test class counts:  [10, 10, 10, 10]
[2026-04-08 20:02:32] Building model with input window duration: 4.1875 s
[2026-04-08 20:02:32] Pretrained weight loading:
[2026-04-08 20:02:32]   Downloaded keys:        179
[2026-04-08 20:02:32]   Filtered (transformer): 172
[2026-04-08 20:02:32]   Filtered (pos_encoder): 0
[2026-04-08 20:02:32]   Keys to load:           7
[2026-04-08 20:02:32]   Missing keys:           4
[2026-04-08 20:02:32]   Unexpected keys:        0
[2026-04-08 20:02:32]   Missing preview:        ['spatial_conv.1.weight', 'spatial_conv.1.bias', 'final_layer.1.weight', 'final_layer.1.bias']
[2026-04-08 20:02:32]   Unexpected preview:     []
[2026-04-08 20:02:54]   Fold 1/5 | best_epoch=883 | stop=933 | val_loss=0.0019 | acc=1.0000 | bal_acc=1.0000
[2026-04-08 20:02:54]     Train class counts: [32, 32, 32, 32]
[2026-04-08 20:02:54]     Val class counts:   [8, 8, 8, 8]
[2026-04-08 20:02:54]     Test class counts:  [10, 10, 10, 10]
[2026-04-08 20:02:54] Building model with input window duration: 4.1875 s
[2026-04-08 20:02:54] Pretrained weight loading:
[2026-04-08 20:02:54]   Downloaded keys:        179
[2026-04-08 20:02:54]   Filtered (transformer): 172
[2026-04-08 20:02:54]   Filtered (pos_encoder): 0
[2026-04-08 20:02:54]   Keys to load:           7
[2026-04-08 20:02:54]   Missing keys:           4
[2026-04-08 20:02:54]   Unexpected keys:        0
[2026-04-08 20:02:54]   Missing preview:        ['spatial_conv.1.weight', 'spatial_conv.1.bias', 'final_layer.1.weight', 'final_layer.1.bias']
[2026-04-08 20:02:54]   Unexpected preview:     []
[2026-04-08 20:03:14]   Fold 2/5 | best_epoch=805 | stop=855 | val_loss=0.0177 | acc=1.0000 | bal_acc=1.0000
[2026-04-08 20:03:14]     Train class counts: [32, 32, 32, 32]
[2026-04-08 20:03:14]     Val class counts:   [8, 8, 8, 8]
[2026-04-08 20:03:14]     Test class counts:  [10, 10, 10, 10]
[2026-04-08 20:03:14] Building model with input window duration: 4.1875 s
[2026-04-08 20:03:14] Pretrained weight loading:
[2026-04-08 20:03:14]   Downloaded keys:        179
[2026-04-08 20:03:14]   Filtered (transformer): 172
[2026-04-08 20:03:14]   Filtered (pos_encoder): 0
[2026-04-08 20:03:14]   Keys to load:           7
[2026-04-08 20:03:14]   Missing keys:           4
[2026-04-08 20:03:14]   Unexpected keys:        0
[2026-04-08 20:03:14]   Missing preview:        ['spatial_conv.1.weight', 'spatial_conv.1.bias', 'final_layer.1.weight', 'final_layer.1.bias']
[2026-04-08 20:03:14]   Unexpected preview:     []
[2026-04-08 20:04:08]   Fold 3/5 | best_epoch=2246 | stop=2296 | val_loss=0.0001 | acc=0.9750 | bal_acc=0.9750
[2026-04-08 20:04:08]     Train class counts: [32, 32, 32, 32]
[2026-04-08 20:04:08]     Val class counts:   [8, 8, 8, 8]
[2026-04-08 20:04:08]     Test class counts:  [10, 10, 10, 10]
[2026-04-08 20:04:08] Building model with input window duration: 4.1875 s
[2026-04-08 20:04:08] Pretrained weight loading:
[2026-04-08 20:04:08]   Downloaded keys:        179
[2026-04-08 20:04:08]   Filtered (transformer): 172
[2026-04-08 20:04:08]   Filtered (pos_encoder): 0
[2026-04-08 20:04:08]   Keys to load:           7
[2026-04-08 20:04:08]   Missing keys:           4
[2026-04-08 20:04:08]   Unexpected keys:        0
[2026-04-08 20:04:08]   Missing preview:        ['spatial_conv.1.weight', 'spatial_conv.1.bias', 'final_layer.1.weight', 'final_layer.1.bias']
[2026-04-08 20:04:08]   Unexpected preview:     []
[2026-04-08 20:04:22]   Fold 4/5 | best_epoch=555 | stop=605 | val_loss=0.0344 | acc=0.9750 | bal_acc=0.9750
[2026-04-08 20:04:22]     Train class counts: [32, 32, 32, 32]
[2026-04-08 20:04:22]     Val class counts:   [8, 8, 8, 8]
[2026-04-08 20:04:22]     Test class counts:  [10, 10, 10, 10]
[2026-04-08 20:04:22] Building model with input window duration: 4.1875 s
[2026-04-08 20:04:22] Pretrained weight loading:
[2026-04-08 20:04:22]   Downloaded keys:        179
[2026-04-08 20:04:22]   Filtered (transformer): 172
[2026-04-08 20:04:22]   Filtered (pos_encoder): 0
[2026-04-08 20:04:22]   Keys to load:           7
[2026-04-08 20:04:22]   Missing keys:           4
[2026-04-08 20:04:22]   Unexpected keys:        0
[2026-04-08 20:04:22]   Missing preview:        ['spatial_conv.1.weight', 'spatial_conv.1.bias', 'final_layer.1.weight', 'final_layer.1.bias']
[2026-04-08 20:04:22]   Unexpected preview:     []
[2026-04-08 20:04:35]   Fold 5/5 | best_epoch=512 | stop=562 | val_loss=0.0224 | acc=1.0000 | bal_acc=1.0000
[2026-04-08 20:04:35]   Subject 50 summary: acc=0.9900±0.0122  bal_acc=0.9900±0.0122

[2026-04-08 20:04:35] Subject 51: 200 windows | class_counts=[50, 50, 50, 50]
[2026-04-08 20:04:35]   Fold 1 class counts: train=[32, 32, 32, 32] val=[8, 8, 8, 8] test=[10, 10, 10, 10]
[2026-04-08 20:04:35]   Fold 2 class counts: train=[32, 32, 32, 32] val=[8, 8, 8, 8] test=[10, 10, 10, 10]
[2026-04-08 20:04:35]   Fold 3 class counts: train=[32, 32, 32, 32] val=[8, 8, 8, 8] test=[10, 10, 10, 10]
[2026-04-08 20:04:35]   Fold 4 class counts: train=[32, 32, 32, 32] val=[8, 8, 8, 8] test=[10, 10, 10, 10]
[2026-04-08 20:04:35]   Fold 5 class counts: train=[32, 32, 32, 32] val=[8, 8, 8, 8] test=[10, 10, 10, 10]
[2026-04-08 20:04:35]     Train class counts: [32, 32, 32, 32]
[2026-04-08 20:04:35]     Val class counts:   [8, 8, 8, 8]
[2026-04-08 20:04:35]     Test class counts:  [10, 10, 10, 10]
[2026-04-08 20:04:35] Building model with input window duration: 4.1875 s
[2026-04-08 20:04:35] Pretrained weight loading:
[2026-04-08 20:04:35]   Downloaded keys:        179
[2026-04-08 20:04:35]   Filtered (transformer): 172
[2026-04-08 20:04:35]   Filtered (pos_encoder): 0
[2026-04-08 20:04:35]   Keys to load:           7
[2026-04-08 20:04:35]   Missing keys:           4
[2026-04-08 20:04:35]   Unexpected keys:        0
[2026-04-08 20:04:35]   Missing preview:        ['spatial_conv.1.weight', 'spatial_conv.1.bias', 'final_layer.1.weight', 'final_layer.1.bias']
[2026-04-08 20:04:35]   Unexpected preview:     []
[2026-04-08 20:04:39]   Fold 1/5 | best_epoch=119 | stop=169 | val_loss=1.0965 | acc=0.6750 | bal_acc=0.6750
[2026-04-08 20:04:39]     Train class counts: [32, 32, 32, 32]
[2026-04-08 20:04:39]     Val class counts:   [8, 8, 8, 8]
[2026-04-08 20:04:39]     Test class counts:  [10, 10, 10, 10]
[2026-04-08 20:04:39] Building model with input window duration: 4.1875 s
[2026-04-08 20:04:39] Pretrained weight loading:
[2026-04-08 20:04:39]   Downloaded keys:        179
[2026-04-08 20:04:39]   Filtered (transformer): 172
[2026-04-08 20:04:39]   Filtered (pos_encoder): 0
[2026-04-08 20:04:39]   Keys to load:           7
[2026-04-08 20:04:39]   Missing keys:           4
[2026-04-08 20:04:39]   Unexpected keys:        0
[2026-04-08 20:04:39]   Missing preview:        ['spatial_conv.1.weight', 'spatial_conv.1.bias', 'final_layer.1.weight', 'final_layer.1.bias']
[2026-04-08 20:04:39]   Unexpected preview:     []
[2026-04-08 20:04:42]   Fold 2/5 | best_epoch=61 | stop=111 | val_loss=1.0266 | acc=0.6000 | bal_acc=0.6000
[2026-04-08 20:04:42]     Train class counts: [32, 32, 32, 32]
[2026-04-08 20:04:42]     Val class counts:   [8, 8, 8, 8]
[2026-04-08 20:04:42]     Test class counts:  [10, 10, 10, 10]
[2026-04-08 20:04:42] Building model with input window duration: 4.1875 s
[2026-04-08 20:04:42] Pretrained weight loading:
[2026-04-08 20:04:42]   Downloaded keys:        179
[2026-04-08 20:04:42]   Filtered (transformer): 172
[2026-04-08 20:04:42]   Filtered (pos_encoder): 0
[2026-04-08 20:04:42]   Keys to load:           7
[2026-04-08 20:04:42]   Missing keys:           4
[2026-04-08 20:04:42]   Unexpected keys:        0
[2026-04-08 20:04:42]   Missing preview:        ['spatial_conv.1.weight', 'spatial_conv.1.bias', 'final_layer.1.weight', 'final_layer.1.bias']
[2026-04-08 20:04:42]   Unexpected preview:     []
[2026-04-08 20:04:47]   Fold 3/5 | best_epoch=177 | stop=227 | val_loss=0.7491 | acc=0.6500 | bal_acc=0.6500
[2026-04-08 20:04:47]     Train class counts: [32, 32, 32, 32]
[2026-04-08 20:04:47]     Val class counts:   [8, 8, 8, 8]
[2026-04-08 20:04:47]     Test class counts:  [10, 10, 10, 10]
[2026-04-08 20:04:47] Building model with input window duration: 4.1875 s
[2026-04-08 20:04:47] Pretrained weight loading:
[2026-04-08 20:04:47]   Downloaded keys:        179
[2026-04-08 20:04:47]   Filtered (transformer): 172
[2026-04-08 20:04:47]   Filtered (pos_encoder): 0
[2026-04-08 20:04:47]   Keys to load:           7
[2026-04-08 20:04:47]   Missing keys:           4
[2026-04-08 20:04:47]   Unexpected keys:        0
[2026-04-08 20:04:47]   Missing preview:        ['spatial_conv.1.weight', 'spatial_conv.1.bias', 'final_layer.1.weight', 'final_layer.1.bias']
[2026-04-08 20:04:47]   Unexpected preview:     []
[2026-04-08 20:04:55]   Fold 4/5 | best_epoch=273 | stop=323 | val_loss=0.8211 | acc=0.6750 | bal_acc=0.6750
[2026-04-08 20:04:55]     Train class counts: [32, 32, 32, 32]
[2026-04-08 20:04:55]     Val class counts:   [8, 8, 8, 8]
[2026-04-08 20:04:55]     Test class counts:  [10, 10, 10, 10]
[2026-04-08 20:04:55] Building model with input window duration: 4.1875 s
[2026-04-08 20:04:55] Pretrained weight loading:
[2026-04-08 20:04:55]   Downloaded keys:        179
[2026-04-08 20:04:55]   Filtered (transformer): 172
[2026-04-08 20:04:55]   Filtered (pos_encoder): 0
[2026-04-08 20:04:55]   Keys to load:           7
[2026-04-08 20:04:55]   Missing keys:           4
[2026-04-08 20:04:55]   Unexpected keys:        0
[2026-04-08 20:04:55]   Missing preview:        ['spatial_conv.1.weight', 'spatial_conv.1.bias', 'final_layer.1.weight', 'final_layer.1.bias']
[2026-04-08 20:04:55]   Unexpected preview:     []
[2026-04-08 20:04:59]   Fold 5/5 | best_epoch=102 | stop=152 | val_loss=1.3033 | acc=0.4750 | bal_acc=0.4750
[2026-04-08 20:04:59]   Subject 51 summary: acc=0.6150±0.0752  bal_acc=0.6150±0.0752

[2026-04-08 20:04:59] Subject 52: 200 windows | class_counts=[50, 50, 50, 50]
[2026-04-08 20:04:59]   Fold 1 class counts: train=[32, 32, 32, 32] val=[8, 8, 8, 8] test=[10, 10, 10, 10]
[2026-04-08 20:04:59]   Fold 2 class counts: train=[32, 32, 32, 32] val=[8, 8, 8, 8] test=[10, 10, 10, 10]
[2026-04-08 20:04:59]   Fold 3 class counts: train=[32, 32, 32, 32] val=[8, 8, 8, 8] test=[10, 10, 10, 10]
[2026-04-08 20:04:59]   Fold 4 class counts: train=[32, 32, 32, 32] val=[8, 8, 8, 8] test=[10, 10, 10, 10]
[2026-04-08 20:04:59]   Fold 5 class counts: train=[32, 32, 32, 32] val=[8, 8, 8, 8] test=[10, 10, 10, 10]
[2026-04-08 20:04:59]     Train class counts: [32, 32, 32, 32]
[2026-04-08 20:04:59]     Val class counts:   [8, 8, 8, 8]
[2026-04-08 20:04:59]     Test class counts:  [10, 10, 10, 10]
[2026-04-08 20:04:59] Building model with input window duration: 4.1875 s
[2026-04-08 20:04:59] Pretrained weight loading:
[2026-04-08 20:04:59]   Downloaded keys:        179
[2026-04-08 20:04:59]   Filtered (transformer): 172
[2026-04-08 20:04:59]   Filtered (pos_encoder): 0
[2026-04-08 20:04:59]   Keys to load:           7
[2026-04-08 20:04:59]   Missing keys:           4
[2026-04-08 20:04:59]   Unexpected keys:        0
[2026-04-08 20:04:59]   Missing preview:        ['spatial_conv.1.weight', 'spatial_conv.1.bias', 'final_layer.1.weight', 'final_layer.1.bias']
[2026-04-08 20:04:59]   Unexpected preview:     []
[2026-04-08 20:05:13]   Fold 1/5 | best_epoch=550 | stop=600 | val_loss=0.0554 | acc=1.0000 | bal_acc=1.0000
[2026-04-08 20:05:13]     Train class counts: [32, 32, 32, 32]
[2026-04-08 20:05:13]     Val class counts:   [8, 8, 8, 8]
[2026-04-08 20:05:13]     Test class counts:  [10, 10, 10, 10]
[2026-04-08 20:05:13] Building model with input window duration: 4.1875 s
[2026-04-08 20:05:13] Pretrained weight loading:
[2026-04-08 20:05:13]   Downloaded keys:        179
[2026-04-08 20:05:13]   Filtered (transformer): 172
[2026-04-08 20:05:13]   Filtered (pos_encoder): 0
[2026-04-08 20:05:13]   Keys to load:           7
[2026-04-08 20:05:13]   Missing keys:           4
[2026-04-08 20:05:13]   Unexpected keys:        0
[2026-04-08 20:05:13]   Missing preview:        ['spatial_conv.1.weight', 'spatial_conv.1.bias', 'final_layer.1.weight', 'final_layer.1.bias']
[2026-04-08 20:05:13]   Unexpected preview:     []
[2026-04-08 20:05:29]   Fold 2/5 | best_epoch=638 | stop=688 | val_loss=0.0319 | acc=0.9500 | bal_acc=0.9500
[2026-04-08 20:05:29]     Train class counts: [32, 32, 32, 32]
[2026-04-08 20:05:29]     Val class counts:   [8, 8, 8, 8]
[2026-04-08 20:05:29]     Test class counts:  [10, 10, 10, 10]
[2026-04-08 20:05:29] Building model with input window duration: 4.1875 s
[2026-04-08 20:05:29] Pretrained weight loading:
[2026-04-08 20:05:29]   Downloaded keys:        179
[2026-04-08 20:05:29]   Filtered (transformer): 172
[2026-04-08 20:05:29]   Filtered (pos_encoder): 0
[2026-04-08 20:05:29]   Keys to load:           7
[2026-04-08 20:05:29]   Missing keys:           4
[2026-04-08 20:05:29]   Unexpected keys:        0
[2026-04-08 20:05:29]   Missing preview:        ['spatial_conv.1.weight', 'spatial_conv.1.bias', 'final_layer.1.weight', 'final_layer.1.bias']
[2026-04-08 20:05:29]   Unexpected preview:     []
[2026-04-08 20:05:40]   Fold 3/5 | best_epoch=454 | stop=504 | val_loss=0.0623 | acc=0.9750 | bal_acc=0.9750
[2026-04-08 20:05:40]     Train class counts: [32, 32, 32, 32]
[2026-04-08 20:05:40]     Val class counts:   [8, 8, 8, 8]
[2026-04-08 20:05:40]     Test class counts:  [10, 10, 10, 10]
[2026-04-08 20:05:40] Building model with input window duration: 4.1875 s
[2026-04-08 20:05:40] Pretrained weight loading:
[2026-04-08 20:05:40]   Downloaded keys:        179
[2026-04-08 20:05:40]   Filtered (transformer): 172
[2026-04-08 20:05:40]   Filtered (pos_encoder): 0
[2026-04-08 20:05:40]   Keys to load:           7
[2026-04-08 20:05:40]   Missing keys:           4
[2026-04-08 20:05:40]   Unexpected keys:        0
[2026-04-08 20:05:40]   Missing preview:        ['spatial_conv.1.weight', 'spatial_conv.1.bias', 'final_layer.1.weight', 'final_layer.1.bias']
[2026-04-08 20:05:40]   Unexpected preview:     []
[2026-04-08 20:05:47]   Fold 4/5 | best_epoch=210 | stop=260 | val_loss=0.1283 | acc=1.0000 | bal_acc=1.0000
[2026-04-08 20:05:47]     Train class counts: [32, 32, 32, 32]
[2026-04-08 20:05:47]     Val class counts:   [8, 8, 8, 8]
[2026-04-08 20:05:47]     Test class counts:  [10, 10, 10, 10]
[2026-04-08 20:05:47] Building model with input window duration: 4.1875 s
[2026-04-08 20:05:47] Pretrained weight loading:
[2026-04-08 20:05:47]   Downloaded keys:        179
[2026-04-08 20:05:47]   Filtered (transformer): 172
[2026-04-08 20:05:47]   Filtered (pos_encoder): 0
[2026-04-08 20:05:47]   Keys to load:           7
[2026-04-08 20:05:47]   Missing keys:           4
[2026-04-08 20:05:47]   Unexpected keys:        0
[2026-04-08 20:05:47]   Missing preview:        ['spatial_conv.1.weight', 'spatial_conv.1.bias', 'final_layer.1.weight', 'final_layer.1.bias']
[2026-04-08 20:05:47]   Unexpected preview:     []
[2026-04-08 20:06:05]   Fold 5/5 | best_epoch=744 | stop=794 | val_loss=0.0277 | acc=0.9750 | bal_acc=0.9750
[2026-04-08 20:06:05]   Subject 52 summary: acc=0.9800±0.0187  bal_acc=0.9800±0.0187

[2026-04-08 20:06:05] Subject 53: 200 windows | class_counts=[50, 50, 50, 50]
[2026-04-08 20:06:05]   Fold 1 class counts: train=[32, 32, 32, 32] val=[8, 8, 8, 8] test=[10, 10, 10, 10]
[2026-04-08 20:06:05]   Fold 2 class counts: train=[32, 32, 32, 32] val=[8, 8, 8, 8] test=[10, 10, 10, 10]
[2026-04-08 20:06:05]   Fold 3 class counts: train=[32, 32, 32, 32] val=[8, 8, 8, 8] test=[10, 10, 10, 10]
[2026-04-08 20:06:05]   Fold 4 class counts: train=[32, 32, 32, 32] val=[8, 8, 8, 8] test=[10, 10, 10, 10]
[2026-04-08 20:06:05]   Fold 5 class counts: train=[32, 32, 32, 32] val=[8, 8, 8, 8] test=[10, 10, 10, 10]
[2026-04-08 20:06:05]     Train class counts: [32, 32, 32, 32]
[2026-04-08 20:06:05]     Val class counts:   [8, 8, 8, 8]
[2026-04-08 20:06:05]     Test class counts:  [10, 10, 10, 10]
[2026-04-08 20:06:05] Building model with input window duration: 4.1875 s
[2026-04-08 20:06:05] Pretrained weight loading:
[2026-04-08 20:06:05]   Downloaded keys:        179
[2026-04-08 20:06:05]   Filtered (transformer): 172
[2026-04-08 20:06:05]   Filtered (pos_encoder): 0
[2026-04-08 20:06:05]   Keys to load:           7
[2026-04-08 20:06:05]   Missing keys:           4
[2026-04-08 20:06:05]   Unexpected keys:        0
[2026-04-08 20:06:05]   Missing preview:        ['spatial_conv.1.weight', 'spatial_conv.1.bias', 'final_layer.1.weight', 'final_layer.1.bias']
[2026-04-08 20:06:05]   Unexpected preview:     []
[2026-04-08 20:06:29]   Fold 1/5 | best_epoch=962 | stop=1012 | val_loss=0.0199 | acc=1.0000 | bal_acc=1.0000
[2026-04-08 20:06:29]     Train class counts: [32, 32, 32, 32]
[2026-04-08 20:06:29]     Val class counts:   [8, 8, 8, 8]
[2026-04-08 20:06:29]     Test class counts:  [10, 10, 10, 10]
[2026-04-08 20:06:29] Building model with input window duration: 4.1875 s
[2026-04-08 20:06:29] Pretrained weight loading:
[2026-04-08 20:06:29]   Downloaded keys:        179
[2026-04-08 20:06:29]   Filtered (transformer): 172
[2026-04-08 20:06:29]   Filtered (pos_encoder): 0
[2026-04-08 20:06:29]   Keys to load:           7
[2026-04-08 20:06:29]   Missing keys:           4
[2026-04-08 20:06:29]   Unexpected keys:        0
[2026-04-08 20:06:29]   Missing preview:        ['spatial_conv.1.weight', 'spatial_conv.1.bias', 'final_layer.1.weight', 'final_layer.1.bias']
[2026-04-08 20:06:29]   Unexpected preview:     []
[2026-04-08 20:07:08]   Fold 2/5 | best_epoch=1581 | stop=1631 | val_loss=0.0005 | acc=1.0000 | bal_acc=1.0000
[2026-04-08 20:07:08]     Train class counts: [32, 32, 32, 32]
[2026-04-08 20:07:08]     Val class counts:   [8, 8, 8, 8]
[2026-04-08 20:07:08]     Test class counts:  [10, 10, 10, 10]
[2026-04-08 20:07:08] Building model with input window duration: 4.1875 s
[2026-04-08 20:07:08] Pretrained weight loading:
[2026-04-08 20:07:08]   Downloaded keys:        179
[2026-04-08 20:07:08]   Filtered (transformer): 172
[2026-04-08 20:07:08]   Filtered (pos_encoder): 0
[2026-04-08 20:07:08]   Keys to load:           7
[2026-04-08 20:07:08]   Missing keys:           4
[2026-04-08 20:07:08]   Unexpected keys:        0
[2026-04-08 20:07:08]   Missing preview:        ['spatial_conv.1.weight', 'spatial_conv.1.bias', 'final_layer.1.weight', 'final_layer.1.bias']
[2026-04-08 20:07:08]   Unexpected preview:     []
[2026-04-08 20:08:11]   Fold 3/5 | best_epoch=2617 | stop=2667 | val_loss=0.0001 | acc=1.0000 | bal_acc=1.0000
[2026-04-08 20:08:11]     Train class counts: [32, 32, 32, 32]
[2026-04-08 20:08:11]     Val class counts:   [8, 8, 8, 8]
[2026-04-08 20:08:11]     Test class counts:  [10, 10, 10, 10]
[2026-04-08 20:08:11] Building model with input window duration: 4.1875 s
[2026-04-08 20:08:11] Pretrained weight loading:
[2026-04-08 20:08:11]   Downloaded keys:        179
[2026-04-08 20:08:11]   Filtered (transformer): 172
[2026-04-08 20:08:11]   Filtered (pos_encoder): 0
[2026-04-08 20:08:11]   Keys to load:           7
[2026-04-08 20:08:11]   Missing keys:           4
[2026-04-08 20:08:11]   Unexpected keys:        0
[2026-04-08 20:08:11]   Missing preview:        ['spatial_conv.1.weight', 'spatial_conv.1.bias', 'final_layer.1.weight', 'final_layer.1.bias']
[2026-04-08 20:08:11]   Unexpected preview:     []
[2026-04-08 20:08:54]   Fold 4/5 | best_epoch=1778 | stop=1828 | val_loss=0.0021 | acc=1.0000 | bal_acc=1.0000
[2026-04-08 20:08:54]     Train class counts: [32, 32, 32, 32]
[2026-04-08 20:08:54]     Val class counts:   [8, 8, 8, 8]
[2026-04-08 20:08:54]     Test class counts:  [10, 10, 10, 10]
[2026-04-08 20:08:54] Building model with input window duration: 4.1875 s
[2026-04-08 20:08:54] Pretrained weight loading:
[2026-04-08 20:08:54]   Downloaded keys:        179
[2026-04-08 20:08:54]   Filtered (transformer): 172
[2026-04-08 20:08:54]   Filtered (pos_encoder): 0
[2026-04-08 20:08:54]   Keys to load:           7
[2026-04-08 20:08:54]   Missing keys:           4
[2026-04-08 20:08:54]   Unexpected keys:        0
[2026-04-08 20:08:54]   Missing preview:        ['spatial_conv.1.weight', 'spatial_conv.1.bias', 'final_layer.1.weight', 'final_layer.1.bias']
[2026-04-08 20:08:54]   Unexpected preview:     []
[2026-04-08 20:09:54]   Fold 5/5 | best_epoch=2455 | stop=2505 | val_loss=0.0003 | acc=1.0000 | bal_acc=1.0000
[2026-04-08 20:09:54]   Subject 53 summary: acc=1.0000±0.0000  bal_acc=1.0000±0.0000

[2026-04-08 20:09:54] Subject 54: 200 windows | class_counts=[50, 50, 50, 50]
[2026-04-08 20:09:54]   Fold 1 class counts: train=[32, 32, 32, 32] val=[8, 8, 8, 8] test=[10, 10, 10, 10]
[2026-04-08 20:09:54]   Fold 2 class counts: train=[32, 32, 32, 32] val=[8, 8, 8, 8] test=[10, 10, 10, 10]
[2026-04-08 20:09:54]   Fold 3 class counts: train=[32, 32, 32, 32] val=[8, 8, 8, 8] test=[10, 10, 10, 10]
[2026-04-08 20:09:54]   Fold 4 class counts: train=[32, 32, 32, 32] val=[8, 8, 8, 8] test=[10, 10, 10, 10]
[2026-04-08 20:09:54]   Fold 5 class counts: train=[32, 32, 32, 32] val=[8, 8, 8, 8] test=[10, 10, 10, 10]
[2026-04-08 20:09:54]     Train class counts: [32, 32, 32, 32]
[2026-04-08 20:09:54]     Val class counts:   [8, 8, 8, 8]
[2026-04-08 20:09:54]     Test class counts:  [10, 10, 10, 10]
[2026-04-08 20:09:54] Building model with input window duration: 4.1875 s
[2026-04-08 20:09:54] Pretrained weight loading:
[2026-04-08 20:09:54]   Downloaded keys:        179
[2026-04-08 20:09:54]   Filtered (transformer): 172
[2026-04-08 20:09:54]   Filtered (pos_encoder): 0
[2026-04-08 20:09:54]   Keys to load:           7
[2026-04-08 20:09:54]   Missing keys:           4
[2026-04-08 20:09:54]   Unexpected keys:        0
[2026-04-08 20:09:54]   Missing preview:        ['spatial_conv.1.weight', 'spatial_conv.1.bias', 'final_layer.1.weight', 'final_layer.1.bias']
[2026-04-08 20:09:54]   Unexpected preview:     []
[2026-04-08 20:10:11]   Fold 1/5 | best_epoch=690 | stop=740 | val_loss=0.3700 | acc=0.8500 | bal_acc=0.8500
[2026-04-08 20:10:11]     Train class counts: [32, 32, 32, 32]
[2026-04-08 20:10:11]     Val class counts:   [8, 8, 8, 8]
[2026-04-08 20:10:11]     Test class counts:  [10, 10, 10, 10]
[2026-04-08 20:10:11] Building model with input window duration: 4.1875 s
[2026-04-08 20:10:11] Pretrained weight loading:
[2026-04-08 20:10:11]   Downloaded keys:        179
[2026-04-08 20:10:11]   Filtered (transformer): 172
[2026-04-08 20:10:11]   Filtered (pos_encoder): 0
[2026-04-08 20:10:11]   Keys to load:           7
[2026-04-08 20:10:11]   Missing keys:           4
[2026-04-08 20:10:11]   Unexpected keys:        0
[2026-04-08 20:10:11]   Missing preview:        ['spatial_conv.1.weight', 'spatial_conv.1.bias', 'final_layer.1.weight', 'final_layer.1.bias']
[2026-04-08 20:10:11]   Unexpected preview:     []
[2026-04-08 20:10:14]   Fold 2/5 | best_epoch=98 | stop=148 | val_loss=0.5626 | acc=0.8500 | bal_acc=0.8500
[2026-04-08 20:10:14]     Train class counts: [32, 32, 32, 32]
[2026-04-08 20:10:14]     Val class counts:   [8, 8, 8, 8]
[2026-04-08 20:10:14]     Test class counts:  [10, 10, 10, 10]
[2026-04-08 20:10:14] Building model with input window duration: 4.1875 s
[2026-04-08 20:10:15] Pretrained weight loading:
[2026-04-08 20:10:15]   Downloaded keys:        179
[2026-04-08 20:10:15]   Filtered (transformer): 172
[2026-04-08 20:10:15]   Filtered (pos_encoder): 0
[2026-04-08 20:10:15]   Keys to load:           7
[2026-04-08 20:10:15]   Missing keys:           4
[2026-04-08 20:10:15]   Unexpected keys:        0
[2026-04-08 20:10:15]   Missing preview:        ['spatial_conv.1.weight', 'spatial_conv.1.bias', 'final_layer.1.weight', 'final_layer.1.bias']
[2026-04-08 20:10:15]   Unexpected preview:     []
[2026-04-08 20:10:18]   Fold 3/5 | best_epoch=118 | stop=168 | val_loss=0.6356 | acc=0.8750 | bal_acc=0.8750
[2026-04-08 20:10:18]     Train class counts: [32, 32, 32, 32]
[2026-04-08 20:10:18]     Val class counts:   [8, 8, 8, 8]
[2026-04-08 20:10:18]     Test class counts:  [10, 10, 10, 10]
[2026-04-08 20:10:18] Building model with input window duration: 4.1875 s
[2026-04-08 20:10:18] Pretrained weight loading:
[2026-04-08 20:10:18]   Downloaded keys:        179
[2026-04-08 20:10:18]   Filtered (transformer): 172
[2026-04-08 20:10:18]   Filtered (pos_encoder): 0
[2026-04-08 20:10:18]   Keys to load:           7
[2026-04-08 20:10:18]   Missing keys:           4
[2026-04-08 20:10:18]   Unexpected keys:        0
[2026-04-08 20:10:18]   Missing preview:        ['spatial_conv.1.weight', 'spatial_conv.1.bias', 'final_layer.1.weight', 'final_layer.1.bias']
[2026-04-08 20:10:18]   Unexpected preview:     []
[2026-04-08 20:10:28]   Fold 4/5 | best_epoch=365 | stop=415 | val_loss=0.3804 | acc=0.8000 | bal_acc=0.8000
[2026-04-08 20:10:28]     Train class counts: [32, 32, 32, 32]
[2026-04-08 20:10:28]     Val class counts:   [8, 8, 8, 8]
[2026-04-08 20:10:28]     Test class counts:  [10, 10, 10, 10]
[2026-04-08 20:10:28] Building model with input window duration: 4.1875 s
[2026-04-08 20:10:28] Pretrained weight loading:
[2026-04-08 20:10:28]   Downloaded keys:        179
[2026-04-08 20:10:28]   Filtered (transformer): 172
[2026-04-08 20:10:28]   Filtered (pos_encoder): 0
[2026-04-08 20:10:28]   Keys to load:           7
[2026-04-08 20:10:28]   Missing keys:           4
[2026-04-08 20:10:28]   Unexpected keys:        0
[2026-04-08 20:10:28]   Missing preview:        ['spatial_conv.1.weight', 'spatial_conv.1.bias', 'final_layer.1.weight', 'final_layer.1.bias']
[2026-04-08 20:10:28]   Unexpected preview:     []
[2026-04-08 20:10:35]   Fold 5/5 | best_epoch=257 | stop=307 | val_loss=0.4710 | acc=0.8500 | bal_acc=0.8500
[2026-04-08 20:10:35]   Subject 54 summary: acc=0.8450±0.0245  bal_acc=0.8450±0.0245

[2026-04-08 20:10:35] Total folds completed: 35
[2026-04-08 20:10:35] ======================================================================
[2026-04-08 20:10:35] AGGREGATED RESULTS
[2026-04-08 20:10:35] ======================================================================
[2026-04-08 20:10:35]   Subject 48:  acc=0.9950±0.0100  bal_acc=0.9950±0.0100
[2026-04-08 20:10:35]   Subject 49:  acc=0.9800±0.0100  bal_acc=0.9800±0.0100
[2026-04-08 20:10:35]   Subject 50:  acc=0.9900±0.0122  bal_acc=0.9900±0.0122
[2026-04-08 20:10:35]   Subject 51:  acc=0.6150±0.0752  bal_acc=0.6150±0.0752
[2026-04-08 20:10:35]   Subject 52:  acc=0.9800±0.0187  bal_acc=0.9800±0.0187
[2026-04-08 20:10:35]   Subject 53:  acc=1.0000±0.0000  bal_acc=1.0000±0.0000
[2026-04-08 20:10:35]   Subject 54:  acc=0.8450±0.0245  bal_acc=0.8450±0.0245
[2026-04-08 20:10:35] ----------------------------------------------------------------------
[2026-04-08 20:10:35]   OVERALL:      acc=0.9150±0.1360  bal_acc=0.9150±0.1360
[2026-04-08 20:10:35] ======================================================================
[2026-04-08 20:10:35] CV results saved to:      /home/vegorov/Repos/eeg_jepa_research/artifacts/lee-2019-fine-tuning/SSVEP/20260408_1957_6fe9c54d/cv_results.json
[2026-04-08 20:10:35] Subject metrics saved to: /home/vegorov/Repos/eeg_jepa_research/artifacts/lee-2019-fine-tuning/SSVEP/20260408_1957_6fe9c54d/subject_metrics.json
[2026-04-08 20:10:35] Global metrics saved to:  /home/vegorov/Repos/eeg_jepa_research/artifacts/lee-2019-fine-tuning/SSVEP/20260408_1957_6fe9c54d/global_metrics.json
[2026-04-08 20:10:35] Run metadata saved to:    /home/vegorov/Repos/eeg_jepa_research/artifacts/lee-2019-fine-tuning/SSVEP/20260408_1957_6fe9c54d/run_metadata.json

[2026-04-08 20:10:35] All artifacts in: /home/vegorov/Repos/eeg_jepa_research/artifacts/lee-2019-fine-tuning/SSVEP/20260408_1957_6fe9c54d

[2026-04-08 20:10:35] ======================================================================
[2026-04-08 20:10:35] EXPERIMENT SUMMARY
[2026-04-08 20:10:35] ======================================================================
[2026-04-08 20:10:35] Run ID:    20260408_1957_6fe9c54d
[2026-04-08 20:10:35] Artifacts: /home/vegorov/Repos/eeg_jepa_research/artifacts/lee-2019-fine-tuning/SSVEP/20260408_1957_6fe9c54d

[2026-04-08 20:10:35] Configuration:
[2026-04-08 20:10:35]   Subjects:          [48, 49, 50, 51, 52, 53, 54]
[2026-04-08 20:10:35]   Bandpass:          0.5-40.0 Hz
[2026-04-08 20:10:35]   Resample:          128 Hz
[2026-04-08 20:10:35]   CV folds:          5
[2026-04-08 20:10:35]   Learning rate:     0.005
[2026-04-08 20:10:35]   Batch size:        16
[2026-04-08 20:10:35]   Max epochs:        5000

[2026-04-08 20:10:35] Results:
[2026-04-08 20:10:35]   Mean Accuracy:          0.9150 ± 0.1360
[2026-04-08 20:10:35]   Mean Balanced Accuracy: 0.9150 ± 0.1360
