[2026-04-01 10:13:47] Using device: cpu
[2026-04-01 10:13:47] Seed control enabled: True
[2026-04-01 10:13:47] Base seed: 4010
[2026-04-01 10:13:47] Seed initialized: 4010
[2026-04-01 10:13:47] ======================================================================
[2026-04-01 10:13:47] CONFIGURATION
[2026-04-01 10:13:47] ======================================================================
[2026-04-01 10:13:47]   artifact_dir: /home/vegorov/Repos/eeg_jepa_research/artifacts/lee-2019-fine-tuning
[2026-04-01 10:13:47]   bandpass_high: 45.0
[2026-04-01 10:13:47]   bandpass_low: 0.7
[2026-04-01 10:13:47]   batch_size: 16
[2026-04-01 10:13:47]   convert_to_uV: True
[2026-04-01 10:13:47]   cv_folds: 5
[2026-04-01 10:13:47]   device: auto
[2026-04-01 10:13:47]   early_stopping_patience: 50
[2026-04-01 10:13:47]   learning_rate: 0.001
[2026-04-01 10:13:47]   n_epochs: 5000
[2026-04-01 10:13:47]   normalization_method: None
[2026-04-01 10:13:47]   normalize: False
[2026-04-01 10:13:47]   paradigm: SSVEP
[2026-04-01 10:13:47]   pretrained_url: https://huggingface.co/braindecode/SignalJEPA/resolve/main/signal-jepa_16s-60_adeuwv4s.pth
[2026-04-01 10:13:47]   seed: 4010
[2026-04-01 10:13:47]   set_seed: True
[2026-04-01 10:13:47]   sfreq: 128
[2026-04-01 10:13:47]   subjects_to_use: [51]
[2026-04-01 10:13:47]   val_split: 0.2
[2026-04-01 10:13:47] ======================================================================
[2026-04-01 10:13:47] Config saved to: /home/vegorov/Repos/eeg_jepa_research/artifacts/lee-2019-fine-tuning/SSVEP/20260401_1013_46d1a905/config.json
[2026-04-01 10:13:47] Epoch window configuration:
[2026-04-01 10:13:47]   Target sfreq:                128 Hz
[2026-04-01 10:13:47]   Target duration:             4.190000 s
[2026-04-01 10:13:47]   Window samples (rounded):    536
[2026-04-01 10:13:47]   Base trial samples (4.0 s):  512
[2026-04-01 10:13:47]   Trial stop offset samples:   24
[2026-04-01 10:13:47]   Effective window duration:   4.187500 s
[2026-04-01 10:13:47] Using specified subjects from config: [51]
[2026-04-01 10:13:47] Selected subjects: [51]
[2026-04-01 10:13:47] Expected evaluation folds: 5

[2026-04-01 10:13:47] Building MOABBDataset for Lee2019_SSVEP...
[2026-04-01 10:13:56] MOABBDataset recordings loaded: 1
[2026-04-01 10:13:56] Discovered annotation descriptions (first recording): [np.str_('12.0'), np.str_('5.45'), np.str_('6.67'), np.str_('8.57')]
[2026-04-01 10:13:56] Dataset event_id mapping: {'12.0': 1, '8.57': 2, '6.67': 3, '5.45': 4}
[2026-04-01 10:13:56] Label map (event_code -> class_index): {1: 0, 2: 1, 3: 2, 4: 3}
[2026-04-01 10:13:56] Applying Braindecode preprocessors to MOABBDataset...
[2026-04-01 10:13:59] Preprocessing complete.

[2026-04-01 10:13:59] Post-preprocessing validation
[2026-04-01 10:13:59]   Recordings in DATASET: 1
[2026-04-01 10:13:59]   Unique subject IDs:    ['51']
[2026-04-01 10:13:59]   sfreq (first rec):     128.0 Hz
[2026-04-01 10:13:59]   EEG channel count:     62
[2026-04-01 10:13:59]   First 10 channels:     ['Fp1', 'Fp2', 'F7', 'F3', 'Fz', 'F4', 'F8', 'FC5', 'FC1', 'FC2']
[2026-04-01 10:13:59] Channel consistency summary:
[2026-04-01 10:13:59]   Checked runs: 1
[2026-04-01 10:13:59]   Unique channel counts: [62]
[2026-04-01 10:13:59]   Channel order consistent: True
[2026-04-01 10:13:59] Validated EEG channels: 62
[2026-04-01 10:13:59] First 10 EEG channels: ['Fp1', 'Fp2', 'F7', 'F3', 'Fz', 'F4', 'F8', 'FC5', 'FC1', 'FC2']
[2026-04-01 10:13:59] raw mean_abs=7.400004e+00
[2026-04-01 10:13:59] raw std=3.099959e+01
[2026-04-01 10:13:59] raw first5 channel std= [35.72764286 43.91281944 13.69423396 11.67116657  9.95994957]
[2026-04-01 10:13:59] Requested window samples: 536
[2026-04-01 10:13:59] Base trial samples:       512
[2026-04-01 10:13:59] Stop offset samples:      24
[2026-04-01 10:13:59] Global class counts: [25, 25, 25, 25]
[2026-04-01 10:13:59] Chance level (4-class): 0.25
[2026-04-01 10:13:59] One window shape: (62, 536)
[2026-04-01 10:13:59] One window label: 1
[2026-04-01 10:13:59] Window sample length expected=536, got=536
[2026-04-01 10:13:59] Subjects in window split: [51]
[2026-04-01 10:13:59] Summarizing per-subject windows...
[2026-04-01 10:13:59]   Subject 51: n_windows=100, window_shape=(62, 536), class_counts=[25, 25, 25, 25]
[2026-04-01 10:13:59]    subject_id  n_windows  n_channels  n_times      class_counts
0          51        100          62      536  [25, 25, 25, 25]
[2026-04-01 10:13:59] Window validation summary:
[2026-04-01 10:13:59]   Subject 51: n_windows=100 class_counts=[25, 25, 25, 25]

[2026-04-01 10:13:59] Validated sampling rate target: 128 Hz
[2026-04-01 10:13:59] Validated window sample count:   536
[2026-04-01 10:13:59] Validated window duration:       4.1875 s
[2026-04-01 10:13:59] Validated channel count:         62
[2026-04-01 10:13:59] Total windows retained:          100
[2026-04-01 10:13:59] Preprocessing sanity checks:
[2026-04-01 10:13:59]   One sample label: 1
[2026-04-01 10:13:59]   One sample shape: (62, 536)
[2026-04-01 10:13:59]   Mean(abs(signal)): 3.934170e+00
[2026-04-01 10:13:59]   Mean(signal):      0.000000e+00
[2026-04-01 10:13:59]   Std(signal):       5.628318e+00
[2026-04-01 10:13:59] Building model with input window duration: 4.1875 s
[2026-04-01 10:13:59] SignalJEPA_PreLocal instantiated successfully.
[2026-04-01 10:13:59]   Total parameters:     18,192
[2026-04-01 10:13:59]   Trainable parameters: 18,192
[2026-04-01 10:13:59] ======================================================================================================================================================
Layer (type (var_name):depth-idx)                  Input Shape               Output Shape              Param #                   Kernel Shape
======================================================================================================================================================
SignalJEPA_PreLocal (SignalJEPA_PreLocal)          [1, 62, 536]              [1, 4]                    --                        --
├─Sequential (spatial_conv): 1-1                   [1, 62, 536]              [1, 4, 536]               --                        --
│    └─Rearrange (0): 2-1                          [1, 62, 536]              [1, 1, 62, 536]           --                        --
│    └─Conv2d (1): 2-2                             [1, 1, 62, 536]           [1, 4, 1, 536]            252                       [62, 1]
│    └─Rearrange (2): 2-3                          [1, 4, 1, 536]            [1, 4, 536]               --                        --
├─_ConvFeatureEncoder (feature_encoder): 1-2       [1, 4, 536]               [1, 16, 64]               --                        --
│    └─Rearrange (0): 2-4                          [1, 4, 536]               [4, 1, 536]               --                        --
│    └─Sequential (1): 2-5                         [4, 1, 536]               [4, 8, 64]                --                        --
│    │    └─Conv1d (0): 3-1                        [4, 1, 536]               [4, 8, 64]                256                       [32]
│    │    └─Dropout (1): 3-2                       [4, 8, 64]                [4, 8, 64]                --                        --
│    │    └─GroupNorm (2): 3-3                     [4, 8, 64]                [4, 8, 64]                16                        --
│    │    └─GELU (3): 3-4                          [4, 8, 64]                [4, 8, 64]                --                        --
│    └─Sequential (2): 2-6                         [4, 8, 64]                [4, 16, 32]               --                        --
│    │    └─Conv1d (0): 3-5                        [4, 8, 64]                [4, 16, 32]               256                       [2]
│    │    └─Dropout (1): 3-6                       [4, 16, 32]               [4, 16, 32]               --                        --
│    │    └─GELU (2): 3-7                          [4, 16, 32]               [4, 16, 32]               --                        --
│    └─Sequential (3): 2-7                         [4, 16, 32]               [4, 32, 16]               --                        --
│    │    └─Conv1d (0): 3-8                        [4, 16, 32]               [4, 32, 16]               1,024                     [2]
│    │    └─Dropout (1): 3-9                       [4, 32, 16]               [4, 32, 16]               --                        --
│    │    └─GELU (2): 3-10                         [4, 32, 16]               [4, 32, 16]               --                        --
│    └─Sequential (4): 2-8                         [4, 32, 16]               [4, 64, 8]                --                        --
│    │    └─Conv1d (0): 3-11                       [4, 32, 16]               [4, 64, 8]                4,096                     [2]
│    │    └─Dropout (1): 3-12                      [4, 64, 8]                [4, 64, 8]                --                        --
│    │    └─GELU (2): 3-13                         [4, 64, 8]                [4, 64, 8]                --                        --
│    └─Sequential (5): 2-9                         [4, 64, 8]                [4, 64, 4]                --                        --
│    │    └─Conv1d (0): 3-14                       [4, 64, 8]                [4, 64, 4]                8,192                     [2]
│    │    └─Dropout (1): 3-15                      [4, 64, 4]                [4, 64, 4]                --                        --
│    │    └─GELU (2): 3-16                         [4, 64, 4]                [4, 64, 4]                --                        --
│    └─Rearrange (6): 2-10                         [4, 64, 4]                [1, 16, 64]               --                        --
├─Sequential (final_layer): 1-3                    [1, 16, 64]               [1, 4]                    --                        --
│    └─Flatten (0): 2-11                           [1, 16, 64]               [1, 1024]                 --                        --
│    └─Linear (1): 2-12                            [1, 1024]                 [1, 4]                    4,100                     --
======================================================================================================================================================
Total params: 18,192
Trainable params: 18,192
Non-trainable params: 0
Total mult-adds (Units.MEGABYTES): 0.57
======================================================================================================================================================
Input size (MB): 0.13
Forward/backward pass size (MB): 0.11
Params size (MB): 0.07
Estimated Total Size (MB): 0.31
======================================================================================================================================================
[2026-04-01 10:13:59] Initializing from 16s-60 pretrained checkpoint (Hugging Face):
[2026-04-01 10:13:59]   https://huggingface.co/braindecode/SignalJEPA/resolve/main/signal-jepa_16s-60_adeuwv4s.pth
[2026-04-01 10:13:59]   Downloaded 179 keys
[2026-04-01 10:13:59] ======================================================================
[2026-04-01 10:13:59] STARTING CROSS-VALIDATION
[2026-04-01 10:13:59] ======================================================================
[2026-04-01 10:13:59] Subjects:      [51]
[2026-04-01 10:13:59] CV folds:      5
[2026-04-01 10:13:59] Batch size:    16
[2026-04-01 10:13:59] Max epochs:    5000
[2026-04-01 10:13:59] Device:        cpu
[2026-04-01 10:13:59] Seed control:  True
[2026-04-01 10:13:59] Base seed:     4010
[2026-04-01 10:13:59] ======================================================================

[2026-04-01 10:13:59] Subject 51: 100 windows class_counts=[25, 25, 25, 25]
[2026-04-01 10:13:59]   Fold 1 split seed: 4011
[2026-04-01 10:13:59]   Fold 1 split class counts:
[2026-04-01 10:13:59]     train=[16, 16, 16, 16] val=[4, 4, 4, 4] test=[5, 5, 5, 5]
[2026-04-01 10:13:59]   Fold 2 split seed: 4012
[2026-04-01 10:13:59]   Fold 2 split class counts:
[2026-04-01 10:13:59]     train=[16, 16, 16, 16] val=[4, 4, 4, 4] test=[5, 5, 5, 5]
[2026-04-01 10:13:59]   Fold 3 split seed: 4013
[2026-04-01 10:13:59]   Fold 3 split class counts:
[2026-04-01 10:13:59]     train=[16, 16, 16, 16] val=[4, 4, 4, 4] test=[5, 5, 5, 5]
[2026-04-01 10:13:59]   Fold 4 split seed: 4014
[2026-04-01 10:13:59]   Fold 4 split class counts:
[2026-04-01 10:13:59]     train=[16, 16, 16, 16] val=[4, 4, 4, 4] test=[5, 5, 5, 5]
[2026-04-01 10:13:59]   Fold 5 split seed: 4015
[2026-04-01 10:13:59]   Fold 5 split class counts:
[2026-04-01 10:13:59]     train=[16, 16, 16, 16] val=[4, 4, 4, 4] test=[5, 5, 5, 5]
[2026-04-01 10:13:59]   Subject 51 Fold 1 seed: 9111
[2026-04-01 10:13:59]   Subject 51 Fold 1: n_train=64 n_val=16 n_test=20
[2026-04-01 10:13:59]     Train class counts: [16, 16, 16, 16]
[2026-04-01 10:13:59]     Val class counts:   [4, 4, 4, 4]
[2026-04-01 10:13:59]     Test class counts:  [5, 5, 5, 5]
[2026-04-01 10:13:59] Building model with input window duration: 4.1875 s
[2026-04-01 10:13:59] Pretrained weight loading:
[2026-04-01 10:13:59]   Downloaded keys:        179
[2026-04-01 10:13:59]   Filtered (transformer): 172
[2026-04-01 10:13:59]   Filtered (pos_encoder): 0
[2026-04-01 10:13:59]   Keys to load:           7
[2026-04-01 10:13:59]   Missing keys:           4
[2026-04-01 10:13:59]   Unexpected keys:        0
[2026-04-01 10:13:59]   Missing preview:        ['spatial_conv.1.weight', 'spatial_conv.1.bias', 'final_layer.1.weight', 'final_layer.1.bias']
[2026-04-01 10:13:59]   Unexpected preview:     []
[2026-04-01 10:13:59] Encoder freeze configuration:
[2026-04-01 10:13:59]   Total parameters:        18,192
[2026-04-01 10:13:59]   Trainable parameters:    4,352
[2026-04-01 10:13:59]   Training percentage:     23.9%
[2026-04-01 10:13:59]   Trainable layers: 4
[2026-04-01 10:13:59]     - final_layer.1.bias
[2026-04-01 10:13:59]     - final_layer.1.weight
[2026-04-01 10:13:59]     - spatial_conv.1.bias
[2026-04-01 10:13:59]     - spatial_conv.1.weight
[2026-04-01 10:13:59]     Train generator seeded: True
[2026-04-01 10:14:01]     Stopped epoch:            101
[2026-04-01 10:14:01]     Best epoch (valid_loss):  51
[2026-04-01 10:14:01]     Best valid_loss:          1.371300220489502
[2026-04-01 10:14:01]     Test accuracy (primary):  0.2500
[2026-04-01 10:14:01]     Test balanced acc:        0.2500
[2026-04-01 10:14:01]     Confusion matrix:         [[2, 1, 0, 2], [2, 0, 2, 1], [3, 0, 0, 2], [1, 1, 0, 3]]
[2026-04-01 10:14:01]     Prediction histogram:     [8, 2, 2, 8]
[2026-04-01 10:14:01]     fold_acc=0.2500 fold_bal_acc=0.2500 cm=[[2, 1, 0, 2], [2, 0, 2, 1], [3, 0, 0, 2], [1, 1, 0, 3]]
[2026-04-01 10:14:01]   Subject 51 Fold 2 seed: 9112
[2026-04-01 10:14:01]   Subject 51 Fold 2: n_train=64 n_val=16 n_test=20
[2026-04-01 10:14:01]     Train class counts: [16, 16, 16, 16]
[2026-04-01 10:14:01]     Val class counts:   [4, 4, 4, 4]
[2026-04-01 10:14:01]     Test class counts:  [5, 5, 5, 5]
[2026-04-01 10:14:01] Building model with input window duration: 4.1875 s
[2026-04-01 10:14:01] Pretrained weight loading:
[2026-04-01 10:14:01]   Downloaded keys:        179
[2026-04-01 10:14:01]   Filtered (transformer): 172
[2026-04-01 10:14:01]   Filtered (pos_encoder): 0
[2026-04-01 10:14:01]   Keys to load:           7
[2026-04-01 10:14:01]   Missing keys:           4
[2026-04-01 10:14:01]   Unexpected keys:        0
[2026-04-01 10:14:01]   Missing preview:        ['spatial_conv.1.weight', 'spatial_conv.1.bias', 'final_layer.1.weight', 'final_layer.1.bias']
[2026-04-01 10:14:01]   Unexpected preview:     []
[2026-04-01 10:14:01] Encoder freeze configuration:
[2026-04-01 10:14:01]   Total parameters:        18,192
[2026-04-01 10:14:01]   Trainable parameters:    4,352
[2026-04-01 10:14:01]   Training percentage:     23.9%
[2026-04-01 10:14:01]   Trainable layers: 4
[2026-04-01 10:14:01]     - final_layer.1.bias
[2026-04-01 10:14:01]     - final_layer.1.weight
[2026-04-01 10:14:01]     - spatial_conv.1.bias
[2026-04-01 10:14:01]     - spatial_conv.1.weight
[2026-04-01 10:14:01]     Train generator seeded: True
[2026-04-01 10:14:01]     Stopped epoch:            56
[2026-04-01 10:14:01]     Best epoch (valid_loss):  9
[2026-04-01 10:14:01]     Best valid_loss:          1.3868436813354492
[2026-04-01 10:14:01]     Test accuracy (primary):  0.2000
[2026-04-01 10:14:01]     Test balanced acc:        0.2000
[2026-04-01 10:14:01]     Confusion matrix:         [[1, 1, 3, 0], [3, 0, 2, 0], [1, 1, 3, 0], [1, 0, 4, 0]]
[2026-04-01 10:14:01]     Prediction histogram:     [6, 2, 12, 0]
[2026-04-01 10:14:01]     fold_acc=0.2000 fold_bal_acc=0.2000 cm=[[1, 1, 3, 0], [3, 0, 2, 0], [1, 1, 3, 0], [1, 0, 4, 0]]
[2026-04-01 10:14:01]   Subject 51 Fold 3 seed: 9113
[2026-04-01 10:14:01]   Subject 51 Fold 3: n_train=64 n_val=16 n_test=20
[2026-04-01 10:14:01]     Train class counts: [16, 16, 16, 16]
[2026-04-01 10:14:01]     Val class counts:   [4, 4, 4, 4]
[2026-04-01 10:14:01]     Test class counts:  [5, 5, 5, 5]
[2026-04-01 10:14:01] Building model with input window duration: 4.1875 s
[2026-04-01 10:14:01] Pretrained weight loading:
[2026-04-01 10:14:01]   Downloaded keys:        179
[2026-04-01 10:14:01]   Filtered (transformer): 172
[2026-04-01 10:14:01]   Filtered (pos_encoder): 0
[2026-04-01 10:14:01]   Keys to load:           7
[2026-04-01 10:14:01]   Missing keys:           4
[2026-04-01 10:14:01]   Unexpected keys:        0
[2026-04-01 10:14:01]   Missing preview:        ['spatial_conv.1.weight', 'spatial_conv.1.bias', 'final_layer.1.weight', 'final_layer.1.bias']
[2026-04-01 10:14:01]   Unexpected preview:     []
[2026-04-01 10:14:01] Encoder freeze configuration:
[2026-04-01 10:14:01]   Total parameters:        18,192
[2026-04-01 10:14:01]   Trainable parameters:    4,352
[2026-04-01 10:14:01]   Training percentage:     23.9%
[2026-04-01 10:14:01]   Trainable layers: 4
[2026-04-01 10:14:01]     - final_layer.1.bias
[2026-04-01 10:14:01]     - final_layer.1.weight
[2026-04-01 10:14:01]     - spatial_conv.1.bias
[2026-04-01 10:14:01]     - spatial_conv.1.weight
[2026-04-01 10:14:01]     Train generator seeded: True
[2026-04-01 10:14:11]     Stopped epoch:            820
[2026-04-01 10:14:11]     Best epoch (valid_loss):  770
[2026-04-01 10:14:11]     Best valid_loss:          1.1039443016052246
[2026-04-01 10:14:11]     Test accuracy (primary):  0.3500
[2026-04-01 10:14:11]     Test balanced acc:        0.3500
[2026-04-01 10:14:11]     Confusion matrix:         [[1, 1, 2, 1], [2, 2, 0, 1], [2, 0, 2, 1], [0, 3, 0, 2]]
[2026-04-01 10:14:11]     Prediction histogram:     [5, 6, 4, 5]
[2026-04-01 10:14:11]     fold_acc=0.3500 fold_bal_acc=0.3500 cm=[[1, 1, 2, 1], [2, 2, 0, 1], [2, 0, 2, 1], [0, 3, 0, 2]]
[2026-04-01 10:14:11]   Subject 51 Fold 4 seed: 9114
[2026-04-01 10:14:11]   Subject 51 Fold 4: n_train=64 n_val=16 n_test=20
[2026-04-01 10:14:11]     Train class counts: [16, 16, 16, 16]
[2026-04-01 10:14:11]     Val class counts:   [4, 4, 4, 4]
[2026-04-01 10:14:11]     Test class counts:  [5, 5, 5, 5]
[2026-04-01 10:14:11] Building model with input window duration: 4.1875 s
[2026-04-01 10:14:11] Pretrained weight loading:
[2026-04-01 10:14:11]   Downloaded keys:        179
[2026-04-01 10:14:11]   Filtered (transformer): 172
[2026-04-01 10:14:11]   Filtered (pos_encoder): 0
[2026-04-01 10:14:11]   Keys to load:           7
[2026-04-01 10:14:11]   Missing keys:           4
[2026-04-01 10:14:11]   Unexpected keys:        0
[2026-04-01 10:14:11]   Missing preview:        ['spatial_conv.1.weight', 'spatial_conv.1.bias', 'final_layer.1.weight', 'final_layer.1.bias']
[2026-04-01 10:14:11]   Unexpected preview:     []
[2026-04-01 10:14:11] Encoder freeze configuration:
[2026-04-01 10:14:11]   Total parameters:        18,192
[2026-04-01 10:14:11]   Trainable parameters:    4,352
[2026-04-01 10:14:11]   Training percentage:     23.9%
[2026-04-01 10:14:11]   Trainable layers: 4
[2026-04-01 10:14:11]     - final_layer.1.bias
[2026-04-01 10:14:11]     - final_layer.1.weight
[2026-04-01 10:14:11]     - spatial_conv.1.bias
[2026-04-01 10:14:11]     - spatial_conv.1.weight
[2026-04-01 10:14:11]     Train generator seeded: True
[2026-04-01 10:14:17]     Stopped epoch:            506
[2026-04-01 10:14:17]     Best epoch (valid_loss):  503
[2026-04-01 10:14:17]     Best valid_loss:          1.243095874786377
[2026-04-01 10:14:17]     Test accuracy (primary):  0.6000
[2026-04-01 10:14:17]     Test balanced acc:        0.6000
[2026-04-01 10:14:17]     Confusion matrix:         [[3, 0, 2, 0], [1, 4, 0, 0], [0, 2, 3, 0], [0, 1, 2, 2]]
[2026-04-01 10:14:17]     Prediction histogram:     [4, 7, 7, 2]
[2026-04-01 10:14:17]     fold_acc=0.6000 fold_bal_acc=0.6000 cm=[[3, 0, 2, 0], [1, 4, 0, 0], [0, 2, 3, 0], [0, 1, 2, 2]]
[2026-04-01 10:14:17]   Subject 51 Fold 5 seed: 9115
[2026-04-01 10:14:17]   Subject 51 Fold 5: n_train=64 n_val=16 n_test=20
[2026-04-01 10:14:17]     Train class counts: [16, 16, 16, 16]
[2026-04-01 10:14:17]     Val class counts:   [4, 4, 4, 4]
[2026-04-01 10:14:17]     Test class counts:  [5, 5, 5, 5]
[2026-04-01 10:14:17] Building model with input window duration: 4.1875 s
[2026-04-01 10:14:17] Pretrained weight loading:
[2026-04-01 10:14:17]   Downloaded keys:        179
[2026-04-01 10:14:17]   Filtered (transformer): 172
[2026-04-01 10:14:17]   Filtered (pos_encoder): 0
[2026-04-01 10:14:17]   Keys to load:           7
[2026-04-01 10:14:17]   Missing keys:           4
[2026-04-01 10:14:17]   Unexpected keys:        0
[2026-04-01 10:14:17]   Missing preview:        ['spatial_conv.1.weight', 'spatial_conv.1.bias', 'final_layer.1.weight', 'final_layer.1.bias']
[2026-04-01 10:14:17]   Unexpected preview:     []
[2026-04-01 10:14:17] Encoder freeze configuration:
[2026-04-01 10:14:17]   Total parameters:        18,192
[2026-04-01 10:14:17]   Trainable parameters:    4,352
[2026-04-01 10:14:17]   Training percentage:     23.9%
[2026-04-01 10:14:17]   Trainable layers: 4
[2026-04-01 10:14:17]     - final_layer.1.bias
[2026-04-01 10:14:17]     - final_layer.1.weight
[2026-04-01 10:14:17]     - spatial_conv.1.bias
[2026-04-01 10:14:17]     - spatial_conv.1.weight
[2026-04-01 10:14:17]     Train generator seeded: True
[2026-04-01 10:14:20]     Stopped epoch:            204
[2026-04-01 10:14:20]     Best epoch (valid_loss):  154
[2026-04-01 10:14:20]     Best valid_loss:          1.270325779914856
[2026-04-01 10:14:20]     Test accuracy (primary):  0.2500
[2026-04-01 10:14:20]     Test balanced acc:        0.2500
[2026-04-01 10:14:20]     Confusion matrix:         [[2, 2, 0, 1], [2, 0, 1, 2], [3, 0, 0, 2], [0, 0, 2, 3]]
[2026-04-01 10:14:20]     Prediction histogram:     [7, 2, 3, 8]
[2026-04-01 10:14:20]     fold_acc=0.2500 fold_bal_acc=0.2500 cm=[[2, 2, 0, 1], [2, 0, 1, 2], [3, 0, 0, 2], [0, 0, 2, 3]]
[2026-04-01 10:14:20]   Subject 51 mean accuracy: 0.3300

[2026-04-01 10:14:20] Total folds completed: 5
[2026-04-01 10:14:20] ======================================================================
[2026-04-01 10:14:20] AGGREGATED RESULTS
[2026-04-01 10:14:20] ======================================================================
[2026-04-01 10:14:20]   Subject 51:  acc=0.3300±0.1435  bal_acc=0.3300±0.1435
[2026-04-01 10:14:20] ----------------------------------------------------------------------
[2026-04-01 10:14:20]   OVERALL:      acc=0.3300±0.1435  bal_acc=0.3300±0.1435
[2026-04-01 10:14:20] ======================================================================
[2026-04-01 10:14:20] CV results saved to:      /home/vegorov/Repos/eeg_jepa_research/artifacts/lee-2019-fine-tuning/SSVEP/20260401_1013_46d1a905/cv_results.json
[2026-04-01 10:14:20] Subject metrics saved to: /home/vegorov/Repos/eeg_jepa_research/artifacts/lee-2019-fine-tuning/SSVEP/20260401_1013_46d1a905/subject_metrics.json
[2026-04-01 10:14:20] Global metrics saved to:  /home/vegorov/Repos/eeg_jepa_research/artifacts/lee-2019-fine-tuning/SSVEP/20260401_1013_46d1a905/global_metrics.json
[2026-04-01 10:14:20] Run metadata saved to:    /home/vegorov/Repos/eeg_jepa_research/artifacts/lee-2019-fine-tuning/SSVEP/20260401_1013_46d1a905/run_metadata.json

[2026-04-01 10:14:20] All artifacts in: /home/vegorov/Repos/eeg_jepa_research/artifacts/lee-2019-fine-tuning/SSVEP/20260401_1013_46d1a905

[2026-04-01 10:14:20] ======================================================================
[2026-04-01 10:14:20] EXPERIMENT SUMMARY
[2026-04-01 10:14:20] ======================================================================
[2026-04-01 10:14:20] Run ID:    20260401_1013_46d1a905
[2026-04-01 10:14:20] Artifacts: /home/vegorov/Repos/eeg_jepa_research/artifacts/lee-2019-fine-tuning/SSVEP/20260401_1013_46d1a905

[2026-04-01 10:14:20] Configuration:
[2026-04-01 10:14:20]   Subjects:          [51]
[2026-04-01 10:14:20]   Bandpass:          0.7-45.0 Hz
[2026-04-01 10:14:20]   Resample:          128 Hz
[2026-04-01 10:14:20]   CV folds:          5
[2026-04-01 10:14:20]   Learning rate:     0.001
[2026-04-01 10:14:20]   Batch size:        16
[2026-04-01 10:14:20]   Max epochs:        5000

[2026-04-01 10:14:20] Results:
[2026-04-01 10:14:20]   Mean Accuracy:          0.3300 ± 0.1435
[2026-04-01 10:14:20]   Mean Balanced Accuracy: 0.3300 ± 0.1435
