[2026-04-08 18:35:49] Using device: cpu
[2026-04-08 18:35:49] Seed control enabled: True
[2026-04-08 18:35:49] Base seed: 5
[2026-04-08 18:35:49] Seed initialized: 5
[2026-04-08 18:35:49] ======================================================================
[2026-04-08 18:35:49] CONFIGURATION
[2026-04-08 18:35:49] ======================================================================
[2026-04-08 18:35:49]   artifact_dir: /home/vegorov/Repos/eeg_jepa_research/artifacts/lee-2019-fine-tuning
[2026-04-08 18:35:49]   bandpass_high: 40.0
[2026-04-08 18:35:49]   bandpass_low: 0.5
[2026-04-08 18:35:49]   batch_size: 32
[2026-04-08 18:35:49]   convert_to_uV: True
[2026-04-08 18:35:49]   criterion: None
[2026-04-08 18:35:49]   cv_folds: 5
[2026-04-08 18:35:49]   device: auto
[2026-04-08 18:35:49]   early_stopping_patience: 50
[2026-04-08 18:35:49]   learning_rate: 0.05
[2026-04-08 18:35:49]   n_epochs: 5000
[2026-04-08 18:35:49]   normalization_method: None
[2026-04-08 18:35:49]   normalize: False
[2026-04-08 18:35:49]   optimizer: Adam
[2026-04-08 18:35:49]   paradigm: SSVEP
[2026-04-08 18:35:49]   pretrained_url: https://huggingface.co/braindecode/SignalJEPA/resolve/main/signal-jepa_16s-60_adeuwv4s.pth
[2026-04-08 18:35:49]   seed: 5
[2026-04-08 18:35:49]   set_eeg_reference: True
[2026-04-08 18:35:49]   set_seed: True
[2026-04-08 18:35:49]   sfreq: 128
[2026-04-08 18:35:49]   subjects_to_use: None
[2026-04-08 18:35:49]   val_split: 0.2
[2026-04-08 18:35:49] ======================================================================
[2026-04-08 18:35:49] Config saved to: /home/vegorov/Repos/eeg_jepa_research/artifacts/lee-2019-fine-tuning/SSVEP/20260408_1835_c7a68041/config.json
[2026-04-08 18:35:49] Epoch window configuration:
[2026-04-08 18:35:49]   Target sfreq:                128 Hz
[2026-04-08 18:35:49]   Target duration:             4.190000 s
[2026-04-08 18:35:49]   Window samples (rounded):    536
[2026-04-08 18:35:49]   Base trial samples (4.0 s):  512
[2026-04-08 18:35:49]   Trial stop offset samples:   24
[2026-04-08 18:35:49]   Effective window duration:   4.187500 s
[2026-04-08 18:35:49] Dataset code: Lee2019-SSVEP
[2026-04-08 18:35:49] Subjects Total: 54
[2026-04-08 18:35:49] Events: {'12.0': 1, '8.57': 2, '6.67': 3, '5.45': 4}
[2026-04-08 18:35:49] Interval: [0.0, 4.0]
[2026-04-08 18:35:49] Paradigm: ssvep
[2026-04-08 18:35:49] Selected subjects: [48, 49, 50, 51, 52, 53, 54]
[2026-04-08 18:35:49] Expected evaluation folds: 35

[2026-04-08 18:35:49] Building MOABBDataset for Lee2019_SSVEP...
[2026-04-08 18:36:53] MOABBDataset recordings loaded: 14
[2026-04-08 18:36:53] Discovered annotation descriptions (first recording): [np.str_('12.0'), np.str_('5.45'), np.str_('6.67'), np.str_('8.57')]
[2026-04-08 18:36:53] Dataset event_id mapping: {'12.0': 1, '8.57': 2, '6.67': 3, '5.45': 4}
[2026-04-08 18:36:53] Label map (event_code -> class_index): {1: 0, 2: 1, 3: 2, 4: 3}
[2026-04-08 18:36:53] Applying Braindecode preprocessors to MOABBDataset...
[2026-04-08 18:37:35] Preprocessing complete.

[2026-04-08 18:37:35] Post-preprocessing validation
[2026-04-08 18:37:35]   Recordings in DATASET: 14
[2026-04-08 18:37:35]   Unique subject IDs:    ['48', '49', '50', '51', '52', '53', '54']
[2026-04-08 18:37:35]   sfreq (first rec):     128.0 Hz
[2026-04-08 18:37:35]   EEG channel count:     62
[2026-04-08 18:37:35]   First 10 channels:     ['Fp1', 'Fp2', 'F7', 'F3', 'Fz', 'F4', 'F8', 'FC5', 'FC1', 'FC2']
[2026-04-08 18:37:35] Channel consistency summary:
[2026-04-08 18:37:35]   Checked runs: 14
[2026-04-08 18:37:35]   Unique channel counts: [62]
[2026-04-08 18:37:35]   Channel order consistent: True
[2026-04-08 18:37:35] Validated EEG channels: 62
[2026-04-08 18:37:35] First 10 EEG channels: ['Fp1', 'Fp2', 'F7', 'F3', 'Fz', 'F4', 'F8', 'FC5', 'FC1', 'FC2']
[2026-04-08 18:37:35] raw mean_abs=6.260925e+00
[2026-04-08 18:37:35] raw std=1.367558e+01
[2026-04-08 18:37:35] raw first5 channel std= [25.7487628  33.90435699 12.52572271  7.29424492  6.6773028 ]
[2026-04-08 18:37:35] Requested window samples: 536
[2026-04-08 18:37:35] Base trial samples:       512
[2026-04-08 18:37:35] Stop offset samples:      24
[2026-04-08 18:37:35] Global class counts: [350, 350, 350, 350]
[2026-04-08 18:37:35] Chance level (4-class): 0.25
[2026-04-08 18:37:35] One window shape: (62, 536)
[2026-04-08 18:37:35] One window label: 2
[2026-04-08 18:37:35] Window sample length expected=536, got=536
[2026-04-08 18:37:35] Subjects in window split: [48, 49, 50, 51, 52, 53, 54]
[2026-04-08 18:37:35] Summarizing per-subject windows...
[2026-04-08 18:37:35]   Subject 48: n_windows=200, window_shape=(62, 536), class_counts=[50, 50, 50, 50]
[2026-04-08 18:37:35]   Subject 49: n_windows=200, window_shape=(62, 536), class_counts=[50, 50, 50, 50]
[2026-04-08 18:37:35]   Subject 50: n_windows=200, window_shape=(62, 536), class_counts=[50, 50, 50, 50]
[2026-04-08 18:37:35]   Subject 51: n_windows=200, window_shape=(62, 536), class_counts=[50, 50, 50, 50]
[2026-04-08 18:37:35]   Subject 52: n_windows=200, window_shape=(62, 536), class_counts=[50, 50, 50, 50]
[2026-04-08 18:37:35]   Subject 53: n_windows=200, window_shape=(62, 536), class_counts=[50, 50, 50, 50]
[2026-04-08 18:37:35]   Subject 54: n_windows=200, window_shape=(62, 536), class_counts=[50, 50, 50, 50]
[2026-04-08 18:37:35]    subject_id  n_windows  n_channels  n_times      class_counts
0          48        200          62      536  [50, 50, 50, 50]
1          49        200          62      536  [50, 50, 50, 50]
2          50        200          62      536  [50, 50, 50, 50]
3          51        200          62      536  [50, 50, 50, 50]
4          52        200          62      536  [50, 50, 50, 50]
5          53        200          62      536  [50, 50, 50, 50]
6          54        200          62      536  [50, 50, 50, 50]
[2026-04-08 18:37:35] Window validation summary:
[2026-04-08 18:37:35]   Subject 48: n_windows=200 class_counts=[50, 50, 50, 50]
[2026-04-08 18:37:35]   Subject 49: n_windows=200 class_counts=[50, 50, 50, 50]
[2026-04-08 18:37:35]   Subject 50: n_windows=200 class_counts=[50, 50, 50, 50]
[2026-04-08 18:37:35]   Subject 51: n_windows=200 class_counts=[50, 50, 50, 50]
[2026-04-08 18:37:35]   Subject 52: n_windows=200 class_counts=[50, 50, 50, 50]
[2026-04-08 18:37:35]   Subject 53: n_windows=200 class_counts=[50, 50, 50, 50]
[2026-04-08 18:37:35]   Subject 54: n_windows=200 class_counts=[50, 50, 50, 50]

[2026-04-08 18:37:35] Validated sampling rate target: 128 Hz
[2026-04-08 18:37:35] Validated window sample count:   536
[2026-04-08 18:37:35] Validated window duration:       4.1875 s
[2026-04-08 18:37:35] Validated channel count:         62
[2026-04-08 18:37:35] Total windows retained:          1400
[2026-04-08 18:37:35] Preprocessing sanity checks:
[2026-04-08 18:37:35]   One sample label: 2
[2026-04-08 18:37:35]   One sample shape: (62, 536)
[2026-04-08 18:37:35]   Mean(abs(signal)): 3.194527e+00
[2026-04-08 18:37:35]   Mean(signal):      6.428233e-09
[2026-04-08 18:37:35]   Std(signal):       4.182395e+00
[2026-04-08 18:37:35] Building model with input window duration: 4.1875 s
[2026-04-08 18:37:35] SignalJEPA_PreLocal instantiated successfully.
[2026-04-08 18:37:35]   Total parameters:     18,192
[2026-04-08 18:37:35]   Trainable parameters: 18,192
[2026-04-08 18:37:35] ======================================================================================================================================================
Layer (type (var_name):depth-idx)                  Input Shape               Output Shape              Param #                   Kernel Shape
======================================================================================================================================================
SignalJEPA_PreLocal (SignalJEPA_PreLocal)          [1, 62, 536]              [1, 4]                    --                        --
├─Sequential (spatial_conv): 1-1                   [1, 62, 536]              [1, 4, 536]               --                        --
│    └─Rearrange (0): 2-1                          [1, 62, 536]              [1, 1, 62, 536]           --                        --
│    └─Conv2d (1): 2-2                             [1, 1, 62, 536]           [1, 4, 1, 536]            252                       [62, 1]
│    └─Rearrange (2): 2-3                          [1, 4, 1, 536]            [1, 4, 536]               --                        --
├─_ConvFeatureEncoder (feature_encoder): 1-2       [1, 4, 536]               [1, 16, 64]               --                        --
│    └─Rearrange (0): 2-4                          [1, 4, 536]               [4, 1, 536]               --                        --
│    └─Sequential (1): 2-5                         [4, 1, 536]               [4, 8, 64]                --                        --
│    │    └─Conv1d (0): 3-1                        [4, 1, 536]               [4, 8, 64]                256                       [32]
│    │    └─Dropout (1): 3-2                       [4, 8, 64]                [4, 8, 64]                --                        --
│    │    └─GroupNorm (2): 3-3                     [4, 8, 64]                [4, 8, 64]                16                        --
│    │    └─GELU (3): 3-4                          [4, 8, 64]                [4, 8, 64]                --                        --
│    └─Sequential (2): 2-6                         [4, 8, 64]                [4, 16, 32]               --                        --
│    │    └─Conv1d (0): 3-5                        [4, 8, 64]                [4, 16, 32]               256                       [2]
│    │    └─Dropout (1): 3-6                       [4, 16, 32]               [4, 16, 32]               --                        --
│    │    └─GELU (2): 3-7                          [4, 16, 32]               [4, 16, 32]               --                        --
│    └─Sequential (3): 2-7                         [4, 16, 32]               [4, 32, 16]               --                        --
│    │    └─Conv1d (0): 3-8                        [4, 16, 32]               [4, 32, 16]               1,024                     [2]
│    │    └─Dropout (1): 3-9                       [4, 32, 16]               [4, 32, 16]               --                        --
│    │    └─GELU (2): 3-10                         [4, 32, 16]               [4, 32, 16]               --                        --
│    └─Sequential (4): 2-8                         [4, 32, 16]               [4, 64, 8]                --                        --
│    │    └─Conv1d (0): 3-11                       [4, 32, 16]               [4, 64, 8]                4,096                     [2]
│    │    └─Dropout (1): 3-12                      [4, 64, 8]                [4, 64, 8]                --                        --
│    │    └─GELU (2): 3-13                         [4, 64, 8]                [4, 64, 8]                --                        --
│    └─Sequential (5): 2-9                         [4, 64, 8]                [4, 64, 4]                --                        --
│    │    └─Conv1d (0): 3-14                       [4, 64, 8]                [4, 64, 4]                8,192                     [2]
│    │    └─Dropout (1): 3-15                      [4, 64, 4]                [4, 64, 4]                --                        --
│    │    └─GELU (2): 3-16                         [4, 64, 4]                [4, 64, 4]                --                        --
│    └─Rearrange (6): 2-10                         [4, 64, 4]                [1, 16, 64]               --                        --
├─Sequential (final_layer): 1-3                    [1, 16, 64]               [1, 4]                    --                        --
│    └─Flatten (0): 2-11                           [1, 16, 64]               [1, 1024]                 --                        --
│    └─Linear (1): 2-12                            [1, 1024]                 [1, 4]                    4,100                     --
======================================================================================================================================================
Total params: 18,192
Trainable params: 18,192
Non-trainable params: 0
Total mult-adds (Units.MEGABYTES): 0.57
======================================================================================================================================================
Input size (MB): 0.13
Forward/backward pass size (MB): 0.11
Params size (MB): 0.07
Estimated Total Size (MB): 0.31
======================================================================================================================================================
[2026-04-08 18:37:35] Initializing from 16s-60 pretrained checkpoint (Hugging Face):
[2026-04-08 18:37:35]   https://huggingface.co/braindecode/SignalJEPA/resolve/main/signal-jepa_16s-60_adeuwv4s.pth
[2026-04-08 18:37:35]   Downloaded 179 keys
[2026-04-08 18:37:35] ======================================================================
[2026-04-08 18:37:35] STARTING CROSS-VALIDATION
[2026-04-08 18:37:35] ======================================================================
[2026-04-08 18:37:35] Subjects:      [48, 49, 50, 51, 52, 53, 54]
[2026-04-08 18:37:35] CV folds:      5
[2026-04-08 18:37:35] Batch size:    32
[2026-04-08 18:37:35] Max epochs:    5000
[2026-04-08 18:37:35] Device:        cpu
[2026-04-08 18:37:35] Seed control:  True
[2026-04-08 18:37:35] Base seed:     5
[2026-04-08 18:37:35] ======================================================================

[2026-04-08 18:37:35] Subject 48: 200 windows | class_counts=[50, 50, 50, 50]
[2026-04-08 18:37:35]   Fold 1 class counts: train=[32, 32, 32, 32] val=[8, 8, 8, 8] test=[10, 10, 10, 10]
[2026-04-08 18:37:35]   Fold 2 class counts: train=[32, 32, 32, 32] val=[8, 8, 8, 8] test=[10, 10, 10, 10]
[2026-04-08 18:37:35]   Fold 3 class counts: train=[32, 32, 32, 32] val=[8, 8, 8, 8] test=[10, 10, 10, 10]
[2026-04-08 18:37:35]   Fold 4 class counts: train=[32, 32, 32, 32] val=[8, 8, 8, 8] test=[10, 10, 10, 10]
[2026-04-08 18:37:35]   Fold 5 class counts: train=[32, 32, 32, 32] val=[8, 8, 8, 8] test=[10, 10, 10, 10]
[2026-04-08 18:37:35]     Train class counts: [32, 32, 32, 32]
[2026-04-08 18:37:35]     Val class counts:   [8, 8, 8, 8]
[2026-04-08 18:37:35]     Test class counts:  [10, 10, 10, 10]
[2026-04-08 18:37:35] Building model with input window duration: 4.1875 s
[2026-04-08 18:37:35] Pretrained weight loading:
[2026-04-08 18:37:35]   Downloaded keys:        179
[2026-04-08 18:37:35]   Filtered (transformer): 172
[2026-04-08 18:37:35]   Filtered (pos_encoder): 0
[2026-04-08 18:37:35]   Keys to load:           7
[2026-04-08 18:37:35]   Missing keys:           4
[2026-04-08 18:37:35]   Unexpected keys:        0
[2026-04-08 18:37:35]   Missing preview:        ['spatial_conv.1.weight', 'spatial_conv.1.bias', 'final_layer.1.weight', 'final_layer.1.bias']
[2026-04-08 18:37:35]   Unexpected preview:     []
[2026-04-08 18:37:35] Trainable modules: spatial_conv + final_layer (4,352 / 18,192 params, 23.9%)
[2026-04-08 18:37:35]   - final_layer.1.bias
[2026-04-08 18:37:35]   - final_layer.1.weight
[2026-04-08 18:37:35]   - spatial_conv.1.bias
[2026-04-08 18:37:35]   - spatial_conv.1.weight
[2026-04-08 18:37:46]   Fold 1/5 | best_epoch=629 | stop=679 | val_loss=0.0434 | acc=0.9500 | bal_acc=0.9500
[2026-04-08 18:37:46]     Train class counts: [32, 32, 32, 32]
[2026-04-08 18:37:46]     Val class counts:   [8, 8, 8, 8]
[2026-04-08 18:37:46]     Test class counts:  [10, 10, 10, 10]
[2026-04-08 18:37:46] Building model with input window duration: 4.1875 s
[2026-04-08 18:37:46] Pretrained weight loading:
[2026-04-08 18:37:46]   Downloaded keys:        179
[2026-04-08 18:37:46]   Filtered (transformer): 172
[2026-04-08 18:37:46]   Filtered (pos_encoder): 0
[2026-04-08 18:37:46]   Keys to load:           7
[2026-04-08 18:37:46]   Missing keys:           4
[2026-04-08 18:37:46]   Unexpected keys:        0
[2026-04-08 18:37:46]   Missing preview:        ['spatial_conv.1.weight', 'spatial_conv.1.bias', 'final_layer.1.weight', 'final_layer.1.bias']
[2026-04-08 18:37:46]   Unexpected preview:     []
[2026-04-08 18:38:03]   Fold 2/5 | best_epoch=997 | stop=1047 | val_loss=0.0047 | acc=1.0000 | bal_acc=1.0000
[2026-04-08 18:38:03]     Train class counts: [32, 32, 32, 32]
[2026-04-08 18:38:03]     Val class counts:   [8, 8, 8, 8]
[2026-04-08 18:38:03]     Test class counts:  [10, 10, 10, 10]
[2026-04-08 18:38:03] Building model with input window duration: 4.1875 s
[2026-04-08 18:38:03] Pretrained weight loading:
[2026-04-08 18:38:03]   Downloaded keys:        179
[2026-04-08 18:38:03]   Filtered (transformer): 172
[2026-04-08 18:38:03]   Filtered (pos_encoder): 0
[2026-04-08 18:38:03]   Keys to load:           7
[2026-04-08 18:38:03]   Missing keys:           4
[2026-04-08 18:38:03]   Unexpected keys:        0
[2026-04-08 18:38:03]   Missing preview:        ['spatial_conv.1.weight', 'spatial_conv.1.bias', 'final_layer.1.weight', 'final_layer.1.bias']
[2026-04-08 18:38:03]   Unexpected preview:     []
[2026-04-08 18:38:18]   Fold 3/5 | best_epoch=858 | stop=908 | val_loss=0.0028 | acc=1.0000 | bal_acc=1.0000
[2026-04-08 18:38:18]     Train class counts: [32, 32, 32, 32]
[2026-04-08 18:38:18]     Val class counts:   [8, 8, 8, 8]
[2026-04-08 18:38:18]     Test class counts:  [10, 10, 10, 10]
[2026-04-08 18:38:18] Building model with input window duration: 4.1875 s
[2026-04-08 18:38:18] Pretrained weight loading:
[2026-04-08 18:38:18]   Downloaded keys:        179
[2026-04-08 18:38:18]   Filtered (transformer): 172
[2026-04-08 18:38:18]   Filtered (pos_encoder): 0
[2026-04-08 18:38:18]   Keys to load:           7
[2026-04-08 18:38:18]   Missing keys:           4
[2026-04-08 18:38:18]   Unexpected keys:        0
[2026-04-08 18:38:18]   Missing preview:        ['spatial_conv.1.weight', 'spatial_conv.1.bias', 'final_layer.1.weight', 'final_layer.1.bias']
[2026-04-08 18:38:18]   Unexpected preview:     []
[2026-04-08 18:38:19]   Fold 4/5 | best_epoch=25 | stop=75 | val_loss=0.1095 | acc=1.0000 | bal_acc=1.0000
[2026-04-08 18:38:19]     Train class counts: [32, 32, 32, 32]
[2026-04-08 18:38:19]     Val class counts:   [8, 8, 8, 8]
[2026-04-08 18:38:19]     Test class counts:  [10, 10, 10, 10]
[2026-04-08 18:38:19] Building model with input window duration: 4.1875 s
[2026-04-08 18:38:19] Pretrained weight loading:
[2026-04-08 18:38:19]   Downloaded keys:        179
[2026-04-08 18:38:19]   Filtered (transformer): 172
[2026-04-08 18:38:19]   Filtered (pos_encoder): 0
[2026-04-08 18:38:19]   Keys to load:           7
[2026-04-08 18:38:19]   Missing keys:           4
[2026-04-08 18:38:19]   Unexpected keys:        0
[2026-04-08 18:38:19]   Missing preview:        ['spatial_conv.1.weight', 'spatial_conv.1.bias', 'final_layer.1.weight', 'final_layer.1.bias']
[2026-04-08 18:38:19]   Unexpected preview:     []
[2026-04-08 18:38:48]   Fold 5/5 | best_epoch=1694 | stop=1744 | val_loss=0.0042 | acc=1.0000 | bal_acc=1.0000
[2026-04-08 18:38:48]   Subject 48 summary: acc=0.9900±0.0200  bal_acc=0.9900±0.0200

[2026-04-08 18:38:48] Subject 49: 200 windows | class_counts=[50, 50, 50, 50]
[2026-04-08 18:38:48]   Fold 1 class counts: train=[32, 32, 32, 32] val=[8, 8, 8, 8] test=[10, 10, 10, 10]
[2026-04-08 18:38:48]   Fold 2 class counts: train=[32, 32, 32, 32] val=[8, 8, 8, 8] test=[10, 10, 10, 10]
[2026-04-08 18:38:48]   Fold 3 class counts: train=[32, 32, 32, 32] val=[8, 8, 8, 8] test=[10, 10, 10, 10]
[2026-04-08 18:38:48]   Fold 4 class counts: train=[32, 32, 32, 32] val=[8, 8, 8, 8] test=[10, 10, 10, 10]
[2026-04-08 18:38:48]   Fold 5 class counts: train=[32, 32, 32, 32] val=[8, 8, 8, 8] test=[10, 10, 10, 10]
[2026-04-08 18:38:48]     Train class counts: [32, 32, 32, 32]
[2026-04-08 18:38:48]     Val class counts:   [8, 8, 8, 8]
[2026-04-08 18:38:48]     Test class counts:  [10, 10, 10, 10]
[2026-04-08 18:38:48] Building model with input window duration: 4.1875 s
[2026-04-08 18:38:48] Pretrained weight loading:
[2026-04-08 18:38:48]   Downloaded keys:        179
[2026-04-08 18:38:48]   Filtered (transformer): 172
[2026-04-08 18:38:48]   Filtered (pos_encoder): 0
[2026-04-08 18:38:48]   Keys to load:           7
[2026-04-08 18:38:48]   Missing keys:           4
[2026-04-08 18:38:48]   Unexpected keys:        0
[2026-04-08 18:38:48]   Missing preview:        ['spatial_conv.1.weight', 'spatial_conv.1.bias', 'final_layer.1.weight', 'final_layer.1.bias']
[2026-04-08 18:38:48]   Unexpected preview:     []
[2026-04-08 18:39:03]   Fold 1/5 | best_epoch=870 | stop=920 | val_loss=0.0107 | acc=0.9750 | bal_acc=0.9750
[2026-04-08 18:39:03]     Train class counts: [32, 32, 32, 32]
[2026-04-08 18:39:03]     Val class counts:   [8, 8, 8, 8]
[2026-04-08 18:39:03]     Test class counts:  [10, 10, 10, 10]
[2026-04-08 18:39:03] Building model with input window duration: 4.1875 s
[2026-04-08 18:39:03] Pretrained weight loading:
[2026-04-08 18:39:03]   Downloaded keys:        179
[2026-04-08 18:39:03]   Filtered (transformer): 172
[2026-04-08 18:39:03]   Filtered (pos_encoder): 0
[2026-04-08 18:39:03]   Keys to load:           7
[2026-04-08 18:39:03]   Missing keys:           4
[2026-04-08 18:39:03]   Unexpected keys:        0
[2026-04-08 18:39:03]   Missing preview:        ['spatial_conv.1.weight', 'spatial_conv.1.bias', 'final_layer.1.weight', 'final_layer.1.bias']
[2026-04-08 18:39:03]   Unexpected preview:     []
[2026-04-08 18:39:21]   Fold 2/5 | best_epoch=1093 | stop=1143 | val_loss=0.0851 | acc=0.9750 | bal_acc=0.9750
[2026-04-08 18:39:21]     Train class counts: [32, 32, 32, 32]
[2026-04-08 18:39:21]     Val class counts:   [8, 8, 8, 8]
[2026-04-08 18:39:21]     Test class counts:  [10, 10, 10, 10]
[2026-04-08 18:39:21] Building model with input window duration: 4.1875 s
[2026-04-08 18:39:21] Pretrained weight loading:
[2026-04-08 18:39:21]   Downloaded keys:        179
[2026-04-08 18:39:21]   Filtered (transformer): 172
[2026-04-08 18:39:21]   Filtered (pos_encoder): 0
[2026-04-08 18:39:21]   Keys to load:           7
[2026-04-08 18:39:21]   Missing keys:           4
[2026-04-08 18:39:21]   Unexpected keys:        0
[2026-04-08 18:39:21]   Missing preview:        ['spatial_conv.1.weight', 'spatial_conv.1.bias', 'final_layer.1.weight', 'final_layer.1.bias']
[2026-04-08 18:39:21]   Unexpected preview:     []
[2026-04-08 18:39:53]   Fold 3/5 | best_epoch=1929 | stop=1979 | val_loss=0.0290 | acc=0.9250 | bal_acc=0.9250
[2026-04-08 18:39:53]     Train class counts: [32, 32, 32, 32]
[2026-04-08 18:39:53]     Val class counts:   [8, 8, 8, 8]
[2026-04-08 18:39:53]     Test class counts:  [10, 10, 10, 10]
[2026-04-08 18:39:53] Building model with input window duration: 4.1875 s
[2026-04-08 18:39:53] Pretrained weight loading:
[2026-04-08 18:39:53]   Downloaded keys:        179
[2026-04-08 18:39:53]   Filtered (transformer): 172
[2026-04-08 18:39:53]   Filtered (pos_encoder): 0
[2026-04-08 18:39:53]   Keys to load:           7
[2026-04-08 18:39:53]   Missing keys:           4
[2026-04-08 18:39:53]   Unexpected keys:        0
[2026-04-08 18:39:53]   Missing preview:        ['spatial_conv.1.weight', 'spatial_conv.1.bias', 'final_layer.1.weight', 'final_layer.1.bias']
[2026-04-08 18:39:53]   Unexpected preview:     []
[2026-04-08 18:39:57]   Fold 4/5 | best_epoch=212 | stop=262 | val_loss=0.0916 | acc=0.9500 | bal_acc=0.9500
[2026-04-08 18:39:57]     Train class counts: [32, 32, 32, 32]
[2026-04-08 18:39:57]     Val class counts:   [8, 8, 8, 8]
[2026-04-08 18:39:57]     Test class counts:  [10, 10, 10, 10]
[2026-04-08 18:39:57] Building model with input window duration: 4.1875 s
[2026-04-08 18:39:57] Pretrained weight loading:
[2026-04-08 18:39:57]   Downloaded keys:        179
[2026-04-08 18:39:57]   Filtered (transformer): 172
[2026-04-08 18:39:57]   Filtered (pos_encoder): 0
[2026-04-08 18:39:57]   Keys to load:           7
[2026-04-08 18:39:57]   Missing keys:           4
[2026-04-08 18:39:57]   Unexpected keys:        0
[2026-04-08 18:39:57]   Missing preview:        ['spatial_conv.1.weight', 'spatial_conv.1.bias', 'final_layer.1.weight', 'final_layer.1.bias']
[2026-04-08 18:39:57]   Unexpected preview:     []
[2026-04-08 18:40:27]   Fold 5/5 | best_epoch=1767 | stop=1817 | val_loss=0.0052 | acc=0.9750 | bal_acc=0.9750
[2026-04-08 18:40:27]   Subject 49 summary: acc=0.9600±0.0200  bal_acc=0.9600±0.0200

[2026-04-08 18:40:27] Subject 50: 200 windows | class_counts=[50, 50, 50, 50]
[2026-04-08 18:40:27]   Fold 1 class counts: train=[32, 32, 32, 32] val=[8, 8, 8, 8] test=[10, 10, 10, 10]
[2026-04-08 18:40:27]   Fold 2 class counts: train=[32, 32, 32, 32] val=[8, 8, 8, 8] test=[10, 10, 10, 10]
[2026-04-08 18:40:27]   Fold 3 class counts: train=[32, 32, 32, 32] val=[8, 8, 8, 8] test=[10, 10, 10, 10]
[2026-04-08 18:40:27]   Fold 4 class counts: train=[32, 32, 32, 32] val=[8, 8, 8, 8] test=[10, 10, 10, 10]
[2026-04-08 18:40:27]   Fold 5 class counts: train=[32, 32, 32, 32] val=[8, 8, 8, 8] test=[10, 10, 10, 10]
[2026-04-08 18:40:27]     Train class counts: [32, 32, 32, 32]
[2026-04-08 18:40:27]     Val class counts:   [8, 8, 8, 8]
[2026-04-08 18:40:27]     Test class counts:  [10, 10, 10, 10]
[2026-04-08 18:40:27] Building model with input window duration: 4.1875 s
[2026-04-08 18:40:27] Pretrained weight loading:
[2026-04-08 18:40:27]   Downloaded keys:        179
[2026-04-08 18:40:27]   Filtered (transformer): 172
[2026-04-08 18:40:27]   Filtered (pos_encoder): 0
[2026-04-08 18:40:27]   Keys to load:           7
[2026-04-08 18:40:27]   Missing keys:           4
[2026-04-08 18:40:27]   Unexpected keys:        0
[2026-04-08 18:40:27]   Missing preview:        ['spatial_conv.1.weight', 'spatial_conv.1.bias', 'final_layer.1.weight', 'final_layer.1.bias']
[2026-04-08 18:40:27]   Unexpected preview:     []
[2026-04-08 18:40:53]   Fold 1/5 | best_epoch=1616 | stop=1666 | val_loss=0.0004 | acc=1.0000 | bal_acc=1.0000
[2026-04-08 18:40:53]     Train class counts: [32, 32, 32, 32]
[2026-04-08 18:40:53]     Val class counts:   [8, 8, 8, 8]
[2026-04-08 18:40:53]     Test class counts:  [10, 10, 10, 10]
[2026-04-08 18:40:53] Building model with input window duration: 4.1875 s
[2026-04-08 18:40:53] Pretrained weight loading:
[2026-04-08 18:40:53]   Downloaded keys:        179
[2026-04-08 18:40:53]   Filtered (transformer): 172
[2026-04-08 18:40:53]   Filtered (pos_encoder): 0
[2026-04-08 18:40:53]   Keys to load:           7
[2026-04-08 18:40:53]   Missing keys:           4
[2026-04-08 18:40:53]   Unexpected keys:        0
[2026-04-08 18:40:53]   Missing preview:        ['spatial_conv.1.weight', 'spatial_conv.1.bias', 'final_layer.1.weight', 'final_layer.1.bias']
[2026-04-08 18:40:53]   Unexpected preview:     []
[2026-04-08 18:41:19]   Fold 2/5 | best_epoch=1533 | stop=1583 | val_loss=0.0085 | acc=1.0000 | bal_acc=1.0000
[2026-04-08 18:41:19]     Train class counts: [32, 32, 32, 32]
[2026-04-08 18:41:19]     Val class counts:   [8, 8, 8, 8]
[2026-04-08 18:41:19]     Test class counts:  [10, 10, 10, 10]
[2026-04-08 18:41:19] Building model with input window duration: 4.1875 s
[2026-04-08 18:41:19] Pretrained weight loading:
[2026-04-08 18:41:19]   Downloaded keys:        179
[2026-04-08 18:41:19]   Filtered (transformer): 172
[2026-04-08 18:41:19]   Filtered (pos_encoder): 0
[2026-04-08 18:41:19]   Keys to load:           7
[2026-04-08 18:41:19]   Missing keys:           4
[2026-04-08 18:41:19]   Unexpected keys:        0
[2026-04-08 18:41:19]   Missing preview:        ['spatial_conv.1.weight', 'spatial_conv.1.bias', 'final_layer.1.weight', 'final_layer.1.bias']
[2026-04-08 18:41:19]   Unexpected preview:     []
[2026-04-08 18:42:15]   Fold 3/5 | best_epoch=3450 | stop=3500 | val_loss=0.0001 | acc=1.0000 | bal_acc=1.0000
[2026-04-08 18:42:15]     Train class counts: [32, 32, 32, 32]
[2026-04-08 18:42:15]     Val class counts:   [8, 8, 8, 8]
[2026-04-08 18:42:15]     Test class counts:  [10, 10, 10, 10]
[2026-04-08 18:42:15] Building model with input window duration: 4.1875 s
[2026-04-08 18:42:15] Pretrained weight loading:
[2026-04-08 18:42:15]   Downloaded keys:        179
[2026-04-08 18:42:15]   Filtered (transformer): 172
[2026-04-08 18:42:15]   Filtered (pos_encoder): 0
[2026-04-08 18:42:15]   Keys to load:           7
[2026-04-08 18:42:15]   Missing keys:           4
[2026-04-08 18:42:15]   Unexpected keys:        0
[2026-04-08 18:42:15]   Missing preview:        ['spatial_conv.1.weight', 'spatial_conv.1.bias', 'final_layer.1.weight', 'final_layer.1.bias']
[2026-04-08 18:42:15]   Unexpected preview:     []
[2026-04-08 18:42:27]   Fold 4/5 | best_epoch=699 | stop=749 | val_loss=0.0232 | acc=0.9750 | bal_acc=0.9750
[2026-04-08 18:42:28]     Train class counts: [32, 32, 32, 32]
[2026-04-08 18:42:28]     Val class counts:   [8, 8, 8, 8]
[2026-04-08 18:42:28]     Test class counts:  [10, 10, 10, 10]
[2026-04-08 18:42:28] Building model with input window duration: 4.1875 s
[2026-04-08 18:42:28] Pretrained weight loading:
[2026-04-08 18:42:28]   Downloaded keys:        179
[2026-04-08 18:42:28]   Filtered (transformer): 172
[2026-04-08 18:42:28]   Filtered (pos_encoder): 0
[2026-04-08 18:42:28]   Keys to load:           7
[2026-04-08 18:42:28]   Missing keys:           4
[2026-04-08 18:42:28]   Unexpected keys:        0
[2026-04-08 18:42:28]   Missing preview:        ['spatial_conv.1.weight', 'spatial_conv.1.bias', 'final_layer.1.weight', 'final_layer.1.bias']
[2026-04-08 18:42:28]   Unexpected preview:     []
[2026-04-08 18:42:45]   Fold 5/5 | best_epoch=1013 | stop=1063 | val_loss=0.0166 | acc=0.9750 | bal_acc=0.9750
[2026-04-08 18:42:45]   Subject 50 summary: acc=0.9900±0.0122  bal_acc=0.9900±0.0122

[2026-04-08 18:42:45] Subject 51: 200 windows | class_counts=[50, 50, 50, 50]
[2026-04-08 18:42:45]   Fold 1 class counts: train=[32, 32, 32, 32] val=[8, 8, 8, 8] test=[10, 10, 10, 10]
[2026-04-08 18:42:45]   Fold 2 class counts: train=[32, 32, 32, 32] val=[8, 8, 8, 8] test=[10, 10, 10, 10]
[2026-04-08 18:42:45]   Fold 3 class counts: train=[32, 32, 32, 32] val=[8, 8, 8, 8] test=[10, 10, 10, 10]
[2026-04-08 18:42:45]   Fold 4 class counts: train=[32, 32, 32, 32] val=[8, 8, 8, 8] test=[10, 10, 10, 10]
[2026-04-08 18:42:45]   Fold 5 class counts: train=[32, 32, 32, 32] val=[8, 8, 8, 8] test=[10, 10, 10, 10]
[2026-04-08 18:42:45]     Train class counts: [32, 32, 32, 32]
[2026-04-08 18:42:45]     Val class counts:   [8, 8, 8, 8]
[2026-04-08 18:42:45]     Test class counts:  [10, 10, 10, 10]
[2026-04-08 18:42:45] Building model with input window duration: 4.1875 s
[2026-04-08 18:42:45] Pretrained weight loading:
[2026-04-08 18:42:45]   Downloaded keys:        179
[2026-04-08 18:42:45]   Filtered (transformer): 172
[2026-04-08 18:42:45]   Filtered (pos_encoder): 0
[2026-04-08 18:42:45]   Keys to load:           7
[2026-04-08 18:42:45]   Missing keys:           4
[2026-04-08 18:42:45]   Unexpected keys:        0
[2026-04-08 18:42:45]   Missing preview:        ['spatial_conv.1.weight', 'spatial_conv.1.bias', 'final_layer.1.weight', 'final_layer.1.bias']
[2026-04-08 18:42:45]   Unexpected preview:     []
[2026-04-08 18:42:49]   Fold 1/5 | best_epoch=199 | stop=249 | val_loss=0.8653 | acc=0.6000 | bal_acc=0.6000
[2026-04-08 18:42:49]     Train class counts: [32, 32, 32, 32]
[2026-04-08 18:42:49]     Val class counts:   [8, 8, 8, 8]
[2026-04-08 18:42:49]     Test class counts:  [10, 10, 10, 10]
[2026-04-08 18:42:49] Building model with input window duration: 4.1875 s
[2026-04-08 18:42:49] Pretrained weight loading:
[2026-04-08 18:42:49]   Downloaded keys:        179
[2026-04-08 18:42:49]   Filtered (transformer): 172
[2026-04-08 18:42:49]   Filtered (pos_encoder): 0
[2026-04-08 18:42:49]   Keys to load:           7
[2026-04-08 18:42:49]   Missing keys:           4
[2026-04-08 18:42:49]   Unexpected keys:        0
[2026-04-08 18:42:49]   Missing preview:        ['spatial_conv.1.weight', 'spatial_conv.1.bias', 'final_layer.1.weight', 'final_layer.1.bias']
[2026-04-08 18:42:49]   Unexpected preview:     []
[2026-04-08 18:42:51]   Fold 2/5 | best_epoch=84 | stop=134 | val_loss=1.1767 | acc=0.5000 | bal_acc=0.5000
[2026-04-08 18:42:51]     Train class counts: [32, 32, 32, 32]
[2026-04-08 18:42:51]     Val class counts:   [8, 8, 8, 8]
[2026-04-08 18:42:51]     Test class counts:  [10, 10, 10, 10]
[2026-04-08 18:42:51] Building model with input window duration: 4.1875 s
[2026-04-08 18:42:51] Pretrained weight loading:
[2026-04-08 18:42:51]   Downloaded keys:        179
[2026-04-08 18:42:51]   Filtered (transformer): 172
[2026-04-08 18:42:51]   Filtered (pos_encoder): 0
[2026-04-08 18:42:51]   Keys to load:           7
[2026-04-08 18:42:51]   Missing keys:           4
[2026-04-08 18:42:51]   Unexpected keys:        0
[2026-04-08 18:42:51]   Missing preview:        ['spatial_conv.1.weight', 'spatial_conv.1.bias', 'final_layer.1.weight', 'final_layer.1.bias']
[2026-04-08 18:42:51]   Unexpected preview:     []
[2026-04-08 18:42:56]   Fold 3/5 | best_epoch=293 | stop=343 | val_loss=0.7319 | acc=0.5750 | bal_acc=0.5750
[2026-04-08 18:42:56]     Train class counts: [32, 32, 32, 32]
[2026-04-08 18:42:56]     Val class counts:   [8, 8, 8, 8]
[2026-04-08 18:42:56]     Test class counts:  [10, 10, 10, 10]
[2026-04-08 18:42:56] Building model with input window duration: 4.1875 s
[2026-04-08 18:42:56] Pretrained weight loading:
[2026-04-08 18:42:56]   Downloaded keys:        179
[2026-04-08 18:42:56]   Filtered (transformer): 172
[2026-04-08 18:42:56]   Filtered (pos_encoder): 0
[2026-04-08 18:42:56]   Keys to load:           7
[2026-04-08 18:42:56]   Missing keys:           4
[2026-04-08 18:42:56]   Unexpected keys:        0
[2026-04-08 18:42:56]   Missing preview:        ['spatial_conv.1.weight', 'spatial_conv.1.bias', 'final_layer.1.weight', 'final_layer.1.bias']
[2026-04-08 18:42:56]   Unexpected preview:     []
[2026-04-08 18:42:58]   Fold 4/5 | best_epoch=74 | stop=124 | val_loss=1.0911 | acc=0.5000 | bal_acc=0.5000
[2026-04-08 18:42:58]     Train class counts: [32, 32, 32, 32]
[2026-04-08 18:42:58]     Val class counts:   [8, 8, 8, 8]
[2026-04-08 18:42:58]     Test class counts:  [10, 10, 10, 10]
[2026-04-08 18:42:58] Building model with input window duration: 4.1875 s
[2026-04-08 18:42:58] Pretrained weight loading:
[2026-04-08 18:42:58]   Downloaded keys:        179
[2026-04-08 18:42:58]   Filtered (transformer): 172
[2026-04-08 18:42:58]   Filtered (pos_encoder): 0
[2026-04-08 18:42:58]   Keys to load:           7
[2026-04-08 18:42:58]   Missing keys:           4
[2026-04-08 18:42:58]   Unexpected keys:        0
[2026-04-08 18:42:58]   Missing preview:        ['spatial_conv.1.weight', 'spatial_conv.1.bias', 'final_layer.1.weight', 'final_layer.1.bias']
[2026-04-08 18:42:58]   Unexpected preview:     []
[2026-04-08 18:42:59]   Fold 5/5 | best_epoch=5 | stop=55 | val_loss=1.3484 | acc=0.3500 | bal_acc=0.3500
[2026-04-08 18:42:59]   Subject 51 summary: acc=0.5050±0.0872  bal_acc=0.5050±0.0872

[2026-04-08 18:42:59] Subject 52: 200 windows | class_counts=[50, 50, 50, 50]
[2026-04-08 18:42:59]   Fold 1 class counts: train=[32, 32, 32, 32] val=[8, 8, 8, 8] test=[10, 10, 10, 10]
[2026-04-08 18:42:59]   Fold 2 class counts: train=[32, 32, 32, 32] val=[8, 8, 8, 8] test=[10, 10, 10, 10]
[2026-04-08 18:42:59]   Fold 3 class counts: train=[32, 32, 32, 32] val=[8, 8, 8, 8] test=[10, 10, 10, 10]
[2026-04-08 18:42:59]   Fold 4 class counts: train=[32, 32, 32, 32] val=[8, 8, 8, 8] test=[10, 10, 10, 10]
[2026-04-08 18:42:59]   Fold 5 class counts: train=[32, 32, 32, 32] val=[8, 8, 8, 8] test=[10, 10, 10, 10]
[2026-04-08 18:42:59]     Train class counts: [32, 32, 32, 32]
[2026-04-08 18:42:59]     Val class counts:   [8, 8, 8, 8]
[2026-04-08 18:42:59]     Test class counts:  [10, 10, 10, 10]
[2026-04-08 18:42:59] Building model with input window duration: 4.1875 s
[2026-04-08 18:42:59] Pretrained weight loading:
[2026-04-08 18:42:59]   Downloaded keys:        179
[2026-04-08 18:42:59]   Filtered (transformer): 172
[2026-04-08 18:42:59]   Filtered (pos_encoder): 0
[2026-04-08 18:42:59]   Keys to load:           7
[2026-04-08 18:42:59]   Missing keys:           4
[2026-04-08 18:42:59]   Unexpected keys:        0
[2026-04-08 18:42:59]   Missing preview:        ['spatial_conv.1.weight', 'spatial_conv.1.bias', 'final_layer.1.weight', 'final_layer.1.bias']
[2026-04-08 18:42:59]   Unexpected preview:     []
[2026-04-08 18:43:10]   Fold 1/5 | best_epoch=608 | stop=658 | val_loss=0.0574 | acc=0.9500 | bal_acc=0.9500
[2026-04-08 18:43:10]     Train class counts: [32, 32, 32, 32]
[2026-04-08 18:43:10]     Val class counts:   [8, 8, 8, 8]
[2026-04-08 18:43:10]     Test class counts:  [10, 10, 10, 10]
[2026-04-08 18:43:10] Building model with input window duration: 4.1875 s
[2026-04-08 18:43:10] Pretrained weight loading:
[2026-04-08 18:43:10]   Downloaded keys:        179
[2026-04-08 18:43:10]   Filtered (transformer): 172
[2026-04-08 18:43:10]   Filtered (pos_encoder): 0
[2026-04-08 18:43:10]   Keys to load:           7
[2026-04-08 18:43:10]   Missing keys:           4
[2026-04-08 18:43:10]   Unexpected keys:        0
[2026-04-08 18:43:10]   Missing preview:        ['spatial_conv.1.weight', 'spatial_conv.1.bias', 'final_layer.1.weight', 'final_layer.1.bias']
[2026-04-08 18:43:10]   Unexpected preview:     []
[2026-04-08 18:43:51]   Fold 2/5 | best_epoch=2501 | stop=2551 | val_loss=0.0100 | acc=0.9500 | bal_acc=0.9500
[2026-04-08 18:43:51]     Train class counts: [32, 32, 32, 32]
[2026-04-08 18:43:51]     Val class counts:   [8, 8, 8, 8]
[2026-04-08 18:43:51]     Test class counts:  [10, 10, 10, 10]
[2026-04-08 18:43:51] Building model with input window duration: 4.1875 s
[2026-04-08 18:43:51] Pretrained weight loading:
[2026-04-08 18:43:51]   Downloaded keys:        179
[2026-04-08 18:43:51]   Filtered (transformer): 172
[2026-04-08 18:43:51]   Filtered (pos_encoder): 0
[2026-04-08 18:43:51]   Keys to load:           7
[2026-04-08 18:43:51]   Missing keys:           4
[2026-04-08 18:43:51]   Unexpected keys:        0
[2026-04-08 18:43:51]   Missing preview:        ['spatial_conv.1.weight', 'spatial_conv.1.bias', 'final_layer.1.weight', 'final_layer.1.bias']
[2026-04-08 18:43:51]   Unexpected preview:     []
[2026-04-08 18:44:09]   Fold 3/5 | best_epoch=1103 | stop=1153 | val_loss=0.0718 | acc=0.9750 | bal_acc=0.9750
[2026-04-08 18:44:09]     Train class counts: [32, 32, 32, 32]
[2026-04-08 18:44:09]     Val class counts:   [8, 8, 8, 8]
[2026-04-08 18:44:09]     Test class counts:  [10, 10, 10, 10]
[2026-04-08 18:44:09] Building model with input window duration: 4.1875 s
[2026-04-08 18:44:09] Pretrained weight loading:
[2026-04-08 18:44:09]   Downloaded keys:        179
[2026-04-08 18:44:09]   Filtered (transformer): 172
[2026-04-08 18:44:09]   Filtered (pos_encoder): 0
[2026-04-08 18:44:09]   Keys to load:           7
[2026-04-08 18:44:09]   Missing keys:           4
[2026-04-08 18:44:09]   Unexpected keys:        0
[2026-04-08 18:44:09]   Missing preview:        ['spatial_conv.1.weight', 'spatial_conv.1.bias', 'final_layer.1.weight', 'final_layer.1.bias']
[2026-04-08 18:44:09]   Unexpected preview:     []
[2026-04-08 18:44:11]   Fold 4/5 | best_epoch=64 | stop=114 | val_loss=0.2175 | acc=0.9750 | bal_acc=0.9750
[2026-04-08 18:44:11]     Train class counts: [32, 32, 32, 32]
[2026-04-08 18:44:11]     Val class counts:   [8, 8, 8, 8]
[2026-04-08 18:44:11]     Test class counts:  [10, 10, 10, 10]
[2026-04-08 18:44:11] Building model with input window duration: 4.1875 s
[2026-04-08 18:44:11] Pretrained weight loading:
[2026-04-08 18:44:11]   Downloaded keys:        179
[2026-04-08 18:44:11]   Filtered (transformer): 172
[2026-04-08 18:44:11]   Filtered (pos_encoder): 0
[2026-04-08 18:44:11]   Keys to load:           7
[2026-04-08 18:44:11]   Missing keys:           4
[2026-04-08 18:44:11]   Unexpected keys:        0
[2026-04-08 18:44:11]   Missing preview:        ['spatial_conv.1.weight', 'spatial_conv.1.bias', 'final_layer.1.weight', 'final_layer.1.bias']
[2026-04-08 18:44:11]   Unexpected preview:     []
[2026-04-08 18:44:53]   Fold 5/5 | best_epoch=2524 | stop=2555 | val_loss=0.0101 | acc=0.9750 | bal_acc=0.9750
[2026-04-08 18:44:53]   Subject 52 summary: acc=0.9650±0.0122  bal_acc=0.9650±0.0122

[2026-04-08 18:44:53] Subject 53: 200 windows | class_counts=[50, 50, 50, 50]
[2026-04-08 18:44:53]   Fold 1 class counts: train=[32, 32, 32, 32] val=[8, 8, 8, 8] test=[10, 10, 10, 10]
[2026-04-08 18:44:53]   Fold 2 class counts: train=[32, 32, 32, 32] val=[8, 8, 8, 8] test=[10, 10, 10, 10]
[2026-04-08 18:44:53]   Fold 3 class counts: train=[32, 32, 32, 32] val=[8, 8, 8, 8] test=[10, 10, 10, 10]
[2026-04-08 18:44:53]   Fold 4 class counts: train=[32, 32, 32, 32] val=[8, 8, 8, 8] test=[10, 10, 10, 10]
[2026-04-08 18:44:53]   Fold 5 class counts: train=[32, 32, 32, 32] val=[8, 8, 8, 8] test=[10, 10, 10, 10]
[2026-04-08 18:44:53]     Train class counts: [32, 32, 32, 32]
[2026-04-08 18:44:53]     Val class counts:   [8, 8, 8, 8]
[2026-04-08 18:44:53]     Test class counts:  [10, 10, 10, 10]
[2026-04-08 18:44:53] Building model with input window duration: 4.1875 s
[2026-04-08 18:44:53] Pretrained weight loading:
[2026-04-08 18:44:53]   Downloaded keys:        179
[2026-04-08 18:44:53]   Filtered (transformer): 172
[2026-04-08 18:44:53]   Filtered (pos_encoder): 0
[2026-04-08 18:44:53]   Keys to load:           7
[2026-04-08 18:44:53]   Missing keys:           4
[2026-04-08 18:44:53]   Unexpected keys:        0
[2026-04-08 18:44:53]   Missing preview:        ['spatial_conv.1.weight', 'spatial_conv.1.bias', 'final_layer.1.weight', 'final_layer.1.bias']
[2026-04-08 18:44:53]   Unexpected preview:     []
[2026-04-08 18:45:17]   Fold 1/5 | best_epoch=1433 | stop=1483 | val_loss=0.0093 | acc=1.0000 | bal_acc=1.0000
[2026-04-08 18:45:17]     Train class counts: [32, 32, 32, 32]
[2026-04-08 18:45:17]     Val class counts:   [8, 8, 8, 8]
[2026-04-08 18:45:17]     Test class counts:  [10, 10, 10, 10]
[2026-04-08 18:45:17] Building model with input window duration: 4.1875 s
[2026-04-08 18:45:17] Pretrained weight loading:
[2026-04-08 18:45:17]   Downloaded keys:        179
[2026-04-08 18:45:17]   Filtered (transformer): 172
[2026-04-08 18:45:17]   Filtered (pos_encoder): 0
[2026-04-08 18:45:17]   Keys to load:           7
[2026-04-08 18:45:17]   Missing keys:           4
[2026-04-08 18:45:17]   Unexpected keys:        0
[2026-04-08 18:45:17]   Missing preview:        ['spatial_conv.1.weight', 'spatial_conv.1.bias', 'final_layer.1.weight', 'final_layer.1.bias']
[2026-04-08 18:45:17]   Unexpected preview:     []
[2026-04-08 18:46:06]   Fold 2/5 | best_epoch=2982 | stop=3032 | val_loss=0.0002 | acc=0.9750 | bal_acc=0.9750
[2026-04-08 18:46:06]     Train class counts: [32, 32, 32, 32]
[2026-04-08 18:46:06]     Val class counts:   [8, 8, 8, 8]
[2026-04-08 18:46:06]     Test class counts:  [10, 10, 10, 10]
[2026-04-08 18:46:06] Building model with input window duration: 4.1875 s
[2026-04-08 18:46:06] Pretrained weight loading:
[2026-04-08 18:46:06]   Downloaded keys:        179
[2026-04-08 18:46:06]   Filtered (transformer): 172
[2026-04-08 18:46:06]   Filtered (pos_encoder): 0
[2026-04-08 18:46:06]   Keys to load:           7
[2026-04-08 18:46:06]   Missing keys:           4
[2026-04-08 18:46:06]   Unexpected keys:        0
[2026-04-08 18:46:06]   Missing preview:        ['spatial_conv.1.weight', 'spatial_conv.1.bias', 'final_layer.1.weight', 'final_layer.1.bias']
[2026-04-08 18:46:06]   Unexpected preview:     []
[2026-04-08 18:47:00]   Fold 3/5 | best_epoch=3255 | stop=3305 | val_loss=0.0001 | acc=1.0000 | bal_acc=1.0000
[2026-04-08 18:47:00]     Train class counts: [32, 32, 32, 32]
[2026-04-08 18:47:00]     Val class counts:   [8, 8, 8, 8]
[2026-04-08 18:47:00]     Test class counts:  [10, 10, 10, 10]
[2026-04-08 18:47:00] Building model with input window duration: 4.1875 s
[2026-04-08 18:47:00] Pretrained weight loading:
[2026-04-08 18:47:00]   Downloaded keys:        179
[2026-04-08 18:47:00]   Filtered (transformer): 172
[2026-04-08 18:47:00]   Filtered (pos_encoder): 0
[2026-04-08 18:47:00]   Keys to load:           7
[2026-04-08 18:47:00]   Missing keys:           4
[2026-04-08 18:47:00]   Unexpected keys:        0
[2026-04-08 18:47:00]   Missing preview:        ['spatial_conv.1.weight', 'spatial_conv.1.bias', 'final_layer.1.weight', 'final_layer.1.bias']
[2026-04-08 18:47:00]   Unexpected preview:     []
[2026-04-08 18:47:30]   Fold 4/5 | best_epoch=1841 | stop=1891 | val_loss=0.0015 | acc=1.0000 | bal_acc=1.0000
[2026-04-08 18:47:30]     Train class counts: [32, 32, 32, 32]
[2026-04-08 18:47:30]     Val class counts:   [8, 8, 8, 8]
[2026-04-08 18:47:30]     Test class counts:  [10, 10, 10, 10]
[2026-04-08 18:47:30] Building model with input window duration: 4.1875 s
[2026-04-08 18:47:30] Pretrained weight loading:
[2026-04-08 18:47:30]   Downloaded keys:        179
[2026-04-08 18:47:30]   Filtered (transformer): 172
[2026-04-08 18:47:30]   Filtered (pos_encoder): 0
[2026-04-08 18:47:30]   Keys to load:           7
[2026-04-08 18:47:30]   Missing keys:           4
[2026-04-08 18:47:30]   Unexpected keys:        0
[2026-04-08 18:47:30]   Missing preview:        ['spatial_conv.1.weight', 'spatial_conv.1.bias', 'final_layer.1.weight', 'final_layer.1.bias']
[2026-04-08 18:47:30]   Unexpected preview:     []
[2026-04-08 18:48:44]   Fold 5/5 | best_epoch=4486 | stop=4536 | val_loss=0.0001 | acc=1.0000 | bal_acc=1.0000
[2026-04-08 18:48:44]   Subject 53 summary: acc=0.9950±0.0100  bal_acc=0.9950±0.0100

[2026-04-08 18:48:44] Subject 54: 200 windows | class_counts=[50, 50, 50, 50]
[2026-04-08 18:48:44]   Fold 1 class counts: train=[32, 32, 32, 32] val=[8, 8, 8, 8] test=[10, 10, 10, 10]
[2026-04-08 18:48:44]   Fold 2 class counts: train=[32, 32, 32, 32] val=[8, 8, 8, 8] test=[10, 10, 10, 10]
[2026-04-08 18:48:44]   Fold 3 class counts: train=[32, 32, 32, 32] val=[8, 8, 8, 8] test=[10, 10, 10, 10]
[2026-04-08 18:48:44]   Fold 4 class counts: train=[32, 32, 32, 32] val=[8, 8, 8, 8] test=[10, 10, 10, 10]
[2026-04-08 18:48:44]   Fold 5 class counts: train=[32, 32, 32, 32] val=[8, 8, 8, 8] test=[10, 10, 10, 10]
[2026-04-08 18:48:44]     Train class counts: [32, 32, 32, 32]
[2026-04-08 18:48:44]     Val class counts:   [8, 8, 8, 8]
[2026-04-08 18:48:44]     Test class counts:  [10, 10, 10, 10]
[2026-04-08 18:48:44] Building model with input window duration: 4.1875 s
[2026-04-08 18:48:44] Pretrained weight loading:
[2026-04-08 18:48:44]   Downloaded keys:        179
[2026-04-08 18:48:44]   Filtered (transformer): 172
[2026-04-08 18:48:44]   Filtered (pos_encoder): 0
[2026-04-08 18:48:44]   Keys to load:           7
[2026-04-08 18:48:44]   Missing keys:           4
[2026-04-08 18:48:44]   Unexpected keys:        0
[2026-04-08 18:48:44]   Missing preview:        ['spatial_conv.1.weight', 'spatial_conv.1.bias', 'final_layer.1.weight', 'final_layer.1.bias']
[2026-04-08 18:48:44]   Unexpected preview:     []
[2026-04-08 18:48:52]   Fold 1/5 | best_epoch=448 | stop=498 | val_loss=0.6303 | acc=0.7000 | bal_acc=0.7000
[2026-04-08 18:48:52]     Train class counts: [32, 32, 32, 32]
[2026-04-08 18:48:52]     Val class counts:   [8, 8, 8, 8]
[2026-04-08 18:48:52]     Test class counts:  [10, 10, 10, 10]
[2026-04-08 18:48:52] Building model with input window duration: 4.1875 s
[2026-04-08 18:48:52] Pretrained weight loading:
[2026-04-08 18:48:52]   Downloaded keys:        179
[2026-04-08 18:48:52]   Filtered (transformer): 172
[2026-04-08 18:48:52]   Filtered (pos_encoder): 0
[2026-04-08 18:48:52]   Keys to load:           7
[2026-04-08 18:48:52]   Missing keys:           4
[2026-04-08 18:48:52]   Unexpected keys:        0
[2026-04-08 18:48:52]   Missing preview:        ['spatial_conv.1.weight', 'spatial_conv.1.bias', 'final_layer.1.weight', 'final_layer.1.bias']
[2026-04-08 18:48:52]   Unexpected preview:     []
[2026-04-08 18:48:54]   Fold 2/5 | best_epoch=77 | stop=127 | val_loss=0.5349 | acc=0.8000 | bal_acc=0.8000
[2026-04-08 18:48:54]     Train class counts: [32, 32, 32, 32]
[2026-04-08 18:48:54]     Val class counts:   [8, 8, 8, 8]
[2026-04-08 18:48:54]     Test class counts:  [10, 10, 10, 10]
[2026-04-08 18:48:54] Building model with input window duration: 4.1875 s
[2026-04-08 18:48:54] Pretrained weight loading:
[2026-04-08 18:48:54]   Downloaded keys:        179
[2026-04-08 18:48:54]   Filtered (transformer): 172
[2026-04-08 18:48:54]   Filtered (pos_encoder): 0
[2026-04-08 18:48:54]   Keys to load:           7
[2026-04-08 18:48:54]   Missing keys:           4
[2026-04-08 18:48:54]   Unexpected keys:        0
[2026-04-08 18:48:54]   Missing preview:        ['spatial_conv.1.weight', 'spatial_conv.1.bias', 'final_layer.1.weight', 'final_layer.1.bias']
[2026-04-08 18:48:54]   Unexpected preview:     []
[2026-04-08 18:48:56]   Fold 3/5 | best_epoch=88 | stop=138 | val_loss=0.7155 | acc=0.8250 | bal_acc=0.8250
[2026-04-08 18:48:56]     Train class counts: [32, 32, 32, 32]
[2026-04-08 18:48:56]     Val class counts:   [8, 8, 8, 8]
[2026-04-08 18:48:56]     Test class counts:  [10, 10, 10, 10]
[2026-04-08 18:48:56] Building model with input window duration: 4.1875 s
[2026-04-08 18:48:56] Pretrained weight loading:
[2026-04-08 18:48:56]   Downloaded keys:        179
[2026-04-08 18:48:56]   Filtered (transformer): 172
[2026-04-08 18:48:56]   Filtered (pos_encoder): 0
[2026-04-08 18:48:56]   Keys to load:           7
[2026-04-08 18:48:56]   Missing keys:           4
[2026-04-08 18:48:56]   Unexpected keys:        0
[2026-04-08 18:48:56]   Missing preview:        ['spatial_conv.1.weight', 'spatial_conv.1.bias', 'final_layer.1.weight', 'final_layer.1.bias']
[2026-04-08 18:48:56]   Unexpected preview:     []
[2026-04-08 18:48:58]   Fold 4/5 | best_epoch=49 | stop=99 | val_loss=0.4304 | acc=0.6750 | bal_acc=0.6750
[2026-04-08 18:48:58]     Train class counts: [32, 32, 32, 32]
[2026-04-08 18:48:58]     Val class counts:   [8, 8, 8, 8]
[2026-04-08 18:48:58]     Test class counts:  [10, 10, 10, 10]
[2026-04-08 18:48:58] Building model with input window duration: 4.1875 s
[2026-04-08 18:48:58] Pretrained weight loading:
[2026-04-08 18:48:58]   Downloaded keys:        179
[2026-04-08 18:48:58]   Filtered (transformer): 172
[2026-04-08 18:48:58]   Filtered (pos_encoder): 0
[2026-04-08 18:48:58]   Keys to load:           7
[2026-04-08 18:48:58]   Missing keys:           4
[2026-04-08 18:48:58]   Unexpected keys:        0
[2026-04-08 18:48:58]   Missing preview:        ['spatial_conv.1.weight', 'spatial_conv.1.bias', 'final_layer.1.weight', 'final_layer.1.bias']
[2026-04-08 18:48:58]   Unexpected preview:     []
[2026-04-08 18:48:59]   Fold 5/5 | best_epoch=13 | stop=63 | val_loss=0.7417 | acc=0.6250 | bal_acc=0.6250
[2026-04-08 18:48:59]   Subject 54 summary: acc=0.7250±0.0758  bal_acc=0.7250±0.0758

[2026-04-08 18:48:59] Total folds completed: 35
[2026-04-08 18:48:59] ======================================================================
[2026-04-08 18:48:59] AGGREGATED RESULTS
[2026-04-08 18:48:59] ======================================================================
[2026-04-08 18:48:59]   Subject 48:  acc=0.9900±0.0200  bal_acc=0.9900±0.0200
[2026-04-08 18:48:59]   Subject 49:  acc=0.9600±0.0200  bal_acc=0.9600±0.0200
[2026-04-08 18:48:59]   Subject 50:  acc=0.9900±0.0122  bal_acc=0.9900±0.0122
[2026-04-08 18:48:59]   Subject 51:  acc=0.5050±0.0872  bal_acc=0.5050±0.0872
[2026-04-08 18:48:59]   Subject 52:  acc=0.9650±0.0122  bal_acc=0.9650±0.0122
[2026-04-08 18:48:59]   Subject 53:  acc=0.9950±0.0100  bal_acc=0.9950±0.0100
[2026-04-08 18:48:59]   Subject 54:  acc=0.7250±0.0758  bal_acc=0.7250±0.0758
[2026-04-08 18:48:59] ----------------------------------------------------------------------
[2026-04-08 18:48:59]   OVERALL:      acc=0.8757±0.1813  bal_acc=0.8757±0.1813
[2026-04-08 18:48:59] ======================================================================
[2026-04-08 18:48:59] CV results saved to:      /home/vegorov/Repos/eeg_jepa_research/artifacts/lee-2019-fine-tuning/SSVEP/20260408_1835_c7a68041/cv_results.json
[2026-04-08 18:48:59] Subject metrics saved to: /home/vegorov/Repos/eeg_jepa_research/artifacts/lee-2019-fine-tuning/SSVEP/20260408_1835_c7a68041/subject_metrics.json
[2026-04-08 18:48:59] Global metrics saved to:  /home/vegorov/Repos/eeg_jepa_research/artifacts/lee-2019-fine-tuning/SSVEP/20260408_1835_c7a68041/global_metrics.json
[2026-04-08 18:48:59] Run metadata saved to:    /home/vegorov/Repos/eeg_jepa_research/artifacts/lee-2019-fine-tuning/SSVEP/20260408_1835_c7a68041/run_metadata.json

[2026-04-08 18:48:59] All artifacts in: /home/vegorov/Repos/eeg_jepa_research/artifacts/lee-2019-fine-tuning/SSVEP/20260408_1835_c7a68041

[2026-04-08 18:48:59] ======================================================================
[2026-04-08 18:48:59] EXPERIMENT SUMMARY
[2026-04-08 18:48:59] ======================================================================
[2026-04-08 18:48:59] Run ID:    20260408_1835_c7a68041
[2026-04-08 18:48:59] Artifacts: /home/vegorov/Repos/eeg_jepa_research/artifacts/lee-2019-fine-tuning/SSVEP/20260408_1835_c7a68041

[2026-04-08 18:48:59] Configuration:
[2026-04-08 18:48:59]   Subjects:          [48, 49, 50, 51, 52, 53, 54]
[2026-04-08 18:48:59]   Bandpass:          0.5-40.0 Hz
[2026-04-08 18:48:59]   Resample:          128 Hz
[2026-04-08 18:48:59]   CV folds:          5
[2026-04-08 18:48:59]   Learning rate:     0.05
[2026-04-08 18:48:59]   Batch size:        32
[2026-04-08 18:48:59]   Max epochs:        5000

[2026-04-08 18:48:59] Results:
[2026-04-08 18:48:59]   Mean Accuracy:          0.8757 ± 0.1813
[2026-04-08 18:48:59]   Mean Balanced Accuracy: 0.8757 ± 0.1813
