[2026-04-02 19:29:14] Using device: mps
[2026-04-02 19:29:14] Seed control enabled: True
[2026-04-02 19:29:14] Base seed: 42
[2026-04-02 19:29:15] Seed initialized: 42
[2026-04-02 19:29:15] ======================================================================
[2026-04-02 19:29:15] CONFIGURATION
[2026-04-02 19:29:15] ======================================================================
[2026-04-02 19:29:15]   artifact_dir: /Users/vadim/Documents/School/Spring 2026/CSCE A698 Individual Research/EEG_JEPA/artifacts/lee-2019-fine-tuning
[2026-04-02 19:29:15]   bandpass_high: 40.0
[2026-04-02 19:29:15]   bandpass_low: 0.5
[2026-04-02 19:29:15]   batch_size: 32
[2026-04-02 19:29:15]   convert_to_uV: True
[2026-04-02 19:29:15]   device: auto
[2026-04-02 19:29:15]   early_stopping_patience: 50
[2026-04-02 19:29:15]   learning_rate: None
[2026-04-02 19:29:15]   n_epochs: 5000
[2026-04-02 19:29:15]   normalization_method: None
[2026-04-02 19:29:15]   normalize: False
[2026-04-02 19:29:15]   paradigm: SSVEP
[2026-04-02 19:29:15]   pretrained_url: https://huggingface.co/braindecode/SignalJEPA/resolve/main/signal-jepa_16s-60_adeuwv4s.pth
[2026-04-02 19:29:15]   seed: 42
[2026-04-02 19:29:15]   set_seed: True
[2026-04-02 19:29:15]   sfreq: 128
[2026-04-02 19:29:15]   subjects_to_use: None
[2026-04-02 19:29:15]   val_split: 0.2
[2026-04-02 19:29:15] ======================================================================
[2026-04-02 19:29:15] Config saved to: /Users/vadim/Documents/School/Spring 2026/CSCE A698 Individual Research/EEG_JEPA/artifacts/lee-2019-fine-tuning/SSVEP/20260402_1929_c4d925ce/config.json
[2026-04-02 19:29:15] Epoch window configuration:
[2026-04-02 19:29:15]   Target sfreq:                128 Hz
[2026-04-02 19:29:15]   Target duration:             4.190000 s
[2026-04-02 19:29:15]   Window samples (rounded):    536
[2026-04-02 19:29:15]   Base trial samples (4.0 s):  512
[2026-04-02 19:29:15]   Trial stop offset samples:   24
[2026-04-02 19:29:15]   Effective window duration:   4.187500 s
[2026-04-02 19:29:15] Dataset code: Lee2019-SSVEP
[2026-04-02 19:29:15] Subjects Total: 54
[2026-04-02 19:29:15] Events: {'12.0': 1, '8.57': 2, '6.67': 3, '5.45': 4}
[2026-04-02 19:29:15] Interval: [0.0, 4.0]
[2026-04-02 19:29:15] Paradigm: ssvep
[2026-04-02 19:29:15] Selected subjects: [48, 49, 50, 51, 52, 53, 54]
[2026-04-02 19:29:15] Expected LOSO folds: 7

[2026-04-02 19:29:15] Building MOABBDataset for Lee2019_SSVEP...
[2026-04-02 19:30:50] MOABBDataset recordings loaded: 14
[2026-04-02 19:30:50] Discovered annotation descriptions (first recording): [np.str_('12.0'), np.str_('5.45'), np.str_('6.67'), np.str_('8.57')]
[2026-04-02 19:30:50] Dataset event_id mapping: {'12.0': 1, '8.57': 2, '6.67': 3, '5.45': 4}
[2026-04-02 19:30:50] Label map (event_code -> class_index): {1: 0, 2: 1, 3: 2, 4: 3}
[2026-04-02 19:30:50] Applying Braindecode preprocessors to MOABBDataset...
[2026-04-02 19:32:06] Preprocessing complete.

[2026-04-02 19:32:06] Post-preprocessing validation
[2026-04-02 19:32:06]   Recordings in DATASET: 14
[2026-04-02 19:32:06]   Unique subject IDs:    ['48', '49', '50', '51', '52', '53', '54']
[2026-04-02 19:32:06]   sfreq (first rec):     128.0 Hz
[2026-04-02 19:32:06]   EEG channel count:     62
[2026-04-02 19:32:06]   First 10 channels:     ['Fp1', 'Fp2', 'F7', 'F3', 'Fz', 'F4', 'F8', 'FC5', 'FC1', 'FC2']
[2026-04-02 19:32:06] Channel consistency summary:
[2026-04-02 19:32:06]   Checked runs: 14
[2026-04-02 19:32:06]   Unique channel counts: [62]
[2026-04-02 19:32:06]   Channel order consistent: True
[2026-04-02 19:32:06] Validated EEG channels: 62
[2026-04-02 19:32:06] First 10 EEG channels: ['Fp1', 'Fp2', 'F7', 'F3', 'Fz', 'F4', 'F8', 'FC5', 'FC1', 'FC2']
[2026-04-02 19:32:06] raw mean_abs=7.453487e+00
[2026-04-02 19:32:06] raw std=1.765340e+01
[2026-04-02 19:32:06] raw first5 channel std= [32.31229669 43.74837646 16.45257713  8.72185944  8.0529012 ]
[2026-04-02 19:32:06] Requested window samples: 536
[2026-04-02 19:32:06] Base trial samples:       512
[2026-04-02 19:32:06] Stop offset samples:      24
[2026-04-02 19:32:07] Global class counts: [350, 350, 350, 350]
[2026-04-02 19:32:07] Chance level (4-class): 0.25
[2026-04-02 19:32:07] One window shape: (62, 536)
[2026-04-02 19:32:07] One window label: 2
[2026-04-02 19:32:07] Window sample length expected=536, got=536
[2026-04-02 19:32:07] Subjects in window split: [48, 49, 50, 51, 52, 53, 54]
[2026-04-02 19:32:07] Summarizing per-subject windows...
[2026-04-02 19:32:07]   Subject 48: n_windows=200, window_shape=(62, 536), class_counts=[50, 50, 50, 50]
[2026-04-02 19:32:07]   Subject 49: n_windows=200, window_shape=(62, 536), class_counts=[50, 50, 50, 50]
[2026-04-02 19:32:07]   Subject 50: n_windows=200, window_shape=(62, 536), class_counts=[50, 50, 50, 50]
[2026-04-02 19:32:07]   Subject 51: n_windows=200, window_shape=(62, 536), class_counts=[50, 50, 50, 50]
[2026-04-02 19:32:07]   Subject 52: n_windows=200, window_shape=(62, 536), class_counts=[50, 50, 50, 50]
[2026-04-02 19:32:07]   Subject 53: n_windows=200, window_shape=(62, 536), class_counts=[50, 50, 50, 50]
[2026-04-02 19:32:07]   Subject 54: n_windows=200, window_shape=(62, 536), class_counts=[50, 50, 50, 50]
[2026-04-02 19:32:07]subject_id  n_windows  n_channels  n_times      class_counts
0          48        200          62      536  [50, 50, 50, 50]
1          49        200          62      536  [50, 50, 50, 50]
2          50        200          62      536  [50, 50, 50, 50]
3          51        200          62      536  [50, 50, 50, 50]
4          52        200          62      536  [50, 50, 50, 50]
5          53        200          62      536  [50, 50, 50, 50]
6          54        200          62      536  [50, 50, 50, 50]
[2026-04-02 19:32:07] Window validation summary:
[2026-04-02 19:32:07]   Subject 48: n_windows=200 class_counts=[50, 50, 50, 50]
[2026-04-02 19:32:07]   Subject 49: n_windows=200 class_counts=[50, 50, 50, 50]
[2026-04-02 19:32:07]   Subject 50: n_windows=200 class_counts=[50, 50, 50, 50]
[2026-04-02 19:32:07]   Subject 51: n_windows=200 class_counts=[50, 50, 50, 50]
[2026-04-02 19:32:07]   Subject 52: n_windows=200 class_counts=[50, 50, 50, 50]
[2026-04-02 19:32:07]   Subject 53: n_windows=200 class_counts=[50, 50, 50, 50]
[2026-04-02 19:32:07]   Subject 54: n_windows=200 class_counts=[50, 50, 50, 50]

[2026-04-02 19:32:07] Validated sampling rate target: 128 Hz
[2026-04-02 19:32:07] Validated window sample count:   536
[2026-04-02 19:32:07] Validated window duration:       4.1875 s
[2026-04-02 19:32:07] Validated channel count:         62
[2026-04-02 19:32:07] Total windows retained:          1400
[2026-04-02 19:32:07] Preprocessing sanity checks:
[2026-04-02 19:32:07]   One sample label: 2
[2026-04-02 19:32:07]   One sample shape: (62, 536)
[2026-04-02 19:32:07]   Mean(abs(signal)): 3.496248e+00
[2026-04-02 19:32:07]   Mean(signal):      -3.673276e-09
[2026-04-02 19:32:07]   Std(signal):       4.644034e+00
[2026-04-02 19:32:07] SignalJEPA_PreLocal instantiated successfully.
[2026-04-02 19:32:07]   Total parameters:     18,192
[2026-04-02 19:32:07]   Trainable parameters: 18,192
[2026-04-02 19:32:07] Initializing from 16s-60 pretrained checkpoint (Hugging Face):
[2026-04-02 19:32:07]   https://huggingface.co/braindecode/SignalJEPA/resolve/main/signal-jepa_16s-60_adeuwv4s.pth
[2026-04-02 19:32:07]   Downloaded 179 keys
[2026-04-02 19:32:07] ======================================================================
[2026-04-02 19:32:07] STARTING LOSO EVALUATION
[2026-04-02 19:32:07] ======================================================================
[2026-04-02 19:32:07] Subjects:      [48, 49, 50, 51, 52, 53, 54]
[2026-04-02 19:32:07] LOSO folds:    7
[2026-04-02 19:32:07] Val split:     0.2 (from pooled training subjects)
[2026-04-02 19:32:07] Batch size:    32
[2026-04-02 19:32:07] Max epochs:    5000
[2026-04-02 19:32:07] Device:        mps
[2026-04-02 19:32:07] Seed control:  True
[2026-04-02 19:32:07] Base seed:     42
[2026-04-02 19:32:07] ======================================================================
[2026-04-02 19:32:08] Built 7 LOSO folds.
[2026-04-02 19:32:08] LOSO fold 1 | test=48 | train=[49,50,51,52,53,54] | n_train=960 n_val=240 n_test=200
[2026-04-02 19:32:08] Trainable modules: spatial_conv + final_layer (4,352 / 18,192 params, 23.9%)
[2026-04-02 19:33:05] Result | test=48 | best_epoch=58 | val_loss=0.2800 | acc=0.9900 | bal_acc=0.9900
[2026-04-02 19:33:05] LOSO fold 2 | test=49 | train=[48,50,51,52,53,54] | n_train=960 n_val=240 n_test=200
[2026-04-02 19:33:48] Result | test=49 | best_epoch=34 | val_loss=0.2706 | acc=0.9050 | bal_acc=0.9050
[2026-04-02 19:33:48] LOSO fold 3 | test=50 | train=[48,49,51,52,53,54] | n_train=960 n_val=240 n_test=200
[2026-04-02 19:34:28] Result | test=50 | best_epoch=29 | val_loss=0.4296 | acc=0.9050 | bal_acc=0.9050
[2026-04-02 19:34:28] LOSO fold 4 | test=51 | train=[48,49,50,52,53,54] | n_train=960 n_val=240 n_test=200
[2026-04-02 19:35:55] Result | test=51 | best_epoch=122 | val_loss=0.1552 | acc=0.6300 | bal_acc=0.6300
[2026-04-02 19:35:55] LOSO fold 5 | test=52 | train=[48,49,50,51,53,54] | n_train=960 n_val=240 n_test=200
[2026-04-02 19:36:34] Result | test=52 | best_epoch=26 | val_loss=0.3285 | acc=0.8500 | bal_acc=0.8500
[2026-04-02 19:36:34] LOSO fold 6 | test=53 | train=[48,49,50,51,52,54] | n_train=960 n_val=240 n_test=200
[2026-04-02 19:37:20] Result | test=53 | best_epoch=41 | val_loss=0.2535 | acc=0.9950 | bal_acc=0.9950
[2026-04-02 19:37:20] LOSO fold 7 | test=54 | train=[48,49,50,51,52,53] | n_train=960 n_val=240 n_test=200
[2026-04-02 19:38:37] Result | test=54 | best_epoch=102 | val_loss=0.1524 | acc=0.4150 | bal_acc=0.4150

[2026-04-02 19:38:37] Total LOSO folds completed: 7
[2026-04-02 19:38:37] ======================================================================
[2026-04-02 19:38:37] AGGREGATED LOSO RESULTS
[2026-04-02 19:38:37] ======================================================================
[2026-04-02 19:38:37]   Subject 48:  acc=0.9900  bal_acc=0.9900
[2026-04-02 19:38:37]   Subject 49:  acc=0.9050  bal_acc=0.9050
[2026-04-02 19:38:37]   Subject 50:  acc=0.9050  bal_acc=0.9050
[2026-04-02 19:38:37]   Subject 51:  acc=0.6300  bal_acc=0.6300
[2026-04-02 19:38:37]   Subject 52:  acc=0.8500  bal_acc=0.8500
[2026-04-02 19:38:37]   Subject 53:  acc=0.9950  bal_acc=0.9950
[2026-04-02 19:38:37]   Subject 54:  acc=0.4150  bal_acc=0.4150
[2026-04-02 19:38:37] ----------------------------------------------------------------------
[2026-04-02 19:38:37]   OVERALL:      acc=0.8129±0.1981  bal_acc=0.8129±0.1981
[2026-04-02 19:38:37] ======================================================================
[2026-04-02 19:38:37] LOSO results saved to:    /Users/vadim/Documents/School/Spring 2026/CSCE A698 Individual Research/EEG_JEPA/artifacts/lee-2019-fine-tuning/SSVEP/20260402_1929_c4d925ce/loso_results.json
[2026-04-02 19:38:37] Subject metrics saved to: /Users/vadim/Documents/School/Spring 2026/CSCE A698 Individual Research/EEG_JEPA/artifacts/lee-2019-fine-tuning/SSVEP/20260402_1929_c4d925ce/subject_metrics.json
[2026-04-02 19:38:37] Global metrics saved to:  /Users/vadim/Documents/School/Spring 2026/CSCE A698 Individual Research/EEG_JEPA/artifacts/lee-2019-fine-tuning/SSVEP/20260402_1929_c4d925ce/global_metrics.json
[2026-04-02 19:38:37] Run metadata saved to:    /Users/vadim/Documents/School/Spring 2026/CSCE A698 Individual Research/EEG_JEPA/artifacts/lee-2019-fine-tuning/SSVEP/20260402_1929_c4d925ce/run_metadata.json

[2026-04-02 19:38:37] All artifacts in: /Users/vadim/Documents/School/Spring 2026/CSCE A698 Individual Research/EEG_JEPA/artifacts/lee-2019-fine-tuning/SSVEP/20260402_1929_c4d925ce

[2026-04-02 19:38:37] ======================================================================
[2026-04-02 19:38:37] EXPERIMENT SUMMARY
[2026-04-02 19:38:37] ======================================================================
[2026-04-02 19:38:37] Run ID:    20260402_1929_c4d925ce
[2026-04-02 19:38:37] Artifacts: /Users/vadim/Documents/School/Spring 2026/CSCE A698 Individual Research/EEG_JEPA/artifacts/lee-2019-fine-tuning/SSVEP/20260402_1929_c4d925ce

[2026-04-02 19:38:37] Configuration:
[2026-04-02 19:38:37]   Subjects:          [48, 49, 50, 51, 52, 53, 54]
[2026-04-02 19:38:37]   Bandpass:          0.5-40.0 Hz
[2026-04-02 19:38:37]   Resample:          128 Hz
[2026-04-02 19:38:37]   LOSO folds:        7
[2026-04-02 19:38:37]   Val split:         0.2
[2026-04-02 19:38:37]   Learning rate:     None
[2026-04-02 19:38:37]   Batch size:        32
[2026-04-02 19:38:37]   Max epochs:        5000

[2026-04-02 19:38:37] Results:
[2026-04-02 19:38:37]   Mean Accuracy:          0.8129 ± 0.1981
[2026-04-02 19:38:37]   Mean Balanced Accuracy: 0.8129 ± 0.1981
