[2026-04-04 10:49:45] Using device: mps
[2026-04-04 10:49:45] Seed control enabled: True
[2026-04-04 10:49:45] Base seed: 5101
[2026-04-04 10:49:46] Seed initialized: 5101
[2026-04-04 10:49:46] ======================================================================
[2026-04-04 10:49:46] CONFIGURATION
[2026-04-04 10:49:46] ======================================================================
[2026-04-04 10:49:46]   artifact_dir: /Users/vadim/Documents/School/Spring 2026/CSCE A698 Individual Research/EEG_JEPA/artifacts/lee-2019-fine-tuning
[2026-04-04 10:49:46]   bandpass_high: 40.0
[2026-04-04 10:49:46]   bandpass_low: 0.5
[2026-04-04 10:49:46]   batch_size: 16
[2026-04-04 10:49:46]   convert_to_uV: True
[2026-04-04 10:49:46]   criterion: None
[2026-04-04 10:49:46]   cv_folds: 5
[2026-04-04 10:49:46]   device: auto
[2026-04-04 10:49:46]   early_stopping_patience: 50
[2026-04-04 10:49:46]   learning_rate: 0.0001
[2026-04-04 10:49:46]   n_epochs: 5000
[2026-04-04 10:49:46]   normalization_method: None
[2026-04-04 10:49:46]   normalize: False
[2026-04-04 10:49:46]   optimizer: Adam
[2026-04-04 10:49:46]   paradigm: SSVEP
[2026-04-04 10:49:46]   pretrained_url: https://huggingface.co/braindecode/SignalJEPA/resolve/main/signal-jepa_16s-60_adeuwv4s.pth
[2026-04-04 10:49:46]   seed: 5101
[2026-04-04 10:49:46]   set_eeg_reference: True
[2026-04-04 10:49:46]   set_seed: True
[2026-04-04 10:49:46]   sfreq: 128
[2026-04-04 10:49:46]   subjects_to_use: [51, 54]
[2026-04-04 10:49:46]   val_split: 0.2
[2026-04-04 10:49:46] ======================================================================
[2026-04-04 10:49:46] Config saved to: /Users/vadim/Documents/School/Spring 2026/CSCE A698 Individual Research/EEG_JEPA/artifacts/lee-2019-fine-tuning/SSVEP/20260404_1049_10980953/config.json
[2026-04-04 10:49:46] Epoch window configuration:
[2026-04-04 10:49:46]   Target sfreq:                128 Hz
[2026-04-04 10:49:46]   Target duration:             4.190000 s
[2026-04-04 10:49:46]   Window samples (rounded):    536
[2026-04-04 10:49:46]   Base trial samples (4.0 s):  512
[2026-04-04 10:49:46]   Trial stop offset samples:   24
[2026-04-04 10:49:46]   Effective window duration:   4.187500 s
[2026-04-04 10:49:46] Using specified subjects from config: [51, 54]
[2026-04-04 10:49:46] Selected subjects: [51, 54]
[2026-04-04 10:49:46] Expected evaluation folds: 10

[2026-04-04 10:49:46] Building MOABBDataset for Lee2019_SSVEP...
[2026-04-04 10:50:14] MOABBDataset recordings loaded: 4
[2026-04-04 10:50:14] Discovered annotation descriptions (first recording): [np.str_('12.0'), np.str_('5.45'), np.str_('6.67'), np.str_('8.57')]
[2026-04-04 10:50:14] Dataset event_id mapping: {'12.0': 1, '8.57': 2, '6.67': 3, '5.45': 4}
[2026-04-04 10:50:14] Label map (event_code -> class_index): {1: 0, 2: 1, 3: 2, 4: 3}
[2026-04-04 10:50:14] Applying Braindecode preprocessors to MOABBDataset...
[2026-04-04 10:50:32] Preprocessing complete.

[2026-04-04 10:50:32] Post-preprocessing validation
[2026-04-04 10:50:32]   Recordings in DATASET: 4
[2026-04-04 10:50:32]   Unique subject IDs:    ['51', '54']
[2026-04-04 10:50:32]   sfreq (first rec):     128.0 Hz
[2026-04-04 10:50:32]   EEG channel count:     62
[2026-04-04 10:50:32]   First 10 channels:     ['Fp1', 'Fp2', 'F7', 'F3', 'Fz', 'F4', 'F8', 'FC5', 'FC1', 'FC2']
[2026-04-04 10:50:32] Channel consistency summary:
[2026-04-04 10:50:32]   Checked runs: 4
[2026-04-04 10:50:32]   Unique channel counts: [62]
[2026-04-04 10:50:32]   Channel order consistent: True
[2026-04-04 10:50:32] Validated EEG channels: 62
[2026-04-04 10:50:32] First 10 EEG channels: ['Fp1', 'Fp2', 'F7', 'F3', 'Fz', 'F4', 'F8', 'FC5', 'FC1', 'FC2']
[2026-04-04 10:50:32] raw mean_abs=6.206608e+00
[2026-04-04 10:50:32] raw std=2.712803e+01
[2026-04-04 10:50:32] raw first5 channel std= [30.27595633 56.56813395 13.75714116  8.89857459  7.91183515]
[2026-04-04 10:50:32] Requested window samples: 536
[2026-04-04 10:50:32] Base trial samples:       512
[2026-04-04 10:50:32] Stop offset samples:      24
[2026-04-04 10:50:32] Global class counts: [100, 100, 100, 100]
[2026-04-04 10:50:32] Chance level (4-class): 0.25
[2026-04-04 10:50:32] One window shape: (62, 536)
[2026-04-04 10:50:32] One window label: 2
[2026-04-04 10:50:32] Window sample length expected=536, got=536
[2026-04-04 10:50:32] Subjects in window split: [51, 54]
[2026-04-04 10:50:32] Summarizing per-subject windows...
[2026-04-04 10:50:32]   Subject 51: n_windows=200, window_shape=(62, 536), class_counts=[50, 50, 50, 50]
[2026-04-04 10:50:32]   Subject 54: n_windows=200, window_shape=(62, 536), class_counts=[50, 50, 50, 50]
[2026-04-04 10:50:32]    subject_id  n_windows  n_channels  n_times      class_counts
0          51        200          62      536  [50, 50, 50, 50]
1          54        200          62      536  [50, 50, 50, 50]
[2026-04-04 10:50:32] Window validation summary:
[2026-04-04 10:50:32]   Subject 51: n_windows=200 class_counts=[50, 50, 50, 50]
[2026-04-04 10:50:32]   Subject 54: n_windows=200 class_counts=[50, 50, 50, 50]

[2026-04-04 10:50:32] Validated sampling rate target: 128 Hz
[2026-04-04 10:50:32] Validated window sample count:   536
[2026-04-04 10:50:32] Validated window duration:       4.1875 s
[2026-04-04 10:50:32] Validated channel count:         62
[2026-04-04 10:50:32] Total windows retained:          400
[2026-04-04 10:50:32] Preprocessing sanity checks:
[2026-04-04 10:50:32]   One sample label: 2
[2026-04-04 10:50:32]   One sample shape: (62, 536)
[2026-04-04 10:50:32]   Mean(abs(signal)): 7.808386e+00
[2026-04-04 10:50:32]   Mean(signal):      -1.469310e-08
[2026-04-04 10:50:32]   Std(signal):       1.102899e+01
[2026-04-04 10:50:32] Building model with input window duration: 4.1875 s
[2026-04-04 10:50:32] SignalJEPA_PreLocal instantiated successfully.
[2026-04-04 10:50:32]   Total parameters:     18,192
[2026-04-04 10:50:32]   Trainable parameters: 18,192
[2026-04-04 10:50:32] ======================================================================================================================================================
Layer (type (var_name):depth-idx)                  Input Shape               Output Shape              Param #                   Kernel Shape
======================================================================================================================================================
SignalJEPA_PreLocal (SignalJEPA_PreLocal)          [1, 62, 536]              [1, 4]                    --                        --
├─Sequential (spatial_conv): 1-1                   [1, 62, 536]              [1, 4, 536]               --                        --
│    └─Rearrange (0): 2-1                          [1, 62, 536]              [1, 1, 62, 536]           --                        --
│    └─Conv2d (1): 2-2                             [1, 1, 62, 536]           [1, 4, 1, 536]            252                       [62, 1]
│    └─Rearrange (2): 2-3                          [1, 4, 1, 536]            [1, 4, 536]               --                        --
├─_ConvFeatureEncoder (feature_encoder): 1-2       [1, 4, 536]               [1, 16, 64]               --                        --
│    └─Rearrange (0): 2-4                          [1, 4, 536]               [4, 1, 536]               --                        --
│    └─Sequential (1): 2-5                         [4, 1, 536]               [4, 8, 64]                --                        --
│    │    └─Conv1d (0): 3-1                        [4, 1, 536]               [4, 8, 64]                256                       [32]
│    │    └─Dropout (1): 3-2                       [4, 8, 64]                [4, 8, 64]                --                        --
│    │    └─GroupNorm (2): 3-3                     [4, 8, 64]                [4, 8, 64]                16                        --
│    │    └─GELU (3): 3-4                          [4, 8, 64]                [4, 8, 64]                --                        --
│    └─Sequential (2): 2-6                         [4, 8, 64]                [4, 16, 32]               --                        --
│    │    └─Conv1d (0): 3-5                        [4, 8, 64]                [4, 16, 32]               256                       [2]
│    │    └─Dropout (1): 3-6                       [4, 16, 32]               [4, 16, 32]               --                        --
│    │    └─GELU (2): 3-7                          [4, 16, 32]               [4, 16, 32]               --                        --
│    └─Sequential (3): 2-7                         [4, 16, 32]               [4, 32, 16]               --                        --
│    │    └─Conv1d (0): 3-8                        [4, 16, 32]               [4, 32, 16]               1,024                     [2]
│    │    └─Dropout (1): 3-9                       [4, 32, 16]               [4, 32, 16]               --                        --
│    │    └─GELU (2): 3-10                         [4, 32, 16]               [4, 32, 16]               --                        --
│    └─Sequential (4): 2-8                         [4, 32, 16]               [4, 64, 8]                --                        --
│    │    └─Conv1d (0): 3-11                       [4, 32, 16]               [4, 64, 8]                4,096                     [2]
│    │    └─Dropout (1): 3-12                      [4, 64, 8]                [4, 64, 8]                --                        --
│    │    └─GELU (2): 3-13                         [4, 64, 8]                [4, 64, 8]                --                        --
│    └─Sequential (5): 2-9                         [4, 64, 8]                [4, 64, 4]                --                        --
│    │    └─Conv1d (0): 3-14                       [4, 64, 8]                [4, 64, 4]                8,192                     [2]
│    │    └─Dropout (1): 3-15                      [4, 64, 4]                [4, 64, 4]                --                        --
│    │    └─GELU (2): 3-16                         [4, 64, 4]                [4, 64, 4]                --                        --
│    └─Rearrange (6): 2-10                         [4, 64, 4]                [1, 16, 64]               --                        --
├─Sequential (final_layer): 1-3                    [1, 16, 64]               [1, 4]                    --                        --
│    └─Flatten (0): 2-11                           [1, 16, 64]               [1, 1024]                 --                        --
│    └─Linear (1): 2-12                            [1, 1024]                 [1, 4]                    4,100                     --
======================================================================================================================================================
Total params: 18,192
Trainable params: 18,192
Non-trainable params: 0
Total mult-adds (Units.MEGABYTES): 0.57
======================================================================================================================================================
Input size (MB): 0.13
Forward/backward pass size (MB): 0.11
Params size (MB): 0.07
Estimated Total Size (MB): 0.31
======================================================================================================================================================
[2026-04-04 10:50:32] Initializing from 16s-60 pretrained checkpoint (Hugging Face):
[2026-04-04 10:50:32]   https://huggingface.co/braindecode/SignalJEPA/resolve/main/signal-jepa_16s-60_adeuwv4s.pth
[2026-04-04 10:50:32]   Downloaded 179 keys
[2026-04-04 10:50:32] ======================================================================
[2026-04-04 10:50:32] STARTING CROSS-VALIDATION
[2026-04-04 10:50:32] ======================================================================
[2026-04-04 10:50:32] Subjects:      [51, 54]
[2026-04-04 10:50:32] CV folds:      5
[2026-04-04 10:50:32] Batch size:    16
[2026-04-04 10:50:32] Max epochs:    5000
[2026-04-04 10:50:32] Device:        mps
[2026-04-04 10:50:32] Seed control:  True
[2026-04-04 10:50:32] Base seed:     5101
[2026-04-04 10:50:32] ======================================================================

[2026-04-04 10:50:32] Subject 51: 200 windows | class_counts=[50, 50, 50, 50]
[2026-04-04 10:50:32]   Fold 1 class counts: train=[32, 32, 32, 32] val=[8, 8, 8, 8] test=[10, 10, 10, 10]
[2026-04-04 10:50:32]   Fold 2 class counts: train=[32, 32, 32, 32] val=[8, 8, 8, 8] test=[10, 10, 10, 10]
[2026-04-04 10:50:32]   Fold 3 class counts: train=[32, 32, 32, 32] val=[8, 8, 8, 8] test=[10, 10, 10, 10]
[2026-04-04 10:50:32]   Fold 4 class counts: train=[32, 32, 32, 32] val=[8, 8, 8, 8] test=[10, 10, 10, 10]
[2026-04-04 10:50:32]   Fold 5 class counts: train=[32, 32, 32, 32] val=[8, 8, 8, 8] test=[10, 10, 10, 10]
[2026-04-04 10:50:32]     Train class counts: [32, 32, 32, 32]
[2026-04-04 10:50:32]     Val class counts:   [8, 8, 8, 8]
[2026-04-04 10:50:32]     Test class counts:  [10, 10, 10, 10]
[2026-04-04 10:50:32] Building model with input window duration: 4.1875 s
[2026-04-04 10:50:32] Pretrained weight loading:
[2026-04-04 10:50:32]   Downloaded keys:        179
[2026-04-04 10:50:32]   Filtered (transformer): 172
[2026-04-04 10:50:32]   Filtered (pos_encoder): 0
[2026-04-04 10:50:32]   Keys to load:           7
[2026-04-04 10:50:32]   Missing keys:           4
[2026-04-04 10:50:32]   Unexpected keys:        0
[2026-04-04 10:50:32]   Missing preview:        ['spatial_conv.1.weight', 'spatial_conv.1.bias', 'final_layer.1.weight', 'final_layer.1.bias']
[2026-04-04 10:50:32]   Unexpected preview:     []
[2026-04-04 10:50:32] Trainable modules: spatial_conv + final_layer (4,352 / 18,192 params, 23.9%)
[2026-04-04 10:50:32]   - final_layer.1.bias
[2026-04-04 10:50:32]   - final_layer.1.weight
[2026-04-04 10:50:32]   - spatial_conv.1.bias
[2026-04-04 10:50:32]   - spatial_conv.1.weight
[2026-04-04 10:50:42]   Fold 1/5 | best_epoch=62 | stop=110 | val_loss=1.3802 | acc=0.2500 | bal_acc=0.2500
[2026-04-04 10:50:42]     Train class counts: [32, 32, 32, 32]
[2026-04-04 10:50:42]     Val class counts:   [8, 8, 8, 8]
[2026-04-04 10:50:42]     Test class counts:  [10, 10, 10, 10]
[2026-04-04 10:50:42] Building model with input window duration: 4.1875 s
[2026-04-04 10:50:42] Pretrained weight loading:
[2026-04-04 10:50:42]   Downloaded keys:        179
[2026-04-04 10:50:42]   Filtered (transformer): 172
[2026-04-04 10:50:42]   Filtered (pos_encoder): 0
[2026-04-04 10:50:42]   Keys to load:           7
[2026-04-04 10:50:42]   Missing keys:           4
[2026-04-04 10:50:42]   Unexpected keys:        0
[2026-04-04 10:50:42]   Missing preview:        ['spatial_conv.1.weight', 'spatial_conv.1.bias', 'final_layer.1.weight', 'final_layer.1.bias']
[2026-04-04 10:50:42]   Unexpected preview:     []
[2026-04-04 10:52:21]   Fold 2/5 | best_epoch=1121 | stop=1171 | val_loss=1.1777 | acc=0.4000 | bal_acc=0.4000
[2026-04-04 10:52:21]     Train class counts: [32, 32, 32, 32]
[2026-04-04 10:52:21]     Val class counts:   [8, 8, 8, 8]
[2026-04-04 10:52:21]     Test class counts:  [10, 10, 10, 10]
[2026-04-04 10:52:21] Building model with input window duration: 4.1875 s
[2026-04-04 10:52:21] Pretrained weight loading:
[2026-04-04 10:52:21]   Downloaded keys:        179
[2026-04-04 10:52:21]   Filtered (transformer): 172
[2026-04-04 10:52:21]   Filtered (pos_encoder): 0
[2026-04-04 10:52:21]   Keys to load:           7
[2026-04-04 10:52:21]   Missing keys:           4
[2026-04-04 10:52:21]   Unexpected keys:        0
[2026-04-04 10:52:21]   Missing preview:        ['spatial_conv.1.weight', 'spatial_conv.1.bias', 'final_layer.1.weight', 'final_layer.1.bias']
[2026-04-04 10:52:21]   Unexpected preview:     []
[2026-04-04 10:53:23]   Fold 3/5 | best_epoch=688 | stop=738 | val_loss=1.3291 | acc=0.4750 | bal_acc=0.4750
[2026-04-04 10:53:23]     Train class counts: [32, 32, 32, 32]
[2026-04-04 10:53:23]     Val class counts:   [8, 8, 8, 8]
[2026-04-04 10:53:23]     Test class counts:  [10, 10, 10, 10]
[2026-04-04 10:53:23] Building model with input window duration: 4.1875 s
[2026-04-04 10:53:23] Pretrained weight loading:
[2026-04-04 10:53:23]   Downloaded keys:        179
[2026-04-04 10:53:23]   Filtered (transformer): 172
[2026-04-04 10:53:23]   Filtered (pos_encoder): 0
[2026-04-04 10:53:23]   Keys to load:           7
[2026-04-04 10:53:23]   Missing keys:           4
[2026-04-04 10:53:23]   Unexpected keys:        0
[2026-04-04 10:53:23]   Missing preview:        ['spatial_conv.1.weight', 'spatial_conv.1.bias', 'final_layer.1.weight', 'final_layer.1.bias']
[2026-04-04 10:53:23]   Unexpected preview:     []
[2026-04-04 10:56:43]   Fold 4/5 | best_epoch=2337 | stop=2387 | val_loss=1.2082 | acc=0.5500 | bal_acc=0.5500
[2026-04-04 10:56:43]     Train class counts: [32, 32, 32, 32]
[2026-04-04 10:56:43]     Val class counts:   [8, 8, 8, 8]
[2026-04-04 10:56:43]     Test class counts:  [10, 10, 10, 10]
[2026-04-04 10:56:43] Building model with input window duration: 4.1875 s
[2026-04-04 10:56:43] Pretrained weight loading:
[2026-04-04 10:56:43]   Downloaded keys:        179
[2026-04-04 10:56:43]   Filtered (transformer): 172
[2026-04-04 10:56:43]   Filtered (pos_encoder): 0
[2026-04-04 10:56:43]   Keys to load:           7
[2026-04-04 10:56:43]   Missing keys:           4
[2026-04-04 10:56:43]   Unexpected keys:        0
[2026-04-04 10:56:43]   Missing preview:        ['spatial_conv.1.weight', 'spatial_conv.1.bias', 'final_layer.1.weight', 'final_layer.1.bias']
[2026-04-04 10:56:43]   Unexpected preview:     []
[2026-04-04 10:58:03]   Fold 5/5 | best_epoch=961 | stop=966 | val_loss=1.3267 | acc=0.4750 | bal_acc=0.4750
[2026-04-04 10:58:03]   Subject 51 summary: acc=0.4300±0.1017  bal_acc=0.4300±0.1017

[2026-04-04 10:58:03] Subject 54: 200 windows | class_counts=[50, 50, 50, 50]
[2026-04-04 10:58:03]   Fold 1 class counts: train=[32, 32, 32, 32] val=[8, 8, 8, 8] test=[10, 10, 10, 10]
[2026-04-04 10:58:03]   Fold 2 class counts: train=[32, 32, 32, 32] val=[8, 8, 8, 8] test=[10, 10, 10, 10]
[2026-04-04 10:58:03]   Fold 3 class counts: train=[32, 32, 32, 32] val=[8, 8, 8, 8] test=[10, 10, 10, 10]
[2026-04-04 10:58:03]   Fold 4 class counts: train=[32, 32, 32, 32] val=[8, 8, 8, 8] test=[10, 10, 10, 10]
[2026-04-04 10:58:03]   Fold 5 class counts: train=[32, 32, 32, 32] val=[8, 8, 8, 8] test=[10, 10, 10, 10]
[2026-04-04 10:58:03]     Train class counts: [32, 32, 32, 32]
[2026-04-04 10:58:03]     Val class counts:   [8, 8, 8, 8]
[2026-04-04 10:58:03]     Test class counts:  [10, 10, 10, 10]
[2026-04-04 10:58:03] Building model with input window duration: 4.1875 s
[2026-04-04 10:58:03] Pretrained weight loading:
[2026-04-04 10:58:03]   Downloaded keys:        179
[2026-04-04 10:58:03]   Filtered (transformer): 172
[2026-04-04 10:58:03]   Filtered (pos_encoder): 0
[2026-04-04 10:58:03]   Keys to load:           7
[2026-04-04 10:58:03]   Missing keys:           4
[2026-04-04 10:58:03]   Unexpected keys:        0
[2026-04-04 10:58:03]   Missing preview:        ['spatial_conv.1.weight', 'spatial_conv.1.bias', 'final_layer.1.weight', 'final_layer.1.bias']
[2026-04-04 10:58:03]   Unexpected preview:     []
[2026-04-04 11:02:02]   Fold 1/5 | best_epoch=2833 | stop=2883 | val_loss=0.7786 | acc=0.6500 | bal_acc=0.6500
[2026-04-04 11:02:02]     Train class counts: [32, 32, 32, 32]
[2026-04-04 11:02:02]     Val class counts:   [8, 8, 8, 8]
[2026-04-04 11:02:02]     Test class counts:  [10, 10, 10, 10]
[2026-04-04 11:02:02] Building model with input window duration: 4.1875 s
[2026-04-04 11:02:02] Pretrained weight loading:
[2026-04-04 11:02:02]   Downloaded keys:        179
[2026-04-04 11:02:02]   Filtered (transformer): 172
[2026-04-04 11:02:02]   Filtered (pos_encoder): 0
[2026-04-04 11:02:02]   Keys to load:           7
[2026-04-04 11:02:02]   Missing keys:           4
[2026-04-04 11:02:02]   Unexpected keys:        0
[2026-04-04 11:02:02]   Missing preview:        ['spatial_conv.1.weight', 'spatial_conv.1.bias', 'final_layer.1.weight', 'final_layer.1.bias']
[2026-04-04 11:02:02]   Unexpected preview:     []
[2026-04-04 11:02:06]   Fold 2/5 | best_epoch=1 | stop=51 | val_loss=1.3867 | acc=0.2000 | bal_acc=0.2000
[2026-04-04 11:02:06]     Train class counts: [32, 32, 32, 32]
[2026-04-04 11:02:06]     Val class counts:   [8, 8, 8, 8]
[2026-04-04 11:02:06]     Test class counts:  [10, 10, 10, 10]
[2026-04-04 11:02:06] Building model with input window duration: 4.1875 s
[2026-04-04 11:02:06] Pretrained weight loading:
[2026-04-04 11:02:06]   Downloaded keys:        179
[2026-04-04 11:02:06]   Filtered (transformer): 172
[2026-04-04 11:02:06]   Filtered (pos_encoder): 0
[2026-04-04 11:02:06]   Keys to load:           7
[2026-04-04 11:02:06]   Missing keys:           4
[2026-04-04 11:02:06]   Unexpected keys:        0
[2026-04-04 11:02:06]   Missing preview:        ['spatial_conv.1.weight', 'spatial_conv.1.bias', 'final_layer.1.weight', 'final_layer.1.bias']
[2026-04-04 11:02:06]   Unexpected preview:     []
[2026-04-04 11:06:30]   Fold 3/5 | best_epoch=3124 | stop=3174 | val_loss=0.7040 | acc=0.8250 | bal_acc=0.8250
[2026-04-04 11:06:30]     Train class counts: [32, 32, 32, 32]
[2026-04-04 11:06:30]     Val class counts:   [8, 8, 8, 8]
[2026-04-04 11:06:30]     Test class counts:  [10, 10, 10, 10]
[2026-04-04 11:06:30] Building model with input window duration: 4.1875 s
[2026-04-04 11:06:30] Pretrained weight loading:
[2026-04-04 11:06:30]   Downloaded keys:        179
[2026-04-04 11:06:30]   Filtered (transformer): 172
[2026-04-04 11:06:30]   Filtered (pos_encoder): 0
[2026-04-04 11:06:30]   Keys to load:           7
[2026-04-04 11:06:30]   Missing keys:           4
[2026-04-04 11:06:30]   Unexpected keys:        0
[2026-04-04 11:06:30]   Missing preview:        ['spatial_conv.1.weight', 'spatial_conv.1.bias', 'final_layer.1.weight', 'final_layer.1.bias']
[2026-04-04 11:06:30]   Unexpected preview:     []
[2026-04-04 11:12:18]   Fold 4/5 | best_epoch=4035 | stop=4085 | val_loss=0.5666 | acc=0.6250 | bal_acc=0.6250
[2026-04-04 11:12:18]     Train class counts: [32, 32, 32, 32]
[2026-04-04 11:12:18]     Val class counts:   [8, 8, 8, 8]
[2026-04-04 11:12:18]     Test class counts:  [10, 10, 10, 10]
[2026-04-04 11:12:18] Building model with input window duration: 4.1875 s
[2026-04-04 11:12:18] Pretrained weight loading:
[2026-04-04 11:12:18]   Downloaded keys:        179
[2026-04-04 11:12:18]   Filtered (transformer): 172
[2026-04-04 11:12:18]   Filtered (pos_encoder): 0
[2026-04-04 11:12:18]   Keys to load:           7
[2026-04-04 11:12:18]   Missing keys:           4
[2026-04-04 11:12:18]   Unexpected keys:        0
[2026-04-04 11:12:18]   Missing preview:        ['spatial_conv.1.weight', 'spatial_conv.1.bias', 'final_layer.1.weight', 'final_layer.1.bias']
[2026-04-04 11:12:18]   Unexpected preview:     []
[2026-04-04 11:16:18]   Fold 5/5 | best_epoch=2672 | stop=2722 | val_loss=0.8229 | acc=0.7000 | bal_acc=0.7000
[2026-04-04 11:16:18]   Subject 54 summary: acc=0.6000±0.2115  bal_acc=0.6000±0.2115

[2026-04-04 11:16:18] Total folds completed: 10
[2026-04-04 11:16:18] ======================================================================
[2026-04-04 11:16:18] AGGREGATED RESULTS
[2026-04-04 11:16:18] ======================================================================
[2026-04-04 11:16:18]   Subject 51:  acc=0.4300±0.1017  bal_acc=0.4300±0.1017
[2026-04-04 11:16:18]   Subject 54:  acc=0.6000±0.2115  bal_acc=0.6000±0.2115
[2026-04-04 11:16:18] ----------------------------------------------------------------------
[2026-04-04 11:16:18]   OVERALL:      acc=0.5150±0.1865  bal_acc=0.5150±0.1865
[2026-04-04 11:16:18] ======================================================================
[2026-04-04 11:16:18] CV results saved to:      /Users/vadim/Documents/School/Spring 2026/CSCE A698 Individual Research/EEG_JEPA/artifacts/lee-2019-fine-tuning/SSVEP/20260404_1049_10980953/cv_results.json
[2026-04-04 11:16:18] Subject metrics saved to: /Users/vadim/Documents/School/Spring 2026/CSCE A698 Individual Research/EEG_JEPA/artifacts/lee-2019-fine-tuning/SSVEP/20260404_1049_10980953/subject_metrics.json
[2026-04-04 11:16:18] Global metrics saved to:  /Users/vadim/Documents/School/Spring 2026/CSCE A698 Individual Research/EEG_JEPA/artifacts/lee-2019-fine-tuning/SSVEP/20260404_1049_10980953/global_metrics.json
[2026-04-04 11:16:18] Run metadata saved to:    /Users/vadim/Documents/School/Spring 2026/CSCE A698 Individual Research/EEG_JEPA/artifacts/lee-2019-fine-tuning/SSVEP/20260404_1049_10980953/run_metadata.json

[2026-04-04 11:16:18] All artifacts in: /Users/vadim/Documents/School/Spring 2026/CSCE A698 Individual Research/EEG_JEPA/artifacts/lee-2019-fine-tuning/SSVEP/20260404_1049_10980953

[2026-04-04 11:16:18] ======================================================================
[2026-04-04 11:16:18] EXPERIMENT SUMMARY
[2026-04-04 11:16:18] ======================================================================
[2026-04-04 11:16:18] Run ID:    20260404_1049_10980953
[2026-04-04 11:16:18] Artifacts: /Users/vadim/Documents/School/Spring 2026/CSCE A698 Individual Research/EEG_JEPA/artifacts/lee-2019-fine-tuning/SSVEP/20260404_1049_10980953

[2026-04-04 11:16:18] Configuration:
[2026-04-04 11:16:18]   Subjects:          [51, 54]
[2026-04-04 11:16:18]   Bandpass:          0.5-40.0 Hz
[2026-04-04 11:16:18]   Resample:          128 Hz
[2026-04-04 11:16:18]   CV folds:          5
[2026-04-04 11:16:18]   Learning rate:     0.0001
[2026-04-04 11:16:18]   Batch size:        16
[2026-04-04 11:16:18]   Max epochs:        5000

[2026-04-04 11:16:18] Results:
[2026-04-04 11:16:18]   Mean Accuracy:          0.5150 ± 0.1865
[2026-04-04 11:16:18]   Mean Balanced Accuracy: 0.5150 ± 0.1865
