[2026-04-01 09:55:14] Using device: cpu
[2026-04-01 09:55:14] Seed control enabled: True
[2026-04-01 09:55:14] Base seed: 2009
[2026-04-01 09:55:14] Seed initialized: 2009
[2026-04-01 09:55:14] ======================================================================
[2026-04-01 09:55:14] CONFIGURATION
[2026-04-01 09:55:14] ======================================================================
[2026-04-01 09:55:14]   artifact_dir: /home/vegorov/Repos/eeg_jepa_research/artifacts/lee-2019-fine-tuning
[2026-04-01 09:55:14]   bandpass_high: 40.0
[2026-04-01 09:55:14]   bandpass_low: 0.5
[2026-04-01 09:55:14]   batch_size: 8
[2026-04-01 09:55:14]   convert_to_uV: True
[2026-04-01 09:55:14]   cv_folds: 5
[2026-04-01 09:55:14]   device: auto
[2026-04-01 09:55:14]   early_stopping_patience: 50
[2026-04-01 09:55:14]   learning_rate: 0.0012
[2026-04-01 09:55:14]   n_epochs: 5000
[2026-04-01 09:55:14]   normalization_method: None
[2026-04-01 09:55:14]   normalize: False
[2026-04-01 09:55:14]   paradigm: SSVEP
[2026-04-01 09:55:14]   pretrained_url: https://huggingface.co/braindecode/SignalJEPA/resolve/main/signal-jepa_16s-60_adeuwv4s.pth
[2026-04-01 09:55:14]   seed: 2009
[2026-04-01 09:55:14]   set_seed: True
[2026-04-01 09:55:14]   sfreq: 128
[2026-04-01 09:55:14]   subjects_to_use: [51]
[2026-04-01 09:55:14]   val_split: 0.2
[2026-04-01 09:55:14] ======================================================================
[2026-04-01 09:55:14] Config saved to: /home/vegorov/Repos/eeg_jepa_research/artifacts/lee-2019-fine-tuning/SSVEP/20260401_0955_6b0ffc0a/config.json
[2026-04-01 09:55:14] Epoch window configuration:
[2026-04-01 09:55:14]   Target sfreq:                128 Hz
[2026-04-01 09:55:14]   Target duration:             4.190000 s
[2026-04-01 09:55:14]   Window samples (rounded):    536
[2026-04-01 09:55:14]   Base trial samples (4.0 s):  512
[2026-04-01 09:55:14]   Trial stop offset samples:   24
[2026-04-01 09:55:14]   Effective window duration:   4.187500 s
[2026-04-01 09:55:14] Using specified subjects from config: [51]
[2026-04-01 09:55:14] Selected subjects: [51]
[2026-04-01 09:55:14] Expected evaluation folds: 5

[2026-04-01 09:55:14] Building MOABBDataset for Lee2019_SSVEP...
[2026-04-01 09:55:23] MOABBDataset recordings loaded: 1
[2026-04-01 09:55:23] Discovered annotation descriptions (first recording): [np.str_('12.0'), np.str_('5.45'), np.str_('6.67'), np.str_('8.57')]
[2026-04-01 09:55:23] Dataset event_id mapping: {'12.0': 1, '8.57': 2, '6.67': 3, '5.45': 4}
[2026-04-01 09:55:23] Label map (event_code -> class_index): {1: 0, 2: 1, 3: 2, 4: 3}
[2026-04-01 09:55:23] Applying Braindecode preprocessors to MOABBDataset...
[2026-04-01 09:55:26] Preprocessing complete.

[2026-04-01 09:55:26] Post-preprocessing validation
[2026-04-01 09:55:26]   Recordings in DATASET: 1
[2026-04-01 09:55:26]   Unique subject IDs:    ['51']
[2026-04-01 09:55:26]   sfreq (first rec):     128.0 Hz
[2026-04-01 09:55:26]   EEG channel count:     62
[2026-04-01 09:55:26]   First 10 channels:     ['Fp1', 'Fp2', 'F7', 'F3', 'Fz', 'F4', 'F8', 'FC5', 'FC1', 'FC2']
[2026-04-01 09:55:26] Channel consistency summary:
[2026-04-01 09:55:26]   Checked runs: 1
[2026-04-01 09:55:26]   Unique channel counts: [62]
[2026-04-01 09:55:26]   Channel order consistent: True
[2026-04-01 09:55:26] Validated EEG channels: 62
[2026-04-01 09:55:26] First 10 EEG channels: ['Fp1', 'Fp2', 'F7', 'F3', 'Fz', 'F4', 'F8', 'FC5', 'FC1', 'FC2']
[2026-04-01 09:55:26] raw mean_abs=8.654730e+00
[2026-04-01 09:55:26] raw std=3.494582e+01
[2026-04-01 09:55:26] raw first5 channel std= [46.22404553 54.63339771 16.95830183 13.82897057 11.24366025]
[2026-04-01 09:55:26] Requested window samples: 536
[2026-04-01 09:55:26] Base trial samples:       512
[2026-04-01 09:55:26] Stop offset samples:      24
[2026-04-01 09:55:26] Global class counts: [25, 25, 25, 25]
[2026-04-01 09:55:26] Chance level (4-class): 0.25
[2026-04-01 09:55:26] One window shape: (62, 536)
[2026-04-01 09:55:26] One window label: 1
[2026-04-01 09:55:26] Window sample length expected=536, got=536
[2026-04-01 09:55:26] Subjects in window split: [51]
[2026-04-01 09:55:26] Summarizing per-subject windows...
[2026-04-01 09:55:26]   Subject 51: n_windows=100, window_shape=(62, 536), class_counts=[25, 25, 25, 25]
[2026-04-01 09:55:26]    subject_id  n_windows  n_channels  n_times      class_counts
0          51        100          62      536  [25, 25, 25, 25]
[2026-04-01 09:55:26] Window validation summary:
[2026-04-01 09:55:26]   Subject 51: n_windows=100 class_counts=[25, 25, 25, 25]

[2026-04-01 09:55:26] Validated sampling rate target: 128 Hz
[2026-04-01 09:55:26] Validated window sample count:   536
[2026-04-01 09:55:26] Validated window duration:       4.1875 s
[2026-04-01 09:55:26] Validated channel count:         62
[2026-04-01 09:55:26] Total windows retained:          100
[2026-04-01 09:55:26] Preprocessing sanity checks:
[2026-04-01 09:55:26]   One sample label: 1
[2026-04-01 09:55:26]   One sample shape: (62, 536)
[2026-04-01 09:55:26]   Mean(abs(signal)): 4.094026e+00
[2026-04-01 09:55:26]   Mean(signal):      7.346552e-09
[2026-04-01 09:55:26]   Std(signal):       5.860601e+00
[2026-04-01 09:55:26] Building model with input window duration: 4.1875 s
[2026-04-01 09:55:26] SignalJEPA_PreLocal instantiated successfully.
[2026-04-01 09:55:26]   Total parameters:     18,192
[2026-04-01 09:55:26]   Trainable parameters: 18,192
[2026-04-01 09:55:26] ======================================================================================================================================================
Layer (type (var_name):depth-idx)                  Input Shape               Output Shape              Param #                   Kernel Shape
======================================================================================================================================================
SignalJEPA_PreLocal (SignalJEPA_PreLocal)          [1, 62, 536]              [1, 4]                    --                        --
├─Sequential (spatial_conv): 1-1                   [1, 62, 536]              [1, 4, 536]               --                        --
│    └─Rearrange (0): 2-1                          [1, 62, 536]              [1, 1, 62, 536]           --                        --
│    └─Conv2d (1): 2-2                             [1, 1, 62, 536]           [1, 4, 1, 536]            252                       [62, 1]
│    └─Rearrange (2): 2-3                          [1, 4, 1, 536]            [1, 4, 536]               --                        --
├─_ConvFeatureEncoder (feature_encoder): 1-2       [1, 4, 536]               [1, 16, 64]               --                        --
│    └─Rearrange (0): 2-4                          [1, 4, 536]               [4, 1, 536]               --                        --
│    └─Sequential (1): 2-5                         [4, 1, 536]               [4, 8, 64]                --                        --
│    │    └─Conv1d (0): 3-1                        [4, 1, 536]               [4, 8, 64]                256                       [32]
│    │    └─Dropout (1): 3-2                       [4, 8, 64]                [4, 8, 64]                --                        --
│    │    └─GroupNorm (2): 3-3                     [4, 8, 64]                [4, 8, 64]                16                        --
│    │    └─GELU (3): 3-4                          [4, 8, 64]                [4, 8, 64]                --                        --
│    └─Sequential (2): 2-6                         [4, 8, 64]                [4, 16, 32]               --                        --
│    │    └─Conv1d (0): 3-5                        [4, 8, 64]                [4, 16, 32]               256                       [2]
│    │    └─Dropout (1): 3-6                       [4, 16, 32]               [4, 16, 32]               --                        --
│    │    └─GELU (2): 3-7                          [4, 16, 32]               [4, 16, 32]               --                        --
│    └─Sequential (3): 2-7                         [4, 16, 32]               [4, 32, 16]               --                        --
│    │    └─Conv1d (0): 3-8                        [4, 16, 32]               [4, 32, 16]               1,024                     [2]
│    │    └─Dropout (1): 3-9                       [4, 32, 16]               [4, 32, 16]               --                        --
│    │    └─GELU (2): 3-10                         [4, 32, 16]               [4, 32, 16]               --                        --
│    └─Sequential (4): 2-8                         [4, 32, 16]               [4, 64, 8]                --                        --
│    │    └─Conv1d (0): 3-11                       [4, 32, 16]               [4, 64, 8]                4,096                     [2]
│    │    └─Dropout (1): 3-12                      [4, 64, 8]                [4, 64, 8]                --                        --
│    │    └─GELU (2): 3-13                         [4, 64, 8]                [4, 64, 8]                --                        --
│    └─Sequential (5): 2-9                         [4, 64, 8]                [4, 64, 4]                --                        --
│    │    └─Conv1d (0): 3-14                       [4, 64, 8]                [4, 64, 4]                8,192                     [2]
│    │    └─Dropout (1): 3-15                      [4, 64, 4]                [4, 64, 4]                --                        --
│    │    └─GELU (2): 3-16                         [4, 64, 4]                [4, 64, 4]                --                        --
│    └─Rearrange (6): 2-10                         [4, 64, 4]                [1, 16, 64]               --                        --
├─Sequential (final_layer): 1-3                    [1, 16, 64]               [1, 4]                    --                        --
│    └─Flatten (0): 2-11                           [1, 16, 64]               [1, 1024]                 --                        --
│    └─Linear (1): 2-12                            [1, 1024]                 [1, 4]                    4,100                     --
======================================================================================================================================================
Total params: 18,192
Trainable params: 18,192
Non-trainable params: 0
Total mult-adds (Units.MEGABYTES): 0.57
======================================================================================================================================================
Input size (MB): 0.13
Forward/backward pass size (MB): 0.11
Params size (MB): 0.07
Estimated Total Size (MB): 0.31
======================================================================================================================================================
[2026-04-01 09:55:26] Initializing from 16s-60 pretrained checkpoint (Hugging Face):
[2026-04-01 09:55:26]   https://huggingface.co/braindecode/SignalJEPA/resolve/main/signal-jepa_16s-60_adeuwv4s.pth
[2026-04-01 09:55:26]   Downloaded 179 keys
[2026-04-01 09:55:26] ======================================================================
[2026-04-01 09:55:26] STARTING CROSS-VALIDATION
[2026-04-01 09:55:26] ======================================================================
[2026-04-01 09:55:26] Subjects:      [51]
[2026-04-01 09:55:26] CV folds:      5
[2026-04-01 09:55:26] Batch size:    8
[2026-04-01 09:55:26] Max epochs:    5000
[2026-04-01 09:55:26] Device:        cpu
[2026-04-01 09:55:26] Seed control:  True
[2026-04-01 09:55:26] Base seed:     2009
[2026-04-01 09:55:26] ======================================================================

[2026-04-01 09:55:26] Subject 51: 100 windows class_counts=[25, 25, 25, 25]
[2026-04-01 09:55:26]   Fold 1 split seed: 2010
[2026-04-01 09:55:26]   Fold 1 split class counts:
[2026-04-01 09:55:26]     train=[16, 16, 16, 16] val=[4, 4, 4, 4] test=[5, 5, 5, 5]
[2026-04-01 09:55:26]   Fold 2 split seed: 2011
[2026-04-01 09:55:26]   Fold 2 split class counts:
[2026-04-01 09:55:26]     train=[16, 16, 16, 16] val=[4, 4, 4, 4] test=[5, 5, 5, 5]
[2026-04-01 09:55:26]   Fold 3 split seed: 2012
[2026-04-01 09:55:26]   Fold 3 split class counts:
[2026-04-01 09:55:26]     train=[16, 16, 16, 16] val=[4, 4, 4, 4] test=[5, 5, 5, 5]
[2026-04-01 09:55:26]   Fold 4 split seed: 2013
[2026-04-01 09:55:26]   Fold 4 split class counts:
[2026-04-01 09:55:26]     train=[16, 16, 16, 16] val=[4, 4, 4, 4] test=[5, 5, 5, 5]
[2026-04-01 09:55:26]   Fold 5 split seed: 2014
[2026-04-01 09:55:26]   Fold 5 split class counts:
[2026-04-01 09:55:26]     train=[16, 16, 16, 16] val=[4, 4, 4, 4] test=[5, 5, 5, 5]
[2026-04-01 09:55:26]   Subject 51 Fold 1 seed: 7110
[2026-04-01 09:55:26]   Subject 51 Fold 1: n_train=64 n_val=16 n_test=20
[2026-04-01 09:55:26]     Train class counts: [16, 16, 16, 16]
[2026-04-01 09:55:26]     Val class counts:   [4, 4, 4, 4]
[2026-04-01 09:55:26]     Test class counts:  [5, 5, 5, 5]
[2026-04-01 09:55:26] Building model with input window duration: 4.1875 s
[2026-04-01 09:55:26] Pretrained weight loading:
[2026-04-01 09:55:26]   Downloaded keys:        179
[2026-04-01 09:55:26]   Filtered (transformer): 172
[2026-04-01 09:55:26]   Filtered (pos_encoder): 0
[2026-04-01 09:55:26]   Keys to load:           7
[2026-04-01 09:55:26]   Missing keys:           4
[2026-04-01 09:55:26]   Unexpected keys:        0
[2026-04-01 09:55:26]   Missing preview:        ['spatial_conv.1.weight', 'spatial_conv.1.bias', 'final_layer.1.weight', 'final_layer.1.bias']
[2026-04-01 09:55:26]   Unexpected preview:     []
[2026-04-01 09:55:26] Encoder freeze configuration:
[2026-04-01 09:55:26]   Total parameters:        18,192
[2026-04-01 09:55:26]   Trainable parameters:    4,352
[2026-04-01 09:55:26]   Training percentage:     23.9%
[2026-04-01 09:55:26]   Trainable layers: 4
[2026-04-01 09:55:26]     - final_layer.1.bias
[2026-04-01 09:55:26]     - final_layer.1.weight
[2026-04-01 09:55:26]     - spatial_conv.1.bias
[2026-04-01 09:55:26]     - spatial_conv.1.weight
[2026-04-01 09:55:26]     Train generator seeded: True
[2026-04-01 09:55:29]     Stopped epoch:            108
[2026-04-01 09:55:29]     Best epoch (valid_loss):  58
[2026-04-01 09:55:29]     Best valid_loss:          1.3140282034873962
[2026-04-01 09:55:29]     Test accuracy (primary):  0.3500
[2026-04-01 09:55:29]     Test balanced acc:        0.3500
[2026-04-01 09:55:29]     Confusion matrix:         [[2, 0, 1, 2], [0, 1, 1, 3], [1, 0, 2, 2], [1, 0, 2, 2]]
[2026-04-01 09:55:29]     Prediction histogram:     [4, 1, 6, 9]
[2026-04-01 09:55:29]     fold_acc=0.3500 fold_bal_acc=0.3500 cm=[[2, 0, 1, 2], [0, 1, 1, 3], [1, 0, 2, 2], [1, 0, 2, 2]]
[2026-04-01 09:55:29]   Subject 51 Fold 2 seed: 7111
[2026-04-01 09:55:29]   Subject 51 Fold 2: n_train=64 n_val=16 n_test=20
[2026-04-01 09:55:29]     Train class counts: [16, 16, 16, 16]
[2026-04-01 09:55:29]     Val class counts:   [4, 4, 4, 4]
[2026-04-01 09:55:29]     Test class counts:  [5, 5, 5, 5]
[2026-04-01 09:55:29] Building model with input window duration: 4.1875 s
[2026-04-01 09:55:29] Pretrained weight loading:
[2026-04-01 09:55:29]   Downloaded keys:        179
[2026-04-01 09:55:29]   Filtered (transformer): 172
[2026-04-01 09:55:29]   Filtered (pos_encoder): 0
[2026-04-01 09:55:29]   Keys to load:           7
[2026-04-01 09:55:29]   Missing keys:           4
[2026-04-01 09:55:29]   Unexpected keys:        0
[2026-04-01 09:55:29]   Missing preview:        ['spatial_conv.1.weight', 'spatial_conv.1.bias', 'final_layer.1.weight', 'final_layer.1.bias']
[2026-04-01 09:55:29]   Unexpected preview:     []
[2026-04-01 09:55:29] Encoder freeze configuration:
[2026-04-01 09:55:29]   Total parameters:        18,192
[2026-04-01 09:55:29]   Trainable parameters:    4,352
[2026-04-01 09:55:29]   Training percentage:     23.9%
[2026-04-01 09:55:29]   Trainable layers: 4
[2026-04-01 09:55:29]     - final_layer.1.bias
[2026-04-01 09:55:29]     - final_layer.1.weight
[2026-04-01 09:55:29]     - spatial_conv.1.bias
[2026-04-01 09:55:29]     - spatial_conv.1.weight
[2026-04-01 09:55:29]     Train generator seeded: True
[2026-04-01 09:55:30]     Stopped epoch:            51
[2026-04-01 09:55:30]     Best epoch (valid_loss):  1
[2026-04-01 09:55:30]     Best valid_loss:          1.3895163536071777
[2026-04-01 09:55:30]     Test accuracy (primary):  0.2500
[2026-04-01 09:55:30]     Test balanced acc:        0.2500
[2026-04-01 09:55:30]     Confusion matrix:         [[0, 5, 0, 0], [0, 5, 0, 0], [0, 5, 0, 0], [0, 5, 0, 0]]
[2026-04-01 09:55:30]     Prediction histogram:     [0, 20, 0, 0]
[2026-04-01 09:55:30]     fold_acc=0.2500 fold_bal_acc=0.2500 cm=[[0, 5, 0, 0], [0, 5, 0, 0], [0, 5, 0, 0], [0, 5, 0, 0]]
[2026-04-01 09:55:30]   Subject 51 Fold 3 seed: 7112
[2026-04-01 09:55:30]   Subject 51 Fold 3: n_train=64 n_val=16 n_test=20
[2026-04-01 09:55:30]     Train class counts: [16, 16, 16, 16]
[2026-04-01 09:55:30]     Val class counts:   [4, 4, 4, 4]
[2026-04-01 09:55:30]     Test class counts:  [5, 5, 5, 5]
[2026-04-01 09:55:30] Building model with input window duration: 4.1875 s
[2026-04-01 09:55:30] Pretrained weight loading:
[2026-04-01 09:55:30]   Downloaded keys:        179
[2026-04-01 09:55:30]   Filtered (transformer): 172
[2026-04-01 09:55:30]   Filtered (pos_encoder): 0
[2026-04-01 09:55:30]   Keys to load:           7
[2026-04-01 09:55:30]   Missing keys:           4
[2026-04-01 09:55:30]   Unexpected keys:        0
[2026-04-01 09:55:30]   Missing preview:        ['spatial_conv.1.weight', 'spatial_conv.1.bias', 'final_layer.1.weight', 'final_layer.1.bias']
[2026-04-01 09:55:30]   Unexpected preview:     []
[2026-04-01 09:55:30] Encoder freeze configuration:
[2026-04-01 09:55:30]   Total parameters:        18,192
[2026-04-01 09:55:30]   Trainable parameters:    4,352
[2026-04-01 09:55:30]   Training percentage:     23.9%
[2026-04-01 09:55:30]   Trainable layers: 4
[2026-04-01 09:55:30]     - final_layer.1.bias
[2026-04-01 09:55:30]     - final_layer.1.weight
[2026-04-01 09:55:30]     - spatial_conv.1.bias
[2026-04-01 09:55:30]     - spatial_conv.1.weight
[2026-04-01 09:55:30]     Train generator seeded: True
[2026-04-01 09:55:31]     Stopped epoch:            51
[2026-04-01 09:55:31]     Best epoch (valid_loss):  5
[2026-04-01 09:55:31]     Best valid_loss:          1.3885371088981628
[2026-04-01 09:55:31]     Test accuracy (primary):  0.3000
[2026-04-01 09:55:31]     Test balanced acc:        0.3000
[2026-04-01 09:55:31]     Confusion matrix:         [[1, 4, 0, 0], [0, 5, 0, 0], [0, 5, 0, 0], [1, 4, 0, 0]]
[2026-04-01 09:55:31]     Prediction histogram:     [2, 18, 0, 0]
[2026-04-01 09:55:31]     fold_acc=0.3000 fold_bal_acc=0.3000 cm=[[1, 4, 0, 0], [0, 5, 0, 0], [0, 5, 0, 0], [1, 4, 0, 0]]
[2026-04-01 09:55:31]   Subject 51 Fold 4 seed: 7113
[2026-04-01 09:55:31]   Subject 51 Fold 4: n_train=64 n_val=16 n_test=20
[2026-04-01 09:55:31]     Train class counts: [16, 16, 16, 16]
[2026-04-01 09:55:31]     Val class counts:   [4, 4, 4, 4]
[2026-04-01 09:55:31]     Test class counts:  [5, 5, 5, 5]
[2026-04-01 09:55:31] Building model with input window duration: 4.1875 s
[2026-04-01 09:55:31] Pretrained weight loading:
[2026-04-01 09:55:31]   Downloaded keys:        179
[2026-04-01 09:55:31]   Filtered (transformer): 172
[2026-04-01 09:55:31]   Filtered (pos_encoder): 0
[2026-04-01 09:55:31]   Keys to load:           7
[2026-04-01 09:55:31]   Missing keys:           4
[2026-04-01 09:55:31]   Unexpected keys:        0
[2026-04-01 09:55:31]   Missing preview:        ['spatial_conv.1.weight', 'spatial_conv.1.bias', 'final_layer.1.weight', 'final_layer.1.bias']
[2026-04-01 09:55:31]   Unexpected preview:     []
[2026-04-01 09:55:31] Encoder freeze configuration:
[2026-04-01 09:55:31]   Total parameters:        18,192
[2026-04-01 09:55:31]   Trainable parameters:    4,352
[2026-04-01 09:55:31]   Training percentage:     23.9%
[2026-04-01 09:55:31]   Trainable layers: 4
[2026-04-01 09:55:31]     - final_layer.1.bias
[2026-04-01 09:55:31]     - final_layer.1.weight
[2026-04-01 09:55:31]     - spatial_conv.1.bias
[2026-04-01 09:55:31]     - spatial_conv.1.weight
[2026-04-01 09:55:31]     Train generator seeded: True
[2026-04-01 09:55:35]     Stopped epoch:            238
[2026-04-01 09:55:35]     Best epoch (valid_loss):  188
[2026-04-01 09:55:35]     Best valid_loss:          1.2945641875267029
[2026-04-01 09:55:35]     Test accuracy (primary):  0.1000
[2026-04-01 09:55:35]     Test balanced acc:        0.1000
[2026-04-01 09:55:35]     Confusion matrix:         [[1, 1, 2, 1], [1, 0, 2, 2], [1, 1, 0, 3], [1, 3, 0, 1]]
[2026-04-01 09:55:35]     Prediction histogram:     [4, 5, 4, 7]
[2026-04-01 09:55:35]     fold_acc=0.1000 fold_bal_acc=0.1000 cm=[[1, 1, 2, 1], [1, 0, 2, 2], [1, 1, 0, 3], [1, 3, 0, 1]]
[2026-04-01 09:55:35]   Subject 51 Fold 5 seed: 7114
[2026-04-01 09:55:35]   Subject 51 Fold 5: n_train=64 n_val=16 n_test=20
[2026-04-01 09:55:35]     Train class counts: [16, 16, 16, 16]
[2026-04-01 09:55:35]     Val class counts:   [4, 4, 4, 4]
[2026-04-01 09:55:35]     Test class counts:  [5, 5, 5, 5]
[2026-04-01 09:55:35] Building model with input window duration: 4.1875 s
[2026-04-01 09:55:35] Pretrained weight loading:
[2026-04-01 09:55:35]   Downloaded keys:        179
[2026-04-01 09:55:35]   Filtered (transformer): 172
[2026-04-01 09:55:35]   Filtered (pos_encoder): 0
[2026-04-01 09:55:35]   Keys to load:           7
[2026-04-01 09:55:35]   Missing keys:           4
[2026-04-01 09:55:35]   Unexpected keys:        0
[2026-04-01 09:55:35]   Missing preview:        ['spatial_conv.1.weight', 'spatial_conv.1.bias', 'final_layer.1.weight', 'final_layer.1.bias']
[2026-04-01 09:55:35]   Unexpected preview:     []
[2026-04-01 09:55:35] Encoder freeze configuration:
[2026-04-01 09:55:35]   Total parameters:        18,192
[2026-04-01 09:55:35]   Trainable parameters:    4,352
[2026-04-01 09:55:35]   Training percentage:     23.9%
[2026-04-01 09:55:35]   Trainable layers: 4
[2026-04-01 09:55:35]     - final_layer.1.bias
[2026-04-01 09:55:35]     - final_layer.1.weight
[2026-04-01 09:55:35]     - spatial_conv.1.bias
[2026-04-01 09:55:35]     - spatial_conv.1.weight
[2026-04-01 09:55:35]     Train generator seeded: True
[2026-04-01 09:55:37]     Stopped epoch:            93
[2026-04-01 09:55:37]     Best epoch (valid_loss):  43
[2026-04-01 09:55:37]     Best valid_loss:          1.3267727494239807
[2026-04-01 09:55:37]     Test accuracy (primary):  0.3500
[2026-04-01 09:55:37]     Test balanced acc:        0.3500
[2026-04-01 09:55:37]     Confusion matrix:         [[1, 1, 0, 3], [0, 2, 0, 3], [2, 1, 2, 0], [2, 1, 0, 2]]
[2026-04-01 09:55:37]     Prediction histogram:     [5, 5, 2, 8]
[2026-04-01 09:55:37]     fold_acc=0.3500 fold_bal_acc=0.3500 cm=[[1, 1, 0, 3], [0, 2, 0, 3], [2, 1, 2, 0], [2, 1, 0, 2]]
[2026-04-01 09:55:37]   Subject 51 mean accuracy: 0.2700

[2026-04-01 09:55:37] Total folds completed: 5
[2026-04-01 09:55:37] ======================================================================
[2026-04-01 09:55:37] AGGREGATED RESULTS
[2026-04-01 09:55:37] ======================================================================
[2026-04-01 09:55:37]   Subject 51:  acc=0.2700±0.0927  bal_acc=0.2700±0.0927
[2026-04-01 09:55:37] ----------------------------------------------------------------------
[2026-04-01 09:55:37]   OVERALL:      acc=0.2700±0.0927  bal_acc=0.2700±0.0927
[2026-04-01 09:55:37] ======================================================================
[2026-04-01 09:55:38] CV results saved to:      /home/vegorov/Repos/eeg_jepa_research/artifacts/lee-2019-fine-tuning/SSVEP/20260401_0955_6b0ffc0a/cv_results.json
[2026-04-01 09:55:38] Subject metrics saved to: /home/vegorov/Repos/eeg_jepa_research/artifacts/lee-2019-fine-tuning/SSVEP/20260401_0955_6b0ffc0a/subject_metrics.json
[2026-04-01 09:55:38] Global metrics saved to:  /home/vegorov/Repos/eeg_jepa_research/artifacts/lee-2019-fine-tuning/SSVEP/20260401_0955_6b0ffc0a/global_metrics.json
[2026-04-01 09:55:38] Run metadata saved to:    /home/vegorov/Repos/eeg_jepa_research/artifacts/lee-2019-fine-tuning/SSVEP/20260401_0955_6b0ffc0a/run_metadata.json

[2026-04-01 09:55:38] All artifacts in: /home/vegorov/Repos/eeg_jepa_research/artifacts/lee-2019-fine-tuning/SSVEP/20260401_0955_6b0ffc0a

[2026-04-01 09:55:38] ======================================================================
[2026-04-01 09:55:38] EXPERIMENT SUMMARY
[2026-04-01 09:55:38] ======================================================================
[2026-04-01 09:55:38] Run ID:    20260401_0955_6b0ffc0a
[2026-04-01 09:55:38] Artifacts: /home/vegorov/Repos/eeg_jepa_research/artifacts/lee-2019-fine-tuning/SSVEP/20260401_0955_6b0ffc0a

[2026-04-01 09:55:38] Configuration:
[2026-04-01 09:55:38]   Subjects:          [51]
[2026-04-01 09:55:38]   Bandpass:          0.5-40.0 Hz
[2026-04-01 09:55:38]   Resample:          128 Hz
[2026-04-01 09:55:38]   CV folds:          5
[2026-04-01 09:55:38]   Learning rate:     0.0012
[2026-04-01 09:55:38]   Batch size:        8
[2026-04-01 09:55:38]   Max epochs:        5000

[2026-04-01 09:55:38] Results:
[2026-04-01 09:55:38]   Mean Accuracy:          0.2700 ± 0.0927
[2026-04-01 09:55:38]   Mean Balanced Accuracy: 0.2700 ± 0.0927
