[2026-05-06 17:23:45] Using device: cpu
[2026-05-06 17:23:45] Seed control disabled
[2026-05-06 17:23:45] ======================================================================
[2026-05-06 17:23:45] CONFIGURATION
[2026-05-06 17:23:45] ======================================================================
[2026-05-06 17:23:45]   artifact_dir: /home/vegorov/Repos/eeg_jepa_research/artifacts/moabb-mi-sjepa-loso
[2026-05-06 17:23:45]   bandpass_high: 40.0
[2026-05-06 17:23:45]   bandpass_low: 0.5
[2026-05-06 17:23:45]   batch_size: 32
[2026-05-06 17:23:45]   dataset_name: BNCI2014_001
[2026-05-06 17:23:45]   dataset_source: moabb
[2026-05-06 17:23:45]   early_stopping_patience: 30
[2026-05-06 17:23:45]   exclude_subjects: []
[2026-05-06 17:23:45]   labels_to_keep: ['left_hand', 'right_hand']
[2026-05-06 17:23:45]   learning_rate: 0.0001
[2026-05-06 17:23:45]   moabb_dataset_kwargs: {}
[2026-05-06 17:23:45]   model_name: SignalJEPA_PreLocal
[2026-05-06 17:23:45]   n_epochs: 500
[2026-05-06 17:23:45]   preprocessed_concat_dir: None
[2026-05-06 17:23:45]   pretrained_mode: random
[2026-05-06 17:23:45]   pretrained_repo_id: None
[2026-05-06 17:23:45]   seed: None
[2026-05-06 17:23:45]   set_seed: False
[2026-05-06 17:23:45]   sfreq: 128
[2026-05-06 17:23:45]   strategy: new
[2026-05-06 17:23:45]   subjects_to_use: None
[2026-05-06 17:23:45]   target_window_duration_s: 4.2
[2026-05-06 17:23:45]   val_split: 0.2
[2026-05-06 17:23:45]   warmup_epochs: 10
[2026-05-06 17:23:45] ======================================================================
[2026-05-06 17:23:45] Config saved to: /home/vegorov/Repos/eeg_jepa_research/artifacts/moabb-mi-sjepa-loso/BNCI2014_001/20260506_1723_e39d301d/config.json
[2026-05-06 17:23:45] Epoch window configuration:
[2026-05-06 17:23:45]   Target sfreq:            128 Hz
[2026-05-06 17:23:45]   Requested duration:      4.200 s
[2026-05-06 17:23:45]   Expected window samples: 537

[2026-05-06 17:23:45] Preprocessed concat dataset exists: True at /home/vegorov/Repos/eeg_jepa_research/preprocessed_concat_datasets/BNCI2014_001_048eba1d_w8653d5_subjects_98eacc98

[2026-05-06 17:23:45] Using existing preprocessed concat dataset.

[2026-05-06 17:23:46] Post-load raw validation
[2026-05-06 17:23:46]   Recordings:          108
[2026-05-06 17:23:46]   Subjects loaded:     ['1', '2', '3', '4', '5', '6', '7', '8', '9']
[2026-05-06 17:23:46]   sfreq first rec:     128.0 Hz
[2026-05-06 17:23:46]   EEG channel count:   22
[2026-05-06 17:23:46]   Labels present:      ['feet', 'left_hand', 'right_hand', 'tongue']
[2026-05-06 17:23:46]   Labels selected:     ['left_hand', 'right_hand']
[2026-05-06 17:23:46] Annotation counts before filtering: {np.str_('feet'): 1296, np.str_('left_hand'): 1296, np.str_('right_hand'): 1296, np.str_('tongue'): 1296}
[2026-05-06 17:23:46] Filtered annotations: kept 2592 / 5184
[2026-05-06 17:23:46] Annotation counts after filtering:  {np.str_('left_hand'): 1296, np.str_('right_hand'): 1296}
[2026-05-06 17:23:46] Updated annotation durations:       2592
[2026-05-06 17:23:46] Window shape: (22, 537)
[2026-05-06 17:23:46] Window sample length expected=537, got=537
[2026-05-06 17:23:46] Class mapping: {'left_hand': 0, 'right_hand': 1}
[2026-05-06 17:23:46] Global class counts: [1296, 1296]
[2026-05-06 17:23:46] Chance level: 0.50
[2026-05-06 17:23:46] Summarizing per-subject windows...
[2026-05-06 17:23:46]   Subject 1: n_windows=288, window_shape=(22, 537), class_counts=[144, 144]
[2026-05-06 17:23:46]   Subject 2: n_windows=288, window_shape=(22, 537), class_counts=[144, 144]
[2026-05-06 17:23:46]   Subject 3: n_windows=288, window_shape=(22, 537), class_counts=[144, 144]
[2026-05-06 17:23:46]   Subject 4: n_windows=288, window_shape=(22, 537), class_counts=[144, 144]
[2026-05-06 17:23:46]   Subject 5: n_windows=288, window_shape=(22, 537), class_counts=[144, 144]
[2026-05-06 17:23:46]   Subject 6: n_windows=288, window_shape=(22, 537), class_counts=[144, 144]
[2026-05-06 17:23:46]   Subject 7: n_windows=288, window_shape=(22, 537), class_counts=[144, 144]
[2026-05-06 17:23:46]   Subject 8: n_windows=288, window_shape=(22, 537), class_counts=[144, 144]
[2026-05-06 17:23:46]   Subject 9: n_windows=288, window_shape=(22, 537), class_counts=[144, 144]
[2026-05-06 17:23:46] SignalJEPA_PreLocal instantiated successfully.
[2026-05-06 17:23:46]   Loading mode:          random_initialization
[2026-05-06 17:23:46]   Repo:                  None
[2026-05-06 17:23:46]   Total parameters:      15,982
[2026-05-06 17:23:46]   Trainable parameters:  15,982
[2026-05-06 17:23:46] ======================================================================================================================================================
Layer (type (var_name):depth-idx)                  Input Shape               Output Shape              Param #                   Kernel Shape
======================================================================================================================================================
SignalJEPA_PreLocal (SignalJEPA_PreLocal)          [1, 22, 537]              [1, 2]                    --                        --
├─Sequential (spatial_conv): 1-1                   [1, 22, 537]              [1, 4, 537]               --                        --
│    └─Rearrange (0): 2-1                          [1, 22, 537]              [1, 1, 22, 537]           --                        --
│    └─Conv2d (1): 2-2                             [1, 1, 22, 537]           [1, 4, 1, 537]            92                        [22, 1]
│    └─Rearrange (2): 2-3                          [1, 4, 1, 537]            [1, 4, 537]               --                        --
├─_ConvFeatureEncoder (feature_encoder): 1-2       [1, 4, 537]               [1, 16, 64]               --                        --
│    └─Rearrange (0): 2-4                          [1, 4, 537]               [4, 1, 537]               --                        --
│    └─Sequential (1): 2-5                         [4, 1, 537]               [4, 8, 64]                --                        --
│    │    └─Conv1d (0): 3-1                        [4, 1, 537]               [4, 8, 64]                256                       [32]
│    │    └─Dropout (1): 3-2                       [4, 8, 64]                [4, 8, 64]                --                        --
│    │    └─GroupNorm (2): 3-3                     [4, 8, 64]                [4, 8, 64]                16                        --
│    │    └─GELU (3): 3-4                          [4, 8, 64]                [4, 8, 64]                --                        --
│    └─Sequential (2): 2-6                         [4, 8, 64]                [4, 16, 32]               --                        --
│    │    └─Conv1d (0): 3-5                        [4, 8, 64]                [4, 16, 32]               256                       [2]
│    │    └─Dropout (1): 3-6                       [4, 16, 32]               [4, 16, 32]               --                        --
│    │    └─GELU (2): 3-7                          [4, 16, 32]               [4, 16, 32]               --                        --
│    └─Sequential (3): 2-7                         [4, 16, 32]               [4, 32, 16]               --                        --
│    │    └─Conv1d (0): 3-8                        [4, 16, 32]               [4, 32, 16]               1,024                     [2]
│    │    └─Dropout (1): 3-9                       [4, 32, 16]               [4, 32, 16]               --                        --
│    │    └─GELU (2): 3-10                         [4, 32, 16]               [4, 32, 16]               --                        --
│    └─Sequential (4): 2-8                         [4, 32, 16]               [4, 64, 8]                --                        --
│    │    └─Conv1d (0): 3-11                       [4, 32, 16]               [4, 64, 8]                4,096                     [2]
│    │    └─Dropout (1): 3-12                      [4, 64, 8]                [4, 64, 8]                --                        --
│    │    └─GELU (2): 3-13                         [4, 64, 8]                [4, 64, 8]                --                        --
│    └─Sequential (5): 2-9                         [4, 64, 8]                [4, 64, 4]                --                        --
│    │    └─Conv1d (0): 3-14                       [4, 64, 8]                [4, 64, 4]                8,192                     [2]
│    │    └─Dropout (1): 3-15                      [4, 64, 4]                [4, 64, 4]                --                        --
│    │    └─GELU (2): 3-16                         [4, 64, 4]                [4, 64, 4]                --                        --
│    └─Rearrange (6): 2-10                         [4, 64, 4]                [1, 16, 64]               --                        --
├─Sequential (final_layer): 1-3                    [1, 16, 64]               [1, 2]                    --                        --
│    └─Flatten (0): 2-11                           [1, 16, 64]               [1, 1024]                 --                        --
│    └─Linear (1): 2-12                            [1, 1024]                 [1, 2]                    2,050                     --
======================================================================================================================================================
Total params: 15,982
Trainable params: 15,982
Non-trainable params: 0
Total mult-adds (Units.MEGABYTES): 0.48
======================================================================================================================================================
Input size (MB): 0.05
Forward/backward pass size (MB): 0.11
Params size (MB): 0.06
Estimated Total Size (MB): 0.22
======================================================================================================================================================
[2026-05-06 17:23:46] ======================================================================
[2026-05-06 17:23:46] STARTING LOSO EVALUATION
[2026-05-06 17:23:46] ======================================================================
[2026-05-06 17:23:46] Dataset:       BNCI2014_001
[2026-05-06 17:23:46] Subjects:      ['1', '2', '3', '4', '5', '6', '7', '8', '9']
[2026-05-06 17:23:46] Model:         SignalJEPA_PreLocal
[2026-05-06 17:23:46] Pretrained:    random
[2026-05-06 17:23:46] Strategy:      new
[2026-05-06 17:23:46] Val split:     0.2
[2026-05-06 17:23:46] Max epochs:    500
[2026-05-06 17:23:46] Device:        cpu
[2026-05-06 17:23:46] ======================================================================

[2026-05-06 17:23:46] Fold 1/9 | held_out_subject=1
[2026-05-06 17:23:46]     Train windows:           2304 | counts=[1152, 1152]
[2026-05-06 17:23:46]     Test windows:            288 | counts=[144, 144]
[2026-05-06 17:23:46]     Downstream model:        SignalJEPA_PreLocal
[2026-05-06 17:23:46]     Fine-tune strategy:      new
[2026-05-06 17:23:46]     Pretrained loading path: random_initialization
[2026-05-06 17:23:46]     Pretrained repo:         None
[2026-05-06 17:23:46]     Phase 1 (new):
[2026-05-06 17:23:46]       Trainable groups: ['spatial_conv.', 'final_layer.']
[2026-05-06 17:23:46]       Total params:     15,982
[2026-05-06 17:23:46]       Trainable params: 2,142
[2026-05-06 17:23:46]       Trainable pct:    13.40%
[2026-05-06 17:23:46]       Trainable parameter names: ['spatial_conv.1.weight', 'spatial_conv.1.bias', 'final_layer.1.weight', 'final_layer.1.bias']
[2026-05-06 17:23:46]     Sanity check passed: finite logits/loss on one training batch for SignalJEPA_PreLocal.
[2026-05-06 17:24:08]     Result | best_epoch=102 | stop=132 | acc=0.5625 | bal_acc=0.5625 | pred_hist=[116, 172]

[2026-05-06 17:24:08] Fold 2/9 | held_out_subject=2
[2026-05-06 17:24:08]     Train windows:           2304 | counts=[1152, 1152]
[2026-05-06 17:24:08]     Test windows:            288 | counts=[144, 144]
[2026-05-06 17:24:08]     Downstream model:        SignalJEPA_PreLocal
[2026-05-06 17:24:08]     Fine-tune strategy:      new
[2026-05-06 17:24:08]     Pretrained loading path: random_initialization
[2026-05-06 17:24:08]     Pretrained repo:         None
[2026-05-06 17:24:08]     Phase 1 (new):
[2026-05-06 17:24:08]       Trainable groups: ['spatial_conv.', 'final_layer.']
[2026-05-06 17:24:08]       Total params:     15,982
[2026-05-06 17:24:08]       Trainable params: 2,142
[2026-05-06 17:24:08]       Trainable pct:    13.40%
[2026-05-06 17:24:08]       Trainable parameter names: ['spatial_conv.1.weight', 'spatial_conv.1.bias', 'final_layer.1.weight', 'final_layer.1.bias']
[2026-05-06 17:24:08]     Sanity check passed: finite logits/loss on one training batch for SignalJEPA_PreLocal.
[2026-05-06 17:24:30]     Result | best_epoch=106 | stop=136 | acc=0.6111 | bal_acc=0.6111 | pred_hist=[132, 156]

[2026-05-06 17:24:30] Fold 3/9 | held_out_subject=3
[2026-05-06 17:24:30]     Train windows:           2304 | counts=[1152, 1152]
[2026-05-06 17:24:30]     Test windows:            288 | counts=[144, 144]
[2026-05-06 17:24:30]     Downstream model:        SignalJEPA_PreLocal
[2026-05-06 17:24:30]     Fine-tune strategy:      new
[2026-05-06 17:24:30]     Pretrained loading path: random_initialization
[2026-05-06 17:24:30]     Pretrained repo:         None
[2026-05-06 17:24:30]     Phase 1 (new):
[2026-05-06 17:24:30]       Trainable groups: ['spatial_conv.', 'final_layer.']
[2026-05-06 17:24:30]       Total params:     15,982
[2026-05-06 17:24:30]       Trainable params: 2,142
[2026-05-06 17:24:30]       Trainable pct:    13.40%
[2026-05-06 17:24:30]       Trainable parameter names: ['spatial_conv.1.weight', 'spatial_conv.1.bias', 'final_layer.1.weight', 'final_layer.1.bias']
[2026-05-06 17:24:30]     Sanity check passed: finite logits/loss on one training batch for SignalJEPA_PreLocal.
[2026-05-06 17:24:50]     Result | best_epoch=93 | stop=123 | acc=0.7188 | bal_acc=0.7188 | pred_hist=[133, 155]

[2026-05-06 17:24:50] Fold 4/9 | held_out_subject=4
[2026-05-06 17:24:50]     Train windows:           2304 | counts=[1152, 1152]
[2026-05-06 17:24:50]     Test windows:            288 | counts=[144, 144]
[2026-05-06 17:24:50]     Downstream model:        SignalJEPA_PreLocal
[2026-05-06 17:24:50]     Fine-tune strategy:      new
[2026-05-06 17:24:50]     Pretrained loading path: random_initialization
[2026-05-06 17:24:50]     Pretrained repo:         None
[2026-05-06 17:24:50]     Phase 1 (new):
[2026-05-06 17:24:50]       Trainable groups: ['spatial_conv.', 'final_layer.']
[2026-05-06 17:24:50]       Total params:     15,982
[2026-05-06 17:24:50]       Trainable params: 2,142
[2026-05-06 17:24:50]       Trainable pct:    13.40%
[2026-05-06 17:24:50]       Trainable parameter names: ['spatial_conv.1.weight', 'spatial_conv.1.bias', 'final_layer.1.weight', 'final_layer.1.bias']
[2026-05-06 17:24:50]     Sanity check passed: finite logits/loss on one training batch for SignalJEPA_PreLocal.
[2026-05-06 17:25:01]     Result | best_epoch=45 | stop=75 | acc=0.6111 | bal_acc=0.6111 | pred_hist=[124, 164]

[2026-05-06 17:25:01] Fold 5/9 | held_out_subject=5
[2026-05-06 17:25:01]     Train windows:           2304 | counts=[1152, 1152]
[2026-05-06 17:25:01]     Test windows:            288 | counts=[144, 144]
[2026-05-06 17:25:01]     Downstream model:        SignalJEPA_PreLocal
[2026-05-06 17:25:01]     Fine-tune strategy:      new
[2026-05-06 17:25:01]     Pretrained loading path: random_initialization
[2026-05-06 17:25:01]     Pretrained repo:         None
[2026-05-06 17:25:01]     Phase 1 (new):
[2026-05-06 17:25:01]       Trainable groups: ['spatial_conv.', 'final_layer.']
[2026-05-06 17:25:01]       Total params:     15,982
[2026-05-06 17:25:01]       Trainable params: 2,142
[2026-05-06 17:25:01]       Trainable pct:    13.40%
[2026-05-06 17:25:01]       Trainable parameter names: ['spatial_conv.1.weight', 'spatial_conv.1.bias', 'final_layer.1.weight', 'final_layer.1.bias']
[2026-05-06 17:25:01]     Sanity check passed: finite logits/loss on one training batch for SignalJEPA_PreLocal.
[2026-05-06 17:25:24]     Result | best_epoch=110 | stop=140 | acc=0.6910 | bal_acc=0.6910 | pred_hist=[163, 125]

[2026-05-06 17:25:24] Fold 6/9 | held_out_subject=6
[2026-05-06 17:25:24]     Train windows:           2304 | counts=[1152, 1152]
[2026-05-06 17:25:24]     Test windows:            288 | counts=[144, 144]
[2026-05-06 17:25:24]     Downstream model:        SignalJEPA_PreLocal
[2026-05-06 17:25:24]     Fine-tune strategy:      new
[2026-05-06 17:25:24]     Pretrained loading path: random_initialization
[2026-05-06 17:25:24]     Pretrained repo:         None
[2026-05-06 17:25:24]     Phase 1 (new):
[2026-05-06 17:25:24]       Trainable groups: ['spatial_conv.', 'final_layer.']
[2026-05-06 17:25:24]       Total params:     15,982
[2026-05-06 17:25:24]       Trainable params: 2,142
[2026-05-06 17:25:24]       Trainable pct:    13.40%
[2026-05-06 17:25:24]       Trainable parameter names: ['spatial_conv.1.weight', 'spatial_conv.1.bias', 'final_layer.1.weight', 'final_layer.1.bias']
[2026-05-06 17:25:24]     Sanity check passed: finite logits/loss on one training batch for SignalJEPA_PreLocal.
[2026-05-06 17:25:47]     Result | best_epoch=112 | stop=140 | acc=0.5590 | bal_acc=0.5590 | pred_hist=[137, 151]

[2026-05-06 17:25:47] Fold 7/9 | held_out_subject=7
[2026-05-06 17:25:47]     Train windows:           2304 | counts=[1152, 1152]
[2026-05-06 17:25:47]     Test windows:            288 | counts=[144, 144]
[2026-05-06 17:25:47]     Downstream model:        SignalJEPA_PreLocal
[2026-05-06 17:25:47]     Fine-tune strategy:      new
[2026-05-06 17:25:47]     Pretrained loading path: random_initialization
[2026-05-06 17:25:47]     Pretrained repo:         None
[2026-05-06 17:25:47]     Phase 1 (new):
[2026-05-06 17:25:47]       Trainable groups: ['spatial_conv.', 'final_layer.']
[2026-05-06 17:25:47]       Total params:     15,982
[2026-05-06 17:25:47]       Trainable params: 2,142
[2026-05-06 17:25:47]       Trainable pct:    13.40%
[2026-05-06 17:25:47]       Trainable parameter names: ['spatial_conv.1.weight', 'spatial_conv.1.bias', 'final_layer.1.weight', 'final_layer.1.bias']
[2026-05-06 17:25:47]     Sanity check passed: finite logits/loss on one training batch for SignalJEPA_PreLocal.
[2026-05-06 17:25:55]     Result | best_epoch=20 | stop=50 | acc=0.6632 | bal_acc=0.6632 | pred_hist=[123, 165]

[2026-05-06 17:25:55] Fold 8/9 | held_out_subject=8
[2026-05-06 17:25:55]     Train windows:           2304 | counts=[1152, 1152]
[2026-05-06 17:25:55]     Test windows:            288 | counts=[144, 144]
[2026-05-06 17:25:55]     Downstream model:        SignalJEPA_PreLocal
[2026-05-06 17:25:55]     Fine-tune strategy:      new
[2026-05-06 17:25:55]     Pretrained loading path: random_initialization
[2026-05-06 17:25:55]     Pretrained repo:         None
[2026-05-06 17:25:55]     Phase 1 (new):
[2026-05-06 17:25:55]       Trainable groups: ['spatial_conv.', 'final_layer.']
[2026-05-06 17:25:55]       Total params:     15,982
[2026-05-06 17:25:55]       Trainable params: 2,142
[2026-05-06 17:25:55]       Trainable pct:    13.40%
[2026-05-06 17:25:55]       Trainable parameter names: ['spatial_conv.1.weight', 'spatial_conv.1.bias', 'final_layer.1.weight', 'final_layer.1.bias']
[2026-05-06 17:25:55]     Sanity check passed: finite logits/loss on one training batch for SignalJEPA_PreLocal.
[2026-05-06 17:26:15]     Result | best_epoch=94 | stop=124 | acc=0.5694 | bal_acc=0.5694 | pred_hist=[118, 170]

[2026-05-06 17:26:15] Fold 9/9 | held_out_subject=9
[2026-05-06 17:26:15]     Train windows:           2304 | counts=[1152, 1152]
[2026-05-06 17:26:15]     Test windows:            288 | counts=[144, 144]
[2026-05-06 17:26:15]     Downstream model:        SignalJEPA_PreLocal
[2026-05-06 17:26:15]     Fine-tune strategy:      new
[2026-05-06 17:26:15]     Pretrained loading path: random_initialization
[2026-05-06 17:26:15]     Pretrained repo:         None
[2026-05-06 17:26:15]     Phase 1 (new):
[2026-05-06 17:26:15]       Trainable groups: ['spatial_conv.', 'final_layer.']
[2026-05-06 17:26:15]       Total params:     15,982
[2026-05-06 17:26:15]       Trainable params: 2,142
[2026-05-06 17:26:15]       Trainable pct:    13.40%
[2026-05-06 17:26:15]       Trainable parameter names: ['spatial_conv.1.weight', 'spatial_conv.1.bias', 'final_layer.1.weight', 'final_layer.1.bias']
[2026-05-06 17:26:15]     Sanity check passed: finite logits/loss on one training batch for SignalJEPA_PreLocal.
[2026-05-06 17:26:39]     Result | best_epoch=129 | stop=159 | acc=0.6285 | bal_acc=0.6285 | pred_hist=[127, 161]

[2026-05-06 17:26:39] Total LOSO folds completed: 9
[2026-05-06 17:26:39] ======================================================================
[2026-05-06 17:26:39] AGGREGATED RESULTS
[2026-05-06 17:26:39] ======================================================================
[2026-05-06 17:26:39]   1: acc=0.5625±0.0000  bal_acc=0.5625±0.0000
[2026-05-06 17:26:39]   2: acc=0.6111±0.0000  bal_acc=0.6111±0.0000
[2026-05-06 17:26:39]   3: acc=0.7188±0.0000  bal_acc=0.7188±0.0000
[2026-05-06 17:26:39]   4: acc=0.6111±0.0000  bal_acc=0.6111±0.0000
[2026-05-06 17:26:39]   5: acc=0.6910±0.0000  bal_acc=0.6910±0.0000
[2026-05-06 17:26:39]   6: acc=0.5590±0.0000  bal_acc=0.5590±0.0000
[2026-05-06 17:26:39]   7: acc=0.6632±0.0000  bal_acc=0.6632±0.0000
[2026-05-06 17:26:39]   8: acc=0.5694±0.0000  bal_acc=0.5694±0.0000
[2026-05-06 17:26:39]   9: acc=0.6285±0.0000  bal_acc=0.6285±0.0000
[2026-05-06 17:26:39] ----------------------------------------------------------------------
[2026-05-06 17:26:39]   OVERALL: acc=0.6238±0.0541  bal_acc=0.6238±0.0541
[2026-05-06 17:26:39] ======================================================================

[2026-05-06 17:26:39] ======================================================================
[2026-05-06 17:26:39] EXPERIMENT SUMMARY
[2026-05-06 17:26:39] ======================================================================
[2026-05-06 17:26:39] Run ID:                 20260506_1723_e39d301d
[2026-05-06 17:26:39] Dataset:                BNCI2014_001
[2026-05-06 17:26:39] Labels kept:            ['left_hand', 'right_hand']
[2026-05-06 17:26:39] Model:                  SignalJEPA_PreLocal
[2026-05-06 17:26:39] Pretrained mode:        random
[2026-05-06 17:26:39] Strategy:               new
[2026-05-06 17:26:39] Window:                 4.200s / 537 samples
[2026-05-06 17:26:39] Artifacts:              /home/vegorov/Repos/eeg_jepa_research/artifacts/moabb-mi-sjepa-loso/BNCI2014_001/20260506_1723_e39d301d
[2026-05-06 17:26:39] Mean Accuracy:          0.6238 ± 0.0541
[2026-05-06 17:26:39] Mean Balanced Accuracy: 0.6238 ± 0.0541
[2026-05-06 17:26:39] ======================================================================
[2026-05-06 17:26:39] CV results saved to:      /home/vegorov/Repos/eeg_jepa_research/artifacts/moabb-mi-sjepa-loso/BNCI2014_001/20260506_1723_e39d301d/cv_results.json
[2026-05-06 17:26:39] Subject metrics saved to: /home/vegorov/Repos/eeg_jepa_research/artifacts/moabb-mi-sjepa-loso/BNCI2014_001/20260506_1723_e39d301d/subject_metrics.json
[2026-05-06 17:26:39] Global metrics saved to:  /home/vegorov/Repos/eeg_jepa_research/artifacts/moabb-mi-sjepa-loso/BNCI2014_001/20260506_1723_e39d301d/global_metrics.json
[2026-05-06 17:26:39] Run metadata saved to:    /home/vegorov/Repos/eeg_jepa_research/artifacts/moabb-mi-sjepa-loso/BNCI2014_001/20260506_1723_e39d301d/run_metadata.json

[2026-05-06 17:26:39] All artifacts in: /home/vegorov/Repos/eeg_jepa_research/artifacts/moabb-mi-sjepa-loso/BNCI2014_001/20260506_1723_e39d301d
