[2026-03-31 17:21:55] Using device: cpu
[2026-03-31 17:21:55] Seed control enabled: True
[2026-03-31 17:21:55] Base seed: 301
[2026-03-31 17:21:56] Seed initialized: 301
[2026-03-31 17:21:56] ======================================================================
[2026-03-31 17:21:56] CONFIGURATION
[2026-03-31 17:21:56] ======================================================================
[2026-03-31 17:21:56]   artifact_dir: /home/vegorov/Repos/eeg_jepa_research/artifacts/lee-2019-fine-tuning
[2026-03-31 17:21:56]   bandpass_high: 40.0
[2026-03-31 17:21:56]   bandpass_low: 0.5
[2026-03-31 17:21:56]   batch_size: 16
[2026-03-31 17:21:56]   convert_to_uV: True
[2026-03-31 17:21:56]   cv_folds: 5
[2026-03-31 17:21:56]   device: auto
[2026-03-31 17:21:56]   early_stopping_patience: 50
[2026-03-31 17:21:56]   learning_rate: 0.001
[2026-03-31 17:21:56]   n_epochs: 5000
[2026-03-31 17:21:56]   normalization_method: None
[2026-03-31 17:21:56]   normalize: False
[2026-03-31 17:21:56]   paradigm: SSVEP
[2026-03-31 17:21:56]   pretrained_url: https://huggingface.co/braindecode/SignalJEPA/resolve/main/signal-jepa_16s-60_adeuwv4s.pth
[2026-03-31 17:21:56]   seed: 301
[2026-03-31 17:21:56]   set_seed: True
[2026-03-31 17:21:56]   sfreq: 128
[2026-03-31 17:21:56]   subjects_to_use: [51, 54]
[2026-03-31 17:21:56]   val_split: 0.2
[2026-03-31 17:21:56] ======================================================================
[2026-03-31 17:21:56] Config saved to: /home/vegorov/Repos/eeg_jepa_research/artifacts/lee-2019-fine-tuning/SSVEP/20260331_1721_88936929/config.json
[2026-03-31 17:21:56] Epoch window configuration:
[2026-03-31 17:21:56]   Target sfreq:                128 Hz
[2026-03-31 17:21:56]   Target duration:             4.190000 s
[2026-03-31 17:21:56]   Window samples (rounded):    536
[2026-03-31 17:21:56]   Base trial samples (4.0 s):  512
[2026-03-31 17:21:56]   Trial stop offset samples:   24
[2026-03-31 17:21:56]   Effective window duration:   4.187500 s
[2026-03-31 17:21:56] Using specified subjects from config: [51, 54]
[2026-03-31 17:21:56] Selected subjects: [51, 54]
[2026-03-31 17:21:56] Expected evaluation folds: 10

[2026-03-31 17:21:56] Building MOABBDataset for Lee2019_SSVEP...
[2026-03-31 17:22:13] MOABBDataset recordings loaded: 2
[2026-03-31 17:22:13] Discovered annotation descriptions (first recording): [np.str_('12.0'), np.str_('5.45'), np.str_('6.67'), np.str_('8.57')]
[2026-03-31 17:22:13] Dataset event_id mapping: {'12.0': 1, '8.57': 2, '6.67': 3, '5.45': 4}
[2026-03-31 17:22:13] Label map (event_code -> class_index): {1: 0, 2: 1, 3: 2, 4: 3}
[2026-03-31 17:22:13] Applying Braindecode preprocessors to MOABBDataset...
[2026-03-31 17:22:19] Preprocessing complete.

[2026-03-31 17:22:19] Post-preprocessing validation
[2026-03-31 17:22:19]   Recordings in DATASET: 2
[2026-03-31 17:22:19]   Unique subject IDs:    ['51', '54']
[2026-03-31 17:22:19]   sfreq (first rec):     128.0 Hz
[2026-03-31 17:22:19]   EEG channel count:     62
[2026-03-31 17:22:19]   First 10 channels:     ['Fp1', 'Fp2', 'F7', 'F3', 'Fz', 'F4', 'F8', 'FC5', 'FC1', 'FC2']
[2026-03-31 17:22:19] Channel consistency summary:
[2026-03-31 17:22:19]   Checked runs: 2
[2026-03-31 17:22:19]   Unique channel counts: [62]
[2026-03-31 17:22:19]   Channel order consistent: True
[2026-03-31 17:22:19] Validated EEG channels: 62
[2026-03-31 17:22:19] First 10 EEG channels: ['Fp1', 'Fp2', 'F7', 'F3', 'Fz', 'F4', 'F8', 'FC5', 'FC1', 'FC2']
[2026-03-31 17:22:19] raw mean_abs=8.654730e+00
[2026-03-31 17:22:19] raw std=3.494582e+01
[2026-03-31 17:22:19] raw first5 channel std= [46.22404553 54.63339771 16.95830183 13.82897057 11.24366025]
[2026-03-31 17:22:19] Requested window samples: 536
[2026-03-31 17:22:19] Base trial samples:       512
[2026-03-31 17:22:19] Stop offset samples:      24
[2026-03-31 17:22:19] Global class counts: [50, 50, 50, 50]
[2026-03-31 17:22:19] Chance level (4-class): 0.25
[2026-03-31 17:22:19] One window shape: (62, 536)
[2026-03-31 17:22:19] One window label: 1
[2026-03-31 17:22:19] Window sample length expected=536, got=536
[2026-03-31 17:22:19] Subjects in window split: [51, 54]
[2026-03-31 17:22:19] Summarizing per-subject windows...
[2026-03-31 17:22:19]   Subject 51: n_windows=100, window_shape=(62, 536), class_counts=[25, 25, 25, 25]
[2026-03-31 17:22:19]   Subject 54: n_windows=100, window_shape=(62, 536), class_counts=[25, 25, 25, 25]
[2026-03-31 17:22:19]    subject_id  n_windows  n_channels  n_times      class_counts
0          51        100          62      536  [25, 25, 25, 25]
1          54        100          62      536  [25, 25, 25, 25]
[2026-03-31 17:22:19] Window validation summary:
[2026-03-31 17:22:19]   Subject 51: n_windows=100 class_counts=[25, 25, 25, 25]
[2026-03-31 17:22:19]   Subject 54: n_windows=100 class_counts=[25, 25, 25, 25]

[2026-03-31 17:22:19] Validated sampling rate target: 128 Hz
[2026-03-31 17:22:19] Validated window sample count:   536
[2026-03-31 17:22:19] Validated window duration:       4.1875 s
[2026-03-31 17:22:19] Validated channel count:         62
[2026-03-31 17:22:19] Total windows retained:          200
[2026-03-31 17:22:19] Preprocessing sanity checks:
[2026-03-31 17:22:19]   One sample label: 1
[2026-03-31 17:22:19]   One sample shape: (62, 536)
[2026-03-31 17:22:19]   Mean(abs(signal)): 4.094026e+00
[2026-03-31 17:22:19]   Mean(signal):      7.346552e-09
[2026-03-31 17:22:19]   Std(signal):       5.860601e+00
[2026-03-31 17:22:19] Building model with input window duration: 4.1875 s
[2026-03-31 17:22:19] SignalJEPA_PreLocal instantiated successfully.
[2026-03-31 17:22:19]   Total parameters:     18,192
[2026-03-31 17:22:19]   Trainable parameters: 18,192
[2026-03-31 17:22:19] ======================================================================================================================================================
Layer (type (var_name):depth-idx)                  Input Shape               Output Shape              Param #                   Kernel Shape
======================================================================================================================================================
SignalJEPA_PreLocal (SignalJEPA_PreLocal)          [1, 62, 536]              [1, 4]                    --                        --
├─Sequential (spatial_conv): 1-1                   [1, 62, 536]              [1, 4, 536]               --                        --
│    └─Rearrange (0): 2-1                          [1, 62, 536]              [1, 1, 62, 536]           --                        --
│    └─Conv2d (1): 2-2                             [1, 1, 62, 536]           [1, 4, 1, 536]            252                       [62, 1]
│    └─Rearrange (2): 2-3                          [1, 4, 1, 536]            [1, 4, 536]               --                        --
├─_ConvFeatureEncoder (feature_encoder): 1-2       [1, 4, 536]               [1, 16, 64]               --                        --
│    └─Rearrange (0): 2-4                          [1, 4, 536]               [4, 1, 536]               --                        --
│    └─Sequential (1): 2-5                         [4, 1, 536]               [4, 8, 64]                --                        --
│    │    └─Conv1d (0): 3-1                        [4, 1, 536]               [4, 8, 64]                256                       [32]
│    │    └─Dropout (1): 3-2                       [4, 8, 64]                [4, 8, 64]                --                        --
│    │    └─GroupNorm (2): 3-3                     [4, 8, 64]                [4, 8, 64]                16                        --
│    │    └─GELU (3): 3-4                          [4, 8, 64]                [4, 8, 64]                --                        --
│    └─Sequential (2): 2-6                         [4, 8, 64]                [4, 16, 32]               --                        --
│    │    └─Conv1d (0): 3-5                        [4, 8, 64]                [4, 16, 32]               256                       [2]
│    │    └─Dropout (1): 3-6                       [4, 16, 32]               [4, 16, 32]               --                        --
│    │    └─GELU (2): 3-7                          [4, 16, 32]               [4, 16, 32]               --                        --
│    └─Sequential (3): 2-7                         [4, 16, 32]               [4, 32, 16]               --                        --
│    │    └─Conv1d (0): 3-8                        [4, 16, 32]               [4, 32, 16]               1,024                     [2]
│    │    └─Dropout (1): 3-9                       [4, 32, 16]               [4, 32, 16]               --                        --
│    │    └─GELU (2): 3-10                         [4, 32, 16]               [4, 32, 16]               --                        --
│    └─Sequential (4): 2-8                         [4, 32, 16]               [4, 64, 8]                --                        --
│    │    └─Conv1d (0): 3-11                       [4, 32, 16]               [4, 64, 8]                4,096                     [2]
│    │    └─Dropout (1): 3-12                      [4, 64, 8]                [4, 64, 8]                --                        --
│    │    └─GELU (2): 3-13                         [4, 64, 8]                [4, 64, 8]                --                        --
│    └─Sequential (5): 2-9                         [4, 64, 8]                [4, 64, 4]                --                        --
│    │    └─Conv1d (0): 3-14                       [4, 64, 8]                [4, 64, 4]                8,192                     [2]
│    │    └─Dropout (1): 3-15                      [4, 64, 4]                [4, 64, 4]                --                        --
│    │    └─GELU (2): 3-16                         [4, 64, 4]                [4, 64, 4]                --                        --
│    └─Rearrange (6): 2-10                         [4, 64, 4]                [1, 16, 64]               --                        --
├─Sequential (final_layer): 1-3                    [1, 16, 64]               [1, 4]                    --                        --
│    └─Flatten (0): 2-11                           [1, 16, 64]               [1, 1024]                 --                        --
│    └─Linear (1): 2-12                            [1, 1024]                 [1, 4]                    4,100                     --
======================================================================================================================================================
Total params: 18,192
Trainable params: 18,192
Non-trainable params: 0
Total mult-adds (Units.MEGABYTES): 0.57
======================================================================================================================================================
Input size (MB): 0.13
Forward/backward pass size (MB): 0.11
Params size (MB): 0.07
Estimated Total Size (MB): 0.31
======================================================================================================================================================
[2026-03-31 17:22:19] Initializing from 16s-60 pretrained checkpoint (Hugging Face):
[2026-03-31 17:22:19]   https://huggingface.co/braindecode/SignalJEPA/resolve/main/signal-jepa_16s-60_adeuwv4s.pth
[2026-03-31 17:22:19]   Downloaded 179 keys
[2026-03-31 17:22:20] ======================================================================
[2026-03-31 17:22:20] STARTING CROSS-VALIDATION
[2026-03-31 17:22:20] ======================================================================
[2026-03-31 17:22:20] Subjects:      [51, 54]
[2026-03-31 17:22:20] CV folds:      5
[2026-03-31 17:22:20] Batch size:    16
[2026-03-31 17:22:20] Max epochs:    5000
[2026-03-31 17:22:20] Device:        cpu
[2026-03-31 17:22:20] Seed control:  True
[2026-03-31 17:22:20] Base seed:     301
[2026-03-31 17:22:20] ======================================================================

[2026-03-31 17:22:20] Subject 51: 100 windows class_counts=[25, 25, 25, 25]
[2026-03-31 17:22:20]   Fold 1 split seed: 302
[2026-03-31 17:22:20]   Fold 1 split class counts:
[2026-03-31 17:22:20]     train=[16, 16, 16, 16] val=[4, 4, 4, 4] test=[5, 5, 5, 5]
[2026-03-31 17:22:20]   Fold 2 split seed: 303
[2026-03-31 17:22:20]   Fold 2 split class counts:
[2026-03-31 17:22:20]     train=[16, 16, 16, 16] val=[4, 4, 4, 4] test=[5, 5, 5, 5]
[2026-03-31 17:22:20]   Fold 3 split seed: 304
[2026-03-31 17:22:20]   Fold 3 split class counts:
[2026-03-31 17:22:20]     train=[16, 16, 16, 16] val=[4, 4, 4, 4] test=[5, 5, 5, 5]
[2026-03-31 17:22:20]   Fold 4 split seed: 305
[2026-03-31 17:22:20]   Fold 4 split class counts:
[2026-03-31 17:22:20]     train=[16, 16, 16, 16] val=[4, 4, 4, 4] test=[5, 5, 5, 5]
[2026-03-31 17:22:20]   Fold 5 split seed: 306
[2026-03-31 17:22:20]   Fold 5 split class counts:
[2026-03-31 17:22:20]     train=[16, 16, 16, 16] val=[4, 4, 4, 4] test=[5, 5, 5, 5]
[2026-03-31 17:22:20]   Subject 51 Fold 1 seed: 5402
[2026-03-31 17:22:20]   Subject 51 Fold 1: n_train=64 n_val=16 n_test=20
[2026-03-31 17:22:20]     Train class counts: [16, 16, 16, 16]
[2026-03-31 17:22:20]     Val class counts:   [4, 4, 4, 4]
[2026-03-31 17:22:20]     Test class counts:  [5, 5, 5, 5]
[2026-03-31 17:22:20] Building model with input window duration: 4.1875 s
[2026-03-31 17:22:20] Pretrained weight loading:
[2026-03-31 17:22:20]   Downloaded keys:        179
[2026-03-31 17:22:20]   Filtered (transformer): 172
[2026-03-31 17:22:20]   Filtered (pos_encoder): 0
[2026-03-31 17:22:20]   Keys to load:           7
[2026-03-31 17:22:20]   Missing keys:           4
[2026-03-31 17:22:20]   Unexpected keys:        0
[2026-03-31 17:22:20]   Missing preview:        ['spatial_conv.1.weight', 'spatial_conv.1.bias', 'final_layer.1.weight', 'final_layer.1.bias']
[2026-03-31 17:22:20]   Unexpected preview:     []
[2026-03-31 17:22:20] Encoder freeze configuration:
[2026-03-31 17:22:20]   Total parameters:        18,192
[2026-03-31 17:22:20]   Trainable parameters:    4,352
[2026-03-31 17:22:20]   Training percentage:     23.9%
[2026-03-31 17:22:20]   Trainable layers: 4
[2026-03-31 17:22:20]     - final_layer.1.bias
[2026-03-31 17:22:20]     - final_layer.1.weight
[2026-03-31 17:22:20]     - spatial_conv.1.bias
[2026-03-31 17:22:20]     - spatial_conv.1.weight
[2026-03-31 17:22:20]     Train generator seeded: True
[2026-03-31 17:22:21]     Stopped epoch:            78
[2026-03-31 17:22:21]     Best epoch (valid_loss):  28
[2026-03-31 17:22:21]     Best valid_loss:          1.3828152418136597
[2026-03-31 17:22:21]     Test accuracy (primary):  0.3500
[2026-03-31 17:22:21]     Test balanced acc:        0.3500
[2026-03-31 17:22:21]     Confusion matrix:         [[2, 1, 2, 0], [2, 1, 1, 1], [1, 1, 2, 1], [0, 1, 2, 2]]
[2026-03-31 17:22:21]     Prediction histogram:     [5, 4, 7, 4]
[2026-03-31 17:22:21]     fold_acc=0.3500 fold_bal_acc=0.3500 cm=[[2, 1, 2, 0], [2, 1, 1, 1], [1, 1, 2, 1], [0, 1, 2, 2]]
[2026-03-31 17:22:21]   Subject 51 Fold 2 seed: 5403
[2026-03-31 17:22:21]   Subject 51 Fold 2: n_train=64 n_val=16 n_test=20
[2026-03-31 17:22:21]     Train class counts: [16, 16, 16, 16]
[2026-03-31 17:22:21]     Val class counts:   [4, 4, 4, 4]
[2026-03-31 17:22:21]     Test class counts:  [5, 5, 5, 5]
[2026-03-31 17:22:21] Building model with input window duration: 4.1875 s
[2026-03-31 17:22:21] Pretrained weight loading:
[2026-03-31 17:22:21]   Downloaded keys:        179
[2026-03-31 17:22:21]   Filtered (transformer): 172
[2026-03-31 17:22:21]   Filtered (pos_encoder): 0
[2026-03-31 17:22:21]   Keys to load:           7
[2026-03-31 17:22:21]   Missing keys:           4
[2026-03-31 17:22:21]   Unexpected keys:        0
[2026-03-31 17:22:21]   Missing preview:        ['spatial_conv.1.weight', 'spatial_conv.1.bias', 'final_layer.1.weight', 'final_layer.1.bias']
[2026-03-31 17:22:21]   Unexpected preview:     []
[2026-03-31 17:22:21] Encoder freeze configuration:
[2026-03-31 17:22:21]   Total parameters:        18,192
[2026-03-31 17:22:21]   Trainable parameters:    4,352
[2026-03-31 17:22:21]   Training percentage:     23.9%
[2026-03-31 17:22:21]   Trainable layers: 4
[2026-03-31 17:22:21]     - final_layer.1.bias
[2026-03-31 17:22:21]     - final_layer.1.weight
[2026-03-31 17:22:21]     - spatial_conv.1.bias
[2026-03-31 17:22:21]     - spatial_conv.1.weight
[2026-03-31 17:22:21]     Train generator seeded: True
[2026-03-31 17:22:22]     Stopped epoch:            112
[2026-03-31 17:22:22]     Best epoch (valid_loss):  62
[2026-03-31 17:22:22]     Best valid_loss:          1.3737273216247559
[2026-03-31 17:22:22]     Test accuracy (primary):  0.5000
[2026-03-31 17:22:22]     Test balanced acc:        0.5000
[2026-03-31 17:22:22]     Confusion matrix:         [[2, 1, 0, 2], [1, 2, 0, 2], [2, 0, 3, 0], [1, 0, 1, 3]]
[2026-03-31 17:22:22]     Prediction histogram:     [6, 3, 4, 7]
[2026-03-31 17:22:22]     fold_acc=0.5000 fold_bal_acc=0.5000 cm=[[2, 1, 0, 2], [1, 2, 0, 2], [2, 0, 3, 0], [1, 0, 1, 3]]
[2026-03-31 17:22:22]   Subject 51 Fold 3 seed: 5404
[2026-03-31 17:22:22]   Subject 51 Fold 3: n_train=64 n_val=16 n_test=20
[2026-03-31 17:22:22]     Train class counts: [16, 16, 16, 16]
[2026-03-31 17:22:22]     Val class counts:   [4, 4, 4, 4]
[2026-03-31 17:22:22]     Test class counts:  [5, 5, 5, 5]
[2026-03-31 17:22:22] Building model with input window duration: 4.1875 s
[2026-03-31 17:22:22] Pretrained weight loading:
[2026-03-31 17:22:22]   Downloaded keys:        179
[2026-03-31 17:22:22]   Filtered (transformer): 172
[2026-03-31 17:22:22]   Filtered (pos_encoder): 0
[2026-03-31 17:22:22]   Keys to load:           7
[2026-03-31 17:22:22]   Missing keys:           4
[2026-03-31 17:22:22]   Unexpected keys:        0
[2026-03-31 17:22:22]   Missing preview:        ['spatial_conv.1.weight', 'spatial_conv.1.bias', 'final_layer.1.weight', 'final_layer.1.bias']
[2026-03-31 17:22:22]   Unexpected preview:     []
[2026-03-31 17:22:22] Encoder freeze configuration:
[2026-03-31 17:22:22]   Total parameters:        18,192
[2026-03-31 17:22:22]   Trainable parameters:    4,352
[2026-03-31 17:22:22]   Training percentage:     23.9%
[2026-03-31 17:22:22]   Trainable layers: 4
[2026-03-31 17:22:22]     - final_layer.1.bias
[2026-03-31 17:22:22]     - final_layer.1.weight
[2026-03-31 17:22:22]     - spatial_conv.1.bias
[2026-03-31 17:22:22]     - spatial_conv.1.weight
[2026-03-31 17:22:22]     Train generator seeded: True
[2026-03-31 17:22:25]     Stopped epoch:            242
[2026-03-31 17:22:25]     Best epoch (valid_loss):  192
[2026-03-31 17:22:25]     Best valid_loss:          1.1573753356933594
[2026-03-31 17:22:25]     Test accuracy (primary):  0.3500
[2026-03-31 17:22:25]     Test balanced acc:        0.3500
[2026-03-31 17:22:25]     Confusion matrix:         [[1, 0, 0, 4], [0, 0, 3, 2], [3, 0, 2, 0], [0, 1, 0, 4]]
[2026-03-31 17:22:25]     Prediction histogram:     [4, 1, 5, 10]
[2026-03-31 17:22:25]     fold_acc=0.3500 fold_bal_acc=0.3500 cm=[[1, 0, 0, 4], [0, 0, 3, 2], [3, 0, 2, 0], [0, 1, 0, 4]]
[2026-03-31 17:22:25]   Subject 51 Fold 4 seed: 5405
[2026-03-31 17:22:25]   Subject 51 Fold 4: n_train=64 n_val=16 n_test=20
[2026-03-31 17:22:25]     Train class counts: [16, 16, 16, 16]
[2026-03-31 17:22:25]     Val class counts:   [4, 4, 4, 4]
[2026-03-31 17:22:25]     Test class counts:  [5, 5, 5, 5]
[2026-03-31 17:22:25] Building model with input window duration: 4.1875 s
[2026-03-31 17:22:25] Pretrained weight loading:
[2026-03-31 17:22:25]   Downloaded keys:        179
[2026-03-31 17:22:25]   Filtered (transformer): 172
[2026-03-31 17:22:25]   Filtered (pos_encoder): 0
[2026-03-31 17:22:25]   Keys to load:           7
[2026-03-31 17:22:25]   Missing keys:           4
[2026-03-31 17:22:25]   Unexpected keys:        0
[2026-03-31 17:22:25]   Missing preview:        ['spatial_conv.1.weight', 'spatial_conv.1.bias', 'final_layer.1.weight', 'final_layer.1.bias']
[2026-03-31 17:22:25]   Unexpected preview:     []
[2026-03-31 17:22:25] Encoder freeze configuration:
[2026-03-31 17:22:25]   Total parameters:        18,192
[2026-03-31 17:22:25]   Trainable parameters:    4,352
[2026-03-31 17:22:25]   Training percentage:     23.9%
[2026-03-31 17:22:25]   Trainable layers: 4
[2026-03-31 17:22:25]     - final_layer.1.bias
[2026-03-31 17:22:25]     - final_layer.1.weight
[2026-03-31 17:22:25]     - spatial_conv.1.bias
[2026-03-31 17:22:25]     - spatial_conv.1.weight
[2026-03-31 17:22:25]     Train generator seeded: True
[2026-03-31 17:22:26]     Stopped epoch:            94
[2026-03-31 17:22:26]     Best epoch (valid_loss):  57
[2026-03-31 17:22:26]     Best valid_loss:          1.3647890090942383
[2026-03-31 17:22:26]     Test accuracy (primary):  0.3500
[2026-03-31 17:22:26]     Test balanced acc:        0.3500
[2026-03-31 17:22:26]     Confusion matrix:         [[0, 2, 3, 0], [0, 1, 4, 0], [0, 0, 3, 2], [1, 1, 0, 3]]
[2026-03-31 17:22:26]     Prediction histogram:     [1, 4, 10, 5]
[2026-03-31 17:22:26]     fold_acc=0.3500 fold_bal_acc=0.3500 cm=[[0, 2, 3, 0], [0, 1, 4, 0], [0, 0, 3, 2], [1, 1, 0, 3]]
[2026-03-31 17:22:26]   Subject 51 Fold 5 seed: 5406
[2026-03-31 17:22:26]   Subject 51 Fold 5: n_train=64 n_val=16 n_test=20
[2026-03-31 17:22:26]     Train class counts: [16, 16, 16, 16]
[2026-03-31 17:22:26]     Val class counts:   [4, 4, 4, 4]
[2026-03-31 17:22:26]     Test class counts:  [5, 5, 5, 5]
[2026-03-31 17:22:26] Building model with input window duration: 4.1875 s
[2026-03-31 17:22:26] Pretrained weight loading:
[2026-03-31 17:22:26]   Downloaded keys:        179
[2026-03-31 17:22:26]   Filtered (transformer): 172
[2026-03-31 17:22:26]   Filtered (pos_encoder): 0
[2026-03-31 17:22:26]   Keys to load:           7
[2026-03-31 17:22:26]   Missing keys:           4
[2026-03-31 17:22:26]   Unexpected keys:        0
[2026-03-31 17:22:26]   Missing preview:        ['spatial_conv.1.weight', 'spatial_conv.1.bias', 'final_layer.1.weight', 'final_layer.1.bias']
[2026-03-31 17:22:26]   Unexpected preview:     []
[2026-03-31 17:22:26] Encoder freeze configuration:
[2026-03-31 17:22:26]   Total parameters:        18,192
[2026-03-31 17:22:26]   Trainable parameters:    4,352
[2026-03-31 17:22:26]   Training percentage:     23.9%
[2026-03-31 17:22:26]   Trainable layers: 4
[2026-03-31 17:22:26]     - final_layer.1.bias
[2026-03-31 17:22:26]     - final_layer.1.weight
[2026-03-31 17:22:26]     - spatial_conv.1.bias
[2026-03-31 17:22:26]     - spatial_conv.1.weight
[2026-03-31 17:22:26]     Train generator seeded: True
[2026-03-31 17:22:27]     Stopped epoch:            51
[2026-03-31 17:22:27]     Best epoch (valid_loss):  1
[2026-03-31 17:22:27]     Best valid_loss:          1.3892537355422974
[2026-03-31 17:22:27]     Test accuracy (primary):  0.2500
[2026-03-31 17:22:27]     Test balanced acc:        0.2500
[2026-03-31 17:22:27]     Confusion matrix:         [[5, 0, 0, 0], [5, 0, 0, 0], [5, 0, 0, 0], [5, 0, 0, 0]]
[2026-03-31 17:22:27]     Prediction histogram:     [20, 0, 0, 0]
[2026-03-31 17:22:27]     fold_acc=0.2500 fold_bal_acc=0.2500 cm=[[5, 0, 0, 0], [5, 0, 0, 0], [5, 0, 0, 0], [5, 0, 0, 0]]
[2026-03-31 17:22:27]   Subject 51 mean accuracy: 0.3600

[2026-03-31 17:22:27] Subject 54: 100 windows class_counts=[25, 25, 25, 25]
[2026-03-31 17:22:27]   Fold 1 split seed: 302
[2026-03-31 17:22:27]   Fold 1 split class counts:
[2026-03-31 17:22:27]     train=[16, 16, 16, 16] val=[4, 4, 4, 4] test=[5, 5, 5, 5]
[2026-03-31 17:22:27]   Fold 2 split seed: 303
[2026-03-31 17:22:27]   Fold 2 split class counts:
[2026-03-31 17:22:27]     train=[16, 16, 16, 16] val=[4, 4, 4, 4] test=[5, 5, 5, 5]
[2026-03-31 17:22:27]   Fold 3 split seed: 304
[2026-03-31 17:22:27]   Fold 3 split class counts:
[2026-03-31 17:22:27]     train=[16, 16, 16, 16] val=[4, 4, 4, 4] test=[5, 5, 5, 5]
[2026-03-31 17:22:27]   Fold 4 split seed: 305
[2026-03-31 17:22:27]   Fold 4 split class counts:
[2026-03-31 17:22:27]     train=[16, 16, 16, 16] val=[4, 4, 4, 4] test=[5, 5, 5, 5]
[2026-03-31 17:22:27]   Fold 5 split seed: 306
[2026-03-31 17:22:27]   Fold 5 split class counts:
[2026-03-31 17:22:27]     train=[16, 16, 16, 16] val=[4, 4, 4, 4] test=[5, 5, 5, 5]
[2026-03-31 17:22:27]   Subject 54 Fold 1 seed: 5702
[2026-03-31 17:22:27]   Subject 54 Fold 1: n_train=64 n_val=16 n_test=20
[2026-03-31 17:22:27]     Train class counts: [16, 16, 16, 16]
[2026-03-31 17:22:27]     Val class counts:   [4, 4, 4, 4]
[2026-03-31 17:22:27]     Test class counts:  [5, 5, 5, 5]
[2026-03-31 17:22:27] Building model with input window duration: 4.1875 s
[2026-03-31 17:22:27] Pretrained weight loading:
[2026-03-31 17:22:27]   Downloaded keys:        179
[2026-03-31 17:22:27]   Filtered (transformer): 172
[2026-03-31 17:22:27]   Filtered (pos_encoder): 0
[2026-03-31 17:22:27]   Keys to load:           7
[2026-03-31 17:22:27]   Missing keys:           4
[2026-03-31 17:22:27]   Unexpected keys:        0
[2026-03-31 17:22:27]   Missing preview:        ['spatial_conv.1.weight', 'spatial_conv.1.bias', 'final_layer.1.weight', 'final_layer.1.bias']
[2026-03-31 17:22:27]   Unexpected preview:     []
[2026-03-31 17:22:27] Encoder freeze configuration:
[2026-03-31 17:22:27]   Total parameters:        18,192
[2026-03-31 17:22:27]   Trainable parameters:    4,352
[2026-03-31 17:22:27]   Training percentage:     23.9%
[2026-03-31 17:22:27]   Trainable layers: 4
[2026-03-31 17:22:27]     - final_layer.1.bias
[2026-03-31 17:22:27]     - final_layer.1.weight
[2026-03-31 17:22:27]     - spatial_conv.1.bias
[2026-03-31 17:22:27]     - spatial_conv.1.weight
[2026-03-31 17:22:27]     Train generator seeded: True
[2026-03-31 17:22:32]     Stopped epoch:            467
[2026-03-31 17:22:32]     Best epoch (valid_loss):  417
[2026-03-31 17:22:32]     Best valid_loss:          1.0758204460144043
[2026-03-31 17:22:32]     Test accuracy (primary):  0.8500
[2026-03-31 17:22:32]     Test balanced acc:        0.8500
[2026-03-31 17:22:32]     Confusion matrix:         [[5, 0, 0, 0], [1, 4, 0, 0], [1, 0, 4, 0], [0, 0, 1, 4]]
[2026-03-31 17:22:32]     Prediction histogram:     [7, 4, 5, 4]
[2026-03-31 17:22:32]     fold_acc=0.8500 fold_bal_acc=0.8500 cm=[[5, 0, 0, 0], [1, 4, 0, 0], [1, 0, 4, 0], [0, 0, 1, 4]]
[2026-03-31 17:22:32]   Subject 54 Fold 2 seed: 5703
[2026-03-31 17:22:32]   Subject 54 Fold 2: n_train=64 n_val=16 n_test=20
[2026-03-31 17:22:32]     Train class counts: [16, 16, 16, 16]
[2026-03-31 17:22:32]     Val class counts:   [4, 4, 4, 4]
[2026-03-31 17:22:32]     Test class counts:  [5, 5, 5, 5]
[2026-03-31 17:22:32] Building model with input window duration: 4.1875 s
[2026-03-31 17:22:32] Pretrained weight loading:
[2026-03-31 17:22:32]   Downloaded keys:        179
[2026-03-31 17:22:32]   Filtered (transformer): 172
[2026-03-31 17:22:32]   Filtered (pos_encoder): 0
[2026-03-31 17:22:32]   Keys to load:           7
[2026-03-31 17:22:32]   Missing keys:           4
[2026-03-31 17:22:32]   Unexpected keys:        0
[2026-03-31 17:22:32]   Missing preview:        ['spatial_conv.1.weight', 'spatial_conv.1.bias', 'final_layer.1.weight', 'final_layer.1.bias']
[2026-03-31 17:22:32]   Unexpected preview:     []
[2026-03-31 17:22:32] Encoder freeze configuration:
[2026-03-31 17:22:32]   Total parameters:        18,192
[2026-03-31 17:22:32]   Trainable parameters:    4,352
[2026-03-31 17:22:32]   Training percentage:     23.9%
[2026-03-31 17:22:32]   Trainable layers: 4
[2026-03-31 17:22:32]     - final_layer.1.bias
[2026-03-31 17:22:32]     - final_layer.1.weight
[2026-03-31 17:22:32]     - spatial_conv.1.bias
[2026-03-31 17:22:32]     - spatial_conv.1.weight
[2026-03-31 17:22:32]     Train generator seeded: True
[2026-03-31 17:22:51]     Stopped epoch:            1500
[2026-03-31 17:22:51]     Best epoch (valid_loss):  1450
[2026-03-31 17:22:51]     Best valid_loss:          0.4960295259952545
[2026-03-31 17:22:51]     Test accuracy (primary):  0.7500
[2026-03-31 17:22:51]     Test balanced acc:        0.7500
[2026-03-31 17:22:51]     Confusion matrix:         [[4, 0, 1, 0], [0, 4, 0, 1], [0, 0, 4, 1], [0, 1, 1, 3]]
[2026-03-31 17:22:51]     Prediction histogram:     [4, 5, 6, 5]
[2026-03-31 17:22:51]     fold_acc=0.7500 fold_bal_acc=0.7500 cm=[[4, 0, 1, 0], [0, 4, 0, 1], [0, 0, 4, 1], [0, 1, 1, 3]]
[2026-03-31 17:22:51]   Subject 54 Fold 3 seed: 5704
[2026-03-31 17:22:51]   Subject 54 Fold 3: n_train=64 n_val=16 n_test=20
[2026-03-31 17:22:51]     Train class counts: [16, 16, 16, 16]
[2026-03-31 17:22:51]     Val class counts:   [4, 4, 4, 4]
[2026-03-31 17:22:51]     Test class counts:  [5, 5, 5, 5]
[2026-03-31 17:22:51] Building model with input window duration: 4.1875 s
[2026-03-31 17:22:51] Pretrained weight loading:
[2026-03-31 17:22:51]   Downloaded keys:        179
[2026-03-31 17:22:51]   Filtered (transformer): 172
[2026-03-31 17:22:51]   Filtered (pos_encoder): 0
[2026-03-31 17:22:51]   Keys to load:           7
[2026-03-31 17:22:51]   Missing keys:           4
[2026-03-31 17:22:51]   Unexpected keys:        0
[2026-03-31 17:22:51]   Missing preview:        ['spatial_conv.1.weight', 'spatial_conv.1.bias', 'final_layer.1.weight', 'final_layer.1.bias']
[2026-03-31 17:22:51]   Unexpected preview:     []
[2026-03-31 17:22:51] Encoder freeze configuration:
[2026-03-31 17:22:51]   Total parameters:        18,192
[2026-03-31 17:22:51]   Trainable parameters:    4,352
[2026-03-31 17:22:51]   Training percentage:     23.9%
[2026-03-31 17:22:51]   Trainable layers: 4
[2026-03-31 17:22:51]     - final_layer.1.bias
[2026-03-31 17:22:51]     - final_layer.1.weight
[2026-03-31 17:22:51]     - spatial_conv.1.bias
[2026-03-31 17:22:51]     - spatial_conv.1.weight
[2026-03-31 17:22:51]     Train generator seeded: True
[2026-03-31 17:23:04]     Stopped epoch:            1060
[2026-03-31 17:23:04]     Best epoch (valid_loss):  1010
[2026-03-31 17:23:04]     Best valid_loss:          0.9652074575424194
[2026-03-31 17:23:04]     Test accuracy (primary):  0.5500
[2026-03-31 17:23:04]     Test balanced acc:        0.5500
[2026-03-31 17:23:04]     Confusion matrix:         [[5, 0, 0, 0], [0, 1, 2, 2], [1, 1, 3, 0], [0, 3, 0, 2]]
[2026-03-31 17:23:04]     Prediction histogram:     [6, 5, 5, 4]
[2026-03-31 17:23:04]     fold_acc=0.5500 fold_bal_acc=0.5500 cm=[[5, 0, 0, 0], [0, 1, 2, 2], [1, 1, 3, 0], [0, 3, 0, 2]]
[2026-03-31 17:23:04]   Subject 54 Fold 4 seed: 5705
[2026-03-31 17:23:04]   Subject 54 Fold 4: n_train=64 n_val=16 n_test=20
[2026-03-31 17:23:04]     Train class counts: [16, 16, 16, 16]
[2026-03-31 17:23:04]     Val class counts:   [4, 4, 4, 4]
[2026-03-31 17:23:04]     Test class counts:  [5, 5, 5, 5]
[2026-03-31 17:23:04] Building model with input window duration: 4.1875 s
[2026-03-31 17:23:04] Pretrained weight loading:
[2026-03-31 17:23:04]   Downloaded keys:        179
[2026-03-31 17:23:04]   Filtered (transformer): 172
[2026-03-31 17:23:04]   Filtered (pos_encoder): 0
[2026-03-31 17:23:04]   Keys to load:           7
[2026-03-31 17:23:04]   Missing keys:           4
[2026-03-31 17:23:04]   Unexpected keys:        0
[2026-03-31 17:23:04]   Missing preview:        ['spatial_conv.1.weight', 'spatial_conv.1.bias', 'final_layer.1.weight', 'final_layer.1.bias']
[2026-03-31 17:23:04]   Unexpected preview:     []
[2026-03-31 17:23:04] Encoder freeze configuration:
[2026-03-31 17:23:04]   Total parameters:        18,192
[2026-03-31 17:23:04]   Trainable parameters:    4,352
[2026-03-31 17:23:04]   Training percentage:     23.9%
[2026-03-31 17:23:04]   Trainable layers: 4
[2026-03-31 17:23:04]     - final_layer.1.bias
[2026-03-31 17:23:04]     - final_layer.1.weight
[2026-03-31 17:23:04]     - spatial_conv.1.bias
[2026-03-31 17:23:04]     - spatial_conv.1.weight
[2026-03-31 17:23:04]     Train generator seeded: True
[2026-03-31 17:23:13]     Stopped epoch:            659
[2026-03-31 17:23:13]     Best epoch (valid_loss):  609
[2026-03-31 17:23:13]     Best valid_loss:          0.6922034621238708
[2026-03-31 17:23:13]     Test accuracy (primary):  0.6500
[2026-03-31 17:23:13]     Test balanced acc:        0.6500
[2026-03-31 17:23:13]     Confusion matrix:         [[5, 0, 0, 0], [0, 4, 0, 1], [0, 1, 3, 1], [1, 3, 0, 1]]
[2026-03-31 17:23:13]     Prediction histogram:     [6, 8, 3, 3]
[2026-03-31 17:23:13]     fold_acc=0.6500 fold_bal_acc=0.6500 cm=[[5, 0, 0, 0], [0, 4, 0, 1], [0, 1, 3, 1], [1, 3, 0, 1]]
[2026-03-31 17:23:13]   Subject 54 Fold 5 seed: 5706
[2026-03-31 17:23:13]   Subject 54 Fold 5: n_train=64 n_val=16 n_test=20
[2026-03-31 17:23:13]     Train class counts: [16, 16, 16, 16]
[2026-03-31 17:23:13]     Val class counts:   [4, 4, 4, 4]
[2026-03-31 17:23:13]     Test class counts:  [5, 5, 5, 5]
[2026-03-31 17:23:13] Building model with input window duration: 4.1875 s
[2026-03-31 17:23:13] Pretrained weight loading:
[2026-03-31 17:23:13]   Downloaded keys:        179
[2026-03-31 17:23:13]   Filtered (transformer): 172
[2026-03-31 17:23:13]   Filtered (pos_encoder): 0
[2026-03-31 17:23:13]   Keys to load:           7
[2026-03-31 17:23:13]   Missing keys:           4
[2026-03-31 17:23:13]   Unexpected keys:        0
[2026-03-31 17:23:13]   Missing preview:        ['spatial_conv.1.weight', 'spatial_conv.1.bias', 'final_layer.1.weight', 'final_layer.1.bias']
[2026-03-31 17:23:13]   Unexpected preview:     []
[2026-03-31 17:23:13] Encoder freeze configuration:
[2026-03-31 17:23:13]   Total parameters:        18,192
[2026-03-31 17:23:13]   Trainable parameters:    4,352
[2026-03-31 17:23:13]   Training percentage:     23.9%
[2026-03-31 17:23:13]   Trainable layers: 4
[2026-03-31 17:23:13]     - final_layer.1.bias
[2026-03-31 17:23:13]     - final_layer.1.weight
[2026-03-31 17:23:13]     - spatial_conv.1.bias
[2026-03-31 17:23:13]     - spatial_conv.1.weight
[2026-03-31 17:23:13]     Train generator seeded: True
[2026-03-31 17:23:23]     Stopped epoch:            657
[2026-03-31 17:23:23]     Best epoch (valid_loss):  607
[2026-03-31 17:23:23]     Best valid_loss:          0.6143251061439514
[2026-03-31 17:23:23]     Test accuracy (primary):  0.5500
[2026-03-31 17:23:23]     Test balanced acc:        0.5500
[2026-03-31 17:23:23]     Confusion matrix:         [[4, 0, 0, 1], [0, 2, 2, 1], [0, 1, 2, 2], [0, 0, 2, 3]]
[2026-03-31 17:23:23]     Prediction histogram:     [4, 3, 6, 7]
[2026-03-31 17:23:23]     fold_acc=0.5500 fold_bal_acc=0.5500 cm=[[4, 0, 0, 1], [0, 2, 2, 1], [0, 1, 2, 2], [0, 0, 2, 3]]
[2026-03-31 17:23:23]   Subject 54 mean accuracy: 0.6700

[2026-03-31 17:23:23] Total folds completed: 10
[2026-03-31 17:23:23] ======================================================================
[2026-03-31 17:23:23] AGGREGATED RESULTS
[2026-03-31 17:23:23] ======================================================================
[2026-03-31 17:23:23]   Subject 51:  acc=0.3600±0.0800  bal_acc=0.3600±0.0800
[2026-03-31 17:23:23]   Subject 54:  acc=0.6700±0.1166  bal_acc=0.6700±0.1166
[2026-03-31 17:23:23] ----------------------------------------------------------------------
[2026-03-31 17:23:23]   OVERALL:      acc=0.5150±0.1845  bal_acc=0.5150±0.1845
[2026-03-31 17:23:23] ======================================================================
[2026-03-31 17:23:23] CV results saved to:      /home/vegorov/Repos/eeg_jepa_research/artifacts/lee-2019-fine-tuning/SSVEP/20260331_1721_88936929/cv_results.json
[2026-03-31 17:23:23] Subject metrics saved to: /home/vegorov/Repos/eeg_jepa_research/artifacts/lee-2019-fine-tuning/SSVEP/20260331_1721_88936929/subject_metrics.json
[2026-03-31 17:23:23] Global metrics saved to:  /home/vegorov/Repos/eeg_jepa_research/artifacts/lee-2019-fine-tuning/SSVEP/20260331_1721_88936929/global_metrics.json
[2026-03-31 17:23:23] Run metadata saved to:    /home/vegorov/Repos/eeg_jepa_research/artifacts/lee-2019-fine-tuning/SSVEP/20260331_1721_88936929/run_metadata.json

[2026-03-31 17:23:23] All artifacts in: /home/vegorov/Repos/eeg_jepa_research/artifacts/lee-2019-fine-tuning/SSVEP/20260331_1721_88936929

[2026-03-31 17:23:23] ======================================================================
[2026-03-31 17:23:23] EXPERIMENT SUMMARY
[2026-03-31 17:23:23] ======================================================================
[2026-03-31 17:23:23] Run ID:    20260331_1721_88936929
[2026-03-31 17:23:23] Artifacts: /home/vegorov/Repos/eeg_jepa_research/artifacts/lee-2019-fine-tuning/SSVEP/20260331_1721_88936929

[2026-03-31 17:23:23] Configuration:
[2026-03-31 17:23:23]   Subjects:          [51, 54]
[2026-03-31 17:23:23]   Bandpass:          0.5-40.0 Hz
[2026-03-31 17:23:23]   Resample:          128 Hz
[2026-03-31 17:23:23]   CV folds:          5
[2026-03-31 17:23:23]   Learning rate:     0.001
[2026-03-31 17:23:23]   Batch size:        16
[2026-03-31 17:23:23]   Max epochs:        5000

[2026-03-31 17:23:23] Results:
[2026-03-31 17:23:23]   Mean Accuracy:          0.5150 ± 0.1845
[2026-03-31 17:23:23]   Mean Balanced Accuracy: 0.5150 ± 0.1845
