[2026-04-01 10:24:18] Using device: cpu
[2026-04-01 10:24:18] Seed control enabled: True
[2026-04-01 10:24:18] Base seed: 4035
[2026-04-01 10:24:19] Seed initialized: 4035
[2026-04-01 10:24:19] ======================================================================
[2026-04-01 10:24:19] CONFIGURATION
[2026-04-01 10:24:19] ======================================================================
[2026-04-01 10:24:19]   artifact_dir: /home/vegorov/Repos/eeg_jepa_research/artifacts/lee-2019-fine-tuning
[2026-04-01 10:24:19]   bandpass_high: 40.0
[2026-04-01 10:24:19]   bandpass_low: 0.5
[2026-04-01 10:24:19]   batch_size: 8
[2026-04-01 10:24:19]   convert_to_uV: False
[2026-04-01 10:24:19]   cv_folds: 5
[2026-04-01 10:24:19]   device: auto
[2026-04-01 10:24:19]   early_stopping_patience: 50
[2026-04-01 10:24:19]   learning_rate: 0.001
[2026-04-01 10:24:19]   n_epochs: 5000
[2026-04-01 10:24:19]   normalization_method: robust
[2026-04-01 10:24:19]   normalize: True
[2026-04-01 10:24:19]   paradigm: SSVEP
[2026-04-01 10:24:19]   pretrained_url: https://huggingface.co/braindecode/SignalJEPA/resolve/main/signal-jepa_16s-60_adeuwv4s.pth
[2026-04-01 10:24:19]   seed: 4035
[2026-04-01 10:24:19]   set_seed: True
[2026-04-01 10:24:19]   sfreq: 128
[2026-04-01 10:24:19]   subjects_to_use: [51]
[2026-04-01 10:24:19]   val_split: 0.2
[2026-04-01 10:24:19] ======================================================================
[2026-04-01 10:24:19] Config saved to: /home/vegorov/Repos/eeg_jepa_research/artifacts/lee-2019-fine-tuning/SSVEP/20260401_1024_4bf93817/config.json
[2026-04-01 10:24:19] Epoch window configuration:
[2026-04-01 10:24:19]   Target sfreq:                128 Hz
[2026-04-01 10:24:19]   Target duration:             4.190000 s
[2026-04-01 10:24:19]   Window samples (rounded):    536
[2026-04-01 10:24:19]   Base trial samples (4.0 s):  512
[2026-04-01 10:24:19]   Trial stop offset samples:   24
[2026-04-01 10:24:19]   Effective window duration:   4.187500 s
[2026-04-01 10:24:19] Using specified subjects from config: [51]
[2026-04-01 10:24:19] Selected subjects: [51]
[2026-04-01 10:24:19] Expected evaluation folds: 5

[2026-04-01 10:24:19] Building MOABBDataset for Lee2019_SSVEP...
[2026-04-01 10:24:27] MOABBDataset recordings loaded: 1
[2026-04-01 10:24:27] Discovered annotation descriptions (first recording): [np.str_('12.0'), np.str_('5.45'), np.str_('6.67'), np.str_('8.57')]
[2026-04-01 10:24:27] Dataset event_id mapping: {'12.0': 1, '8.57': 2, '6.67': 3, '5.45': 4}
[2026-04-01 10:24:27] Label map (event_code -> class_index): {1: 0, 2: 1, 3: 2, 4: 3}
[2026-04-01 10:24:27] Applying Braindecode preprocessors to MOABBDataset...
[2026-04-01 10:24:30] Preprocessing complete.

[2026-04-01 10:24:30] Post-preprocessing validation
[2026-04-01 10:24:30]   Recordings in DATASET: 1
[2026-04-01 10:24:30]   Unique subject IDs:    ['51']
[2026-04-01 10:24:30]   sfreq (first rec):     128.0 Hz
[2026-04-01 10:24:30]   EEG channel count:     62
[2026-04-01 10:24:30]   First 10 channels:     ['Fp1', 'Fp2', 'F7', 'F3', 'Fz', 'F4', 'F8', 'FC5', 'FC1', 'FC2']
[2026-04-01 10:24:30] Channel consistency summary:
[2026-04-01 10:24:30]   Checked runs: 1
[2026-04-01 10:24:30]   Unique channel counts: [62]
[2026-04-01 10:24:30]   Channel order consistent: True
[2026-04-01 10:24:30] Validated EEG channels: 62
[2026-04-01 10:24:30] First 10 EEG channels: ['Fp1', 'Fp2', 'F7', 'F3', 'Fz', 'F4', 'F8', 'FC5', 'FC1', 'FC2']
[2026-04-01 10:24:30] raw mean_abs=1.618691e+00
[2026-04-01 10:24:30] raw std=6.548847e+00
[2026-04-01 10:24:31] raw first5 channel std= [4.26827549 4.05485272 2.5881131  2.19750201 2.01379863]
[2026-04-01 10:24:31] Requested window samples: 536
[2026-04-01 10:24:31] Base trial samples:       512
[2026-04-01 10:24:31] Stop offset samples:      24
[2026-04-01 10:24:31] Global class counts: [25, 25, 25, 25]
[2026-04-01 10:24:31] Chance level (4-class): 0.25
[2026-04-01 10:24:31] One window shape: (62, 536)
[2026-04-01 10:24:31] One window label: 1
[2026-04-01 10:24:31] Window sample length expected=536, got=536
[2026-04-01 10:24:31] Subjects in window split: [51]
[2026-04-01 10:24:31] Summarizing per-subject windows...
[2026-04-01 10:24:31]   Subject 51: n_windows=100, window_shape=(62, 536), class_counts=[25, 25, 25, 25]
[2026-04-01 10:24:31]    subject_id  n_windows  n_channels  n_times      class_counts
0          51        100          62      536  [25, 25, 25, 25]
[2026-04-01 10:24:31] Window validation summary:
[2026-04-01 10:24:31]   Subject 51: n_windows=100 class_counts=[25, 25, 25, 25]

[2026-04-01 10:24:31] Validated sampling rate target: 128 Hz
[2026-04-01 10:24:31] Validated window sample count:   536
[2026-04-01 10:24:31] Validated window duration:       4.1875 s
[2026-04-01 10:24:31] Validated channel count:         62
[2026-04-01 10:24:31] Total windows retained:          100
[2026-04-01 10:24:31] Preprocessing sanity checks:
[2026-04-01 10:24:31]   One sample label: 1
[2026-04-01 10:24:31]   One sample shape: (62, 536)
[2026-04-01 10:24:31]   Mean(abs(signal)): 7.886489e-01
[2026-04-01 10:24:31]   Mean(signal):      5.819337e-03
[2026-04-01 10:24:31]   Std(signal):       1.028221e+00
[2026-04-01 10:24:31] Building model with input window duration: 4.1875 s
[2026-04-01 10:24:31] SignalJEPA_PreLocal instantiated successfully.
[2026-04-01 10:24:31]   Total parameters:     18,192
[2026-04-01 10:24:31]   Trainable parameters: 18,192
[2026-04-01 10:24:31] ======================================================================================================================================================
Layer (type (var_name):depth-idx)                  Input Shape               Output Shape              Param #                   Kernel Shape
======================================================================================================================================================
SignalJEPA_PreLocal (SignalJEPA_PreLocal)          [1, 62, 536]              [1, 4]                    --                        --
├─Sequential (spatial_conv): 1-1                   [1, 62, 536]              [1, 4, 536]               --                        --
│    └─Rearrange (0): 2-1                          [1, 62, 536]              [1, 1, 62, 536]           --                        --
│    └─Conv2d (1): 2-2                             [1, 1, 62, 536]           [1, 4, 1, 536]            252                       [62, 1]
│    └─Rearrange (2): 2-3                          [1, 4, 1, 536]            [1, 4, 536]               --                        --
├─_ConvFeatureEncoder (feature_encoder): 1-2       [1, 4, 536]               [1, 16, 64]               --                        --
│    └─Rearrange (0): 2-4                          [1, 4, 536]               [4, 1, 536]               --                        --
│    └─Sequential (1): 2-5                         [4, 1, 536]               [4, 8, 64]                --                        --
│    │    └─Conv1d (0): 3-1                        [4, 1, 536]               [4, 8, 64]                256                       [32]
│    │    └─Dropout (1): 3-2                       [4, 8, 64]                [4, 8, 64]                --                        --
│    │    └─GroupNorm (2): 3-3                     [4, 8, 64]                [4, 8, 64]                16                        --
│    │    └─GELU (3): 3-4                          [4, 8, 64]                [4, 8, 64]                --                        --
│    └─Sequential (2): 2-6                         [4, 8, 64]                [4, 16, 32]               --                        --
│    │    └─Conv1d (0): 3-5                        [4, 8, 64]                [4, 16, 32]               256                       [2]
│    │    └─Dropout (1): 3-6                       [4, 16, 32]               [4, 16, 32]               --                        --
│    │    └─GELU (2): 3-7                          [4, 16, 32]               [4, 16, 32]               --                        --
│    └─Sequential (3): 2-7                         [4, 16, 32]               [4, 32, 16]               --                        --
│    │    └─Conv1d (0): 3-8                        [4, 16, 32]               [4, 32, 16]               1,024                     [2]
│    │    └─Dropout (1): 3-9                       [4, 32, 16]               [4, 32, 16]               --                        --
│    │    └─GELU (2): 3-10                         [4, 32, 16]               [4, 32, 16]               --                        --
│    └─Sequential (4): 2-8                         [4, 32, 16]               [4, 64, 8]                --                        --
│    │    └─Conv1d (0): 3-11                       [4, 32, 16]               [4, 64, 8]                4,096                     [2]
│    │    └─Dropout (1): 3-12                      [4, 64, 8]                [4, 64, 8]                --                        --
│    │    └─GELU (2): 3-13                         [4, 64, 8]                [4, 64, 8]                --                        --
│    └─Sequential (5): 2-9                         [4, 64, 8]                [4, 64, 4]                --                        --
│    │    └─Conv1d (0): 3-14                       [4, 64, 8]                [4, 64, 4]                8,192                     [2]
│    │    └─Dropout (1): 3-15                      [4, 64, 4]                [4, 64, 4]                --                        --
│    │    └─GELU (2): 3-16                         [4, 64, 4]                [4, 64, 4]                --                        --
│    └─Rearrange (6): 2-10                         [4, 64, 4]                [1, 16, 64]               --                        --
├─Sequential (final_layer): 1-3                    [1, 16, 64]               [1, 4]                    --                        --
│    └─Flatten (0): 2-11                           [1, 16, 64]               [1, 1024]                 --                        --
│    └─Linear (1): 2-12                            [1, 1024]                 [1, 4]                    4,100                     --
======================================================================================================================================================
Total params: 18,192
Trainable params: 18,192
Non-trainable params: 0
Total mult-adds (Units.MEGABYTES): 0.57
======================================================================================================================================================
Input size (MB): 0.13
Forward/backward pass size (MB): 0.11
Params size (MB): 0.07
Estimated Total Size (MB): 0.31
======================================================================================================================================================
[2026-04-01 10:24:31] Initializing from 16s-60 pretrained checkpoint (Hugging Face):
[2026-04-01 10:24:31]   https://huggingface.co/braindecode/SignalJEPA/resolve/main/signal-jepa_16s-60_adeuwv4s.pth
[2026-04-01 10:24:31]   Downloaded 179 keys
[2026-04-01 10:24:31] ======================================================================
[2026-04-01 10:24:31] STARTING CROSS-VALIDATION
[2026-04-01 10:24:31] ======================================================================
[2026-04-01 10:24:31] Subjects:      [51]
[2026-04-01 10:24:31] CV folds:      5
[2026-04-01 10:24:31] Batch size:    8
[2026-04-01 10:24:31] Max epochs:    5000
[2026-04-01 10:24:31] Device:        cpu
[2026-04-01 10:24:31] Seed control:  True
[2026-04-01 10:24:31] Base seed:     4035
[2026-04-01 10:24:31] ======================================================================

[2026-04-01 10:24:31] Subject 51: 100 windows class_counts=[25, 25, 25, 25]
[2026-04-01 10:24:31]   Fold 1 split seed: 4036
[2026-04-01 10:24:31]   Fold 1 split class counts:
[2026-04-01 10:24:31]     train=[16, 16, 16, 16] val=[4, 4, 4, 4] test=[5, 5, 5, 5]
[2026-04-01 10:24:31]   Fold 2 split seed: 4037
[2026-04-01 10:24:31]   Fold 2 split class counts:
[2026-04-01 10:24:31]     train=[16, 16, 16, 16] val=[4, 4, 4, 4] test=[5, 5, 5, 5]
[2026-04-01 10:24:31]   Fold 3 split seed: 4038
[2026-04-01 10:24:31]   Fold 3 split class counts:
[2026-04-01 10:24:31]     train=[16, 16, 16, 16] val=[4, 4, 4, 4] test=[5, 5, 5, 5]
[2026-04-01 10:24:31]   Fold 4 split seed: 4039
[2026-04-01 10:24:31]   Fold 4 split class counts:
[2026-04-01 10:24:31]     train=[16, 16, 16, 16] val=[4, 4, 4, 4] test=[5, 5, 5, 5]
[2026-04-01 10:24:31]   Fold 5 split seed: 4040
[2026-04-01 10:24:31]   Fold 5 split class counts:
[2026-04-01 10:24:31]     train=[16, 16, 16, 16] val=[4, 4, 4, 4] test=[5, 5, 5, 5]
[2026-04-01 10:24:31]   Subject 51 Fold 1 seed: 9136
[2026-04-01 10:24:31]   Subject 51 Fold 1: n_train=64 n_val=16 n_test=20
[2026-04-01 10:24:31]     Train class counts: [16, 16, 16, 16]
[2026-04-01 10:24:31]     Val class counts:   [4, 4, 4, 4]
[2026-04-01 10:24:31]     Test class counts:  [5, 5, 5, 5]
[2026-04-01 10:24:31] Building model with input window duration: 4.1875 s
[2026-04-01 10:24:31] Pretrained weight loading:
[2026-04-01 10:24:31]   Downloaded keys:        179
[2026-04-01 10:24:31]   Filtered (transformer): 172
[2026-04-01 10:24:31]   Filtered (pos_encoder): 0
[2026-04-01 10:24:31]   Keys to load:           7
[2026-04-01 10:24:31]   Missing keys:           4
[2026-04-01 10:24:31]   Unexpected keys:        0
[2026-04-01 10:24:31]   Missing preview:        ['spatial_conv.1.weight', 'spatial_conv.1.bias', 'final_layer.1.weight', 'final_layer.1.bias']
[2026-04-01 10:24:31]   Unexpected preview:     []
[2026-04-01 10:24:31] Encoder freeze configuration:
[2026-04-01 10:24:31]   Total parameters:        18,192
[2026-04-01 10:24:31]   Trainable parameters:    4,352
[2026-04-01 10:24:31]   Training percentage:     23.9%
[2026-04-01 10:24:31]   Trainable layers: 4
[2026-04-01 10:24:31]     - final_layer.1.bias
[2026-04-01 10:24:31]     - final_layer.1.weight
[2026-04-01 10:24:31]     - spatial_conv.1.bias
[2026-04-01 10:24:31]     - spatial_conv.1.weight
[2026-04-01 10:24:31]     Train generator seeded: True
[2026-04-01 10:24:32]     Stopped epoch:            81
[2026-04-01 10:24:32]     Best epoch (valid_loss):  31
[2026-04-01 10:24:32]     Best valid_loss:          1.363408088684082
[2026-04-01 10:24:32]     Test accuracy (primary):  0.3000
[2026-04-01 10:24:32]     Test balanced acc:        0.3000
[2026-04-01 10:24:32]     Confusion matrix:         [[2, 1, 1, 1], [2, 1, 1, 1], [1, 1, 1, 2], [1, 0, 2, 2]]
[2026-04-01 10:24:32]     Prediction histogram:     [6, 3, 5, 6]
[2026-04-01 10:24:32]     fold_acc=0.3000 fold_bal_acc=0.3000 cm=[[2, 1, 1, 1], [2, 1, 1, 1], [1, 1, 1, 2], [1, 0, 2, 2]]
[2026-04-01 10:24:32]   Subject 51 Fold 2 seed: 9137
[2026-04-01 10:24:32]   Subject 51 Fold 2: n_train=64 n_val=16 n_test=20
[2026-04-01 10:24:32]     Train class counts: [16, 16, 16, 16]
[2026-04-01 10:24:32]     Val class counts:   [4, 4, 4, 4]
[2026-04-01 10:24:32]     Test class counts:  [5, 5, 5, 5]
[2026-04-01 10:24:32] Building model with input window duration: 4.1875 s
[2026-04-01 10:24:32] Pretrained weight loading:
[2026-04-01 10:24:32]   Downloaded keys:        179
[2026-04-01 10:24:32]   Filtered (transformer): 172
[2026-04-01 10:24:32]   Filtered (pos_encoder): 0
[2026-04-01 10:24:32]   Keys to load:           7
[2026-04-01 10:24:32]   Missing keys:           4
[2026-04-01 10:24:32]   Unexpected keys:        0
[2026-04-01 10:24:32]   Missing preview:        ['spatial_conv.1.weight', 'spatial_conv.1.bias', 'final_layer.1.weight', 'final_layer.1.bias']
[2026-04-01 10:24:32]   Unexpected preview:     []
[2026-04-01 10:24:32] Encoder freeze configuration:
[2026-04-01 10:24:32]   Total parameters:        18,192
[2026-04-01 10:24:32]   Trainable parameters:    4,352
[2026-04-01 10:24:32]   Training percentage:     23.9%
[2026-04-01 10:24:32]   Trainable layers: 4
[2026-04-01 10:24:32]     - final_layer.1.bias
[2026-04-01 10:24:32]     - final_layer.1.weight
[2026-04-01 10:24:32]     - spatial_conv.1.bias
[2026-04-01 10:24:32]     - spatial_conv.1.weight
[2026-04-01 10:24:32]     Train generator seeded: True
[2026-04-01 10:24:35]     Stopped epoch:            117
[2026-04-01 10:24:35]     Best epoch (valid_loss):  67
[2026-04-01 10:24:35]     Best valid_loss:          1.3019583225250244
[2026-04-01 10:24:35]     Test accuracy (primary):  0.3500
[2026-04-01 10:24:35]     Test balanced acc:        0.3500
[2026-04-01 10:24:35]     Confusion matrix:         [[1, 1, 3, 0], [0, 1, 1, 3], [0, 0, 3, 2], [1, 2, 0, 2]]
[2026-04-01 10:24:35]     Prediction histogram:     [2, 4, 7, 7]
[2026-04-01 10:24:35]     fold_acc=0.3500 fold_bal_acc=0.3500 cm=[[1, 1, 3, 0], [0, 1, 1, 3], [0, 0, 3, 2], [1, 2, 0, 2]]
[2026-04-01 10:24:35]   Subject 51 Fold 3 seed: 9138
[2026-04-01 10:24:35]   Subject 51 Fold 3: n_train=64 n_val=16 n_test=20
[2026-04-01 10:24:35]     Train class counts: [16, 16, 16, 16]
[2026-04-01 10:24:35]     Val class counts:   [4, 4, 4, 4]
[2026-04-01 10:24:35]     Test class counts:  [5, 5, 5, 5]
[2026-04-01 10:24:35] Building model with input window duration: 4.1875 s
[2026-04-01 10:24:35] Pretrained weight loading:
[2026-04-01 10:24:35]   Downloaded keys:        179
[2026-04-01 10:24:35]   Filtered (transformer): 172
[2026-04-01 10:24:35]   Filtered (pos_encoder): 0
[2026-04-01 10:24:35]   Keys to load:           7
[2026-04-01 10:24:35]   Missing keys:           4
[2026-04-01 10:24:35]   Unexpected keys:        0
[2026-04-01 10:24:35]   Missing preview:        ['spatial_conv.1.weight', 'spatial_conv.1.bias', 'final_layer.1.weight', 'final_layer.1.bias']
[2026-04-01 10:24:35]   Unexpected preview:     []
[2026-04-01 10:24:35] Encoder freeze configuration:
[2026-04-01 10:24:35]   Total parameters:        18,192
[2026-04-01 10:24:35]   Trainable parameters:    4,352
[2026-04-01 10:24:35]   Training percentage:     23.9%
[2026-04-01 10:24:35]   Trainable layers: 4
[2026-04-01 10:24:35]     - final_layer.1.bias
[2026-04-01 10:24:35]     - final_layer.1.weight
[2026-04-01 10:24:35]     - spatial_conv.1.bias
[2026-04-01 10:24:35]     - spatial_conv.1.weight
[2026-04-01 10:24:35]     Train generator seeded: True
[2026-04-01 10:24:39]     Stopped epoch:            206
[2026-04-01 10:24:39]     Best epoch (valid_loss):  156
[2026-04-01 10:24:39]     Best valid_loss:          1.1662964820861816
[2026-04-01 10:24:39]     Test accuracy (primary):  0.2500
[2026-04-01 10:24:39]     Test balanced acc:        0.2500
[2026-04-01 10:24:39]     Confusion matrix:         [[3, 1, 0, 1], [0, 2, 2, 1], [2, 1, 0, 2], [3, 2, 0, 0]]
[2026-04-01 10:24:39]     Prediction histogram:     [8, 6, 2, 4]
[2026-04-01 10:24:39]     fold_acc=0.2500 fold_bal_acc=0.2500 cm=[[3, 1, 0, 1], [0, 2, 2, 1], [2, 1, 0, 2], [3, 2, 0, 0]]
[2026-04-01 10:24:39]   Subject 51 Fold 4 seed: 9139
[2026-04-01 10:24:39]   Subject 51 Fold 4: n_train=64 n_val=16 n_test=20
[2026-04-01 10:24:39]     Train class counts: [16, 16, 16, 16]
[2026-04-01 10:24:39]     Val class counts:   [4, 4, 4, 4]
[2026-04-01 10:24:39]     Test class counts:  [5, 5, 5, 5]
[2026-04-01 10:24:39] Building model with input window duration: 4.1875 s
[2026-04-01 10:24:39] Pretrained weight loading:
[2026-04-01 10:24:39]   Downloaded keys:        179
[2026-04-01 10:24:39]   Filtered (transformer): 172
[2026-04-01 10:24:39]   Filtered (pos_encoder): 0
[2026-04-01 10:24:39]   Keys to load:           7
[2026-04-01 10:24:39]   Missing keys:           4
[2026-04-01 10:24:39]   Unexpected keys:        0
[2026-04-01 10:24:39]   Missing preview:        ['spatial_conv.1.weight', 'spatial_conv.1.bias', 'final_layer.1.weight', 'final_layer.1.bias']
[2026-04-01 10:24:39]   Unexpected preview:     []
[2026-04-01 10:24:39] Encoder freeze configuration:
[2026-04-01 10:24:39]   Total parameters:        18,192
[2026-04-01 10:24:39]   Trainable parameters:    4,352
[2026-04-01 10:24:39]   Training percentage:     23.9%
[2026-04-01 10:24:39]   Trainable layers: 4
[2026-04-01 10:24:39]     - final_layer.1.bias
[2026-04-01 10:24:39]     - final_layer.1.weight
[2026-04-01 10:24:39]     - spatial_conv.1.bias
[2026-04-01 10:24:39]     - spatial_conv.1.weight
[2026-04-01 10:24:39]     Train generator seeded: True
[2026-04-01 10:24:40]     Stopped epoch:            57
[2026-04-01 10:24:40]     Best epoch (valid_loss):  8
[2026-04-01 10:24:40]     Best valid_loss:          1.385655701160431
[2026-04-01 10:24:40]     Test accuracy (primary):  0.5000
[2026-04-01 10:24:40]     Test balanced acc:        0.5000
[2026-04-01 10:24:40]     Confusion matrix:         [[1, 2, 2, 0], [0, 4, 0, 1], [1, 0, 4, 0], [0, 3, 1, 1]]
[2026-04-01 10:24:40]     Prediction histogram:     [2, 9, 7, 2]
[2026-04-01 10:24:40]     fold_acc=0.5000 fold_bal_acc=0.5000 cm=[[1, 2, 2, 0], [0, 4, 0, 1], [1, 0, 4, 0], [0, 3, 1, 1]]
[2026-04-01 10:24:40]   Subject 51 Fold 5 seed: 9140
[2026-04-01 10:24:40]   Subject 51 Fold 5: n_train=64 n_val=16 n_test=20
[2026-04-01 10:24:40]     Train class counts: [16, 16, 16, 16]
[2026-04-01 10:24:40]     Val class counts:   [4, 4, 4, 4]
[2026-04-01 10:24:40]     Test class counts:  [5, 5, 5, 5]
[2026-04-01 10:24:40] Building model with input window duration: 4.1875 s
[2026-04-01 10:24:40] Pretrained weight loading:
[2026-04-01 10:24:40]   Downloaded keys:        179
[2026-04-01 10:24:40]   Filtered (transformer): 172
[2026-04-01 10:24:40]   Filtered (pos_encoder): 0
[2026-04-01 10:24:40]   Keys to load:           7
[2026-04-01 10:24:40]   Missing keys:           4
[2026-04-01 10:24:40]   Unexpected keys:        0
[2026-04-01 10:24:40]   Missing preview:        ['spatial_conv.1.weight', 'spatial_conv.1.bias', 'final_layer.1.weight', 'final_layer.1.bias']
[2026-04-01 10:24:40]   Unexpected preview:     []
[2026-04-01 10:24:40] Encoder freeze configuration:
[2026-04-01 10:24:40]   Total parameters:        18,192
[2026-04-01 10:24:40]   Trainable parameters:    4,352
[2026-04-01 10:24:40]   Training percentage:     23.9%
[2026-04-01 10:24:40]   Trainable layers: 4
[2026-04-01 10:24:40]     - final_layer.1.bias
[2026-04-01 10:24:40]     - final_layer.1.weight
[2026-04-01 10:24:40]     - spatial_conv.1.bias
[2026-04-01 10:24:40]     - spatial_conv.1.weight
[2026-04-01 10:24:40]     Train generator seeded: True
[2026-04-01 10:24:45]     Stopped epoch:            285
[2026-04-01 10:24:45]     Best epoch (valid_loss):  235
[2026-04-01 10:24:45]     Best valid_loss:          1.1997239291667938
[2026-04-01 10:24:45]     Test accuracy (primary):  0.4500
[2026-04-01 10:24:45]     Test balanced acc:        0.4500
[2026-04-01 10:24:45]     Confusion matrix:         [[2, 1, 1, 1], [0, 2, 1, 2], [1, 2, 1, 1], [0, 1, 0, 4]]
[2026-04-01 10:24:45]     Prediction histogram:     [3, 6, 3, 8]
[2026-04-01 10:24:45]     fold_acc=0.4500 fold_bal_acc=0.4500 cm=[[2, 1, 1, 1], [0, 2, 1, 2], [1, 2, 1, 1], [0, 1, 0, 4]]
[2026-04-01 10:24:45]   Subject 51 mean accuracy: 0.3700

[2026-04-01 10:24:45] Total folds completed: 5
[2026-04-01 10:24:45] ======================================================================
[2026-04-01 10:24:45] AGGREGATED RESULTS
[2026-04-01 10:24:45] ======================================================================
[2026-04-01 10:24:45]   Subject 51:  acc=0.3700±0.0927  bal_acc=0.3700±0.0927
[2026-04-01 10:24:45] ----------------------------------------------------------------------
[2026-04-01 10:24:45]   OVERALL:      acc=0.3700±0.0927  bal_acc=0.3700±0.0927
[2026-04-01 10:24:45] ======================================================================
[2026-04-01 10:24:45] CV results saved to:      /home/vegorov/Repos/eeg_jepa_research/artifacts/lee-2019-fine-tuning/SSVEP/20260401_1024_4bf93817/cv_results.json
[2026-04-01 10:24:45] Subject metrics saved to: /home/vegorov/Repos/eeg_jepa_research/artifacts/lee-2019-fine-tuning/SSVEP/20260401_1024_4bf93817/subject_metrics.json
[2026-04-01 10:24:45] Global metrics saved to:  /home/vegorov/Repos/eeg_jepa_research/artifacts/lee-2019-fine-tuning/SSVEP/20260401_1024_4bf93817/global_metrics.json
[2026-04-01 10:24:45] Run metadata saved to:    /home/vegorov/Repos/eeg_jepa_research/artifacts/lee-2019-fine-tuning/SSVEP/20260401_1024_4bf93817/run_metadata.json

[2026-04-01 10:24:45] All artifacts in: /home/vegorov/Repos/eeg_jepa_research/artifacts/lee-2019-fine-tuning/SSVEP/20260401_1024_4bf93817

[2026-04-01 10:24:45] ======================================================================
[2026-04-01 10:24:45] EXPERIMENT SUMMARY
[2026-04-01 10:24:45] ======================================================================
[2026-04-01 10:24:45] Run ID:    20260401_1024_4bf93817
[2026-04-01 10:24:45] Artifacts: /home/vegorov/Repos/eeg_jepa_research/artifacts/lee-2019-fine-tuning/SSVEP/20260401_1024_4bf93817

[2026-04-01 10:24:45] Configuration:
[2026-04-01 10:24:45]   Subjects:          [51]
[2026-04-01 10:24:45]   Bandpass:          0.5-40.0 Hz
[2026-04-01 10:24:45]   Resample:          128 Hz
[2026-04-01 10:24:45]   CV folds:          5
[2026-04-01 10:24:45]   Learning rate:     0.001
[2026-04-01 10:24:45]   Batch size:        8
[2026-04-01 10:24:45]   Max epochs:        5000

[2026-04-01 10:24:45] Results:
[2026-04-01 10:24:45]   Mean Accuracy:          0.3700 ± 0.0927
[2026-04-01 10:24:45]   Mean Balanced Accuracy: 0.3700 ± 0.0927
