[2026-04-01 09:52:27] Using device: cpu
[2026-04-01 09:52:27] Seed control enabled: True
[2026-04-01 09:52:27] Base seed: 2002
[2026-04-01 09:52:27] Seed initialized: 2002
[2026-04-01 09:52:27] ======================================================================
[2026-04-01 09:52:27] CONFIGURATION
[2026-04-01 09:52:27] ======================================================================
[2026-04-01 09:52:27]   artifact_dir: /home/vegorov/Repos/eeg_jepa_research/artifacts/lee-2019-fine-tuning
[2026-04-01 09:52:27]   bandpass_high: 40.0
[2026-04-01 09:52:27]   bandpass_low: 0.5
[2026-04-01 09:52:27]   batch_size: 12
[2026-04-01 09:52:27]   convert_to_uV: True
[2026-04-01 09:52:27]   cv_folds: 5
[2026-04-01 09:52:27]   device: auto
[2026-04-01 09:52:27]   early_stopping_patience: 50
[2026-04-01 09:52:27]   learning_rate: 0.0008
[2026-04-01 09:52:27]   n_epochs: 5000
[2026-04-01 09:52:27]   normalization_method: None
[2026-04-01 09:52:27]   normalize: False
[2026-04-01 09:52:27]   paradigm: SSVEP
[2026-04-01 09:52:27]   pretrained_url: https://huggingface.co/braindecode/SignalJEPA/resolve/main/signal-jepa_16s-60_adeuwv4s.pth
[2026-04-01 09:52:27]   seed: 2002
[2026-04-01 09:52:27]   set_seed: True
[2026-04-01 09:52:27]   sfreq: 128
[2026-04-01 09:52:27]   subjects_to_use: [51]
[2026-04-01 09:52:27]   val_split: 0.2
[2026-04-01 09:52:27] ======================================================================
[2026-04-01 09:52:27] Config saved to: /home/vegorov/Repos/eeg_jepa_research/artifacts/lee-2019-fine-tuning/SSVEP/20260401_0952_d8af2cb0/config.json
[2026-04-01 09:52:27] Epoch window configuration:
[2026-04-01 09:52:27]   Target sfreq:                128 Hz
[2026-04-01 09:52:27]   Target duration:             4.190000 s
[2026-04-01 09:52:27]   Window samples (rounded):    536
[2026-04-01 09:52:27]   Base trial samples (4.0 s):  512
[2026-04-01 09:52:27]   Trial stop offset samples:   24
[2026-04-01 09:52:27]   Effective window duration:   4.187500 s
[2026-04-01 09:52:27] Using specified subjects from config: [51]
[2026-04-01 09:52:27] Selected subjects: [51]
[2026-04-01 09:52:27] Expected evaluation folds: 5

[2026-04-01 09:52:27] Building MOABBDataset for Lee2019_SSVEP...
[2026-04-01 09:52:36] MOABBDataset recordings loaded: 1
[2026-04-01 09:52:36] Discovered annotation descriptions (first recording): [np.str_('12.0'), np.str_('5.45'), np.str_('6.67'), np.str_('8.57')]
[2026-04-01 09:52:36] Dataset event_id mapping: {'12.0': 1, '8.57': 2, '6.67': 3, '5.45': 4}
[2026-04-01 09:52:36] Label map (event_code -> class_index): {1: 0, 2: 1, 3: 2, 4: 3}
[2026-04-01 09:52:36] Applying Braindecode preprocessors to MOABBDataset...
[2026-04-01 09:52:39] Preprocessing complete.

[2026-04-01 09:52:39] Post-preprocessing validation
[2026-04-01 09:52:39]   Recordings in DATASET: 1
[2026-04-01 09:52:39]   Unique subject IDs:    ['51']
[2026-04-01 09:52:39]   sfreq (first rec):     128.0 Hz
[2026-04-01 09:52:39]   EEG channel count:     62
[2026-04-01 09:52:39]   First 10 channels:     ['Fp1', 'Fp2', 'F7', 'F3', 'Fz', 'F4', 'F8', 'FC5', 'FC1', 'FC2']
[2026-04-01 09:52:39] Channel consistency summary:
[2026-04-01 09:52:39]   Checked runs: 1
[2026-04-01 09:52:39]   Unique channel counts: [62]
[2026-04-01 09:52:39]   Channel order consistent: True
[2026-04-01 09:52:39] Validated EEG channels: 62
[2026-04-01 09:52:39] First 10 EEG channels: ['Fp1', 'Fp2', 'F7', 'F3', 'Fz', 'F4', 'F8', 'FC5', 'FC1', 'FC2']
[2026-04-01 09:52:39] raw mean_abs=8.654730e+00
[2026-04-01 09:52:39] raw std=3.494582e+01
[2026-04-01 09:52:39] raw first5 channel std= [46.22404553 54.63339771 16.95830183 13.82897057 11.24366025]
[2026-04-01 09:52:39] Requested window samples: 536
[2026-04-01 09:52:39] Base trial samples:       512
[2026-04-01 09:52:39] Stop offset samples:      24
[2026-04-01 09:52:39] Global class counts: [25, 25, 25, 25]
[2026-04-01 09:52:39] Chance level (4-class): 0.25
[2026-04-01 09:52:39] One window shape: (62, 536)
[2026-04-01 09:52:39] One window label: 1
[2026-04-01 09:52:39] Window sample length expected=536, got=536
[2026-04-01 09:52:39] Subjects in window split: [51]
[2026-04-01 09:52:39] Summarizing per-subject windows...
[2026-04-01 09:52:39]   Subject 51: n_windows=100, window_shape=(62, 536), class_counts=[25, 25, 25, 25]
[2026-04-01 09:52:39]    subject_id  n_windows  n_channels  n_times      class_counts
0          51        100          62      536  [25, 25, 25, 25]
[2026-04-01 09:52:39] Window validation summary:
[2026-04-01 09:52:39]   Subject 51: n_windows=100 class_counts=[25, 25, 25, 25]

[2026-04-01 09:52:39] Validated sampling rate target: 128 Hz
[2026-04-01 09:52:39] Validated window sample count:   536
[2026-04-01 09:52:39] Validated window duration:       4.1875 s
[2026-04-01 09:52:39] Validated channel count:         62
[2026-04-01 09:52:39] Total windows retained:          100
[2026-04-01 09:52:39] Preprocessing sanity checks:
[2026-04-01 09:52:39]   One sample label: 1
[2026-04-01 09:52:39]   One sample shape: (62, 536)
[2026-04-01 09:52:39]   Mean(abs(signal)): 4.094026e+00
[2026-04-01 09:52:39]   Mean(signal):      7.346552e-09
[2026-04-01 09:52:39]   Std(signal):       5.860601e+00
[2026-04-01 09:52:39] Building model with input window duration: 4.1875 s
[2026-04-01 09:52:39] SignalJEPA_PreLocal instantiated successfully.
[2026-04-01 09:52:39]   Total parameters:     18,192
[2026-04-01 09:52:39]   Trainable parameters: 18,192
[2026-04-01 09:52:39] ======================================================================================================================================================
Layer (type (var_name):depth-idx)                  Input Shape               Output Shape              Param #                   Kernel Shape
======================================================================================================================================================
SignalJEPA_PreLocal (SignalJEPA_PreLocal)          [1, 62, 536]              [1, 4]                    --                        --
├─Sequential (spatial_conv): 1-1                   [1, 62, 536]              [1, 4, 536]               --                        --
│    └─Rearrange (0): 2-1                          [1, 62, 536]              [1, 1, 62, 536]           --                        --
│    └─Conv2d (1): 2-2                             [1, 1, 62, 536]           [1, 4, 1, 536]            252                       [62, 1]
│    └─Rearrange (2): 2-3                          [1, 4, 1, 536]            [1, 4, 536]               --                        --
├─_ConvFeatureEncoder (feature_encoder): 1-2       [1, 4, 536]               [1, 16, 64]               --                        --
│    └─Rearrange (0): 2-4                          [1, 4, 536]               [4, 1, 536]               --                        --
│    └─Sequential (1): 2-5                         [4, 1, 536]               [4, 8, 64]                --                        --
│    │    └─Conv1d (0): 3-1                        [4, 1, 536]               [4, 8, 64]                256                       [32]
│    │    └─Dropout (1): 3-2                       [4, 8, 64]                [4, 8, 64]                --                        --
│    │    └─GroupNorm (2): 3-3                     [4, 8, 64]                [4, 8, 64]                16                        --
│    │    └─GELU (3): 3-4                          [4, 8, 64]                [4, 8, 64]                --                        --
│    └─Sequential (2): 2-6                         [4, 8, 64]                [4, 16, 32]               --                        --
│    │    └─Conv1d (0): 3-5                        [4, 8, 64]                [4, 16, 32]               256                       [2]
│    │    └─Dropout (1): 3-6                       [4, 16, 32]               [4, 16, 32]               --                        --
│    │    └─GELU (2): 3-7                          [4, 16, 32]               [4, 16, 32]               --                        --
│    └─Sequential (3): 2-7                         [4, 16, 32]               [4, 32, 16]               --                        --
│    │    └─Conv1d (0): 3-8                        [4, 16, 32]               [4, 32, 16]               1,024                     [2]
│    │    └─Dropout (1): 3-9                       [4, 32, 16]               [4, 32, 16]               --                        --
│    │    └─GELU (2): 3-10                         [4, 32, 16]               [4, 32, 16]               --                        --
│    └─Sequential (4): 2-8                         [4, 32, 16]               [4, 64, 8]                --                        --
│    │    └─Conv1d (0): 3-11                       [4, 32, 16]               [4, 64, 8]                4,096                     [2]
│    │    └─Dropout (1): 3-12                      [4, 64, 8]                [4, 64, 8]                --                        --
│    │    └─GELU (2): 3-13                         [4, 64, 8]                [4, 64, 8]                --                        --
│    └─Sequential (5): 2-9                         [4, 64, 8]                [4, 64, 4]                --                        --
│    │    └─Conv1d (0): 3-14                       [4, 64, 8]                [4, 64, 4]                8,192                     [2]
│    │    └─Dropout (1): 3-15                      [4, 64, 4]                [4, 64, 4]                --                        --
│    │    └─GELU (2): 3-16                         [4, 64, 4]                [4, 64, 4]                --                        --
│    └─Rearrange (6): 2-10                         [4, 64, 4]                [1, 16, 64]               --                        --
├─Sequential (final_layer): 1-3                    [1, 16, 64]               [1, 4]                    --                        --
│    └─Flatten (0): 2-11                           [1, 16, 64]               [1, 1024]                 --                        --
│    └─Linear (1): 2-12                            [1, 1024]                 [1, 4]                    4,100                     --
======================================================================================================================================================
Total params: 18,192
Trainable params: 18,192
Non-trainable params: 0
Total mult-adds (Units.MEGABYTES): 0.57
======================================================================================================================================================
Input size (MB): 0.13
Forward/backward pass size (MB): 0.11
Params size (MB): 0.07
Estimated Total Size (MB): 0.31
======================================================================================================================================================
[2026-04-01 09:52:39] Initializing from 16s-60 pretrained checkpoint (Hugging Face):
[2026-04-01 09:52:39]   https://huggingface.co/braindecode/SignalJEPA/resolve/main/signal-jepa_16s-60_adeuwv4s.pth
[2026-04-01 09:52:39]   Downloaded 179 keys
[2026-04-01 09:52:39] ======================================================================
[2026-04-01 09:52:39] STARTING CROSS-VALIDATION
[2026-04-01 09:52:39] ======================================================================
[2026-04-01 09:52:39] Subjects:      [51]
[2026-04-01 09:52:39] CV folds:      5
[2026-04-01 09:52:39] Batch size:    12
[2026-04-01 09:52:39] Max epochs:    5000
[2026-04-01 09:52:39] Device:        cpu
[2026-04-01 09:52:39] Seed control:  True
[2026-04-01 09:52:39] Base seed:     2002
[2026-04-01 09:52:39] ======================================================================

[2026-04-01 09:52:39] Subject 51: 100 windows class_counts=[25, 25, 25, 25]
[2026-04-01 09:52:39]   Fold 1 split seed: 2003
[2026-04-01 09:52:39]   Fold 1 split class counts:
[2026-04-01 09:52:39]     train=[16, 16, 16, 16] val=[4, 4, 4, 4] test=[5, 5, 5, 5]
[2026-04-01 09:52:39]   Fold 2 split seed: 2004
[2026-04-01 09:52:39]   Fold 2 split class counts:
[2026-04-01 09:52:39]     train=[16, 16, 16, 16] val=[4, 4, 4, 4] test=[5, 5, 5, 5]
[2026-04-01 09:52:39]   Fold 3 split seed: 2005
[2026-04-01 09:52:39]   Fold 3 split class counts:
[2026-04-01 09:52:39]     train=[16, 16, 16, 16] val=[4, 4, 4, 4] test=[5, 5, 5, 5]
[2026-04-01 09:52:39]   Fold 4 split seed: 2006
[2026-04-01 09:52:39]   Fold 4 split class counts:
[2026-04-01 09:52:39]     train=[16, 16, 16, 16] val=[4, 4, 4, 4] test=[5, 5, 5, 5]
[2026-04-01 09:52:39]   Fold 5 split seed: 2007
[2026-04-01 09:52:39]   Fold 5 split class counts:
[2026-04-01 09:52:39]     train=[16, 16, 16, 16] val=[4, 4, 4, 4] test=[5, 5, 5, 5]
[2026-04-01 09:52:39]   Subject 51 Fold 1 seed: 7103
[2026-04-01 09:52:39]   Subject 51 Fold 1: n_train=64 n_val=16 n_test=20
[2026-04-01 09:52:39]     Train class counts: [16, 16, 16, 16]
[2026-04-01 09:52:39]     Val class counts:   [4, 4, 4, 4]
[2026-04-01 09:52:39]     Test class counts:  [5, 5, 5, 5]
[2026-04-01 09:52:39] Building model with input window duration: 4.1875 s
[2026-04-01 09:52:39] Pretrained weight loading:
[2026-04-01 09:52:39]   Downloaded keys:        179
[2026-04-01 09:52:39]   Filtered (transformer): 172
[2026-04-01 09:52:39]   Filtered (pos_encoder): 0
[2026-04-01 09:52:39]   Keys to load:           7
[2026-04-01 09:52:39]   Missing keys:           4
[2026-04-01 09:52:39]   Unexpected keys:        0
[2026-04-01 09:52:39]   Missing preview:        ['spatial_conv.1.weight', 'spatial_conv.1.bias', 'final_layer.1.weight', 'final_layer.1.bias']
[2026-04-01 09:52:39]   Unexpected preview:     []
[2026-04-01 09:52:39] Encoder freeze configuration:
[2026-04-01 09:52:39]   Total parameters:        18,192
[2026-04-01 09:52:39]   Trainable parameters:    4,352
[2026-04-01 09:52:39]   Training percentage:     23.9%
[2026-04-01 09:52:39]   Trainable layers: 4
[2026-04-01 09:52:39]     - final_layer.1.bias
[2026-04-01 09:52:39]     - final_layer.1.weight
[2026-04-01 09:52:39]     - spatial_conv.1.bias
[2026-04-01 09:52:39]     - spatial_conv.1.weight
[2026-04-01 09:52:39]     Train generator seeded: True
[2026-04-01 09:52:44]     Stopped epoch:            296
[2026-04-01 09:52:44]     Best epoch (valid_loss):  246
[2026-04-01 09:52:44]     Best valid_loss:          1.2487514019012451
[2026-04-01 09:52:44]     Test accuracy (primary):  0.3500
[2026-04-01 09:52:44]     Test balanced acc:        0.3500
[2026-04-01 09:52:44]     Confusion matrix:         [[1, 0, 1, 3], [0, 2, 1, 2], [3, 1, 0, 1], [1, 0, 0, 4]]
[2026-04-01 09:52:44]     Prediction histogram:     [5, 3, 2, 10]
[2026-04-01 09:52:44]     fold_acc=0.3500 fold_bal_acc=0.3500 cm=[[1, 0, 1, 3], [0, 2, 1, 2], [3, 1, 0, 1], [1, 0, 0, 4]]
[2026-04-01 09:52:44]   Subject 51 Fold 2 seed: 7104
[2026-04-01 09:52:44]   Subject 51 Fold 2: n_train=64 n_val=16 n_test=20
[2026-04-01 09:52:44]     Train class counts: [16, 16, 16, 16]
[2026-04-01 09:52:44]     Val class counts:   [4, 4, 4, 4]
[2026-04-01 09:52:44]     Test class counts:  [5, 5, 5, 5]
[2026-04-01 09:52:44] Building model with input window duration: 4.1875 s
[2026-04-01 09:52:44] Pretrained weight loading:
[2026-04-01 09:52:44]   Downloaded keys:        179
[2026-04-01 09:52:44]   Filtered (transformer): 172
[2026-04-01 09:52:44]   Filtered (pos_encoder): 0
[2026-04-01 09:52:44]   Keys to load:           7
[2026-04-01 09:52:44]   Missing keys:           4
[2026-04-01 09:52:44]   Unexpected keys:        0
[2026-04-01 09:52:44]   Missing preview:        ['spatial_conv.1.weight', 'spatial_conv.1.bias', 'final_layer.1.weight', 'final_layer.1.bias']
[2026-04-01 09:52:44]   Unexpected preview:     []
[2026-04-01 09:52:44] Encoder freeze configuration:
[2026-04-01 09:52:44]   Total parameters:        18,192
[2026-04-01 09:52:44]   Trainable parameters:    4,352
[2026-04-01 09:52:44]   Training percentage:     23.9%
[2026-04-01 09:52:44]   Trainable layers: 4
[2026-04-01 09:52:44]     - final_layer.1.bias
[2026-04-01 09:52:44]     - final_layer.1.weight
[2026-04-01 09:52:44]     - spatial_conv.1.bias
[2026-04-01 09:52:44]     - spatial_conv.1.weight
[2026-04-01 09:52:44]     Train generator seeded: True
[2026-04-01 09:52:44]     Stopped epoch:            51
[2026-04-01 09:52:44]     Best epoch (valid_loss):  3
[2026-04-01 09:52:44]     Best valid_loss:          1.3880854547023773
[2026-04-01 09:52:44]     Test accuracy (primary):  0.2500
[2026-04-01 09:52:44]     Test balanced acc:        0.2500
[2026-04-01 09:52:44]     Confusion matrix:         [[0, 5, 0, 0], [0, 5, 0, 0], [0, 5, 0, 0], [0, 5, 0, 0]]
[2026-04-01 09:52:44]     Prediction histogram:     [0, 20, 0, 0]
[2026-04-01 09:52:44]     fold_acc=0.2500 fold_bal_acc=0.2500 cm=[[0, 5, 0, 0], [0, 5, 0, 0], [0, 5, 0, 0], [0, 5, 0, 0]]
[2026-04-01 09:52:44]   Subject 51 Fold 3 seed: 7105
[2026-04-01 09:52:44]   Subject 51 Fold 3: n_train=64 n_val=16 n_test=20
[2026-04-01 09:52:44]     Train class counts: [16, 16, 16, 16]
[2026-04-01 09:52:44]     Val class counts:   [4, 4, 4, 4]
[2026-04-01 09:52:44]     Test class counts:  [5, 5, 5, 5]
[2026-04-01 09:52:44] Building model with input window duration: 4.1875 s
[2026-04-01 09:52:44] Pretrained weight loading:
[2026-04-01 09:52:44]   Downloaded keys:        179
[2026-04-01 09:52:44]   Filtered (transformer): 172
[2026-04-01 09:52:44]   Filtered (pos_encoder): 0
[2026-04-01 09:52:44]   Keys to load:           7
[2026-04-01 09:52:44]   Missing keys:           4
[2026-04-01 09:52:44]   Unexpected keys:        0
[2026-04-01 09:52:44]   Missing preview:        ['spatial_conv.1.weight', 'spatial_conv.1.bias', 'final_layer.1.weight', 'final_layer.1.bias']
[2026-04-01 09:52:44]   Unexpected preview:     []
[2026-04-01 09:52:44] Encoder freeze configuration:
[2026-04-01 09:52:44]   Total parameters:        18,192
[2026-04-01 09:52:44]   Trainable parameters:    4,352
[2026-04-01 09:52:44]   Training percentage:     23.9%
[2026-04-01 09:52:44]   Trainable layers: 4
[2026-04-01 09:52:44]     - final_layer.1.bias
[2026-04-01 09:52:44]     - final_layer.1.weight
[2026-04-01 09:52:44]     - spatial_conv.1.bias
[2026-04-01 09:52:44]     - spatial_conv.1.weight
[2026-04-01 09:52:44]     Train generator seeded: True
[2026-04-01 09:52:45]     Stopped epoch:            51
[2026-04-01 09:52:45]     Best epoch (valid_loss):  1
[2026-04-01 09:52:45]     Best valid_loss:          1.386790245771408
[2026-04-01 09:52:45]     Test accuracy (primary):  0.2000
[2026-04-01 09:52:45]     Test balanced acc:        0.2000
[2026-04-01 09:52:45]     Confusion matrix:         [[0, 3, 0, 2], [0, 3, 0, 2], [0, 3, 0, 2], [0, 4, 0, 1]]
[2026-04-01 09:52:45]     Prediction histogram:     [0, 13, 0, 7]
[2026-04-01 09:52:45]     fold_acc=0.2000 fold_bal_acc=0.2000 cm=[[0, 3, 0, 2], [0, 3, 0, 2], [0, 3, 0, 2], [0, 4, 0, 1]]
[2026-04-01 09:52:45]   Subject 51 Fold 4 seed: 7106
[2026-04-01 09:52:45]   Subject 51 Fold 4: n_train=64 n_val=16 n_test=20
[2026-04-01 09:52:45]     Train class counts: [16, 16, 16, 16]
[2026-04-01 09:52:45]     Val class counts:   [4, 4, 4, 4]
[2026-04-01 09:52:45]     Test class counts:  [5, 5, 5, 5]
[2026-04-01 09:52:45] Building model with input window duration: 4.1875 s
[2026-04-01 09:52:45] Pretrained weight loading:
[2026-04-01 09:52:45]   Downloaded keys:        179
[2026-04-01 09:52:45]   Filtered (transformer): 172
[2026-04-01 09:52:45]   Filtered (pos_encoder): 0
[2026-04-01 09:52:45]   Keys to load:           7
[2026-04-01 09:52:45]   Missing keys:           4
[2026-04-01 09:52:45]   Unexpected keys:        0
[2026-04-01 09:52:45]   Missing preview:        ['spatial_conv.1.weight', 'spatial_conv.1.bias', 'final_layer.1.weight', 'final_layer.1.bias']
[2026-04-01 09:52:45]   Unexpected preview:     []
[2026-04-01 09:52:45] Encoder freeze configuration:
[2026-04-01 09:52:45]   Total parameters:        18,192
[2026-04-01 09:52:45]   Trainable parameters:    4,352
[2026-04-01 09:52:45]   Training percentage:     23.9%
[2026-04-01 09:52:45]   Trainable layers: 4
[2026-04-01 09:52:45]     - final_layer.1.bias
[2026-04-01 09:52:45]     - final_layer.1.weight
[2026-04-01 09:52:45]     - spatial_conv.1.bias
[2026-04-01 09:52:45]     - spatial_conv.1.weight
[2026-04-01 09:52:45]     Train generator seeded: True
[2026-04-01 09:52:47]     Stopped epoch:            124
[2026-04-01 09:52:47]     Best epoch (valid_loss):  115
[2026-04-01 09:52:47]     Best valid_loss:          1.3630853593349457
[2026-04-01 09:52:47]     Test accuracy (primary):  0.5000
[2026-04-01 09:52:47]     Test balanced acc:        0.5000
[2026-04-01 09:52:47]     Confusion matrix:         [[4, 0, 1, 0], [1, 3, 1, 0], [0, 2, 1, 2], [0, 1, 2, 2]]
[2026-04-01 09:52:47]     Prediction histogram:     [5, 6, 5, 4]
[2026-04-01 09:52:47]     fold_acc=0.5000 fold_bal_acc=0.5000 cm=[[4, 0, 1, 0], [1, 3, 1, 0], [0, 2, 1, 2], [0, 1, 2, 2]]
[2026-04-01 09:52:47]   Subject 51 Fold 5 seed: 7107
[2026-04-01 09:52:47]   Subject 51 Fold 5: n_train=64 n_val=16 n_test=20
[2026-04-01 09:52:47]     Train class counts: [16, 16, 16, 16]
[2026-04-01 09:52:47]     Val class counts:   [4, 4, 4, 4]
[2026-04-01 09:52:47]     Test class counts:  [5, 5, 5, 5]
[2026-04-01 09:52:47] Building model with input window duration: 4.1875 s
[2026-04-01 09:52:47] Pretrained weight loading:
[2026-04-01 09:52:47]   Downloaded keys:        179
[2026-04-01 09:52:47]   Filtered (transformer): 172
[2026-04-01 09:52:47]   Filtered (pos_encoder): 0
[2026-04-01 09:52:47]   Keys to load:           7
[2026-04-01 09:52:47]   Missing keys:           4
[2026-04-01 09:52:47]   Unexpected keys:        0
[2026-04-01 09:52:47]   Missing preview:        ['spatial_conv.1.weight', 'spatial_conv.1.bias', 'final_layer.1.weight', 'final_layer.1.bias']
[2026-04-01 09:52:47]   Unexpected preview:     []
[2026-04-01 09:52:47] Encoder freeze configuration:
[2026-04-01 09:52:47]   Total parameters:        18,192
[2026-04-01 09:52:47]   Trainable parameters:    4,352
[2026-04-01 09:52:47]   Training percentage:     23.9%
[2026-04-01 09:52:47]   Trainable layers: 4
[2026-04-01 09:52:47]     - final_layer.1.bias
[2026-04-01 09:52:47]     - final_layer.1.weight
[2026-04-01 09:52:47]     - spatial_conv.1.bias
[2026-04-01 09:52:47]     - spatial_conv.1.weight
[2026-04-01 09:52:47]     Train generator seeded: True
[2026-04-01 09:52:48]     Stopped epoch:            51
[2026-04-01 09:52:48]     Best epoch (valid_loss):  1
[2026-04-01 09:52:48]     Best valid_loss:          1.3870638310909271
[2026-04-01 09:52:48]     Test accuracy (primary):  0.1500
[2026-04-01 09:52:48]     Test balanced acc:        0.1500
[2026-04-01 09:52:48]     Confusion matrix:         [[2, 1, 0, 2], [5, 0, 0, 0], [5, 0, 0, 0], [4, 0, 0, 1]]
[2026-04-01 09:52:48]     Prediction histogram:     [16, 1, 0, 3]
[2026-04-01 09:52:48]     fold_acc=0.1500 fold_bal_acc=0.1500 cm=[[2, 1, 0, 2], [5, 0, 0, 0], [5, 0, 0, 0], [4, 0, 0, 1]]
[2026-04-01 09:52:48]   Subject 51 mean accuracy: 0.2900

[2026-04-01 09:52:48] Total folds completed: 5
[2026-04-01 09:52:48] ======================================================================
[2026-04-01 09:52:48] AGGREGATED RESULTS
[2026-04-01 09:52:48] ======================================================================
[2026-04-01 09:52:48]   Subject 51:  acc=0.2900±0.1241  bal_acc=0.2900±0.1241
[2026-04-01 09:52:48] ----------------------------------------------------------------------
[2026-04-01 09:52:48]   OVERALL:      acc=0.2900±0.1241  bal_acc=0.2900±0.1241
[2026-04-01 09:52:48] ======================================================================
[2026-04-01 09:52:48] CV results saved to:      /home/vegorov/Repos/eeg_jepa_research/artifacts/lee-2019-fine-tuning/SSVEP/20260401_0952_d8af2cb0/cv_results.json
[2026-04-01 09:52:48] Subject metrics saved to: /home/vegorov/Repos/eeg_jepa_research/artifacts/lee-2019-fine-tuning/SSVEP/20260401_0952_d8af2cb0/subject_metrics.json
[2026-04-01 09:52:48] Global metrics saved to:  /home/vegorov/Repos/eeg_jepa_research/artifacts/lee-2019-fine-tuning/SSVEP/20260401_0952_d8af2cb0/global_metrics.json
[2026-04-01 09:52:48] Run metadata saved to:    /home/vegorov/Repos/eeg_jepa_research/artifacts/lee-2019-fine-tuning/SSVEP/20260401_0952_d8af2cb0/run_metadata.json

[2026-04-01 09:52:48] All artifacts in: /home/vegorov/Repos/eeg_jepa_research/artifacts/lee-2019-fine-tuning/SSVEP/20260401_0952_d8af2cb0

[2026-04-01 09:52:48] ======================================================================
[2026-04-01 09:52:48] EXPERIMENT SUMMARY
[2026-04-01 09:52:48] ======================================================================
[2026-04-01 09:52:48] Run ID:    20260401_0952_d8af2cb0
[2026-04-01 09:52:48] Artifacts: /home/vegorov/Repos/eeg_jepa_research/artifacts/lee-2019-fine-tuning/SSVEP/20260401_0952_d8af2cb0

[2026-04-01 09:52:48] Configuration:
[2026-04-01 09:52:48]   Subjects:          [51]
[2026-04-01 09:52:48]   Bandpass:          0.5-40.0 Hz
[2026-04-01 09:52:48]   Resample:          128 Hz
[2026-04-01 09:52:48]   CV folds:          5
[2026-04-01 09:52:48]   Learning rate:     0.0008
[2026-04-01 09:52:48]   Batch size:        12
[2026-04-01 09:52:48]   Max epochs:        5000

[2026-04-01 09:52:48] Results:
[2026-04-01 09:52:48]   Mean Accuracy:          0.2900 ± 0.1241
[2026-04-01 09:52:48]   Mean Balanced Accuracy: 0.2900 ± 0.1241
