[2026-04-01 10:22:17] Using device: cpu
[2026-04-01 10:22:17] Seed control enabled: True
[2026-04-01 10:22:17] Base seed: 4030
[2026-04-01 10:22:18] Seed initialized: 4030
[2026-04-01 10:22:18] ======================================================================
[2026-04-01 10:22:18] CONFIGURATION
[2026-04-01 10:22:18] ======================================================================
[2026-04-01 10:22:18]   artifact_dir: /home/vegorov/Repos/eeg_jepa_research/artifacts/lee-2019-fine-tuning
[2026-04-01 10:22:18]   bandpass_high: 40.0
[2026-04-01 10:22:18]   bandpass_low: 0.5
[2026-04-01 10:22:18]   batch_size: 24
[2026-04-01 10:22:18]   convert_to_uV: True
[2026-04-01 10:22:18]   cv_folds: 5
[2026-04-01 10:22:18]   device: auto
[2026-04-01 10:22:18]   early_stopping_patience: 50
[2026-04-01 10:22:18]   learning_rate: 0.002
[2026-04-01 10:22:18]   n_epochs: 5000
[2026-04-01 10:22:18]   normalization_method: None
[2026-04-01 10:22:18]   normalize: False
[2026-04-01 10:22:18]   paradigm: SSVEP
[2026-04-01 10:22:18]   pretrained_url: https://huggingface.co/braindecode/SignalJEPA/resolve/main/signal-jepa_16s-60_adeuwv4s.pth
[2026-04-01 10:22:18]   seed: 4030
[2026-04-01 10:22:18]   set_seed: True
[2026-04-01 10:22:18]   sfreq: 128
[2026-04-01 10:22:18]   subjects_to_use: [51]
[2026-04-01 10:22:18]   val_split: 0.2
[2026-04-01 10:22:18] ======================================================================
[2026-04-01 10:22:18] Config saved to: /home/vegorov/Repos/eeg_jepa_research/artifacts/lee-2019-fine-tuning/SSVEP/20260401_1022_292b560c/config.json
[2026-04-01 10:22:18] Epoch window configuration:
[2026-04-01 10:22:18]   Target sfreq:                128 Hz
[2026-04-01 10:22:18]   Target duration:             4.190000 s
[2026-04-01 10:22:18]   Window samples (rounded):    536
[2026-04-01 10:22:18]   Base trial samples (4.0 s):  512
[2026-04-01 10:22:18]   Trial stop offset samples:   24
[2026-04-01 10:22:18]   Effective window duration:   4.187500 s
[2026-04-01 10:22:18] Using specified subjects from config: [51]
[2026-04-01 10:22:18] Selected subjects: [51]
[2026-04-01 10:22:18] Expected evaluation folds: 5

[2026-04-01 10:22:18] Building MOABBDataset for Lee2019_SSVEP...
[2026-04-01 10:22:26] MOABBDataset recordings loaded: 1
[2026-04-01 10:22:26] Discovered annotation descriptions (first recording): [np.str_('12.0'), np.str_('5.45'), np.str_('6.67'), np.str_('8.57')]
[2026-04-01 10:22:26] Dataset event_id mapping: {'12.0': 1, '8.57': 2, '6.67': 3, '5.45': 4}
[2026-04-01 10:22:26] Label map (event_code -> class_index): {1: 0, 2: 1, 3: 2, 4: 3}
[2026-04-01 10:22:26] Applying Braindecode preprocessors to MOABBDataset...
[2026-04-01 10:22:29] Preprocessing complete.

[2026-04-01 10:22:29] Post-preprocessing validation
[2026-04-01 10:22:29]   Recordings in DATASET: 1
[2026-04-01 10:22:29]   Unique subject IDs:    ['51']
[2026-04-01 10:22:29]   sfreq (first rec):     128.0 Hz
[2026-04-01 10:22:29]   EEG channel count:     62
[2026-04-01 10:22:29]   First 10 channels:     ['Fp1', 'Fp2', 'F7', 'F3', 'Fz', 'F4', 'F8', 'FC5', 'FC1', 'FC2']
[2026-04-01 10:22:29] Channel consistency summary:
[2026-04-01 10:22:29]   Checked runs: 1
[2026-04-01 10:22:29]   Unique channel counts: [62]
[2026-04-01 10:22:29]   Channel order consistent: True
[2026-04-01 10:22:29] Validated EEG channels: 62
[2026-04-01 10:22:29] First 10 EEG channels: ['Fp1', 'Fp2', 'F7', 'F3', 'Fz', 'F4', 'F8', 'FC5', 'FC1', 'FC2']
[2026-04-01 10:22:29] raw mean_abs=8.654730e+00
[2026-04-01 10:22:29] raw std=3.494582e+01
[2026-04-01 10:22:29] raw first5 channel std= [46.22404553 54.63339771 16.95830183 13.82897057 11.24366025]
[2026-04-01 10:22:29] Requested window samples: 536
[2026-04-01 10:22:29] Base trial samples:       512
[2026-04-01 10:22:29] Stop offset samples:      24
[2026-04-01 10:22:29] Global class counts: [25, 25, 25, 25]
[2026-04-01 10:22:29] Chance level (4-class): 0.25
[2026-04-01 10:22:29] One window shape: (62, 536)
[2026-04-01 10:22:29] One window label: 1
[2026-04-01 10:22:29] Window sample length expected=536, got=536
[2026-04-01 10:22:29] Subjects in window split: [51]
[2026-04-01 10:22:29] Summarizing per-subject windows...
[2026-04-01 10:22:29]   Subject 51: n_windows=100, window_shape=(62, 536), class_counts=[25, 25, 25, 25]
[2026-04-01 10:22:29]    subject_id  n_windows  n_channels  n_times      class_counts
0          51        100          62      536  [25, 25, 25, 25]
[2026-04-01 10:22:29] Window validation summary:
[2026-04-01 10:22:29]   Subject 51: n_windows=100 class_counts=[25, 25, 25, 25]

[2026-04-01 10:22:29] Validated sampling rate target: 128 Hz
[2026-04-01 10:22:29] Validated window sample count:   536
[2026-04-01 10:22:29] Validated window duration:       4.1875 s
[2026-04-01 10:22:29] Validated channel count:         62
[2026-04-01 10:22:29] Total windows retained:          100
[2026-04-01 10:22:29] Preprocessing sanity checks:
[2026-04-01 10:22:29]   One sample label: 1
[2026-04-01 10:22:29]   One sample shape: (62, 536)
[2026-04-01 10:22:29]   Mean(abs(signal)): 4.094026e+00
[2026-04-01 10:22:29]   Mean(signal):      7.346552e-09
[2026-04-01 10:22:29]   Std(signal):       5.860601e+00
[2026-04-01 10:22:29] Building model with input window duration: 4.1875 s
[2026-04-01 10:22:29] SignalJEPA_PreLocal instantiated successfully.
[2026-04-01 10:22:29]   Total parameters:     18,192
[2026-04-01 10:22:29]   Trainable parameters: 18,192
[2026-04-01 10:22:29] ======================================================================================================================================================
Layer (type (var_name):depth-idx)                  Input Shape               Output Shape              Param #                   Kernel Shape
======================================================================================================================================================
SignalJEPA_PreLocal (SignalJEPA_PreLocal)          [1, 62, 536]              [1, 4]                    --                        --
├─Sequential (spatial_conv): 1-1                   [1, 62, 536]              [1, 4, 536]               --                        --
│    └─Rearrange (0): 2-1                          [1, 62, 536]              [1, 1, 62, 536]           --                        --
│    └─Conv2d (1): 2-2                             [1, 1, 62, 536]           [1, 4, 1, 536]            252                       [62, 1]
│    └─Rearrange (2): 2-3                          [1, 4, 1, 536]            [1, 4, 536]               --                        --
├─_ConvFeatureEncoder (feature_encoder): 1-2       [1, 4, 536]               [1, 16, 64]               --                        --
│    └─Rearrange (0): 2-4                          [1, 4, 536]               [4, 1, 536]               --                        --
│    └─Sequential (1): 2-5                         [4, 1, 536]               [4, 8, 64]                --                        --
│    │    └─Conv1d (0): 3-1                        [4, 1, 536]               [4, 8, 64]                256                       [32]
│    │    └─Dropout (1): 3-2                       [4, 8, 64]                [4, 8, 64]                --                        --
│    │    └─GroupNorm (2): 3-3                     [4, 8, 64]                [4, 8, 64]                16                        --
│    │    └─GELU (3): 3-4                          [4, 8, 64]                [4, 8, 64]                --                        --
│    └─Sequential (2): 2-6                         [4, 8, 64]                [4, 16, 32]               --                        --
│    │    └─Conv1d (0): 3-5                        [4, 8, 64]                [4, 16, 32]               256                       [2]
│    │    └─Dropout (1): 3-6                       [4, 16, 32]               [4, 16, 32]               --                        --
│    │    └─GELU (2): 3-7                          [4, 16, 32]               [4, 16, 32]               --                        --
│    └─Sequential (3): 2-7                         [4, 16, 32]               [4, 32, 16]               --                        --
│    │    └─Conv1d (0): 3-8                        [4, 16, 32]               [4, 32, 16]               1,024                     [2]
│    │    └─Dropout (1): 3-9                       [4, 32, 16]               [4, 32, 16]               --                        --
│    │    └─GELU (2): 3-10                         [4, 32, 16]               [4, 32, 16]               --                        --
│    └─Sequential (4): 2-8                         [4, 32, 16]               [4, 64, 8]                --                        --
│    │    └─Conv1d (0): 3-11                       [4, 32, 16]               [4, 64, 8]                4,096                     [2]
│    │    └─Dropout (1): 3-12                      [4, 64, 8]                [4, 64, 8]                --                        --
│    │    └─GELU (2): 3-13                         [4, 64, 8]                [4, 64, 8]                --                        --
│    └─Sequential (5): 2-9                         [4, 64, 8]                [4, 64, 4]                --                        --
│    │    └─Conv1d (0): 3-14                       [4, 64, 8]                [4, 64, 4]                8,192                     [2]
│    │    └─Dropout (1): 3-15                      [4, 64, 4]                [4, 64, 4]                --                        --
│    │    └─GELU (2): 3-16                         [4, 64, 4]                [4, 64, 4]                --                        --
│    └─Rearrange (6): 2-10                         [4, 64, 4]                [1, 16, 64]               --                        --
├─Sequential (final_layer): 1-3                    [1, 16, 64]               [1, 4]                    --                        --
│    └─Flatten (0): 2-11                           [1, 16, 64]               [1, 1024]                 --                        --
│    └─Linear (1): 2-12                            [1, 1024]                 [1, 4]                    4,100                     --
======================================================================================================================================================
Total params: 18,192
Trainable params: 18,192
Non-trainable params: 0
Total mult-adds (Units.MEGABYTES): 0.57
======================================================================================================================================================
Input size (MB): 0.13
Forward/backward pass size (MB): 0.11
Params size (MB): 0.07
Estimated Total Size (MB): 0.31
======================================================================================================================================================
[2026-04-01 10:22:29] Initializing from 16s-60 pretrained checkpoint (Hugging Face):
[2026-04-01 10:22:29]   https://huggingface.co/braindecode/SignalJEPA/resolve/main/signal-jepa_16s-60_adeuwv4s.pth
[2026-04-01 10:22:29]   Downloaded 179 keys
[2026-04-01 10:22:29] ======================================================================
[2026-04-01 10:22:29] STARTING CROSS-VALIDATION
[2026-04-01 10:22:29] ======================================================================
[2026-04-01 10:22:29] Subjects:      [51]
[2026-04-01 10:22:29] CV folds:      5
[2026-04-01 10:22:29] Batch size:    24
[2026-04-01 10:22:29] Max epochs:    5000
[2026-04-01 10:22:29] Device:        cpu
[2026-04-01 10:22:29] Seed control:  True
[2026-04-01 10:22:29] Base seed:     4030
[2026-04-01 10:22:29] ======================================================================

[2026-04-01 10:22:29] Subject 51: 100 windows class_counts=[25, 25, 25, 25]
[2026-04-01 10:22:29]   Fold 1 split seed: 4031
[2026-04-01 10:22:29]   Fold 1 split class counts:
[2026-04-01 10:22:29]     train=[16, 16, 16, 16] val=[4, 4, 4, 4] test=[5, 5, 5, 5]
[2026-04-01 10:22:29]   Fold 2 split seed: 4032
[2026-04-01 10:22:29]   Fold 2 split class counts:
[2026-04-01 10:22:29]     train=[16, 16, 16, 16] val=[4, 4, 4, 4] test=[5, 5, 5, 5]
[2026-04-01 10:22:29]   Fold 3 split seed: 4033
[2026-04-01 10:22:29]   Fold 3 split class counts:
[2026-04-01 10:22:29]     train=[16, 16, 16, 16] val=[4, 4, 4, 4] test=[5, 5, 5, 5]
[2026-04-01 10:22:29]   Fold 4 split seed: 4034
[2026-04-01 10:22:29]   Fold 4 split class counts:
[2026-04-01 10:22:29]     train=[16, 16, 16, 16] val=[4, 4, 4, 4] test=[5, 5, 5, 5]
[2026-04-01 10:22:29]   Fold 5 split seed: 4035
[2026-04-01 10:22:29]   Fold 5 split class counts:
[2026-04-01 10:22:29]     train=[16, 16, 16, 16] val=[4, 4, 4, 4] test=[5, 5, 5, 5]
[2026-04-01 10:22:29]   Subject 51 Fold 1 seed: 9131
[2026-04-01 10:22:29]   Subject 51 Fold 1: n_train=64 n_val=16 n_test=20
[2026-04-01 10:22:29]     Train class counts: [16, 16, 16, 16]
[2026-04-01 10:22:29]     Val class counts:   [4, 4, 4, 4]
[2026-04-01 10:22:29]     Test class counts:  [5, 5, 5, 5]
[2026-04-01 10:22:29] Building model with input window duration: 4.1875 s
[2026-04-01 10:22:29] Pretrained weight loading:
[2026-04-01 10:22:29]   Downloaded keys:        179
[2026-04-01 10:22:29]   Filtered (transformer): 172
[2026-04-01 10:22:29]   Filtered (pos_encoder): 0
[2026-04-01 10:22:29]   Keys to load:           7
[2026-04-01 10:22:29]   Missing keys:           4
[2026-04-01 10:22:29]   Unexpected keys:        0
[2026-04-01 10:22:29]   Missing preview:        ['spatial_conv.1.weight', 'spatial_conv.1.bias', 'final_layer.1.weight', 'final_layer.1.bias']
[2026-04-01 10:22:29]   Unexpected preview:     []
[2026-04-01 10:22:29] Encoder freeze configuration:
[2026-04-01 10:22:29]   Total parameters:        18,192
[2026-04-01 10:22:29]   Trainable parameters:    4,352
[2026-04-01 10:22:29]   Training percentage:     23.9%
[2026-04-01 10:22:29]   Trainable layers: 4
[2026-04-01 10:22:29]     - final_layer.1.bias
[2026-04-01 10:22:29]     - final_layer.1.weight
[2026-04-01 10:22:29]     - spatial_conv.1.bias
[2026-04-01 10:22:29]     - spatial_conv.1.weight
[2026-04-01 10:22:29]     Train generator seeded: True
[2026-04-01 10:22:30]     Stopped epoch:            51
[2026-04-01 10:22:30]     Best epoch (valid_loss):  1
[2026-04-01 10:22:30]     Best valid_loss:          1.3891781568527222
[2026-04-01 10:22:30]     Test accuracy (primary):  0.4000
[2026-04-01 10:22:30]     Test balanced acc:        0.4000
[2026-04-01 10:22:30]     Confusion matrix:         [[1, 0, 2, 2], [2, 0, 2, 1], [1, 0, 3, 1], [1, 0, 0, 4]]
[2026-04-01 10:22:30]     Prediction histogram:     [5, 0, 7, 8]
[2026-04-01 10:22:30]     fold_acc=0.4000 fold_bal_acc=0.4000 cm=[[1, 0, 2, 2], [2, 0, 2, 1], [1, 0, 3, 1], [1, 0, 0, 4]]
[2026-04-01 10:22:30]   Subject 51 Fold 2 seed: 9132
[2026-04-01 10:22:30]   Subject 51 Fold 2: n_train=64 n_val=16 n_test=20
[2026-04-01 10:22:30]     Train class counts: [16, 16, 16, 16]
[2026-04-01 10:22:30]     Val class counts:   [4, 4, 4, 4]
[2026-04-01 10:22:30]     Test class counts:  [5, 5, 5, 5]
[2026-04-01 10:22:30] Building model with input window duration: 4.1875 s
[2026-04-01 10:22:30] Pretrained weight loading:
[2026-04-01 10:22:30]   Downloaded keys:        179
[2026-04-01 10:22:30]   Filtered (transformer): 172
[2026-04-01 10:22:30]   Filtered (pos_encoder): 0
[2026-04-01 10:22:30]   Keys to load:           7
[2026-04-01 10:22:30]   Missing keys:           4
[2026-04-01 10:22:30]   Unexpected keys:        0
[2026-04-01 10:22:30]   Missing preview:        ['spatial_conv.1.weight', 'spatial_conv.1.bias', 'final_layer.1.weight', 'final_layer.1.bias']
[2026-04-01 10:22:30]   Unexpected preview:     []
[2026-04-01 10:22:30] Encoder freeze configuration:
[2026-04-01 10:22:30]   Total parameters:        18,192
[2026-04-01 10:22:30]   Trainable parameters:    4,352
[2026-04-01 10:22:30]   Training percentage:     23.9%
[2026-04-01 10:22:30]   Trainable layers: 4
[2026-04-01 10:22:30]     - final_layer.1.bias
[2026-04-01 10:22:30]     - final_layer.1.weight
[2026-04-01 10:22:30]     - spatial_conv.1.bias
[2026-04-01 10:22:30]     - spatial_conv.1.weight
[2026-04-01 10:22:30]     Train generator seeded: True
[2026-04-01 10:22:32]     Stopped epoch:            203
[2026-04-01 10:22:32]     Best epoch (valid_loss):  153
[2026-04-01 10:22:32]     Best valid_loss:          1.3088257312774658
[2026-04-01 10:22:32]     Test accuracy (primary):  0.1500
[2026-04-01 10:22:32]     Test balanced acc:        0.1500
[2026-04-01 10:22:32]     Confusion matrix:         [[1, 1, 2, 1], [1, 0, 1, 3], [3, 1, 1, 0], [1, 3, 0, 1]]
[2026-04-01 10:22:32]     Prediction histogram:     [6, 5, 4, 5]
[2026-04-01 10:22:32]     fold_acc=0.1500 fold_bal_acc=0.1500 cm=[[1, 1, 2, 1], [1, 0, 1, 3], [3, 1, 1, 0], [1, 3, 0, 1]]
[2026-04-01 10:22:32]   Subject 51 Fold 3 seed: 9133
[2026-04-01 10:22:32]   Subject 51 Fold 3: n_train=64 n_val=16 n_test=20
[2026-04-01 10:22:32]     Train class counts: [16, 16, 16, 16]
[2026-04-01 10:22:32]     Val class counts:   [4, 4, 4, 4]
[2026-04-01 10:22:32]     Test class counts:  [5, 5, 5, 5]
[2026-04-01 10:22:32] Building model with input window duration: 4.1875 s
[2026-04-01 10:22:32] Pretrained weight loading:
[2026-04-01 10:22:32]   Downloaded keys:        179
[2026-04-01 10:22:32]   Filtered (transformer): 172
[2026-04-01 10:22:32]   Filtered (pos_encoder): 0
[2026-04-01 10:22:32]   Keys to load:           7
[2026-04-01 10:22:32]   Missing keys:           4
[2026-04-01 10:22:32]   Unexpected keys:        0
[2026-04-01 10:22:32]   Missing preview:        ['spatial_conv.1.weight', 'spatial_conv.1.bias', 'final_layer.1.weight', 'final_layer.1.bias']
[2026-04-01 10:22:32]   Unexpected preview:     []
[2026-04-01 10:22:32] Encoder freeze configuration:
[2026-04-01 10:22:32]   Total parameters:        18,192
[2026-04-01 10:22:32]   Trainable parameters:    4,352
[2026-04-01 10:22:32]   Training percentage:     23.9%
[2026-04-01 10:22:32]   Trainable layers: 4
[2026-04-01 10:22:32]     - final_layer.1.bias
[2026-04-01 10:22:32]     - final_layer.1.weight
[2026-04-01 10:22:32]     - spatial_conv.1.bias
[2026-04-01 10:22:32]     - spatial_conv.1.weight
[2026-04-01 10:22:32]     Train generator seeded: True
[2026-04-01 10:22:33]     Stopped epoch:            187
[2026-04-01 10:22:33]     Best epoch (valid_loss):  137
[2026-04-01 10:22:33]     Best valid_loss:          1.210469126701355
[2026-04-01 10:22:33]     Test accuracy (primary):  0.3500
[2026-04-01 10:22:33]     Test balanced acc:        0.3500
[2026-04-01 10:22:33]     Confusion matrix:         [[0, 4, 0, 1], [0, 0, 3, 2], [1, 1, 3, 0], [0, 0, 1, 4]]
[2026-04-01 10:22:33]     Prediction histogram:     [1, 5, 7, 7]
[2026-04-01 10:22:33]     fold_acc=0.3500 fold_bal_acc=0.3500 cm=[[0, 4, 0, 1], [0, 0, 3, 2], [1, 1, 3, 0], [0, 0, 1, 4]]
[2026-04-01 10:22:33]   Subject 51 Fold 4 seed: 9134
[2026-04-01 10:22:33]   Subject 51 Fold 4: n_train=64 n_val=16 n_test=20
[2026-04-01 10:22:33]     Train class counts: [16, 16, 16, 16]
[2026-04-01 10:22:33]     Val class counts:   [4, 4, 4, 4]
[2026-04-01 10:22:33]     Test class counts:  [5, 5, 5, 5]
[2026-04-01 10:22:33] Building model with input window duration: 4.1875 s
[2026-04-01 10:22:33] Pretrained weight loading:
[2026-04-01 10:22:33]   Downloaded keys:        179
[2026-04-01 10:22:33]   Filtered (transformer): 172
[2026-04-01 10:22:33]   Filtered (pos_encoder): 0
[2026-04-01 10:22:33]   Keys to load:           7
[2026-04-01 10:22:33]   Missing keys:           4
[2026-04-01 10:22:33]   Unexpected keys:        0
[2026-04-01 10:22:33]   Missing preview:        ['spatial_conv.1.weight', 'spatial_conv.1.bias', 'final_layer.1.weight', 'final_layer.1.bias']
[2026-04-01 10:22:33]   Unexpected preview:     []
[2026-04-01 10:22:33] Encoder freeze configuration:
[2026-04-01 10:22:33]   Total parameters:        18,192
[2026-04-01 10:22:33]   Trainable parameters:    4,352
[2026-04-01 10:22:33]   Training percentage:     23.9%
[2026-04-01 10:22:33]   Trainable layers: 4
[2026-04-01 10:22:33]     - final_layer.1.bias
[2026-04-01 10:22:33]     - final_layer.1.weight
[2026-04-01 10:22:33]     - spatial_conv.1.bias
[2026-04-01 10:22:33]     - spatial_conv.1.weight
[2026-04-01 10:22:33]     Train generator seeded: True
[2026-04-01 10:22:34]     Stopped epoch:            52
[2026-04-01 10:22:34]     Best epoch (valid_loss):  2
[2026-04-01 10:22:34]     Best valid_loss:          1.3859232664108276
[2026-04-01 10:22:34]     Test accuracy (primary):  0.1500
[2026-04-01 10:22:34]     Test balanced acc:        0.1500
[2026-04-01 10:22:34]     Confusion matrix:         [[2, 0, 2, 1], [2, 0, 1, 2], [3, 0, 1, 1], [4, 0, 1, 0]]
[2026-04-01 10:22:34]     Prediction histogram:     [11, 0, 5, 4]
[2026-04-01 10:22:34]     fold_acc=0.1500 fold_bal_acc=0.1500 cm=[[2, 0, 2, 1], [2, 0, 1, 2], [3, 0, 1, 1], [4, 0, 1, 0]]
[2026-04-01 10:22:34]   Subject 51 Fold 5 seed: 9135
[2026-04-01 10:22:34]   Subject 51 Fold 5: n_train=64 n_val=16 n_test=20
[2026-04-01 10:22:34]     Train class counts: [16, 16, 16, 16]
[2026-04-01 10:22:34]     Val class counts:   [4, 4, 4, 4]
[2026-04-01 10:22:34]     Test class counts:  [5, 5, 5, 5]
[2026-04-01 10:22:34] Building model with input window duration: 4.1875 s
[2026-04-01 10:22:34] Pretrained weight loading:
[2026-04-01 10:22:34]   Downloaded keys:        179
[2026-04-01 10:22:34]   Filtered (transformer): 172
[2026-04-01 10:22:34]   Filtered (pos_encoder): 0
[2026-04-01 10:22:34]   Keys to load:           7
[2026-04-01 10:22:34]   Missing keys:           4
[2026-04-01 10:22:34]   Unexpected keys:        0
[2026-04-01 10:22:34]   Missing preview:        ['spatial_conv.1.weight', 'spatial_conv.1.bias', 'final_layer.1.weight', 'final_layer.1.bias']
[2026-04-01 10:22:34]   Unexpected preview:     []
[2026-04-01 10:22:34] Encoder freeze configuration:
[2026-04-01 10:22:34]   Total parameters:        18,192
[2026-04-01 10:22:34]   Trainable parameters:    4,352
[2026-04-01 10:22:34]   Training percentage:     23.9%
[2026-04-01 10:22:34]   Trainable layers: 4
[2026-04-01 10:22:34]     - final_layer.1.bias
[2026-04-01 10:22:34]     - final_layer.1.weight
[2026-04-01 10:22:34]     - spatial_conv.1.bias
[2026-04-01 10:22:34]     - spatial_conv.1.weight
[2026-04-01 10:22:34]     Train generator seeded: True
[2026-04-01 10:22:34]     Stopped epoch:            52
[2026-04-01 10:22:34]     Best epoch (valid_loss):  2
[2026-04-01 10:22:34]     Best valid_loss:          1.3847954273223877
[2026-04-01 10:22:34]     Test accuracy (primary):  0.2500
[2026-04-01 10:22:34]     Test balanced acc:        0.2500
[2026-04-01 10:22:34]     Confusion matrix:         [[3, 2, 0, 0], [2, 2, 0, 1], [2, 3, 0, 0], [3, 2, 0, 0]]
[2026-04-01 10:22:34]     Prediction histogram:     [10, 9, 0, 1]
[2026-04-01 10:22:34]     fold_acc=0.2500 fold_bal_acc=0.2500 cm=[[3, 2, 0, 0], [2, 2, 0, 1], [2, 3, 0, 0], [3, 2, 0, 0]]
[2026-04-01 10:22:34]   Subject 51 mean accuracy: 0.2600

[2026-04-01 10:22:34] Total folds completed: 5
[2026-04-01 10:22:34] ======================================================================
[2026-04-01 10:22:34] AGGREGATED RESULTS
[2026-04-01 10:22:34] ======================================================================
[2026-04-01 10:22:34]   Subject 51:  acc=0.2600±0.1020  bal_acc=0.2600±0.1020
[2026-04-01 10:22:34] ----------------------------------------------------------------------
[2026-04-01 10:22:34]   OVERALL:      acc=0.2600±0.1020  bal_acc=0.2600±0.1020
[2026-04-01 10:22:34] ======================================================================
[2026-04-01 10:22:34] CV results saved to:      /home/vegorov/Repos/eeg_jepa_research/artifacts/lee-2019-fine-tuning/SSVEP/20260401_1022_292b560c/cv_results.json
[2026-04-01 10:22:34] Subject metrics saved to: /home/vegorov/Repos/eeg_jepa_research/artifacts/lee-2019-fine-tuning/SSVEP/20260401_1022_292b560c/subject_metrics.json
[2026-04-01 10:22:34] Global metrics saved to:  /home/vegorov/Repos/eeg_jepa_research/artifacts/lee-2019-fine-tuning/SSVEP/20260401_1022_292b560c/global_metrics.json
[2026-04-01 10:22:34] Run metadata saved to:    /home/vegorov/Repos/eeg_jepa_research/artifacts/lee-2019-fine-tuning/SSVEP/20260401_1022_292b560c/run_metadata.json

[2026-04-01 10:22:34] All artifacts in: /home/vegorov/Repos/eeg_jepa_research/artifacts/lee-2019-fine-tuning/SSVEP/20260401_1022_292b560c

[2026-04-01 10:22:34] ======================================================================
[2026-04-01 10:22:34] EXPERIMENT SUMMARY
[2026-04-01 10:22:34] ======================================================================
[2026-04-01 10:22:34] Run ID:    20260401_1022_292b560c
[2026-04-01 10:22:34] Artifacts: /home/vegorov/Repos/eeg_jepa_research/artifacts/lee-2019-fine-tuning/SSVEP/20260401_1022_292b560c

[2026-04-01 10:22:34] Configuration:
[2026-04-01 10:22:34]   Subjects:          [51]
[2026-04-01 10:22:34]   Bandpass:          0.5-40.0 Hz
[2026-04-01 10:22:34]   Resample:          128 Hz
[2026-04-01 10:22:34]   CV folds:          5
[2026-04-01 10:22:34]   Learning rate:     0.002
[2026-04-01 10:22:34]   Batch size:        24
[2026-04-01 10:22:34]   Max epochs:        5000

[2026-04-01 10:22:34] Results:
[2026-04-01 10:22:34]   Mean Accuracy:          0.2600 ± 0.1020
[2026-04-01 10:22:34]   Mean Balanced Accuracy: 0.2600 ± 0.1020
