[2026-04-08 23:13:10] Using device: cpu
[2026-04-08 23:13:10] Seed control enabled: True
[2026-04-08 23:13:10] Base seed: 5
[2026-04-08 23:13:11] Seed initialized: 5
[2026-04-08 23:13:11] ======================================================================
[2026-04-08 23:13:11] CONFIGURATION
[2026-04-08 23:13:11] ======================================================================
[2026-04-08 23:13:11]   artifact_dir: /home/vegorov/Repos/eeg_jepa_research/artifacts/lee-2019-fine-tuning
[2026-04-08 23:13:11]   bandpass_high: 40.0
[2026-04-08 23:13:11]   bandpass_low: 0.5
[2026-04-08 23:13:11]   batch_size: 16
[2026-04-08 23:13:11]   convert_to_uV: True
[2026-04-08 23:13:11]   criterion: None
[2026-04-08 23:13:11]   cv_folds: 5
[2026-04-08 23:13:11]   device: auto
[2026-04-08 23:13:11]   early_stopping_patience: 50
[2026-04-08 23:13:11]   learning_rate: 0.0005
[2026-04-08 23:13:11]   n_epochs: 5000
[2026-04-08 23:13:11]   normalization_method: None
[2026-04-08 23:13:11]   normalize: False
[2026-04-08 23:13:11]   optimizer: Adam
[2026-04-08 23:13:11]   paradigm: SSVEP
[2026-04-08 23:13:11]   pretrained_url: https://huggingface.co/braindecode/SignalJEPA/resolve/main/signal-jepa_16s-60_adeuwv4s.pth
[2026-04-08 23:13:11]   seed: 5
[2026-04-08 23:13:11]   set_eeg_reference: True
[2026-04-08 23:13:11]   set_seed: True
[2026-04-08 23:13:11]   sfreq: 128
[2026-04-08 23:13:11]   subjects_to_use: None
[2026-04-08 23:13:11]   val_split: 0.2
[2026-04-08 23:13:11] ======================================================================
[2026-04-08 23:13:11] Config saved to: /home/vegorov/Repos/eeg_jepa_research/artifacts/lee-2019-fine-tuning/SSVEP/20260408_2313_fd52d16c/config.json
[2026-04-08 23:13:11] Epoch window configuration:
[2026-04-08 23:13:11]   Target sfreq:                128 Hz
[2026-04-08 23:13:11]   Target duration:             4.190000 s
[2026-04-08 23:13:11]   Window samples (rounded):    536
[2026-04-08 23:13:11]   Base trial samples (4.0 s):  512
[2026-04-08 23:13:11]   Trial stop offset samples:   24
[2026-04-08 23:13:11]   Effective window duration:   4.187500 s
[2026-04-08 23:13:11] Dataset code: Lee2019-SSVEP
[2026-04-08 23:13:11] Subjects Total: 54
[2026-04-08 23:13:11] Events: {'12.0': 1, '8.57': 2, '6.67': 3, '5.45': 4}
[2026-04-08 23:13:11] Interval: [0.0, 4.0]
[2026-04-08 23:13:11] Paradigm: ssvep
[2026-04-08 23:13:11] Selected subjects: [48, 49, 50, 51, 52, 53, 54]
[2026-04-08 23:13:11] Expected evaluation folds: 35

[2026-04-08 23:13:11] Building MOABBDataset for Lee2019_SSVEP...
[2026-04-08 23:14:14] MOABBDataset recordings loaded: 14
[2026-04-08 23:14:14] Discovered annotation descriptions (first recording): [np.str_('12.0'), np.str_('5.45'), np.str_('6.67'), np.str_('8.57')]
[2026-04-08 23:14:14] Dataset event_id mapping: {'12.0': 1, '8.57': 2, '6.67': 3, '5.45': 4}
[2026-04-08 23:14:14] Label map (event_code -> class_index): {1: 0, 2: 1, 3: 2, 4: 3}
[2026-04-08 23:14:14] Applying Braindecode preprocessors to MOABBDataset...
[2026-04-08 23:14:55] Preprocessing complete.

[2026-04-08 23:14:55] Post-preprocessing validation
[2026-04-08 23:14:55]   Recordings in DATASET: 14
[2026-04-08 23:14:55]   Unique subject IDs:    ['48', '49', '50', '51', '52', '53', '54']
[2026-04-08 23:14:55]   sfreq (first rec):     128.0 Hz
[2026-04-08 23:14:55]   EEG channel count:     62
[2026-04-08 23:14:55]   First 10 channels:     ['Fp1', 'Fp2', 'F7', 'F3', 'Fz', 'F4', 'F8', 'FC5', 'FC1', 'FC2']
[2026-04-08 23:14:55] Channel consistency summary:
[2026-04-08 23:14:55]   Checked runs: 14
[2026-04-08 23:14:55]   Unique channel counts: [62]
[2026-04-08 23:14:55]   Channel order consistent: True
[2026-04-08 23:14:55] Validated EEG channels: 62
[2026-04-08 23:14:55] First 10 EEG channels: ['Fp1', 'Fp2', 'F7', 'F3', 'Fz', 'F4', 'F8', 'FC5', 'FC1', 'FC2']
[2026-04-08 23:14:56] raw mean_abs=6.260925e+00
[2026-04-08 23:14:56] raw std=1.367558e+01
[2026-04-08 23:14:56] raw first5 channel std= [25.7487628  33.90435699 12.52572271  7.29424492  6.6773028 ]
[2026-04-08 23:14:56] Requested window samples: 536
[2026-04-08 23:14:56] Base trial samples:       512
[2026-04-08 23:14:56] Stop offset samples:      24
[2026-04-08 23:14:56] Global class counts: [350, 350, 350, 350]
[2026-04-08 23:14:56] Chance level (4-class): 0.25
[2026-04-08 23:14:56] One window shape: (62, 536)
[2026-04-08 23:14:56] One window label: 2
[2026-04-08 23:14:56] Window sample length expected=536, got=536
[2026-04-08 23:14:56] Subjects in window split: [48, 49, 50, 51, 52, 53, 54]
[2026-04-08 23:14:56] Summarizing per-subject windows...
[2026-04-08 23:14:56]   Subject 48: n_windows=200, window_shape=(62, 536), class_counts=[50, 50, 50, 50]
[2026-04-08 23:14:56]   Subject 49: n_windows=200, window_shape=(62, 536), class_counts=[50, 50, 50, 50]
[2026-04-08 23:14:56]   Subject 50: n_windows=200, window_shape=(62, 536), class_counts=[50, 50, 50, 50]
[2026-04-08 23:14:56]   Subject 51: n_windows=200, window_shape=(62, 536), class_counts=[50, 50, 50, 50]
[2026-04-08 23:14:56]   Subject 52: n_windows=200, window_shape=(62, 536), class_counts=[50, 50, 50, 50]
[2026-04-08 23:14:56]   Subject 53: n_windows=200, window_shape=(62, 536), class_counts=[50, 50, 50, 50]
[2026-04-08 23:14:56]   Subject 54: n_windows=200, window_shape=(62, 536), class_counts=[50, 50, 50, 50]
[2026-04-08 23:14:56]    subject_id  n_windows  n_channels  n_times      class_counts
0          48        200          62      536  [50, 50, 50, 50]
1          49        200          62      536  [50, 50, 50, 50]
2          50        200          62      536  [50, 50, 50, 50]
3          51        200          62      536  [50, 50, 50, 50]
4          52        200          62      536  [50, 50, 50, 50]
5          53        200          62      536  [50, 50, 50, 50]
6          54        200          62      536  [50, 50, 50, 50]
[2026-04-08 23:14:56] Window validation summary:
[2026-04-08 23:14:56]   Subject 48: n_windows=200 class_counts=[50, 50, 50, 50]
[2026-04-08 23:14:56]   Subject 49: n_windows=200 class_counts=[50, 50, 50, 50]
[2026-04-08 23:14:56]   Subject 50: n_windows=200 class_counts=[50, 50, 50, 50]
[2026-04-08 23:14:56]   Subject 51: n_windows=200 class_counts=[50, 50, 50, 50]
[2026-04-08 23:14:56]   Subject 52: n_windows=200 class_counts=[50, 50, 50, 50]
[2026-04-08 23:14:56]   Subject 53: n_windows=200 class_counts=[50, 50, 50, 50]
[2026-04-08 23:14:56]   Subject 54: n_windows=200 class_counts=[50, 50, 50, 50]

[2026-04-08 23:14:56] Validated sampling rate target: 128 Hz
[2026-04-08 23:14:56] Validated window sample count:   536
[2026-04-08 23:14:56] Validated window duration:       4.1875 s
[2026-04-08 23:14:56] Validated channel count:         62
[2026-04-08 23:14:56] Total windows retained:          1400
[2026-04-08 23:14:56] Preprocessing sanity checks:
[2026-04-08 23:14:56]   One sample label: 2
[2026-04-08 23:14:56]   One sample shape: (62, 536)
[2026-04-08 23:14:56]   Mean(abs(signal)): 3.194527e+00
[2026-04-08 23:14:56]   Mean(signal):      6.428233e-09
[2026-04-08 23:14:56]   Std(signal):       4.182395e+00
[2026-04-08 23:14:56] Building model with input window duration: 4.1875 s
[2026-04-08 23:14:56] SignalJEPA_PreLocal instantiated successfully.
[2026-04-08 23:14:56]   Total parameters:     18,192
[2026-04-08 23:14:56]   Trainable parameters: 18,192
[2026-04-08 23:14:56] ======================================================================================================================================================
Layer (type (var_name):depth-idx)                  Input Shape               Output Shape              Param #                   Kernel Shape
======================================================================================================================================================
SignalJEPA_PreLocal (SignalJEPA_PreLocal)          [1, 62, 536]              [1, 4]                    --                        --
├─Sequential (spatial_conv): 1-1                   [1, 62, 536]              [1, 4, 536]               --                        --
│    └─Rearrange (0): 2-1                          [1, 62, 536]              [1, 1, 62, 536]           --                        --
│    └─Conv2d (1): 2-2                             [1, 1, 62, 536]           [1, 4, 1, 536]            252                       [62, 1]
│    └─Rearrange (2): 2-3                          [1, 4, 1, 536]            [1, 4, 536]               --                        --
├─_ConvFeatureEncoder (feature_encoder): 1-2       [1, 4, 536]               [1, 16, 64]               --                        --
│    └─Rearrange (0): 2-4                          [1, 4, 536]               [4, 1, 536]               --                        --
│    └─Sequential (1): 2-5                         [4, 1, 536]               [4, 8, 64]                --                        --
│    │    └─Conv1d (0): 3-1                        [4, 1, 536]               [4, 8, 64]                256                       [32]
│    │    └─Dropout (1): 3-2                       [4, 8, 64]                [4, 8, 64]                --                        --
│    │    └─GroupNorm (2): 3-3                     [4, 8, 64]                [4, 8, 64]                16                        --
│    │    └─GELU (3): 3-4                          [4, 8, 64]                [4, 8, 64]                --                        --
│    └─Sequential (2): 2-6                         [4, 8, 64]                [4, 16, 32]               --                        --
│    │    └─Conv1d (0): 3-5                        [4, 8, 64]                [4, 16, 32]               256                       [2]
│    │    └─Dropout (1): 3-6                       [4, 16, 32]               [4, 16, 32]               --                        --
│    │    └─GELU (2): 3-7                          [4, 16, 32]               [4, 16, 32]               --                        --
│    └─Sequential (3): 2-7                         [4, 16, 32]               [4, 32, 16]               --                        --
│    │    └─Conv1d (0): 3-8                        [4, 16, 32]               [4, 32, 16]               1,024                     [2]
│    │    └─Dropout (1): 3-9                       [4, 32, 16]               [4, 32, 16]               --                        --
│    │    └─GELU (2): 3-10                         [4, 32, 16]               [4, 32, 16]               --                        --
│    └─Sequential (4): 2-8                         [4, 32, 16]               [4, 64, 8]                --                        --
│    │    └─Conv1d (0): 3-11                       [4, 32, 16]               [4, 64, 8]                4,096                     [2]
│    │    └─Dropout (1): 3-12                      [4, 64, 8]                [4, 64, 8]                --                        --
│    │    └─GELU (2): 3-13                         [4, 64, 8]                [4, 64, 8]                --                        --
│    └─Sequential (5): 2-9                         [4, 64, 8]                [4, 64, 4]                --                        --
│    │    └─Conv1d (0): 3-14                       [4, 64, 8]                [4, 64, 4]                8,192                     [2]
│    │    └─Dropout (1): 3-15                      [4, 64, 4]                [4, 64, 4]                --                        --
│    │    └─GELU (2): 3-16                         [4, 64, 4]                [4, 64, 4]                --                        --
│    └─Rearrange (6): 2-10                         [4, 64, 4]                [1, 16, 64]               --                        --
├─Sequential (final_layer): 1-3                    [1, 16, 64]               [1, 4]                    --                        --
│    └─Flatten (0): 2-11                           [1, 16, 64]               [1, 1024]                 --                        --
│    └─Linear (1): 2-12                            [1, 1024]                 [1, 4]                    4,100                     --
======================================================================================================================================================
Total params: 18,192
Trainable params: 18,192
Non-trainable params: 0
Total mult-adds (Units.MEGABYTES): 0.57
======================================================================================================================================================
Input size (MB): 0.13
Forward/backward pass size (MB): 0.11
Params size (MB): 0.07
Estimated Total Size (MB): 0.31
======================================================================================================================================================
[2026-04-08 23:14:56] Initializing from 16s-60 pretrained checkpoint (Hugging Face):
[2026-04-08 23:14:56]   https://huggingface.co/braindecode/SignalJEPA/resolve/main/signal-jepa_16s-60_adeuwv4s.pth
[2026-04-08 23:14:56]   Downloaded 179 keys
[2026-04-08 23:14:56] ======================================================================
[2026-04-08 23:14:56] STARTING CROSS-VALIDATION
[2026-04-08 23:14:56] ======================================================================
[2026-04-08 23:14:56] Subjects:      [48, 49, 50, 51, 52, 53, 54]
[2026-04-08 23:14:56] CV folds:      5
[2026-04-08 23:14:56] Batch size:    16
[2026-04-08 23:14:56] Max epochs:    5000
[2026-04-08 23:14:56] Device:        cpu
[2026-04-08 23:14:56] Seed control:  True
[2026-04-08 23:14:56] Base seed:     5
[2026-04-08 23:14:56] ======================================================================

[2026-04-08 23:14:56] Subject 48: 200 windows | class_counts=[50, 50, 50, 50]
[2026-04-08 23:14:56]   Fold 1 class counts: train=[32, 32, 32, 32] val=[8, 8, 8, 8] test=[10, 10, 10, 10]
[2026-04-08 23:14:56]   Fold 2 class counts: train=[32, 32, 32, 32] val=[8, 8, 8, 8] test=[10, 10, 10, 10]
[2026-04-08 23:14:56]   Fold 3 class counts: train=[32, 32, 32, 32] val=[8, 8, 8, 8] test=[10, 10, 10, 10]
[2026-04-08 23:14:56]   Fold 4 class counts: train=[32, 32, 32, 32] val=[8, 8, 8, 8] test=[10, 10, 10, 10]
[2026-04-08 23:14:56]   Fold 5 class counts: train=[32, 32, 32, 32] val=[8, 8, 8, 8] test=[10, 10, 10, 10]
[2026-04-08 23:14:56]     Train class counts: [32, 32, 32, 32]
[2026-04-08 23:14:56]     Val class counts:   [8, 8, 8, 8]
[2026-04-08 23:14:56]     Test class counts:  [10, 10, 10, 10]
[2026-04-08 23:14:56] Building model with input window duration: 4.1875 s
[2026-04-08 23:14:56] Pretrained weight loading:
[2026-04-08 23:14:56]   Downloaded keys:        179
[2026-04-08 23:14:56]   Filtered (transformer): 172
[2026-04-08 23:14:56]   Filtered (pos_encoder): 0
[2026-04-08 23:14:56]   Keys to load:           7
[2026-04-08 23:14:56]   Missing keys:           4
[2026-04-08 23:14:56]   Unexpected keys:        0
[2026-04-08 23:14:56]   Missing preview:        ['spatial_conv.1.weight', 'spatial_conv.1.bias', 'final_layer.1.weight', 'final_layer.1.bias']
[2026-04-08 23:14:56]   Unexpected preview:     []
[2026-04-08 23:14:56] Trainable modules: spatial_conv + final_layer (4,352 / 18,192 params, 23.9%)
[2026-04-08 23:14:56]   - final_layer.1.bias
[2026-04-08 23:14:56]   - final_layer.1.weight
[2026-04-08 23:14:56]   - spatial_conv.1.bias
[2026-04-08 23:14:56]   - spatial_conv.1.weight
[2026-04-08 23:15:38]   Fold 1/5 | best_epoch=1750 | stop=1800 | val_loss=0.0170 | acc=0.9750 | bal_acc=0.9750
[2026-04-08 23:15:38]     Train class counts: [32, 32, 32, 32]
[2026-04-08 23:15:38]     Val class counts:   [8, 8, 8, 8]
[2026-04-08 23:15:38]     Test class counts:  [10, 10, 10, 10]
[2026-04-08 23:15:38] Building model with input window duration: 4.1875 s
[2026-04-08 23:15:38] Pretrained weight loading:
[2026-04-08 23:15:38]   Downloaded keys:        179
[2026-04-08 23:15:38]   Filtered (transformer): 172
[2026-04-08 23:15:38]   Filtered (pos_encoder): 0
[2026-04-08 23:15:38]   Keys to load:           7
[2026-04-08 23:15:38]   Missing keys:           4
[2026-04-08 23:15:38]   Unexpected keys:        0
[2026-04-08 23:15:38]   Missing preview:        ['spatial_conv.1.weight', 'spatial_conv.1.bias', 'final_layer.1.weight', 'final_layer.1.bias']
[2026-04-08 23:15:38]   Unexpected preview:     []
[2026-04-08 23:16:37]   Fold 2/5 | best_epoch=2511 | stop=2561 | val_loss=0.0029 | acc=1.0000 | bal_acc=1.0000
[2026-04-08 23:16:37]     Train class counts: [32, 32, 32, 32]
[2026-04-08 23:16:37]     Val class counts:   [8, 8, 8, 8]
[2026-04-08 23:16:37]     Test class counts:  [10, 10, 10, 10]
[2026-04-08 23:16:37] Building model with input window duration: 4.1875 s
[2026-04-08 23:16:37] Pretrained weight loading:
[2026-04-08 23:16:37]   Downloaded keys:        179
[2026-04-08 23:16:37]   Filtered (transformer): 172
[2026-04-08 23:16:37]   Filtered (pos_encoder): 0
[2026-04-08 23:16:37]   Keys to load:           7
[2026-04-08 23:16:37]   Missing keys:           4
[2026-04-08 23:16:37]   Unexpected keys:        0
[2026-04-08 23:16:37]   Missing preview:        ['spatial_conv.1.weight', 'spatial_conv.1.bias', 'final_layer.1.weight', 'final_layer.1.bias']
[2026-04-08 23:16:37]   Unexpected preview:     []
[2026-04-08 23:17:07]   Fold 3/5 | best_epoch=1289 | stop=1339 | val_loss=0.0120 | acc=1.0000 | bal_acc=1.0000
[2026-04-08 23:17:07]     Train class counts: [32, 32, 32, 32]
[2026-04-08 23:17:07]     Val class counts:   [8, 8, 8, 8]
[2026-04-08 23:17:07]     Test class counts:  [10, 10, 10, 10]
[2026-04-08 23:17:07] Building model with input window duration: 4.1875 s
[2026-04-08 23:17:07] Pretrained weight loading:
[2026-04-08 23:17:07]   Downloaded keys:        179
[2026-04-08 23:17:07]   Filtered (transformer): 172
[2026-04-08 23:17:07]   Filtered (pos_encoder): 0
[2026-04-08 23:17:07]   Keys to load:           7
[2026-04-08 23:17:07]   Missing keys:           4
[2026-04-08 23:17:07]   Unexpected keys:        0
[2026-04-08 23:17:07]   Missing preview:        ['spatial_conv.1.weight', 'spatial_conv.1.bias', 'final_layer.1.weight', 'final_layer.1.bias']
[2026-04-08 23:17:07]   Unexpected preview:     []
[2026-04-08 23:17:25]   Fold 4/5 | best_epoch=742 | stop=792 | val_loss=0.1177 | acc=1.0000 | bal_acc=1.0000
[2026-04-08 23:17:25]     Train class counts: [32, 32, 32, 32]
[2026-04-08 23:17:25]     Val class counts:   [8, 8, 8, 8]
[2026-04-08 23:17:25]     Test class counts:  [10, 10, 10, 10]
[2026-04-08 23:17:25] Building model with input window duration: 4.1875 s
[2026-04-08 23:17:25] Pretrained weight loading:
[2026-04-08 23:17:25]   Downloaded keys:        179
[2026-04-08 23:17:25]   Filtered (transformer): 172
[2026-04-08 23:17:25]   Filtered (pos_encoder): 0
[2026-04-08 23:17:25]   Keys to load:           7
[2026-04-08 23:17:25]   Missing keys:           4
[2026-04-08 23:17:25]   Unexpected keys:        0
[2026-04-08 23:17:25]   Missing preview:        ['spatial_conv.1.weight', 'spatial_conv.1.bias', 'final_layer.1.weight', 'final_layer.1.bias']
[2026-04-08 23:17:25]   Unexpected preview:     []
[2026-04-08 23:18:12]   Fold 5/5 | best_epoch=2032 | stop=2082 | val_loss=0.0104 | acc=1.0000 | bal_acc=1.0000
[2026-04-08 23:18:12]   Subject 48 summary: acc=0.9950±0.0100  bal_acc=0.9950±0.0100

[2026-04-08 23:18:12] Subject 49: 200 windows | class_counts=[50, 50, 50, 50]
[2026-04-08 23:18:12]   Fold 1 class counts: train=[32, 32, 32, 32] val=[8, 8, 8, 8] test=[10, 10, 10, 10]
[2026-04-08 23:18:12]   Fold 2 class counts: train=[32, 32, 32, 32] val=[8, 8, 8, 8] test=[10, 10, 10, 10]
[2026-04-08 23:18:12]   Fold 3 class counts: train=[32, 32, 32, 32] val=[8, 8, 8, 8] test=[10, 10, 10, 10]
[2026-04-08 23:18:12]   Fold 4 class counts: train=[32, 32, 32, 32] val=[8, 8, 8, 8] test=[10, 10, 10, 10]
[2026-04-08 23:18:12]   Fold 5 class counts: train=[32, 32, 32, 32] val=[8, 8, 8, 8] test=[10, 10, 10, 10]
[2026-04-08 23:18:12]     Train class counts: [32, 32, 32, 32]
[2026-04-08 23:18:12]     Val class counts:   [8, 8, 8, 8]
[2026-04-08 23:18:12]     Test class counts:  [10, 10, 10, 10]
[2026-04-08 23:18:12] Building model with input window duration: 4.1875 s
[2026-04-08 23:18:12] Pretrained weight loading:
[2026-04-08 23:18:12]   Downloaded keys:        179
[2026-04-08 23:18:12]   Filtered (transformer): 172
[2026-04-08 23:18:12]   Filtered (pos_encoder): 0
[2026-04-08 23:18:12]   Keys to load:           7
[2026-04-08 23:18:12]   Missing keys:           4
[2026-04-08 23:18:12]   Unexpected keys:        0
[2026-04-08 23:18:12]   Missing preview:        ['spatial_conv.1.weight', 'spatial_conv.1.bias', 'final_layer.1.weight', 'final_layer.1.bias']
[2026-04-08 23:18:12]   Unexpected preview:     []
[2026-04-08 23:18:49]   Fold 1/5 | best_epoch=1567 | stop=1617 | val_loss=0.0221 | acc=1.0000 | bal_acc=1.0000
[2026-04-08 23:18:49]     Train class counts: [32, 32, 32, 32]
[2026-04-08 23:18:49]     Val class counts:   [8, 8, 8, 8]
[2026-04-08 23:18:49]     Test class counts:  [10, 10, 10, 10]
[2026-04-08 23:18:49] Building model with input window duration: 4.1875 s
[2026-04-08 23:18:49] Pretrained weight loading:
[2026-04-08 23:18:49]   Downloaded keys:        179
[2026-04-08 23:18:49]   Filtered (transformer): 172
[2026-04-08 23:18:49]   Filtered (pos_encoder): 0
[2026-04-08 23:18:49]   Keys to load:           7
[2026-04-08 23:18:49]   Missing keys:           4
[2026-04-08 23:18:49]   Unexpected keys:        0
[2026-04-08 23:18:49]   Missing preview:        ['spatial_conv.1.weight', 'spatial_conv.1.bias', 'final_layer.1.weight', 'final_layer.1.bias']
[2026-04-08 23:18:49]   Unexpected preview:     []
[2026-04-08 23:19:14]   Fold 2/5 | best_epoch=1049 | stop=1099 | val_loss=0.0829 | acc=0.9500 | bal_acc=0.9500
[2026-04-08 23:19:14]     Train class counts: [32, 32, 32, 32]
[2026-04-08 23:19:14]     Val class counts:   [8, 8, 8, 8]
[2026-04-08 23:19:14]     Test class counts:  [10, 10, 10, 10]
[2026-04-08 23:19:14] Building model with input window duration: 4.1875 s
[2026-04-08 23:19:14] Pretrained weight loading:
[2026-04-08 23:19:14]   Downloaded keys:        179
[2026-04-08 23:19:14]   Filtered (transformer): 172
[2026-04-08 23:19:14]   Filtered (pos_encoder): 0
[2026-04-08 23:19:14]   Keys to load:           7
[2026-04-08 23:19:14]   Missing keys:           4
[2026-04-08 23:19:14]   Unexpected keys:        0
[2026-04-08 23:19:14]   Missing preview:        ['spatial_conv.1.weight', 'spatial_conv.1.bias', 'final_layer.1.weight', 'final_layer.1.bias']
[2026-04-08 23:19:14]   Unexpected preview:     []
[2026-04-08 23:19:46]   Fold 3/5 | best_epoch=1282 | stop=1332 | val_loss=0.0714 | acc=0.9750 | bal_acc=0.9750
[2026-04-08 23:19:46]     Train class counts: [32, 32, 32, 32]
[2026-04-08 23:19:46]     Val class counts:   [8, 8, 8, 8]
[2026-04-08 23:19:46]     Test class counts:  [10, 10, 10, 10]
[2026-04-08 23:19:46] Building model with input window duration: 4.1875 s
[2026-04-08 23:19:46] Pretrained weight loading:
[2026-04-08 23:19:46]   Downloaded keys:        179
[2026-04-08 23:19:46]   Filtered (transformer): 172
[2026-04-08 23:19:46]   Filtered (pos_encoder): 0
[2026-04-08 23:19:46]   Keys to load:           7
[2026-04-08 23:19:46]   Missing keys:           4
[2026-04-08 23:19:46]   Unexpected keys:        0
[2026-04-08 23:19:46]   Missing preview:        ['spatial_conv.1.weight', 'spatial_conv.1.bias', 'final_layer.1.weight', 'final_layer.1.bias']
[2026-04-08 23:19:46]   Unexpected preview:     []
[2026-04-08 23:20:22]   Fold 4/5 | best_epoch=1494 | stop=1544 | val_loss=0.0895 | acc=0.9500 | bal_acc=0.9500
[2026-04-08 23:20:22]     Train class counts: [32, 32, 32, 32]
[2026-04-08 23:20:22]     Val class counts:   [8, 8, 8, 8]
[2026-04-08 23:20:22]     Test class counts:  [10, 10, 10, 10]
[2026-04-08 23:20:22] Building model with input window duration: 4.1875 s
[2026-04-08 23:20:22] Pretrained weight loading:
[2026-04-08 23:20:22]   Downloaded keys:        179
[2026-04-08 23:20:22]   Filtered (transformer): 172
[2026-04-08 23:20:22]   Filtered (pos_encoder): 0
[2026-04-08 23:20:22]   Keys to load:           7
[2026-04-08 23:20:22]   Missing keys:           4
[2026-04-08 23:20:22]   Unexpected keys:        0
[2026-04-08 23:20:22]   Missing preview:        ['spatial_conv.1.weight', 'spatial_conv.1.bias', 'final_layer.1.weight', 'final_layer.1.bias']
[2026-04-08 23:20:22]   Unexpected preview:     []
[2026-04-08 23:21:17]   Fold 5/5 | best_epoch=2347 | stop=2397 | val_loss=0.0051 | acc=0.9750 | bal_acc=0.9750
[2026-04-08 23:21:17]   Subject 49 summary: acc=0.9700±0.0187  bal_acc=0.9700±0.0187

[2026-04-08 23:21:17] Subject 50: 200 windows | class_counts=[50, 50, 50, 50]
[2026-04-08 23:21:17]   Fold 1 class counts: train=[32, 32, 32, 32] val=[8, 8, 8, 8] test=[10, 10, 10, 10]
[2026-04-08 23:21:17]   Fold 2 class counts: train=[32, 32, 32, 32] val=[8, 8, 8, 8] test=[10, 10, 10, 10]
[2026-04-08 23:21:17]   Fold 3 class counts: train=[32, 32, 32, 32] val=[8, 8, 8, 8] test=[10, 10, 10, 10]
[2026-04-08 23:21:17]   Fold 4 class counts: train=[32, 32, 32, 32] val=[8, 8, 8, 8] test=[10, 10, 10, 10]
[2026-04-08 23:21:17]   Fold 5 class counts: train=[32, 32, 32, 32] val=[8, 8, 8, 8] test=[10, 10, 10, 10]
[2026-04-08 23:21:18]     Train class counts: [32, 32, 32, 32]
[2026-04-08 23:21:18]     Val class counts:   [8, 8, 8, 8]
[2026-04-08 23:21:18]     Test class counts:  [10, 10, 10, 10]
[2026-04-08 23:21:18] Building model with input window duration: 4.1875 s
[2026-04-08 23:21:18] Pretrained weight loading:
[2026-04-08 23:21:18]   Downloaded keys:        179
[2026-04-08 23:21:18]   Filtered (transformer): 172
[2026-04-08 23:21:18]   Filtered (pos_encoder): 0
[2026-04-08 23:21:18]   Keys to load:           7
[2026-04-08 23:21:18]   Missing keys:           4
[2026-04-08 23:21:18]   Unexpected keys:        0
[2026-04-08 23:21:18]   Missing preview:        ['spatial_conv.1.weight', 'spatial_conv.1.bias', 'final_layer.1.weight', 'final_layer.1.bias']
[2026-04-08 23:21:18]   Unexpected preview:     []
[2026-04-08 23:22:06]   Fold 1/5 | best_epoch=2061 | stop=2111 | val_loss=0.0017 | acc=1.0000 | bal_acc=1.0000
[2026-04-08 23:22:06]     Train class counts: [32, 32, 32, 32]
[2026-04-08 23:22:06]     Val class counts:   [8, 8, 8, 8]
[2026-04-08 23:22:06]     Test class counts:  [10, 10, 10, 10]
[2026-04-08 23:22:06] Building model with input window duration: 4.1875 s
[2026-04-08 23:22:06] Pretrained weight loading:
[2026-04-08 23:22:06]   Downloaded keys:        179
[2026-04-08 23:22:06]   Filtered (transformer): 172
[2026-04-08 23:22:06]   Filtered (pos_encoder): 0
[2026-04-08 23:22:06]   Keys to load:           7
[2026-04-08 23:22:06]   Missing keys:           4
[2026-04-08 23:22:06]   Unexpected keys:        0
[2026-04-08 23:22:06]   Missing preview:        ['spatial_conv.1.weight', 'spatial_conv.1.bias', 'final_layer.1.weight', 'final_layer.1.bias']
[2026-04-08 23:22:06]   Unexpected preview:     []
[2026-04-08 23:22:48]   Fold 2/5 | best_epoch=1778 | stop=1828 | val_loss=0.0197 | acc=1.0000 | bal_acc=1.0000
[2026-04-08 23:22:48]     Train class counts: [32, 32, 32, 32]
[2026-04-08 23:22:48]     Val class counts:   [8, 8, 8, 8]
[2026-04-08 23:22:48]     Test class counts:  [10, 10, 10, 10]
[2026-04-08 23:22:48] Building model with input window duration: 4.1875 s
[2026-04-08 23:22:48] Pretrained weight loading:
[2026-04-08 23:22:48]   Downloaded keys:        179
[2026-04-08 23:22:48]   Filtered (transformer): 172
[2026-04-08 23:22:48]   Filtered (pos_encoder): 0
[2026-04-08 23:22:48]   Keys to load:           7
[2026-04-08 23:22:48]   Missing keys:           4
[2026-04-08 23:22:48]   Unexpected keys:        0
[2026-04-08 23:22:48]   Missing preview:        ['spatial_conv.1.weight', 'spatial_conv.1.bias', 'final_layer.1.weight', 'final_layer.1.bias']
[2026-04-08 23:22:48]   Unexpected preview:     []
[2026-04-08 23:24:11]   Fold 3/5 | best_epoch=3546 | stop=3596 | val_loss=0.0003 | acc=0.9750 | bal_acc=0.9750
[2026-04-08 23:24:12]     Train class counts: [32, 32, 32, 32]
[2026-04-08 23:24:12]     Val class counts:   [8, 8, 8, 8]
[2026-04-08 23:24:12]     Test class counts:  [10, 10, 10, 10]
[2026-04-08 23:24:12] Building model with input window duration: 4.1875 s
[2026-04-08 23:24:12] Pretrained weight loading:
[2026-04-08 23:24:12]   Downloaded keys:        179
[2026-04-08 23:24:12]   Filtered (transformer): 172
[2026-04-08 23:24:12]   Filtered (pos_encoder): 0
[2026-04-08 23:24:12]   Keys to load:           7
[2026-04-08 23:24:12]   Missing keys:           4
[2026-04-08 23:24:12]   Unexpected keys:        0
[2026-04-08 23:24:12]   Missing preview:        ['spatial_conv.1.weight', 'spatial_conv.1.bias', 'final_layer.1.weight', 'final_layer.1.bias']
[2026-04-08 23:24:12]   Unexpected preview:     []
[2026-04-08 23:24:53]   Fold 4/5 | best_epoch=1698 | stop=1748 | val_loss=0.0383 | acc=0.9750 | bal_acc=0.9750
[2026-04-08 23:24:53]     Train class counts: [32, 32, 32, 32]
[2026-04-08 23:24:53]     Val class counts:   [8, 8, 8, 8]
[2026-04-08 23:24:53]     Test class counts:  [10, 10, 10, 10]
[2026-04-08 23:24:53] Building model with input window duration: 4.1875 s
[2026-04-08 23:24:53] Pretrained weight loading:
[2026-04-08 23:24:53]   Downloaded keys:        179
[2026-04-08 23:24:53]   Filtered (transformer): 172
[2026-04-08 23:24:53]   Filtered (pos_encoder): 0
[2026-04-08 23:24:53]   Keys to load:           7
[2026-04-08 23:24:53]   Missing keys:           4
[2026-04-08 23:24:53]   Unexpected keys:        0
[2026-04-08 23:24:53]   Missing preview:        ['spatial_conv.1.weight', 'spatial_conv.1.bias', 'final_layer.1.weight', 'final_layer.1.bias']
[2026-04-08 23:24:53]   Unexpected preview:     []
[2026-04-08 23:25:37]   Fold 5/5 | best_epoch=1820 | stop=1870 | val_loss=0.0196 | acc=1.0000 | bal_acc=1.0000
[2026-04-08 23:25:37]   Subject 50 summary: acc=0.9900±0.0122  bal_acc=0.9900±0.0122

[2026-04-08 23:25:37] Subject 51: 200 windows | class_counts=[50, 50, 50, 50]
[2026-04-08 23:25:37]   Fold 1 class counts: train=[32, 32, 32, 32] val=[8, 8, 8, 8] test=[10, 10, 10, 10]
[2026-04-08 23:25:37]   Fold 2 class counts: train=[32, 32, 32, 32] val=[8, 8, 8, 8] test=[10, 10, 10, 10]
[2026-04-08 23:25:37]   Fold 3 class counts: train=[32, 32, 32, 32] val=[8, 8, 8, 8] test=[10, 10, 10, 10]
[2026-04-08 23:25:37]   Fold 4 class counts: train=[32, 32, 32, 32] val=[8, 8, 8, 8] test=[10, 10, 10, 10]
[2026-04-08 23:25:37]   Fold 5 class counts: train=[32, 32, 32, 32] val=[8, 8, 8, 8] test=[10, 10, 10, 10]
[2026-04-08 23:25:37]     Train class counts: [32, 32, 32, 32]
[2026-04-08 23:25:37]     Val class counts:   [8, 8, 8, 8]
[2026-04-08 23:25:37]     Test class counts:  [10, 10, 10, 10]
[2026-04-08 23:25:37] Building model with input window duration: 4.1875 s
[2026-04-08 23:25:37] Pretrained weight loading:
[2026-04-08 23:25:37]   Downloaded keys:        179
[2026-04-08 23:25:37]   Filtered (transformer): 172
[2026-04-08 23:25:37]   Filtered (pos_encoder): 0
[2026-04-08 23:25:37]   Keys to load:           7
[2026-04-08 23:25:37]   Missing keys:           4
[2026-04-08 23:25:37]   Unexpected keys:        0
[2026-04-08 23:25:37]   Missing preview:        ['spatial_conv.1.weight', 'spatial_conv.1.bias', 'final_layer.1.weight', 'final_layer.1.bias']
[2026-04-08 23:25:37]   Unexpected preview:     []
[2026-04-08 23:26:04]   Fold 1/5 | best_epoch=1129 | stop=1179 | val_loss=0.9379 | acc=0.7000 | bal_acc=0.7000
[2026-04-08 23:26:04]     Train class counts: [32, 32, 32, 32]
[2026-04-08 23:26:04]     Val class counts:   [8, 8, 8, 8]
[2026-04-08 23:26:04]     Test class counts:  [10, 10, 10, 10]
[2026-04-08 23:26:04] Building model with input window duration: 4.1875 s
[2026-04-08 23:26:04] Pretrained weight loading:
[2026-04-08 23:26:04]   Downloaded keys:        179
[2026-04-08 23:26:04]   Filtered (transformer): 172
[2026-04-08 23:26:04]   Filtered (pos_encoder): 0
[2026-04-08 23:26:04]   Keys to load:           7
[2026-04-08 23:26:04]   Missing keys:           4
[2026-04-08 23:26:04]   Unexpected keys:        0
[2026-04-08 23:26:04]   Missing preview:        ['spatial_conv.1.weight', 'spatial_conv.1.bias', 'final_layer.1.weight', 'final_layer.1.bias']
[2026-04-08 23:26:04]   Unexpected preview:     []
[2026-04-08 23:26:16]   Fold 2/5 | best_epoch=469 | stop=519 | val_loss=1.0475 | acc=0.6750 | bal_acc=0.6750
[2026-04-08 23:26:16]     Train class counts: [32, 32, 32, 32]
[2026-04-08 23:26:16]     Val class counts:   [8, 8, 8, 8]
[2026-04-08 23:26:16]     Test class counts:  [10, 10, 10, 10]
[2026-04-08 23:26:16] Building model with input window duration: 4.1875 s
[2026-04-08 23:26:16] Pretrained weight loading:
[2026-04-08 23:26:16]   Downloaded keys:        179
[2026-04-08 23:26:16]   Filtered (transformer): 172
[2026-04-08 23:26:16]   Filtered (pos_encoder): 0
[2026-04-08 23:26:16]   Keys to load:           7
[2026-04-08 23:26:16]   Missing keys:           4
[2026-04-08 23:26:16]   Unexpected keys:        0
[2026-04-08 23:26:16]   Missing preview:        ['spatial_conv.1.weight', 'spatial_conv.1.bias', 'final_layer.1.weight', 'final_layer.1.bias']
[2026-04-08 23:26:16]   Unexpected preview:     []
[2026-04-08 23:26:36]   Fold 3/5 | best_epoch=792 | stop=842 | val_loss=0.7761 | acc=0.6750 | bal_acc=0.6750
[2026-04-08 23:26:36]     Train class counts: [32, 32, 32, 32]
[2026-04-08 23:26:36]     Val class counts:   [8, 8, 8, 8]
[2026-04-08 23:26:36]     Test class counts:  [10, 10, 10, 10]
[2026-04-08 23:26:36] Building model with input window duration: 4.1875 s
[2026-04-08 23:26:36] Pretrained weight loading:
[2026-04-08 23:26:36]   Downloaded keys:        179
[2026-04-08 23:26:36]   Filtered (transformer): 172
[2026-04-08 23:26:36]   Filtered (pos_encoder): 0
[2026-04-08 23:26:36]   Keys to load:           7
[2026-04-08 23:26:36]   Missing keys:           4
[2026-04-08 23:26:36]   Unexpected keys:        0
[2026-04-08 23:26:36]   Missing preview:        ['spatial_conv.1.weight', 'spatial_conv.1.bias', 'final_layer.1.weight', 'final_layer.1.bias']
[2026-04-08 23:26:36]   Unexpected preview:     []
[2026-04-08 23:26:59]   Fold 4/5 | best_epoch=929 | stop=979 | val_loss=0.6716 | acc=0.7000 | bal_acc=0.7000
[2026-04-08 23:26:59]     Train class counts: [32, 32, 32, 32]
[2026-04-08 23:26:59]     Val class counts:   [8, 8, 8, 8]
[2026-04-08 23:26:59]     Test class counts:  [10, 10, 10, 10]
[2026-04-08 23:26:59] Building model with input window duration: 4.1875 s
[2026-04-08 23:26:59] Pretrained weight loading:
[2026-04-08 23:26:59]   Downloaded keys:        179
[2026-04-08 23:26:59]   Filtered (transformer): 172
[2026-04-08 23:26:59]   Filtered (pos_encoder): 0
[2026-04-08 23:26:59]   Keys to load:           7
[2026-04-08 23:26:59]   Missing keys:           4
[2026-04-08 23:26:59]   Unexpected keys:        0
[2026-04-08 23:26:59]   Missing preview:        ['spatial_conv.1.weight', 'spatial_conv.1.bias', 'final_layer.1.weight', 'final_layer.1.bias']
[2026-04-08 23:26:59]   Unexpected preview:     []
[2026-04-08 23:27:00]   Fold 5/5 | best_epoch=1 | stop=51 | val_loss=1.3860 | acc=0.2750 | bal_acc=0.2750
[2026-04-08 23:27:00]   Subject 51 summary: acc=0.6050±0.1654  bal_acc=0.6050±0.1654

[2026-04-08 23:27:00] Subject 52: 200 windows | class_counts=[50, 50, 50, 50]
[2026-04-08 23:27:00]   Fold 1 class counts: train=[32, 32, 32, 32] val=[8, 8, 8, 8] test=[10, 10, 10, 10]
[2026-04-08 23:27:00]   Fold 2 class counts: train=[32, 32, 32, 32] val=[8, 8, 8, 8] test=[10, 10, 10, 10]
[2026-04-08 23:27:00]   Fold 3 class counts: train=[32, 32, 32, 32] val=[8, 8, 8, 8] test=[10, 10, 10, 10]
[2026-04-08 23:27:00]   Fold 4 class counts: train=[32, 32, 32, 32] val=[8, 8, 8, 8] test=[10, 10, 10, 10]
[2026-04-08 23:27:00]   Fold 5 class counts: train=[32, 32, 32, 32] val=[8, 8, 8, 8] test=[10, 10, 10, 10]
[2026-04-08 23:27:00]     Train class counts: [32, 32, 32, 32]
[2026-04-08 23:27:00]     Val class counts:   [8, 8, 8, 8]
[2026-04-08 23:27:00]     Test class counts:  [10, 10, 10, 10]
[2026-04-08 23:27:00] Building model with input window duration: 4.1875 s
[2026-04-08 23:27:00] Pretrained weight loading:
[2026-04-08 23:27:00]   Downloaded keys:        179
[2026-04-08 23:27:00]   Filtered (transformer): 172
[2026-04-08 23:27:00]   Filtered (pos_encoder): 0
[2026-04-08 23:27:00]   Keys to load:           7
[2026-04-08 23:27:00]   Missing keys:           4
[2026-04-08 23:27:00]   Unexpected keys:        0
[2026-04-08 23:27:00]   Missing preview:        ['spatial_conv.1.weight', 'spatial_conv.1.bias', 'final_layer.1.weight', 'final_layer.1.bias']
[2026-04-08 23:27:00]   Unexpected preview:     []
[2026-04-08 23:27:27]   Fold 1/5 | best_epoch=1089 | stop=1139 | val_loss=0.1116 | acc=1.0000 | bal_acc=1.0000
[2026-04-08 23:27:27]     Train class counts: [32, 32, 32, 32]
[2026-04-08 23:27:27]     Val class counts:   [8, 8, 8, 8]
[2026-04-08 23:27:27]     Test class counts:  [10, 10, 10, 10]
[2026-04-08 23:27:27] Building model with input window duration: 4.1875 s
[2026-04-08 23:27:27] Pretrained weight loading:
[2026-04-08 23:27:27]   Downloaded keys:        179
[2026-04-08 23:27:27]   Filtered (transformer): 172
[2026-04-08 23:27:27]   Filtered (pos_encoder): 0
[2026-04-08 23:27:27]   Keys to load:           7
[2026-04-08 23:27:27]   Missing keys:           4
[2026-04-08 23:27:27]   Unexpected keys:        0
[2026-04-08 23:27:27]   Missing preview:        ['spatial_conv.1.weight', 'spatial_conv.1.bias', 'final_layer.1.weight', 'final_layer.1.bias']
[2026-04-08 23:27:27]   Unexpected preview:     []
[2026-04-08 23:28:04]   Fold 2/5 | best_epoch=1546 | stop=1596 | val_loss=0.0511 | acc=0.9500 | bal_acc=0.9500
[2026-04-08 23:28:04]     Train class counts: [32, 32, 32, 32]
[2026-04-08 23:28:04]     Val class counts:   [8, 8, 8, 8]
[2026-04-08 23:28:04]     Test class counts:  [10, 10, 10, 10]
[2026-04-08 23:28:04] Building model with input window duration: 4.1875 s
[2026-04-08 23:28:04] Pretrained weight loading:
[2026-04-08 23:28:04]   Downloaded keys:        179
[2026-04-08 23:28:04]   Filtered (transformer): 172
[2026-04-08 23:28:04]   Filtered (pos_encoder): 0
[2026-04-08 23:28:04]   Keys to load:           7
[2026-04-08 23:28:04]   Missing keys:           4
[2026-04-08 23:28:04]   Unexpected keys:        0
[2026-04-08 23:28:04]   Missing preview:        ['spatial_conv.1.weight', 'spatial_conv.1.bias', 'final_layer.1.weight', 'final_layer.1.bias']
[2026-04-08 23:28:04]   Unexpected preview:     []
[2026-04-08 23:28:38]   Fold 3/5 | best_epoch=1413 | stop=1463 | val_loss=0.0738 | acc=0.9750 | bal_acc=0.9750
[2026-04-08 23:28:38]     Train class counts: [32, 32, 32, 32]
[2026-04-08 23:28:38]     Val class counts:   [8, 8, 8, 8]
[2026-04-08 23:28:38]     Test class counts:  [10, 10, 10, 10]
[2026-04-08 23:28:38] Building model with input window duration: 4.1875 s
[2026-04-08 23:28:38] Pretrained weight loading:
[2026-04-08 23:28:38]   Downloaded keys:        179
[2026-04-08 23:28:38]   Filtered (transformer): 172
[2026-04-08 23:28:38]   Filtered (pos_encoder): 0
[2026-04-08 23:28:38]   Keys to load:           7
[2026-04-08 23:28:38]   Missing keys:           4
[2026-04-08 23:28:38]   Unexpected keys:        0
[2026-04-08 23:28:38]   Missing preview:        ['spatial_conv.1.weight', 'spatial_conv.1.bias', 'final_layer.1.weight', 'final_layer.1.bias']
[2026-04-08 23:28:38]   Unexpected preview:     []
[2026-04-08 23:29:03]   Fold 4/5 | best_epoch=1017 | stop=1067 | val_loss=0.1759 | acc=0.9750 | bal_acc=0.9750
[2026-04-08 23:29:03]     Train class counts: [32, 32, 32, 32]
[2026-04-08 23:29:03]     Val class counts:   [8, 8, 8, 8]
[2026-04-08 23:29:03]     Test class counts:  [10, 10, 10, 10]
[2026-04-08 23:29:03] Building model with input window duration: 4.1875 s
[2026-04-08 23:29:03] Pretrained weight loading:
[2026-04-08 23:29:03]   Downloaded keys:        179
[2026-04-08 23:29:03]   Filtered (transformer): 172
[2026-04-08 23:29:03]   Filtered (pos_encoder): 0
[2026-04-08 23:29:03]   Keys to load:           7
[2026-04-08 23:29:03]   Missing keys:           4
[2026-04-08 23:29:03]   Unexpected keys:        0
[2026-04-08 23:29:03]   Missing preview:        ['spatial_conv.1.weight', 'spatial_conv.1.bias', 'final_layer.1.weight', 'final_layer.1.bias']
[2026-04-08 23:29:03]   Unexpected preview:     []
[2026-04-08 23:29:36]   Fold 5/5 | best_epoch=1375 | stop=1425 | val_loss=0.0379 | acc=0.9750 | bal_acc=0.9750
[2026-04-08 23:29:36]   Subject 52 summary: acc=0.9750±0.0158  bal_acc=0.9750±0.0158

[2026-04-08 23:29:36] Subject 53: 200 windows | class_counts=[50, 50, 50, 50]
[2026-04-08 23:29:36]   Fold 1 class counts: train=[32, 32, 32, 32] val=[8, 8, 8, 8] test=[10, 10, 10, 10]
[2026-04-08 23:29:36]   Fold 2 class counts: train=[32, 32, 32, 32] val=[8, 8, 8, 8] test=[10, 10, 10, 10]
[2026-04-08 23:29:36]   Fold 3 class counts: train=[32, 32, 32, 32] val=[8, 8, 8, 8] test=[10, 10, 10, 10]
[2026-04-08 23:29:36]   Fold 4 class counts: train=[32, 32, 32, 32] val=[8, 8, 8, 8] test=[10, 10, 10, 10]
[2026-04-08 23:29:36]   Fold 5 class counts: train=[32, 32, 32, 32] val=[8, 8, 8, 8] test=[10, 10, 10, 10]
[2026-04-08 23:29:36]     Train class counts: [32, 32, 32, 32]
[2026-04-08 23:29:36]     Val class counts:   [8, 8, 8, 8]
[2026-04-08 23:29:36]     Test class counts:  [10, 10, 10, 10]
[2026-04-08 23:29:36] Building model with input window duration: 4.1875 s
[2026-04-08 23:29:36] Pretrained weight loading:
[2026-04-08 23:29:36]   Downloaded keys:        179
[2026-04-08 23:29:36]   Filtered (transformer): 172
[2026-04-08 23:29:36]   Filtered (pos_encoder): 0
[2026-04-08 23:29:36]   Keys to load:           7
[2026-04-08 23:29:36]   Missing keys:           4
[2026-04-08 23:29:36]   Unexpected keys:        0
[2026-04-08 23:29:36]   Missing preview:        ['spatial_conv.1.weight', 'spatial_conv.1.bias', 'final_layer.1.weight', 'final_layer.1.bias']
[2026-04-08 23:29:36]   Unexpected preview:     []
[2026-04-08 23:30:37]   Fold 1/5 | best_epoch=2615 | stop=2665 | val_loss=0.0093 | acc=1.0000 | bal_acc=1.0000
[2026-04-08 23:30:37]     Train class counts: [32, 32, 32, 32]
[2026-04-08 23:30:37]     Val class counts:   [8, 8, 8, 8]
[2026-04-08 23:30:37]     Test class counts:  [10, 10, 10, 10]
[2026-04-08 23:30:37] Building model with input window duration: 4.1875 s
[2026-04-08 23:30:37] Pretrained weight loading:
[2026-04-08 23:30:37]   Downloaded keys:        179
[2026-04-08 23:30:37]   Filtered (transformer): 172
[2026-04-08 23:30:37]   Filtered (pos_encoder): 0
[2026-04-08 23:30:37]   Keys to load:           7
[2026-04-08 23:30:37]   Missing keys:           4
[2026-04-08 23:30:37]   Unexpected keys:        0
[2026-04-08 23:30:37]   Missing preview:        ['spatial_conv.1.weight', 'spatial_conv.1.bias', 'final_layer.1.weight', 'final_layer.1.bias']
[2026-04-08 23:30:37]   Unexpected preview:     []
[2026-04-08 23:31:51]   Fold 2/5 | best_epoch=3144 | stop=3194 | val_loss=0.0005 | acc=1.0000 | bal_acc=1.0000
[2026-04-08 23:31:51]     Train class counts: [32, 32, 32, 32]
[2026-04-08 23:31:51]     Val class counts:   [8, 8, 8, 8]
[2026-04-08 23:31:51]     Test class counts:  [10, 10, 10, 10]
[2026-04-08 23:31:51] Building model with input window duration: 4.1875 s
[2026-04-08 23:31:51] Pretrained weight loading:
[2026-04-08 23:31:51]   Downloaded keys:        179
[2026-04-08 23:31:51]   Filtered (transformer): 172
[2026-04-08 23:31:51]   Filtered (pos_encoder): 0
[2026-04-08 23:31:51]   Keys to load:           7
[2026-04-08 23:31:51]   Missing keys:           4
[2026-04-08 23:31:51]   Unexpected keys:        0
[2026-04-08 23:31:51]   Missing preview:        ['spatial_conv.1.weight', 'spatial_conv.1.bias', 'final_layer.1.weight', 'final_layer.1.bias']
[2026-04-08 23:31:51]   Unexpected preview:     []
[2026-04-08 23:33:16]   Fold 3/5 | best_epoch=3523 | stop=3573 | val_loss=0.0001 | acc=1.0000 | bal_acc=1.0000
[2026-04-08 23:33:16]     Train class counts: [32, 32, 32, 32]
[2026-04-08 23:33:16]     Val class counts:   [8, 8, 8, 8]
[2026-04-08 23:33:16]     Test class counts:  [10, 10, 10, 10]
[2026-04-08 23:33:16] Building model with input window duration: 4.1875 s
[2026-04-08 23:33:16] Pretrained weight loading:
[2026-04-08 23:33:16]   Downloaded keys:        179
[2026-04-08 23:33:16]   Filtered (transformer): 172
[2026-04-08 23:33:16]   Filtered (pos_encoder): 0
[2026-04-08 23:33:16]   Keys to load:           7
[2026-04-08 23:33:16]   Missing keys:           4
[2026-04-08 23:33:16]   Unexpected keys:        0
[2026-04-08 23:33:16]   Missing preview:        ['spatial_conv.1.weight', 'spatial_conv.1.bias', 'final_layer.1.weight', 'final_layer.1.bias']
[2026-04-08 23:33:16]   Unexpected preview:     []
[2026-04-08 23:34:45]   Fold 4/5 | best_epoch=3688 | stop=3738 | val_loss=0.0004 | acc=1.0000 | bal_acc=1.0000
[2026-04-08 23:34:45]     Train class counts: [32, 32, 32, 32]
[2026-04-08 23:34:45]     Val class counts:   [8, 8, 8, 8]
[2026-04-08 23:34:45]     Test class counts:  [10, 10, 10, 10]
[2026-04-08 23:34:45] Building model with input window duration: 4.1875 s
[2026-04-08 23:34:45] Pretrained weight loading:
[2026-04-08 23:34:45]   Downloaded keys:        179
[2026-04-08 23:34:45]   Filtered (transformer): 172
[2026-04-08 23:34:45]   Filtered (pos_encoder): 0
[2026-04-08 23:34:45]   Keys to load:           7
[2026-04-08 23:34:45]   Missing keys:           4
[2026-04-08 23:34:45]   Unexpected keys:        0
[2026-04-08 23:34:45]   Missing preview:        ['spatial_conv.1.weight', 'spatial_conv.1.bias', 'final_layer.1.weight', 'final_layer.1.bias']
[2026-04-08 23:34:45]   Unexpected preview:     []
[2026-04-08 23:36:20]   Fold 5/5 | best_epoch=3962 | stop=4012 | val_loss=0.0003 | acc=1.0000 | bal_acc=1.0000
[2026-04-08 23:36:20]   Subject 53 summary: acc=1.0000±0.0000  bal_acc=1.0000±0.0000

[2026-04-08 23:36:21] Subject 54: 200 windows | class_counts=[50, 50, 50, 50]
[2026-04-08 23:36:21]   Fold 1 class counts: train=[32, 32, 32, 32] val=[8, 8, 8, 8] test=[10, 10, 10, 10]
[2026-04-08 23:36:21]   Fold 2 class counts: train=[32, 32, 32, 32] val=[8, 8, 8, 8] test=[10, 10, 10, 10]
[2026-04-08 23:36:21]   Fold 3 class counts: train=[32, 32, 32, 32] val=[8, 8, 8, 8] test=[10, 10, 10, 10]
[2026-04-08 23:36:21]   Fold 4 class counts: train=[32, 32, 32, 32] val=[8, 8, 8, 8] test=[10, 10, 10, 10]
[2026-04-08 23:36:21]   Fold 5 class counts: train=[32, 32, 32, 32] val=[8, 8, 8, 8] test=[10, 10, 10, 10]
[2026-04-08 23:36:21]     Train class counts: [32, 32, 32, 32]
[2026-04-08 23:36:21]     Val class counts:   [8, 8, 8, 8]
[2026-04-08 23:36:21]     Test class counts:  [10, 10, 10, 10]
[2026-04-08 23:36:21] Building model with input window duration: 4.1875 s
[2026-04-08 23:36:21] Pretrained weight loading:
[2026-04-08 23:36:21]   Downloaded keys:        179
[2026-04-08 23:36:21]   Filtered (transformer): 172
[2026-04-08 23:36:21]   Filtered (pos_encoder): 0
[2026-04-08 23:36:21]   Keys to load:           7
[2026-04-08 23:36:21]   Missing keys:           4
[2026-04-08 23:36:21]   Unexpected keys:        0
[2026-04-08 23:36:21]   Missing preview:        ['spatial_conv.1.weight', 'spatial_conv.1.bias', 'final_layer.1.weight', 'final_layer.1.bias']
[2026-04-08 23:36:21]   Unexpected preview:     []
[2026-04-08 23:36:57]   Fold 1/5 | best_epoch=1530 | stop=1580 | val_loss=0.4028 | acc=0.8500 | bal_acc=0.8500
[2026-04-08 23:36:57]     Train class counts: [32, 32, 32, 32]
[2026-04-08 23:36:57]     Val class counts:   [8, 8, 8, 8]
[2026-04-08 23:36:57]     Test class counts:  [10, 10, 10, 10]
[2026-04-08 23:36:57] Building model with input window duration: 4.1875 s
[2026-04-08 23:36:57] Pretrained weight loading:
[2026-04-08 23:36:57]   Downloaded keys:        179
[2026-04-08 23:36:57]   Filtered (transformer): 172
[2026-04-08 23:36:57]   Filtered (pos_encoder): 0
[2026-04-08 23:36:57]   Keys to load:           7
[2026-04-08 23:36:57]   Missing keys:           4
[2026-04-08 23:36:57]   Unexpected keys:        0
[2026-04-08 23:36:57]   Missing preview:        ['spatial_conv.1.weight', 'spatial_conv.1.bias', 'final_layer.1.weight', 'final_layer.1.bias']
[2026-04-08 23:36:57]   Unexpected preview:     []
[2026-04-08 23:37:19]   Fold 2/5 | best_epoch=861 | stop=911 | val_loss=0.5143 | acc=0.8750 | bal_acc=0.8750
[2026-04-08 23:37:19]     Train class counts: [32, 32, 32, 32]
[2026-04-08 23:37:19]     Val class counts:   [8, 8, 8, 8]
[2026-04-08 23:37:19]     Test class counts:  [10, 10, 10, 10]
[2026-04-08 23:37:19] Building model with input window duration: 4.1875 s
[2026-04-08 23:37:19] Pretrained weight loading:
[2026-04-08 23:37:19]   Downloaded keys:        179
[2026-04-08 23:37:19]   Filtered (transformer): 172
[2026-04-08 23:37:19]   Filtered (pos_encoder): 0
[2026-04-08 23:37:19]   Keys to load:           7
[2026-04-08 23:37:19]   Missing keys:           4
[2026-04-08 23:37:19]   Unexpected keys:        0
[2026-04-08 23:37:19]   Missing preview:        ['spatial_conv.1.weight', 'spatial_conv.1.bias', 'final_layer.1.weight', 'final_layer.1.bias']
[2026-04-08 23:37:19]   Unexpected preview:     []
[2026-04-08 23:37:40]   Fold 3/5 | best_epoch=885 | stop=935 | val_loss=0.5814 | acc=0.9000 | bal_acc=0.9000
[2026-04-08 23:37:40]     Train class counts: [32, 32, 32, 32]
[2026-04-08 23:37:40]     Val class counts:   [8, 8, 8, 8]
[2026-04-08 23:37:40]     Test class counts:  [10, 10, 10, 10]
[2026-04-08 23:37:40] Building model with input window duration: 4.1875 s
[2026-04-08 23:37:40] Pretrained weight loading:
[2026-04-08 23:37:40]   Downloaded keys:        179
[2026-04-08 23:37:40]   Filtered (transformer): 172
[2026-04-08 23:37:40]   Filtered (pos_encoder): 0
[2026-04-08 23:37:40]   Keys to load:           7
[2026-04-08 23:37:40]   Missing keys:           4
[2026-04-08 23:37:40]   Unexpected keys:        0
[2026-04-08 23:37:40]   Missing preview:        ['spatial_conv.1.weight', 'spatial_conv.1.bias', 'final_layer.1.weight', 'final_layer.1.bias']
[2026-04-08 23:37:40]   Unexpected preview:     []
[2026-04-08 23:38:11]   Fold 4/5 | best_epoch=1267 | stop=1317 | val_loss=0.4109 | acc=0.8250 | bal_acc=0.8250
[2026-04-08 23:38:11]     Train class counts: [32, 32, 32, 32]
[2026-04-08 23:38:11]     Val class counts:   [8, 8, 8, 8]
[2026-04-08 23:38:11]     Test class counts:  [10, 10, 10, 10]
[2026-04-08 23:38:11] Building model with input window duration: 4.1875 s
[2026-04-08 23:38:11] Pretrained weight loading:
[2026-04-08 23:38:11]   Downloaded keys:        179
[2026-04-08 23:38:11]   Filtered (transformer): 172
[2026-04-08 23:38:11]   Filtered (pos_encoder): 0
[2026-04-08 23:38:11]   Keys to load:           7
[2026-04-08 23:38:11]   Missing keys:           4
[2026-04-08 23:38:11]   Unexpected keys:        0
[2026-04-08 23:38:11]   Missing preview:        ['spatial_conv.1.weight', 'spatial_conv.1.bias', 'final_layer.1.weight', 'final_layer.1.bias']
[2026-04-08 23:38:11]   Unexpected preview:     []
[2026-04-08 23:38:42]   Fold 5/5 | best_epoch=1302 | stop=1352 | val_loss=0.4374 | acc=0.7500 | bal_acc=0.7500
[2026-04-08 23:38:42]   Subject 54 summary: acc=0.8400±0.0515  bal_acc=0.8400±0.0515

[2026-04-08 23:38:42] Total folds completed: 35
[2026-04-08 23:38:42] ======================================================================
[2026-04-08 23:38:42] AGGREGATED RESULTS
[2026-04-08 23:38:42] ======================================================================
[2026-04-08 23:38:42]   Subject 48:  acc=0.9950±0.0100  bal_acc=0.9950±0.0100
[2026-04-08 23:38:42]   Subject 49:  acc=0.9700±0.0187  bal_acc=0.9700±0.0187
[2026-04-08 23:38:42]   Subject 50:  acc=0.9900±0.0122  bal_acc=0.9900±0.0122
[2026-04-08 23:38:42]   Subject 51:  acc=0.6050±0.1654  bal_acc=0.6050±0.1654
[2026-04-08 23:38:42]   Subject 52:  acc=0.9750±0.0158  bal_acc=0.9750±0.0158
[2026-04-08 23:38:42]   Subject 53:  acc=1.0000±0.0000  bal_acc=1.0000±0.0000
[2026-04-08 23:38:42]   Subject 54:  acc=0.8400±0.0515  bal_acc=0.8400±0.0515
[2026-04-08 23:38:42] ----------------------------------------------------------------------
[2026-04-08 23:38:42]   OVERALL:      acc=0.9107±0.1504  bal_acc=0.9107±0.1504
[2026-04-08 23:38:42] ======================================================================
[2026-04-08 23:38:43] CV results saved to:      /home/vegorov/Repos/eeg_jepa_research/artifacts/lee-2019-fine-tuning/SSVEP/20260408_2313_fd52d16c/cv_results.json
[2026-04-08 23:38:43] Subject metrics saved to: /home/vegorov/Repos/eeg_jepa_research/artifacts/lee-2019-fine-tuning/SSVEP/20260408_2313_fd52d16c/subject_metrics.json
[2026-04-08 23:38:43] Global metrics saved to:  /home/vegorov/Repos/eeg_jepa_research/artifacts/lee-2019-fine-tuning/SSVEP/20260408_2313_fd52d16c/global_metrics.json
[2026-04-08 23:38:43] Run metadata saved to:    /home/vegorov/Repos/eeg_jepa_research/artifacts/lee-2019-fine-tuning/SSVEP/20260408_2313_fd52d16c/run_metadata.json

[2026-04-08 23:38:43] All artifacts in: /home/vegorov/Repos/eeg_jepa_research/artifacts/lee-2019-fine-tuning/SSVEP/20260408_2313_fd52d16c

[2026-04-08 23:38:43] ======================================================================
[2026-04-08 23:38:43] EXPERIMENT SUMMARY
[2026-04-08 23:38:43] ======================================================================
[2026-04-08 23:38:43] Run ID:    20260408_2313_fd52d16c
[2026-04-08 23:38:43] Artifacts: /home/vegorov/Repos/eeg_jepa_research/artifacts/lee-2019-fine-tuning/SSVEP/20260408_2313_fd52d16c

[2026-04-08 23:38:43] Configuration:
[2026-04-08 23:38:43]   Subjects:          [48, 49, 50, 51, 52, 53, 54]
[2026-04-08 23:38:43]   Bandpass:          0.5-40.0 Hz
[2026-04-08 23:38:43]   Resample:          128 Hz
[2026-04-08 23:38:43]   CV folds:          5
[2026-04-08 23:38:43]   Learning rate:     0.0005
[2026-04-08 23:38:43]   Batch size:        16
[2026-04-08 23:38:43]   Max epochs:        5000

[2026-04-08 23:38:43] Results:
[2026-04-08 23:38:43]   Mean Accuracy:          0.9107 ± 0.1504
[2026-04-08 23:38:43]   Mean Balanced Accuracy: 0.9107 ± 0.1504
