[2026-04-01 10:10:11] Using device: cpu
[2026-04-01 10:10:11] Seed control enabled: True
[2026-04-01 10:10:11] Base seed: 4001
[2026-04-01 10:10:12] Seed initialized: 4001
[2026-04-01 10:10:12] ======================================================================
[2026-04-01 10:10:12] CONFIGURATION
[2026-04-01 10:10:12] ======================================================================
[2026-04-01 10:10:12]   artifact_dir: /home/vegorov/Repos/eeg_jepa_research/artifacts/lee-2019-fine-tuning
[2026-04-01 10:10:12]   bandpass_high: 35.0
[2026-04-01 10:10:12]   bandpass_low: 0.3
[2026-04-01 10:10:12]   batch_size: 16
[2026-04-01 10:10:12]   convert_to_uV: True
[2026-04-01 10:10:12]   cv_folds: 5
[2026-04-01 10:10:12]   device: auto
[2026-04-01 10:10:12]   early_stopping_patience: 50
[2026-04-01 10:10:12]   learning_rate: 0.001
[2026-04-01 10:10:12]   n_epochs: 5000
[2026-04-01 10:10:12]   normalization_method: None
[2026-04-01 10:10:12]   normalize: False
[2026-04-01 10:10:12]   paradigm: SSVEP
[2026-04-01 10:10:12]   pretrained_url: https://huggingface.co/braindecode/SignalJEPA/resolve/main/signal-jepa_16s-60_adeuwv4s.pth
[2026-04-01 10:10:12]   seed: 4001
[2026-04-01 10:10:12]   set_seed: True
[2026-04-01 10:10:12]   sfreq: 128
[2026-04-01 10:10:12]   subjects_to_use: [51]
[2026-04-01 10:10:12]   val_split: 0.2
[2026-04-01 10:10:12] ======================================================================
[2026-04-01 10:10:12] Config saved to: /home/vegorov/Repos/eeg_jepa_research/artifacts/lee-2019-fine-tuning/SSVEP/20260401_1010_ba77da0e/config.json
[2026-04-01 10:10:12] Epoch window configuration:
[2026-04-01 10:10:12]   Target sfreq:                128 Hz
[2026-04-01 10:10:12]   Target duration:             4.190000 s
[2026-04-01 10:10:12]   Window samples (rounded):    536
[2026-04-01 10:10:12]   Base trial samples (4.0 s):  512
[2026-04-01 10:10:12]   Trial stop offset samples:   24
[2026-04-01 10:10:12]   Effective window duration:   4.187500 s
[2026-04-01 10:10:12] Using specified subjects from config: [51]
[2026-04-01 10:10:12] Selected subjects: [51]
[2026-04-01 10:10:12] Expected evaluation folds: 5

[2026-04-01 10:10:12] Building MOABBDataset for Lee2019_SSVEP...
[2026-04-01 10:10:20] MOABBDataset recordings loaded: 1
[2026-04-01 10:10:20] Discovered annotation descriptions (first recording): [np.str_('12.0'), np.str_('5.45'), np.str_('6.67'), np.str_('8.57')]
[2026-04-01 10:10:20] Dataset event_id mapping: {'12.0': 1, '8.57': 2, '6.67': 3, '5.45': 4}
[2026-04-01 10:10:20] Label map (event_code -> class_index): {1: 0, 2: 1, 3: 2, 4: 3}
[2026-04-01 10:10:20] Applying Braindecode preprocessors to MOABBDataset...
[2026-04-01 10:10:23] Preprocessing complete.

[2026-04-01 10:10:23] Post-preprocessing validation
[2026-04-01 10:10:23]   Recordings in DATASET: 1
[2026-04-01 10:10:23]   Unique subject IDs:    ['51']
[2026-04-01 10:10:23]   sfreq (first rec):     128.0 Hz
[2026-04-01 10:10:23]   EEG channel count:     62
[2026-04-01 10:10:23]   First 10 channels:     ['Fp1', 'Fp2', 'F7', 'F3', 'Fz', 'F4', 'F8', 'FC5', 'FC1', 'FC2']
[2026-04-01 10:10:23] Channel consistency summary:
[2026-04-01 10:10:23]   Checked runs: 1
[2026-04-01 10:10:23]   Unique channel counts: [62]
[2026-04-01 10:10:23]   Channel order consistent: True
[2026-04-01 10:10:23] Validated EEG channels: 62
[2026-04-01 10:10:23] First 10 EEG channels: ['Fp1', 'Fp2', 'F7', 'F3', 'Fz', 'F4', 'F8', 'FC5', 'FC1', 'FC2']
[2026-04-01 10:10:23] raw mean_abs=1.127906e+01
[2026-04-01 10:10:24] raw std=4.156118e+01
[2026-04-01 10:10:24] raw first5 channel std= [66.4106304  74.9634967  23.47695779 18.26400031 13.70028817]
[2026-04-01 10:10:24] Requested window samples: 536
[2026-04-01 10:10:24] Base trial samples:       512
[2026-04-01 10:10:24] Stop offset samples:      24
[2026-04-01 10:10:24] Global class counts: [25, 25, 25, 25]
[2026-04-01 10:10:24] Chance level (4-class): 0.25
[2026-04-01 10:10:24] One window shape: (62, 536)
[2026-04-01 10:10:24] One window label: 1
[2026-04-01 10:10:24] Window sample length expected=536, got=536
[2026-04-01 10:10:24] Subjects in window split: [51]
[2026-04-01 10:10:24] Summarizing per-subject windows...
[2026-04-01 10:10:24]   Subject 51: n_windows=100, window_shape=(62, 536), class_counts=[25, 25, 25, 25]
[2026-04-01 10:10:24]    subject_id  n_windows  n_channels  n_times      class_counts
0          51        100          62      536  [25, 25, 25, 25]
[2026-04-01 10:10:24] Window validation summary:
[2026-04-01 10:10:24]   Subject 51: n_windows=100 class_counts=[25, 25, 25, 25]

[2026-04-01 10:10:24] Validated sampling rate target: 128 Hz
[2026-04-01 10:10:24] Validated window sample count:   536
[2026-04-01 10:10:24] Validated window duration:       4.1875 s
[2026-04-01 10:10:24] Validated channel count:         62
[2026-04-01 10:10:24] Total windows retained:          100
[2026-04-01 10:10:24] Preprocessing sanity checks:
[2026-04-01 10:10:24]   One sample label: 1
[2026-04-01 10:10:24]   One sample shape: (62, 536)
[2026-04-01 10:10:24]   Mean(abs(signal)): 4.600566e+00
[2026-04-01 10:10:24]   Mean(signal):      1.469310e-08
[2026-04-01 10:10:24]   Std(signal):       6.529872e+00
[2026-04-01 10:10:24] Building model with input window duration: 4.1875 s
[2026-04-01 10:10:24] SignalJEPA_PreLocal instantiated successfully.
[2026-04-01 10:10:24]   Total parameters:     18,192
[2026-04-01 10:10:24]   Trainable parameters: 18,192
[2026-04-01 10:10:24] ======================================================================================================================================================
Layer (type (var_name):depth-idx)                  Input Shape               Output Shape              Param #                   Kernel Shape
======================================================================================================================================================
SignalJEPA_PreLocal (SignalJEPA_PreLocal)          [1, 62, 536]              [1, 4]                    --                        --
├─Sequential (spatial_conv): 1-1                   [1, 62, 536]              [1, 4, 536]               --                        --
│    └─Rearrange (0): 2-1                          [1, 62, 536]              [1, 1, 62, 536]           --                        --
│    └─Conv2d (1): 2-2                             [1, 1, 62, 536]           [1, 4, 1, 536]            252                       [62, 1]
│    └─Rearrange (2): 2-3                          [1, 4, 1, 536]            [1, 4, 536]               --                        --
├─_ConvFeatureEncoder (feature_encoder): 1-2       [1, 4, 536]               [1, 16, 64]               --                        --
│    └─Rearrange (0): 2-4                          [1, 4, 536]               [4, 1, 536]               --                        --
│    └─Sequential (1): 2-5                         [4, 1, 536]               [4, 8, 64]                --                        --
│    │    └─Conv1d (0): 3-1                        [4, 1, 536]               [4, 8, 64]                256                       [32]
│    │    └─Dropout (1): 3-2                       [4, 8, 64]                [4, 8, 64]                --                        --
│    │    └─GroupNorm (2): 3-3                     [4, 8, 64]                [4, 8, 64]                16                        --
│    │    └─GELU (3): 3-4                          [4, 8, 64]                [4, 8, 64]                --                        --
│    └─Sequential (2): 2-6                         [4, 8, 64]                [4, 16, 32]               --                        --
│    │    └─Conv1d (0): 3-5                        [4, 8, 64]                [4, 16, 32]               256                       [2]
│    │    └─Dropout (1): 3-6                       [4, 16, 32]               [4, 16, 32]               --                        --
│    │    └─GELU (2): 3-7                          [4, 16, 32]               [4, 16, 32]               --                        --
│    └─Sequential (3): 2-7                         [4, 16, 32]               [4, 32, 16]               --                        --
│    │    └─Conv1d (0): 3-8                        [4, 16, 32]               [4, 32, 16]               1,024                     [2]
│    │    └─Dropout (1): 3-9                       [4, 32, 16]               [4, 32, 16]               --                        --
│    │    └─GELU (2): 3-10                         [4, 32, 16]               [4, 32, 16]               --                        --
│    └─Sequential (4): 2-8                         [4, 32, 16]               [4, 64, 8]                --                        --
│    │    └─Conv1d (0): 3-11                       [4, 32, 16]               [4, 64, 8]                4,096                     [2]
│    │    └─Dropout (1): 3-12                      [4, 64, 8]                [4, 64, 8]                --                        --
│    │    └─GELU (2): 3-13                         [4, 64, 8]                [4, 64, 8]                --                        --
│    └─Sequential (5): 2-9                         [4, 64, 8]                [4, 64, 4]                --                        --
│    │    └─Conv1d (0): 3-14                       [4, 64, 8]                [4, 64, 4]                8,192                     [2]
│    │    └─Dropout (1): 3-15                      [4, 64, 4]                [4, 64, 4]                --                        --
│    │    └─GELU (2): 3-16                         [4, 64, 4]                [4, 64, 4]                --                        --
│    └─Rearrange (6): 2-10                         [4, 64, 4]                [1, 16, 64]               --                        --
├─Sequential (final_layer): 1-3                    [1, 16, 64]               [1, 4]                    --                        --
│    └─Flatten (0): 2-11                           [1, 16, 64]               [1, 1024]                 --                        --
│    └─Linear (1): 2-12                            [1, 1024]                 [1, 4]                    4,100                     --
======================================================================================================================================================
Total params: 18,192
Trainable params: 18,192
Non-trainable params: 0
Total mult-adds (Units.MEGABYTES): 0.57
======================================================================================================================================================
Input size (MB): 0.13
Forward/backward pass size (MB): 0.11
Params size (MB): 0.07
Estimated Total Size (MB): 0.31
======================================================================================================================================================
[2026-04-01 10:10:24] Initializing from 16s-60 pretrained checkpoint (Hugging Face):
[2026-04-01 10:10:24]   https://huggingface.co/braindecode/SignalJEPA/resolve/main/signal-jepa_16s-60_adeuwv4s.pth
[2026-04-01 10:10:24]   Downloaded 179 keys
[2026-04-01 10:10:24] ======================================================================
[2026-04-01 10:10:24] STARTING CROSS-VALIDATION
[2026-04-01 10:10:24] ======================================================================
[2026-04-01 10:10:24] Subjects:      [51]
[2026-04-01 10:10:24] CV folds:      5
[2026-04-01 10:10:24] Batch size:    16
[2026-04-01 10:10:24] Max epochs:    5000
[2026-04-01 10:10:24] Device:        cpu
[2026-04-01 10:10:24] Seed control:  True
[2026-04-01 10:10:24] Base seed:     4001
[2026-04-01 10:10:24] ======================================================================

[2026-04-01 10:10:24] Subject 51: 100 windows class_counts=[25, 25, 25, 25]
[2026-04-01 10:10:24]   Fold 1 split seed: 4002
[2026-04-01 10:10:24]   Fold 1 split class counts:
[2026-04-01 10:10:24]     train=[16, 16, 16, 16] val=[4, 4, 4, 4] test=[5, 5, 5, 5]
[2026-04-01 10:10:24]   Fold 2 split seed: 4003
[2026-04-01 10:10:24]   Fold 2 split class counts:
[2026-04-01 10:10:24]     train=[16, 16, 16, 16] val=[4, 4, 4, 4] test=[5, 5, 5, 5]
[2026-04-01 10:10:24]   Fold 3 split seed: 4004
[2026-04-01 10:10:24]   Fold 3 split class counts:
[2026-04-01 10:10:24]     train=[16, 16, 16, 16] val=[4, 4, 4, 4] test=[5, 5, 5, 5]
[2026-04-01 10:10:24]   Fold 4 split seed: 4005
[2026-04-01 10:10:24]   Fold 4 split class counts:
[2026-04-01 10:10:24]     train=[16, 16, 16, 16] val=[4, 4, 4, 4] test=[5, 5, 5, 5]
[2026-04-01 10:10:24]   Fold 5 split seed: 4006
[2026-04-01 10:10:24]   Fold 5 split class counts:
[2026-04-01 10:10:24]     train=[16, 16, 16, 16] val=[4, 4, 4, 4] test=[5, 5, 5, 5]
[2026-04-01 10:10:24]   Subject 51 Fold 1 seed: 9102
[2026-04-01 10:10:24]   Subject 51 Fold 1: n_train=64 n_val=16 n_test=20
[2026-04-01 10:10:24]     Train class counts: [16, 16, 16, 16]
[2026-04-01 10:10:24]     Val class counts:   [4, 4, 4, 4]
[2026-04-01 10:10:24]     Test class counts:  [5, 5, 5, 5]
[2026-04-01 10:10:24] Building model with input window duration: 4.1875 s
[2026-04-01 10:10:24] Pretrained weight loading:
[2026-04-01 10:10:24]   Downloaded keys:        179
[2026-04-01 10:10:24]   Filtered (transformer): 172
[2026-04-01 10:10:24]   Filtered (pos_encoder): 0
[2026-04-01 10:10:24]   Keys to load:           7
[2026-04-01 10:10:24]   Missing keys:           4
[2026-04-01 10:10:24]   Unexpected keys:        0
[2026-04-01 10:10:24]   Missing preview:        ['spatial_conv.1.weight', 'spatial_conv.1.bias', 'final_layer.1.weight', 'final_layer.1.bias']
[2026-04-01 10:10:24]   Unexpected preview:     []
[2026-04-01 10:10:24] Encoder freeze configuration:
[2026-04-01 10:10:24]   Total parameters:        18,192
[2026-04-01 10:10:24]   Trainable parameters:    4,352
[2026-04-01 10:10:24]   Training percentage:     23.9%
[2026-04-01 10:10:24]   Trainable layers: 4
[2026-04-01 10:10:24]     - final_layer.1.bias
[2026-04-01 10:10:24]     - final_layer.1.weight
[2026-04-01 10:10:24]     - spatial_conv.1.bias
[2026-04-01 10:10:24]     - spatial_conv.1.weight
[2026-04-01 10:10:24]     Train generator seeded: True
[2026-04-01 10:10:27]     Stopped epoch:            263
[2026-04-01 10:10:27]     Best epoch (valid_loss):  213
[2026-04-01 10:10:27]     Best valid_loss:          1.2744464874267578
[2026-04-01 10:10:27]     Test accuracy (primary):  0.2000
[2026-04-01 10:10:27]     Test balanced acc:        0.2000
[2026-04-01 10:10:27]     Confusion matrix:         [[1, 2, 1, 1], [1, 0, 2, 2], [2, 1, 1, 1], [2, 0, 1, 2]]
[2026-04-01 10:10:27]     Prediction histogram:     [6, 3, 5, 6]
[2026-04-01 10:10:27]     fold_acc=0.2000 fold_bal_acc=0.2000 cm=[[1, 2, 1, 1], [1, 0, 2, 2], [2, 1, 1, 1], [2, 0, 1, 2]]
[2026-04-01 10:10:27]   Subject 51 Fold 2 seed: 9103
[2026-04-01 10:10:27]   Subject 51 Fold 2: n_train=64 n_val=16 n_test=20
[2026-04-01 10:10:27]     Train class counts: [16, 16, 16, 16]
[2026-04-01 10:10:27]     Val class counts:   [4, 4, 4, 4]
[2026-04-01 10:10:27]     Test class counts:  [5, 5, 5, 5]
[2026-04-01 10:10:27] Building model with input window duration: 4.1875 s
[2026-04-01 10:10:27] Pretrained weight loading:
[2026-04-01 10:10:27]   Downloaded keys:        179
[2026-04-01 10:10:27]   Filtered (transformer): 172
[2026-04-01 10:10:27]   Filtered (pos_encoder): 0
[2026-04-01 10:10:27]   Keys to load:           7
[2026-04-01 10:10:27]   Missing keys:           4
[2026-04-01 10:10:27]   Unexpected keys:        0
[2026-04-01 10:10:27]   Missing preview:        ['spatial_conv.1.weight', 'spatial_conv.1.bias', 'final_layer.1.weight', 'final_layer.1.bias']
[2026-04-01 10:10:27]   Unexpected preview:     []
[2026-04-01 10:10:27] Encoder freeze configuration:
[2026-04-01 10:10:27]   Total parameters:        18,192
[2026-04-01 10:10:27]   Trainable parameters:    4,352
[2026-04-01 10:10:27]   Training percentage:     23.9%
[2026-04-01 10:10:27]   Trainable layers: 4
[2026-04-01 10:10:27]     - final_layer.1.bias
[2026-04-01 10:10:27]     - final_layer.1.weight
[2026-04-01 10:10:27]     - spatial_conv.1.bias
[2026-04-01 10:10:27]     - spatial_conv.1.weight
[2026-04-01 10:10:27]     Train generator seeded: True
[2026-04-01 10:10:28]     Stopped epoch:            51
[2026-04-01 10:10:28]     Best epoch (valid_loss):  1
[2026-04-01 10:10:28]     Best valid_loss:          1.387234091758728
[2026-04-01 10:10:28]     Test accuracy (primary):  0.3000
[2026-04-01 10:10:28]     Test balanced acc:        0.3000
[2026-04-01 10:10:28]     Confusion matrix:         [[0, 2, 3, 0], [0, 2, 3, 0], [0, 1, 4, 0], [0, 1, 4, 0]]
[2026-04-01 10:10:28]     Prediction histogram:     [0, 6, 14, 0]
[2026-04-01 10:10:28]     fold_acc=0.3000 fold_bal_acc=0.3000 cm=[[0, 2, 3, 0], [0, 2, 3, 0], [0, 1, 4, 0], [0, 1, 4, 0]]
[2026-04-01 10:10:28]   Subject 51 Fold 3 seed: 9104
[2026-04-01 10:10:28]   Subject 51 Fold 3: n_train=64 n_val=16 n_test=20
[2026-04-01 10:10:28]     Train class counts: [16, 16, 16, 16]
[2026-04-01 10:10:28]     Val class counts:   [4, 4, 4, 4]
[2026-04-01 10:10:28]     Test class counts:  [5, 5, 5, 5]
[2026-04-01 10:10:28] Building model with input window duration: 4.1875 s
[2026-04-01 10:10:28] Pretrained weight loading:
[2026-04-01 10:10:28]   Downloaded keys:        179
[2026-04-01 10:10:28]   Filtered (transformer): 172
[2026-04-01 10:10:28]   Filtered (pos_encoder): 0
[2026-04-01 10:10:28]   Keys to load:           7
[2026-04-01 10:10:28]   Missing keys:           4
[2026-04-01 10:10:28]   Unexpected keys:        0
[2026-04-01 10:10:28]   Missing preview:        ['spatial_conv.1.weight', 'spatial_conv.1.bias', 'final_layer.1.weight', 'final_layer.1.bias']
[2026-04-01 10:10:28]   Unexpected preview:     []
[2026-04-01 10:10:28] Encoder freeze configuration:
[2026-04-01 10:10:28]   Total parameters:        18,192
[2026-04-01 10:10:28]   Trainable parameters:    4,352
[2026-04-01 10:10:28]   Training percentage:     23.9%
[2026-04-01 10:10:28]   Trainable layers: 4
[2026-04-01 10:10:28]     - final_layer.1.bias
[2026-04-01 10:10:28]     - final_layer.1.weight
[2026-04-01 10:10:28]     - spatial_conv.1.bias
[2026-04-01 10:10:28]     - spatial_conv.1.weight
[2026-04-01 10:10:28]     Train generator seeded: True
[2026-04-01 10:10:29]     Stopped epoch:            124
[2026-04-01 10:10:29]     Best epoch (valid_loss):  74
[2026-04-01 10:10:29]     Best valid_loss:          1.2691798210144043
[2026-04-01 10:10:29]     Test accuracy (primary):  0.2500
[2026-04-01 10:10:29]     Test balanced acc:        0.2500
[2026-04-01 10:10:29]     Confusion matrix:         [[3, 0, 0, 2], [2, 1, 2, 0], [2, 2, 1, 0], [4, 1, 0, 0]]
[2026-04-01 10:10:29]     Prediction histogram:     [11, 4, 3, 2]
[2026-04-01 10:10:29]     fold_acc=0.2500 fold_bal_acc=0.2500 cm=[[3, 0, 0, 2], [2, 1, 2, 0], [2, 2, 1, 0], [4, 1, 0, 0]]
[2026-04-01 10:10:29]   Subject 51 Fold 4 seed: 9105
[2026-04-01 10:10:29]   Subject 51 Fold 4: n_train=64 n_val=16 n_test=20
[2026-04-01 10:10:29]     Train class counts: [16, 16, 16, 16]
[2026-04-01 10:10:29]     Val class counts:   [4, 4, 4, 4]
[2026-04-01 10:10:29]     Test class counts:  [5, 5, 5, 5]
[2026-04-01 10:10:29] Building model with input window duration: 4.1875 s
[2026-04-01 10:10:29] Pretrained weight loading:
[2026-04-01 10:10:29]   Downloaded keys:        179
[2026-04-01 10:10:29]   Filtered (transformer): 172
[2026-04-01 10:10:29]   Filtered (pos_encoder): 0
[2026-04-01 10:10:29]   Keys to load:           7
[2026-04-01 10:10:29]   Missing keys:           4
[2026-04-01 10:10:29]   Unexpected keys:        0
[2026-04-01 10:10:29]   Missing preview:        ['spatial_conv.1.weight', 'spatial_conv.1.bias', 'final_layer.1.weight', 'final_layer.1.bias']
[2026-04-01 10:10:29]   Unexpected preview:     []
[2026-04-01 10:10:29] Encoder freeze configuration:
[2026-04-01 10:10:29]   Total parameters:        18,192
[2026-04-01 10:10:29]   Trainable parameters:    4,352
[2026-04-01 10:10:29]   Training percentage:     23.9%
[2026-04-01 10:10:29]   Trainable layers: 4
[2026-04-01 10:10:29]     - final_layer.1.bias
[2026-04-01 10:10:29]     - final_layer.1.weight
[2026-04-01 10:10:29]     - spatial_conv.1.bias
[2026-04-01 10:10:29]     - spatial_conv.1.weight
[2026-04-01 10:10:29]     Train generator seeded: True
[2026-04-01 10:10:32]     Stopped epoch:            201
[2026-04-01 10:10:32]     Best epoch (valid_loss):  151
[2026-04-01 10:10:32]     Best valid_loss:          1.2341235876083374
[2026-04-01 10:10:32]     Test accuracy (primary):  0.3000
[2026-04-01 10:10:32]     Test balanced acc:        0.3000
[2026-04-01 10:10:32]     Confusion matrix:         [[1, 0, 1, 3], [2, 2, 1, 0], [1, 1, 2, 1], [1, 0, 3, 1]]
[2026-04-01 10:10:32]     Prediction histogram:     [5, 3, 7, 5]
[2026-04-01 10:10:32]     fold_acc=0.3000 fold_bal_acc=0.3000 cm=[[1, 0, 1, 3], [2, 2, 1, 0], [1, 1, 2, 1], [1, 0, 3, 1]]
[2026-04-01 10:10:32]   Subject 51 Fold 5 seed: 9106
[2026-04-01 10:10:32]   Subject 51 Fold 5: n_train=64 n_val=16 n_test=20
[2026-04-01 10:10:32]     Train class counts: [16, 16, 16, 16]
[2026-04-01 10:10:32]     Val class counts:   [4, 4, 4, 4]
[2026-04-01 10:10:32]     Test class counts:  [5, 5, 5, 5]
[2026-04-01 10:10:32] Building model with input window duration: 4.1875 s
[2026-04-01 10:10:32] Pretrained weight loading:
[2026-04-01 10:10:32]   Downloaded keys:        179
[2026-04-01 10:10:32]   Filtered (transformer): 172
[2026-04-01 10:10:32]   Filtered (pos_encoder): 0
[2026-04-01 10:10:32]   Keys to load:           7
[2026-04-01 10:10:32]   Missing keys:           4
[2026-04-01 10:10:32]   Unexpected keys:        0
[2026-04-01 10:10:32]   Missing preview:        ['spatial_conv.1.weight', 'spatial_conv.1.bias', 'final_layer.1.weight', 'final_layer.1.bias']
[2026-04-01 10:10:32]   Unexpected preview:     []
[2026-04-01 10:10:32] Encoder freeze configuration:
[2026-04-01 10:10:32]   Total parameters:        18,192
[2026-04-01 10:10:32]   Trainable parameters:    4,352
[2026-04-01 10:10:32]   Training percentage:     23.9%
[2026-04-01 10:10:32]   Trainable layers: 4
[2026-04-01 10:10:32]     - final_layer.1.bias
[2026-04-01 10:10:32]     - final_layer.1.weight
[2026-04-01 10:10:32]     - spatial_conv.1.bias
[2026-04-01 10:10:32]     - spatial_conv.1.weight
[2026-04-01 10:10:32]     Train generator seeded: True
[2026-04-01 10:10:32]     Stopped epoch:            51
[2026-04-01 10:10:32]     Best epoch (valid_loss):  1
[2026-04-01 10:10:32]     Best valid_loss:          1.3880606889724731
[2026-04-01 10:10:32]     Test accuracy (primary):  0.2000
[2026-04-01 10:10:32]     Test balanced acc:        0.2000
[2026-04-01 10:10:32]     Confusion matrix:         [[0, 2, 3, 0], [0, 3, 2, 0], [1, 3, 1, 0], [0, 5, 0, 0]]
[2026-04-01 10:10:32]     Prediction histogram:     [1, 13, 6, 0]
[2026-04-01 10:10:32]     fold_acc=0.2000 fold_bal_acc=0.2000 cm=[[0, 2, 3, 0], [0, 3, 2, 0], [1, 3, 1, 0], [0, 5, 0, 0]]
[2026-04-01 10:10:32]   Subject 51 mean accuracy: 0.2500

[2026-04-01 10:10:32] Total folds completed: 5
[2026-04-01 10:10:32] ======================================================================
[2026-04-01 10:10:32] AGGREGATED RESULTS
[2026-04-01 10:10:32] ======================================================================
[2026-04-01 10:10:32]   Subject 51:  acc=0.2500±0.0447  bal_acc=0.2500±0.0447
[2026-04-01 10:10:32] ----------------------------------------------------------------------
[2026-04-01 10:10:32]   OVERALL:      acc=0.2500±0.0447  bal_acc=0.2500±0.0447
[2026-04-01 10:10:32] ======================================================================
[2026-04-01 10:10:32] CV results saved to:      /home/vegorov/Repos/eeg_jepa_research/artifacts/lee-2019-fine-tuning/SSVEP/20260401_1010_ba77da0e/cv_results.json
[2026-04-01 10:10:32] Subject metrics saved to: /home/vegorov/Repos/eeg_jepa_research/artifacts/lee-2019-fine-tuning/SSVEP/20260401_1010_ba77da0e/subject_metrics.json
[2026-04-01 10:10:32] Global metrics saved to:  /home/vegorov/Repos/eeg_jepa_research/artifacts/lee-2019-fine-tuning/SSVEP/20260401_1010_ba77da0e/global_metrics.json
[2026-04-01 10:10:32] Run metadata saved to:    /home/vegorov/Repos/eeg_jepa_research/artifacts/lee-2019-fine-tuning/SSVEP/20260401_1010_ba77da0e/run_metadata.json

[2026-04-01 10:10:32] All artifacts in: /home/vegorov/Repos/eeg_jepa_research/artifacts/lee-2019-fine-tuning/SSVEP/20260401_1010_ba77da0e

[2026-04-01 10:10:32] ======================================================================
[2026-04-01 10:10:32] EXPERIMENT SUMMARY
[2026-04-01 10:10:32] ======================================================================
[2026-04-01 10:10:32] Run ID:    20260401_1010_ba77da0e
[2026-04-01 10:10:32] Artifacts: /home/vegorov/Repos/eeg_jepa_research/artifacts/lee-2019-fine-tuning/SSVEP/20260401_1010_ba77da0e

[2026-04-01 10:10:32] Configuration:
[2026-04-01 10:10:32]   Subjects:          [51]
[2026-04-01 10:10:32]   Bandpass:          0.3-35.0 Hz
[2026-04-01 10:10:32]   Resample:          128 Hz
[2026-04-01 10:10:32]   CV folds:          5
[2026-04-01 10:10:32]   Learning rate:     0.001
[2026-04-01 10:10:32]   Batch size:        16
[2026-04-01 10:10:32]   Max epochs:        5000

[2026-04-01 10:10:32] Results:
[2026-04-01 10:10:32]   Mean Accuracy:          0.2500 ± 0.0447
[2026-04-01 10:10:32]   Mean Balanced Accuracy: 0.2500 ± 0.0447
