[2026-04-01 10:13:18] Using device: cpu
[2026-04-01 10:13:18] Seed control enabled: True
[2026-04-01 10:13:18] Base seed: 4009
[2026-04-01 10:13:18] Seed initialized: 4009
[2026-04-01 10:13:18] ======================================================================
[2026-04-01 10:13:18] CONFIGURATION
[2026-04-01 10:13:18] ======================================================================
[2026-04-01 10:13:18]   artifact_dir: /home/vegorov/Repos/eeg_jepa_research/artifacts/lee-2019-fine-tuning
[2026-04-01 10:13:18]   bandpass_high: 40.0
[2026-04-01 10:13:18]   bandpass_low: 0.7
[2026-04-01 10:13:18]   batch_size: 16
[2026-04-01 10:13:18]   convert_to_uV: True
[2026-04-01 10:13:18]   cv_folds: 5
[2026-04-01 10:13:18]   device: auto
[2026-04-01 10:13:18]   early_stopping_patience: 50
[2026-04-01 10:13:18]   learning_rate: 0.001
[2026-04-01 10:13:18]   n_epochs: 5000
[2026-04-01 10:13:18]   normalization_method: None
[2026-04-01 10:13:18]   normalize: False
[2026-04-01 10:13:18]   paradigm: SSVEP
[2026-04-01 10:13:18]   pretrained_url: https://huggingface.co/braindecode/SignalJEPA/resolve/main/signal-jepa_16s-60_adeuwv4s.pth
[2026-04-01 10:13:18]   seed: 4009
[2026-04-01 10:13:18]   set_seed: True
[2026-04-01 10:13:18]   sfreq: 128
[2026-04-01 10:13:18]   subjects_to_use: [51]
[2026-04-01 10:13:18]   val_split: 0.2
[2026-04-01 10:13:18] ======================================================================
[2026-04-01 10:13:18] Config saved to: /home/vegorov/Repos/eeg_jepa_research/artifacts/lee-2019-fine-tuning/SSVEP/20260401_1013_30eb75a3/config.json
[2026-04-01 10:13:18] Epoch window configuration:
[2026-04-01 10:13:18]   Target sfreq:                128 Hz
[2026-04-01 10:13:18]   Target duration:             4.190000 s
[2026-04-01 10:13:18]   Window samples (rounded):    536
[2026-04-01 10:13:18]   Base trial samples (4.0 s):  512
[2026-04-01 10:13:18]   Trial stop offset samples:   24
[2026-04-01 10:13:18]   Effective window duration:   4.187500 s
[2026-04-01 10:13:18] Using specified subjects from config: [51]
[2026-04-01 10:13:18] Selected subjects: [51]
[2026-04-01 10:13:18] Expected evaluation folds: 5

[2026-04-01 10:13:18] Building MOABBDataset for Lee2019_SSVEP...
[2026-04-01 10:13:27] MOABBDataset recordings loaded: 1
[2026-04-01 10:13:27] Discovered annotation descriptions (first recording): [np.str_('12.0'), np.str_('5.45'), np.str_('6.67'), np.str_('8.57')]
[2026-04-01 10:13:27] Dataset event_id mapping: {'12.0': 1, '8.57': 2, '6.67': 3, '5.45': 4}
[2026-04-01 10:13:27] Label map (event_code -> class_index): {1: 0, 2: 1, 3: 2, 4: 3}
[2026-04-01 10:13:27] Applying Braindecode preprocessors to MOABBDataset...
[2026-04-01 10:13:30] Preprocessing complete.

[2026-04-01 10:13:30] Post-preprocessing validation
[2026-04-01 10:13:30]   Recordings in DATASET: 1
[2026-04-01 10:13:30]   Unique subject IDs:    ['51']
[2026-04-01 10:13:30]   sfreq (first rec):     128.0 Hz
[2026-04-01 10:13:30]   EEG channel count:     62
[2026-04-01 10:13:30]   First 10 channels:     ['Fp1', 'Fp2', 'F7', 'F3', 'Fz', 'F4', 'F8', 'FC5', 'FC1', 'FC2']
[2026-04-01 10:13:30] Channel consistency summary:
[2026-04-01 10:13:30]   Checked runs: 1
[2026-04-01 10:13:30]   Unique channel counts: [62]
[2026-04-01 10:13:30]   Channel order consistent: True
[2026-04-01 10:13:30] Validated EEG channels: 62
[2026-04-01 10:13:30] First 10 EEG channels: ['Fp1', 'Fp2', 'F7', 'F3', 'Fz', 'F4', 'F8', 'FC5', 'FC1', 'FC2']
[2026-04-01 10:13:30] raw mean_abs=7.312005e+00
[2026-04-01 10:13:30] raw std=3.091239e+01
[2026-04-01 10:13:30] raw first5 channel std= [35.63474679 43.74779037 13.60300509 11.52677693  9.92440466]
[2026-04-01 10:13:30] Requested window samples: 536
[2026-04-01 10:13:30] Base trial samples:       512
[2026-04-01 10:13:30] Stop offset samples:      24
[2026-04-01 10:13:30] Global class counts: [25, 25, 25, 25]
[2026-04-01 10:13:30] Chance level (4-class): 0.25
[2026-04-01 10:13:30] One window shape: (62, 536)
[2026-04-01 10:13:30] One window label: 1
[2026-04-01 10:13:30] Window sample length expected=536, got=536
[2026-04-01 10:13:30] Subjects in window split: [51]
[2026-04-01 10:13:30] Summarizing per-subject windows...
[2026-04-01 10:13:30]   Subject 51: n_windows=100, window_shape=(62, 536), class_counts=[25, 25, 25, 25]
[2026-04-01 10:13:30]    subject_id  n_windows  n_channels  n_times      class_counts
0          51        100          62      536  [25, 25, 25, 25]
[2026-04-01 10:13:30] Window validation summary:
[2026-04-01 10:13:30]   Subject 51: n_windows=100 class_counts=[25, 25, 25, 25]

[2026-04-01 10:13:30] Validated sampling rate target: 128 Hz
[2026-04-01 10:13:30] Validated window sample count:   536
[2026-04-01 10:13:30] Validated window duration:       4.1875 s
[2026-04-01 10:13:30] Validated channel count:         62
[2026-04-01 10:13:30] Total windows retained:          100
[2026-04-01 10:13:30] Preprocessing sanity checks:
[2026-04-01 10:13:30]   One sample label: 1
[2026-04-01 10:13:30]   One sample shape: (62, 536)
[2026-04-01 10:13:30]   Mean(abs(signal)): 3.858104e+00
[2026-04-01 10:13:30]   Mean(signal):      -5.509914e-09
[2026-04-01 10:13:30]   Std(signal):       5.540324e+00
[2026-04-01 10:13:30] Building model with input window duration: 4.1875 s
[2026-04-01 10:13:30] SignalJEPA_PreLocal instantiated successfully.
[2026-04-01 10:13:30]   Total parameters:     18,192
[2026-04-01 10:13:30]   Trainable parameters: 18,192
[2026-04-01 10:13:30] ======================================================================================================================================================
Layer (type (var_name):depth-idx)                  Input Shape               Output Shape              Param #                   Kernel Shape
======================================================================================================================================================
SignalJEPA_PreLocal (SignalJEPA_PreLocal)          [1, 62, 536]              [1, 4]                    --                        --
├─Sequential (spatial_conv): 1-1                   [1, 62, 536]              [1, 4, 536]               --                        --
│    └─Rearrange (0): 2-1                          [1, 62, 536]              [1, 1, 62, 536]           --                        --
│    └─Conv2d (1): 2-2                             [1, 1, 62, 536]           [1, 4, 1, 536]            252                       [62, 1]
│    └─Rearrange (2): 2-3                          [1, 4, 1, 536]            [1, 4, 536]               --                        --
├─_ConvFeatureEncoder (feature_encoder): 1-2       [1, 4, 536]               [1, 16, 64]               --                        --
│    └─Rearrange (0): 2-4                          [1, 4, 536]               [4, 1, 536]               --                        --
│    └─Sequential (1): 2-5                         [4, 1, 536]               [4, 8, 64]                --                        --
│    │    └─Conv1d (0): 3-1                        [4, 1, 536]               [4, 8, 64]                256                       [32]
│    │    └─Dropout (1): 3-2                       [4, 8, 64]                [4, 8, 64]                --                        --
│    │    └─GroupNorm (2): 3-3                     [4, 8, 64]                [4, 8, 64]                16                        --
│    │    └─GELU (3): 3-4                          [4, 8, 64]                [4, 8, 64]                --                        --
│    └─Sequential (2): 2-6                         [4, 8, 64]                [4, 16, 32]               --                        --
│    │    └─Conv1d (0): 3-5                        [4, 8, 64]                [4, 16, 32]               256                       [2]
│    │    └─Dropout (1): 3-6                       [4, 16, 32]               [4, 16, 32]               --                        --
│    │    └─GELU (2): 3-7                          [4, 16, 32]               [4, 16, 32]               --                        --
│    └─Sequential (3): 2-7                         [4, 16, 32]               [4, 32, 16]               --                        --
│    │    └─Conv1d (0): 3-8                        [4, 16, 32]               [4, 32, 16]               1,024                     [2]
│    │    └─Dropout (1): 3-9                       [4, 32, 16]               [4, 32, 16]               --                        --
│    │    └─GELU (2): 3-10                         [4, 32, 16]               [4, 32, 16]               --                        --
│    └─Sequential (4): 2-8                         [4, 32, 16]               [4, 64, 8]                --                        --
│    │    └─Conv1d (0): 3-11                       [4, 32, 16]               [4, 64, 8]                4,096                     [2]
│    │    └─Dropout (1): 3-12                      [4, 64, 8]                [4, 64, 8]                --                        --
│    │    └─GELU (2): 3-13                         [4, 64, 8]                [4, 64, 8]                --                        --
│    └─Sequential (5): 2-9                         [4, 64, 8]                [4, 64, 4]                --                        --
│    │    └─Conv1d (0): 3-14                       [4, 64, 8]                [4, 64, 4]                8,192                     [2]
│    │    └─Dropout (1): 3-15                      [4, 64, 4]                [4, 64, 4]                --                        --
│    │    └─GELU (2): 3-16                         [4, 64, 4]                [4, 64, 4]                --                        --
│    └─Rearrange (6): 2-10                         [4, 64, 4]                [1, 16, 64]               --                        --
├─Sequential (final_layer): 1-3                    [1, 16, 64]               [1, 4]                    --                        --
│    └─Flatten (0): 2-11                           [1, 16, 64]               [1, 1024]                 --                        --
│    └─Linear (1): 2-12                            [1, 1024]                 [1, 4]                    4,100                     --
======================================================================================================================================================
Total params: 18,192
Trainable params: 18,192
Non-trainable params: 0
Total mult-adds (Units.MEGABYTES): 0.57
======================================================================================================================================================
Input size (MB): 0.13
Forward/backward pass size (MB): 0.11
Params size (MB): 0.07
Estimated Total Size (MB): 0.31
======================================================================================================================================================
[2026-04-01 10:13:30] Initializing from 16s-60 pretrained checkpoint (Hugging Face):
[2026-04-01 10:13:30]   https://huggingface.co/braindecode/SignalJEPA/resolve/main/signal-jepa_16s-60_adeuwv4s.pth
[2026-04-01 10:13:30]   Downloaded 179 keys
[2026-04-01 10:13:30] ======================================================================
[2026-04-01 10:13:30] STARTING CROSS-VALIDATION
[2026-04-01 10:13:30] ======================================================================
[2026-04-01 10:13:30] Subjects:      [51]
[2026-04-01 10:13:30] CV folds:      5
[2026-04-01 10:13:30] Batch size:    16
[2026-04-01 10:13:30] Max epochs:    5000
[2026-04-01 10:13:30] Device:        cpu
[2026-04-01 10:13:30] Seed control:  True
[2026-04-01 10:13:30] Base seed:     4009
[2026-04-01 10:13:30] ======================================================================

[2026-04-01 10:13:30] Subject 51: 100 windows class_counts=[25, 25, 25, 25]
[2026-04-01 10:13:30]   Fold 1 split seed: 4010
[2026-04-01 10:13:30]   Fold 1 split class counts:
[2026-04-01 10:13:30]     train=[16, 16, 16, 16] val=[4, 4, 4, 4] test=[5, 5, 5, 5]
[2026-04-01 10:13:30]   Fold 2 split seed: 4011
[2026-04-01 10:13:30]   Fold 2 split class counts:
[2026-04-01 10:13:30]     train=[16, 16, 16, 16] val=[4, 4, 4, 4] test=[5, 5, 5, 5]
[2026-04-01 10:13:30]   Fold 3 split seed: 4012
[2026-04-01 10:13:30]   Fold 3 split class counts:
[2026-04-01 10:13:30]     train=[16, 16, 16, 16] val=[4, 4, 4, 4] test=[5, 5, 5, 5]
[2026-04-01 10:13:30]   Fold 4 split seed: 4013
[2026-04-01 10:13:30]   Fold 4 split class counts:
[2026-04-01 10:13:30]     train=[16, 16, 16, 16] val=[4, 4, 4, 4] test=[5, 5, 5, 5]
[2026-04-01 10:13:30]   Fold 5 split seed: 4014
[2026-04-01 10:13:30]   Fold 5 split class counts:
[2026-04-01 10:13:30]     train=[16, 16, 16, 16] val=[4, 4, 4, 4] test=[5, 5, 5, 5]
[2026-04-01 10:13:30]   Subject 51 Fold 1 seed: 9110
[2026-04-01 10:13:30]   Subject 51 Fold 1: n_train=64 n_val=16 n_test=20
[2026-04-01 10:13:30]     Train class counts: [16, 16, 16, 16]
[2026-04-01 10:13:30]     Val class counts:   [4, 4, 4, 4]
[2026-04-01 10:13:30]     Test class counts:  [5, 5, 5, 5]
[2026-04-01 10:13:30] Building model with input window duration: 4.1875 s
[2026-04-01 10:13:30] Pretrained weight loading:
[2026-04-01 10:13:30]   Downloaded keys:        179
[2026-04-01 10:13:30]   Filtered (transformer): 172
[2026-04-01 10:13:30]   Filtered (pos_encoder): 0
[2026-04-01 10:13:30]   Keys to load:           7
[2026-04-01 10:13:30]   Missing keys:           4
[2026-04-01 10:13:30]   Unexpected keys:        0
[2026-04-01 10:13:30]   Missing preview:        ['spatial_conv.1.weight', 'spatial_conv.1.bias', 'final_layer.1.weight', 'final_layer.1.bias']
[2026-04-01 10:13:30]   Unexpected preview:     []
[2026-04-01 10:13:30] Encoder freeze configuration:
[2026-04-01 10:13:30]   Total parameters:        18,192
[2026-04-01 10:13:30]   Trainable parameters:    4,352
[2026-04-01 10:13:30]   Training percentage:     23.9%
[2026-04-01 10:13:30]   Trainable layers: 4
[2026-04-01 10:13:30]     - final_layer.1.bias
[2026-04-01 10:13:30]     - final_layer.1.weight
[2026-04-01 10:13:30]     - spatial_conv.1.bias
[2026-04-01 10:13:30]     - spatial_conv.1.weight
[2026-04-01 10:13:30]     Train generator seeded: True
[2026-04-01 10:13:34]     Stopped epoch:            288
[2026-04-01 10:13:34]     Best epoch (valid_loss):  238
[2026-04-01 10:13:34]     Best valid_loss:          1.2594956159591675
[2026-04-01 10:13:34]     Test accuracy (primary):  0.5000
[2026-04-01 10:13:34]     Test balanced acc:        0.5000
[2026-04-01 10:13:34]     Confusion matrix:         [[3, 1, 1, 0], [2, 2, 0, 1], [1, 1, 3, 0], [1, 2, 0, 2]]
[2026-04-01 10:13:34]     Prediction histogram:     [7, 6, 4, 3]
[2026-04-01 10:13:34]     fold_acc=0.5000 fold_bal_acc=0.5000 cm=[[3, 1, 1, 0], [2, 2, 0, 1], [1, 1, 3, 0], [1, 2, 0, 2]]
[2026-04-01 10:13:34]   Subject 51 Fold 2 seed: 9111
[2026-04-01 10:13:34]   Subject 51 Fold 2: n_train=64 n_val=16 n_test=20
[2026-04-01 10:13:34]     Train class counts: [16, 16, 16, 16]
[2026-04-01 10:13:34]     Val class counts:   [4, 4, 4, 4]
[2026-04-01 10:13:34]     Test class counts:  [5, 5, 5, 5]
[2026-04-01 10:13:34] Building model with input window duration: 4.1875 s
[2026-04-01 10:13:34] Pretrained weight loading:
[2026-04-01 10:13:34]   Downloaded keys:        179
[2026-04-01 10:13:34]   Filtered (transformer): 172
[2026-04-01 10:13:34]   Filtered (pos_encoder): 0
[2026-04-01 10:13:34]   Keys to load:           7
[2026-04-01 10:13:34]   Missing keys:           4
[2026-04-01 10:13:34]   Unexpected keys:        0
[2026-04-01 10:13:34]   Missing preview:        ['spatial_conv.1.weight', 'spatial_conv.1.bias', 'final_layer.1.weight', 'final_layer.1.bias']
[2026-04-01 10:13:34]   Unexpected preview:     []
[2026-04-01 10:13:34] Encoder freeze configuration:
[2026-04-01 10:13:34]   Total parameters:        18,192
[2026-04-01 10:13:34]   Trainable parameters:    4,352
[2026-04-01 10:13:34]   Training percentage:     23.9%
[2026-04-01 10:13:34]   Trainable layers: 4
[2026-04-01 10:13:34]     - final_layer.1.bias
[2026-04-01 10:13:34]     - final_layer.1.weight
[2026-04-01 10:13:34]     - spatial_conv.1.bias
[2026-04-01 10:13:34]     - spatial_conv.1.weight
[2026-04-01 10:13:34]     Train generator seeded: True
[2026-04-01 10:13:34]     Stopped epoch:            51
[2026-04-01 10:13:34]     Best epoch (valid_loss):  1
[2026-04-01 10:13:34]     Best valid_loss:          1.3842401504516602
[2026-04-01 10:13:34]     Test accuracy (primary):  0.2000
[2026-04-01 10:13:34]     Test balanced acc:        0.2000
[2026-04-01 10:13:34]     Confusion matrix:         [[0, 5, 0, 0], [1, 4, 0, 0], [1, 4, 0, 0], [1, 3, 1, 0]]
[2026-04-01 10:13:34]     Prediction histogram:     [3, 16, 1, 0]
[2026-04-01 10:13:34]     fold_acc=0.2000 fold_bal_acc=0.2000 cm=[[0, 5, 0, 0], [1, 4, 0, 0], [1, 4, 0, 0], [1, 3, 1, 0]]
[2026-04-01 10:13:34]   Subject 51 Fold 3 seed: 9112
[2026-04-01 10:13:34]   Subject 51 Fold 3: n_train=64 n_val=16 n_test=20
[2026-04-01 10:13:34]     Train class counts: [16, 16, 16, 16]
[2026-04-01 10:13:34]     Val class counts:   [4, 4, 4, 4]
[2026-04-01 10:13:34]     Test class counts:  [5, 5, 5, 5]
[2026-04-01 10:13:34] Building model with input window duration: 4.1875 s
[2026-04-01 10:13:34] Pretrained weight loading:
[2026-04-01 10:13:34]   Downloaded keys:        179
[2026-04-01 10:13:34]   Filtered (transformer): 172
[2026-04-01 10:13:34]   Filtered (pos_encoder): 0
[2026-04-01 10:13:34]   Keys to load:           7
[2026-04-01 10:13:34]   Missing keys:           4
[2026-04-01 10:13:34]   Unexpected keys:        0
[2026-04-01 10:13:34]   Missing preview:        ['spatial_conv.1.weight', 'spatial_conv.1.bias', 'final_layer.1.weight', 'final_layer.1.bias']
[2026-04-01 10:13:34]   Unexpected preview:     []
[2026-04-01 10:13:34] Encoder freeze configuration:
[2026-04-01 10:13:34]   Total parameters:        18,192
[2026-04-01 10:13:34]   Trainable parameters:    4,352
[2026-04-01 10:13:34]   Training percentage:     23.9%
[2026-04-01 10:13:34]   Trainable layers: 4
[2026-04-01 10:13:34]     - final_layer.1.bias
[2026-04-01 10:13:34]     - final_layer.1.weight
[2026-04-01 10:13:34]     - spatial_conv.1.bias
[2026-04-01 10:13:34]     - spatial_conv.1.weight
[2026-04-01 10:13:34]     Train generator seeded: True
[2026-04-01 10:13:36]     Stopped epoch:            101
[2026-04-01 10:13:36]     Best epoch (valid_loss):  51
[2026-04-01 10:13:36]     Best valid_loss:          1.38531494140625
[2026-04-01 10:13:36]     Test accuracy (primary):  0.3000
[2026-04-01 10:13:36]     Test balanced acc:        0.3000
[2026-04-01 10:13:36]     Confusion matrix:         [[2, 0, 1, 2], [1, 1, 2, 1], [3, 1, 1, 0], [0, 2, 1, 2]]
[2026-04-01 10:13:36]     Prediction histogram:     [6, 4, 5, 5]
[2026-04-01 10:13:36]     fold_acc=0.3000 fold_bal_acc=0.3000 cm=[[2, 0, 1, 2], [1, 1, 2, 1], [3, 1, 1, 0], [0, 2, 1, 2]]
[2026-04-01 10:13:36]   Subject 51 Fold 4 seed: 9113
[2026-04-01 10:13:36]   Subject 51 Fold 4: n_train=64 n_val=16 n_test=20
[2026-04-01 10:13:36]     Train class counts: [16, 16, 16, 16]
[2026-04-01 10:13:36]     Val class counts:   [4, 4, 4, 4]
[2026-04-01 10:13:36]     Test class counts:  [5, 5, 5, 5]
[2026-04-01 10:13:36] Building model with input window duration: 4.1875 s
[2026-04-01 10:13:36] Pretrained weight loading:
[2026-04-01 10:13:36]   Downloaded keys:        179
[2026-04-01 10:13:36]   Filtered (transformer): 172
[2026-04-01 10:13:36]   Filtered (pos_encoder): 0
[2026-04-01 10:13:36]   Keys to load:           7
[2026-04-01 10:13:36]   Missing keys:           4
[2026-04-01 10:13:36]   Unexpected keys:        0
[2026-04-01 10:13:36]   Missing preview:        ['spatial_conv.1.weight', 'spatial_conv.1.bias', 'final_layer.1.weight', 'final_layer.1.bias']
[2026-04-01 10:13:36]   Unexpected preview:     []
[2026-04-01 10:13:36] Encoder freeze configuration:
[2026-04-01 10:13:36]   Total parameters:        18,192
[2026-04-01 10:13:36]   Trainable parameters:    4,352
[2026-04-01 10:13:36]   Training percentage:     23.9%
[2026-04-01 10:13:36]   Trainable layers: 4
[2026-04-01 10:13:36]     - final_layer.1.bias
[2026-04-01 10:13:36]     - final_layer.1.weight
[2026-04-01 10:13:36]     - spatial_conv.1.bias
[2026-04-01 10:13:36]     - spatial_conv.1.weight
[2026-04-01 10:13:36]     Train generator seeded: True
[2026-04-01 10:13:42]     Stopped epoch:            552
[2026-04-01 10:13:42]     Best epoch (valid_loss):  502
[2026-04-01 10:13:42]     Best valid_loss:          1.1746091842651367
[2026-04-01 10:13:42]     Test accuracy (primary):  0.1500
[2026-04-01 10:13:42]     Test balanced acc:        0.1500
[2026-04-01 10:13:42]     Confusion matrix:         [[0, 1, 2, 2], [0, 1, 1, 3], [1, 2, 1, 1], [3, 0, 1, 1]]
[2026-04-01 10:13:42]     Prediction histogram:     [4, 4, 5, 7]
[2026-04-01 10:13:42]     fold_acc=0.1500 fold_bal_acc=0.1500 cm=[[0, 1, 2, 2], [0, 1, 1, 3], [1, 2, 1, 1], [3, 0, 1, 1]]
[2026-04-01 10:13:42]   Subject 51 Fold 5 seed: 9114
[2026-04-01 10:13:42]   Subject 51 Fold 5: n_train=64 n_val=16 n_test=20
[2026-04-01 10:13:42]     Train class counts: [16, 16, 16, 16]
[2026-04-01 10:13:42]     Val class counts:   [4, 4, 4, 4]
[2026-04-01 10:13:42]     Test class counts:  [5, 5, 5, 5]
[2026-04-01 10:13:42] Building model with input window duration: 4.1875 s
[2026-04-01 10:13:42] Pretrained weight loading:
[2026-04-01 10:13:42]   Downloaded keys:        179
[2026-04-01 10:13:42]   Filtered (transformer): 172
[2026-04-01 10:13:42]   Filtered (pos_encoder): 0
[2026-04-01 10:13:42]   Keys to load:           7
[2026-04-01 10:13:42]   Missing keys:           4
[2026-04-01 10:13:42]   Unexpected keys:        0
[2026-04-01 10:13:42]   Missing preview:        ['spatial_conv.1.weight', 'spatial_conv.1.bias', 'final_layer.1.weight', 'final_layer.1.bias']
[2026-04-01 10:13:42]   Unexpected preview:     []
[2026-04-01 10:13:42] Encoder freeze configuration:
[2026-04-01 10:13:42]   Total parameters:        18,192
[2026-04-01 10:13:42]   Trainable parameters:    4,352
[2026-04-01 10:13:42]   Training percentage:     23.9%
[2026-04-01 10:13:42]   Trainable layers: 4
[2026-04-01 10:13:42]     - final_layer.1.bias
[2026-04-01 10:13:42]     - final_layer.1.weight
[2026-04-01 10:13:42]     - spatial_conv.1.bias
[2026-04-01 10:13:42]     - spatial_conv.1.weight
[2026-04-01 10:13:42]     Train generator seeded: True
[2026-04-01 10:13:43]     Stopped epoch:            51
[2026-04-01 10:13:43]     Best epoch (valid_loss):  1
[2026-04-01 10:13:43]     Best valid_loss:          1.3898305892944336
[2026-04-01 10:13:43]     Test accuracy (primary):  0.2500
[2026-04-01 10:13:43]     Test balanced acc:        0.2500
[2026-04-01 10:13:43]     Confusion matrix:         [[1, 0, 0, 4], [0, 0, 0, 5], [0, 0, 0, 5], [1, 0, 0, 4]]
[2026-04-01 10:13:43]     Prediction histogram:     [2, 0, 0, 18]
[2026-04-01 10:13:43]     fold_acc=0.2500 fold_bal_acc=0.2500 cm=[[1, 0, 0, 4], [0, 0, 0, 5], [0, 0, 0, 5], [1, 0, 0, 4]]
[2026-04-01 10:13:43]   Subject 51 mean accuracy: 0.2800

[2026-04-01 10:13:43] Total folds completed: 5
[2026-04-01 10:13:43] ======================================================================
[2026-04-01 10:13:43] AGGREGATED RESULTS
[2026-04-01 10:13:43] ======================================================================
[2026-04-01 10:13:43]   Subject 51:  acc=0.2800±0.1208  bal_acc=0.2800±0.1208
[2026-04-01 10:13:43] ----------------------------------------------------------------------
[2026-04-01 10:13:43]   OVERALL:      acc=0.2800±0.1208  bal_acc=0.2800±0.1208
[2026-04-01 10:13:43] ======================================================================
[2026-04-01 10:13:43] CV results saved to:      /home/vegorov/Repos/eeg_jepa_research/artifacts/lee-2019-fine-tuning/SSVEP/20260401_1013_30eb75a3/cv_results.json
[2026-04-01 10:13:43] Subject metrics saved to: /home/vegorov/Repos/eeg_jepa_research/artifacts/lee-2019-fine-tuning/SSVEP/20260401_1013_30eb75a3/subject_metrics.json
[2026-04-01 10:13:43] Global metrics saved to:  /home/vegorov/Repos/eeg_jepa_research/artifacts/lee-2019-fine-tuning/SSVEP/20260401_1013_30eb75a3/global_metrics.json
[2026-04-01 10:13:43] Run metadata saved to:    /home/vegorov/Repos/eeg_jepa_research/artifacts/lee-2019-fine-tuning/SSVEP/20260401_1013_30eb75a3/run_metadata.json

[2026-04-01 10:13:43] All artifacts in: /home/vegorov/Repos/eeg_jepa_research/artifacts/lee-2019-fine-tuning/SSVEP/20260401_1013_30eb75a3

[2026-04-01 10:13:43] ======================================================================
[2026-04-01 10:13:43] EXPERIMENT SUMMARY
[2026-04-01 10:13:43] ======================================================================
[2026-04-01 10:13:43] Run ID:    20260401_1013_30eb75a3
[2026-04-01 10:13:43] Artifacts: /home/vegorov/Repos/eeg_jepa_research/artifacts/lee-2019-fine-tuning/SSVEP/20260401_1013_30eb75a3

[2026-04-01 10:13:43] Configuration:
[2026-04-01 10:13:43]   Subjects:          [51]
[2026-04-01 10:13:43]   Bandpass:          0.7-40.0 Hz
[2026-04-01 10:13:43]   Resample:          128 Hz
[2026-04-01 10:13:43]   CV folds:          5
[2026-04-01 10:13:43]   Learning rate:     0.001
[2026-04-01 10:13:43]   Batch size:        16
[2026-04-01 10:13:43]   Max epochs:        5000

[2026-04-01 10:13:43] Results:
[2026-04-01 10:13:43]   Mean Accuracy:          0.2800 ± 0.1208
[2026-04-01 10:13:43]   Mean Balanced Accuracy: 0.2800 ± 0.1208
