[2026-03-31 17:05:25] Using device: cpu
[2026-03-31 17:05:25] Seed control enabled: True
[2026-03-31 17:05:25] Base seed: 103
[2026-03-31 17:05:26] Seed initialized: 103
[2026-03-31 17:05:26] ======================================================================
[2026-03-31 17:05:26] CONFIGURATION
[2026-03-31 17:05:26] ======================================================================
[2026-03-31 17:05:26]   artifact_dir: /home/vegorov/Repos/eeg_jepa_research/artifacts/lee-2019-fine-tuning
[2026-03-31 17:05:26]   bandpass_high: 40.0
[2026-03-31 17:05:26]   bandpass_low: 0.5
[2026-03-31 17:05:26]   batch_size: 16
[2026-03-31 17:05:26]   convert_to_uV: True
[2026-03-31 17:05:26]   cv_folds: 5
[2026-03-31 17:05:26]   device: auto
[2026-03-31 17:05:26]   early_stopping_patience: 50
[2026-03-31 17:05:26]   learning_rate: 0.001
[2026-03-31 17:05:26]   n_epochs: 5000
[2026-03-31 17:05:26]   normalization_method: None
[2026-03-31 17:05:26]   normalize: False
[2026-03-31 17:05:26]   paradigm: SSVEP
[2026-03-31 17:05:26]   pretrained_url: https://huggingface.co/braindecode/SignalJEPA/resolve/main/signal-jepa_16s-60_adeuwv4s.pth
[2026-03-31 17:05:26]   seed: 103
[2026-03-31 17:05:26]   set_seed: True
[2026-03-31 17:05:26]   sfreq: 128
[2026-03-31 17:05:26]   subjects_to_use: [51]
[2026-03-31 17:05:26]   val_split: 0.2
[2026-03-31 17:05:26] ======================================================================
[2026-03-31 17:05:26] Config saved to: /home/vegorov/Repos/eeg_jepa_research/artifacts/lee-2019-fine-tuning/SSVEP/20260331_1705_a77274e2/config.json
[2026-03-31 17:05:26] Epoch window configuration:
[2026-03-31 17:05:26]   Target sfreq:                128 Hz
[2026-03-31 17:05:26]   Target duration:             4.190000 s
[2026-03-31 17:05:26]   Window samples (rounded):    536
[2026-03-31 17:05:26]   Base trial samples (4.0 s):  512
[2026-03-31 17:05:26]   Trial stop offset samples:   24
[2026-03-31 17:05:26]   Effective window duration:   4.187500 s
[2026-03-31 17:05:26] Using specified subjects from config: [51]
[2026-03-31 17:05:26] Selected subjects: [51]
[2026-03-31 17:05:26] Expected evaluation folds: 5

[2026-03-31 17:05:26] Building MOABBDataset for Lee2019_SSVEP...
[2026-03-31 17:05:34] MOABBDataset recordings loaded: 1
[2026-03-31 17:05:34] Discovered annotation descriptions (first recording): [np.str_('12.0'), np.str_('5.45'), np.str_('6.67'), np.str_('8.57')]
[2026-03-31 17:05:34] Dataset event_id mapping: {'12.0': 1, '8.57': 2, '6.67': 3, '5.45': 4}
[2026-03-31 17:05:34] Label map (event_code -> class_index): {1: 0, 2: 1, 3: 2, 4: 3}
[2026-03-31 17:05:34] Applying Braindecode preprocessors to MOABBDataset...
[2026-03-31 17:05:37] Preprocessing complete.

[2026-03-31 17:05:37] Post-preprocessing validation
[2026-03-31 17:05:37]   Recordings in DATASET: 1
[2026-03-31 17:05:37]   Unique subject IDs:    ['51']
[2026-03-31 17:05:37]   sfreq (first rec):     128.0 Hz
[2026-03-31 17:05:37]   EEG channel count:     62
[2026-03-31 17:05:37]   First 10 channels:     ['Fp1', 'Fp2', 'F7', 'F3', 'Fz', 'F4', 'F8', 'FC5', 'FC1', 'FC2']
[2026-03-31 17:05:37] Channel consistency summary:
[2026-03-31 17:05:37]   Checked runs: 1
[2026-03-31 17:05:37]   Unique channel counts: [62]
[2026-03-31 17:05:37]   Channel order consistent: True
[2026-03-31 17:05:37] Validated EEG channels: 62
[2026-03-31 17:05:37] First 10 EEG channels: ['Fp1', 'Fp2', 'F7', 'F3', 'Fz', 'F4', 'F8', 'FC5', 'FC1', 'FC2']
[2026-03-31 17:05:37] raw mean_abs=8.654730e+00
[2026-03-31 17:05:37] raw std=3.494582e+01
[2026-03-31 17:05:37] raw first5 channel std= [46.22404553 54.63339771 16.95830183 13.82897057 11.24366025]
[2026-03-31 17:05:37] Requested window samples: 536
[2026-03-31 17:05:37] Base trial samples:       512
[2026-03-31 17:05:37] Stop offset samples:      24
[2026-03-31 17:05:37] Global class counts: [25, 25, 25, 25]
[2026-03-31 17:05:37] Chance level (4-class): 0.25
[2026-03-31 17:05:37] One window shape: (62, 536)
[2026-03-31 17:05:37] One window label: 1
[2026-03-31 17:05:37] Window sample length expected=536, got=536
[2026-03-31 17:05:37] Subjects in window split: [51]
[2026-03-31 17:05:37] Summarizing per-subject windows...
[2026-03-31 17:05:37]   Subject 51: n_windows=100, window_shape=(62, 536), class_counts=[25, 25, 25, 25]
[2026-03-31 17:05:37]    subject_id  n_windows  n_channels  n_times      class_counts
0          51        100          62      536  [25, 25, 25, 25]
[2026-03-31 17:05:37] Window validation summary:
[2026-03-31 17:05:37]   Subject 51: n_windows=100 class_counts=[25, 25, 25, 25]

[2026-03-31 17:05:37] Validated sampling rate target: 128 Hz
[2026-03-31 17:05:37] Validated window sample count:   536
[2026-03-31 17:05:37] Validated window duration:       4.1875 s
[2026-03-31 17:05:37] Validated channel count:         62
[2026-03-31 17:05:37] Total windows retained:          100
[2026-03-31 17:05:37] Preprocessing sanity checks:
[2026-03-31 17:05:37]   One sample label: 1
[2026-03-31 17:05:37]   One sample shape: (62, 536)
[2026-03-31 17:05:37]   Mean(abs(signal)): 4.094026e+00
[2026-03-31 17:05:37]   Mean(signal):      7.346552e-09
[2026-03-31 17:05:37]   Std(signal):       5.860601e+00
[2026-03-31 17:05:37] Building model with input window duration: 4.1875 s
[2026-03-31 17:05:37] SignalJEPA_PreLocal instantiated successfully.
[2026-03-31 17:05:37]   Total parameters:     18,192
[2026-03-31 17:05:37]   Trainable parameters: 18,192
[2026-03-31 17:05:37] ======================================================================================================================================================
Layer (type (var_name):depth-idx)                  Input Shape               Output Shape              Param #                   Kernel Shape
======================================================================================================================================================
SignalJEPA_PreLocal (SignalJEPA_PreLocal)          [1, 62, 536]              [1, 4]                    --                        --
├─Sequential (spatial_conv): 1-1                   [1, 62, 536]              [1, 4, 536]               --                        --
│    └─Rearrange (0): 2-1                          [1, 62, 536]              [1, 1, 62, 536]           --                        --
│    └─Conv2d (1): 2-2                             [1, 1, 62, 536]           [1, 4, 1, 536]            252                       [62, 1]
│    └─Rearrange (2): 2-3                          [1, 4, 1, 536]            [1, 4, 536]               --                        --
├─_ConvFeatureEncoder (feature_encoder): 1-2       [1, 4, 536]               [1, 16, 64]               --                        --
│    └─Rearrange (0): 2-4                          [1, 4, 536]               [4, 1, 536]               --                        --
│    └─Sequential (1): 2-5                         [4, 1, 536]               [4, 8, 64]                --                        --
│    │    └─Conv1d (0): 3-1                        [4, 1, 536]               [4, 8, 64]                256                       [32]
│    │    └─Dropout (1): 3-2                       [4, 8, 64]                [4, 8, 64]                --                        --
│    │    └─GroupNorm (2): 3-3                     [4, 8, 64]                [4, 8, 64]                16                        --
│    │    └─GELU (3): 3-4                          [4, 8, 64]                [4, 8, 64]                --                        --
│    └─Sequential (2): 2-6                         [4, 8, 64]                [4, 16, 32]               --                        --
│    │    └─Conv1d (0): 3-5                        [4, 8, 64]                [4, 16, 32]               256                       [2]
│    │    └─Dropout (1): 3-6                       [4, 16, 32]               [4, 16, 32]               --                        --
│    │    └─GELU (2): 3-7                          [4, 16, 32]               [4, 16, 32]               --                        --
│    └─Sequential (3): 2-7                         [4, 16, 32]               [4, 32, 16]               --                        --
│    │    └─Conv1d (0): 3-8                        [4, 16, 32]               [4, 32, 16]               1,024                     [2]
│    │    └─Dropout (1): 3-9                       [4, 32, 16]               [4, 32, 16]               --                        --
│    │    └─GELU (2): 3-10                         [4, 32, 16]               [4, 32, 16]               --                        --
│    └─Sequential (4): 2-8                         [4, 32, 16]               [4, 64, 8]                --                        --
│    │    └─Conv1d (0): 3-11                       [4, 32, 16]               [4, 64, 8]                4,096                     [2]
│    │    └─Dropout (1): 3-12                      [4, 64, 8]                [4, 64, 8]                --                        --
│    │    └─GELU (2): 3-13                         [4, 64, 8]                [4, 64, 8]                --                        --
│    └─Sequential (5): 2-9                         [4, 64, 8]                [4, 64, 4]                --                        --
│    │    └─Conv1d (0): 3-14                       [4, 64, 8]                [4, 64, 4]                8,192                     [2]
│    │    └─Dropout (1): 3-15                      [4, 64, 4]                [4, 64, 4]                --                        --
│    │    └─GELU (2): 3-16                         [4, 64, 4]                [4, 64, 4]                --                        --
│    └─Rearrange (6): 2-10                         [4, 64, 4]                [1, 16, 64]               --                        --
├─Sequential (final_layer): 1-3                    [1, 16, 64]               [1, 4]                    --                        --
│    └─Flatten (0): 2-11                           [1, 16, 64]               [1, 1024]                 --                        --
│    └─Linear (1): 2-12                            [1, 1024]                 [1, 4]                    4,100                     --
======================================================================================================================================================
Total params: 18,192
Trainable params: 18,192
Non-trainable params: 0
Total mult-adds (Units.MEGABYTES): 0.57
======================================================================================================================================================
Input size (MB): 0.13
Forward/backward pass size (MB): 0.11
Params size (MB): 0.07
Estimated Total Size (MB): 0.31
======================================================================================================================================================
[2026-03-31 17:05:37] Initializing from 16s-60 pretrained checkpoint (Hugging Face):
[2026-03-31 17:05:37]   https://huggingface.co/braindecode/SignalJEPA/resolve/main/signal-jepa_16s-60_adeuwv4s.pth
[2026-03-31 17:05:37]   Downloaded 179 keys
[2026-03-31 17:05:38] ======================================================================
[2026-03-31 17:05:38] STARTING CROSS-VALIDATION
[2026-03-31 17:05:38] ======================================================================
[2026-03-31 17:05:38] Subjects:      [51]
[2026-03-31 17:05:38] CV folds:      5
[2026-03-31 17:05:38] Batch size:    16
[2026-03-31 17:05:38] Max epochs:    5000
[2026-03-31 17:05:38] Device:        cpu
[2026-03-31 17:05:38] Seed control:  True
[2026-03-31 17:05:38] Base seed:     103
[2026-03-31 17:05:38] ======================================================================

[2026-03-31 17:05:38] Subject 51: 100 windows class_counts=[25, 25, 25, 25]
[2026-03-31 17:05:38]   Fold 1 split seed: 104
[2026-03-31 17:05:38]   Fold 1 split class counts:
[2026-03-31 17:05:38]     train=[16, 16, 16, 16] val=[4, 4, 4, 4] test=[5, 5, 5, 5]
[2026-03-31 17:05:38]   Fold 2 split seed: 105
[2026-03-31 17:05:38]   Fold 2 split class counts:
[2026-03-31 17:05:38]     train=[16, 16, 16, 16] val=[4, 4, 4, 4] test=[5, 5, 5, 5]
[2026-03-31 17:05:38]   Fold 3 split seed: 106
[2026-03-31 17:05:38]   Fold 3 split class counts:
[2026-03-31 17:05:38]     train=[16, 16, 16, 16] val=[4, 4, 4, 4] test=[5, 5, 5, 5]
[2026-03-31 17:05:38]   Fold 4 split seed: 107
[2026-03-31 17:05:38]   Fold 4 split class counts:
[2026-03-31 17:05:38]     train=[16, 16, 16, 16] val=[4, 4, 4, 4] test=[5, 5, 5, 5]
[2026-03-31 17:05:38]   Fold 5 split seed: 108
[2026-03-31 17:05:38]   Fold 5 split class counts:
[2026-03-31 17:05:38]     train=[16, 16, 16, 16] val=[4, 4, 4, 4] test=[5, 5, 5, 5]
[2026-03-31 17:05:38]   Subject 51 Fold 1 seed: 5204
[2026-03-31 17:05:38]   Subject 51 Fold 1: n_train=64 n_val=16 n_test=20
[2026-03-31 17:05:38]     Train class counts: [16, 16, 16, 16]
[2026-03-31 17:05:38]     Val class counts:   [4, 4, 4, 4]
[2026-03-31 17:05:38]     Test class counts:  [5, 5, 5, 5]
[2026-03-31 17:05:38] Building model with input window duration: 4.1875 s
[2026-03-31 17:05:38] Pretrained weight loading:
[2026-03-31 17:05:38]   Downloaded keys:        179
[2026-03-31 17:05:38]   Filtered (transformer): 172
[2026-03-31 17:05:38]   Filtered (pos_encoder): 0
[2026-03-31 17:05:38]   Keys to load:           7
[2026-03-31 17:05:38]   Missing keys:           4
[2026-03-31 17:05:38]   Unexpected keys:        0
[2026-03-31 17:05:38]   Missing preview:        ['spatial_conv.1.weight', 'spatial_conv.1.bias', 'final_layer.1.weight', 'final_layer.1.bias']
[2026-03-31 17:05:38]   Unexpected preview:     []
[2026-03-31 17:05:38] Encoder freeze configuration:
[2026-03-31 17:05:38]   Total parameters:        18,192
[2026-03-31 17:05:38]   Trainable parameters:    4,352
[2026-03-31 17:05:38]   Training percentage:     23.9%
[2026-03-31 17:05:38]   Trainable layers: 4
[2026-03-31 17:05:38]     - final_layer.1.bias
[2026-03-31 17:05:38]     - final_layer.1.weight
[2026-03-31 17:05:38]     - spatial_conv.1.bias
[2026-03-31 17:05:38]     - spatial_conv.1.weight
[2026-03-31 17:05:38]     Train generator seeded: True
[2026-03-31 17:05:41]     Stopped epoch:            247
[2026-03-31 17:05:41]     Best epoch (valid_loss):  197
[2026-03-31 17:05:41]     Best valid_loss:          1.3124988079071045
[2026-03-31 17:05:41]     Test accuracy (primary):  0.3500
[2026-03-31 17:05:41]     Test balanced acc:        0.3500
[2026-03-31 17:05:41]     Confusion matrix:         [[1, 1, 2, 1], [1, 3, 0, 1], [2, 1, 1, 1], [2, 0, 1, 2]]
[2026-03-31 17:05:41]     Prediction histogram:     [6, 5, 4, 5]
[2026-03-31 17:05:41]     fold_acc=0.3500 fold_bal_acc=0.3500 cm=[[1, 1, 2, 1], [1, 3, 0, 1], [2, 1, 1, 1], [2, 0, 1, 2]]
[2026-03-31 17:05:41]   Subject 51 Fold 2 seed: 5205
[2026-03-31 17:05:41]   Subject 51 Fold 2: n_train=64 n_val=16 n_test=20
[2026-03-31 17:05:41]     Train class counts: [16, 16, 16, 16]
[2026-03-31 17:05:41]     Val class counts:   [4, 4, 4, 4]
[2026-03-31 17:05:41]     Test class counts:  [5, 5, 5, 5]
[2026-03-31 17:05:41] Building model with input window duration: 4.1875 s
[2026-03-31 17:05:41] Pretrained weight loading:
[2026-03-31 17:05:41]   Downloaded keys:        179
[2026-03-31 17:05:41]   Filtered (transformer): 172
[2026-03-31 17:05:41]   Filtered (pos_encoder): 0
[2026-03-31 17:05:41]   Keys to load:           7
[2026-03-31 17:05:41]   Missing keys:           4
[2026-03-31 17:05:41]   Unexpected keys:        0
[2026-03-31 17:05:41]   Missing preview:        ['spatial_conv.1.weight', 'spatial_conv.1.bias', 'final_layer.1.weight', 'final_layer.1.bias']
[2026-03-31 17:05:41]   Unexpected preview:     []
[2026-03-31 17:05:41] Encoder freeze configuration:
[2026-03-31 17:05:41]   Total parameters:        18,192
[2026-03-31 17:05:41]   Trainable parameters:    4,352
[2026-03-31 17:05:41]   Training percentage:     23.9%
[2026-03-31 17:05:41]   Trainable layers: 4
[2026-03-31 17:05:41]     - final_layer.1.bias
[2026-03-31 17:05:41]     - final_layer.1.weight
[2026-03-31 17:05:41]     - spatial_conv.1.bias
[2026-03-31 17:05:41]     - spatial_conv.1.weight
[2026-03-31 17:05:41]     Train generator seeded: True
[2026-03-31 17:05:42]     Stopped epoch:            66
[2026-03-31 17:05:42]     Best epoch (valid_loss):  16
[2026-03-31 17:05:42]     Best valid_loss:          1.3765597343444824
[2026-03-31 17:05:42]     Test accuracy (primary):  0.4000
[2026-03-31 17:05:42]     Test balanced acc:        0.4000
[2026-03-31 17:05:42]     Confusion matrix:         [[4, 0, 0, 1], [3, 1, 0, 1], [3, 0, 1, 1], [2, 0, 1, 2]]
[2026-03-31 17:05:42]     Prediction histogram:     [12, 1, 2, 5]
[2026-03-31 17:05:42]     fold_acc=0.4000 fold_bal_acc=0.4000 cm=[[4, 0, 0, 1], [3, 1, 0, 1], [3, 0, 1, 1], [2, 0, 1, 2]]
[2026-03-31 17:05:42]   Subject 51 Fold 3 seed: 5206
[2026-03-31 17:05:42]   Subject 51 Fold 3: n_train=64 n_val=16 n_test=20
[2026-03-31 17:05:42]     Train class counts: [16, 16, 16, 16]
[2026-03-31 17:05:42]     Val class counts:   [4, 4, 4, 4]
[2026-03-31 17:05:42]     Test class counts:  [5, 5, 5, 5]
[2026-03-31 17:05:42] Building model with input window duration: 4.1875 s
[2026-03-31 17:05:42] Pretrained weight loading:
[2026-03-31 17:05:42]   Downloaded keys:        179
[2026-03-31 17:05:42]   Filtered (transformer): 172
[2026-03-31 17:05:42]   Filtered (pos_encoder): 0
[2026-03-31 17:05:42]   Keys to load:           7
[2026-03-31 17:05:42]   Missing keys:           4
[2026-03-31 17:05:42]   Unexpected keys:        0
[2026-03-31 17:05:42]   Missing preview:        ['spatial_conv.1.weight', 'spatial_conv.1.bias', 'final_layer.1.weight', 'final_layer.1.bias']
[2026-03-31 17:05:42]   Unexpected preview:     []
[2026-03-31 17:05:42] Encoder freeze configuration:
[2026-03-31 17:05:42]   Total parameters:        18,192
[2026-03-31 17:05:42]   Trainable parameters:    4,352
[2026-03-31 17:05:42]   Training percentage:     23.9%
[2026-03-31 17:05:42]   Trainable layers: 4
[2026-03-31 17:05:42]     - final_layer.1.bias
[2026-03-31 17:05:42]     - final_layer.1.weight
[2026-03-31 17:05:42]     - spatial_conv.1.bias
[2026-03-31 17:05:42]     - spatial_conv.1.weight
[2026-03-31 17:05:42]     Train generator seeded: True
[2026-03-31 17:05:43]     Stopped epoch:            86
[2026-03-31 17:05:43]     Best epoch (valid_loss):  36
[2026-03-31 17:05:43]     Best valid_loss:          1.3709334135055542
[2026-03-31 17:05:43]     Test accuracy (primary):  0.3500
[2026-03-31 17:05:43]     Test balanced acc:        0.3500
[2026-03-31 17:05:43]     Confusion matrix:         [[1, 1, 3, 0], [1, 1, 1, 2], [0, 1, 3, 1], [0, 2, 1, 2]]
[2026-03-31 17:05:43]     Prediction histogram:     [2, 5, 8, 5]
[2026-03-31 17:05:43]     fold_acc=0.3500 fold_bal_acc=0.3500 cm=[[1, 1, 3, 0], [1, 1, 1, 2], [0, 1, 3, 1], [0, 2, 1, 2]]
[2026-03-31 17:05:43]   Subject 51 Fold 4 seed: 5207
[2026-03-31 17:05:43]   Subject 51 Fold 4: n_train=64 n_val=16 n_test=20
[2026-03-31 17:05:43]     Train class counts: [16, 16, 16, 16]
[2026-03-31 17:05:43]     Val class counts:   [4, 4, 4, 4]
[2026-03-31 17:05:43]     Test class counts:  [5, 5, 5, 5]
[2026-03-31 17:05:43] Building model with input window duration: 4.1875 s
[2026-03-31 17:05:43] Pretrained weight loading:
[2026-03-31 17:05:43]   Downloaded keys:        179
[2026-03-31 17:05:43]   Filtered (transformer): 172
[2026-03-31 17:05:43]   Filtered (pos_encoder): 0
[2026-03-31 17:05:43]   Keys to load:           7
[2026-03-31 17:05:43]   Missing keys:           4
[2026-03-31 17:05:43]   Unexpected keys:        0
[2026-03-31 17:05:43]   Missing preview:        ['spatial_conv.1.weight', 'spatial_conv.1.bias', 'final_layer.1.weight', 'final_layer.1.bias']
[2026-03-31 17:05:43]   Unexpected preview:     []
[2026-03-31 17:05:43] Encoder freeze configuration:
[2026-03-31 17:05:43]   Total parameters:        18,192
[2026-03-31 17:05:43]   Trainable parameters:    4,352
[2026-03-31 17:05:43]   Training percentage:     23.9%
[2026-03-31 17:05:43]   Trainable layers: 4
[2026-03-31 17:05:43]     - final_layer.1.bias
[2026-03-31 17:05:43]     - final_layer.1.weight
[2026-03-31 17:05:43]     - spatial_conv.1.bias
[2026-03-31 17:05:43]     - spatial_conv.1.weight
[2026-03-31 17:05:43]     Train generator seeded: True
[2026-03-31 17:05:43]     Stopped epoch:            51
[2026-03-31 17:05:43]     Best epoch (valid_loss):  1
[2026-03-31 17:05:43]     Best valid_loss:          1.386304497718811
[2026-03-31 17:05:43]     Test accuracy (primary):  0.3500
[2026-03-31 17:05:43]     Test balanced acc:        0.3500
[2026-03-31 17:05:43]     Confusion matrix:         [[0, 5, 0, 0], [0, 4, 1, 0], [0, 2, 3, 0], [0, 5, 0, 0]]
[2026-03-31 17:05:43]     Prediction histogram:     [0, 16, 4, 0]
[2026-03-31 17:05:43]     fold_acc=0.3500 fold_bal_acc=0.3500 cm=[[0, 5, 0, 0], [0, 4, 1, 0], [0, 2, 3, 0], [0, 5, 0, 0]]
[2026-03-31 17:05:43]   Subject 51 Fold 5 seed: 5208
[2026-03-31 17:05:43]   Subject 51 Fold 5: n_train=64 n_val=16 n_test=20
[2026-03-31 17:05:43]     Train class counts: [16, 16, 16, 16]
[2026-03-31 17:05:43]     Val class counts:   [4, 4, 4, 4]
[2026-03-31 17:05:43]     Test class counts:  [5, 5, 5, 5]
[2026-03-31 17:05:43] Building model with input window duration: 4.1875 s
[2026-03-31 17:05:43] Pretrained weight loading:
[2026-03-31 17:05:43]   Downloaded keys:        179
[2026-03-31 17:05:43]   Filtered (transformer): 172
[2026-03-31 17:05:43]   Filtered (pos_encoder): 0
[2026-03-31 17:05:43]   Keys to load:           7
[2026-03-31 17:05:43]   Missing keys:           4
[2026-03-31 17:05:43]   Unexpected keys:        0
[2026-03-31 17:05:43]   Missing preview:        ['spatial_conv.1.weight', 'spatial_conv.1.bias', 'final_layer.1.weight', 'final_layer.1.bias']
[2026-03-31 17:05:43]   Unexpected preview:     []
[2026-03-31 17:05:43] Encoder freeze configuration:
[2026-03-31 17:05:43]   Total parameters:        18,192
[2026-03-31 17:05:43]   Trainable parameters:    4,352
[2026-03-31 17:05:43]   Training percentage:     23.9%
[2026-03-31 17:05:43]   Trainable layers: 4
[2026-03-31 17:05:43]     - final_layer.1.bias
[2026-03-31 17:05:43]     - final_layer.1.weight
[2026-03-31 17:05:43]     - spatial_conv.1.bias
[2026-03-31 17:05:43]     - spatial_conv.1.weight
[2026-03-31 17:05:43]     Train generator seeded: True
[2026-03-31 17:05:45]     Stopped epoch:            159
[2026-03-31 17:05:45]     Best epoch (valid_loss):  109
[2026-03-31 17:05:45]     Best valid_loss:          1.3024094104766846
[2026-03-31 17:05:45]     Test accuracy (primary):  0.2000
[2026-03-31 17:05:45]     Test balanced acc:        0.2000
[2026-03-31 17:05:45]     Confusion matrix:         [[2, 1, 2, 0], [2, 1, 1, 1], [3, 0, 0, 2], [1, 1, 2, 1]]
[2026-03-31 17:05:45]     Prediction histogram:     [8, 3, 5, 4]
[2026-03-31 17:05:45]     fold_acc=0.2000 fold_bal_acc=0.2000 cm=[[2, 1, 2, 0], [2, 1, 1, 1], [3, 0, 0, 2], [1, 1, 2, 1]]
[2026-03-31 17:05:45]   Subject 51 mean accuracy: 0.3300

[2026-03-31 17:05:45] Total folds completed: 5
[2026-03-31 17:05:45] ======================================================================
[2026-03-31 17:05:45] AGGREGATED RESULTS
[2026-03-31 17:05:45] ======================================================================
[2026-03-31 17:05:45]   Subject 51:  acc=0.3300±0.0678  bal_acc=0.3300±0.0678
[2026-03-31 17:05:45] ----------------------------------------------------------------------
[2026-03-31 17:05:45]   OVERALL:      acc=0.3300±0.0678  bal_acc=0.3300±0.0678
[2026-03-31 17:05:45] ======================================================================
[2026-03-31 17:05:45] CV results saved to:      /home/vegorov/Repos/eeg_jepa_research/artifacts/lee-2019-fine-tuning/SSVEP/20260331_1705_a77274e2/cv_results.json
[2026-03-31 17:05:45] Subject metrics saved to: /home/vegorov/Repos/eeg_jepa_research/artifacts/lee-2019-fine-tuning/SSVEP/20260331_1705_a77274e2/subject_metrics.json
[2026-03-31 17:05:45] Global metrics saved to:  /home/vegorov/Repos/eeg_jepa_research/artifacts/lee-2019-fine-tuning/SSVEP/20260331_1705_a77274e2/global_metrics.json
[2026-03-31 17:05:45] Run metadata saved to:    /home/vegorov/Repos/eeg_jepa_research/artifacts/lee-2019-fine-tuning/SSVEP/20260331_1705_a77274e2/run_metadata.json

[2026-03-31 17:05:45] All artifacts in: /home/vegorov/Repos/eeg_jepa_research/artifacts/lee-2019-fine-tuning/SSVEP/20260331_1705_a77274e2

[2026-03-31 17:05:45] ======================================================================
[2026-03-31 17:05:45] EXPERIMENT SUMMARY
[2026-03-31 17:05:45] ======================================================================
[2026-03-31 17:05:45] Run ID:    20260331_1705_a77274e2
[2026-03-31 17:05:45] Artifacts: /home/vegorov/Repos/eeg_jepa_research/artifacts/lee-2019-fine-tuning/SSVEP/20260331_1705_a77274e2

[2026-03-31 17:05:45] Configuration:
[2026-03-31 17:05:45]   Subjects:          [51]
[2026-03-31 17:05:45]   Bandpass:          0.5-40.0 Hz
[2026-03-31 17:05:45]   Resample:          128 Hz
[2026-03-31 17:05:45]   CV folds:          5
[2026-03-31 17:05:45]   Learning rate:     0.001
[2026-03-31 17:05:45]   Batch size:        16
[2026-03-31 17:05:45]   Max epochs:        5000

[2026-03-31 17:05:45] Results:
[2026-03-31 17:05:45]   Mean Accuracy:          0.3300 ± 0.0678
[2026-03-31 17:05:45]   Mean Balanced Accuracy: 0.3300 ± 0.0678
