[2026-04-04 13:02:16] Using device: mps
[2026-04-04 13:02:16] Seed control enabled: True
[2026-04-04 13:02:16] Base seed: 6106
[2026-04-04 13:02:16] Seed initialized: 6106
[2026-04-04 13:02:16] ======================================================================
[2026-04-04 13:02:16] CONFIGURATION
[2026-04-04 13:02:16] ======================================================================
[2026-04-04 13:02:16]   artifact_dir: /Users/vadim/Documents/School/Spring 2026/CSCE A698 Individual Research/EEG_JEPA/artifacts/lee-2019-fine-tuning
[2026-04-04 13:02:16]   bandpass_high: 40.0
[2026-04-04 13:02:16]   bandpass_low: 0.5
[2026-04-04 13:02:16]   batch_size: 16
[2026-04-04 13:02:16]   convert_to_uV: True
[2026-04-04 13:02:16]   criterion: None
[2026-04-04 13:02:16]   cv_folds: 5
[2026-04-04 13:02:16]   device: auto
[2026-04-04 13:02:16]   early_stopping_patience: 50
[2026-04-04 13:02:16]   learning_rate: 0.0003
[2026-04-04 13:02:16]   n_epochs: 5000
[2026-04-04 13:02:16]   normalization_method: None
[2026-04-04 13:02:16]   normalize: False
[2026-04-04 13:02:16]   optimizer: Adam
[2026-04-04 13:02:16]   paradigm: SSVEP
[2026-04-04 13:02:16]   pretrained_url: https://huggingface.co/braindecode/SignalJEPA/resolve/main/signal-jepa_16s-60_adeuwv4s.pth
[2026-04-04 13:02:16]   requested_trial_duration_s: 4.19
[2026-04-04 13:02:16]   seed: 6106
[2026-04-04 13:02:16]   set_eeg_reference: True
[2026-04-04 13:02:16]   set_seed: True
[2026-04-04 13:02:16]   sfreq: 128
[2026-04-04 13:02:16]   subjects_to_use: [51, 54]
[2026-04-04 13:02:16]   val_split: 0.2
[2026-04-04 13:02:16] ======================================================================
[2026-04-04 13:02:16] Config saved to: /Users/vadim/Documents/School/Spring 2026/CSCE A698 Individual Research/EEG_JEPA/artifacts/lee-2019-fine-tuning/SSVEP/20260404_1302_6f34c5c8/config.json
[2026-04-04 13:02:16] Epoch window configuration:
[2026-04-04 13:02:16]   Target sfreq:                128 Hz
[2026-04-04 13:02:16]   Target duration:             4.190000 s
[2026-04-04 13:02:16]   Window samples (rounded):    536
[2026-04-04 13:02:16]   Base trial samples (4.0 s):  512
[2026-04-04 13:02:16]   Trial stop offset samples:   24
[2026-04-04 13:02:16]   Effective window duration:   4.187500 s
[2026-04-04 13:02:16] Using specified subjects from config: [51, 54]
[2026-04-04 13:02:16] Selected subjects: [51, 54]
[2026-04-04 13:02:16] Expected evaluation folds: 10

[2026-04-04 13:02:16] Building MOABBDataset for Lee2019_SSVEP...
[2026-04-04 13:02:42] MOABBDataset recordings loaded: 4
[2026-04-04 13:02:42] Discovered annotation descriptions (first recording): [np.str_('12.0'), np.str_('5.45'), np.str_('6.67'), np.str_('8.57')]
[2026-04-04 13:02:42] Dataset event_id mapping: {'12.0': 1, '8.57': 2, '6.67': 3, '5.45': 4}
[2026-04-04 13:02:42] Label map (event_code -> class_index): {1: 0, 2: 1, 3: 2, 4: 3}
[2026-04-04 13:02:42] Applying Braindecode preprocessors to MOABBDataset...
[2026-04-04 13:02:57] Preprocessing complete.

[2026-04-04 13:02:57] Post-preprocessing validation
[2026-04-04 13:02:57]   Recordings in DATASET: 4
[2026-04-04 13:02:57]   Unique subject IDs:    ['51', '54']
[2026-04-04 13:02:57]   sfreq (first rec):     128.0 Hz
[2026-04-04 13:02:57]   EEG channel count:     62
[2026-04-04 13:02:57]   First 10 channels:     ['Fp1', 'Fp2', 'F7', 'F3', 'Fz', 'F4', 'F8', 'FC5', 'FC1', 'FC2']
[2026-04-04 13:02:57] Channel consistency summary:
[2026-04-04 13:02:57]   Checked runs: 4
[2026-04-04 13:02:57]   Unique channel counts: [62]
[2026-04-04 13:02:57]   Channel order consistent: True
[2026-04-04 13:02:57] Validated EEG channels: 62
[2026-04-04 13:02:57] First 10 EEG channels: ['Fp1', 'Fp2', 'F7', 'F3', 'Fz', 'F4', 'F8', 'FC5', 'FC1', 'FC2']
[2026-04-04 13:02:57] raw mean_abs=6.206608e+00
[2026-04-04 13:02:57] raw std=2.712803e+01
[2026-04-04 13:02:57] raw first5 channel std= [30.27595633 56.56813395 13.75714116  8.89857459  7.91183515]
[2026-04-04 13:02:57] Requested window samples: 536
[2026-04-04 13:02:57] Base trial samples:       512
[2026-04-04 13:02:57] Stop offset samples:      24
[2026-04-04 13:02:57] Global class counts: [100, 100, 100, 100]
[2026-04-04 13:02:57] Chance level (4-class): 0.25
[2026-04-04 13:02:57] One window shape: (62, 536)
[2026-04-04 13:02:57] One window label: 2
[2026-04-04 13:02:57] Window sample length expected=536, got=536
[2026-04-04 13:02:57] Subjects in window split: [51, 54]
[2026-04-04 13:02:57] Summarizing per-subject windows...
[2026-04-04 13:02:57]   Subject 51: n_windows=200, window_shape=(62, 536), class_counts=[50, 50, 50, 50]
[2026-04-04 13:02:57]   Subject 54: n_windows=200, window_shape=(62, 536), class_counts=[50, 50, 50, 50]
[2026-04-04 13:02:57]    subject_id  n_windows  n_channels  n_times      class_counts
0          51        200          62      536  [50, 50, 50, 50]
1          54        200          62      536  [50, 50, 50, 50]
[2026-04-04 13:02:57] Window validation summary:
[2026-04-04 13:02:57]   Subject 51: n_windows=200 class_counts=[50, 50, 50, 50]
[2026-04-04 13:02:57]   Subject 54: n_windows=200 class_counts=[50, 50, 50, 50]

[2026-04-04 13:02:57] Validated sampling rate target: 128 Hz
[2026-04-04 13:02:57] Validated window sample count:   536
[2026-04-04 13:02:57] Validated window duration:       4.1875 s
[2026-04-04 13:02:57] Validated channel count:         62
[2026-04-04 13:02:57] Total windows retained:          400
[2026-04-04 13:02:57] Preprocessing sanity checks:
[2026-04-04 13:02:57]   One sample label: 2
[2026-04-04 13:02:57]   One sample shape: (62, 536)
[2026-04-04 13:02:57]   Mean(abs(signal)): 7.808386e+00
[2026-04-04 13:02:57]   Mean(signal):      -1.469310e-08
[2026-04-04 13:02:57]   Std(signal):       1.102899e+01
[2026-04-04 13:02:57] Building model with input window duration: 4.1875 s
[2026-04-04 13:02:57] SignalJEPA_PreLocal instantiated successfully.
[2026-04-04 13:02:57]   Total parameters:     18,192
[2026-04-04 13:02:57]   Trainable parameters: 18,192
[2026-04-04 13:02:57] ======================================================================================================================================================
Layer (type (var_name):depth-idx)                  Input Shape               Output Shape              Param #                   Kernel Shape
======================================================================================================================================================
SignalJEPA_PreLocal (SignalJEPA_PreLocal)          [1, 62, 536]              [1, 4]                    --                        --
├─Sequential (spatial_conv): 1-1                   [1, 62, 536]              [1, 4, 536]               --                        --
│    └─Rearrange (0): 2-1                          [1, 62, 536]              [1, 1, 62, 536]           --                        --
│    └─Conv2d (1): 2-2                             [1, 1, 62, 536]           [1, 4, 1, 536]            252                       [62, 1]
│    └─Rearrange (2): 2-3                          [1, 4, 1, 536]            [1, 4, 536]               --                        --
├─_ConvFeatureEncoder (feature_encoder): 1-2       [1, 4, 536]               [1, 16, 64]               --                        --
│    └─Rearrange (0): 2-4                          [1, 4, 536]               [4, 1, 536]               --                        --
│    └─Sequential (1): 2-5                         [4, 1, 536]               [4, 8, 64]                --                        --
│    │    └─Conv1d (0): 3-1                        [4, 1, 536]               [4, 8, 64]                256                       [32]
│    │    └─Dropout (1): 3-2                       [4, 8, 64]                [4, 8, 64]                --                        --
│    │    └─GroupNorm (2): 3-3                     [4, 8, 64]                [4, 8, 64]                16                        --
│    │    └─GELU (3): 3-4                          [4, 8, 64]                [4, 8, 64]                --                        --
│    └─Sequential (2): 2-6                         [4, 8, 64]                [4, 16, 32]               --                        --
│    │    └─Conv1d (0): 3-5                        [4, 8, 64]                [4, 16, 32]               256                       [2]
│    │    └─Dropout (1): 3-6                       [4, 16, 32]               [4, 16, 32]               --                        --
│    │    └─GELU (2): 3-7                          [4, 16, 32]               [4, 16, 32]               --                        --
│    └─Sequential (3): 2-7                         [4, 16, 32]               [4, 32, 16]               --                        --
│    │    └─Conv1d (0): 3-8                        [4, 16, 32]               [4, 32, 16]               1,024                     [2]
│    │    └─Dropout (1): 3-9                       [4, 32, 16]               [4, 32, 16]               --                        --
│    │    └─GELU (2): 3-10                         [4, 32, 16]               [4, 32, 16]               --                        --
│    └─Sequential (4): 2-8                         [4, 32, 16]               [4, 64, 8]                --                        --
│    │    └─Conv1d (0): 3-11                       [4, 32, 16]               [4, 64, 8]                4,096                     [2]
│    │    └─Dropout (1): 3-12                      [4, 64, 8]                [4, 64, 8]                --                        --
│    │    └─GELU (2): 3-13                         [4, 64, 8]                [4, 64, 8]                --                        --
│    └─Sequential (5): 2-9                         [4, 64, 8]                [4, 64, 4]                --                        --
│    │    └─Conv1d (0): 3-14                       [4, 64, 8]                [4, 64, 4]                8,192                     [2]
│    │    └─Dropout (1): 3-15                      [4, 64, 4]                [4, 64, 4]                --                        --
│    │    └─GELU (2): 3-16                         [4, 64, 4]                [4, 64, 4]                --                        --
│    └─Rearrange (6): 2-10                         [4, 64, 4]                [1, 16, 64]               --                        --
├─Sequential (final_layer): 1-3                    [1, 16, 64]               [1, 4]                    --                        --
│    └─Flatten (0): 2-11                           [1, 16, 64]               [1, 1024]                 --                        --
│    └─Linear (1): 2-12                            [1, 1024]                 [1, 4]                    4,100                     --
======================================================================================================================================================
Total params: 18,192
Trainable params: 18,192
Non-trainable params: 0
Total mult-adds (Units.MEGABYTES): 0.57
======================================================================================================================================================
Input size (MB): 0.13
Forward/backward pass size (MB): 0.11
Params size (MB): 0.07
Estimated Total Size (MB): 0.31
======================================================================================================================================================
[2026-04-04 13:02:57] Initializing from 16s-60 pretrained checkpoint (Hugging Face):
[2026-04-04 13:02:57]   https://huggingface.co/braindecode/SignalJEPA/resolve/main/signal-jepa_16s-60_adeuwv4s.pth
[2026-04-04 13:02:57]   Downloaded 179 keys
[2026-04-04 13:02:57] ======================================================================
[2026-04-04 13:02:57] STARTING CROSS-VALIDATION
[2026-04-04 13:02:57] ======================================================================
[2026-04-04 13:02:57] Subjects:      [51, 54]
[2026-04-04 13:02:57] CV folds:      5
[2026-04-04 13:02:57] Batch size:    16
[2026-04-04 13:02:57] Max epochs:    5000
[2026-04-04 13:02:57] Device:        mps
[2026-04-04 13:02:57] Seed control:  True
[2026-04-04 13:02:57] Base seed:     6106
[2026-04-04 13:02:57] ======================================================================

[2026-04-04 13:02:58] Subject 51: 200 windows | class_counts=[50, 50, 50, 50]
[2026-04-04 13:02:58]   Fold 1 class counts: train=[32, 32, 32, 32] val=[8, 8, 8, 8] test=[10, 10, 10, 10]
[2026-04-04 13:02:58]   Fold 2 class counts: train=[32, 32, 32, 32] val=[8, 8, 8, 8] test=[10, 10, 10, 10]
[2026-04-04 13:02:58]   Fold 3 class counts: train=[32, 32, 32, 32] val=[8, 8, 8, 8] test=[10, 10, 10, 10]
[2026-04-04 13:02:58]   Fold 4 class counts: train=[32, 32, 32, 32] val=[8, 8, 8, 8] test=[10, 10, 10, 10]
[2026-04-04 13:02:58]   Fold 5 class counts: train=[32, 32, 32, 32] val=[8, 8, 8, 8] test=[10, 10, 10, 10]
[2026-04-04 13:02:58]     Train class counts: [32, 32, 32, 32]
[2026-04-04 13:02:58]     Val class counts:   [8, 8, 8, 8]
[2026-04-04 13:02:58]     Test class counts:  [10, 10, 10, 10]
[2026-04-04 13:02:58] Building model with input window duration: 4.1875 s
[2026-04-04 13:02:58] Pretrained weight loading:
[2026-04-04 13:02:58]   Downloaded keys:        179
[2026-04-04 13:02:58]   Filtered (transformer): 172
[2026-04-04 13:02:58]   Filtered (pos_encoder): 0
[2026-04-04 13:02:58]   Keys to load:           7
[2026-04-04 13:02:58]   Missing keys:           4
[2026-04-04 13:02:58]   Unexpected keys:        0
[2026-04-04 13:02:58]   Missing preview:        ['spatial_conv.1.weight', 'spatial_conv.1.bias', 'final_layer.1.weight', 'final_layer.1.bias']
[2026-04-04 13:02:58]   Unexpected preview:     []
[2026-04-04 13:02:58] Trainable modules: spatial_conv + final_layer (4,352 / 18,192 params, 23.9%)
[2026-04-04 13:02:58]   - final_layer.1.bias
[2026-04-04 13:02:58]   - final_layer.1.weight
[2026-04-04 13:02:58]   - spatial_conv.1.bias
[2026-04-04 13:02:58]   - spatial_conv.1.weight
[2026-04-04 13:03:42]   Fold 1/5 | best_epoch=522 | stop=572 | val_loss=1.2560 | acc=0.5250 | bal_acc=0.5250
[2026-04-04 13:03:42]     Train class counts: [32, 32, 32, 32]
[2026-04-04 13:03:42]     Val class counts:   [8, 8, 8, 8]
[2026-04-04 13:03:42]     Test class counts:  [10, 10, 10, 10]
[2026-04-04 13:03:42] Building model with input window duration: 4.1875 s
[2026-04-04 13:03:42] Pretrained weight loading:
[2026-04-04 13:03:42]   Downloaded keys:        179
[2026-04-04 13:03:42]   Filtered (transformer): 172
[2026-04-04 13:03:42]   Filtered (pos_encoder): 0
[2026-04-04 13:03:42]   Keys to load:           7
[2026-04-04 13:03:42]   Missing keys:           4
[2026-04-04 13:03:42]   Unexpected keys:        0
[2026-04-04 13:03:42]   Missing preview:        ['spatial_conv.1.weight', 'spatial_conv.1.bias', 'final_layer.1.weight', 'final_layer.1.bias']
[2026-04-04 13:03:42]   Unexpected preview:     []
[2026-04-04 13:04:03]   Fold 2/5 | best_epoch=227 | stop=277 | val_loss=1.3261 | acc=0.4000 | bal_acc=0.4000
[2026-04-04 13:04:03]     Train class counts: [32, 32, 32, 32]
[2026-04-04 13:04:03]     Val class counts:   [8, 8, 8, 8]
[2026-04-04 13:04:03]     Test class counts:  [10, 10, 10, 10]
[2026-04-04 13:04:03] Building model with input window duration: 4.1875 s
[2026-04-04 13:04:03] Pretrained weight loading:
[2026-04-04 13:04:03]   Downloaded keys:        179
[2026-04-04 13:04:03]   Filtered (transformer): 172
[2026-04-04 13:04:03]   Filtered (pos_encoder): 0
[2026-04-04 13:04:03]   Keys to load:           7
[2026-04-04 13:04:03]   Missing keys:           4
[2026-04-04 13:04:03]   Unexpected keys:        0
[2026-04-04 13:04:03]   Missing preview:        ['spatial_conv.1.weight', 'spatial_conv.1.bias', 'final_layer.1.weight', 'final_layer.1.bias']
[2026-04-04 13:04:03]   Unexpected preview:     []
[2026-04-04 13:05:02]   Fold 3/5 | best_epoch=721 | stop=771 | val_loss=1.1422 | acc=0.4750 | bal_acc=0.4750
[2026-04-04 13:05:02]     Train class counts: [32, 32, 32, 32]
[2026-04-04 13:05:02]     Val class counts:   [8, 8, 8, 8]
[2026-04-04 13:05:02]     Test class counts:  [10, 10, 10, 10]
[2026-04-04 13:05:02] Building model with input window duration: 4.1875 s
[2026-04-04 13:05:02] Pretrained weight loading:
[2026-04-04 13:05:02]   Downloaded keys:        179
[2026-04-04 13:05:02]   Filtered (transformer): 172
[2026-04-04 13:05:02]   Filtered (pos_encoder): 0
[2026-04-04 13:05:02]   Keys to load:           7
[2026-04-04 13:05:02]   Missing keys:           4
[2026-04-04 13:05:02]   Unexpected keys:        0
[2026-04-04 13:05:02]   Missing preview:        ['spatial_conv.1.weight', 'spatial_conv.1.bias', 'final_layer.1.weight', 'final_layer.1.bias']
[2026-04-04 13:05:02]   Unexpected preview:     []
[2026-04-04 13:05:13]   Fold 4/5 | best_epoch=89 | stop=139 | val_loss=1.3559 | acc=0.3250 | bal_acc=0.3250
[2026-04-04 13:05:13]     Train class counts: [32, 32, 32, 32]
[2026-04-04 13:05:13]     Val class counts:   [8, 8, 8, 8]
[2026-04-04 13:05:13]     Test class counts:  [10, 10, 10, 10]
[2026-04-04 13:05:13] Building model with input window duration: 4.1875 s
[2026-04-04 13:05:13] Pretrained weight loading:
[2026-04-04 13:05:13]   Downloaded keys:        179
[2026-04-04 13:05:13]   Filtered (transformer): 172
[2026-04-04 13:05:13]   Filtered (pos_encoder): 0
[2026-04-04 13:05:13]   Keys to load:           7
[2026-04-04 13:05:13]   Missing keys:           4
[2026-04-04 13:05:13]   Unexpected keys:        0
[2026-04-04 13:05:13]   Missing preview:        ['spatial_conv.1.weight', 'spatial_conv.1.bias', 'final_layer.1.weight', 'final_layer.1.bias']
[2026-04-04 13:05:13]   Unexpected preview:     []
[2026-04-04 13:05:18]   Fold 5/5 | best_epoch=19 | stop=67 | val_loss=1.3858 | acc=0.2750 | bal_acc=0.2750
[2026-04-04 13:05:18]   Subject 51 summary: acc=0.4000±0.0922  bal_acc=0.4000±0.0922

[2026-04-04 13:05:18] Subject 54: 200 windows | class_counts=[50, 50, 50, 50]
[2026-04-04 13:05:18]   Fold 1 class counts: train=[32, 32, 32, 32] val=[8, 8, 8, 8] test=[10, 10, 10, 10]
[2026-04-04 13:05:18]   Fold 2 class counts: train=[32, 32, 32, 32] val=[8, 8, 8, 8] test=[10, 10, 10, 10]
[2026-04-04 13:05:18]   Fold 3 class counts: train=[32, 32, 32, 32] val=[8, 8, 8, 8] test=[10, 10, 10, 10]
[2026-04-04 13:05:18]   Fold 4 class counts: train=[32, 32, 32, 32] val=[8, 8, 8, 8] test=[10, 10, 10, 10]
[2026-04-04 13:05:18]   Fold 5 class counts: train=[32, 32, 32, 32] val=[8, 8, 8, 8] test=[10, 10, 10, 10]
[2026-04-04 13:05:18]     Train class counts: [32, 32, 32, 32]
[2026-04-04 13:05:18]     Val class counts:   [8, 8, 8, 8]
[2026-04-04 13:05:18]     Test class counts:  [10, 10, 10, 10]
[2026-04-04 13:05:18] Building model with input window duration: 4.1875 s
[2026-04-04 13:05:18] Pretrained weight loading:
[2026-04-04 13:05:18]   Downloaded keys:        179
[2026-04-04 13:05:18]   Filtered (transformer): 172
[2026-04-04 13:05:18]   Filtered (pos_encoder): 0
[2026-04-04 13:05:18]   Keys to load:           7
[2026-04-04 13:05:18]   Missing keys:           4
[2026-04-04 13:05:18]   Unexpected keys:        0
[2026-04-04 13:05:18]   Missing preview:        ['spatial_conv.1.weight', 'spatial_conv.1.bias', 'final_layer.1.weight', 'final_layer.1.bias']
[2026-04-04 13:05:18]   Unexpected preview:     []
[2026-04-04 13:06:18]   Fold 1/5 | best_epoch=728 | stop=778 | val_loss=0.8388 | acc=0.7750 | bal_acc=0.7750
[2026-04-04 13:06:18]     Train class counts: [32, 32, 32, 32]
[2026-04-04 13:06:18]     Val class counts:   [8, 8, 8, 8]
[2026-04-04 13:06:18]     Test class counts:  [10, 10, 10, 10]
[2026-04-04 13:06:18] Building model with input window duration: 4.1875 s
[2026-04-04 13:06:18] Pretrained weight loading:
[2026-04-04 13:06:18]   Downloaded keys:        179
[2026-04-04 13:06:18]   Filtered (transformer): 172
[2026-04-04 13:06:18]   Filtered (pos_encoder): 0
[2026-04-04 13:06:18]   Keys to load:           7
[2026-04-04 13:06:18]   Missing keys:           4
[2026-04-04 13:06:18]   Unexpected keys:        0
[2026-04-04 13:06:18]   Missing preview:        ['spatial_conv.1.weight', 'spatial_conv.1.bias', 'final_layer.1.weight', 'final_layer.1.bias']
[2026-04-04 13:06:18]   Unexpected preview:     []
[2026-04-04 13:08:02]   Fold 2/5 | best_epoch=1300 | stop=1350 | val_loss=0.8850 | acc=0.7500 | bal_acc=0.7500
[2026-04-04 13:08:02]     Train class counts: [32, 32, 32, 32]
[2026-04-04 13:08:02]     Val class counts:   [8, 8, 8, 8]
[2026-04-04 13:08:02]     Test class counts:  [10, 10, 10, 10]
[2026-04-04 13:08:02] Building model with input window duration: 4.1875 s
[2026-04-04 13:08:02] Pretrained weight loading:
[2026-04-04 13:08:02]   Downloaded keys:        179
[2026-04-04 13:08:02]   Filtered (transformer): 172
[2026-04-04 13:08:02]   Filtered (pos_encoder): 0
[2026-04-04 13:08:02]   Keys to load:           7
[2026-04-04 13:08:02]   Missing keys:           4
[2026-04-04 13:08:02]   Unexpected keys:        0
[2026-04-04 13:08:02]   Missing preview:        ['spatial_conv.1.weight', 'spatial_conv.1.bias', 'final_layer.1.weight', 'final_layer.1.bias']
[2026-04-04 13:08:02]   Unexpected preview:     []
[2026-04-04 13:09:06]   Fold 3/5 | best_epoch=762 | stop=812 | val_loss=0.9691 | acc=0.7750 | bal_acc=0.7750
[2026-04-04 13:09:06]     Train class counts: [32, 32, 32, 32]
[2026-04-04 13:09:06]     Val class counts:   [8, 8, 8, 8]
[2026-04-04 13:09:06]     Test class counts:  [10, 10, 10, 10]
[2026-04-04 13:09:06] Building model with input window duration: 4.1875 s
[2026-04-04 13:09:06] Pretrained weight loading:
[2026-04-04 13:09:06]   Downloaded keys:        179
[2026-04-04 13:09:06]   Filtered (transformer): 172
[2026-04-04 13:09:06]   Filtered (pos_encoder): 0
[2026-04-04 13:09:06]   Keys to load:           7
[2026-04-04 13:09:06]   Missing keys:           4
[2026-04-04 13:09:06]   Unexpected keys:        0
[2026-04-04 13:09:06]   Missing preview:        ['spatial_conv.1.weight', 'spatial_conv.1.bias', 'final_layer.1.weight', 'final_layer.1.bias']
[2026-04-04 13:09:06]   Unexpected preview:     []
[2026-04-04 13:10:42]   Fold 4/5 | best_epoch=1190 | stop=1240 | val_loss=0.8539 | acc=0.5500 | bal_acc=0.5500
[2026-04-04 13:10:42]     Train class counts: [32, 32, 32, 32]
[2026-04-04 13:10:42]     Val class counts:   [8, 8, 8, 8]
[2026-04-04 13:10:42]     Test class counts:  [10, 10, 10, 10]
[2026-04-04 13:10:42] Building model with input window duration: 4.1875 s
[2026-04-04 13:10:42] Pretrained weight loading:
[2026-04-04 13:10:42]   Downloaded keys:        179
[2026-04-04 13:10:42]   Filtered (transformer): 172
[2026-04-04 13:10:42]   Filtered (pos_encoder): 0
[2026-04-04 13:10:42]   Keys to load:           7
[2026-04-04 13:10:42]   Missing keys:           4
[2026-04-04 13:10:42]   Unexpected keys:        0
[2026-04-04 13:10:42]   Missing preview:        ['spatial_conv.1.weight', 'spatial_conv.1.bias', 'final_layer.1.weight', 'final_layer.1.bias']
[2026-04-04 13:10:42]   Unexpected preview:     []
[2026-04-04 13:12:37]   Fold 5/5 | best_epoch=1448 | stop=1498 | val_loss=1.0425 | acc=0.5750 | bal_acc=0.5750
[2026-04-04 13:12:37]   Subject 54 summary: acc=0.6850±0.1007  bal_acc=0.6850±0.1007

[2026-04-04 13:12:37] Total folds completed: 10
[2026-04-04 13:12:37] ======================================================================
[2026-04-04 13:12:37] AGGREGATED RESULTS
[2026-04-04 13:12:37] ======================================================================
[2026-04-04 13:12:37]   Subject 51:  acc=0.4000±0.0922  bal_acc=0.4000±0.0922
[2026-04-04 13:12:37]   Subject 54:  acc=0.6850±0.1007  bal_acc=0.6850±0.1007
[2026-04-04 13:12:37] ----------------------------------------------------------------------
[2026-04-04 13:12:37]   OVERALL:      acc=0.5425±0.1721  bal_acc=0.5425±0.1721
[2026-04-04 13:12:37] ======================================================================
[2026-04-04 13:12:37] CV results saved to:      /Users/vadim/Documents/School/Spring 2026/CSCE A698 Individual Research/EEG_JEPA/artifacts/lee-2019-fine-tuning/SSVEP/20260404_1302_6f34c5c8/cv_results.json
[2026-04-04 13:12:37] Subject metrics saved to: /Users/vadim/Documents/School/Spring 2026/CSCE A698 Individual Research/EEG_JEPA/artifacts/lee-2019-fine-tuning/SSVEP/20260404_1302_6f34c5c8/subject_metrics.json
[2026-04-04 13:12:37] Global metrics saved to:  /Users/vadim/Documents/School/Spring 2026/CSCE A698 Individual Research/EEG_JEPA/artifacts/lee-2019-fine-tuning/SSVEP/20260404_1302_6f34c5c8/global_metrics.json
[2026-04-04 13:12:37] Run metadata saved to:    /Users/vadim/Documents/School/Spring 2026/CSCE A698 Individual Research/EEG_JEPA/artifacts/lee-2019-fine-tuning/SSVEP/20260404_1302_6f34c5c8/run_metadata.json

[2026-04-04 13:12:37] All artifacts in: /Users/vadim/Documents/School/Spring 2026/CSCE A698 Individual Research/EEG_JEPA/artifacts/lee-2019-fine-tuning/SSVEP/20260404_1302_6f34c5c8

[2026-04-04 13:12:37] ======================================================================
[2026-04-04 13:12:37] EXPERIMENT SUMMARY
[2026-04-04 13:12:37] ======================================================================
[2026-04-04 13:12:37] Run ID:    20260404_1302_6f34c5c8
[2026-04-04 13:12:37] Artifacts: /Users/vadim/Documents/School/Spring 2026/CSCE A698 Individual Research/EEG_JEPA/artifacts/lee-2019-fine-tuning/SSVEP/20260404_1302_6f34c5c8

[2026-04-04 13:12:37] Configuration:
[2026-04-04 13:12:37]   Subjects:          [51, 54]
[2026-04-04 13:12:37]   Bandpass:          0.5-40.0 Hz
[2026-04-04 13:12:37]   Resample:          128 Hz
[2026-04-04 13:12:37]   CV folds:          5
[2026-04-04 13:12:37]   Learning rate:     0.0003
[2026-04-04 13:12:37]   Batch size:        16
[2026-04-04 13:12:37]   Max epochs:        5000

[2026-04-04 13:12:37] Results:
[2026-04-04 13:12:37]   Mean Accuracy:          0.5425 ± 0.1721
[2026-04-04 13:12:37]   Mean Balanced Accuracy: 0.5425 ± 0.1721
