[2026-03-31 17:10:25] Using device: cpu
[2026-03-31 17:10:25] Seed control enabled: True
[2026-03-31 17:10:25] Base seed: 202
[2026-03-31 17:10:26] Seed initialized: 202
[2026-03-31 17:10:26] ======================================================================
[2026-03-31 17:10:26] CONFIGURATION
[2026-03-31 17:10:26] ======================================================================
[2026-03-31 17:10:26]   artifact_dir: /home/vegorov/Repos/eeg_jepa_research/artifacts/lee-2019-fine-tuning
[2026-03-31 17:10:26]   bandpass_high: 40.0
[2026-03-31 17:10:26]   bandpass_low: 0.5
[2026-03-31 17:10:26]   batch_size: 16
[2026-03-31 17:10:26]   convert_to_uV: True
[2026-03-31 17:10:26]   cv_folds: 5
[2026-03-31 17:10:26]   device: auto
[2026-03-31 17:10:26]   early_stopping_patience: 50
[2026-03-31 17:10:26]   learning_rate: 0.001
[2026-03-31 17:10:26]   n_epochs: 5000
[2026-03-31 17:10:26]   normalization_method: None
[2026-03-31 17:10:26]   normalize: False
[2026-03-31 17:10:26]   paradigm: SSVEP
[2026-03-31 17:10:26]   pretrained_url: https://huggingface.co/braindecode/SignalJEPA/resolve/main/signal-jepa_16s-60_adeuwv4s.pth
[2026-03-31 17:10:26]   seed: 202
[2026-03-31 17:10:26]   set_seed: True
[2026-03-31 17:10:26]   sfreq: 128
[2026-03-31 17:10:26]   subjects_to_use: [54]
[2026-03-31 17:10:26]   val_split: 0.2
[2026-03-31 17:10:26] ======================================================================
[2026-03-31 17:10:26] Config saved to: /home/vegorov/Repos/eeg_jepa_research/artifacts/lee-2019-fine-tuning/SSVEP/20260331_1710_ca8f60b9/config.json
[2026-03-31 17:10:26] Epoch window configuration:
[2026-03-31 17:10:26]   Target sfreq:                128 Hz
[2026-03-31 17:10:26]   Target duration:             4.190000 s
[2026-03-31 17:10:26]   Window samples (rounded):    536
[2026-03-31 17:10:26]   Base trial samples (4.0 s):  512
[2026-03-31 17:10:26]   Trial stop offset samples:   24
[2026-03-31 17:10:26]   Effective window duration:   4.187500 s
[2026-03-31 17:10:26] Using specified subjects from config: [54]
[2026-03-31 17:10:26] Selected subjects: [54]
[2026-03-31 17:10:26] Expected evaluation folds: 5

[2026-03-31 17:10:26] Building MOABBDataset for Lee2019_SSVEP...
[2026-03-31 17:10:35] MOABBDataset recordings loaded: 1
[2026-03-31 17:10:35] Discovered annotation descriptions (first recording): [np.str_('12.0'), np.str_('5.45'), np.str_('6.67'), np.str_('8.57')]
[2026-03-31 17:10:35] Dataset event_id mapping: {'12.0': 1, '8.57': 2, '6.67': 3, '5.45': 4}
[2026-03-31 17:10:35] Label map (event_code -> class_index): {1: 0, 2: 1, 3: 2, 4: 3}
[2026-03-31 17:10:35] Applying Braindecode preprocessors to MOABBDataset...
[2026-03-31 17:10:38] Preprocessing complete.

[2026-03-31 17:10:38] Post-preprocessing validation
[2026-03-31 17:10:38]   Recordings in DATASET: 1
[2026-03-31 17:10:38]   Unique subject IDs:    ['54']
[2026-03-31 17:10:38]   sfreq (first rec):     128.0 Hz
[2026-03-31 17:10:38]   EEG channel count:     62
[2026-03-31 17:10:38]   First 10 channels:     ['Fp1', 'Fp2', 'F7', 'F3', 'Fz', 'F4', 'F8', 'FC5', 'FC1', 'FC2']
[2026-03-31 17:10:38] Channel consistency summary:
[2026-03-31 17:10:38]   Checked runs: 1
[2026-03-31 17:10:38]   Unique channel counts: [62]
[2026-03-31 17:10:38]   Channel order consistent: True
[2026-03-31 17:10:38] Validated EEG channels: 62
[2026-03-31 17:10:38] First 10 EEG channels: ['Fp1', 'Fp2', 'F7', 'F3', 'Fz', 'F4', 'F8', 'FC5', 'FC1', 'FC2']
[2026-03-31 17:10:39] raw mean_abs=1.120330e+01
[2026-03-31 17:10:39] raw std=2.207442e+01
[2026-03-31 17:10:39] raw first5 channel std= [66.77397308 81.39217593 25.04253361 17.94161419 14.84598907]
[2026-03-31 17:10:39] Requested window samples: 536
[2026-03-31 17:10:39] Base trial samples:       512
[2026-03-31 17:10:39] Stop offset samples:      24
[2026-03-31 17:10:39] Global class counts: [25, 25, 25, 25]
[2026-03-31 17:10:39] Chance level (4-class): 0.25
[2026-03-31 17:10:39] One window shape: (62, 536)
[2026-03-31 17:10:39] One window label: 1
[2026-03-31 17:10:39] Window sample length expected=536, got=536
[2026-03-31 17:10:39] Subjects in window split: [54]
[2026-03-31 17:10:39] Summarizing per-subject windows...
[2026-03-31 17:10:39]   Subject 54: n_windows=100, window_shape=(62, 536), class_counts=[25, 25, 25, 25]
[2026-03-31 17:10:39]    subject_id  n_windows  n_channels  n_times      class_counts
0          54        100          62      536  [25, 25, 25, 25]
[2026-03-31 17:10:39] Window validation summary:
[2026-03-31 17:10:39]   Subject 54: n_windows=100 class_counts=[25, 25, 25, 25]

[2026-03-31 17:10:39] Validated sampling rate target: 128 Hz
[2026-03-31 17:10:39] Validated window sample count:   536
[2026-03-31 17:10:39] Validated window duration:       4.1875 s
[2026-03-31 17:10:39] Validated channel count:         62
[2026-03-31 17:10:39] Total windows retained:          100
[2026-03-31 17:10:39] Preprocessing sanity checks:
[2026-03-31 17:10:39]   One sample label: 1
[2026-03-31 17:10:39]   One sample shape: (62, 536)
[2026-03-31 17:10:39]   Mean(abs(signal)): 3.854891e+00
[2026-03-31 17:10:39]   Mean(signal):      -3.673276e-09
[2026-03-31 17:10:39]   Std(signal):       5.098353e+00
[2026-03-31 17:10:39] Building model with input window duration: 4.1875 s
[2026-03-31 17:10:39] SignalJEPA_PreLocal instantiated successfully.
[2026-03-31 17:10:39]   Total parameters:     18,192
[2026-03-31 17:10:39]   Trainable parameters: 18,192
[2026-03-31 17:10:39] ======================================================================================================================================================
Layer (type (var_name):depth-idx)                  Input Shape               Output Shape              Param #                   Kernel Shape
======================================================================================================================================================
SignalJEPA_PreLocal (SignalJEPA_PreLocal)          [1, 62, 536]              [1, 4]                    --                        --
├─Sequential (spatial_conv): 1-1                   [1, 62, 536]              [1, 4, 536]               --                        --
│    └─Rearrange (0): 2-1                          [1, 62, 536]              [1, 1, 62, 536]           --                        --
│    └─Conv2d (1): 2-2                             [1, 1, 62, 536]           [1, 4, 1, 536]            252                       [62, 1]
│    └─Rearrange (2): 2-3                          [1, 4, 1, 536]            [1, 4, 536]               --                        --
├─_ConvFeatureEncoder (feature_encoder): 1-2       [1, 4, 536]               [1, 16, 64]               --                        --
│    └─Rearrange (0): 2-4                          [1, 4, 536]               [4, 1, 536]               --                        --
│    └─Sequential (1): 2-5                         [4, 1, 536]               [4, 8, 64]                --                        --
│    │    └─Conv1d (0): 3-1                        [4, 1, 536]               [4, 8, 64]                256                       [32]
│    │    └─Dropout (1): 3-2                       [4, 8, 64]                [4, 8, 64]                --                        --
│    │    └─GroupNorm (2): 3-3                     [4, 8, 64]                [4, 8, 64]                16                        --
│    │    └─GELU (3): 3-4                          [4, 8, 64]                [4, 8, 64]                --                        --
│    └─Sequential (2): 2-6                         [4, 8, 64]                [4, 16, 32]               --                        --
│    │    └─Conv1d (0): 3-5                        [4, 8, 64]                [4, 16, 32]               256                       [2]
│    │    └─Dropout (1): 3-6                       [4, 16, 32]               [4, 16, 32]               --                        --
│    │    └─GELU (2): 3-7                          [4, 16, 32]               [4, 16, 32]               --                        --
│    └─Sequential (3): 2-7                         [4, 16, 32]               [4, 32, 16]               --                        --
│    │    └─Conv1d (0): 3-8                        [4, 16, 32]               [4, 32, 16]               1,024                     [2]
│    │    └─Dropout (1): 3-9                       [4, 32, 16]               [4, 32, 16]               --                        --
│    │    └─GELU (2): 3-10                         [4, 32, 16]               [4, 32, 16]               --                        --
│    └─Sequential (4): 2-8                         [4, 32, 16]               [4, 64, 8]                --                        --
│    │    └─Conv1d (0): 3-11                       [4, 32, 16]               [4, 64, 8]                4,096                     [2]
│    │    └─Dropout (1): 3-12                      [4, 64, 8]                [4, 64, 8]                --                        --
│    │    └─GELU (2): 3-13                         [4, 64, 8]                [4, 64, 8]                --                        --
│    └─Sequential (5): 2-9                         [4, 64, 8]                [4, 64, 4]                --                        --
│    │    └─Conv1d (0): 3-14                       [4, 64, 8]                [4, 64, 4]                8,192                     [2]
│    │    └─Dropout (1): 3-15                      [4, 64, 4]                [4, 64, 4]                --                        --
│    │    └─GELU (2): 3-16                         [4, 64, 4]                [4, 64, 4]                --                        --
│    └─Rearrange (6): 2-10                         [4, 64, 4]                [1, 16, 64]               --                        --
├─Sequential (final_layer): 1-3                    [1, 16, 64]               [1, 4]                    --                        --
│    └─Flatten (0): 2-11                           [1, 16, 64]               [1, 1024]                 --                        --
│    └─Linear (1): 2-12                            [1, 1024]                 [1, 4]                    4,100                     --
======================================================================================================================================================
Total params: 18,192
Trainable params: 18,192
Non-trainable params: 0
Total mult-adds (Units.MEGABYTES): 0.57
======================================================================================================================================================
Input size (MB): 0.13
Forward/backward pass size (MB): 0.11
Params size (MB): 0.07
Estimated Total Size (MB): 0.31
======================================================================================================================================================
[2026-03-31 17:10:39] Initializing from 16s-60 pretrained checkpoint (Hugging Face):
[2026-03-31 17:10:39]   https://huggingface.co/braindecode/SignalJEPA/resolve/main/signal-jepa_16s-60_adeuwv4s.pth
[2026-03-31 17:10:39]   Downloaded 179 keys
[2026-03-31 17:10:39] ======================================================================
[2026-03-31 17:10:39] STARTING CROSS-VALIDATION
[2026-03-31 17:10:39] ======================================================================
[2026-03-31 17:10:39] Subjects:      [54]
[2026-03-31 17:10:39] CV folds:      5
[2026-03-31 17:10:39] Batch size:    16
[2026-03-31 17:10:39] Max epochs:    5000
[2026-03-31 17:10:39] Device:        cpu
[2026-03-31 17:10:39] Seed control:  True
[2026-03-31 17:10:39] Base seed:     202
[2026-03-31 17:10:39] ======================================================================

[2026-03-31 17:10:39] Subject 54: 100 windows class_counts=[25, 25, 25, 25]
[2026-03-31 17:10:39]   Fold 1 split seed: 203
[2026-03-31 17:10:39]   Fold 1 split class counts:
[2026-03-31 17:10:39]     train=[16, 16, 16, 16] val=[4, 4, 4, 4] test=[5, 5, 5, 5]
[2026-03-31 17:10:39]   Fold 2 split seed: 204
[2026-03-31 17:10:39]   Fold 2 split class counts:
[2026-03-31 17:10:39]     train=[16, 16, 16, 16] val=[4, 4, 4, 4] test=[5, 5, 5, 5]
[2026-03-31 17:10:39]   Fold 3 split seed: 205
[2026-03-31 17:10:39]   Fold 3 split class counts:
[2026-03-31 17:10:39]     train=[16, 16, 16, 16] val=[4, 4, 4, 4] test=[5, 5, 5, 5]
[2026-03-31 17:10:39]   Fold 4 split seed: 206
[2026-03-31 17:10:39]   Fold 4 split class counts:
[2026-03-31 17:10:39]     train=[16, 16, 16, 16] val=[4, 4, 4, 4] test=[5, 5, 5, 5]
[2026-03-31 17:10:39]   Fold 5 split seed: 207
[2026-03-31 17:10:39]   Fold 5 split class counts:
[2026-03-31 17:10:39]     train=[16, 16, 16, 16] val=[4, 4, 4, 4] test=[5, 5, 5, 5]
[2026-03-31 17:10:39]   Subject 54 Fold 1 seed: 5603
[2026-03-31 17:10:39]   Subject 54 Fold 1: n_train=64 n_val=16 n_test=20
[2026-03-31 17:10:39]     Train class counts: [16, 16, 16, 16]
[2026-03-31 17:10:39]     Val class counts:   [4, 4, 4, 4]
[2026-03-31 17:10:39]     Test class counts:  [5, 5, 5, 5]
[2026-03-31 17:10:39] Building model with input window duration: 4.1875 s
[2026-03-31 17:10:39] Pretrained weight loading:
[2026-03-31 17:10:39]   Downloaded keys:        179
[2026-03-31 17:10:39]   Filtered (transformer): 172
[2026-03-31 17:10:39]   Filtered (pos_encoder): 0
[2026-03-31 17:10:39]   Keys to load:           7
[2026-03-31 17:10:39]   Missing keys:           4
[2026-03-31 17:10:39]   Unexpected keys:        0
[2026-03-31 17:10:39]   Missing preview:        ['spatial_conv.1.weight', 'spatial_conv.1.bias', 'final_layer.1.weight', 'final_layer.1.bias']
[2026-03-31 17:10:39]   Unexpected preview:     []
[2026-03-31 17:10:39] Encoder freeze configuration:
[2026-03-31 17:10:39]   Total parameters:        18,192
[2026-03-31 17:10:39]   Trainable parameters:    4,352
[2026-03-31 17:10:39]   Training percentage:     23.9%
[2026-03-31 17:10:39]   Trainable layers: 4
[2026-03-31 17:10:39]     - final_layer.1.bias
[2026-03-31 17:10:39]     - final_layer.1.weight
[2026-03-31 17:10:39]     - spatial_conv.1.bias
[2026-03-31 17:10:39]     - spatial_conv.1.weight
[2026-03-31 17:10:39]     Train generator seeded: True
[2026-03-31 17:10:49]     Stopped epoch:            796
[2026-03-31 17:10:49]     Best epoch (valid_loss):  746
[2026-03-31 17:10:49]     Best valid_loss:          0.8907740116119385
[2026-03-31 17:10:49]     Test accuracy (primary):  0.6000
[2026-03-31 17:10:49]     Test balanced acc:        0.6000
[2026-03-31 17:10:49]     Confusion matrix:         [[5, 0, 0, 0], [0, 0, 1, 4], [1, 0, 3, 1], [0, 1, 0, 4]]
[2026-03-31 17:10:49]     Prediction histogram:     [6, 1, 4, 9]
[2026-03-31 17:10:49]     fold_acc=0.6000 fold_bal_acc=0.6000 cm=[[5, 0, 0, 0], [0, 0, 1, 4], [1, 0, 3, 1], [0, 1, 0, 4]]
[2026-03-31 17:10:49]   Subject 54 Fold 2 seed: 5604
[2026-03-31 17:10:49]   Subject 54 Fold 2: n_train=64 n_val=16 n_test=20
[2026-03-31 17:10:49]     Train class counts: [16, 16, 16, 16]
[2026-03-31 17:10:49]     Val class counts:   [4, 4, 4, 4]
[2026-03-31 17:10:49]     Test class counts:  [5, 5, 5, 5]
[2026-03-31 17:10:49] Building model with input window duration: 4.1875 s
[2026-03-31 17:10:49] Pretrained weight loading:
[2026-03-31 17:10:49]   Downloaded keys:        179
[2026-03-31 17:10:49]   Filtered (transformer): 172
[2026-03-31 17:10:49]   Filtered (pos_encoder): 0
[2026-03-31 17:10:49]   Keys to load:           7
[2026-03-31 17:10:49]   Missing keys:           4
[2026-03-31 17:10:49]   Unexpected keys:        0
[2026-03-31 17:10:49]   Missing preview:        ['spatial_conv.1.weight', 'spatial_conv.1.bias', 'final_layer.1.weight', 'final_layer.1.bias']
[2026-03-31 17:10:49]   Unexpected preview:     []
[2026-03-31 17:10:49] Encoder freeze configuration:
[2026-03-31 17:10:49]   Total parameters:        18,192
[2026-03-31 17:10:49]   Trainable parameters:    4,352
[2026-03-31 17:10:49]   Training percentage:     23.9%
[2026-03-31 17:10:49]   Trainable layers: 4
[2026-03-31 17:10:49]     - final_layer.1.bias
[2026-03-31 17:10:49]     - final_layer.1.weight
[2026-03-31 17:10:49]     - spatial_conv.1.bias
[2026-03-31 17:10:49]     - spatial_conv.1.weight
[2026-03-31 17:10:49]     Train generator seeded: True
[2026-03-31 17:10:58]     Stopped epoch:            721
[2026-03-31 17:10:58]     Best epoch (valid_loss):  671
[2026-03-31 17:10:58]     Best valid_loss:          0.8075351715087891
[2026-03-31 17:10:58]     Test accuracy (primary):  0.8500
[2026-03-31 17:10:58]     Test balanced acc:        0.8500
[2026-03-31 17:10:58]     Confusion matrix:         [[5, 0, 0, 0], [0, 5, 0, 0], [0, 1, 4, 0], [0, 1, 1, 3]]
[2026-03-31 17:10:58]     Prediction histogram:     [5, 7, 5, 3]
[2026-03-31 17:10:58]     fold_acc=0.8500 fold_bal_acc=0.8500 cm=[[5, 0, 0, 0], [0, 5, 0, 0], [0, 1, 4, 0], [0, 1, 1, 3]]
[2026-03-31 17:10:58]   Subject 54 Fold 3 seed: 5605
[2026-03-31 17:10:58]   Subject 54 Fold 3: n_train=64 n_val=16 n_test=20
[2026-03-31 17:10:58]     Train class counts: [16, 16, 16, 16]
[2026-03-31 17:10:58]     Val class counts:   [4, 4, 4, 4]
[2026-03-31 17:10:58]     Test class counts:  [5, 5, 5, 5]
[2026-03-31 17:10:58] Building model with input window duration: 4.1875 s
[2026-03-31 17:10:58] Pretrained weight loading:
[2026-03-31 17:10:58]   Downloaded keys:        179
[2026-03-31 17:10:58]   Filtered (transformer): 172
[2026-03-31 17:10:58]   Filtered (pos_encoder): 0
[2026-03-31 17:10:58]   Keys to load:           7
[2026-03-31 17:10:58]   Missing keys:           4
[2026-03-31 17:10:58]   Unexpected keys:        0
[2026-03-31 17:10:58]   Missing preview:        ['spatial_conv.1.weight', 'spatial_conv.1.bias', 'final_layer.1.weight', 'final_layer.1.bias']
[2026-03-31 17:10:58]   Unexpected preview:     []
[2026-03-31 17:10:58] Encoder freeze configuration:
[2026-03-31 17:10:58]   Total parameters:        18,192
[2026-03-31 17:10:58]   Trainable parameters:    4,352
[2026-03-31 17:10:58]   Training percentage:     23.9%
[2026-03-31 17:10:58]   Trainable layers: 4
[2026-03-31 17:10:58]     - final_layer.1.bias
[2026-03-31 17:10:58]     - final_layer.1.weight
[2026-03-31 17:10:58]     - spatial_conv.1.bias
[2026-03-31 17:10:58]     - spatial_conv.1.weight
[2026-03-31 17:10:58]     Train generator seeded: True
[2026-03-31 17:11:10]     Stopped epoch:            1002
[2026-03-31 17:11:10]     Best epoch (valid_loss):  952
[2026-03-31 17:11:10]     Best valid_loss:          0.8700392842292786
[2026-03-31 17:11:10]     Test accuracy (primary):  0.6000
[2026-03-31 17:11:10]     Test balanced acc:        0.6000
[2026-03-31 17:11:10]     Confusion matrix:         [[3, 0, 0, 2], [0, 3, 1, 1], [0, 1, 3, 1], [0, 1, 1, 3]]
[2026-03-31 17:11:10]     Prediction histogram:     [3, 5, 5, 7]
[2026-03-31 17:11:10]     fold_acc=0.6000 fold_bal_acc=0.6000 cm=[[3, 0, 0, 2], [0, 3, 1, 1], [0, 1, 3, 1], [0, 1, 1, 3]]
[2026-03-31 17:11:10]   Subject 54 Fold 4 seed: 5606
[2026-03-31 17:11:10]   Subject 54 Fold 4: n_train=64 n_val=16 n_test=20
[2026-03-31 17:11:10]     Train class counts: [16, 16, 16, 16]
[2026-03-31 17:11:10]     Val class counts:   [4, 4, 4, 4]
[2026-03-31 17:11:10]     Test class counts:  [5, 5, 5, 5]
[2026-03-31 17:11:10] Building model with input window duration: 4.1875 s
[2026-03-31 17:11:10] Pretrained weight loading:
[2026-03-31 17:11:10]   Downloaded keys:        179
[2026-03-31 17:11:10]   Filtered (transformer): 172
[2026-03-31 17:11:10]   Filtered (pos_encoder): 0
[2026-03-31 17:11:10]   Keys to load:           7
[2026-03-31 17:11:10]   Missing keys:           4
[2026-03-31 17:11:10]   Unexpected keys:        0
[2026-03-31 17:11:10]   Missing preview:        ['spatial_conv.1.weight', 'spatial_conv.1.bias', 'final_layer.1.weight', 'final_layer.1.bias']
[2026-03-31 17:11:10]   Unexpected preview:     []
[2026-03-31 17:11:10] Encoder freeze configuration:
[2026-03-31 17:11:10]   Total parameters:        18,192
[2026-03-31 17:11:10]   Trainable parameters:    4,352
[2026-03-31 17:11:10]   Training percentage:     23.9%
[2026-03-31 17:11:10]   Trainable layers: 4
[2026-03-31 17:11:10]     - final_layer.1.bias
[2026-03-31 17:11:10]     - final_layer.1.weight
[2026-03-31 17:11:10]     - spatial_conv.1.bias
[2026-03-31 17:11:10]     - spatial_conv.1.weight
[2026-03-31 17:11:10]     Train generator seeded: True
[2026-03-31 17:11:23]     Stopped epoch:            1022
[2026-03-31 17:11:23]     Best epoch (valid_loss):  972
[2026-03-31 17:11:23]     Best valid_loss:          0.5904145240783691
[2026-03-31 17:11:23]     Test accuracy (primary):  0.7500
[2026-03-31 17:11:23]     Test balanced acc:        0.7500
[2026-03-31 17:11:23]     Confusion matrix:         [[5, 0, 0, 0], [0, 3, 1, 1], [0, 0, 4, 1], [0, 1, 1, 3]]
[2026-03-31 17:11:23]     Prediction histogram:     [5, 4, 6, 5]
[2026-03-31 17:11:23]     fold_acc=0.7500 fold_bal_acc=0.7500 cm=[[5, 0, 0, 0], [0, 3, 1, 1], [0, 0, 4, 1], [0, 1, 1, 3]]
[2026-03-31 17:11:23]   Subject 54 Fold 5 seed: 5607
[2026-03-31 17:11:23]   Subject 54 Fold 5: n_train=64 n_val=16 n_test=20
[2026-03-31 17:11:23]     Train class counts: [16, 16, 16, 16]
[2026-03-31 17:11:23]     Val class counts:   [4, 4, 4, 4]
[2026-03-31 17:11:23]     Test class counts:  [5, 5, 5, 5]
[2026-03-31 17:11:23] Building model with input window duration: 4.1875 s
[2026-03-31 17:11:23] Pretrained weight loading:
[2026-03-31 17:11:23]   Downloaded keys:        179
[2026-03-31 17:11:23]   Filtered (transformer): 172
[2026-03-31 17:11:23]   Filtered (pos_encoder): 0
[2026-03-31 17:11:23]   Keys to load:           7
[2026-03-31 17:11:23]   Missing keys:           4
[2026-03-31 17:11:23]   Unexpected keys:        0
[2026-03-31 17:11:23]   Missing preview:        ['spatial_conv.1.weight', 'spatial_conv.1.bias', 'final_layer.1.weight', 'final_layer.1.bias']
[2026-03-31 17:11:23]   Unexpected preview:     []
[2026-03-31 17:11:23] Encoder freeze configuration:
[2026-03-31 17:11:23]   Total parameters:        18,192
[2026-03-31 17:11:23]   Trainable parameters:    4,352
[2026-03-31 17:11:23]   Training percentage:     23.9%
[2026-03-31 17:11:23]   Trainable layers: 4
[2026-03-31 17:11:23]     - final_layer.1.bias
[2026-03-31 17:11:23]     - final_layer.1.weight
[2026-03-31 17:11:23]     - spatial_conv.1.bias
[2026-03-31 17:11:23]     - spatial_conv.1.weight
[2026-03-31 17:11:23]     Train generator seeded: True
[2026-03-31 17:11:30]     Stopped epoch:            557
[2026-03-31 17:11:30]     Best epoch (valid_loss):  507
[2026-03-31 17:11:30]     Best valid_loss:          0.9916174411773682
[2026-03-31 17:11:30]     Test accuracy (primary):  0.6500
[2026-03-31 17:11:30]     Test balanced acc:        0.6500
[2026-03-31 17:11:30]     Confusion matrix:         [[5, 0, 0, 0], [1, 2, 2, 0], [0, 1, 3, 1], [1, 1, 0, 3]]
[2026-03-31 17:11:30]     Prediction histogram:     [7, 4, 5, 4]
[2026-03-31 17:11:30]     fold_acc=0.6500 fold_bal_acc=0.6500 cm=[[5, 0, 0, 0], [1, 2, 2, 0], [0, 1, 3, 1], [1, 1, 0, 3]]
[2026-03-31 17:11:30]   Subject 54 mean accuracy: 0.6900

[2026-03-31 17:11:30] Total folds completed: 5
[2026-03-31 17:11:30] ======================================================================
[2026-03-31 17:11:30] AGGREGATED RESULTS
[2026-03-31 17:11:30] ======================================================================
[2026-03-31 17:11:30]   Subject 54:  acc=0.6900±0.0970  bal_acc=0.6900±0.0970
[2026-03-31 17:11:30] ----------------------------------------------------------------------
[2026-03-31 17:11:30]   OVERALL:      acc=0.6900±0.0970  bal_acc=0.6900±0.0970
[2026-03-31 17:11:30] ======================================================================
[2026-03-31 17:11:30] CV results saved to:      /home/vegorov/Repos/eeg_jepa_research/artifacts/lee-2019-fine-tuning/SSVEP/20260331_1710_ca8f60b9/cv_results.json
[2026-03-31 17:11:30] Subject metrics saved to: /home/vegorov/Repos/eeg_jepa_research/artifacts/lee-2019-fine-tuning/SSVEP/20260331_1710_ca8f60b9/subject_metrics.json
[2026-03-31 17:11:30] Global metrics saved to:  /home/vegorov/Repos/eeg_jepa_research/artifacts/lee-2019-fine-tuning/SSVEP/20260331_1710_ca8f60b9/global_metrics.json
[2026-03-31 17:11:30] Run metadata saved to:    /home/vegorov/Repos/eeg_jepa_research/artifacts/lee-2019-fine-tuning/SSVEP/20260331_1710_ca8f60b9/run_metadata.json

[2026-03-31 17:11:30] All artifacts in: /home/vegorov/Repos/eeg_jepa_research/artifacts/lee-2019-fine-tuning/SSVEP/20260331_1710_ca8f60b9

[2026-03-31 17:11:30] ======================================================================
[2026-03-31 17:11:30] EXPERIMENT SUMMARY
[2026-03-31 17:11:30] ======================================================================
[2026-03-31 17:11:30] Run ID:    20260331_1710_ca8f60b9
[2026-03-31 17:11:30] Artifacts: /home/vegorov/Repos/eeg_jepa_research/artifacts/lee-2019-fine-tuning/SSVEP/20260331_1710_ca8f60b9

[2026-03-31 17:11:30] Configuration:
[2026-03-31 17:11:30]   Subjects:          [54]
[2026-03-31 17:11:30]   Bandpass:          0.5-40.0 Hz
[2026-03-31 17:11:30]   Resample:          128 Hz
[2026-03-31 17:11:30]   CV folds:          5
[2026-03-31 17:11:30]   Learning rate:     0.001
[2026-03-31 17:11:30]   Batch size:        16
[2026-03-31 17:11:30]   Max epochs:        5000

[2026-03-31 17:11:30] Results:
[2026-03-31 17:11:30]   Mean Accuracy:          0.6900 ± 0.0970
[2026-03-31 17:11:30]   Mean Balanced Accuracy: 0.6900 ± 0.0970
