[2026-04-01 10:20:15] Using device: cpu
[2026-04-01 10:20:15] Seed control enabled: True
[2026-04-01 10:20:15] Base seed: 4025
[2026-04-01 10:20:16] Seed initialized: 4025
[2026-04-01 10:20:16] ======================================================================
[2026-04-01 10:20:16] CONFIGURATION
[2026-04-01 10:20:16] ======================================================================
[2026-04-01 10:20:16]   artifact_dir: /home/vegorov/Repos/eeg_jepa_research/artifacts/lee-2019-fine-tuning
[2026-04-01 10:20:16]   bandpass_high: 40.0
[2026-04-01 10:20:16]   bandpass_low: 0.5
[2026-04-01 10:20:16]   batch_size: 16
[2026-04-01 10:20:16]   convert_to_uV: True
[2026-04-01 10:20:16]   cv_folds: 5
[2026-04-01 10:20:16]   device: auto
[2026-04-01 10:20:16]   early_stopping_patience: 100
[2026-04-01 10:20:16]   learning_rate: 0.001
[2026-04-01 10:20:16]   n_epochs: 5000
[2026-04-01 10:20:16]   normalization_method: None
[2026-04-01 10:20:16]   normalize: False
[2026-04-01 10:20:16]   paradigm: SSVEP
[2026-04-01 10:20:16]   pretrained_url: https://huggingface.co/braindecode/SignalJEPA/resolve/main/signal-jepa_16s-60_adeuwv4s.pth
[2026-04-01 10:20:16]   seed: 4025
[2026-04-01 10:20:16]   set_seed: True
[2026-04-01 10:20:16]   sfreq: 128
[2026-04-01 10:20:16]   subjects_to_use: [51]
[2026-04-01 10:20:16]   val_split: 0.25
[2026-04-01 10:20:16] ======================================================================
[2026-04-01 10:20:16] Config saved to: /home/vegorov/Repos/eeg_jepa_research/artifacts/lee-2019-fine-tuning/SSVEP/20260401_1020_9d703696/config.json
[2026-04-01 10:20:16] Epoch window configuration:
[2026-04-01 10:20:16]   Target sfreq:                128 Hz
[2026-04-01 10:20:16]   Target duration:             4.190000 s
[2026-04-01 10:20:16]   Window samples (rounded):    536
[2026-04-01 10:20:16]   Base trial samples (4.0 s):  512
[2026-04-01 10:20:16]   Trial stop offset samples:   24
[2026-04-01 10:20:16]   Effective window duration:   4.187500 s
[2026-04-01 10:20:16] Using specified subjects from config: [51]
[2026-04-01 10:20:16] Selected subjects: [51]
[2026-04-01 10:20:16] Expected evaluation folds: 5

[2026-04-01 10:20:16] Building MOABBDataset for Lee2019_SSVEP...
[2026-04-01 10:20:24] MOABBDataset recordings loaded: 1
[2026-04-01 10:20:24] Discovered annotation descriptions (first recording): [np.str_('12.0'), np.str_('5.45'), np.str_('6.67'), np.str_('8.57')]
[2026-04-01 10:20:24] Dataset event_id mapping: {'12.0': 1, '8.57': 2, '6.67': 3, '5.45': 4}
[2026-04-01 10:20:24] Label map (event_code -> class_index): {1: 0, 2: 1, 3: 2, 4: 3}
[2026-04-01 10:20:24] Applying Braindecode preprocessors to MOABBDataset...
[2026-04-01 10:20:27] Preprocessing complete.

[2026-04-01 10:20:27] Post-preprocessing validation
[2026-04-01 10:20:27]   Recordings in DATASET: 1
[2026-04-01 10:20:27]   Unique subject IDs:    ['51']
[2026-04-01 10:20:27]   sfreq (first rec):     128.0 Hz
[2026-04-01 10:20:27]   EEG channel count:     62
[2026-04-01 10:20:27]   First 10 channels:     ['Fp1', 'Fp2', 'F7', 'F3', 'Fz', 'F4', 'F8', 'FC5', 'FC1', 'FC2']
[2026-04-01 10:20:27] Channel consistency summary:
[2026-04-01 10:20:27]   Checked runs: 1
[2026-04-01 10:20:27]   Unique channel counts: [62]
[2026-04-01 10:20:27]   Channel order consistent: True
[2026-04-01 10:20:27] Validated EEG channels: 62
[2026-04-01 10:20:27] First 10 EEG channels: ['Fp1', 'Fp2', 'F7', 'F3', 'Fz', 'F4', 'F8', 'FC5', 'FC1', 'FC2']
[2026-04-01 10:20:27] raw mean_abs=8.654730e+00
[2026-04-01 10:20:27] raw std=3.494582e+01
[2026-04-01 10:20:27] raw first5 channel std= [46.22404553 54.63339771 16.95830183 13.82897057 11.24366025]
[2026-04-01 10:20:27] Requested window samples: 536
[2026-04-01 10:20:27] Base trial samples:       512
[2026-04-01 10:20:27] Stop offset samples:      24
[2026-04-01 10:20:27] Global class counts: [25, 25, 25, 25]
[2026-04-01 10:20:27] Chance level (4-class): 0.25
[2026-04-01 10:20:27] One window shape: (62, 536)
[2026-04-01 10:20:27] One window label: 1
[2026-04-01 10:20:27] Window sample length expected=536, got=536
[2026-04-01 10:20:27] Subjects in window split: [51]
[2026-04-01 10:20:27] Summarizing per-subject windows...
[2026-04-01 10:20:27]   Subject 51: n_windows=100, window_shape=(62, 536), class_counts=[25, 25, 25, 25]
[2026-04-01 10:20:27]    subject_id  n_windows  n_channels  n_times      class_counts
0          51        100          62      536  [25, 25, 25, 25]
[2026-04-01 10:20:27] Window validation summary:
[2026-04-01 10:20:27]   Subject 51: n_windows=100 class_counts=[25, 25, 25, 25]

[2026-04-01 10:20:27] Validated sampling rate target: 128 Hz
[2026-04-01 10:20:27] Validated window sample count:   536
[2026-04-01 10:20:27] Validated window duration:       4.1875 s
[2026-04-01 10:20:27] Validated channel count:         62
[2026-04-01 10:20:27] Total windows retained:          100
[2026-04-01 10:20:27] Preprocessing sanity checks:
[2026-04-01 10:20:27]   One sample label: 1
[2026-04-01 10:20:27]   One sample shape: (62, 536)
[2026-04-01 10:20:27]   Mean(abs(signal)): 4.094026e+00
[2026-04-01 10:20:27]   Mean(signal):      7.346552e-09
[2026-04-01 10:20:27]   Std(signal):       5.860601e+00
[2026-04-01 10:20:27] Building model with input window duration: 4.1875 s
[2026-04-01 10:20:27] SignalJEPA_PreLocal instantiated successfully.
[2026-04-01 10:20:27]   Total parameters:     18,192
[2026-04-01 10:20:27]   Trainable parameters: 18,192
[2026-04-01 10:20:27] ======================================================================================================================================================
Layer (type (var_name):depth-idx)                  Input Shape               Output Shape              Param #                   Kernel Shape
======================================================================================================================================================
SignalJEPA_PreLocal (SignalJEPA_PreLocal)          [1, 62, 536]              [1, 4]                    --                        --
├─Sequential (spatial_conv): 1-1                   [1, 62, 536]              [1, 4, 536]               --                        --
│    └─Rearrange (0): 2-1                          [1, 62, 536]              [1, 1, 62, 536]           --                        --
│    └─Conv2d (1): 2-2                             [1, 1, 62, 536]           [1, 4, 1, 536]            252                       [62, 1]
│    └─Rearrange (2): 2-3                          [1, 4, 1, 536]            [1, 4, 536]               --                        --
├─_ConvFeatureEncoder (feature_encoder): 1-2       [1, 4, 536]               [1, 16, 64]               --                        --
│    └─Rearrange (0): 2-4                          [1, 4, 536]               [4, 1, 536]               --                        --
│    └─Sequential (1): 2-5                         [4, 1, 536]               [4, 8, 64]                --                        --
│    │    └─Conv1d (0): 3-1                        [4, 1, 536]               [4, 8, 64]                256                       [32]
│    │    └─Dropout (1): 3-2                       [4, 8, 64]                [4, 8, 64]                --                        --
│    │    └─GroupNorm (2): 3-3                     [4, 8, 64]                [4, 8, 64]                16                        --
│    │    └─GELU (3): 3-4                          [4, 8, 64]                [4, 8, 64]                --                        --
│    └─Sequential (2): 2-6                         [4, 8, 64]                [4, 16, 32]               --                        --
│    │    └─Conv1d (0): 3-5                        [4, 8, 64]                [4, 16, 32]               256                       [2]
│    │    └─Dropout (1): 3-6                       [4, 16, 32]               [4, 16, 32]               --                        --
│    │    └─GELU (2): 3-7                          [4, 16, 32]               [4, 16, 32]               --                        --
│    └─Sequential (3): 2-7                         [4, 16, 32]               [4, 32, 16]               --                        --
│    │    └─Conv1d (0): 3-8                        [4, 16, 32]               [4, 32, 16]               1,024                     [2]
│    │    └─Dropout (1): 3-9                       [4, 32, 16]               [4, 32, 16]               --                        --
│    │    └─GELU (2): 3-10                         [4, 32, 16]               [4, 32, 16]               --                        --
│    └─Sequential (4): 2-8                         [4, 32, 16]               [4, 64, 8]                --                        --
│    │    └─Conv1d (0): 3-11                       [4, 32, 16]               [4, 64, 8]                4,096                     [2]
│    │    └─Dropout (1): 3-12                      [4, 64, 8]                [4, 64, 8]                --                        --
│    │    └─GELU (2): 3-13                         [4, 64, 8]                [4, 64, 8]                --                        --
│    └─Sequential (5): 2-9                         [4, 64, 8]                [4, 64, 4]                --                        --
│    │    └─Conv1d (0): 3-14                       [4, 64, 8]                [4, 64, 4]                8,192                     [2]
│    │    └─Dropout (1): 3-15                      [4, 64, 4]                [4, 64, 4]                --                        --
│    │    └─GELU (2): 3-16                         [4, 64, 4]                [4, 64, 4]                --                        --
│    └─Rearrange (6): 2-10                         [4, 64, 4]                [1, 16, 64]               --                        --
├─Sequential (final_layer): 1-3                    [1, 16, 64]               [1, 4]                    --                        --
│    └─Flatten (0): 2-11                           [1, 16, 64]               [1, 1024]                 --                        --
│    └─Linear (1): 2-12                            [1, 1024]                 [1, 4]                    4,100                     --
======================================================================================================================================================
Total params: 18,192
Trainable params: 18,192
Non-trainable params: 0
Total mult-adds (Units.MEGABYTES): 0.57
======================================================================================================================================================
Input size (MB): 0.13
Forward/backward pass size (MB): 0.11
Params size (MB): 0.07
Estimated Total Size (MB): 0.31
======================================================================================================================================================
[2026-04-01 10:20:27] Initializing from 16s-60 pretrained checkpoint (Hugging Face):
[2026-04-01 10:20:27]   https://huggingface.co/braindecode/SignalJEPA/resolve/main/signal-jepa_16s-60_adeuwv4s.pth
[2026-04-01 10:20:27]   Downloaded 179 keys
[2026-04-01 10:20:27] ======================================================================
[2026-04-01 10:20:27] STARTING CROSS-VALIDATION
[2026-04-01 10:20:27] ======================================================================
[2026-04-01 10:20:27] Subjects:      [51]
[2026-04-01 10:20:27] CV folds:      5
[2026-04-01 10:20:27] Batch size:    16
[2026-04-01 10:20:27] Max epochs:    5000
[2026-04-01 10:20:27] Device:        cpu
[2026-04-01 10:20:27] Seed control:  True
[2026-04-01 10:20:27] Base seed:     4025
[2026-04-01 10:20:27] ======================================================================

[2026-04-01 10:20:27] Subject 51: 100 windows class_counts=[25, 25, 25, 25]
[2026-04-01 10:20:27]   Fold 1 split seed: 4026
[2026-04-01 10:20:27]   Fold 1 split class counts:
[2026-04-01 10:20:27]     train=[15, 15, 15, 15] val=[5, 5, 5, 5] test=[5, 5, 5, 5]
[2026-04-01 10:20:27]   Fold 2 split seed: 4027
[2026-04-01 10:20:27]   Fold 2 split class counts:
[2026-04-01 10:20:27]     train=[15, 15, 15, 15] val=[5, 5, 5, 5] test=[5, 5, 5, 5]
[2026-04-01 10:20:27]   Fold 3 split seed: 4028
[2026-04-01 10:20:27]   Fold 3 split class counts:
[2026-04-01 10:20:27]     train=[15, 15, 15, 15] val=[5, 5, 5, 5] test=[5, 5, 5, 5]
[2026-04-01 10:20:27]   Fold 4 split seed: 4029
[2026-04-01 10:20:27]   Fold 4 split class counts:
[2026-04-01 10:20:27]     train=[15, 15, 15, 15] val=[5, 5, 5, 5] test=[5, 5, 5, 5]
[2026-04-01 10:20:27]   Fold 5 split seed: 4030
[2026-04-01 10:20:27]   Fold 5 split class counts:
[2026-04-01 10:20:27]     train=[15, 15, 15, 15] val=[5, 5, 5, 5] test=[5, 5, 5, 5]
[2026-04-01 10:20:27]   Subject 51 Fold 1 seed: 9126
[2026-04-01 10:20:27]   Subject 51 Fold 1: n_train=60 n_val=20 n_test=20
[2026-04-01 10:20:27]     Train class counts: [15, 15, 15, 15]
[2026-04-01 10:20:27]     Val class counts:   [5, 5, 5, 5]
[2026-04-01 10:20:27]     Test class counts:  [5, 5, 5, 5]
[2026-04-01 10:20:27] Building model with input window duration: 4.1875 s
[2026-04-01 10:20:27] Pretrained weight loading:
[2026-04-01 10:20:27]   Downloaded keys:        179
[2026-04-01 10:20:27]   Filtered (transformer): 172
[2026-04-01 10:20:27]   Filtered (pos_encoder): 0
[2026-04-01 10:20:27]   Keys to load:           7
[2026-04-01 10:20:27]   Missing keys:           4
[2026-04-01 10:20:27]   Unexpected keys:        0
[2026-04-01 10:20:27]   Missing preview:        ['spatial_conv.1.weight', 'spatial_conv.1.bias', 'final_layer.1.weight', 'final_layer.1.bias']
[2026-04-01 10:20:27]   Unexpected preview:     []
[2026-04-01 10:20:27] Encoder freeze configuration:
[2026-04-01 10:20:27]   Total parameters:        18,192
[2026-04-01 10:20:27]   Trainable parameters:    4,352
[2026-04-01 10:20:27]   Training percentage:     23.9%
[2026-04-01 10:20:27]   Trainable layers: 4
[2026-04-01 10:20:27]     - final_layer.1.bias
[2026-04-01 10:20:27]     - final_layer.1.weight
[2026-04-01 10:20:27]     - spatial_conv.1.bias
[2026-04-01 10:20:27]     - spatial_conv.1.weight
[2026-04-01 10:20:27]     Train generator seeded: True
[2026-04-01 10:20:29]     Stopped epoch:            147
[2026-04-01 10:20:29]     Best epoch (valid_loss):  47
[2026-04-01 10:20:29]     Best valid_loss:          1.3706816673278808
[2026-04-01 10:20:29]     Test accuracy (primary):  0.3500
[2026-04-01 10:20:29]     Test balanced acc:        0.3500
[2026-04-01 10:20:29]     Confusion matrix:         [[1, 1, 1, 2], [2, 0, 1, 2], [0, 0, 3, 2], [1, 1, 0, 3]]
[2026-04-01 10:20:29]     Prediction histogram:     [4, 2, 5, 9]
[2026-04-01 10:20:29]     fold_acc=0.3500 fold_bal_acc=0.3500 cm=[[1, 1, 1, 2], [2, 0, 1, 2], [0, 0, 3, 2], [1, 1, 0, 3]]
[2026-04-01 10:20:29]   Subject 51 Fold 2 seed: 9127
[2026-04-01 10:20:29]   Subject 51 Fold 2: n_train=60 n_val=20 n_test=20
[2026-04-01 10:20:29]     Train class counts: [15, 15, 15, 15]
[2026-04-01 10:20:29]     Val class counts:   [5, 5, 5, 5]
[2026-04-01 10:20:29]     Test class counts:  [5, 5, 5, 5]
[2026-04-01 10:20:29] Building model with input window duration: 4.1875 s
[2026-04-01 10:20:29] Pretrained weight loading:
[2026-04-01 10:20:29]   Downloaded keys:        179
[2026-04-01 10:20:29]   Filtered (transformer): 172
[2026-04-01 10:20:29]   Filtered (pos_encoder): 0
[2026-04-01 10:20:29]   Keys to load:           7
[2026-04-01 10:20:29]   Missing keys:           4
[2026-04-01 10:20:29]   Unexpected keys:        0
[2026-04-01 10:20:29]   Missing preview:        ['spatial_conv.1.weight', 'spatial_conv.1.bias', 'final_layer.1.weight', 'final_layer.1.bias']
[2026-04-01 10:20:29]   Unexpected preview:     []
[2026-04-01 10:20:29] Encoder freeze configuration:
[2026-04-01 10:20:29]   Total parameters:        18,192
[2026-04-01 10:20:29]   Trainable parameters:    4,352
[2026-04-01 10:20:29]   Training percentage:     23.9%
[2026-04-01 10:20:29]   Trainable layers: 4
[2026-04-01 10:20:29]     - final_layer.1.bias
[2026-04-01 10:20:29]     - final_layer.1.weight
[2026-04-01 10:20:29]     - spatial_conv.1.bias
[2026-04-01 10:20:29]     - spatial_conv.1.weight
[2026-04-01 10:20:29]     Train generator seeded: True
[2026-04-01 10:20:31]     Stopped epoch:            191
[2026-04-01 10:20:31]     Best epoch (valid_loss):  91
[2026-04-01 10:20:31]     Best valid_loss:          1.3467867136001588
[2026-04-01 10:20:31]     Test accuracy (primary):  0.1500
[2026-04-01 10:20:31]     Test balanced acc:        0.1500
[2026-04-01 10:20:31]     Confusion matrix:         [[3, 1, 1, 0], [1, 0, 2, 2], [2, 2, 0, 1], [0, 2, 3, 0]]
[2026-04-01 10:20:31]     Prediction histogram:     [6, 5, 6, 3]
[2026-04-01 10:20:31]     fold_acc=0.1500 fold_bal_acc=0.1500 cm=[[3, 1, 1, 0], [1, 0, 2, 2], [2, 2, 0, 1], [0, 2, 3, 0]]
[2026-04-01 10:20:31]   Subject 51 Fold 3 seed: 9128
[2026-04-01 10:20:31]   Subject 51 Fold 3: n_train=60 n_val=20 n_test=20
[2026-04-01 10:20:31]     Train class counts: [15, 15, 15, 15]
[2026-04-01 10:20:31]     Val class counts:   [5, 5, 5, 5]
[2026-04-01 10:20:31]     Test class counts:  [5, 5, 5, 5]
[2026-04-01 10:20:31] Building model with input window duration: 4.1875 s
[2026-04-01 10:20:31] Pretrained weight loading:
[2026-04-01 10:20:31]   Downloaded keys:        179
[2026-04-01 10:20:31]   Filtered (transformer): 172
[2026-04-01 10:20:31]   Filtered (pos_encoder): 0
[2026-04-01 10:20:31]   Keys to load:           7
[2026-04-01 10:20:31]   Missing keys:           4
[2026-04-01 10:20:31]   Unexpected keys:        0
[2026-04-01 10:20:31]   Missing preview:        ['spatial_conv.1.weight', 'spatial_conv.1.bias', 'final_layer.1.weight', 'final_layer.1.bias']
[2026-04-01 10:20:31]   Unexpected preview:     []
[2026-04-01 10:20:31] Encoder freeze configuration:
[2026-04-01 10:20:31]   Total parameters:        18,192
[2026-04-01 10:20:31]   Trainable parameters:    4,352
[2026-04-01 10:20:31]   Training percentage:     23.9%
[2026-04-01 10:20:31]   Trainable layers: 4
[2026-04-01 10:20:31]     - final_layer.1.bias
[2026-04-01 10:20:31]     - final_layer.1.weight
[2026-04-01 10:20:31]     - spatial_conv.1.bias
[2026-04-01 10:20:31]     - spatial_conv.1.weight
[2026-04-01 10:20:31]     Train generator seeded: True
[2026-04-01 10:20:32]     Stopped epoch:            101
[2026-04-01 10:20:32]     Best epoch (valid_loss):  1
[2026-04-01 10:20:32]     Best valid_loss:          1.3849147796630858
[2026-04-01 10:20:32]     Test accuracy (primary):  0.4000
[2026-04-01 10:20:32]     Test balanced acc:        0.4000
[2026-04-01 10:20:32]     Confusion matrix:         [[0, 0, 1, 4], [0, 0, 1, 4], [0, 0, 4, 1], [0, 0, 1, 4]]
[2026-04-01 10:20:32]     Prediction histogram:     [0, 0, 7, 13]
[2026-04-01 10:20:32]     fold_acc=0.4000 fold_bal_acc=0.4000 cm=[[0, 0, 1, 4], [0, 0, 1, 4], [0, 0, 4, 1], [0, 0, 1, 4]]
[2026-04-01 10:20:32]   Subject 51 Fold 4 seed: 9129
[2026-04-01 10:20:32]   Subject 51 Fold 4: n_train=60 n_val=20 n_test=20
[2026-04-01 10:20:32]     Train class counts: [15, 15, 15, 15]
[2026-04-01 10:20:32]     Val class counts:   [5, 5, 5, 5]
[2026-04-01 10:20:32]     Test class counts:  [5, 5, 5, 5]
[2026-04-01 10:20:32] Building model with input window duration: 4.1875 s
[2026-04-01 10:20:32] Pretrained weight loading:
[2026-04-01 10:20:32]   Downloaded keys:        179
[2026-04-01 10:20:32]   Filtered (transformer): 172
[2026-04-01 10:20:32]   Filtered (pos_encoder): 0
[2026-04-01 10:20:32]   Keys to load:           7
[2026-04-01 10:20:32]   Missing keys:           4
[2026-04-01 10:20:32]   Unexpected keys:        0
[2026-04-01 10:20:32]   Missing preview:        ['spatial_conv.1.weight', 'spatial_conv.1.bias', 'final_layer.1.weight', 'final_layer.1.bias']
[2026-04-01 10:20:32]   Unexpected preview:     []
[2026-04-01 10:20:32] Encoder freeze configuration:
[2026-04-01 10:20:32]   Total parameters:        18,192
[2026-04-01 10:20:32]   Trainable parameters:    4,352
[2026-04-01 10:20:32]   Training percentage:     23.9%
[2026-04-01 10:20:32]   Trainable layers: 4
[2026-04-01 10:20:32]     - final_layer.1.bias
[2026-04-01 10:20:32]     - final_layer.1.weight
[2026-04-01 10:20:32]     - spatial_conv.1.bias
[2026-04-01 10:20:32]     - spatial_conv.1.weight
[2026-04-01 10:20:32]     Train generator seeded: True
[2026-04-01 10:20:33]     Stopped epoch:            124
[2026-04-01 10:20:33]     Best epoch (valid_loss):  39
[2026-04-01 10:20:33]     Best valid_loss:          1.3788625240325927
[2026-04-01 10:20:33]     Test accuracy (primary):  0.2500
[2026-04-01 10:20:33]     Test balanced acc:        0.2500
[2026-04-01 10:20:33]     Confusion matrix:         [[3, 1, 0, 1], [0, 0, 0, 5], [0, 2, 0, 3], [2, 1, 0, 2]]
[2026-04-01 10:20:33]     Prediction histogram:     [5, 4, 0, 11]
[2026-04-01 10:20:33]     fold_acc=0.2500 fold_bal_acc=0.2500 cm=[[3, 1, 0, 1], [0, 0, 0, 5], [0, 2, 0, 3], [2, 1, 0, 2]]
[2026-04-01 10:20:33]   Subject 51 Fold 5 seed: 9130
[2026-04-01 10:20:33]   Subject 51 Fold 5: n_train=60 n_val=20 n_test=20
[2026-04-01 10:20:33]     Train class counts: [15, 15, 15, 15]
[2026-04-01 10:20:33]     Val class counts:   [5, 5, 5, 5]
[2026-04-01 10:20:33]     Test class counts:  [5, 5, 5, 5]
[2026-04-01 10:20:33] Building model with input window duration: 4.1875 s
[2026-04-01 10:20:33] Pretrained weight loading:
[2026-04-01 10:20:33]   Downloaded keys:        179
[2026-04-01 10:20:33]   Filtered (transformer): 172
[2026-04-01 10:20:33]   Filtered (pos_encoder): 0
[2026-04-01 10:20:33]   Keys to load:           7
[2026-04-01 10:20:33]   Missing keys:           4
[2026-04-01 10:20:33]   Unexpected keys:        0
[2026-04-01 10:20:33]   Missing preview:        ['spatial_conv.1.weight', 'spatial_conv.1.bias', 'final_layer.1.weight', 'final_layer.1.bias']
[2026-04-01 10:20:33]   Unexpected preview:     []
[2026-04-01 10:20:33] Encoder freeze configuration:
[2026-04-01 10:20:33]   Total parameters:        18,192
[2026-04-01 10:20:33]   Trainable parameters:    4,352
[2026-04-01 10:20:33]   Training percentage:     23.9%
[2026-04-01 10:20:33]   Trainable layers: 4
[2026-04-01 10:20:33]     - final_layer.1.bias
[2026-04-01 10:20:33]     - final_layer.1.weight
[2026-04-01 10:20:33]     - spatial_conv.1.bias
[2026-04-01 10:20:33]     - spatial_conv.1.weight
[2026-04-01 10:20:33]     Train generator seeded: True
[2026-04-01 10:20:35]     Stopped epoch:            181
[2026-04-01 10:20:35]     Best epoch (valid_loss):  81
[2026-04-01 10:20:35]     Best valid_loss:          1.316995620727539
[2026-04-01 10:20:35]     Test accuracy (primary):  0.2500
[2026-04-01 10:20:35]     Test balanced acc:        0.2500
[2026-04-01 10:20:35]     Confusion matrix:         [[1, 0, 3, 1], [1, 1, 3, 0], [0, 3, 1, 1], [1, 1, 1, 2]]
[2026-04-01 10:20:35]     Prediction histogram:     [3, 5, 8, 4]
[2026-04-01 10:20:35]     fold_acc=0.2500 fold_bal_acc=0.2500 cm=[[1, 0, 3, 1], [1, 1, 3, 0], [0, 3, 1, 1], [1, 1, 1, 2]]
[2026-04-01 10:20:35]   Subject 51 mean accuracy: 0.2800

[2026-04-01 10:20:35] Total folds completed: 5
[2026-04-01 10:20:35] ======================================================================
[2026-04-01 10:20:35] AGGREGATED RESULTS
[2026-04-01 10:20:35] ======================================================================
[2026-04-01 10:20:35]   Subject 51:  acc=0.2800±0.0872  bal_acc=0.2800±0.0872
[2026-04-01 10:20:35] ----------------------------------------------------------------------
[2026-04-01 10:20:35]   OVERALL:      acc=0.2800±0.0872  bal_acc=0.2800±0.0872
[2026-04-01 10:20:35] ======================================================================
[2026-04-01 10:20:35] CV results saved to:      /home/vegorov/Repos/eeg_jepa_research/artifacts/lee-2019-fine-tuning/SSVEP/20260401_1020_9d703696/cv_results.json
[2026-04-01 10:20:35] Subject metrics saved to: /home/vegorov/Repos/eeg_jepa_research/artifacts/lee-2019-fine-tuning/SSVEP/20260401_1020_9d703696/subject_metrics.json
[2026-04-01 10:20:35] Global metrics saved to:  /home/vegorov/Repos/eeg_jepa_research/artifacts/lee-2019-fine-tuning/SSVEP/20260401_1020_9d703696/global_metrics.json
[2026-04-01 10:20:35] Run metadata saved to:    /home/vegorov/Repos/eeg_jepa_research/artifacts/lee-2019-fine-tuning/SSVEP/20260401_1020_9d703696/run_metadata.json

[2026-04-01 10:20:35] All artifacts in: /home/vegorov/Repos/eeg_jepa_research/artifacts/lee-2019-fine-tuning/SSVEP/20260401_1020_9d703696

[2026-04-01 10:20:35] ======================================================================
[2026-04-01 10:20:35] EXPERIMENT SUMMARY
[2026-04-01 10:20:35] ======================================================================
[2026-04-01 10:20:35] Run ID:    20260401_1020_9d703696
[2026-04-01 10:20:35] Artifacts: /home/vegorov/Repos/eeg_jepa_research/artifacts/lee-2019-fine-tuning/SSVEP/20260401_1020_9d703696

[2026-04-01 10:20:35] Configuration:
[2026-04-01 10:20:35]   Subjects:          [51]
[2026-04-01 10:20:35]   Bandpass:          0.5-40.0 Hz
[2026-04-01 10:20:35]   Resample:          128 Hz
[2026-04-01 10:20:35]   CV folds:          5
[2026-04-01 10:20:35]   Learning rate:     0.001
[2026-04-01 10:20:35]   Batch size:        16
[2026-04-01 10:20:35]   Max epochs:        5000

[2026-04-01 10:20:35] Results:
[2026-04-01 10:20:35]   Mean Accuracy:          0.2800 ± 0.0872
[2026-04-01 10:20:35]   Mean Balanced Accuracy: 0.2800 ± 0.0872
