[2026-03-31 17:08:52] Using device: cpu
[2026-03-31 17:08:52] Seed control enabled: True
[2026-03-31 17:08:52] Base seed: 110
[2026-03-31 17:08:53] Seed initialized: 110
[2026-03-31 17:08:53] ======================================================================
[2026-03-31 17:08:53] CONFIGURATION
[2026-03-31 17:08:53] ======================================================================
[2026-03-31 17:08:53]   artifact_dir: /home/vegorov/Repos/eeg_jepa_research/artifacts/lee-2019-fine-tuning
[2026-03-31 17:08:53]   bandpass_high: 40.0
[2026-03-31 17:08:53]   bandpass_low: 0.5
[2026-03-31 17:08:53]   batch_size: 16
[2026-03-31 17:08:53]   convert_to_uV: True
[2026-03-31 17:08:53]   cv_folds: 5
[2026-03-31 17:08:53]   device: auto
[2026-03-31 17:08:53]   early_stopping_patience: 50
[2026-03-31 17:08:53]   learning_rate: 0.001
[2026-03-31 17:08:53]   n_epochs: 5000
[2026-03-31 17:08:53]   normalization_method: exponential_moving
[2026-03-31 17:08:53]   normalize: True
[2026-03-31 17:08:53]   paradigm: SSVEP
[2026-03-31 17:08:53]   pretrained_url: https://huggingface.co/braindecode/SignalJEPA/resolve/main/signal-jepa_16s-60_adeuwv4s.pth
[2026-03-31 17:08:53]   seed: 110
[2026-03-31 17:08:53]   set_seed: True
[2026-03-31 17:08:53]   sfreq: 128
[2026-03-31 17:08:53]   subjects_to_use: [51]
[2026-03-31 17:08:53]   val_split: 0.2
[2026-03-31 17:08:53] ======================================================================
[2026-03-31 17:08:53] Config saved to: /home/vegorov/Repos/eeg_jepa_research/artifacts/lee-2019-fine-tuning/SSVEP/20260331_1708_d12880d7/config.json
[2026-03-31 17:08:53] Epoch window configuration:
[2026-03-31 17:08:53]   Target sfreq:                128 Hz
[2026-03-31 17:08:53]   Target duration:             4.190000 s
[2026-03-31 17:08:53]   Window samples (rounded):    536
[2026-03-31 17:08:53]   Base trial samples (4.0 s):  512
[2026-03-31 17:08:53]   Trial stop offset samples:   24
[2026-03-31 17:08:53]   Effective window duration:   4.187500 s
[2026-03-31 17:08:53] Using specified subjects from config: [51]
[2026-03-31 17:08:53] Selected subjects: [51]
[2026-03-31 17:08:53] Expected evaluation folds: 5

[2026-03-31 17:08:53] Building MOABBDataset for Lee2019_SSVEP...
[2026-03-31 17:09:02] MOABBDataset recordings loaded: 1
[2026-03-31 17:09:02] Discovered annotation descriptions (first recording): [np.str_('12.0'), np.str_('5.45'), np.str_('6.67'), np.str_('8.57')]
[2026-03-31 17:09:02] Dataset event_id mapping: {'12.0': 1, '8.57': 2, '6.67': 3, '5.45': 4}
[2026-03-31 17:09:02] Label map (event_code -> class_index): {1: 0, 2: 1, 3: 2, 4: 3}
[2026-03-31 17:09:02] Applying Braindecode preprocessors to MOABBDataset...
[2026-03-31 17:09:05] Preprocessing complete.

[2026-03-31 17:09:05] Post-preprocessing validation
[2026-03-31 17:09:05]   Recordings in DATASET: 1
[2026-03-31 17:09:05]   Unique subject IDs:    ['51']
[2026-03-31 17:09:05]   sfreq (first rec):     128.0 Hz
[2026-03-31 17:09:05]   EEG channel count:     62
[2026-03-31 17:09:05]   First 10 channels:     ['Fp1', 'Fp2', 'F7', 'F3', 'Fz', 'F4', 'F8', 'FC5', 'FC1', 'FC2']
[2026-03-31 17:09:05] Channel consistency summary:
[2026-03-31 17:09:05]   Checked runs: 1
[2026-03-31 17:09:05]   Unique channel counts: [62]
[2026-03-31 17:09:05]   Channel order consistent: True
[2026-03-31 17:09:05] Validated EEG channels: 62
[2026-03-31 17:09:05] First 10 EEG channels: ['Fp1', 'Fp2', 'F7', 'F3', 'Fz', 'F4', 'F8', 'FC5', 'FC1', 'FC2']
[2026-03-31 17:09:05] raw mean_abs=7.185667e-01
[2026-03-31 17:09:05] raw std=9.994354e-01
[2026-03-31 17:09:05] raw first5 channel std= [0.99961116 1.00310995 0.99761256 0.99834366 1.00034493]
[2026-03-31 17:09:05] Requested window samples: 536
[2026-03-31 17:09:05] Base trial samples:       512
[2026-03-31 17:09:05] Stop offset samples:      24
[2026-03-31 17:09:05] Global class counts: [25, 25, 25, 25]
[2026-03-31 17:09:05] Chance level (4-class): 0.25
[2026-03-31 17:09:05] One window shape: (62, 536)
[2026-03-31 17:09:05] One window label: 1
[2026-03-31 17:09:05] Window sample length expected=536, got=536
[2026-03-31 17:09:05] Subjects in window split: [51]
[2026-03-31 17:09:05] Summarizing per-subject windows...
[2026-03-31 17:09:05]   Subject 51: n_windows=100, window_shape=(62, 536), class_counts=[25, 25, 25, 25]
[2026-03-31 17:09:05]    subject_id  n_windows  n_channels  n_times      class_counts
0          51        100          62      536  [25, 25, 25, 25]
[2026-03-31 17:09:05] Window validation summary:
[2026-03-31 17:09:05]   Subject 51: n_windows=100 class_counts=[25, 25, 25, 25]

[2026-03-31 17:09:05] Validated sampling rate target: 128 Hz
[2026-03-31 17:09:05] Validated window sample count:   536
[2026-03-31 17:09:05] Validated window duration:       4.1875 s
[2026-03-31 17:09:05] Validated channel count:         62
[2026-03-31 17:09:05] Total windows retained:          100
[2026-03-31 17:09:05] Preprocessing sanity checks:
[2026-03-31 17:09:05]   One sample label: 1
[2026-03-31 17:09:05]   One sample shape: (62, 536)
[2026-03-31 17:09:05]   Mean(abs(signal)): 4.147301e-01
[2026-03-31 17:09:05]   Mean(signal):      -5.185818e-03
[2026-03-31 17:09:05]   Std(signal):       5.513384e-01
[2026-03-31 17:09:05] Building model with input window duration: 4.1875 s
[2026-03-31 17:09:05] SignalJEPA_PreLocal instantiated successfully.
[2026-03-31 17:09:05]   Total parameters:     18,192
[2026-03-31 17:09:05]   Trainable parameters: 18,192
[2026-03-31 17:09:05] ======================================================================================================================================================
Layer (type (var_name):depth-idx)                  Input Shape               Output Shape              Param #                   Kernel Shape
======================================================================================================================================================
SignalJEPA_PreLocal (SignalJEPA_PreLocal)          [1, 62, 536]              [1, 4]                    --                        --
├─Sequential (spatial_conv): 1-1                   [1, 62, 536]              [1, 4, 536]               --                        --
│    └─Rearrange (0): 2-1                          [1, 62, 536]              [1, 1, 62, 536]           --                        --
│    └─Conv2d (1): 2-2                             [1, 1, 62, 536]           [1, 4, 1, 536]            252                       [62, 1]
│    └─Rearrange (2): 2-3                          [1, 4, 1, 536]            [1, 4, 536]               --                        --
├─_ConvFeatureEncoder (feature_encoder): 1-2       [1, 4, 536]               [1, 16, 64]               --                        --
│    └─Rearrange (0): 2-4                          [1, 4, 536]               [4, 1, 536]               --                        --
│    └─Sequential (1): 2-5                         [4, 1, 536]               [4, 8, 64]                --                        --
│    │    └─Conv1d (0): 3-1                        [4, 1, 536]               [4, 8, 64]                256                       [32]
│    │    └─Dropout (1): 3-2                       [4, 8, 64]                [4, 8, 64]                --                        --
│    │    └─GroupNorm (2): 3-3                     [4, 8, 64]                [4, 8, 64]                16                        --
│    │    └─GELU (3): 3-4                          [4, 8, 64]                [4, 8, 64]                --                        --
│    └─Sequential (2): 2-6                         [4, 8, 64]                [4, 16, 32]               --                        --
│    │    └─Conv1d (0): 3-5                        [4, 8, 64]                [4, 16, 32]               256                       [2]
│    │    └─Dropout (1): 3-6                       [4, 16, 32]               [4, 16, 32]               --                        --
│    │    └─GELU (2): 3-7                          [4, 16, 32]               [4, 16, 32]               --                        --
│    └─Sequential (3): 2-7                         [4, 16, 32]               [4, 32, 16]               --                        --
│    │    └─Conv1d (0): 3-8                        [4, 16, 32]               [4, 32, 16]               1,024                     [2]
│    │    └─Dropout (1): 3-9                       [4, 32, 16]               [4, 32, 16]               --                        --
│    │    └─GELU (2): 3-10                         [4, 32, 16]               [4, 32, 16]               --                        --
│    └─Sequential (4): 2-8                         [4, 32, 16]               [4, 64, 8]                --                        --
│    │    └─Conv1d (0): 3-11                       [4, 32, 16]               [4, 64, 8]                4,096                     [2]
│    │    └─Dropout (1): 3-12                      [4, 64, 8]                [4, 64, 8]                --                        --
│    │    └─GELU (2): 3-13                         [4, 64, 8]                [4, 64, 8]                --                        --
│    └─Sequential (5): 2-9                         [4, 64, 8]                [4, 64, 4]                --                        --
│    │    └─Conv1d (0): 3-14                       [4, 64, 8]                [4, 64, 4]                8,192                     [2]
│    │    └─Dropout (1): 3-15                      [4, 64, 4]                [4, 64, 4]                --                        --
│    │    └─GELU (2): 3-16                         [4, 64, 4]                [4, 64, 4]                --                        --
│    └─Rearrange (6): 2-10                         [4, 64, 4]                [1, 16, 64]               --                        --
├─Sequential (final_layer): 1-3                    [1, 16, 64]               [1, 4]                    --                        --
│    └─Flatten (0): 2-11                           [1, 16, 64]               [1, 1024]                 --                        --
│    └─Linear (1): 2-12                            [1, 1024]                 [1, 4]                    4,100                     --
======================================================================================================================================================
Total params: 18,192
Trainable params: 18,192
Non-trainable params: 0
Total mult-adds (Units.MEGABYTES): 0.57
======================================================================================================================================================
Input size (MB): 0.13
Forward/backward pass size (MB): 0.11
Params size (MB): 0.07
Estimated Total Size (MB): 0.31
======================================================================================================================================================
[2026-03-31 17:09:05] Initializing from 16s-60 pretrained checkpoint (Hugging Face):
[2026-03-31 17:09:05]   https://huggingface.co/braindecode/SignalJEPA/resolve/main/signal-jepa_16s-60_adeuwv4s.pth
[2026-03-31 17:09:05]   Downloaded 179 keys
[2026-03-31 17:09:05] ======================================================================
[2026-03-31 17:09:05] STARTING CROSS-VALIDATION
[2026-03-31 17:09:05] ======================================================================
[2026-03-31 17:09:05] Subjects:      [51]
[2026-03-31 17:09:05] CV folds:      5
[2026-03-31 17:09:05] Batch size:    16
[2026-03-31 17:09:05] Max epochs:    5000
[2026-03-31 17:09:05] Device:        cpu
[2026-03-31 17:09:05] Seed control:  True
[2026-03-31 17:09:05] Base seed:     110
[2026-03-31 17:09:05] ======================================================================

[2026-03-31 17:09:05] Subject 51: 100 windows class_counts=[25, 25, 25, 25]
[2026-03-31 17:09:05]   Fold 1 split seed: 111
[2026-03-31 17:09:05]   Fold 1 split class counts:
[2026-03-31 17:09:05]     train=[16, 16, 16, 16] val=[4, 4, 4, 4] test=[5, 5, 5, 5]
[2026-03-31 17:09:05]   Fold 2 split seed: 112
[2026-03-31 17:09:05]   Fold 2 split class counts:
[2026-03-31 17:09:05]     train=[16, 16, 16, 16] val=[4, 4, 4, 4] test=[5, 5, 5, 5]
[2026-03-31 17:09:05]   Fold 3 split seed: 113
[2026-03-31 17:09:05]   Fold 3 split class counts:
[2026-03-31 17:09:05]     train=[16, 16, 16, 16] val=[4, 4, 4, 4] test=[5, 5, 5, 5]
[2026-03-31 17:09:05]   Fold 4 split seed: 114
[2026-03-31 17:09:05]   Fold 4 split class counts:
[2026-03-31 17:09:05]     train=[16, 16, 16, 16] val=[4, 4, 4, 4] test=[5, 5, 5, 5]
[2026-03-31 17:09:05]   Fold 5 split seed: 115
[2026-03-31 17:09:05]   Fold 5 split class counts:
[2026-03-31 17:09:05]     train=[16, 16, 16, 16] val=[4, 4, 4, 4] test=[5, 5, 5, 5]
[2026-03-31 17:09:05]   Subject 51 Fold 1 seed: 5211
[2026-03-31 17:09:05]   Subject 51 Fold 1: n_train=64 n_val=16 n_test=20
[2026-03-31 17:09:05]     Train class counts: [16, 16, 16, 16]
[2026-03-31 17:09:05]     Val class counts:   [4, 4, 4, 4]
[2026-03-31 17:09:05]     Test class counts:  [5, 5, 5, 5]
[2026-03-31 17:09:05] Building model with input window duration: 4.1875 s
[2026-03-31 17:09:05] Pretrained weight loading:
[2026-03-31 17:09:05]   Downloaded keys:        179
[2026-03-31 17:09:05]   Filtered (transformer): 172
[2026-03-31 17:09:05]   Filtered (pos_encoder): 0
[2026-03-31 17:09:05]   Keys to load:           7
[2026-03-31 17:09:05]   Missing keys:           4
[2026-03-31 17:09:05]   Unexpected keys:        0
[2026-03-31 17:09:05]   Missing preview:        ['spatial_conv.1.weight', 'spatial_conv.1.bias', 'final_layer.1.weight', 'final_layer.1.bias']
[2026-03-31 17:09:05]   Unexpected preview:     []
[2026-03-31 17:09:05] Encoder freeze configuration:
[2026-03-31 17:09:05]   Total parameters:        18,192
[2026-03-31 17:09:05]   Trainable parameters:    4,352
[2026-03-31 17:09:05]   Training percentage:     23.9%
[2026-03-31 17:09:05]   Trainable layers: 4
[2026-03-31 17:09:05]     - final_layer.1.bias
[2026-03-31 17:09:05]     - final_layer.1.weight
[2026-03-31 17:09:05]     - spatial_conv.1.bias
[2026-03-31 17:09:05]     - spatial_conv.1.weight
[2026-03-31 17:09:05]     Train generator seeded: True
[2026-03-31 17:09:09]     Stopped epoch:            324
[2026-03-31 17:09:09]     Best epoch (valid_loss):  274
[2026-03-31 17:09:09]     Best valid_loss:          1.1796882152557373
[2026-03-31 17:09:09]     Test accuracy (primary):  0.4500
[2026-03-31 17:09:09]     Test balanced acc:        0.4500
[2026-03-31 17:09:09]     Confusion matrix:         [[2, 1, 0, 2], [0, 3, 1, 1], [2, 1, 1, 1], [1, 1, 0, 3]]
[2026-03-31 17:09:09]     Prediction histogram:     [5, 6, 2, 7]
[2026-03-31 17:09:09]     fold_acc=0.4500 fold_bal_acc=0.4500 cm=[[2, 1, 0, 2], [0, 3, 1, 1], [2, 1, 1, 1], [1, 1, 0, 3]]
[2026-03-31 17:09:09]   Subject 51 Fold 2 seed: 5212
[2026-03-31 17:09:09]   Subject 51 Fold 2: n_train=64 n_val=16 n_test=20
[2026-03-31 17:09:09]     Train class counts: [16, 16, 16, 16]
[2026-03-31 17:09:09]     Val class counts:   [4, 4, 4, 4]
[2026-03-31 17:09:09]     Test class counts:  [5, 5, 5, 5]
[2026-03-31 17:09:09] Building model with input window duration: 4.1875 s
[2026-03-31 17:09:09] Pretrained weight loading:
[2026-03-31 17:09:09]   Downloaded keys:        179
[2026-03-31 17:09:09]   Filtered (transformer): 172
[2026-03-31 17:09:09]   Filtered (pos_encoder): 0
[2026-03-31 17:09:09]   Keys to load:           7
[2026-03-31 17:09:09]   Missing keys:           4
[2026-03-31 17:09:09]   Unexpected keys:        0
[2026-03-31 17:09:09]   Missing preview:        ['spatial_conv.1.weight', 'spatial_conv.1.bias', 'final_layer.1.weight', 'final_layer.1.bias']
[2026-03-31 17:09:09]   Unexpected preview:     []
[2026-03-31 17:09:09] Encoder freeze configuration:
[2026-03-31 17:09:09]   Total parameters:        18,192
[2026-03-31 17:09:09]   Trainable parameters:    4,352
[2026-03-31 17:09:09]   Training percentage:     23.9%
[2026-03-31 17:09:09]   Trainable layers: 4
[2026-03-31 17:09:09]     - final_layer.1.bias
[2026-03-31 17:09:09]     - final_layer.1.weight
[2026-03-31 17:09:09]     - spatial_conv.1.bias
[2026-03-31 17:09:09]     - spatial_conv.1.weight
[2026-03-31 17:09:09]     Train generator seeded: True
[2026-03-31 17:09:10]     Stopped epoch:            95
[2026-03-31 17:09:10]     Best epoch (valid_loss):  45
[2026-03-31 17:09:10]     Best valid_loss:          1.3809927701950073
[2026-03-31 17:09:10]     Test accuracy (primary):  0.3500
[2026-03-31 17:09:10]     Test balanced acc:        0.3500
[2026-03-31 17:09:10]     Confusion matrix:         [[1, 1, 1, 2], [1, 1, 1, 2], [1, 1, 2, 1], [0, 1, 1, 3]]
[2026-03-31 17:09:10]     Prediction histogram:     [3, 4, 5, 8]
[2026-03-31 17:09:10]     fold_acc=0.3500 fold_bal_acc=0.3500 cm=[[1, 1, 1, 2], [1, 1, 1, 2], [1, 1, 2, 1], [0, 1, 1, 3]]
[2026-03-31 17:09:10]   Subject 51 Fold 3 seed: 5213
[2026-03-31 17:09:10]   Subject 51 Fold 3: n_train=64 n_val=16 n_test=20
[2026-03-31 17:09:10]     Train class counts: [16, 16, 16, 16]
[2026-03-31 17:09:10]     Val class counts:   [4, 4, 4, 4]
[2026-03-31 17:09:10]     Test class counts:  [5, 5, 5, 5]
[2026-03-31 17:09:10] Building model with input window duration: 4.1875 s
[2026-03-31 17:09:10] Pretrained weight loading:
[2026-03-31 17:09:10]   Downloaded keys:        179
[2026-03-31 17:09:10]   Filtered (transformer): 172
[2026-03-31 17:09:10]   Filtered (pos_encoder): 0
[2026-03-31 17:09:10]   Keys to load:           7
[2026-03-31 17:09:10]   Missing keys:           4
[2026-03-31 17:09:10]   Unexpected keys:        0
[2026-03-31 17:09:10]   Missing preview:        ['spatial_conv.1.weight', 'spatial_conv.1.bias', 'final_layer.1.weight', 'final_layer.1.bias']
[2026-03-31 17:09:10]   Unexpected preview:     []
[2026-03-31 17:09:10] Encoder freeze configuration:
[2026-03-31 17:09:10]   Total parameters:        18,192
[2026-03-31 17:09:10]   Trainable parameters:    4,352
[2026-03-31 17:09:10]   Training percentage:     23.9%
[2026-03-31 17:09:10]   Trainable layers: 4
[2026-03-31 17:09:10]     - final_layer.1.bias
[2026-03-31 17:09:10]     - final_layer.1.weight
[2026-03-31 17:09:10]     - spatial_conv.1.bias
[2026-03-31 17:09:10]     - spatial_conv.1.weight
[2026-03-31 17:09:10]     Train generator seeded: True
[2026-03-31 17:09:12]     Stopped epoch:            130
[2026-03-31 17:09:12]     Best epoch (valid_loss):  80
[2026-03-31 17:09:12]     Best valid_loss:          1.329250693321228
[2026-03-31 17:09:12]     Test accuracy (primary):  0.4500
[2026-03-31 17:09:12]     Test balanced acc:        0.4500
[2026-03-31 17:09:12]     Confusion matrix:         [[2, 1, 1, 1], [0, 1, 2, 2], [2, 0, 3, 0], [1, 1, 0, 3]]
[2026-03-31 17:09:12]     Prediction histogram:     [5, 3, 6, 6]
[2026-03-31 17:09:12]     fold_acc=0.4500 fold_bal_acc=0.4500 cm=[[2, 1, 1, 1], [0, 1, 2, 2], [2, 0, 3, 0], [1, 1, 0, 3]]
[2026-03-31 17:09:12]   Subject 51 Fold 4 seed: 5214
[2026-03-31 17:09:12]   Subject 51 Fold 4: n_train=64 n_val=16 n_test=20
[2026-03-31 17:09:12]     Train class counts: [16, 16, 16, 16]
[2026-03-31 17:09:12]     Val class counts:   [4, 4, 4, 4]
[2026-03-31 17:09:12]     Test class counts:  [5, 5, 5, 5]
[2026-03-31 17:09:12] Building model with input window duration: 4.1875 s
[2026-03-31 17:09:12] Pretrained weight loading:
[2026-03-31 17:09:12]   Downloaded keys:        179
[2026-03-31 17:09:12]   Filtered (transformer): 172
[2026-03-31 17:09:12]   Filtered (pos_encoder): 0
[2026-03-31 17:09:12]   Keys to load:           7
[2026-03-31 17:09:12]   Missing keys:           4
[2026-03-31 17:09:12]   Unexpected keys:        0
[2026-03-31 17:09:12]   Missing preview:        ['spatial_conv.1.weight', 'spatial_conv.1.bias', 'final_layer.1.weight', 'final_layer.1.bias']
[2026-03-31 17:09:12]   Unexpected preview:     []
[2026-03-31 17:09:12] Encoder freeze configuration:
[2026-03-31 17:09:12]   Total parameters:        18,192
[2026-03-31 17:09:12]   Trainable parameters:    4,352
[2026-03-31 17:09:12]   Training percentage:     23.9%
[2026-03-31 17:09:12]   Trainable layers: 4
[2026-03-31 17:09:12]     - final_layer.1.bias
[2026-03-31 17:09:12]     - final_layer.1.weight
[2026-03-31 17:09:12]     - spatial_conv.1.bias
[2026-03-31 17:09:12]     - spatial_conv.1.weight
[2026-03-31 17:09:12]     Train generator seeded: True
[2026-03-31 17:09:13]     Stopped epoch:            68
[2026-03-31 17:09:13]     Best epoch (valid_loss):  19
[2026-03-31 17:09:13]     Best valid_loss:          1.3803619146347046
[2026-03-31 17:09:13]     Test accuracy (primary):  0.3000
[2026-03-31 17:09:13]     Test balanced acc:        0.3000
[2026-03-31 17:09:13]     Confusion matrix:         [[1, 0, 2, 2], [0, 2, 2, 1], [2, 1, 1, 1], [1, 1, 1, 2]]
[2026-03-31 17:09:13]     Prediction histogram:     [4, 4, 6, 6]
[2026-03-31 17:09:13]     fold_acc=0.3000 fold_bal_acc=0.3000 cm=[[1, 0, 2, 2], [0, 2, 2, 1], [2, 1, 1, 1], [1, 1, 1, 2]]
[2026-03-31 17:09:13]   Subject 51 Fold 5 seed: 5215
[2026-03-31 17:09:13]   Subject 51 Fold 5: n_train=64 n_val=16 n_test=20
[2026-03-31 17:09:13]     Train class counts: [16, 16, 16, 16]
[2026-03-31 17:09:13]     Val class counts:   [4, 4, 4, 4]
[2026-03-31 17:09:13]     Test class counts:  [5, 5, 5, 5]
[2026-03-31 17:09:13] Building model with input window duration: 4.1875 s
[2026-03-31 17:09:13] Pretrained weight loading:
[2026-03-31 17:09:13]   Downloaded keys:        179
[2026-03-31 17:09:13]   Filtered (transformer): 172
[2026-03-31 17:09:13]   Filtered (pos_encoder): 0
[2026-03-31 17:09:13]   Keys to load:           7
[2026-03-31 17:09:13]   Missing keys:           4
[2026-03-31 17:09:13]   Unexpected keys:        0
[2026-03-31 17:09:13]   Missing preview:        ['spatial_conv.1.weight', 'spatial_conv.1.bias', 'final_layer.1.weight', 'final_layer.1.bias']
[2026-03-31 17:09:13]   Unexpected preview:     []
[2026-03-31 17:09:13] Encoder freeze configuration:
[2026-03-31 17:09:13]   Total parameters:        18,192
[2026-03-31 17:09:13]   Trainable parameters:    4,352
[2026-03-31 17:09:13]   Training percentage:     23.9%
[2026-03-31 17:09:13]   Trainable layers: 4
[2026-03-31 17:09:13]     - final_layer.1.bias
[2026-03-31 17:09:13]     - final_layer.1.weight
[2026-03-31 17:09:13]     - spatial_conv.1.bias
[2026-03-31 17:09:13]     - spatial_conv.1.weight
[2026-03-31 17:09:13]     Train generator seeded: True
[2026-03-31 17:09:17]     Stopped epoch:            387
[2026-03-31 17:09:17]     Best epoch (valid_loss):  337
[2026-03-31 17:09:17]     Best valid_loss:          1.137891173362732
[2026-03-31 17:09:17]     Test accuracy (primary):  0.3000
[2026-03-31 17:09:17]     Test balanced acc:        0.3000
[2026-03-31 17:09:17]     Confusion matrix:         [[1, 1, 1, 2], [0, 2, 1, 2], [1, 0, 3, 1], [0, 2, 3, 0]]
[2026-03-31 17:09:17]     Prediction histogram:     [2, 5, 8, 5]
[2026-03-31 17:09:17]     fold_acc=0.3000 fold_bal_acc=0.3000 cm=[[1, 1, 1, 2], [0, 2, 1, 2], [1, 0, 3, 1], [0, 2, 3, 0]]
[2026-03-31 17:09:17]   Subject 51 mean accuracy: 0.3700

[2026-03-31 17:09:17] Total folds completed: 5
[2026-03-31 17:09:17] ======================================================================
[2026-03-31 17:09:17] AGGREGATED RESULTS
[2026-03-31 17:09:17] ======================================================================
[2026-03-31 17:09:17]   Subject 51:  acc=0.3700±0.0678  bal_acc=0.3700±0.0678
[2026-03-31 17:09:17] ----------------------------------------------------------------------
[2026-03-31 17:09:17]   OVERALL:      acc=0.3700±0.0678  bal_acc=0.3700±0.0678
[2026-03-31 17:09:17] ======================================================================
[2026-03-31 17:09:17] CV results saved to:      /home/vegorov/Repos/eeg_jepa_research/artifacts/lee-2019-fine-tuning/SSVEP/20260331_1708_d12880d7/cv_results.json
[2026-03-31 17:09:17] Subject metrics saved to: /home/vegorov/Repos/eeg_jepa_research/artifacts/lee-2019-fine-tuning/SSVEP/20260331_1708_d12880d7/subject_metrics.json
[2026-03-31 17:09:17] Global metrics saved to:  /home/vegorov/Repos/eeg_jepa_research/artifacts/lee-2019-fine-tuning/SSVEP/20260331_1708_d12880d7/global_metrics.json
[2026-03-31 17:09:17] Run metadata saved to:    /home/vegorov/Repos/eeg_jepa_research/artifacts/lee-2019-fine-tuning/SSVEP/20260331_1708_d12880d7/run_metadata.json

[2026-03-31 17:09:17] All artifacts in: /home/vegorov/Repos/eeg_jepa_research/artifacts/lee-2019-fine-tuning/SSVEP/20260331_1708_d12880d7

[2026-03-31 17:09:17] ======================================================================
[2026-03-31 17:09:17] EXPERIMENT SUMMARY
[2026-03-31 17:09:17] ======================================================================
[2026-03-31 17:09:17] Run ID:    20260331_1708_d12880d7
[2026-03-31 17:09:17] Artifacts: /home/vegorov/Repos/eeg_jepa_research/artifacts/lee-2019-fine-tuning/SSVEP/20260331_1708_d12880d7

[2026-03-31 17:09:17] Configuration:
[2026-03-31 17:09:17]   Subjects:          [51]
[2026-03-31 17:09:17]   Bandpass:          0.5-40.0 Hz
[2026-03-31 17:09:17]   Resample:          128 Hz
[2026-03-31 17:09:17]   CV folds:          5
[2026-03-31 17:09:17]   Learning rate:     0.001
[2026-03-31 17:09:17]   Batch size:        16
[2026-03-31 17:09:17]   Max epochs:        5000

[2026-03-31 17:09:17] Results:
[2026-03-31 17:09:17]   Mean Accuracy:          0.3700 ± 0.0678
[2026-03-31 17:09:17]   Mean Balanced Accuracy: 0.3700 ± 0.0678
