[2026-04-03 12:29:38] Using device: mps
[2026-04-03 12:29:38] Seed control enabled: True
[2026-04-03 12:29:38] Base seed: 5
[2026-04-03 12:29:38] Seed initialized: 5
[2026-04-03 12:29:38] ======================================================================
[2026-04-03 12:29:38] CONFIGURATION
[2026-04-03 12:29:38] ======================================================================
[2026-04-03 12:29:38]   artifact_dir: /Users/vadim/Documents/School/Spring 2026/CSCE A698 Individual Research/EEG_JEPA/artifacts/lee-2019-fine-tuning
[2026-04-03 12:29:38]   bandpass_high: 40.0
[2026-04-03 12:29:38]   bandpass_low: 0.5
[2026-04-03 12:29:38]   batch_size: 16
[2026-04-03 12:29:38]   convert_to_uV: True
[2026-04-03 12:29:38]   criterion: None
[2026-04-03 12:29:38]   cv_folds: 5
[2026-04-03 12:29:38]   device: auto
[2026-04-03 12:29:38]   early_stopping_patience: 50
[2026-04-03 12:29:38]   learning_rate: 0.001
[2026-04-03 12:29:38]   n_epochs: 5000
[2026-04-03 12:29:38]   normalization_method: None
[2026-04-03 12:29:38]   normalize: False
[2026-04-03 12:29:38]   optimizer: Adam
[2026-04-03 12:29:38]   paradigm: SSVEP
[2026-04-03 12:29:38]   pretrained_url: https://huggingface.co/braindecode/SignalJEPA/resolve/main/signal-jepa_16s-60_adeuwv4s.pth
[2026-04-03 12:29:38]   seed: 5
[2026-04-03 12:29:38]   set_eeg_reference: True
[2026-04-03 12:29:38]   set_seed: True
[2026-04-03 12:29:38]   sfreq: 128
[2026-04-03 12:29:38]   subjects_to_use: [51]
[2026-04-03 12:29:38]   val_split: 0.2
[2026-04-03 12:29:38] ======================================================================
[2026-04-03 12:29:38] Config saved to: /Users/vadim/Documents/School/Spring 2026/CSCE A698 Individual Research/EEG_JEPA/artifacts/lee-2019-fine-tuning/SSVEP/20260403_1229_3e53f962/config.json
[2026-04-03 12:29:38] Epoch window configuration:
[2026-04-03 12:29:38]   Target sfreq:                128 Hz
[2026-04-03 12:29:38]   Target duration:             4.190000 s
[2026-04-03 12:29:38]   Window samples (rounded):    536
[2026-04-03 12:29:38]   Base trial samples (4.0 s):  512
[2026-04-03 12:29:38]   Trial stop offset samples:   24
[2026-04-03 12:29:38]   Effective window duration:   4.187500 s
[2026-04-03 12:29:38] Using specified subjects from config: [51]
[2026-04-03 12:29:38] Selected subjects: [51]
[2026-04-03 12:29:38] Expected evaluation folds: 5

[2026-04-03 12:29:38] Building MOABBDataset for Lee2019_SSVEP...
[2026-04-03 12:29:51] MOABBDataset recordings loaded: 2
[2026-04-03 12:29:51] Discovered annotation descriptions (first recording): [np.str_('12.0'), np.str_('5.45'), np.str_('6.67'), np.str_('8.57')]
[2026-04-03 12:29:51] Dataset event_id mapping: {'12.0': 1, '8.57': 2, '6.67': 3, '5.45': 4}
[2026-04-03 12:29:51] Label map (event_code -> class_index): {1: 0, 2: 1, 3: 2, 4: 3}
[2026-04-03 12:29:51] Applying Braindecode preprocessors to MOABBDataset...
[2026-04-03 12:29:59] Preprocessing complete.

[2026-04-03 12:29:59] Post-preprocessing validation
[2026-04-03 12:29:59]   Recordings in DATASET: 2
[2026-04-03 12:29:59]   Unique subject IDs:    ['51']
[2026-04-03 12:29:59]   sfreq (first rec):     128.0 Hz
[2026-04-03 12:29:59]   EEG channel count:     62
[2026-04-03 12:29:59]   First 10 channels:     ['Fp1', 'Fp2', 'F7', 'F3', 'Fz', 'F4', 'F8', 'FC5', 'FC1', 'FC2']
[2026-04-03 12:29:59] Channel consistency summary:
[2026-04-03 12:29:59]   Checked runs: 2
[2026-04-03 12:29:59]   Unique channel counts: [62]
[2026-04-03 12:29:59]   Channel order consistent: True
[2026-04-03 12:29:59] Validated EEG channels: 62
[2026-04-03 12:29:59] First 10 EEG channels: ['Fp1', 'Fp2', 'F7', 'F3', 'Fz', 'F4', 'F8', 'FC5', 'FC1', 'FC2']
[2026-04-03 12:29:59] raw mean_abs=6.206608e+00
[2026-04-03 12:29:59] raw std=2.712803e+01
[2026-04-03 12:29:59] raw first5 channel std= [30.27595633 56.56813395 13.75714116  8.89857459  7.91183515]
[2026-04-03 12:29:59] Requested window samples: 536
[2026-04-03 12:29:59] Base trial samples:       512
[2026-04-03 12:29:59] Stop offset samples:      24
[2026-04-03 12:29:59] Global class counts: [50, 50, 50, 50]
[2026-04-03 12:29:59] Chance level (4-class): 0.25
[2026-04-03 12:29:59] One window shape: (62, 536)
[2026-04-03 12:29:59] One window label: 2
[2026-04-03 12:29:59] Window sample length expected=536, got=536
[2026-04-03 12:29:59] Subjects in window split: [51]
[2026-04-03 12:29:59] Summarizing per-subject windows...
[2026-04-03 12:29:59]   Subject 51: n_windows=200, window_shape=(62, 536), class_counts=[50, 50, 50, 50]
[2026-04-03 12:29:59]    subject_id  n_windows  n_channels  n_times      class_counts
0          51        200          62      536  [50, 50, 50, 50]
[2026-04-03 12:29:59] Window validation summary:
[2026-04-03 12:29:59]   Subject 51: n_windows=200 class_counts=[50, 50, 50, 50]

[2026-04-03 12:29:59] Validated sampling rate target: 128 Hz
[2026-04-03 12:29:59] Validated window sample count:   536
[2026-04-03 12:29:59] Validated window duration:       4.1875 s
[2026-04-03 12:29:59] Validated channel count:         62
[2026-04-03 12:29:59] Total windows retained:          200
[2026-04-03 12:29:59] Preprocessing sanity checks:
[2026-04-03 12:29:59]   One sample label: 2
[2026-04-03 12:29:59]   One sample shape: (62, 536)
[2026-04-03 12:29:59]   Mean(abs(signal)): 7.808386e+00
[2026-04-03 12:29:59]   Mean(signal):      -1.469310e-08
[2026-04-03 12:29:59]   Std(signal):       1.102899e+01
[2026-04-03 12:29:59] Building model with input window duration: 4.1875 s
[2026-04-03 12:29:59] SignalJEPA_PreLocal instantiated successfully.
[2026-04-03 12:29:59]   Total parameters:     18,192
[2026-04-03 12:29:59]   Trainable parameters: 18,192
[2026-04-03 12:29:59] ======================================================================================================================================================
Layer (type (var_name):depth-idx)                  Input Shape               Output Shape              Param #                   Kernel Shape
======================================================================================================================================================
SignalJEPA_PreLocal (SignalJEPA_PreLocal)          [1, 62, 536]              [1, 4]                    --                        --
├─Sequential (spatial_conv): 1-1                   [1, 62, 536]              [1, 4, 536]               --                        --
│    └─Rearrange (0): 2-1                          [1, 62, 536]              [1, 1, 62, 536]           --                        --
│    └─Conv2d (1): 2-2                             [1, 1, 62, 536]           [1, 4, 1, 536]            252                       [62, 1]
│    └─Rearrange (2): 2-3                          [1, 4, 1, 536]            [1, 4, 536]               --                        --
├─_ConvFeatureEncoder (feature_encoder): 1-2       [1, 4, 536]               [1, 16, 64]               --                        --
│    └─Rearrange (0): 2-4                          [1, 4, 536]               [4, 1, 536]               --                        --
│    └─Sequential (1): 2-5                         [4, 1, 536]               [4, 8, 64]                --                        --
│    │    └─Conv1d (0): 3-1                        [4, 1, 536]               [4, 8, 64]                256                       [32]
│    │    └─Dropout (1): 3-2                       [4, 8, 64]                [4, 8, 64]                --                        --
│    │    └─GroupNorm (2): 3-3                     [4, 8, 64]                [4, 8, 64]                16                        --
│    │    └─GELU (3): 3-4                          [4, 8, 64]                [4, 8, 64]                --                        --
│    └─Sequential (2): 2-6                         [4, 8, 64]                [4, 16, 32]               --                        --
│    │    └─Conv1d (0): 3-5                        [4, 8, 64]                [4, 16, 32]               256                       [2]
│    │    └─Dropout (1): 3-6                       [4, 16, 32]               [4, 16, 32]               --                        --
│    │    └─GELU (2): 3-7                          [4, 16, 32]               [4, 16, 32]               --                        --
│    └─Sequential (3): 2-7                         [4, 16, 32]               [4, 32, 16]               --                        --
│    │    └─Conv1d (0): 3-8                        [4, 16, 32]               [4, 32, 16]               1,024                     [2]
│    │    └─Dropout (1): 3-9                       [4, 32, 16]               [4, 32, 16]               --                        --
│    │    └─GELU (2): 3-10                         [4, 32, 16]               [4, 32, 16]               --                        --
│    └─Sequential (4): 2-8                         [4, 32, 16]               [4, 64, 8]                --                        --
│    │    └─Conv1d (0): 3-11                       [4, 32, 16]               [4, 64, 8]                4,096                     [2]
│    │    └─Dropout (1): 3-12                      [4, 64, 8]                [4, 64, 8]                --                        --
│    │    └─GELU (2): 3-13                         [4, 64, 8]                [4, 64, 8]                --                        --
│    └─Sequential (5): 2-9                         [4, 64, 8]                [4, 64, 4]                --                        --
│    │    └─Conv1d (0): 3-14                       [4, 64, 8]                [4, 64, 4]                8,192                     [2]
│    │    └─Dropout (1): 3-15                      [4, 64, 4]                [4, 64, 4]                --                        --
│    │    └─GELU (2): 3-16                         [4, 64, 4]                [4, 64, 4]                --                        --
│    └─Rearrange (6): 2-10                         [4, 64, 4]                [1, 16, 64]               --                        --
├─Sequential (final_layer): 1-3                    [1, 16, 64]               [1, 4]                    --                        --
│    └─Flatten (0): 2-11                           [1, 16, 64]               [1, 1024]                 --                        --
│    └─Linear (1): 2-12                            [1, 1024]                 [1, 4]                    4,100                     --
======================================================================================================================================================
Total params: 18,192
Trainable params: 18,192
Non-trainable params: 0
Total mult-adds (Units.MEGABYTES): 0.57
======================================================================================================================================================
Input size (MB): 0.13
Forward/backward pass size (MB): 0.11
Params size (MB): 0.07
Estimated Total Size (MB): 0.31
======================================================================================================================================================
[2026-04-03 12:29:59] Initializing from 16s-60 pretrained checkpoint (Hugging Face):
[2026-04-03 12:29:59]   https://huggingface.co/braindecode/SignalJEPA/resolve/main/signal-jepa_16s-60_adeuwv4s.pth
[2026-04-03 12:29:59]   Downloaded 179 keys
[2026-04-03 12:29:59] ======================================================================
[2026-04-03 12:29:59] STARTING CROSS-VALIDATION
[2026-04-03 12:29:59] ======================================================================
[2026-04-03 12:29:59] Subjects:      [51]
[2026-04-03 12:29:59] CV folds:      5
[2026-04-03 12:29:59] Batch size:    16
[2026-04-03 12:29:59] Max epochs:    5000
[2026-04-03 12:29:59] Device:        mps
[2026-04-03 12:29:59] Seed control:  True
[2026-04-03 12:29:59] Base seed:     5
[2026-04-03 12:29:59] ======================================================================

[2026-04-03 12:29:59] Subject 51: 200 windows | class_counts=[50, 50, 50, 50]
[2026-04-03 12:29:59]   Fold 1 class counts: train=[32, 32, 32, 32] val=[8, 8, 8, 8] test=[10, 10, 10, 10]
[2026-04-03 12:29:59]   Fold 2 class counts: train=[32, 32, 32, 32] val=[8, 8, 8, 8] test=[10, 10, 10, 10]
[2026-04-03 12:29:59]   Fold 3 class counts: train=[32, 32, 32, 32] val=[8, 8, 8, 8] test=[10, 10, 10, 10]
[2026-04-03 12:29:59]   Fold 4 class counts: train=[32, 32, 32, 32] val=[8, 8, 8, 8] test=[10, 10, 10, 10]
[2026-04-03 12:29:59]   Fold 5 class counts: train=[32, 32, 32, 32] val=[8, 8, 8, 8] test=[10, 10, 10, 10]
[2026-04-03 12:29:59]     Train class counts: [32, 32, 32, 32]
[2026-04-03 12:29:59]     Val class counts:   [8, 8, 8, 8]
[2026-04-03 12:29:59]     Test class counts:  [10, 10, 10, 10]
[2026-04-03 12:29:59] Building model with input window duration: 4.1875 s
[2026-04-03 12:29:59] Pretrained weight loading:
[2026-04-03 12:29:59]   Downloaded keys:        179
[2026-04-03 12:29:59]   Filtered (transformer): 172
[2026-04-03 12:29:59]   Filtered (pos_encoder): 0
[2026-04-03 12:29:59]   Keys to load:           7
[2026-04-03 12:29:59]   Missing keys:           4
[2026-04-03 12:29:59]   Unexpected keys:        0
[2026-04-03 12:29:59]   Missing preview:        ['spatial_conv.1.weight', 'spatial_conv.1.bias', 'final_layer.1.weight', 'final_layer.1.bias']
[2026-04-03 12:29:59]   Unexpected preview:     []
[2026-04-03 12:29:59] Trainable modules: spatial_conv + final_layer (4,352 / 18,192 params, 23.9%)
[2026-04-03 12:29:59]   - final_layer.1.bias
[2026-04-03 12:29:59]   - final_layer.1.weight
[2026-04-03 12:29:59]   - spatial_conv.1.bias
[2026-04-03 12:29:59]   - spatial_conv.1.weight
[2026-04-03 12:30:28]   Fold 1/5 | best_epoch=234 | stop=284 | val_loss=1.2334 | acc=0.3750 | bal_acc=0.3750
[2026-04-03 12:30:28]     Train class counts: [32, 32, 32, 32]
[2026-04-03 12:30:28]     Val class counts:   [8, 8, 8, 8]
[2026-04-03 12:30:28]     Test class counts:  [10, 10, 10, 10]
[2026-04-03 12:30:28] Building model with input window duration: 4.1875 s
[2026-04-03 12:30:28] Pretrained weight loading:
[2026-04-03 12:30:28]   Downloaded keys:        179
[2026-04-03 12:30:28]   Filtered (transformer): 172
[2026-04-03 12:30:28]   Filtered (pos_encoder): 0
[2026-04-03 12:30:28]   Keys to load:           7
[2026-04-03 12:30:28]   Missing keys:           4
[2026-04-03 12:30:28]   Unexpected keys:        0
[2026-04-03 12:30:28]   Missing preview:        ['spatial_conv.1.weight', 'spatial_conv.1.bias', 'final_layer.1.weight', 'final_layer.1.bias']
[2026-04-03 12:30:28]   Unexpected preview:     []
[2026-04-03 12:30:49]   Fold 2/5 | best_epoch=166 | stop=216 | val_loss=1.1789 | acc=0.5250 | bal_acc=0.5250
[2026-04-03 12:30:49]     Train class counts: [32, 32, 32, 32]
[2026-04-03 12:30:49]     Val class counts:   [8, 8, 8, 8]
[2026-04-03 12:30:49]     Test class counts:  [10, 10, 10, 10]
[2026-04-03 12:30:49] Building model with input window duration: 4.1875 s
[2026-04-03 12:30:49] Pretrained weight loading:
[2026-04-03 12:30:49]   Downloaded keys:        179
[2026-04-03 12:30:49]   Filtered (transformer): 172
[2026-04-03 12:30:49]   Filtered (pos_encoder): 0
[2026-04-03 12:30:49]   Keys to load:           7
[2026-04-03 12:30:49]   Missing keys:           4
[2026-04-03 12:30:49]   Unexpected keys:        0
[2026-04-03 12:30:49]   Missing preview:        ['spatial_conv.1.weight', 'spatial_conv.1.bias', 'final_layer.1.weight', 'final_layer.1.bias']
[2026-04-03 12:30:49]   Unexpected preview:     []
[2026-04-03 12:31:07]   Fold 3/5 | best_epoch=134 | stop=184 | val_loss=1.3136 | acc=0.3750 | bal_acc=0.3750
[2026-04-03 12:31:07]     Train class counts: [32, 32, 32, 32]
[2026-04-03 12:31:07]     Val class counts:   [8, 8, 8, 8]
[2026-04-03 12:31:07]     Test class counts:  [10, 10, 10, 10]
[2026-04-03 12:31:07] Building model with input window duration: 4.1875 s
[2026-04-03 12:31:07] Pretrained weight loading:
[2026-04-03 12:31:07]   Downloaded keys:        179
[2026-04-03 12:31:07]   Filtered (transformer): 172
[2026-04-03 12:31:07]   Filtered (pos_encoder): 0
[2026-04-03 12:31:07]   Keys to load:           7
[2026-04-03 12:31:07]   Missing keys:           4
[2026-04-03 12:31:07]   Unexpected keys:        0
[2026-04-03 12:31:07]   Missing preview:        ['spatial_conv.1.weight', 'spatial_conv.1.bias', 'final_layer.1.weight', 'final_layer.1.bias']
[2026-04-03 12:31:07]   Unexpected preview:     []
[2026-04-03 12:31:33]   Fold 4/5 | best_epoch=212 | stop=262 | val_loss=1.1897 | acc=0.4750 | bal_acc=0.4750
[2026-04-03 12:31:33]     Train class counts: [32, 32, 32, 32]
[2026-04-03 12:31:33]     Val class counts:   [8, 8, 8, 8]
[2026-04-03 12:31:33]     Test class counts:  [10, 10, 10, 10]
[2026-04-03 12:31:33] Building model with input window duration: 4.1875 s
[2026-04-03 12:31:33] Pretrained weight loading:
[2026-04-03 12:31:33]   Downloaded keys:        179
[2026-04-03 12:31:33]   Filtered (transformer): 172
[2026-04-03 12:31:33]   Filtered (pos_encoder): 0
[2026-04-03 12:31:33]   Keys to load:           7
[2026-04-03 12:31:33]   Missing keys:           4
[2026-04-03 12:31:33]   Unexpected keys:        0
[2026-04-03 12:31:33]   Missing preview:        ['spatial_conv.1.weight', 'spatial_conv.1.bias', 'final_layer.1.weight', 'final_layer.1.bias']
[2026-04-03 12:31:33]   Unexpected preview:     []
[2026-04-03 12:31:53]   Fold 5/5 | best_epoch=162 | stop=212 | val_loss=1.2829 | acc=0.4500 | bal_acc=0.4500
[2026-04-03 12:31:53]   Subject 51 summary: acc=0.4400±0.0583  bal_acc=0.4400±0.0583

[2026-04-03 12:31:53] Total folds completed: 5
[2026-04-03 12:31:53] ======================================================================
[2026-04-03 12:31:53] AGGREGATED RESULTS
[2026-04-03 12:31:53] ======================================================================
[2026-04-03 12:31:53]   Subject 51:  acc=0.4400±0.0583  bal_acc=0.4400±0.0583
[2026-04-03 12:31:53] ----------------------------------------------------------------------
[2026-04-03 12:31:53]   OVERALL:      acc=0.4400±0.0583  bal_acc=0.4400±0.0583
[2026-04-03 12:31:53] ======================================================================
[2026-04-03 12:31:53] CV results saved to:      /Users/vadim/Documents/School/Spring 2026/CSCE A698 Individual Research/EEG_JEPA/artifacts/lee-2019-fine-tuning/SSVEP/20260403_1229_3e53f962/cv_results.json
[2026-04-03 12:31:53] Subject metrics saved to: /Users/vadim/Documents/School/Spring 2026/CSCE A698 Individual Research/EEG_JEPA/artifacts/lee-2019-fine-tuning/SSVEP/20260403_1229_3e53f962/subject_metrics.json
[2026-04-03 12:31:53] Global metrics saved to:  /Users/vadim/Documents/School/Spring 2026/CSCE A698 Individual Research/EEG_JEPA/artifacts/lee-2019-fine-tuning/SSVEP/20260403_1229_3e53f962/global_metrics.json
[2026-04-03 12:31:53] Run metadata saved to:    /Users/vadim/Documents/School/Spring 2026/CSCE A698 Individual Research/EEG_JEPA/artifacts/lee-2019-fine-tuning/SSVEP/20260403_1229_3e53f962/run_metadata.json

[2026-04-03 12:31:53] All artifacts in: /Users/vadim/Documents/School/Spring 2026/CSCE A698 Individual Research/EEG_JEPA/artifacts/lee-2019-fine-tuning/SSVEP/20260403_1229_3e53f962

[2026-04-03 12:31:53] ======================================================================
[2026-04-03 12:31:53] EXPERIMENT SUMMARY
[2026-04-03 12:31:53] ======================================================================
[2026-04-03 12:31:53] Run ID:    20260403_1229_3e53f962
[2026-04-03 12:31:53] Artifacts: /Users/vadim/Documents/School/Spring 2026/CSCE A698 Individual Research/EEG_JEPA/artifacts/lee-2019-fine-tuning/SSVEP/20260403_1229_3e53f962

[2026-04-03 12:31:53] Configuration:
[2026-04-03 12:31:53]   Subjects:          [51]
[2026-04-03 12:31:53]   Bandpass:          0.5-40.0 Hz
[2026-04-03 12:31:53]   Resample:          128 Hz
[2026-04-03 12:31:53]   CV folds:          5
[2026-04-03 12:31:53]   Learning rate:     0.001
[2026-04-03 12:31:53]   Batch size:        16
[2026-04-03 12:31:53]   Max epochs:        5000

[2026-04-03 12:31:53] Results:
[2026-04-03 12:31:53]   Mean Accuracy:          0.4400 ± 0.0583
[2026-04-03 12:31:53]   Mean Balanced Accuracy: 0.4400 ± 0.0583
