[2026-04-04 13:12:42] Using device: mps
[2026-04-04 13:12:42] Seed control enabled: True
[2026-04-04 13:12:42] Base seed: 6107
[2026-04-04 13:12:43] Seed initialized: 6107
[2026-04-04 13:12:43] ======================================================================
[2026-04-04 13:12:43] CONFIGURATION
[2026-04-04 13:12:43] ======================================================================
[2026-04-04 13:12:43]   artifact_dir: /Users/vadim/Documents/School/Spring 2026/CSCE A698 Individual Research/EEG_JEPA/artifacts/lee-2019-fine-tuning
[2026-04-04 13:12:43]   bandpass_high: 40.0
[2026-04-04 13:12:43]   bandpass_low: 0.5
[2026-04-04 13:12:43]   batch_size: 16
[2026-04-04 13:12:43]   convert_to_uV: True
[2026-04-04 13:12:43]   criterion: None
[2026-04-04 13:12:43]   cv_folds: 5
[2026-04-04 13:12:43]   device: auto
[2026-04-04 13:12:43]   early_stopping_patience: 50
[2026-04-04 13:12:43]   learning_rate: 0.001
[2026-04-04 13:12:43]   n_epochs: 5000
[2026-04-04 13:12:43]   normalization_method: None
[2026-04-04 13:12:43]   normalize: False
[2026-04-04 13:12:43]   optimizer: Adam
[2026-04-04 13:12:43]   paradigm: SSVEP
[2026-04-04 13:12:43]   pretrained_url: https://huggingface.co/braindecode/SignalJEPA/resolve/main/signal-jepa_16s-60_adeuwv4s.pth
[2026-04-04 13:12:43]   requested_trial_duration_s: 4.19
[2026-04-04 13:12:43]   seed: 6107
[2026-04-04 13:12:43]   set_eeg_reference: True
[2026-04-04 13:12:43]   set_seed: True
[2026-04-04 13:12:43]   sfreq: 128
[2026-04-04 13:12:43]   subjects_to_use: [51, 54]
[2026-04-04 13:12:43]   val_split: 0.2
[2026-04-04 13:12:43] ======================================================================
[2026-04-04 13:12:43] Config saved to: /Users/vadim/Documents/School/Spring 2026/CSCE A698 Individual Research/EEG_JEPA/artifacts/lee-2019-fine-tuning/SSVEP/20260404_1312_6511699c/config.json
[2026-04-04 13:12:43] Epoch window configuration:
[2026-04-04 13:12:43]   Target sfreq:                128 Hz
[2026-04-04 13:12:43]   Target duration:             4.190000 s
[2026-04-04 13:12:43]   Window samples (rounded):    536
[2026-04-04 13:12:43]   Base trial samples (4.0 s):  512
[2026-04-04 13:12:43]   Trial stop offset samples:   24
[2026-04-04 13:12:43]   Effective window duration:   4.187500 s
[2026-04-04 13:12:43] Using specified subjects from config: [51, 54]
[2026-04-04 13:12:43] Selected subjects: [51, 54]
[2026-04-04 13:12:43] Expected evaluation folds: 10

[2026-04-04 13:12:43] Building MOABBDataset for Lee2019_SSVEP...
[2026-04-04 13:13:08] MOABBDataset recordings loaded: 4
[2026-04-04 13:13:08] Discovered annotation descriptions (first recording): [np.str_('12.0'), np.str_('5.45'), np.str_('6.67'), np.str_('8.57')]
[2026-04-04 13:13:08] Dataset event_id mapping: {'12.0': 1, '8.57': 2, '6.67': 3, '5.45': 4}
[2026-04-04 13:13:08] Label map (event_code -> class_index): {1: 0, 2: 1, 3: 2, 4: 3}
[2026-04-04 13:13:08] Applying Braindecode preprocessors to MOABBDataset...
[2026-04-04 13:13:23] Preprocessing complete.

[2026-04-04 13:13:23] Post-preprocessing validation
[2026-04-04 13:13:23]   Recordings in DATASET: 4
[2026-04-04 13:13:23]   Unique subject IDs:    ['51', '54']
[2026-04-04 13:13:23]   sfreq (first rec):     128.0 Hz
[2026-04-04 13:13:23]   EEG channel count:     62
[2026-04-04 13:13:23]   First 10 channels:     ['Fp1', 'Fp2', 'F7', 'F3', 'Fz', 'F4', 'F8', 'FC5', 'FC1', 'FC2']
[2026-04-04 13:13:23] Channel consistency summary:
[2026-04-04 13:13:23]   Checked runs: 4
[2026-04-04 13:13:23]   Unique channel counts: [62]
[2026-04-04 13:13:23]   Channel order consistent: True
[2026-04-04 13:13:23] Validated EEG channels: 62
[2026-04-04 13:13:23] First 10 EEG channels: ['Fp1', 'Fp2', 'F7', 'F3', 'Fz', 'F4', 'F8', 'FC5', 'FC1', 'FC2']
[2026-04-04 13:13:23] raw mean_abs=6.206608e+00
[2026-04-04 13:13:23] raw std=2.712803e+01
[2026-04-04 13:13:23] raw first5 channel std= [30.27595633 56.56813395 13.75714116  8.89857459  7.91183515]
[2026-04-04 13:13:23] Requested window samples: 536
[2026-04-04 13:13:23] Base trial samples:       512
[2026-04-04 13:13:23] Stop offset samples:      24
[2026-04-04 13:13:23] Global class counts: [100, 100, 100, 100]
[2026-04-04 13:13:23] Chance level (4-class): 0.25
[2026-04-04 13:13:23] One window shape: (62, 536)
[2026-04-04 13:13:23] One window label: 2
[2026-04-04 13:13:23] Window sample length expected=536, got=536
[2026-04-04 13:13:23] Subjects in window split: [51, 54]
[2026-04-04 13:13:23] Summarizing per-subject windows...
[2026-04-04 13:13:23]   Subject 51: n_windows=200, window_shape=(62, 536), class_counts=[50, 50, 50, 50]
[2026-04-04 13:13:23]   Subject 54: n_windows=200, window_shape=(62, 536), class_counts=[50, 50, 50, 50]
[2026-04-04 13:13:23]    subject_id  n_windows  n_channels  n_times      class_counts
0          51        200          62      536  [50, 50, 50, 50]
1          54        200          62      536  [50, 50, 50, 50]
[2026-04-04 13:13:23] Window validation summary:
[2026-04-04 13:13:23]   Subject 51: n_windows=200 class_counts=[50, 50, 50, 50]
[2026-04-04 13:13:23]   Subject 54: n_windows=200 class_counts=[50, 50, 50, 50]

[2026-04-04 13:13:23] Validated sampling rate target: 128 Hz
[2026-04-04 13:13:23] Validated window sample count:   536
[2026-04-04 13:13:23] Validated window duration:       4.1875 s
[2026-04-04 13:13:23] Validated channel count:         62
[2026-04-04 13:13:23] Total windows retained:          400
[2026-04-04 13:13:23] Preprocessing sanity checks:
[2026-04-04 13:13:23]   One sample label: 2
[2026-04-04 13:13:23]   One sample shape: (62, 536)
[2026-04-04 13:13:23]   Mean(abs(signal)): 7.808386e+00
[2026-04-04 13:13:23]   Mean(signal):      -1.469310e-08
[2026-04-04 13:13:23]   Std(signal):       1.102899e+01
[2026-04-04 13:13:23] Building model with input window duration: 4.1875 s
[2026-04-04 13:13:23] SignalJEPA_PreLocal instantiated successfully.
[2026-04-04 13:13:23]   Total parameters:     18,192
[2026-04-04 13:13:23]   Trainable parameters: 18,192
[2026-04-04 13:13:23] ======================================================================================================================================================
Layer (type (var_name):depth-idx)                  Input Shape               Output Shape              Param #                   Kernel Shape
======================================================================================================================================================
SignalJEPA_PreLocal (SignalJEPA_PreLocal)          [1, 62, 536]              [1, 4]                    --                        --
├─Sequential (spatial_conv): 1-1                   [1, 62, 536]              [1, 4, 536]               --                        --
│    └─Rearrange (0): 2-1                          [1, 62, 536]              [1, 1, 62, 536]           --                        --
│    └─Conv2d (1): 2-2                             [1, 1, 62, 536]           [1, 4, 1, 536]            252                       [62, 1]
│    └─Rearrange (2): 2-3                          [1, 4, 1, 536]            [1, 4, 536]               --                        --
├─_ConvFeatureEncoder (feature_encoder): 1-2       [1, 4, 536]               [1, 16, 64]               --                        --
│    └─Rearrange (0): 2-4                          [1, 4, 536]               [4, 1, 536]               --                        --
│    └─Sequential (1): 2-5                         [4, 1, 536]               [4, 8, 64]                --                        --
│    │    └─Conv1d (0): 3-1                        [4, 1, 536]               [4, 8, 64]                256                       [32]
│    │    └─Dropout (1): 3-2                       [4, 8, 64]                [4, 8, 64]                --                        --
│    │    └─GroupNorm (2): 3-3                     [4, 8, 64]                [4, 8, 64]                16                        --
│    │    └─GELU (3): 3-4                          [4, 8, 64]                [4, 8, 64]                --                        --
│    └─Sequential (2): 2-6                         [4, 8, 64]                [4, 16, 32]               --                        --
│    │    └─Conv1d (0): 3-5                        [4, 8, 64]                [4, 16, 32]               256                       [2]
│    │    └─Dropout (1): 3-6                       [4, 16, 32]               [4, 16, 32]               --                        --
│    │    └─GELU (2): 3-7                          [4, 16, 32]               [4, 16, 32]               --                        --
│    └─Sequential (3): 2-7                         [4, 16, 32]               [4, 32, 16]               --                        --
│    │    └─Conv1d (0): 3-8                        [4, 16, 32]               [4, 32, 16]               1,024                     [2]
│    │    └─Dropout (1): 3-9                       [4, 32, 16]               [4, 32, 16]               --                        --
│    │    └─GELU (2): 3-10                         [4, 32, 16]               [4, 32, 16]               --                        --
│    └─Sequential (4): 2-8                         [4, 32, 16]               [4, 64, 8]                --                        --
│    │    └─Conv1d (0): 3-11                       [4, 32, 16]               [4, 64, 8]                4,096                     [2]
│    │    └─Dropout (1): 3-12                      [4, 64, 8]                [4, 64, 8]                --                        --
│    │    └─GELU (2): 3-13                         [4, 64, 8]                [4, 64, 8]                --                        --
│    └─Sequential (5): 2-9                         [4, 64, 8]                [4, 64, 4]                --                        --
│    │    └─Conv1d (0): 3-14                       [4, 64, 8]                [4, 64, 4]                8,192                     [2]
│    │    └─Dropout (1): 3-15                      [4, 64, 4]                [4, 64, 4]                --                        --
│    │    └─GELU (2): 3-16                         [4, 64, 4]                [4, 64, 4]                --                        --
│    └─Rearrange (6): 2-10                         [4, 64, 4]                [1, 16, 64]               --                        --
├─Sequential (final_layer): 1-3                    [1, 16, 64]               [1, 4]                    --                        --
│    └─Flatten (0): 2-11                           [1, 16, 64]               [1, 1024]                 --                        --
│    └─Linear (1): 2-12                            [1, 1024]                 [1, 4]                    4,100                     --
======================================================================================================================================================
Total params: 18,192
Trainable params: 18,192
Non-trainable params: 0
Total mult-adds (Units.MEGABYTES): 0.57
======================================================================================================================================================
Input size (MB): 0.13
Forward/backward pass size (MB): 0.11
Params size (MB): 0.07
Estimated Total Size (MB): 0.31
======================================================================================================================================================
[2026-04-04 13:13:23] Initializing from 16s-60 pretrained checkpoint (Hugging Face):
[2026-04-04 13:13:23]   https://huggingface.co/braindecode/SignalJEPA/resolve/main/signal-jepa_16s-60_adeuwv4s.pth
[2026-04-04 13:13:23]   Downloaded 179 keys
[2026-04-04 13:13:23] ======================================================================
[2026-04-04 13:13:23] STARTING CROSS-VALIDATION
[2026-04-04 13:13:23] ======================================================================
[2026-04-04 13:13:23] Subjects:      [51, 54]
[2026-04-04 13:13:23] CV folds:      5
[2026-04-04 13:13:23] Batch size:    16
[2026-04-04 13:13:23] Max epochs:    5000
[2026-04-04 13:13:23] Device:        mps
[2026-04-04 13:13:23] Seed control:  True
[2026-04-04 13:13:23] Base seed:     6107
[2026-04-04 13:13:23] ======================================================================

[2026-04-04 13:13:23] Subject 51: 200 windows | class_counts=[50, 50, 50, 50]
[2026-04-04 13:13:23]   Fold 1 class counts: train=[32, 32, 32, 32] val=[8, 8, 8, 8] test=[10, 10, 10, 10]
[2026-04-04 13:13:23]   Fold 2 class counts: train=[32, 32, 32, 32] val=[8, 8, 8, 8] test=[10, 10, 10, 10]
[2026-04-04 13:13:23]   Fold 3 class counts: train=[32, 32, 32, 32] val=[8, 8, 8, 8] test=[10, 10, 10, 10]
[2026-04-04 13:13:23]   Fold 4 class counts: train=[32, 32, 32, 32] val=[8, 8, 8, 8] test=[10, 10, 10, 10]
[2026-04-04 13:13:23]   Fold 5 class counts: train=[32, 32, 32, 32] val=[8, 8, 8, 8] test=[10, 10, 10, 10]
[2026-04-04 13:13:23]     Train class counts: [32, 32, 32, 32]
[2026-04-04 13:13:23]     Val class counts:   [8, 8, 8, 8]
[2026-04-04 13:13:23]     Test class counts:  [10, 10, 10, 10]
[2026-04-04 13:13:23] Building model with input window duration: 4.1875 s
[2026-04-04 13:13:23] Pretrained weight loading:
[2026-04-04 13:13:23]   Downloaded keys:        179
[2026-04-04 13:13:23]   Filtered (transformer): 172
[2026-04-04 13:13:23]   Filtered (pos_encoder): 0
[2026-04-04 13:13:23]   Keys to load:           7
[2026-04-04 13:13:23]   Missing keys:           4
[2026-04-04 13:13:23]   Unexpected keys:        0
[2026-04-04 13:13:23]   Missing preview:        ['spatial_conv.1.weight', 'spatial_conv.1.bias', 'final_layer.1.weight', 'final_layer.1.bias']
[2026-04-04 13:13:23]   Unexpected preview:     []
[2026-04-04 13:13:23] Trainable modules: spatial_conv + final_layer (4,352 / 18,192 params, 23.9%)
[2026-04-04 13:13:23]   - final_layer.1.bias
[2026-04-04 13:13:23]   - final_layer.1.weight
[2026-04-04 13:13:23]   - spatial_conv.1.bias
[2026-04-04 13:13:23]   - spatial_conv.1.weight
[2026-04-04 13:13:42]   Fold 1/5 | best_epoch=183 | stop=233 | val_loss=1.2959 | acc=0.4500 | bal_acc=0.4500
[2026-04-04 13:13:42]     Train class counts: [32, 32, 32, 32]
[2026-04-04 13:13:42]     Val class counts:   [8, 8, 8, 8]
[2026-04-04 13:13:42]     Test class counts:  [10, 10, 10, 10]
[2026-04-04 13:13:42] Building model with input window duration: 4.1875 s
[2026-04-04 13:13:42] Pretrained weight loading:
[2026-04-04 13:13:42]   Downloaded keys:        179
[2026-04-04 13:13:42]   Filtered (transformer): 172
[2026-04-04 13:13:42]   Filtered (pos_encoder): 0
[2026-04-04 13:13:42]   Keys to load:           7
[2026-04-04 13:13:42]   Missing keys:           4
[2026-04-04 13:13:42]   Unexpected keys:        0
[2026-04-04 13:13:42]   Missing preview:        ['spatial_conv.1.weight', 'spatial_conv.1.bias', 'final_layer.1.weight', 'final_layer.1.bias']
[2026-04-04 13:13:42]   Unexpected preview:     []
[2026-04-04 13:14:19]   Fold 2/5 | best_epoch=432 | stop=482 | val_loss=1.1152 | acc=0.4500 | bal_acc=0.4500
[2026-04-04 13:14:19]     Train class counts: [32, 32, 32, 32]
[2026-04-04 13:14:19]     Val class counts:   [8, 8, 8, 8]
[2026-04-04 13:14:19]     Test class counts:  [10, 10, 10, 10]
[2026-04-04 13:14:19] Building model with input window duration: 4.1875 s
[2026-04-04 13:14:19] Pretrained weight loading:
[2026-04-04 13:14:19]   Downloaded keys:        179
[2026-04-04 13:14:19]   Filtered (transformer): 172
[2026-04-04 13:14:19]   Filtered (pos_encoder): 0
[2026-04-04 13:14:19]   Keys to load:           7
[2026-04-04 13:14:19]   Missing keys:           4
[2026-04-04 13:14:19]   Unexpected keys:        0
[2026-04-04 13:14:19]   Missing preview:        ['spatial_conv.1.weight', 'spatial_conv.1.bias', 'final_layer.1.weight', 'final_layer.1.bias']
[2026-04-04 13:14:19]   Unexpected preview:     []
[2026-04-04 13:14:49]   Fold 3/5 | best_epoch=339 | stop=389 | val_loss=1.0015 | acc=0.6000 | bal_acc=0.6000
[2026-04-04 13:14:49]     Train class counts: [32, 32, 32, 32]
[2026-04-04 13:14:49]     Val class counts:   [8, 8, 8, 8]
[2026-04-04 13:14:49]     Test class counts:  [10, 10, 10, 10]
[2026-04-04 13:14:49] Building model with input window duration: 4.1875 s
[2026-04-04 13:14:49] Pretrained weight loading:
[2026-04-04 13:14:49]   Downloaded keys:        179
[2026-04-04 13:14:49]   Filtered (transformer): 172
[2026-04-04 13:14:49]   Filtered (pos_encoder): 0
[2026-04-04 13:14:49]   Keys to load:           7
[2026-04-04 13:14:49]   Missing keys:           4
[2026-04-04 13:14:49]   Unexpected keys:        0
[2026-04-04 13:14:49]   Missing preview:        ['spatial_conv.1.weight', 'spatial_conv.1.bias', 'final_layer.1.weight', 'final_layer.1.bias']
[2026-04-04 13:14:49]   Unexpected preview:     []
[2026-04-04 13:14:57]   Fold 4/5 | best_epoch=61 | stop=111 | val_loss=1.3622 | acc=0.4000 | bal_acc=0.4000
[2026-04-04 13:14:57]     Train class counts: [32, 32, 32, 32]
[2026-04-04 13:14:57]     Val class counts:   [8, 8, 8, 8]
[2026-04-04 13:14:57]     Test class counts:  [10, 10, 10, 10]
[2026-04-04 13:14:57] Building model with input window duration: 4.1875 s
[2026-04-04 13:14:57] Pretrained weight loading:
[2026-04-04 13:14:57]   Downloaded keys:        179
[2026-04-04 13:14:57]   Filtered (transformer): 172
[2026-04-04 13:14:57]   Filtered (pos_encoder): 0
[2026-04-04 13:14:57]   Keys to load:           7
[2026-04-04 13:14:57]   Missing keys:           4
[2026-04-04 13:14:57]   Unexpected keys:        0
[2026-04-04 13:14:57]   Missing preview:        ['spatial_conv.1.weight', 'spatial_conv.1.bias', 'final_layer.1.weight', 'final_layer.1.bias']
[2026-04-04 13:14:57]   Unexpected preview:     []
[2026-04-04 13:15:16]   Fold 5/5 | best_epoch=201 | stop=251 | val_loss=1.2395 | acc=0.5750 | bal_acc=0.5750
[2026-04-04 13:15:16]   Subject 51 summary: acc=0.4950±0.0781  bal_acc=0.4950±0.0781

[2026-04-04 13:15:16] Subject 54: 200 windows | class_counts=[50, 50, 50, 50]
[2026-04-04 13:15:16]   Fold 1 class counts: train=[32, 32, 32, 32] val=[8, 8, 8, 8] test=[10, 10, 10, 10]
[2026-04-04 13:15:16]   Fold 2 class counts: train=[32, 32, 32, 32] val=[8, 8, 8, 8] test=[10, 10, 10, 10]
[2026-04-04 13:15:16]   Fold 3 class counts: train=[32, 32, 32, 32] val=[8, 8, 8, 8] test=[10, 10, 10, 10]
[2026-04-04 13:15:16]   Fold 4 class counts: train=[32, 32, 32, 32] val=[8, 8, 8, 8] test=[10, 10, 10, 10]
[2026-04-04 13:15:16]   Fold 5 class counts: train=[32, 32, 32, 32] val=[8, 8, 8, 8] test=[10, 10, 10, 10]
[2026-04-04 13:15:16]     Train class counts: [32, 32, 32, 32]
[2026-04-04 13:15:16]     Val class counts:   [8, 8, 8, 8]
[2026-04-04 13:15:16]     Test class counts:  [10, 10, 10, 10]
[2026-04-04 13:15:16] Building model with input window duration: 4.1875 s
[2026-04-04 13:15:16] Pretrained weight loading:
[2026-04-04 13:15:16]   Downloaded keys:        179
[2026-04-04 13:15:16]   Filtered (transformer): 172
[2026-04-04 13:15:16]   Filtered (pos_encoder): 0
[2026-04-04 13:15:16]   Keys to load:           7
[2026-04-04 13:15:16]   Missing keys:           4
[2026-04-04 13:15:16]   Unexpected keys:        0
[2026-04-04 13:15:16]   Missing preview:        ['spatial_conv.1.weight', 'spatial_conv.1.bias', 'final_layer.1.weight', 'final_layer.1.bias']
[2026-04-04 13:15:16]   Unexpected preview:     []
[2026-04-04 13:16:15]   Fold 1/5 | best_epoch=710 | stop=760 | val_loss=0.4485 | acc=0.5250 | bal_acc=0.5250
[2026-04-04 13:16:15]     Train class counts: [32, 32, 32, 32]
[2026-04-04 13:16:15]     Val class counts:   [8, 8, 8, 8]
[2026-04-04 13:16:15]     Test class counts:  [10, 10, 10, 10]
[2026-04-04 13:16:15] Building model with input window duration: 4.1875 s
[2026-04-04 13:16:15] Pretrained weight loading:
[2026-04-04 13:16:15]   Downloaded keys:        179
[2026-04-04 13:16:15]   Filtered (transformer): 172
[2026-04-04 13:16:15]   Filtered (pos_encoder): 0
[2026-04-04 13:16:15]   Keys to load:           7
[2026-04-04 13:16:15]   Missing keys:           4
[2026-04-04 13:16:15]   Unexpected keys:        0
[2026-04-04 13:16:15]   Missing preview:        ['spatial_conv.1.weight', 'spatial_conv.1.bias', 'final_layer.1.weight', 'final_layer.1.bias']
[2026-04-04 13:16:15]   Unexpected preview:     []
[2026-04-04 13:16:44]   Fold 2/5 | best_epoch=331 | stop=381 | val_loss=1.0189 | acc=0.7750 | bal_acc=0.7750
[2026-04-04 13:16:44]     Train class counts: [32, 32, 32, 32]
[2026-04-04 13:16:44]     Val class counts:   [8, 8, 8, 8]
[2026-04-04 13:16:44]     Test class counts:  [10, 10, 10, 10]
[2026-04-04 13:16:44] Building model with input window duration: 4.1875 s
[2026-04-04 13:16:44] Pretrained weight loading:
[2026-04-04 13:16:44]   Downloaded keys:        179
[2026-04-04 13:16:44]   Filtered (transformer): 172
[2026-04-04 13:16:44]   Filtered (pos_encoder): 0
[2026-04-04 13:16:44]   Keys to load:           7
[2026-04-04 13:16:44]   Missing keys:           4
[2026-04-04 13:16:44]   Unexpected keys:        0
[2026-04-04 13:16:44]   Missing preview:        ['spatial_conv.1.weight', 'spatial_conv.1.bias', 'final_layer.1.weight', 'final_layer.1.bias']
[2026-04-04 13:16:44]   Unexpected preview:     []
[2026-04-04 13:17:33]   Fold 3/5 | best_epoch=593 | stop=643 | val_loss=0.5717 | acc=0.8250 | bal_acc=0.8250
[2026-04-04 13:17:33]     Train class counts: [32, 32, 32, 32]
[2026-04-04 13:17:33]     Val class counts:   [8, 8, 8, 8]
[2026-04-04 13:17:33]     Test class counts:  [10, 10, 10, 10]
[2026-04-04 13:17:33] Building model with input window duration: 4.1875 s
[2026-04-04 13:17:33] Pretrained weight loading:
[2026-04-04 13:17:33]   Downloaded keys:        179
[2026-04-04 13:17:33]   Filtered (transformer): 172
[2026-04-04 13:17:33]   Filtered (pos_encoder): 0
[2026-04-04 13:17:33]   Keys to load:           7
[2026-04-04 13:17:33]   Missing keys:           4
[2026-04-04 13:17:33]   Unexpected keys:        0
[2026-04-04 13:17:33]   Missing preview:        ['spatial_conv.1.weight', 'spatial_conv.1.bias', 'final_layer.1.weight', 'final_layer.1.bias']
[2026-04-04 13:17:33]   Unexpected preview:     []
[2026-04-04 13:18:03]   Fold 4/5 | best_epoch=340 | stop=390 | val_loss=0.7883 | acc=0.8000 | bal_acc=0.8000
[2026-04-04 13:18:03]     Train class counts: [32, 32, 32, 32]
[2026-04-04 13:18:03]     Val class counts:   [8, 8, 8, 8]
[2026-04-04 13:18:03]     Test class counts:  [10, 10, 10, 10]
[2026-04-04 13:18:03] Building model with input window duration: 4.1875 s
[2026-04-04 13:18:03] Pretrained weight loading:
[2026-04-04 13:18:03]   Downloaded keys:        179
[2026-04-04 13:18:03]   Filtered (transformer): 172
[2026-04-04 13:18:03]   Filtered (pos_encoder): 0
[2026-04-04 13:18:03]   Keys to load:           7
[2026-04-04 13:18:03]   Missing keys:           4
[2026-04-04 13:18:03]   Unexpected keys:        0
[2026-04-04 13:18:03]   Missing preview:        ['spatial_conv.1.weight', 'spatial_conv.1.bias', 'final_layer.1.weight', 'final_layer.1.bias']
[2026-04-04 13:18:03]   Unexpected preview:     []
[2026-04-04 13:18:40]   Fold 5/5 | best_epoch=433 | stop=483 | val_loss=0.7934 | acc=0.7000 | bal_acc=0.7000
[2026-04-04 13:18:40]   Subject 54 summary: acc=0.7250±0.1084  bal_acc=0.7250±0.1084

[2026-04-04 13:18:40] Total folds completed: 10
[2026-04-04 13:18:40] ======================================================================
[2026-04-04 13:18:40] AGGREGATED RESULTS
[2026-04-04 13:18:40] ======================================================================
[2026-04-04 13:18:40]   Subject 51:  acc=0.4950±0.0781  bal_acc=0.4950±0.0781
[2026-04-04 13:18:40]   Subject 54:  acc=0.7250±0.1084  bal_acc=0.7250±0.1084
[2026-04-04 13:18:40] ----------------------------------------------------------------------
[2026-04-04 13:18:40]   OVERALL:      acc=0.6100±0.1488  bal_acc=0.6100±0.1488
[2026-04-04 13:18:40] ======================================================================
[2026-04-04 13:18:40] CV results saved to:      /Users/vadim/Documents/School/Spring 2026/CSCE A698 Individual Research/EEG_JEPA/artifacts/lee-2019-fine-tuning/SSVEP/20260404_1312_6511699c/cv_results.json
[2026-04-04 13:18:40] Subject metrics saved to: /Users/vadim/Documents/School/Spring 2026/CSCE A698 Individual Research/EEG_JEPA/artifacts/lee-2019-fine-tuning/SSVEP/20260404_1312_6511699c/subject_metrics.json
[2026-04-04 13:18:40] Global metrics saved to:  /Users/vadim/Documents/School/Spring 2026/CSCE A698 Individual Research/EEG_JEPA/artifacts/lee-2019-fine-tuning/SSVEP/20260404_1312_6511699c/global_metrics.json
[2026-04-04 13:18:40] Run metadata saved to:    /Users/vadim/Documents/School/Spring 2026/CSCE A698 Individual Research/EEG_JEPA/artifacts/lee-2019-fine-tuning/SSVEP/20260404_1312_6511699c/run_metadata.json

[2026-04-04 13:18:40] All artifacts in: /Users/vadim/Documents/School/Spring 2026/CSCE A698 Individual Research/EEG_JEPA/artifacts/lee-2019-fine-tuning/SSVEP/20260404_1312_6511699c

[2026-04-04 13:18:40] ======================================================================
[2026-04-04 13:18:40] EXPERIMENT SUMMARY
[2026-04-04 13:18:40] ======================================================================
[2026-04-04 13:18:40] Run ID:    20260404_1312_6511699c
[2026-04-04 13:18:40] Artifacts: /Users/vadim/Documents/School/Spring 2026/CSCE A698 Individual Research/EEG_JEPA/artifacts/lee-2019-fine-tuning/SSVEP/20260404_1312_6511699c

[2026-04-04 13:18:40] Configuration:
[2026-04-04 13:18:40]   Subjects:          [51, 54]
[2026-04-04 13:18:40]   Bandpass:          0.5-40.0 Hz
[2026-04-04 13:18:40]   Resample:          128 Hz
[2026-04-04 13:18:40]   CV folds:          5
[2026-04-04 13:18:40]   Learning rate:     0.001
[2026-04-04 13:18:40]   Batch size:        16
[2026-04-04 13:18:40]   Max epochs:        5000

[2026-04-04 13:18:40] Results:
[2026-04-04 13:18:40]   Mean Accuracy:          0.6100 ± 0.1488
[2026-04-04 13:18:40]   Mean Balanced Accuracy: 0.6100 ± 0.1488
