[2026-04-01 09:51:00] Using device: cpu
[2026-04-01 09:51:00] Seed control enabled: True
[2026-04-01 09:51:00] Base seed: 1019
[2026-04-01 09:51:01] Seed initialized: 1019
[2026-04-01 09:51:01] ======================================================================
[2026-04-01 09:51:01] CONFIGURATION
[2026-04-01 09:51:01] ======================================================================
[2026-04-01 09:51:01]   artifact_dir: /home/vegorov/Repos/eeg_jepa_research/artifacts/lee-2019-fine-tuning
[2026-04-01 09:51:01]   bandpass_high: 40.0
[2026-04-01 09:51:01]   bandpass_low: 0.5
[2026-04-01 09:51:01]   batch_size: 16
[2026-04-01 09:51:01]   convert_to_uV: True
[2026-04-01 09:51:01]   cv_folds: 5
[2026-04-01 09:51:01]   device: auto
[2026-04-01 09:51:01]   early_stopping_patience: 50
[2026-04-01 09:51:01]   learning_rate: 0.001
[2026-04-01 09:51:01]   n_epochs: 5000
[2026-04-01 09:51:01]   normalization_method: None
[2026-04-01 09:51:01]   normalize: False
[2026-04-01 09:51:01]   paradigm: SSVEP
[2026-04-01 09:51:01]   pretrained_url: https://huggingface.co/braindecode/SignalJEPA/resolve/main/signal-jepa_16s-60_adeuwv4s.pth
[2026-04-01 09:51:01]   seed: 1019
[2026-04-01 09:51:01]   set_seed: True
[2026-04-01 09:51:01]   sfreq: 128
[2026-04-01 09:51:01]   subjects_to_use: [51]
[2026-04-01 09:51:01]   val_split: 0.2
[2026-04-01 09:51:01] ======================================================================
[2026-04-01 09:51:01] Config saved to: /home/vegorov/Repos/eeg_jepa_research/artifacts/lee-2019-fine-tuning/SSVEP/20260401_0951_b77b62dd/config.json
[2026-04-01 09:51:01] Epoch window configuration:
[2026-04-01 09:51:01]   Target sfreq:                128 Hz
[2026-04-01 09:51:01]   Target duration:             4.190000 s
[2026-04-01 09:51:01]   Window samples (rounded):    536
[2026-04-01 09:51:01]   Base trial samples (4.0 s):  512
[2026-04-01 09:51:01]   Trial stop offset samples:   24
[2026-04-01 09:51:01]   Effective window duration:   4.187500 s
[2026-04-01 09:51:01] Using specified subjects from config: [51]
[2026-04-01 09:51:01] Selected subjects: [51]
[2026-04-01 09:51:01] Expected evaluation folds: 5

[2026-04-01 09:51:01] Building MOABBDataset for Lee2019_SSVEP...
[2026-04-01 09:51:09] MOABBDataset recordings loaded: 1
[2026-04-01 09:51:09] Discovered annotation descriptions (first recording): [np.str_('12.0'), np.str_('5.45'), np.str_('6.67'), np.str_('8.57')]
[2026-04-01 09:51:09] Dataset event_id mapping: {'12.0': 1, '8.57': 2, '6.67': 3, '5.45': 4}
[2026-04-01 09:51:09] Label map (event_code -> class_index): {1: 0, 2: 1, 3: 2, 4: 3}
[2026-04-01 09:51:09] Applying Braindecode preprocessors to MOABBDataset...
[2026-04-01 09:51:12] Preprocessing complete.

[2026-04-01 09:51:12] Post-preprocessing validation
[2026-04-01 09:51:12]   Recordings in DATASET: 1
[2026-04-01 09:51:12]   Unique subject IDs:    ['51']
[2026-04-01 09:51:12]   sfreq (first rec):     128.0 Hz
[2026-04-01 09:51:12]   EEG channel count:     62
[2026-04-01 09:51:12]   First 10 channels:     ['Fp1', 'Fp2', 'F7', 'F3', 'Fz', 'F4', 'F8', 'FC5', 'FC1', 'FC2']
[2026-04-01 09:51:12] Channel consistency summary:
[2026-04-01 09:51:12]   Checked runs: 1
[2026-04-01 09:51:12]   Unique channel counts: [62]
[2026-04-01 09:51:12]   Channel order consistent: True
[2026-04-01 09:51:12] Validated EEG channels: 62
[2026-04-01 09:51:12] First 10 EEG channels: ['Fp1', 'Fp2', 'F7', 'F3', 'Fz', 'F4', 'F8', 'FC5', 'FC1', 'FC2']
[2026-04-01 09:51:12] raw mean_abs=8.654730e+00
[2026-04-01 09:51:12] raw std=3.494582e+01
[2026-04-01 09:51:12] raw first5 channel std= [46.22404553 54.63339771 16.95830183 13.82897057 11.24366025]
[2026-04-01 09:51:12] Requested window samples: 536
[2026-04-01 09:51:12] Base trial samples:       512
[2026-04-01 09:51:12] Stop offset samples:      24
[2026-04-01 09:51:12] Global class counts: [25, 25, 25, 25]
[2026-04-01 09:51:12] Chance level (4-class): 0.25
[2026-04-01 09:51:12] One window shape: (62, 536)
[2026-04-01 09:51:12] One window label: 1
[2026-04-01 09:51:12] Window sample length expected=536, got=536
[2026-04-01 09:51:12] Subjects in window split: [51]
[2026-04-01 09:51:12] Summarizing per-subject windows...
[2026-04-01 09:51:12]   Subject 51: n_windows=100, window_shape=(62, 536), class_counts=[25, 25, 25, 25]
[2026-04-01 09:51:12]    subject_id  n_windows  n_channels  n_times      class_counts
0          51        100          62      536  [25, 25, 25, 25]
[2026-04-01 09:51:12] Window validation summary:
[2026-04-01 09:51:12]   Subject 51: n_windows=100 class_counts=[25, 25, 25, 25]

[2026-04-01 09:51:12] Validated sampling rate target: 128 Hz
[2026-04-01 09:51:12] Validated window sample count:   536
[2026-04-01 09:51:12] Validated window duration:       4.1875 s
[2026-04-01 09:51:12] Validated channel count:         62
[2026-04-01 09:51:12] Total windows retained:          100
[2026-04-01 09:51:12] Preprocessing sanity checks:
[2026-04-01 09:51:12]   One sample label: 1
[2026-04-01 09:51:12]   One sample shape: (62, 536)
[2026-04-01 09:51:12]   Mean(abs(signal)): 4.094026e+00
[2026-04-01 09:51:12]   Mean(signal):      7.346552e-09
[2026-04-01 09:51:12]   Std(signal):       5.860601e+00
[2026-04-01 09:51:12] Building model with input window duration: 4.1875 s
[2026-04-01 09:51:12] SignalJEPA_PreLocal instantiated successfully.
[2026-04-01 09:51:12]   Total parameters:     18,192
[2026-04-01 09:51:12]   Trainable parameters: 18,192
[2026-04-01 09:51:12] ======================================================================================================================================================
Layer (type (var_name):depth-idx)                  Input Shape               Output Shape              Param #                   Kernel Shape
======================================================================================================================================================
SignalJEPA_PreLocal (SignalJEPA_PreLocal)          [1, 62, 536]              [1, 4]                    --                        --
├─Sequential (spatial_conv): 1-1                   [1, 62, 536]              [1, 4, 536]               --                        --
│    └─Rearrange (0): 2-1                          [1, 62, 536]              [1, 1, 62, 536]           --                        --
│    └─Conv2d (1): 2-2                             [1, 1, 62, 536]           [1, 4, 1, 536]            252                       [62, 1]
│    └─Rearrange (2): 2-3                          [1, 4, 1, 536]            [1, 4, 536]               --                        --
├─_ConvFeatureEncoder (feature_encoder): 1-2       [1, 4, 536]               [1, 16, 64]               --                        --
│    └─Rearrange (0): 2-4                          [1, 4, 536]               [4, 1, 536]               --                        --
│    └─Sequential (1): 2-5                         [4, 1, 536]               [4, 8, 64]                --                        --
│    │    └─Conv1d (0): 3-1                        [4, 1, 536]               [4, 8, 64]                256                       [32]
│    │    └─Dropout (1): 3-2                       [4, 8, 64]                [4, 8, 64]                --                        --
│    │    └─GroupNorm (2): 3-3                     [4, 8, 64]                [4, 8, 64]                16                        --
│    │    └─GELU (3): 3-4                          [4, 8, 64]                [4, 8, 64]                --                        --
│    └─Sequential (2): 2-6                         [4, 8, 64]                [4, 16, 32]               --                        --
│    │    └─Conv1d (0): 3-5                        [4, 8, 64]                [4, 16, 32]               256                       [2]
│    │    └─Dropout (1): 3-6                       [4, 16, 32]               [4, 16, 32]               --                        --
│    │    └─GELU (2): 3-7                          [4, 16, 32]               [4, 16, 32]               --                        --
│    └─Sequential (3): 2-7                         [4, 16, 32]               [4, 32, 16]               --                        --
│    │    └─Conv1d (0): 3-8                        [4, 16, 32]               [4, 32, 16]               1,024                     [2]
│    │    └─Dropout (1): 3-9                       [4, 32, 16]               [4, 32, 16]               --                        --
│    │    └─GELU (2): 3-10                         [4, 32, 16]               [4, 32, 16]               --                        --
│    └─Sequential (4): 2-8                         [4, 32, 16]               [4, 64, 8]                --                        --
│    │    └─Conv1d (0): 3-11                       [4, 32, 16]               [4, 64, 8]                4,096                     [2]
│    │    └─Dropout (1): 3-12                      [4, 64, 8]                [4, 64, 8]                --                        --
│    │    └─GELU (2): 3-13                         [4, 64, 8]                [4, 64, 8]                --                        --
│    └─Sequential (5): 2-9                         [4, 64, 8]                [4, 64, 4]                --                        --
│    │    └─Conv1d (0): 3-14                       [4, 64, 8]                [4, 64, 4]                8,192                     [2]
│    │    └─Dropout (1): 3-15                      [4, 64, 4]                [4, 64, 4]                --                        --
│    │    └─GELU (2): 3-16                         [4, 64, 4]                [4, 64, 4]                --                        --
│    └─Rearrange (6): 2-10                         [4, 64, 4]                [1, 16, 64]               --                        --
├─Sequential (final_layer): 1-3                    [1, 16, 64]               [1, 4]                    --                        --
│    └─Flatten (0): 2-11                           [1, 16, 64]               [1, 1024]                 --                        --
│    └─Linear (1): 2-12                            [1, 1024]                 [1, 4]                    4,100                     --
======================================================================================================================================================
Total params: 18,192
Trainable params: 18,192
Non-trainable params: 0
Total mult-adds (Units.MEGABYTES): 0.57
======================================================================================================================================================
Input size (MB): 0.13
Forward/backward pass size (MB): 0.11
Params size (MB): 0.07
Estimated Total Size (MB): 0.31
======================================================================================================================================================
[2026-04-01 09:51:12] Initializing from 16s-60 pretrained checkpoint (Hugging Face):
[2026-04-01 09:51:12]   https://huggingface.co/braindecode/SignalJEPA/resolve/main/signal-jepa_16s-60_adeuwv4s.pth
[2026-04-01 09:51:12]   Downloaded 179 keys
[2026-04-01 09:51:12] ======================================================================
[2026-04-01 09:51:12] STARTING CROSS-VALIDATION
[2026-04-01 09:51:12] ======================================================================
[2026-04-01 09:51:12] Subjects:      [51]
[2026-04-01 09:51:12] CV folds:      5
[2026-04-01 09:51:12] Batch size:    16
[2026-04-01 09:51:12] Max epochs:    5000
[2026-04-01 09:51:12] Device:        cpu
[2026-04-01 09:51:12] Seed control:  True
[2026-04-01 09:51:12] Base seed:     1019
[2026-04-01 09:51:12] ======================================================================

[2026-04-01 09:51:12] Subject 51: 100 windows class_counts=[25, 25, 25, 25]
[2026-04-01 09:51:12]   Fold 1 split seed: 1020
[2026-04-01 09:51:12]   Fold 1 split class counts:
[2026-04-01 09:51:12]     train=[16, 16, 16, 16] val=[4, 4, 4, 4] test=[5, 5, 5, 5]
[2026-04-01 09:51:12]   Fold 2 split seed: 1021
[2026-04-01 09:51:12]   Fold 2 split class counts:
[2026-04-01 09:51:12]     train=[16, 16, 16, 16] val=[4, 4, 4, 4] test=[5, 5, 5, 5]
[2026-04-01 09:51:12]   Fold 3 split seed: 1022
[2026-04-01 09:51:12]   Fold 3 split class counts:
[2026-04-01 09:51:12]     train=[16, 16, 16, 16] val=[4, 4, 4, 4] test=[5, 5, 5, 5]
[2026-04-01 09:51:12]   Fold 4 split seed: 1023
[2026-04-01 09:51:12]   Fold 4 split class counts:
[2026-04-01 09:51:12]     train=[16, 16, 16, 16] val=[4, 4, 4, 4] test=[5, 5, 5, 5]
[2026-04-01 09:51:12]   Fold 5 split seed: 1024
[2026-04-01 09:51:12]   Fold 5 split class counts:
[2026-04-01 09:51:12]     train=[16, 16, 16, 16] val=[4, 4, 4, 4] test=[5, 5, 5, 5]
[2026-04-01 09:51:12]   Subject 51 Fold 1 seed: 6120
[2026-04-01 09:51:12]   Subject 51 Fold 1: n_train=64 n_val=16 n_test=20
[2026-04-01 09:51:12]     Train class counts: [16, 16, 16, 16]
[2026-04-01 09:51:12]     Val class counts:   [4, 4, 4, 4]
[2026-04-01 09:51:12]     Test class counts:  [5, 5, 5, 5]
[2026-04-01 09:51:12] Building model with input window duration: 4.1875 s
[2026-04-01 09:51:12] Pretrained weight loading:
[2026-04-01 09:51:12]   Downloaded keys:        179
[2026-04-01 09:51:12]   Filtered (transformer): 172
[2026-04-01 09:51:12]   Filtered (pos_encoder): 0
[2026-04-01 09:51:12]   Keys to load:           7
[2026-04-01 09:51:12]   Missing keys:           4
[2026-04-01 09:51:12]   Unexpected keys:        0
[2026-04-01 09:51:12]   Missing preview:        ['spatial_conv.1.weight', 'spatial_conv.1.bias', 'final_layer.1.weight', 'final_layer.1.bias']
[2026-04-01 09:51:12]   Unexpected preview:     []
[2026-04-01 09:51:12] Encoder freeze configuration:
[2026-04-01 09:51:12]   Total parameters:        18,192
[2026-04-01 09:51:12]   Trainable parameters:    4,352
[2026-04-01 09:51:12]   Training percentage:     23.9%
[2026-04-01 09:51:12]   Trainable layers: 4
[2026-04-01 09:51:12]     - final_layer.1.bias
[2026-04-01 09:51:12]     - final_layer.1.weight
[2026-04-01 09:51:12]     - spatial_conv.1.bias
[2026-04-01 09:51:12]     - spatial_conv.1.weight
[2026-04-01 09:51:12]     Train generator seeded: True
[2026-04-01 09:51:19]     Stopped epoch:            538
[2026-04-01 09:51:19]     Best epoch (valid_loss):  488
[2026-04-01 09:51:19]     Best valid_loss:          1.156998634338379
[2026-04-01 09:51:19]     Test accuracy (primary):  0.3000
[2026-04-01 09:51:19]     Test balanced acc:        0.3000
[2026-04-01 09:51:19]     Confusion matrix:         [[1, 0, 0, 4], [0, 2, 1, 2], [1, 2, 1, 1], [1, 2, 0, 2]]
[2026-04-01 09:51:19]     Prediction histogram:     [3, 6, 2, 9]
[2026-04-01 09:51:19]     fold_acc=0.3000 fold_bal_acc=0.3000 cm=[[1, 0, 0, 4], [0, 2, 1, 2], [1, 2, 1, 1], [1, 2, 0, 2]]
[2026-04-01 09:51:19]   Subject 51 Fold 2 seed: 6121
[2026-04-01 09:51:19]   Subject 51 Fold 2: n_train=64 n_val=16 n_test=20
[2026-04-01 09:51:19]     Train class counts: [16, 16, 16, 16]
[2026-04-01 09:51:19]     Val class counts:   [4, 4, 4, 4]
[2026-04-01 09:51:19]     Test class counts:  [5, 5, 5, 5]
[2026-04-01 09:51:19] Building model with input window duration: 4.1875 s
[2026-04-01 09:51:19] Pretrained weight loading:
[2026-04-01 09:51:19]   Downloaded keys:        179
[2026-04-01 09:51:19]   Filtered (transformer): 172
[2026-04-01 09:51:19]   Filtered (pos_encoder): 0
[2026-04-01 09:51:19]   Keys to load:           7
[2026-04-01 09:51:19]   Missing keys:           4
[2026-04-01 09:51:19]   Unexpected keys:        0
[2026-04-01 09:51:19]   Missing preview:        ['spatial_conv.1.weight', 'spatial_conv.1.bias', 'final_layer.1.weight', 'final_layer.1.bias']
[2026-04-01 09:51:19]   Unexpected preview:     []
[2026-04-01 09:51:19] Encoder freeze configuration:
[2026-04-01 09:51:19]   Total parameters:        18,192
[2026-04-01 09:51:19]   Trainable parameters:    4,352
[2026-04-01 09:51:19]   Training percentage:     23.9%
[2026-04-01 09:51:19]   Trainable layers: 4
[2026-04-01 09:51:19]     - final_layer.1.bias
[2026-04-01 09:51:19]     - final_layer.1.weight
[2026-04-01 09:51:19]     - spatial_conv.1.bias
[2026-04-01 09:51:19]     - spatial_conv.1.weight
[2026-04-01 09:51:19]     Train generator seeded: True
[2026-04-01 09:51:21]     Stopped epoch:            138
[2026-04-01 09:51:21]     Best epoch (valid_loss):  88
[2026-04-01 09:51:21]     Best valid_loss:          1.3177441358566284
[2026-04-01 09:51:21]     Test accuracy (primary):  0.3000
[2026-04-01 09:51:21]     Test balanced acc:        0.3000
[2026-04-01 09:51:21]     Confusion matrix:         [[1, 1, 2, 1], [1, 2, 1, 1], [1, 2, 1, 1], [0, 1, 2, 2]]
[2026-04-01 09:51:21]     Prediction histogram:     [3, 6, 6, 5]
[2026-04-01 09:51:21]     fold_acc=0.3000 fold_bal_acc=0.3000 cm=[[1, 1, 2, 1], [1, 2, 1, 1], [1, 2, 1, 1], [0, 1, 2, 2]]
[2026-04-01 09:51:21]   Subject 51 Fold 3 seed: 6122
[2026-04-01 09:51:21]   Subject 51 Fold 3: n_train=64 n_val=16 n_test=20
[2026-04-01 09:51:21]     Train class counts: [16, 16, 16, 16]
[2026-04-01 09:51:21]     Val class counts:   [4, 4, 4, 4]
[2026-04-01 09:51:21]     Test class counts:  [5, 5, 5, 5]
[2026-04-01 09:51:21] Building model with input window duration: 4.1875 s
[2026-04-01 09:51:21] Pretrained weight loading:
[2026-04-01 09:51:21]   Downloaded keys:        179
[2026-04-01 09:51:21]   Filtered (transformer): 172
[2026-04-01 09:51:21]   Filtered (pos_encoder): 0
[2026-04-01 09:51:21]   Keys to load:           7
[2026-04-01 09:51:21]   Missing keys:           4
[2026-04-01 09:51:21]   Unexpected keys:        0
[2026-04-01 09:51:21]   Missing preview:        ['spatial_conv.1.weight', 'spatial_conv.1.bias', 'final_layer.1.weight', 'final_layer.1.bias']
[2026-04-01 09:51:21]   Unexpected preview:     []
[2026-04-01 09:51:21] Encoder freeze configuration:
[2026-04-01 09:51:21]   Total parameters:        18,192
[2026-04-01 09:51:21]   Trainable parameters:    4,352
[2026-04-01 09:51:21]   Training percentage:     23.9%
[2026-04-01 09:51:21]   Trainable layers: 4
[2026-04-01 09:51:21]     - final_layer.1.bias
[2026-04-01 09:51:21]     - final_layer.1.weight
[2026-04-01 09:51:21]     - spatial_conv.1.bias
[2026-04-01 09:51:21]     - spatial_conv.1.weight
[2026-04-01 09:51:21]     Train generator seeded: True
[2026-04-01 09:51:22]     Stopped epoch:            151
[2026-04-01 09:51:22]     Best epoch (valid_loss):  101
[2026-04-01 09:51:22]     Best valid_loss:          1.2852495908737183
[2026-04-01 09:51:22]     Test accuracy (primary):  0.2000
[2026-04-01 09:51:22]     Test balanced acc:        0.2000
[2026-04-01 09:51:22]     Confusion matrix:         [[1, 1, 3, 0], [2, 0, 3, 0], [1, 1, 2, 1], [2, 0, 2, 1]]
[2026-04-01 09:51:22]     Prediction histogram:     [6, 2, 10, 2]
[2026-04-01 09:51:22]     fold_acc=0.2000 fold_bal_acc=0.2000 cm=[[1, 1, 3, 0], [2, 0, 3, 0], [1, 1, 2, 1], [2, 0, 2, 1]]
[2026-04-01 09:51:22]   Subject 51 Fold 4 seed: 6123
[2026-04-01 09:51:23]   Subject 51 Fold 4: n_train=64 n_val=16 n_test=20
[2026-04-01 09:51:23]     Train class counts: [16, 16, 16, 16]
[2026-04-01 09:51:23]     Val class counts:   [4, 4, 4, 4]
[2026-04-01 09:51:23]     Test class counts:  [5, 5, 5, 5]
[2026-04-01 09:51:23] Building model with input window duration: 4.1875 s
[2026-04-01 09:51:23] Pretrained weight loading:
[2026-04-01 09:51:23]   Downloaded keys:        179
[2026-04-01 09:51:23]   Filtered (transformer): 172
[2026-04-01 09:51:23]   Filtered (pos_encoder): 0
[2026-04-01 09:51:23]   Keys to load:           7
[2026-04-01 09:51:23]   Missing keys:           4
[2026-04-01 09:51:23]   Unexpected keys:        0
[2026-04-01 09:51:23]   Missing preview:        ['spatial_conv.1.weight', 'spatial_conv.1.bias', 'final_layer.1.weight', 'final_layer.1.bias']
[2026-04-01 09:51:23]   Unexpected preview:     []
[2026-04-01 09:51:23] Encoder freeze configuration:
[2026-04-01 09:51:23]   Total parameters:        18,192
[2026-04-01 09:51:23]   Trainable parameters:    4,352
[2026-04-01 09:51:23]   Training percentage:     23.9%
[2026-04-01 09:51:23]   Trainable layers: 4
[2026-04-01 09:51:23]     - final_layer.1.bias
[2026-04-01 09:51:23]     - final_layer.1.weight
[2026-04-01 09:51:23]     - spatial_conv.1.bias
[2026-04-01 09:51:23]     - spatial_conv.1.weight
[2026-04-01 09:51:23]     Train generator seeded: True
[2026-04-01 09:51:25]     Stopped epoch:            212
[2026-04-01 09:51:25]     Best epoch (valid_loss):  162
[2026-04-01 09:51:25]     Best valid_loss:          1.356200933456421
[2026-04-01 09:51:25]     Test accuracy (primary):  0.4500
[2026-04-01 09:51:25]     Test balanced acc:        0.4500
[2026-04-01 09:51:25]     Confusion matrix:         [[2, 0, 1, 2], [1, 2, 1, 1], [0, 2, 2, 1], [1, 1, 0, 3]]
[2026-04-01 09:51:25]     Prediction histogram:     [4, 5, 4, 7]
[2026-04-01 09:51:25]     fold_acc=0.4500 fold_bal_acc=0.4500 cm=[[2, 0, 1, 2], [1, 2, 1, 1], [0, 2, 2, 1], [1, 1, 0, 3]]
[2026-04-01 09:51:25]   Subject 51 Fold 5 seed: 6124
[2026-04-01 09:51:25]   Subject 51 Fold 5: n_train=64 n_val=16 n_test=20
[2026-04-01 09:51:25]     Train class counts: [16, 16, 16, 16]
[2026-04-01 09:51:25]     Val class counts:   [4, 4, 4, 4]
[2026-04-01 09:51:25]     Test class counts:  [5, 5, 5, 5]
[2026-04-01 09:51:25] Building model with input window duration: 4.1875 s
[2026-04-01 09:51:25] Pretrained weight loading:
[2026-04-01 09:51:25]   Downloaded keys:        179
[2026-04-01 09:51:25]   Filtered (transformer): 172
[2026-04-01 09:51:25]   Filtered (pos_encoder): 0
[2026-04-01 09:51:25]   Keys to load:           7
[2026-04-01 09:51:25]   Missing keys:           4
[2026-04-01 09:51:25]   Unexpected keys:        0
[2026-04-01 09:51:25]   Missing preview:        ['spatial_conv.1.weight', 'spatial_conv.1.bias', 'final_layer.1.weight', 'final_layer.1.bias']
[2026-04-01 09:51:25]   Unexpected preview:     []
[2026-04-01 09:51:25] Encoder freeze configuration:
[2026-04-01 09:51:25]   Total parameters:        18,192
[2026-04-01 09:51:25]   Trainable parameters:    4,352
[2026-04-01 09:51:25]   Training percentage:     23.9%
[2026-04-01 09:51:25]   Trainable layers: 4
[2026-04-01 09:51:25]     - final_layer.1.bias
[2026-04-01 09:51:25]     - final_layer.1.weight
[2026-04-01 09:51:25]     - spatial_conv.1.bias
[2026-04-01 09:51:25]     - spatial_conv.1.weight
[2026-04-01 09:51:25]     Train generator seeded: True
[2026-04-01 09:51:26]     Stopped epoch:            51
[2026-04-01 09:51:26]     Best epoch (valid_loss):  1
[2026-04-01 09:51:26]     Best valid_loss:          1.3880122900009155
[2026-04-01 09:51:26]     Test accuracy (primary):  0.3000
[2026-04-01 09:51:26]     Test balanced acc:        0.3000
[2026-04-01 09:51:26]     Confusion matrix:         [[0, 0, 1, 4], [0, 0, 2, 3], [0, 0, 2, 3], [0, 0, 1, 4]]
[2026-04-01 09:51:26]     Prediction histogram:     [0, 0, 6, 14]
[2026-04-01 09:51:26]     fold_acc=0.3000 fold_bal_acc=0.3000 cm=[[0, 0, 1, 4], [0, 0, 2, 3], [0, 0, 2, 3], [0, 0, 1, 4]]
[2026-04-01 09:51:26]   Subject 51 mean accuracy: 0.3100

[2026-04-01 09:51:26] Total folds completed: 5
[2026-04-01 09:51:26] ======================================================================
[2026-04-01 09:51:26] AGGREGATED RESULTS
[2026-04-01 09:51:26] ======================================================================
[2026-04-01 09:51:26]   Subject 51:  acc=0.3100±0.0800  bal_acc=0.3100±0.0800
[2026-04-01 09:51:26] ----------------------------------------------------------------------
[2026-04-01 09:51:26]   OVERALL:      acc=0.3100±0.0800  bal_acc=0.3100±0.0800
[2026-04-01 09:51:26] ======================================================================
[2026-04-01 09:51:26] CV results saved to:      /home/vegorov/Repos/eeg_jepa_research/artifacts/lee-2019-fine-tuning/SSVEP/20260401_0951_b77b62dd/cv_results.json
[2026-04-01 09:51:26] Subject metrics saved to: /home/vegorov/Repos/eeg_jepa_research/artifacts/lee-2019-fine-tuning/SSVEP/20260401_0951_b77b62dd/subject_metrics.json
[2026-04-01 09:51:26] Global metrics saved to:  /home/vegorov/Repos/eeg_jepa_research/artifacts/lee-2019-fine-tuning/SSVEP/20260401_0951_b77b62dd/global_metrics.json
[2026-04-01 09:51:26] Run metadata saved to:    /home/vegorov/Repos/eeg_jepa_research/artifacts/lee-2019-fine-tuning/SSVEP/20260401_0951_b77b62dd/run_metadata.json

[2026-04-01 09:51:26] All artifacts in: /home/vegorov/Repos/eeg_jepa_research/artifacts/lee-2019-fine-tuning/SSVEP/20260401_0951_b77b62dd

[2026-04-01 09:51:26] ======================================================================
[2026-04-01 09:51:26] EXPERIMENT SUMMARY
[2026-04-01 09:51:26] ======================================================================
[2026-04-01 09:51:26] Run ID:    20260401_0951_b77b62dd
[2026-04-01 09:51:26] Artifacts: /home/vegorov/Repos/eeg_jepa_research/artifacts/lee-2019-fine-tuning/SSVEP/20260401_0951_b77b62dd

[2026-04-01 09:51:26] Configuration:
[2026-04-01 09:51:26]   Subjects:          [51]
[2026-04-01 09:51:26]   Bandpass:          0.5-40.0 Hz
[2026-04-01 09:51:26]   Resample:          128 Hz
[2026-04-01 09:51:26]   CV folds:          5
[2026-04-01 09:51:26]   Learning rate:     0.001
[2026-04-01 09:51:26]   Batch size:        16
[2026-04-01 09:51:26]   Max epochs:        5000

[2026-04-01 09:51:26] Results:
[2026-04-01 09:51:26]   Mean Accuracy:          0.3100 ± 0.0800
[2026-04-01 09:51:26]   Mean Balanced Accuracy: 0.3100 ± 0.0800
