[2026-04-01 10:14:49] Using device: cpu
[2026-04-01 10:14:49] Seed control enabled: True
[2026-04-01 10:14:49] Base seed: 4012
[2026-04-01 10:14:50] Seed initialized: 4012
[2026-04-01 10:14:50] ======================================================================
[2026-04-01 10:14:50] CONFIGURATION
[2026-04-01 10:14:50] ======================================================================
[2026-04-01 10:14:50]   artifact_dir: /home/vegorov/Repos/eeg_jepa_research/artifacts/lee-2019-fine-tuning
[2026-04-01 10:14:50]   bandpass_high: 35.0
[2026-04-01 10:14:50]   bandpass_low: 1.0
[2026-04-01 10:14:50]   batch_size: 16
[2026-04-01 10:14:50]   convert_to_uV: True
[2026-04-01 10:14:50]   cv_folds: 5
[2026-04-01 10:14:50]   device: auto
[2026-04-01 10:14:50]   early_stopping_patience: 50
[2026-04-01 10:14:50]   learning_rate: 0.001
[2026-04-01 10:14:50]   n_epochs: 5000
[2026-04-01 10:14:50]   normalization_method: None
[2026-04-01 10:14:50]   normalize: False
[2026-04-01 10:14:50]   paradigm: SSVEP
[2026-04-01 10:14:50]   pretrained_url: https://huggingface.co/braindecode/SignalJEPA/resolve/main/signal-jepa_16s-60_adeuwv4s.pth
[2026-04-01 10:14:50]   seed: 4012
[2026-04-01 10:14:50]   set_seed: True
[2026-04-01 10:14:50]   sfreq: 128
[2026-04-01 10:14:50]   subjects_to_use: [51]
[2026-04-01 10:14:50]   val_split: 0.2
[2026-04-01 10:14:50] ======================================================================
[2026-04-01 10:14:50] Config saved to: /home/vegorov/Repos/eeg_jepa_research/artifacts/lee-2019-fine-tuning/SSVEP/20260401_1014_222f45e9/config.json
[2026-04-01 10:14:50] Epoch window configuration:
[2026-04-01 10:14:50]   Target sfreq:                128 Hz
[2026-04-01 10:14:50]   Target duration:             4.190000 s
[2026-04-01 10:14:50]   Window samples (rounded):    536
[2026-04-01 10:14:50]   Base trial samples (4.0 s):  512
[2026-04-01 10:14:50]   Trial stop offset samples:   24
[2026-04-01 10:14:50]   Effective window duration:   4.187500 s
[2026-04-01 10:14:50] Using specified subjects from config: [51]
[2026-04-01 10:14:50] Selected subjects: [51]
[2026-04-01 10:14:50] Expected evaluation folds: 5

[2026-04-01 10:14:50] Building MOABBDataset for Lee2019_SSVEP...
[2026-04-01 10:14:59] MOABBDataset recordings loaded: 1
[2026-04-01 10:14:59] Discovered annotation descriptions (first recording): [np.str_('12.0'), np.str_('5.45'), np.str_('6.67'), np.str_('8.57')]
[2026-04-01 10:14:59] Dataset event_id mapping: {'12.0': 1, '8.57': 2, '6.67': 3, '5.45': 4}
[2026-04-01 10:14:59] Label map (event_code -> class_index): {1: 0, 2: 1, 3: 2, 4: 3}
[2026-04-01 10:14:59] Applying Braindecode preprocessors to MOABBDataset...
[2026-04-01 10:15:02] Preprocessing complete.

[2026-04-01 10:15:02] Post-preprocessing validation
[2026-04-01 10:15:02]   Recordings in DATASET: 1
[2026-04-01 10:15:02]   Unique subject IDs:    ['51']
[2026-04-01 10:15:02]   sfreq (first rec):     128.0 Hz
[2026-04-01 10:15:02]   EEG channel count:     62
[2026-04-01 10:15:02]   First 10 channels:     ['Fp1', 'Fp2', 'F7', 'F3', 'Fz', 'F4', 'F8', 'FC5', 'FC1', 'FC2']
[2026-04-01 10:15:02] Channel consistency summary:
[2026-04-01 10:15:02]   Checked runs: 1
[2026-04-01 10:15:02]   Unique channel counts: [62]
[2026-04-01 10:15:02]   Channel order consistent: True
[2026-04-01 10:15:02] Validated EEG channels: 62
[2026-04-01 10:15:02] First 10 EEG channels: ['Fp1', 'Fp2', 'F7', 'F3', 'Fz', 'F4', 'F8', 'FC5', 'FC1', 'FC2']
[2026-04-01 10:15:02] raw mean_abs=6.141390e+00
[2026-04-01 10:15:02] raw std=2.699313e+01
[2026-04-01 10:15:02] raw first5 channel std= [26.6861805  34.57531707 10.8392513   9.58347383  8.80816659]
[2026-04-01 10:15:02] Requested window samples: 536
[2026-04-01 10:15:02] Base trial samples:       512
[2026-04-01 10:15:02] Stop offset samples:      24
[2026-04-01 10:15:02] Global class counts: [25, 25, 25, 25]
[2026-04-01 10:15:02] Chance level (4-class): 0.25
[2026-04-01 10:15:02] One window shape: (62, 536)
[2026-04-01 10:15:02] One window label: 1
[2026-04-01 10:15:02] Window sample length expected=536, got=536
[2026-04-01 10:15:02] Subjects in window split: [51]
[2026-04-01 10:15:02] Summarizing per-subject windows...
[2026-04-01 10:15:02]   Subject 51: n_windows=100, window_shape=(62, 536), class_counts=[25, 25, 25, 25]
[2026-04-01 10:15:02]    subject_id  n_windows  n_channels  n_times      class_counts
0          51        100          62      536  [25, 25, 25, 25]
[2026-04-01 10:15:02] Window validation summary:
[2026-04-01 10:15:02]   Subject 51: n_windows=100 class_counts=[25, 25, 25, 25]

[2026-04-01 10:15:02] Validated sampling rate target: 128 Hz
[2026-04-01 10:15:02] Validated window sample count:   536
[2026-04-01 10:15:02] Validated window duration:       4.1875 s
[2026-04-01 10:15:02] Validated channel count:         62
[2026-04-01 10:15:02] Total windows retained:          100
[2026-04-01 10:15:02] Preprocessing sanity checks:
[2026-04-01 10:15:02]   One sample label: 1
[2026-04-01 10:15:02]   One sample shape: (62, 536)
[2026-04-01 10:15:02]   Mean(abs(signal)): 3.577716e+00
[2026-04-01 10:15:02]   Mean(signal):      -3.673276e-09
[2026-04-01 10:15:02]   Std(signal):       5.170176e+00
[2026-04-01 10:15:02] Building model with input window duration: 4.1875 s
[2026-04-01 10:15:02] SignalJEPA_PreLocal instantiated successfully.
[2026-04-01 10:15:02]   Total parameters:     18,192
[2026-04-01 10:15:02]   Trainable parameters: 18,192
[2026-04-01 10:15:02] ======================================================================================================================================================
Layer (type (var_name):depth-idx)                  Input Shape               Output Shape              Param #                   Kernel Shape
======================================================================================================================================================
SignalJEPA_PreLocal (SignalJEPA_PreLocal)          [1, 62, 536]              [1, 4]                    --                        --
├─Sequential (spatial_conv): 1-1                   [1, 62, 536]              [1, 4, 536]               --                        --
│    └─Rearrange (0): 2-1                          [1, 62, 536]              [1, 1, 62, 536]           --                        --
│    └─Conv2d (1): 2-2                             [1, 1, 62, 536]           [1, 4, 1, 536]            252                       [62, 1]
│    └─Rearrange (2): 2-3                          [1, 4, 1, 536]            [1, 4, 536]               --                        --
├─_ConvFeatureEncoder (feature_encoder): 1-2       [1, 4, 536]               [1, 16, 64]               --                        --
│    └─Rearrange (0): 2-4                          [1, 4, 536]               [4, 1, 536]               --                        --
│    └─Sequential (1): 2-5                         [4, 1, 536]               [4, 8, 64]                --                        --
│    │    └─Conv1d (0): 3-1                        [4, 1, 536]               [4, 8, 64]                256                       [32]
│    │    └─Dropout (1): 3-2                       [4, 8, 64]                [4, 8, 64]                --                        --
│    │    └─GroupNorm (2): 3-3                     [4, 8, 64]                [4, 8, 64]                16                        --
│    │    └─GELU (3): 3-4                          [4, 8, 64]                [4, 8, 64]                --                        --
│    └─Sequential (2): 2-6                         [4, 8, 64]                [4, 16, 32]               --                        --
│    │    └─Conv1d (0): 3-5                        [4, 8, 64]                [4, 16, 32]               256                       [2]
│    │    └─Dropout (1): 3-6                       [4, 16, 32]               [4, 16, 32]               --                        --
│    │    └─GELU (2): 3-7                          [4, 16, 32]               [4, 16, 32]               --                        --
│    └─Sequential (3): 2-7                         [4, 16, 32]               [4, 32, 16]               --                        --
│    │    └─Conv1d (0): 3-8                        [4, 16, 32]               [4, 32, 16]               1,024                     [2]
│    │    └─Dropout (1): 3-9                       [4, 32, 16]               [4, 32, 16]               --                        --
│    │    └─GELU (2): 3-10                         [4, 32, 16]               [4, 32, 16]               --                        --
│    └─Sequential (4): 2-8                         [4, 32, 16]               [4, 64, 8]                --                        --
│    │    └─Conv1d (0): 3-11                       [4, 32, 16]               [4, 64, 8]                4,096                     [2]
│    │    └─Dropout (1): 3-12                      [4, 64, 8]                [4, 64, 8]                --                        --
│    │    └─GELU (2): 3-13                         [4, 64, 8]                [4, 64, 8]                --                        --
│    └─Sequential (5): 2-9                         [4, 64, 8]                [4, 64, 4]                --                        --
│    │    └─Conv1d (0): 3-14                       [4, 64, 8]                [4, 64, 4]                8,192                     [2]
│    │    └─Dropout (1): 3-15                      [4, 64, 4]                [4, 64, 4]                --                        --
│    │    └─GELU (2): 3-16                         [4, 64, 4]                [4, 64, 4]                --                        --
│    └─Rearrange (6): 2-10                         [4, 64, 4]                [1, 16, 64]               --                        --
├─Sequential (final_layer): 1-3                    [1, 16, 64]               [1, 4]                    --                        --
│    └─Flatten (0): 2-11                           [1, 16, 64]               [1, 1024]                 --                        --
│    └─Linear (1): 2-12                            [1, 1024]                 [1, 4]                    4,100                     --
======================================================================================================================================================
Total params: 18,192
Trainable params: 18,192
Non-trainable params: 0
Total mult-adds (Units.MEGABYTES): 0.57
======================================================================================================================================================
Input size (MB): 0.13
Forward/backward pass size (MB): 0.11
Params size (MB): 0.07
Estimated Total Size (MB): 0.31
======================================================================================================================================================
[2026-04-01 10:15:02] Initializing from 16s-60 pretrained checkpoint (Hugging Face):
[2026-04-01 10:15:02]   https://huggingface.co/braindecode/SignalJEPA/resolve/main/signal-jepa_16s-60_adeuwv4s.pth
[2026-04-01 10:15:02]   Downloaded 179 keys
[2026-04-01 10:15:02] ======================================================================
[2026-04-01 10:15:02] STARTING CROSS-VALIDATION
[2026-04-01 10:15:02] ======================================================================
[2026-04-01 10:15:02] Subjects:      [51]
[2026-04-01 10:15:02] CV folds:      5
[2026-04-01 10:15:02] Batch size:    16
[2026-04-01 10:15:02] Max epochs:    5000
[2026-04-01 10:15:02] Device:        cpu
[2026-04-01 10:15:02] Seed control:  True
[2026-04-01 10:15:02] Base seed:     4012
[2026-04-01 10:15:02] ======================================================================

[2026-04-01 10:15:02] Subject 51: 100 windows class_counts=[25, 25, 25, 25]
[2026-04-01 10:15:02]   Fold 1 split seed: 4013
[2026-04-01 10:15:02]   Fold 1 split class counts:
[2026-04-01 10:15:02]     train=[16, 16, 16, 16] val=[4, 4, 4, 4] test=[5, 5, 5, 5]
[2026-04-01 10:15:02]   Fold 2 split seed: 4014
[2026-04-01 10:15:02]   Fold 2 split class counts:
[2026-04-01 10:15:02]     train=[16, 16, 16, 16] val=[4, 4, 4, 4] test=[5, 5, 5, 5]
[2026-04-01 10:15:02]   Fold 3 split seed: 4015
[2026-04-01 10:15:02]   Fold 3 split class counts:
[2026-04-01 10:15:02]     train=[16, 16, 16, 16] val=[4, 4, 4, 4] test=[5, 5, 5, 5]
[2026-04-01 10:15:02]   Fold 4 split seed: 4016
[2026-04-01 10:15:02]   Fold 4 split class counts:
[2026-04-01 10:15:02]     train=[16, 16, 16, 16] val=[4, 4, 4, 4] test=[5, 5, 5, 5]
[2026-04-01 10:15:02]   Fold 5 split seed: 4017
[2026-04-01 10:15:02]   Fold 5 split class counts:
[2026-04-01 10:15:02]     train=[16, 16, 16, 16] val=[4, 4, 4, 4] test=[5, 5, 5, 5]
[2026-04-01 10:15:02]   Subject 51 Fold 1 seed: 9113
[2026-04-01 10:15:02]   Subject 51 Fold 1: n_train=64 n_val=16 n_test=20
[2026-04-01 10:15:02]     Train class counts: [16, 16, 16, 16]
[2026-04-01 10:15:02]     Val class counts:   [4, 4, 4, 4]
[2026-04-01 10:15:02]     Test class counts:  [5, 5, 5, 5]
[2026-04-01 10:15:02] Building model with input window duration: 4.1875 s
[2026-04-01 10:15:02] Pretrained weight loading:
[2026-04-01 10:15:02]   Downloaded keys:        179
[2026-04-01 10:15:02]   Filtered (transformer): 172
[2026-04-01 10:15:02]   Filtered (pos_encoder): 0
[2026-04-01 10:15:02]   Keys to load:           7
[2026-04-01 10:15:02]   Missing keys:           4
[2026-04-01 10:15:02]   Unexpected keys:        0
[2026-04-01 10:15:02]   Missing preview:        ['spatial_conv.1.weight', 'spatial_conv.1.bias', 'final_layer.1.weight', 'final_layer.1.bias']
[2026-04-01 10:15:02]   Unexpected preview:     []
[2026-04-01 10:15:02] Encoder freeze configuration:
[2026-04-01 10:15:02]   Total parameters:        18,192
[2026-04-01 10:15:02]   Trainable parameters:    4,352
[2026-04-01 10:15:02]   Training percentage:     23.9%
[2026-04-01 10:15:02]   Trainable layers: 4
[2026-04-01 10:15:02]     - final_layer.1.bias
[2026-04-01 10:15:02]     - final_layer.1.weight
[2026-04-01 10:15:02]     - spatial_conv.1.bias
[2026-04-01 10:15:02]     - spatial_conv.1.weight
[2026-04-01 10:15:02]     Train generator seeded: True
[2026-04-01 10:15:07]     Stopped epoch:            414
[2026-04-01 10:15:07]     Best epoch (valid_loss):  364
[2026-04-01 10:15:07]     Best valid_loss:          1.2181140184402466
[2026-04-01 10:15:07]     Test accuracy (primary):  0.2500
[2026-04-01 10:15:07]     Test balanced acc:        0.2500
[2026-04-01 10:15:07]     Confusion matrix:         [[0, 2, 1, 2], [1, 2, 1, 1], [3, 0, 1, 1], [0, 1, 2, 2]]
[2026-04-01 10:15:07]     Prediction histogram:     [4, 5, 5, 6]
[2026-04-01 10:15:07]     fold_acc=0.2500 fold_bal_acc=0.2500 cm=[[0, 2, 1, 2], [1, 2, 1, 1], [3, 0, 1, 1], [0, 1, 2, 2]]
[2026-04-01 10:15:07]   Subject 51 Fold 2 seed: 9114
[2026-04-01 10:15:07]   Subject 51 Fold 2: n_train=64 n_val=16 n_test=20
[2026-04-01 10:15:07]     Train class counts: [16, 16, 16, 16]
[2026-04-01 10:15:07]     Val class counts:   [4, 4, 4, 4]
[2026-04-01 10:15:07]     Test class counts:  [5, 5, 5, 5]
[2026-04-01 10:15:07] Building model with input window duration: 4.1875 s
[2026-04-01 10:15:07] Pretrained weight loading:
[2026-04-01 10:15:07]   Downloaded keys:        179
[2026-04-01 10:15:07]   Filtered (transformer): 172
[2026-04-01 10:15:07]   Filtered (pos_encoder): 0
[2026-04-01 10:15:07]   Keys to load:           7
[2026-04-01 10:15:07]   Missing keys:           4
[2026-04-01 10:15:07]   Unexpected keys:        0
[2026-04-01 10:15:07]   Missing preview:        ['spatial_conv.1.weight', 'spatial_conv.1.bias', 'final_layer.1.weight', 'final_layer.1.bias']
[2026-04-01 10:15:07]   Unexpected preview:     []
[2026-04-01 10:15:07] Encoder freeze configuration:
[2026-04-01 10:15:07]   Total parameters:        18,192
[2026-04-01 10:15:07]   Trainable parameters:    4,352
[2026-04-01 10:15:07]   Training percentage:     23.9%
[2026-04-01 10:15:07]   Trainable layers: 4
[2026-04-01 10:15:07]     - final_layer.1.bias
[2026-04-01 10:15:07]     - final_layer.1.weight
[2026-04-01 10:15:07]     - spatial_conv.1.bias
[2026-04-01 10:15:07]     - spatial_conv.1.weight
[2026-04-01 10:15:07]     Train generator seeded: True
[2026-04-01 10:15:12]     Stopped epoch:            395
[2026-04-01 10:15:12]     Best epoch (valid_loss):  345
[2026-04-01 10:15:12]     Best valid_loss:          1.2169474363327026
[2026-04-01 10:15:12]     Test accuracy (primary):  0.4500
[2026-04-01 10:15:12]     Test balanced acc:        0.4500
[2026-04-01 10:15:12]     Confusion matrix:         [[2, 2, 0, 1], [2, 2, 0, 1], [1, 0, 3, 1], [1, 0, 2, 2]]
[2026-04-01 10:15:12]     Prediction histogram:     [6, 4, 5, 5]
[2026-04-01 10:15:12]     fold_acc=0.4500 fold_bal_acc=0.4500 cm=[[2, 2, 0, 1], [2, 2, 0, 1], [1, 0, 3, 1], [1, 0, 2, 2]]
[2026-04-01 10:15:12]   Subject 51 Fold 3 seed: 9115
[2026-04-01 10:15:12]   Subject 51 Fold 3: n_train=64 n_val=16 n_test=20
[2026-04-01 10:15:12]     Train class counts: [16, 16, 16, 16]
[2026-04-01 10:15:12]     Val class counts:   [4, 4, 4, 4]
[2026-04-01 10:15:12]     Test class counts:  [5, 5, 5, 5]
[2026-04-01 10:15:12] Building model with input window duration: 4.1875 s
[2026-04-01 10:15:12] Pretrained weight loading:
[2026-04-01 10:15:12]   Downloaded keys:        179
[2026-04-01 10:15:12]   Filtered (transformer): 172
[2026-04-01 10:15:12]   Filtered (pos_encoder): 0
[2026-04-01 10:15:12]   Keys to load:           7
[2026-04-01 10:15:12]   Missing keys:           4
[2026-04-01 10:15:12]   Unexpected keys:        0
[2026-04-01 10:15:12]   Missing preview:        ['spatial_conv.1.weight', 'spatial_conv.1.bias', 'final_layer.1.weight', 'final_layer.1.bias']
[2026-04-01 10:15:12]   Unexpected preview:     []
[2026-04-01 10:15:12] Encoder freeze configuration:
[2026-04-01 10:15:12]   Total parameters:        18,192
[2026-04-01 10:15:12]   Trainable parameters:    4,352
[2026-04-01 10:15:12]   Training percentage:     23.9%
[2026-04-01 10:15:12]   Trainable layers: 4
[2026-04-01 10:15:12]     - final_layer.1.bias
[2026-04-01 10:15:12]     - final_layer.1.weight
[2026-04-01 10:15:12]     - spatial_conv.1.bias
[2026-04-01 10:15:12]     - spatial_conv.1.weight
[2026-04-01 10:15:12]     Train generator seeded: True
[2026-04-01 10:15:13]     Stopped epoch:            51
[2026-04-01 10:15:13]     Best epoch (valid_loss):  1
[2026-04-01 10:15:13]     Best valid_loss:          1.386593222618103
[2026-04-01 10:15:13]     Test accuracy (primary):  0.2500
[2026-04-01 10:15:13]     Test balanced acc:        0.2500
[2026-04-01 10:15:13]     Confusion matrix:         [[5, 0, 0, 0], [5, 0, 0, 0], [5, 0, 0, 0], [5, 0, 0, 0]]
[2026-04-01 10:15:13]     Prediction histogram:     [20, 0, 0, 0]
[2026-04-01 10:15:13]     fold_acc=0.2500 fold_bal_acc=0.2500 cm=[[5, 0, 0, 0], [5, 0, 0, 0], [5, 0, 0, 0], [5, 0, 0, 0]]
[2026-04-01 10:15:13]   Subject 51 Fold 4 seed: 9116
[2026-04-01 10:15:13]   Subject 51 Fold 4: n_train=64 n_val=16 n_test=20
[2026-04-01 10:15:13]     Train class counts: [16, 16, 16, 16]
[2026-04-01 10:15:13]     Val class counts:   [4, 4, 4, 4]
[2026-04-01 10:15:13]     Test class counts:  [5, 5, 5, 5]
[2026-04-01 10:15:13] Building model with input window duration: 4.1875 s
[2026-04-01 10:15:13] Pretrained weight loading:
[2026-04-01 10:15:13]   Downloaded keys:        179
[2026-04-01 10:15:13]   Filtered (transformer): 172
[2026-04-01 10:15:13]   Filtered (pos_encoder): 0
[2026-04-01 10:15:13]   Keys to load:           7
[2026-04-01 10:15:13]   Missing keys:           4
[2026-04-01 10:15:13]   Unexpected keys:        0
[2026-04-01 10:15:13]   Missing preview:        ['spatial_conv.1.weight', 'spatial_conv.1.bias', 'final_layer.1.weight', 'final_layer.1.bias']
[2026-04-01 10:15:13]   Unexpected preview:     []
[2026-04-01 10:15:13] Encoder freeze configuration:
[2026-04-01 10:15:13]   Total parameters:        18,192
[2026-04-01 10:15:13]   Trainable parameters:    4,352
[2026-04-01 10:15:13]   Training percentage:     23.9%
[2026-04-01 10:15:13]   Trainable layers: 4
[2026-04-01 10:15:13]     - final_layer.1.bias
[2026-04-01 10:15:13]     - final_layer.1.weight
[2026-04-01 10:15:13]     - spatial_conv.1.bias
[2026-04-01 10:15:13]     - spatial_conv.1.weight
[2026-04-01 10:15:13]     Train generator seeded: True
[2026-04-01 10:15:15]     Stopped epoch:            174
[2026-04-01 10:15:15]     Best epoch (valid_loss):  124
[2026-04-01 10:15:15]     Best valid_loss:          1.3582454919815063
[2026-04-01 10:15:15]     Test accuracy (primary):  0.3500
[2026-04-01 10:15:15]     Test balanced acc:        0.3500
[2026-04-01 10:15:15]     Confusion matrix:         [[1, 0, 0, 4], [3, 1, 1, 0], [2, 1, 2, 0], [1, 0, 1, 3]]
[2026-04-01 10:15:15]     Prediction histogram:     [7, 2, 4, 7]
[2026-04-01 10:15:15]     fold_acc=0.3500 fold_bal_acc=0.3500 cm=[[1, 0, 0, 4], [3, 1, 1, 0], [2, 1, 2, 0], [1, 0, 1, 3]]
[2026-04-01 10:15:15]   Subject 51 Fold 5 seed: 9117
[2026-04-01 10:15:15]   Subject 51 Fold 5: n_train=64 n_val=16 n_test=20
[2026-04-01 10:15:15]     Train class counts: [16, 16, 16, 16]
[2026-04-01 10:15:15]     Val class counts:   [4, 4, 4, 4]
[2026-04-01 10:15:15]     Test class counts:  [5, 5, 5, 5]
[2026-04-01 10:15:15] Building model with input window duration: 4.1875 s
[2026-04-01 10:15:15] Pretrained weight loading:
[2026-04-01 10:15:15]   Downloaded keys:        179
[2026-04-01 10:15:15]   Filtered (transformer): 172
[2026-04-01 10:15:15]   Filtered (pos_encoder): 0
[2026-04-01 10:15:15]   Keys to load:           7
[2026-04-01 10:15:15]   Missing keys:           4
[2026-04-01 10:15:15]   Unexpected keys:        0
[2026-04-01 10:15:15]   Missing preview:        ['spatial_conv.1.weight', 'spatial_conv.1.bias', 'final_layer.1.weight', 'final_layer.1.bias']
[2026-04-01 10:15:15]   Unexpected preview:     []
[2026-04-01 10:15:15] Encoder freeze configuration:
[2026-04-01 10:15:15]   Total parameters:        18,192
[2026-04-01 10:15:15]   Trainable parameters:    4,352
[2026-04-01 10:15:15]   Training percentage:     23.9%
[2026-04-01 10:15:15]   Trainable layers: 4
[2026-04-01 10:15:15]     - final_layer.1.bias
[2026-04-01 10:15:15]     - final_layer.1.weight
[2026-04-01 10:15:15]     - spatial_conv.1.bias
[2026-04-01 10:15:15]     - spatial_conv.1.weight
[2026-04-01 10:15:15]     Train generator seeded: True
[2026-04-01 10:15:15]     Stopped epoch:            59
[2026-04-01 10:15:15]     Best epoch (valid_loss):  14
[2026-04-01 10:15:15]     Best valid_loss:          1.3862730264663696
[2026-04-01 10:15:15]     Test accuracy (primary):  0.2500
[2026-04-01 10:15:15]     Test balanced acc:        0.2500
[2026-04-01 10:15:15]     Confusion matrix:         [[1, 3, 0, 1], [3, 0, 1, 1], [3, 0, 2, 0], [1, 2, 0, 2]]
[2026-04-01 10:15:15]     Prediction histogram:     [8, 5, 3, 4]
[2026-04-01 10:15:15]     fold_acc=0.2500 fold_bal_acc=0.2500 cm=[[1, 3, 0, 1], [3, 0, 1, 1], [3, 0, 2, 0], [1, 2, 0, 2]]
[2026-04-01 10:15:15]   Subject 51 mean accuracy: 0.3100

[2026-04-01 10:15:15] Total folds completed: 5
[2026-04-01 10:15:15] ======================================================================
[2026-04-01 10:15:15] AGGREGATED RESULTS
[2026-04-01 10:15:15] ======================================================================
[2026-04-01 10:15:15]   Subject 51:  acc=0.3100±0.0800  bal_acc=0.3100±0.0800
[2026-04-01 10:15:15] ----------------------------------------------------------------------
[2026-04-01 10:15:15]   OVERALL:      acc=0.3100±0.0800  bal_acc=0.3100±0.0800
[2026-04-01 10:15:15] ======================================================================
[2026-04-01 10:15:15] CV results saved to:      /home/vegorov/Repos/eeg_jepa_research/artifacts/lee-2019-fine-tuning/SSVEP/20260401_1014_222f45e9/cv_results.json
[2026-04-01 10:15:15] Subject metrics saved to: /home/vegorov/Repos/eeg_jepa_research/artifacts/lee-2019-fine-tuning/SSVEP/20260401_1014_222f45e9/subject_metrics.json
[2026-04-01 10:15:15] Global metrics saved to:  /home/vegorov/Repos/eeg_jepa_research/artifacts/lee-2019-fine-tuning/SSVEP/20260401_1014_222f45e9/global_metrics.json
[2026-04-01 10:15:15] Run metadata saved to:    /home/vegorov/Repos/eeg_jepa_research/artifacts/lee-2019-fine-tuning/SSVEP/20260401_1014_222f45e9/run_metadata.json

[2026-04-01 10:15:15] All artifacts in: /home/vegorov/Repos/eeg_jepa_research/artifacts/lee-2019-fine-tuning/SSVEP/20260401_1014_222f45e9

[2026-04-01 10:15:15] ======================================================================
[2026-04-01 10:15:15] EXPERIMENT SUMMARY
[2026-04-01 10:15:15] ======================================================================
[2026-04-01 10:15:15] Run ID:    20260401_1014_222f45e9
[2026-04-01 10:15:15] Artifacts: /home/vegorov/Repos/eeg_jepa_research/artifacts/lee-2019-fine-tuning/SSVEP/20260401_1014_222f45e9

[2026-04-01 10:15:15] Configuration:
[2026-04-01 10:15:15]   Subjects:          [51]
[2026-04-01 10:15:15]   Bandpass:          1.0-35.0 Hz
[2026-04-01 10:15:15]   Resample:          128 Hz
[2026-04-01 10:15:15]   CV folds:          5
[2026-04-01 10:15:15]   Learning rate:     0.001
[2026-04-01 10:15:15]   Batch size:        16
[2026-04-01 10:15:15]   Max epochs:        5000

[2026-04-01 10:15:15] Results:
[2026-04-01 10:15:15]   Mean Accuracy:          0.3100 ± 0.0800
[2026-04-01 10:15:15]   Mean Balanced Accuracy: 0.3100 ± 0.0800
