[2026-04-08 19:43:12] Using device: cpu
[2026-04-08 19:43:12] Seed control enabled: True
[2026-04-08 19:43:12] Base seed: 5
[2026-04-08 19:43:12] Seed initialized: 5
[2026-04-08 19:43:12] ======================================================================
[2026-04-08 19:43:12] CONFIGURATION
[2026-04-08 19:43:12] ======================================================================
[2026-04-08 19:43:12]   artifact_dir: /home/vegorov/Repos/eeg_jepa_research/artifacts/lee-2019-fine-tuning
[2026-04-08 19:43:12]   bandpass_high: 40.0
[2026-04-08 19:43:12]   bandpass_low: 0.5
[2026-04-08 19:43:12]   batch_size: 32
[2026-04-08 19:43:12]   convert_to_uV: True
[2026-04-08 19:43:12]   criterion: None
[2026-04-08 19:43:12]   cv_folds: 5
[2026-04-08 19:43:12]   device: auto
[2026-04-08 19:43:12]   early_stopping_patience: 50
[2026-04-08 19:43:12]   learning_rate: 0.003
[2026-04-08 19:43:12]   n_epochs: 5000
[2026-04-08 19:43:12]   normalization_method: None
[2026-04-08 19:43:12]   normalize: False
[2026-04-08 19:43:12]   optimizer: Adam
[2026-04-08 19:43:12]   paradigm: SSVEP
[2026-04-08 19:43:12]   pretrained_url: https://huggingface.co/braindecode/SignalJEPA/resolve/main/signal-jepa_16s-60_adeuwv4s.pth
[2026-04-08 19:43:12]   seed: 5
[2026-04-08 19:43:12]   set_eeg_reference: True
[2026-04-08 19:43:12]   set_seed: True
[2026-04-08 19:43:12]   sfreq: 128
[2026-04-08 19:43:12]   subjects_to_use: None
[2026-04-08 19:43:12]   val_split: 0.2
[2026-04-08 19:43:12] ======================================================================
[2026-04-08 19:43:12] Config saved to: /home/vegorov/Repos/eeg_jepa_research/artifacts/lee-2019-fine-tuning/SSVEP/20260408_1943_ace09cf5/config.json
[2026-04-08 19:43:12] Epoch window configuration:
[2026-04-08 19:43:12]   Target sfreq:                128 Hz
[2026-04-08 19:43:12]   Target duration:             4.190000 s
[2026-04-08 19:43:12]   Window samples (rounded):    536
[2026-04-08 19:43:12]   Base trial samples (4.0 s):  512
[2026-04-08 19:43:12]   Trial stop offset samples:   24
[2026-04-08 19:43:12]   Effective window duration:   4.187500 s
[2026-04-08 19:43:12] Dataset code: Lee2019-SSVEP
[2026-04-08 19:43:12] Subjects Total: 54
[2026-04-08 19:43:12] Events: {'12.0': 1, '8.57': 2, '6.67': 3, '5.45': 4}
[2026-04-08 19:43:12] Interval: [0.0, 4.0]
[2026-04-08 19:43:12] Paradigm: ssvep
[2026-04-08 19:43:12] Selected subjects: [48, 49, 50, 51, 52, 53, 54]
[2026-04-08 19:43:12] Expected evaluation folds: 35

[2026-04-08 19:43:12] Building MOABBDataset for Lee2019_SSVEP...
[2026-04-08 19:44:16] MOABBDataset recordings loaded: 14
[2026-04-08 19:44:16] Discovered annotation descriptions (first recording): [np.str_('12.0'), np.str_('5.45'), np.str_('6.67'), np.str_('8.57')]
[2026-04-08 19:44:16] Dataset event_id mapping: {'12.0': 1, '8.57': 2, '6.67': 3, '5.45': 4}
[2026-04-08 19:44:16] Label map (event_code -> class_index): {1: 0, 2: 1, 3: 2, 4: 3}
[2026-04-08 19:44:16] Applying Braindecode preprocessors to MOABBDataset...
[2026-04-08 19:45:01] Preprocessing complete.

[2026-04-08 19:45:01] Post-preprocessing validation
[2026-04-08 19:45:01]   Recordings in DATASET: 14
[2026-04-08 19:45:01]   Unique subject IDs:    ['48', '49', '50', '51', '52', '53', '54']
[2026-04-08 19:45:01]   sfreq (first rec):     128.0 Hz
[2026-04-08 19:45:01]   EEG channel count:     62
[2026-04-08 19:45:01]   First 10 channels:     ['Fp1', 'Fp2', 'F7', 'F3', 'Fz', 'F4', 'F8', 'FC5', 'FC1', 'FC2']
[2026-04-08 19:45:01] Channel consistency summary:
[2026-04-08 19:45:01]   Checked runs: 14
[2026-04-08 19:45:01]   Unique channel counts: [62]
[2026-04-08 19:45:01]   Channel order consistent: True
[2026-04-08 19:45:01] Validated EEG channels: 62
[2026-04-08 19:45:01] First 10 EEG channels: ['Fp1', 'Fp2', 'F7', 'F3', 'Fz', 'F4', 'F8', 'FC5', 'FC1', 'FC2']
[2026-04-08 19:45:01] raw mean_abs=6.260925e+00
[2026-04-08 19:45:01] raw std=1.367558e+01
[2026-04-08 19:45:01] raw first5 channel std= [25.7487628  33.90435699 12.52572271  7.29424492  6.6773028 ]
[2026-04-08 19:45:01] Requested window samples: 536
[2026-04-08 19:45:01] Base trial samples:       512
[2026-04-08 19:45:01] Stop offset samples:      24
[2026-04-08 19:45:01] Global class counts: [350, 350, 350, 350]
[2026-04-08 19:45:01] Chance level (4-class): 0.25
[2026-04-08 19:45:01] One window shape: (62, 536)
[2026-04-08 19:45:01] One window label: 2
[2026-04-08 19:45:01] Window sample length expected=536, got=536
[2026-04-08 19:45:01] Subjects in window split: [48, 49, 50, 51, 52, 53, 54]
[2026-04-08 19:45:01] Summarizing per-subject windows...
[2026-04-08 19:45:01]   Subject 48: n_windows=200, window_shape=(62, 536), class_counts=[50, 50, 50, 50]
[2026-04-08 19:45:01]   Subject 49: n_windows=200, window_shape=(62, 536), class_counts=[50, 50, 50, 50]
[2026-04-08 19:45:01]   Subject 50: n_windows=200, window_shape=(62, 536), class_counts=[50, 50, 50, 50]
[2026-04-08 19:45:01]   Subject 51: n_windows=200, window_shape=(62, 536), class_counts=[50, 50, 50, 50]
[2026-04-08 19:45:01]   Subject 52: n_windows=200, window_shape=(62, 536), class_counts=[50, 50, 50, 50]
[2026-04-08 19:45:01]   Subject 53: n_windows=200, window_shape=(62, 536), class_counts=[50, 50, 50, 50]
[2026-04-08 19:45:01]   Subject 54: n_windows=200, window_shape=(62, 536), class_counts=[50, 50, 50, 50]
[2026-04-08 19:45:01]    subject_id  n_windows  n_channels  n_times      class_counts
0          48        200          62      536  [50, 50, 50, 50]
1          49        200          62      536  [50, 50, 50, 50]
2          50        200          62      536  [50, 50, 50, 50]
3          51        200          62      536  [50, 50, 50, 50]
4          52        200          62      536  [50, 50, 50, 50]
5          53        200          62      536  [50, 50, 50, 50]
6          54        200          62      536  [50, 50, 50, 50]
[2026-04-08 19:45:01] Window validation summary:
[2026-04-08 19:45:01]   Subject 48: n_windows=200 class_counts=[50, 50, 50, 50]
[2026-04-08 19:45:01]   Subject 49: n_windows=200 class_counts=[50, 50, 50, 50]
[2026-04-08 19:45:01]   Subject 50: n_windows=200 class_counts=[50, 50, 50, 50]
[2026-04-08 19:45:01]   Subject 51: n_windows=200 class_counts=[50, 50, 50, 50]
[2026-04-08 19:45:01]   Subject 52: n_windows=200 class_counts=[50, 50, 50, 50]
[2026-04-08 19:45:01]   Subject 53: n_windows=200 class_counts=[50, 50, 50, 50]
[2026-04-08 19:45:01]   Subject 54: n_windows=200 class_counts=[50, 50, 50, 50]

[2026-04-08 19:45:01] Validated sampling rate target: 128 Hz
[2026-04-08 19:45:01] Validated window sample count:   536
[2026-04-08 19:45:01] Validated window duration:       4.1875 s
[2026-04-08 19:45:01] Validated channel count:         62
[2026-04-08 19:45:01] Total windows retained:          1400
[2026-04-08 19:45:01] Preprocessing sanity checks:
[2026-04-08 19:45:01]   One sample label: 2
[2026-04-08 19:45:01]   One sample shape: (62, 536)
[2026-04-08 19:45:01]   Mean(abs(signal)): 3.194527e+00
[2026-04-08 19:45:01]   Mean(signal):      6.428233e-09
[2026-04-08 19:45:01]   Std(signal):       4.182395e+00
[2026-04-08 19:45:01] Building model with input window duration: 4.1875 s
[2026-04-08 19:45:01] SignalJEPA_PreLocal instantiated successfully.
[2026-04-08 19:45:01]   Total parameters:     18,192
[2026-04-08 19:45:01]   Trainable parameters: 18,192
[2026-04-08 19:45:01] ======================================================================================================================================================
Layer (type (var_name):depth-idx)                  Input Shape               Output Shape              Param #                   Kernel Shape
======================================================================================================================================================
SignalJEPA_PreLocal (SignalJEPA_PreLocal)          [1, 62, 536]              [1, 4]                    --                        --
├─Sequential (spatial_conv): 1-1                   [1, 62, 536]              [1, 4, 536]               --                        --
│    └─Rearrange (0): 2-1                          [1, 62, 536]              [1, 1, 62, 536]           --                        --
│    └─Conv2d (1): 2-2                             [1, 1, 62, 536]           [1, 4, 1, 536]            252                       [62, 1]
│    └─Rearrange (2): 2-3                          [1, 4, 1, 536]            [1, 4, 536]               --                        --
├─_ConvFeatureEncoder (feature_encoder): 1-2       [1, 4, 536]               [1, 16, 64]               --                        --
│    └─Rearrange (0): 2-4                          [1, 4, 536]               [4, 1, 536]               --                        --
│    └─Sequential (1): 2-5                         [4, 1, 536]               [4, 8, 64]                --                        --
│    │    └─Conv1d (0): 3-1                        [4, 1, 536]               [4, 8, 64]                256                       [32]
│    │    └─Dropout (1): 3-2                       [4, 8, 64]                [4, 8, 64]                --                        --
│    │    └─GroupNorm (2): 3-3                     [4, 8, 64]                [4, 8, 64]                16                        --
│    │    └─GELU (3): 3-4                          [4, 8, 64]                [4, 8, 64]                --                        --
│    └─Sequential (2): 2-6                         [4, 8, 64]                [4, 16, 32]               --                        --
│    │    └─Conv1d (0): 3-5                        [4, 8, 64]                [4, 16, 32]               256                       [2]
│    │    └─Dropout (1): 3-6                       [4, 16, 32]               [4, 16, 32]               --                        --
│    │    └─GELU (2): 3-7                          [4, 16, 32]               [4, 16, 32]               --                        --
│    └─Sequential (3): 2-7                         [4, 16, 32]               [4, 32, 16]               --                        --
│    │    └─Conv1d (0): 3-8                        [4, 16, 32]               [4, 32, 16]               1,024                     [2]
│    │    └─Dropout (1): 3-9                       [4, 32, 16]               [4, 32, 16]               --                        --
│    │    └─GELU (2): 3-10                         [4, 32, 16]               [4, 32, 16]               --                        --
│    └─Sequential (4): 2-8                         [4, 32, 16]               [4, 64, 8]                --                        --
│    │    └─Conv1d (0): 3-11                       [4, 32, 16]               [4, 64, 8]                4,096                     [2]
│    │    └─Dropout (1): 3-12                      [4, 64, 8]                [4, 64, 8]                --                        --
│    │    └─GELU (2): 3-13                         [4, 64, 8]                [4, 64, 8]                --                        --
│    └─Sequential (5): 2-9                         [4, 64, 8]                [4, 64, 4]                --                        --
│    │    └─Conv1d (0): 3-14                       [4, 64, 8]                [4, 64, 4]                8,192                     [2]
│    │    └─Dropout (1): 3-15                      [4, 64, 4]                [4, 64, 4]                --                        --
│    │    └─GELU (2): 3-16                         [4, 64, 4]                [4, 64, 4]                --                        --
│    └─Rearrange (6): 2-10                         [4, 64, 4]                [1, 16, 64]               --                        --
├─Sequential (final_layer): 1-3                    [1, 16, 64]               [1, 4]                    --                        --
│    └─Flatten (0): 2-11                           [1, 16, 64]               [1, 1024]                 --                        --
│    └─Linear (1): 2-12                            [1, 1024]                 [1, 4]                    4,100                     --
======================================================================================================================================================
Total params: 18,192
Trainable params: 18,192
Non-trainable params: 0
Total mult-adds (Units.MEGABYTES): 0.57
======================================================================================================================================================
Input size (MB): 0.13
Forward/backward pass size (MB): 0.11
Params size (MB): 0.07
Estimated Total Size (MB): 0.31
======================================================================================================================================================
[2026-04-08 19:45:01] Initializing from 16s-60 pretrained checkpoint (Hugging Face):
[2026-04-08 19:45:01]   https://huggingface.co/braindecode/SignalJEPA/resolve/main/signal-jepa_16s-60_adeuwv4s.pth
[2026-04-08 19:45:01]   Downloaded 179 keys
[2026-04-08 19:45:01] ======================================================================
[2026-04-08 19:45:01] STARTING CROSS-VALIDATION
[2026-04-08 19:45:01] ======================================================================
[2026-04-08 19:45:01] Subjects:      [48, 49, 50, 51, 52, 53, 54]
[2026-04-08 19:45:01] CV folds:      5
[2026-04-08 19:45:01] Batch size:    32
[2026-04-08 19:45:01] Max epochs:    5000
[2026-04-08 19:45:01] Device:        cpu
[2026-04-08 19:45:01] Seed control:  True
[2026-04-08 19:45:01] Base seed:     5
[2026-04-08 19:45:01] ======================================================================

[2026-04-08 19:45:01] Subject 48: 200 windows | class_counts=[50, 50, 50, 50]
[2026-04-08 19:45:01]   Fold 1 class counts: train=[32, 32, 32, 32] val=[8, 8, 8, 8] test=[10, 10, 10, 10]
[2026-04-08 19:45:01]   Fold 2 class counts: train=[32, 32, 32, 32] val=[8, 8, 8, 8] test=[10, 10, 10, 10]
[2026-04-08 19:45:01]   Fold 3 class counts: train=[32, 32, 32, 32] val=[8, 8, 8, 8] test=[10, 10, 10, 10]
[2026-04-08 19:45:01]   Fold 4 class counts: train=[32, 32, 32, 32] val=[8, 8, 8, 8] test=[10, 10, 10, 10]
[2026-04-08 19:45:01]   Fold 5 class counts: train=[32, 32, 32, 32] val=[8, 8, 8, 8] test=[10, 10, 10, 10]
[2026-04-08 19:45:01]     Train class counts: [32, 32, 32, 32]
[2026-04-08 19:45:01]     Val class counts:   [8, 8, 8, 8]
[2026-04-08 19:45:01]     Test class counts:  [10, 10, 10, 10]
[2026-04-08 19:45:01] Building model with input window duration: 4.1875 s
[2026-04-08 19:45:01] Pretrained weight loading:
[2026-04-08 19:45:01]   Downloaded keys:        179
[2026-04-08 19:45:01]   Filtered (transformer): 172
[2026-04-08 19:45:01]   Filtered (pos_encoder): 0
[2026-04-08 19:45:01]   Keys to load:           7
[2026-04-08 19:45:01]   Missing keys:           4
[2026-04-08 19:45:01]   Unexpected keys:        0
[2026-04-08 19:45:01]   Missing preview:        ['spatial_conv.1.weight', 'spatial_conv.1.bias', 'final_layer.1.weight', 'final_layer.1.bias']
[2026-04-08 19:45:01]   Unexpected preview:     []
[2026-04-08 19:45:01] Trainable modules: spatial_conv + final_layer (4,352 / 18,192 params, 23.9%)
[2026-04-08 19:45:01]   - final_layer.1.bias
[2026-04-08 19:45:01]   - final_layer.1.weight
[2026-04-08 19:45:01]   - spatial_conv.1.bias
[2026-04-08 19:45:01]   - spatial_conv.1.weight
[2026-04-08 19:45:21]   Fold 1/5 | best_epoch=1081 | stop=1131 | val_loss=0.0253 | acc=0.9500 | bal_acc=0.9500
[2026-04-08 19:45:21]     Train class counts: [32, 32, 32, 32]
[2026-04-08 19:45:21]     Val class counts:   [8, 8, 8, 8]
[2026-04-08 19:45:21]     Test class counts:  [10, 10, 10, 10]
[2026-04-08 19:45:21] Building model with input window duration: 4.1875 s
[2026-04-08 19:45:21] Pretrained weight loading:
[2026-04-08 19:45:21]   Downloaded keys:        179
[2026-04-08 19:45:21]   Filtered (transformer): 172
[2026-04-08 19:45:21]   Filtered (pos_encoder): 0
[2026-04-08 19:45:21]   Keys to load:           7
[2026-04-08 19:45:21]   Missing keys:           4
[2026-04-08 19:45:21]   Unexpected keys:        0
[2026-04-08 19:45:21]   Missing preview:        ['spatial_conv.1.weight', 'spatial_conv.1.bias', 'final_layer.1.weight', 'final_layer.1.bias']
[2026-04-08 19:45:21]   Unexpected preview:     []
[2026-04-08 19:45:41]   Fold 2/5 | best_epoch=1161 | stop=1211 | val_loss=0.0119 | acc=1.0000 | bal_acc=1.0000
[2026-04-08 19:45:41]     Train class counts: [32, 32, 32, 32]
[2026-04-08 19:45:41]     Val class counts:   [8, 8, 8, 8]
[2026-04-08 19:45:41]     Test class counts:  [10, 10, 10, 10]
[2026-04-08 19:45:41] Building model with input window duration: 4.1875 s
[2026-04-08 19:45:41] Pretrained weight loading:
[2026-04-08 19:45:41]   Downloaded keys:        179
[2026-04-08 19:45:41]   Filtered (transformer): 172
[2026-04-08 19:45:41]   Filtered (pos_encoder): 0
[2026-04-08 19:45:41]   Keys to load:           7
[2026-04-08 19:45:41]   Missing keys:           4
[2026-04-08 19:45:41]   Unexpected keys:        0
[2026-04-08 19:45:41]   Missing preview:        ['spatial_conv.1.weight', 'spatial_conv.1.bias', 'final_layer.1.weight', 'final_layer.1.bias']
[2026-04-08 19:45:41]   Unexpected preview:     []
[2026-04-08 19:45:57]   Fold 3/5 | best_epoch=921 | stop=971 | val_loss=0.0124 | acc=1.0000 | bal_acc=1.0000
[2026-04-08 19:45:57]     Train class counts: [32, 32, 32, 32]
[2026-04-08 19:45:57]     Val class counts:   [8, 8, 8, 8]
[2026-04-08 19:45:57]     Test class counts:  [10, 10, 10, 10]
[2026-04-08 19:45:57] Building model with input window duration: 4.1875 s
[2026-04-08 19:45:57] Pretrained weight loading:
[2026-04-08 19:45:57]   Downloaded keys:        179
[2026-04-08 19:45:57]   Filtered (transformer): 172
[2026-04-08 19:45:57]   Filtered (pos_encoder): 0
[2026-04-08 19:45:57]   Keys to load:           7
[2026-04-08 19:45:57]   Missing keys:           4
[2026-04-08 19:45:57]   Unexpected keys:        0
[2026-04-08 19:45:57]   Missing preview:        ['spatial_conv.1.weight', 'spatial_conv.1.bias', 'final_layer.1.weight', 'final_layer.1.bias']
[2026-04-08 19:45:57]   Unexpected preview:     []
[2026-04-08 19:46:03]   Fold 4/5 | best_epoch=331 | stop=381 | val_loss=0.1181 | acc=1.0000 | bal_acc=1.0000
[2026-04-08 19:46:03]     Train class counts: [32, 32, 32, 32]
[2026-04-08 19:46:03]     Val class counts:   [8, 8, 8, 8]
[2026-04-08 19:46:03]     Test class counts:  [10, 10, 10, 10]
[2026-04-08 19:46:03] Building model with input window duration: 4.1875 s
[2026-04-08 19:46:03] Pretrained weight loading:
[2026-04-08 19:46:03]   Downloaded keys:        179
[2026-04-08 19:46:03]   Filtered (transformer): 172
[2026-04-08 19:46:03]   Filtered (pos_encoder): 0
[2026-04-08 19:46:03]   Keys to load:           7
[2026-04-08 19:46:03]   Missing keys:           4
[2026-04-08 19:46:03]   Unexpected keys:        0
[2026-04-08 19:46:03]   Missing preview:        ['spatial_conv.1.weight', 'spatial_conv.1.bias', 'final_layer.1.weight', 'final_layer.1.bias']
[2026-04-08 19:46:03]   Unexpected preview:     []
[2026-04-08 19:46:23]   Fold 5/5 | best_epoch=1109 | stop=1159 | val_loss=0.0218 | acc=1.0000 | bal_acc=1.0000
[2026-04-08 19:46:23]   Subject 48 summary: acc=0.9900±0.0200  bal_acc=0.9900±0.0200

[2026-04-08 19:46:23] Subject 49: 200 windows | class_counts=[50, 50, 50, 50]
[2026-04-08 19:46:23]   Fold 1 class counts: train=[32, 32, 32, 32] val=[8, 8, 8, 8] test=[10, 10, 10, 10]
[2026-04-08 19:46:23]   Fold 2 class counts: train=[32, 32, 32, 32] val=[8, 8, 8, 8] test=[10, 10, 10, 10]
[2026-04-08 19:46:23]   Fold 3 class counts: train=[32, 32, 32, 32] val=[8, 8, 8, 8] test=[10, 10, 10, 10]
[2026-04-08 19:46:23]   Fold 4 class counts: train=[32, 32, 32, 32] val=[8, 8, 8, 8] test=[10, 10, 10, 10]
[2026-04-08 19:46:23]   Fold 5 class counts: train=[32, 32, 32, 32] val=[8, 8, 8, 8] test=[10, 10, 10, 10]
[2026-04-08 19:46:23]     Train class counts: [32, 32, 32, 32]
[2026-04-08 19:46:23]     Val class counts:   [8, 8, 8, 8]
[2026-04-08 19:46:23]     Test class counts:  [10, 10, 10, 10]
[2026-04-08 19:46:23] Building model with input window duration: 4.1875 s
[2026-04-08 19:46:23] Pretrained weight loading:
[2026-04-08 19:46:23]   Downloaded keys:        179
[2026-04-08 19:46:23]   Filtered (transformer): 172
[2026-04-08 19:46:23]   Filtered (pos_encoder): 0
[2026-04-08 19:46:23]   Keys to load:           7
[2026-04-08 19:46:23]   Missing keys:           4
[2026-04-08 19:46:23]   Unexpected keys:        0
[2026-04-08 19:46:23]   Missing preview:        ['spatial_conv.1.weight', 'spatial_conv.1.bias', 'final_layer.1.weight', 'final_layer.1.bias']
[2026-04-08 19:46:23]   Unexpected preview:     []
[2026-04-08 19:46:41]   Fold 1/5 | best_epoch=1091 | stop=1141 | val_loss=0.0236 | acc=1.0000 | bal_acc=1.0000
[2026-04-08 19:46:41]     Train class counts: [32, 32, 32, 32]
[2026-04-08 19:46:41]     Val class counts:   [8, 8, 8, 8]
[2026-04-08 19:46:41]     Test class counts:  [10, 10, 10, 10]
[2026-04-08 19:46:41] Building model with input window duration: 4.1875 s
[2026-04-08 19:46:41] Pretrained weight loading:
[2026-04-08 19:46:41]   Downloaded keys:        179
[2026-04-08 19:46:41]   Filtered (transformer): 172
[2026-04-08 19:46:41]   Filtered (pos_encoder): 0
[2026-04-08 19:46:41]   Keys to load:           7
[2026-04-08 19:46:41]   Missing keys:           4
[2026-04-08 19:46:41]   Unexpected keys:        0
[2026-04-08 19:46:41]   Missing preview:        ['spatial_conv.1.weight', 'spatial_conv.1.bias', 'final_layer.1.weight', 'final_layer.1.bias']
[2026-04-08 19:46:41]   Unexpected preview:     []
[2026-04-08 19:46:59]   Fold 2/5 | best_epoch=938 | stop=988 | val_loss=0.0869 | acc=0.9750 | bal_acc=0.9750
[2026-04-08 19:46:59]     Train class counts: [32, 32, 32, 32]
[2026-04-08 19:46:59]     Val class counts:   [8, 8, 8, 8]
[2026-04-08 19:46:59]     Test class counts:  [10, 10, 10, 10]
[2026-04-08 19:46:59] Building model with input window duration: 4.1875 s
[2026-04-08 19:46:59] Pretrained weight loading:
[2026-04-08 19:46:59]   Downloaded keys:        179
[2026-04-08 19:46:59]   Filtered (transformer): 172
[2026-04-08 19:46:59]   Filtered (pos_encoder): 0
[2026-04-08 19:46:59]   Keys to load:           7
[2026-04-08 19:46:59]   Missing keys:           4
[2026-04-08 19:46:59]   Unexpected keys:        0
[2026-04-08 19:46:59]   Missing preview:        ['spatial_conv.1.weight', 'spatial_conv.1.bias', 'final_layer.1.weight', 'final_layer.1.bias']
[2026-04-08 19:46:59]   Unexpected preview:     []
[2026-04-08 19:47:15]   Fold 3/5 | best_epoch=938 | stop=988 | val_loss=0.0572 | acc=0.9750 | bal_acc=0.9750
[2026-04-08 19:47:15]     Train class counts: [32, 32, 32, 32]
[2026-04-08 19:47:15]     Val class counts:   [8, 8, 8, 8]
[2026-04-08 19:47:15]     Test class counts:  [10, 10, 10, 10]
[2026-04-08 19:47:15] Building model with input window duration: 4.1875 s
[2026-04-08 19:47:15] Pretrained weight loading:
[2026-04-08 19:47:15]   Downloaded keys:        179
[2026-04-08 19:47:15]   Filtered (transformer): 172
[2026-04-08 19:47:15]   Filtered (pos_encoder): 0
[2026-04-08 19:47:15]   Keys to load:           7
[2026-04-08 19:47:15]   Missing keys:           4
[2026-04-08 19:47:15]   Unexpected keys:        0
[2026-04-08 19:47:15]   Missing preview:        ['spatial_conv.1.weight', 'spatial_conv.1.bias', 'final_layer.1.weight', 'final_layer.1.bias']
[2026-04-08 19:47:15]   Unexpected preview:     []
[2026-04-08 19:47:34]   Fold 4/5 | best_epoch=1114 | stop=1164 | val_loss=0.0876 | acc=0.9500 | bal_acc=0.9500
[2026-04-08 19:47:34]     Train class counts: [32, 32, 32, 32]
[2026-04-08 19:47:34]     Val class counts:   [8, 8, 8, 8]
[2026-04-08 19:47:34]     Test class counts:  [10, 10, 10, 10]
[2026-04-08 19:47:34] Building model with input window duration: 4.1875 s
[2026-04-08 19:47:34] Pretrained weight loading:
[2026-04-08 19:47:34]   Downloaded keys:        179
[2026-04-08 19:47:34]   Filtered (transformer): 172
[2026-04-08 19:47:34]   Filtered (pos_encoder): 0
[2026-04-08 19:47:34]   Keys to load:           7
[2026-04-08 19:47:34]   Missing keys:           4
[2026-04-08 19:47:34]   Unexpected keys:        0
[2026-04-08 19:47:34]   Missing preview:        ['spatial_conv.1.weight', 'spatial_conv.1.bias', 'final_layer.1.weight', 'final_layer.1.bias']
[2026-04-08 19:47:34]   Unexpected preview:     []
[2026-04-08 19:47:56]   Fold 5/5 | best_epoch=1285 | stop=1335 | val_loss=0.0131 | acc=0.9750 | bal_acc=0.9750
[2026-04-08 19:47:56]   Subject 49 summary: acc=0.9750±0.0158  bal_acc=0.9750±0.0158

[2026-04-08 19:47:56] Subject 50: 200 windows | class_counts=[50, 50, 50, 50]
[2026-04-08 19:47:56]   Fold 1 class counts: train=[32, 32, 32, 32] val=[8, 8, 8, 8] test=[10, 10, 10, 10]
[2026-04-08 19:47:56]   Fold 2 class counts: train=[32, 32, 32, 32] val=[8, 8, 8, 8] test=[10, 10, 10, 10]
[2026-04-08 19:47:56]   Fold 3 class counts: train=[32, 32, 32, 32] val=[8, 8, 8, 8] test=[10, 10, 10, 10]
[2026-04-08 19:47:56]   Fold 4 class counts: train=[32, 32, 32, 32] val=[8, 8, 8, 8] test=[10, 10, 10, 10]
[2026-04-08 19:47:56]   Fold 5 class counts: train=[32, 32, 32, 32] val=[8, 8, 8, 8] test=[10, 10, 10, 10]
[2026-04-08 19:47:56]     Train class counts: [32, 32, 32, 32]
[2026-04-08 19:47:56]     Val class counts:   [8, 8, 8, 8]
[2026-04-08 19:47:56]     Test class counts:  [10, 10, 10, 10]
[2026-04-08 19:47:56] Building model with input window duration: 4.1875 s
[2026-04-08 19:47:56] Pretrained weight loading:
[2026-04-08 19:47:56]   Downloaded keys:        179
[2026-04-08 19:47:56]   Filtered (transformer): 172
[2026-04-08 19:47:56]   Filtered (pos_encoder): 0
[2026-04-08 19:47:56]   Keys to load:           7
[2026-04-08 19:47:56]   Missing keys:           4
[2026-04-08 19:47:56]   Unexpected keys:        0
[2026-04-08 19:47:56]   Missing preview:        ['spatial_conv.1.weight', 'spatial_conv.1.bias', 'final_layer.1.weight', 'final_layer.1.bias']
[2026-04-08 19:47:56]   Unexpected preview:     []
[2026-04-08 19:48:22]   Fold 1/5 | best_epoch=1553 | stop=1603 | val_loss=0.0033 | acc=1.0000 | bal_acc=1.0000
[2026-04-08 19:48:22]     Train class counts: [32, 32, 32, 32]
[2026-04-08 19:48:22]     Val class counts:   [8, 8, 8, 8]
[2026-04-08 19:48:22]     Test class counts:  [10, 10, 10, 10]
[2026-04-08 19:48:22] Building model with input window duration: 4.1875 s
[2026-04-08 19:48:22] Pretrained weight loading:
[2026-04-08 19:48:22]   Downloaded keys:        179
[2026-04-08 19:48:22]   Filtered (transformer): 172
[2026-04-08 19:48:22]   Filtered (pos_encoder): 0
[2026-04-08 19:48:22]   Keys to load:           7
[2026-04-08 19:48:22]   Missing keys:           4
[2026-04-08 19:48:22]   Unexpected keys:        0
[2026-04-08 19:48:22]   Missing preview:        ['spatial_conv.1.weight', 'spatial_conv.1.bias', 'final_layer.1.weight', 'final_layer.1.bias']
[2026-04-08 19:48:22]   Unexpected preview:     []
[2026-04-08 19:48:50]   Fold 2/5 | best_epoch=1705 | stop=1755 | val_loss=0.0203 | acc=1.0000 | bal_acc=1.0000
[2026-04-08 19:48:50]     Train class counts: [32, 32, 32, 32]
[2026-04-08 19:48:50]     Val class counts:   [8, 8, 8, 8]
[2026-04-08 19:48:50]     Test class counts:  [10, 10, 10, 10]
[2026-04-08 19:48:50] Building model with input window duration: 4.1875 s
[2026-04-08 19:48:50] Pretrained weight loading:
[2026-04-08 19:48:50]   Downloaded keys:        179
[2026-04-08 19:48:50]   Filtered (transformer): 172
[2026-04-08 19:48:50]   Filtered (pos_encoder): 0
[2026-04-08 19:48:50]   Keys to load:           7
[2026-04-08 19:48:50]   Missing keys:           4
[2026-04-08 19:48:50]   Unexpected keys:        0
[2026-04-08 19:48:50]   Missing preview:        ['spatial_conv.1.weight', 'spatial_conv.1.bias', 'final_layer.1.weight', 'final_layer.1.bias']
[2026-04-08 19:48:50]   Unexpected preview:     []
[2026-04-08 19:49:58]   Fold 3/5 | best_epoch=4083 | stop=4133 | val_loss=0.0003 | acc=0.9750 | bal_acc=0.9750
[2026-04-08 19:49:58]     Train class counts: [32, 32, 32, 32]
[2026-04-08 19:49:58]     Val class counts:   [8, 8, 8, 8]
[2026-04-08 19:49:58]     Test class counts:  [10, 10, 10, 10]
[2026-04-08 19:49:58] Building model with input window duration: 4.1875 s
[2026-04-08 19:49:58] Pretrained weight loading:
[2026-04-08 19:49:58]   Downloaded keys:        179
[2026-04-08 19:49:58]   Filtered (transformer): 172
[2026-04-08 19:49:58]   Filtered (pos_encoder): 0
[2026-04-08 19:49:58]   Keys to load:           7
[2026-04-08 19:49:58]   Missing keys:           4
[2026-04-08 19:49:58]   Unexpected keys:        0
[2026-04-08 19:49:58]   Missing preview:        ['spatial_conv.1.weight', 'spatial_conv.1.bias', 'final_layer.1.weight', 'final_layer.1.bias']
[2026-04-08 19:49:58]   Unexpected preview:     []
[2026-04-08 19:50:13]   Fold 4/5 | best_epoch=882 | stop=932 | val_loss=0.0493 | acc=0.9750 | bal_acc=0.9750
[2026-04-08 19:50:13]     Train class counts: [32, 32, 32, 32]
[2026-04-08 19:50:13]     Val class counts:   [8, 8, 8, 8]
[2026-04-08 19:50:13]     Test class counts:  [10, 10, 10, 10]
[2026-04-08 19:50:13] Building model with input window duration: 4.1875 s
[2026-04-08 19:50:13] Pretrained weight loading:
[2026-04-08 19:50:13]   Downloaded keys:        179
[2026-04-08 19:50:13]   Filtered (transformer): 172
[2026-04-08 19:50:13]   Filtered (pos_encoder): 0
[2026-04-08 19:50:13]   Keys to load:           7
[2026-04-08 19:50:13]   Missing keys:           4
[2026-04-08 19:50:13]   Unexpected keys:        0
[2026-04-08 19:50:13]   Missing preview:        ['spatial_conv.1.weight', 'spatial_conv.1.bias', 'final_layer.1.weight', 'final_layer.1.bias']
[2026-04-08 19:50:13]   Unexpected preview:     []
[2026-04-08 19:50:34]   Fold 5/5 | best_epoch=1260 | stop=1310 | val_loss=0.0266 | acc=1.0000 | bal_acc=1.0000
[2026-04-08 19:50:34]   Subject 50 summary: acc=0.9900±0.0122  bal_acc=0.9900±0.0122

[2026-04-08 19:50:34] Subject 51: 200 windows | class_counts=[50, 50, 50, 50]
[2026-04-08 19:50:34]   Fold 1 class counts: train=[32, 32, 32, 32] val=[8, 8, 8, 8] test=[10, 10, 10, 10]
[2026-04-08 19:50:34]   Fold 2 class counts: train=[32, 32, 32, 32] val=[8, 8, 8, 8] test=[10, 10, 10, 10]
[2026-04-08 19:50:34]   Fold 3 class counts: train=[32, 32, 32, 32] val=[8, 8, 8, 8] test=[10, 10, 10, 10]
[2026-04-08 19:50:34]   Fold 4 class counts: train=[32, 32, 32, 32] val=[8, 8, 8, 8] test=[10, 10, 10, 10]
[2026-04-08 19:50:34]   Fold 5 class counts: train=[32, 32, 32, 32] val=[8, 8, 8, 8] test=[10, 10, 10, 10]
[2026-04-08 19:50:34]     Train class counts: [32, 32, 32, 32]
[2026-04-08 19:50:34]     Val class counts:   [8, 8, 8, 8]
[2026-04-08 19:50:34]     Test class counts:  [10, 10, 10, 10]
[2026-04-08 19:50:34] Building model with input window duration: 4.1875 s
[2026-04-08 19:50:34] Pretrained weight loading:
[2026-04-08 19:50:34]   Downloaded keys:        179
[2026-04-08 19:50:34]   Filtered (transformer): 172
[2026-04-08 19:50:34]   Filtered (pos_encoder): 0
[2026-04-08 19:50:34]   Keys to load:           7
[2026-04-08 19:50:34]   Missing keys:           4
[2026-04-08 19:50:34]   Unexpected keys:        0
[2026-04-08 19:50:34]   Missing preview:        ['spatial_conv.1.weight', 'spatial_conv.1.bias', 'final_layer.1.weight', 'final_layer.1.bias']
[2026-04-08 19:50:34]   Unexpected preview:     []
[2026-04-08 19:50:41]   Fold 1/5 | best_epoch=352 | stop=402 | val_loss=0.9492 | acc=0.7000 | bal_acc=0.7000
[2026-04-08 19:50:41]     Train class counts: [32, 32, 32, 32]
[2026-04-08 19:50:41]     Val class counts:   [8, 8, 8, 8]
[2026-04-08 19:50:41]     Test class counts:  [10, 10, 10, 10]
[2026-04-08 19:50:41] Building model with input window duration: 4.1875 s
[2026-04-08 19:50:41] Pretrained weight loading:
[2026-04-08 19:50:41]   Downloaded keys:        179
[2026-04-08 19:50:41]   Filtered (transformer): 172
[2026-04-08 19:50:41]   Filtered (pos_encoder): 0
[2026-04-08 19:50:41]   Keys to load:           7
[2026-04-08 19:50:41]   Missing keys:           4
[2026-04-08 19:50:41]   Unexpected keys:        0
[2026-04-08 19:50:41]   Missing preview:        ['spatial_conv.1.weight', 'spatial_conv.1.bias', 'final_layer.1.weight', 'final_layer.1.bias']
[2026-04-08 19:50:41]   Unexpected preview:     []
[2026-04-08 19:50:44]   Fold 2/5 | best_epoch=178 | stop=228 | val_loss=1.0798 | acc=0.6750 | bal_acc=0.6750
[2026-04-08 19:50:44]     Train class counts: [32, 32, 32, 32]
[2026-04-08 19:50:44]     Val class counts:   [8, 8, 8, 8]
[2026-04-08 19:50:44]     Test class counts:  [10, 10, 10, 10]
[2026-04-08 19:50:44] Building model with input window duration: 4.1875 s
[2026-04-08 19:50:44] Pretrained weight loading:
[2026-04-08 19:50:44]   Downloaded keys:        179
[2026-04-08 19:50:44]   Filtered (transformer): 172
[2026-04-08 19:50:44]   Filtered (pos_encoder): 0
[2026-04-08 19:50:44]   Keys to load:           7
[2026-04-08 19:50:44]   Missing keys:           4
[2026-04-08 19:50:44]   Unexpected keys:        0
[2026-04-08 19:50:44]   Missing preview:        ['spatial_conv.1.weight', 'spatial_conv.1.bias', 'final_layer.1.weight', 'final_layer.1.bias']
[2026-04-08 19:50:44]   Unexpected preview:     []
[2026-04-08 19:50:50]   Fold 3/5 | best_epoch=280 | stop=330 | val_loss=0.7866 | acc=0.6250 | bal_acc=0.6250
[2026-04-08 19:50:50]     Train class counts: [32, 32, 32, 32]
[2026-04-08 19:50:50]     Val class counts:   [8, 8, 8, 8]
[2026-04-08 19:50:50]     Test class counts:  [10, 10, 10, 10]
[2026-04-08 19:50:50] Building model with input window duration: 4.1875 s
[2026-04-08 19:50:50] Pretrained weight loading:
[2026-04-08 19:50:50]   Downloaded keys:        179
[2026-04-08 19:50:50]   Filtered (transformer): 172
[2026-04-08 19:50:50]   Filtered (pos_encoder): 0
[2026-04-08 19:50:50]   Keys to load:           7
[2026-04-08 19:50:50]   Missing keys:           4
[2026-04-08 19:50:50]   Unexpected keys:        0
[2026-04-08 19:50:50]   Missing preview:        ['spatial_conv.1.weight', 'spatial_conv.1.bias', 'final_layer.1.weight', 'final_layer.1.bias']
[2026-04-08 19:50:50]   Unexpected preview:     []
[2026-04-08 19:50:58]   Fold 4/5 | best_epoch=464 | stop=514 | val_loss=0.6442 | acc=0.6750 | bal_acc=0.6750
[2026-04-08 19:50:58]     Train class counts: [32, 32, 32, 32]
[2026-04-08 19:50:58]     Val class counts:   [8, 8, 8, 8]
[2026-04-08 19:50:58]     Test class counts:  [10, 10, 10, 10]
[2026-04-08 19:50:58] Building model with input window duration: 4.1875 s
[2026-04-08 19:50:58] Pretrained weight loading:
[2026-04-08 19:50:58]   Downloaded keys:        179
[2026-04-08 19:50:58]   Filtered (transformer): 172
[2026-04-08 19:50:58]   Filtered (pos_encoder): 0
[2026-04-08 19:50:58]   Keys to load:           7
[2026-04-08 19:50:58]   Missing keys:           4
[2026-04-08 19:50:58]   Unexpected keys:        0
[2026-04-08 19:50:58]   Missing preview:        ['spatial_conv.1.weight', 'spatial_conv.1.bias', 'final_layer.1.weight', 'final_layer.1.bias']
[2026-04-08 19:50:58]   Unexpected preview:     []
[2026-04-08 19:51:02]   Fold 5/5 | best_epoch=201 | stop=251 | val_loss=1.1766 | acc=0.5750 | bal_acc=0.5750
[2026-04-08 19:51:02]   Subject 51 summary: acc=0.6500±0.0447  bal_acc=0.6500±0.0447

[2026-04-08 19:51:02] Subject 52: 200 windows | class_counts=[50, 50, 50, 50]
[2026-04-08 19:51:02]   Fold 1 class counts: train=[32, 32, 32, 32] val=[8, 8, 8, 8] test=[10, 10, 10, 10]
[2026-04-08 19:51:02]   Fold 2 class counts: train=[32, 32, 32, 32] val=[8, 8, 8, 8] test=[10, 10, 10, 10]
[2026-04-08 19:51:02]   Fold 3 class counts: train=[32, 32, 32, 32] val=[8, 8, 8, 8] test=[10, 10, 10, 10]
[2026-04-08 19:51:02]   Fold 4 class counts: train=[32, 32, 32, 32] val=[8, 8, 8, 8] test=[10, 10, 10, 10]
[2026-04-08 19:51:02]   Fold 5 class counts: train=[32, 32, 32, 32] val=[8, 8, 8, 8] test=[10, 10, 10, 10]
[2026-04-08 19:51:02]     Train class counts: [32, 32, 32, 32]
[2026-04-08 19:51:02]     Val class counts:   [8, 8, 8, 8]
[2026-04-08 19:51:02]     Test class counts:  [10, 10, 10, 10]
[2026-04-08 19:51:02] Building model with input window duration: 4.1875 s
[2026-04-08 19:51:02] Pretrained weight loading:
[2026-04-08 19:51:02]   Downloaded keys:        179
[2026-04-08 19:51:02]   Filtered (transformer): 172
[2026-04-08 19:51:02]   Filtered (pos_encoder): 0
[2026-04-08 19:51:02]   Keys to load:           7
[2026-04-08 19:51:02]   Missing keys:           4
[2026-04-08 19:51:02]   Unexpected keys:        0
[2026-04-08 19:51:02]   Missing preview:        ['spatial_conv.1.weight', 'spatial_conv.1.bias', 'final_layer.1.weight', 'final_layer.1.bias']
[2026-04-08 19:51:02]   Unexpected preview:     []
[2026-04-08 19:51:24]   Fold 1/5 | best_epoch=1320 | stop=1370 | val_loss=0.0456 | acc=1.0000 | bal_acc=1.0000
[2026-04-08 19:51:24]     Train class counts: [32, 32, 32, 32]
[2026-04-08 19:51:24]     Val class counts:   [8, 8, 8, 8]
[2026-04-08 19:51:24]     Test class counts:  [10, 10, 10, 10]
[2026-04-08 19:51:24] Building model with input window duration: 4.1875 s
[2026-04-08 19:51:24] Pretrained weight loading:
[2026-04-08 19:51:24]   Downloaded keys:        179
[2026-04-08 19:51:24]   Filtered (transformer): 172
[2026-04-08 19:51:24]   Filtered (pos_encoder): 0
[2026-04-08 19:51:24]   Keys to load:           7
[2026-04-08 19:51:24]   Missing keys:           4
[2026-04-08 19:51:24]   Unexpected keys:        0
[2026-04-08 19:51:24]   Missing preview:        ['spatial_conv.1.weight', 'spatial_conv.1.bias', 'final_layer.1.weight', 'final_layer.1.bias']
[2026-04-08 19:51:24]   Unexpected preview:     []
[2026-04-08 19:51:40]   Fold 2/5 | best_epoch=930 | stop=980 | val_loss=0.0544 | acc=0.9500 | bal_acc=0.9500
[2026-04-08 19:51:40]     Train class counts: [32, 32, 32, 32]
[2026-04-08 19:51:40]     Val class counts:   [8, 8, 8, 8]
[2026-04-08 19:51:40]     Test class counts:  [10, 10, 10, 10]
[2026-04-08 19:51:40] Building model with input window duration: 4.1875 s
[2026-04-08 19:51:40] Pretrained weight loading:
[2026-04-08 19:51:40]   Downloaded keys:        179
[2026-04-08 19:51:40]   Filtered (transformer): 172
[2026-04-08 19:51:40]   Filtered (pos_encoder): 0
[2026-04-08 19:51:40]   Keys to load:           7
[2026-04-08 19:51:40]   Missing keys:           4
[2026-04-08 19:51:40]   Unexpected keys:        0
[2026-04-08 19:51:40]   Missing preview:        ['spatial_conv.1.weight', 'spatial_conv.1.bias', 'final_layer.1.weight', 'final_layer.1.bias']
[2026-04-08 19:51:40]   Unexpected preview:     []
[2026-04-08 19:51:56]   Fold 3/5 | best_epoch=897 | stop=947 | val_loss=0.0781 | acc=1.0000 | bal_acc=1.0000
[2026-04-08 19:51:56]     Train class counts: [32, 32, 32, 32]
[2026-04-08 19:51:56]     Val class counts:   [8, 8, 8, 8]
[2026-04-08 19:51:56]     Test class counts:  [10, 10, 10, 10]
[2026-04-08 19:51:56] Building model with input window duration: 4.1875 s
[2026-04-08 19:51:56] Pretrained weight loading:
[2026-04-08 19:51:56]   Downloaded keys:        179
[2026-04-08 19:51:56]   Filtered (transformer): 172
[2026-04-08 19:51:56]   Filtered (pos_encoder): 0
[2026-04-08 19:51:56]   Keys to load:           7
[2026-04-08 19:51:56]   Missing keys:           4
[2026-04-08 19:51:56]   Unexpected keys:        0
[2026-04-08 19:51:56]   Missing preview:        ['spatial_conv.1.weight', 'spatial_conv.1.bias', 'final_layer.1.weight', 'final_layer.1.bias']
[2026-04-08 19:51:56]   Unexpected preview:     []
[2026-04-08 19:52:03]   Fold 4/5 | best_epoch=400 | stop=450 | val_loss=0.1897 | acc=0.9750 | bal_acc=0.9750
[2026-04-08 19:52:03]     Train class counts: [32, 32, 32, 32]
[2026-04-08 19:52:03]     Val class counts:   [8, 8, 8, 8]
[2026-04-08 19:52:03]     Test class counts:  [10, 10, 10, 10]
[2026-04-08 19:52:03] Building model with input window duration: 4.1875 s
[2026-04-08 19:52:03] Pretrained weight loading:
[2026-04-08 19:52:03]   Downloaded keys:        179
[2026-04-08 19:52:03]   Filtered (transformer): 172
[2026-04-08 19:52:03]   Filtered (pos_encoder): 0
[2026-04-08 19:52:03]   Keys to load:           7
[2026-04-08 19:52:03]   Missing keys:           4
[2026-04-08 19:52:03]   Unexpected keys:        0
[2026-04-08 19:52:03]   Missing preview:        ['spatial_conv.1.weight', 'spatial_conv.1.bias', 'final_layer.1.weight', 'final_layer.1.bias']
[2026-04-08 19:52:03]   Unexpected preview:     []
[2026-04-08 19:52:15]   Fold 5/5 | best_epoch=670 | stop=720 | val_loss=0.0737 | acc=0.9750 | bal_acc=0.9750
[2026-04-08 19:52:15]   Subject 52 summary: acc=0.9800±0.0187  bal_acc=0.9800±0.0187

[2026-04-08 19:52:15] Subject 53: 200 windows | class_counts=[50, 50, 50, 50]
[2026-04-08 19:52:15]   Fold 1 class counts: train=[32, 32, 32, 32] val=[8, 8, 8, 8] test=[10, 10, 10, 10]
[2026-04-08 19:52:15]   Fold 2 class counts: train=[32, 32, 32, 32] val=[8, 8, 8, 8] test=[10, 10, 10, 10]
[2026-04-08 19:52:15]   Fold 3 class counts: train=[32, 32, 32, 32] val=[8, 8, 8, 8] test=[10, 10, 10, 10]
[2026-04-08 19:52:15]   Fold 4 class counts: train=[32, 32, 32, 32] val=[8, 8, 8, 8] test=[10, 10, 10, 10]
[2026-04-08 19:52:15]   Fold 5 class counts: train=[32, 32, 32, 32] val=[8, 8, 8, 8] test=[10, 10, 10, 10]
[2026-04-08 19:52:15]     Train class counts: [32, 32, 32, 32]
[2026-04-08 19:52:15]     Val class counts:   [8, 8, 8, 8]
[2026-04-08 19:52:15]     Test class counts:  [10, 10, 10, 10]
[2026-04-08 19:52:15] Building model with input window duration: 4.1875 s
[2026-04-08 19:52:15] Pretrained weight loading:
[2026-04-08 19:52:15]   Downloaded keys:        179
[2026-04-08 19:52:15]   Filtered (transformer): 172
[2026-04-08 19:52:15]   Filtered (pos_encoder): 0
[2026-04-08 19:52:15]   Keys to load:           7
[2026-04-08 19:52:15]   Missing keys:           4
[2026-04-08 19:52:15]   Unexpected keys:        0
[2026-04-08 19:52:15]   Missing preview:        ['spatial_conv.1.weight', 'spatial_conv.1.bias', 'final_layer.1.weight', 'final_layer.1.bias']
[2026-04-08 19:52:15]   Unexpected preview:     []
[2026-04-08 19:52:30]   Fold 1/5 | best_epoch=861 | stop=911 | val_loss=0.0377 | acc=1.0000 | bal_acc=1.0000
[2026-04-08 19:52:30]     Train class counts: [32, 32, 32, 32]
[2026-04-08 19:52:30]     Val class counts:   [8, 8, 8, 8]
[2026-04-08 19:52:30]     Test class counts:  [10, 10, 10, 10]
[2026-04-08 19:52:30] Building model with input window duration: 4.1875 s
[2026-04-08 19:52:30] Pretrained weight loading:
[2026-04-08 19:52:30]   Downloaded keys:        179
[2026-04-08 19:52:30]   Filtered (transformer): 172
[2026-04-08 19:52:30]   Filtered (pos_encoder): 0
[2026-04-08 19:52:30]   Keys to load:           7
[2026-04-08 19:52:30]   Missing keys:           4
[2026-04-08 19:52:30]   Unexpected keys:        0
[2026-04-08 19:52:30]   Missing preview:        ['spatial_conv.1.weight', 'spatial_conv.1.bias', 'final_layer.1.weight', 'final_layer.1.bias']
[2026-04-08 19:52:30]   Unexpected preview:     []
[2026-04-08 19:53:26]   Fold 2/5 | best_epoch=3314 | stop=3364 | val_loss=0.0007 | acc=1.0000 | bal_acc=1.0000
[2026-04-08 19:53:26]     Train class counts: [32, 32, 32, 32]
[2026-04-08 19:53:26]     Val class counts:   [8, 8, 8, 8]
[2026-04-08 19:53:26]     Test class counts:  [10, 10, 10, 10]
[2026-04-08 19:53:26] Building model with input window duration: 4.1875 s
[2026-04-08 19:53:26] Pretrained weight loading:
[2026-04-08 19:53:26]   Downloaded keys:        179
[2026-04-08 19:53:26]   Filtered (transformer): 172
[2026-04-08 19:53:26]   Filtered (pos_encoder): 0
[2026-04-08 19:53:26]   Keys to load:           7
[2026-04-08 19:53:26]   Missing keys:           4
[2026-04-08 19:53:26]   Unexpected keys:        0
[2026-04-08 19:53:26]   Missing preview:        ['spatial_conv.1.weight', 'spatial_conv.1.bias', 'final_layer.1.weight', 'final_layer.1.bias']
[2026-04-08 19:53:26]   Unexpected preview:     []
[2026-04-08 19:54:22]   Fold 3/5 | best_epoch=3364 | stop=3414 | val_loss=0.0004 | acc=1.0000 | bal_acc=1.0000
[2026-04-08 19:54:22]     Train class counts: [32, 32, 32, 32]
[2026-04-08 19:54:22]     Val class counts:   [8, 8, 8, 8]
[2026-04-08 19:54:22]     Test class counts:  [10, 10, 10, 10]
[2026-04-08 19:54:22] Building model with input window duration: 4.1875 s
[2026-04-08 19:54:22] Pretrained weight loading:
[2026-04-08 19:54:22]   Downloaded keys:        179
[2026-04-08 19:54:22]   Filtered (transformer): 172
[2026-04-08 19:54:22]   Filtered (pos_encoder): 0
[2026-04-08 19:54:22]   Keys to load:           7
[2026-04-08 19:54:22]   Missing keys:           4
[2026-04-08 19:54:22]   Unexpected keys:        0
[2026-04-08 19:54:22]   Missing preview:        ['spatial_conv.1.weight', 'spatial_conv.1.bias', 'final_layer.1.weight', 'final_layer.1.bias']
[2026-04-08 19:54:22]   Unexpected preview:     []
[2026-04-08 19:55:27]   Fold 4/5 | best_epoch=3900 | stop=3950 | val_loss=0.0013 | acc=1.0000 | bal_acc=1.0000
[2026-04-08 19:55:27]     Train class counts: [32, 32, 32, 32]
[2026-04-08 19:55:27]     Val class counts:   [8, 8, 8, 8]
[2026-04-08 19:55:27]     Test class counts:  [10, 10, 10, 10]
[2026-04-08 19:55:27] Building model with input window duration: 4.1875 s
[2026-04-08 19:55:27] Pretrained weight loading:
[2026-04-08 19:55:27]   Downloaded keys:        179
[2026-04-08 19:55:27]   Filtered (transformer): 172
[2026-04-08 19:55:27]   Filtered (pos_encoder): 0
[2026-04-08 19:55:27]   Keys to load:           7
[2026-04-08 19:55:27]   Missing keys:           4
[2026-04-08 19:55:27]   Unexpected keys:        0
[2026-04-08 19:55:27]   Missing preview:        ['spatial_conv.1.weight', 'spatial_conv.1.bias', 'final_layer.1.weight', 'final_layer.1.bias']
[2026-04-08 19:55:27]   Unexpected preview:     []
[2026-04-08 19:56:50]   Fold 5/5 | best_epoch=4990 | stop=5000 | val_loss=0.0003 | acc=1.0000 | bal_acc=1.0000
[2026-04-08 19:56:50]   Subject 53 summary: acc=1.0000±0.0000  bal_acc=1.0000±0.0000

[2026-04-08 19:56:50] Subject 54: 200 windows | class_counts=[50, 50, 50, 50]
[2026-04-08 19:56:50]   Fold 1 class counts: train=[32, 32, 32, 32] val=[8, 8, 8, 8] test=[10, 10, 10, 10]
[2026-04-08 19:56:50]   Fold 2 class counts: train=[32, 32, 32, 32] val=[8, 8, 8, 8] test=[10, 10, 10, 10]
[2026-04-08 19:56:50]   Fold 3 class counts: train=[32, 32, 32, 32] val=[8, 8, 8, 8] test=[10, 10, 10, 10]
[2026-04-08 19:56:50]   Fold 4 class counts: train=[32, 32, 32, 32] val=[8, 8, 8, 8] test=[10, 10, 10, 10]
[2026-04-08 19:56:50]   Fold 5 class counts: train=[32, 32, 32, 32] val=[8, 8, 8, 8] test=[10, 10, 10, 10]
[2026-04-08 19:56:50]     Train class counts: [32, 32, 32, 32]
[2026-04-08 19:56:50]     Val class counts:   [8, 8, 8, 8]
[2026-04-08 19:56:50]     Test class counts:  [10, 10, 10, 10]
[2026-04-08 19:56:50] Building model with input window duration: 4.1875 s
[2026-04-08 19:56:50] Pretrained weight loading:
[2026-04-08 19:56:50]   Downloaded keys:        179
[2026-04-08 19:56:50]   Filtered (transformer): 172
[2026-04-08 19:56:50]   Filtered (pos_encoder): 0
[2026-04-08 19:56:50]   Keys to load:           7
[2026-04-08 19:56:50]   Missing keys:           4
[2026-04-08 19:56:50]   Unexpected keys:        0
[2026-04-08 19:56:50]   Missing preview:        ['spatial_conv.1.weight', 'spatial_conv.1.bias', 'final_layer.1.weight', 'final_layer.1.bias']
[2026-04-08 19:56:50]   Unexpected preview:     []
[2026-04-08 19:56:59]   Fold 1/5 | best_epoch=524 | stop=574 | val_loss=0.4199 | acc=0.8750 | bal_acc=0.8750
[2026-04-08 19:56:59]     Train class counts: [32, 32, 32, 32]
[2026-04-08 19:56:59]     Val class counts:   [8, 8, 8, 8]
[2026-04-08 19:56:59]     Test class counts:  [10, 10, 10, 10]
[2026-04-08 19:56:59] Building model with input window duration: 4.1875 s
[2026-04-08 19:56:59] Pretrained weight loading:
[2026-04-08 19:56:59]   Downloaded keys:        179
[2026-04-08 19:56:59]   Filtered (transformer): 172
[2026-04-08 19:56:59]   Filtered (pos_encoder): 0
[2026-04-08 19:56:59]   Keys to load:           7
[2026-04-08 19:56:59]   Missing keys:           4
[2026-04-08 19:56:59]   Unexpected keys:        0
[2026-04-08 19:56:59]   Missing preview:        ['spatial_conv.1.weight', 'spatial_conv.1.bias', 'final_layer.1.weight', 'final_layer.1.bias']
[2026-04-08 19:56:59]   Unexpected preview:     []
[2026-04-08 19:57:05]   Fold 2/5 | best_epoch=276 | stop=326 | val_loss=0.5448 | acc=0.8750 | bal_acc=0.8750
[2026-04-08 19:57:05]     Train class counts: [32, 32, 32, 32]
[2026-04-08 19:57:05]     Val class counts:   [8, 8, 8, 8]
[2026-04-08 19:57:05]     Test class counts:  [10, 10, 10, 10]
[2026-04-08 19:57:05] Building model with input window duration: 4.1875 s
[2026-04-08 19:57:05] Pretrained weight loading:
[2026-04-08 19:57:05]   Downloaded keys:        179
[2026-04-08 19:57:05]   Filtered (transformer): 172
[2026-04-08 19:57:05]   Filtered (pos_encoder): 0
[2026-04-08 19:57:05]   Keys to load:           7
[2026-04-08 19:57:05]   Missing keys:           4
[2026-04-08 19:57:05]   Unexpected keys:        0
[2026-04-08 19:57:05]   Missing preview:        ['spatial_conv.1.weight', 'spatial_conv.1.bias', 'final_layer.1.weight', 'final_layer.1.bias']
[2026-04-08 19:57:05]   Unexpected preview:     []
[2026-04-08 19:57:10]   Fold 3/5 | best_epoch=291 | stop=341 | val_loss=0.6212 | acc=0.9000 | bal_acc=0.9000
[2026-04-08 19:57:10]     Train class counts: [32, 32, 32, 32]
[2026-04-08 19:57:10]     Val class counts:   [8, 8, 8, 8]
[2026-04-08 19:57:10]     Test class counts:  [10, 10, 10, 10]
[2026-04-08 19:57:10] Building model with input window duration: 4.1875 s
[2026-04-08 19:57:10] Pretrained weight loading:
[2026-04-08 19:57:10]   Downloaded keys:        179
[2026-04-08 19:57:10]   Filtered (transformer): 172
[2026-04-08 19:57:10]   Filtered (pos_encoder): 0
[2026-04-08 19:57:10]   Keys to load:           7
[2026-04-08 19:57:10]   Missing keys:           4
[2026-04-08 19:57:10]   Unexpected keys:        0
[2026-04-08 19:57:10]   Missing preview:        ['spatial_conv.1.weight', 'spatial_conv.1.bias', 'final_layer.1.weight', 'final_layer.1.bias']
[2026-04-08 19:57:10]   Unexpected preview:     []
[2026-04-08 19:57:22]   Fold 4/5 | best_epoch=645 | stop=695 | val_loss=0.4130 | acc=0.8250 | bal_acc=0.8250
[2026-04-08 19:57:22]     Train class counts: [32, 32, 32, 32]
[2026-04-08 19:57:22]     Val class counts:   [8, 8, 8, 8]
[2026-04-08 19:57:22]     Test class counts:  [10, 10, 10, 10]
[2026-04-08 19:57:22] Building model with input window duration: 4.1875 s
[2026-04-08 19:57:22] Pretrained weight loading:
[2026-04-08 19:57:22]   Downloaded keys:        179
[2026-04-08 19:57:22]   Filtered (transformer): 172
[2026-04-08 19:57:22]   Filtered (pos_encoder): 0
[2026-04-08 19:57:22]   Keys to load:           7
[2026-04-08 19:57:22]   Missing keys:           4
[2026-04-08 19:57:22]   Unexpected keys:        0
[2026-04-08 19:57:22]   Missing preview:        ['spatial_conv.1.weight', 'spatial_conv.1.bias', 'final_layer.1.weight', 'final_layer.1.bias']
[2026-04-08 19:57:22]   Unexpected preview:     []
[2026-04-08 19:57:29]   Fold 5/5 | best_epoch=376 | stop=426 | val_loss=0.5532 | acc=0.7500 | bal_acc=0.7500
[2026-04-08 19:57:29]   Subject 54 summary: acc=0.8450±0.0534  bal_acc=0.8450±0.0534

[2026-04-08 19:57:29] Total folds completed: 35
[2026-04-08 19:57:29] ======================================================================
[2026-04-08 19:57:29] AGGREGATED RESULTS
[2026-04-08 19:57:29] ======================================================================
[2026-04-08 19:57:29]   Subject 48:  acc=0.9900±0.0200  bal_acc=0.9900±0.0200
[2026-04-08 19:57:29]   Subject 49:  acc=0.9750±0.0158  bal_acc=0.9750±0.0158
[2026-04-08 19:57:29]   Subject 50:  acc=0.9900±0.0122  bal_acc=0.9900±0.0122
[2026-04-08 19:57:29]   Subject 51:  acc=0.6500±0.0447  bal_acc=0.6500±0.0447
[2026-04-08 19:57:29]   Subject 52:  acc=0.9800±0.0187  bal_acc=0.9800±0.0187
[2026-04-08 19:57:29]   Subject 53:  acc=1.0000±0.0000  bal_acc=1.0000±0.0000
[2026-04-08 19:57:29]   Subject 54:  acc=0.8450±0.0534  bal_acc=0.8450±0.0534
[2026-04-08 19:57:29] ----------------------------------------------------------------------
[2026-04-08 19:57:29]   OVERALL:      acc=0.9186±0.1238  bal_acc=0.9186±0.1238
[2026-04-08 19:57:29] ======================================================================
[2026-04-08 19:57:29] CV results saved to:      /home/vegorov/Repos/eeg_jepa_research/artifacts/lee-2019-fine-tuning/SSVEP/20260408_1943_ace09cf5/cv_results.json
[2026-04-08 19:57:29] Subject metrics saved to: /home/vegorov/Repos/eeg_jepa_research/artifacts/lee-2019-fine-tuning/SSVEP/20260408_1943_ace09cf5/subject_metrics.json
[2026-04-08 19:57:29] Global metrics saved to:  /home/vegorov/Repos/eeg_jepa_research/artifacts/lee-2019-fine-tuning/SSVEP/20260408_1943_ace09cf5/global_metrics.json
[2026-04-08 19:57:29] Run metadata saved to:    /home/vegorov/Repos/eeg_jepa_research/artifacts/lee-2019-fine-tuning/SSVEP/20260408_1943_ace09cf5/run_metadata.json

[2026-04-08 19:57:29] All artifacts in: /home/vegorov/Repos/eeg_jepa_research/artifacts/lee-2019-fine-tuning/SSVEP/20260408_1943_ace09cf5

[2026-04-08 19:57:29] ======================================================================
[2026-04-08 19:57:29] EXPERIMENT SUMMARY
[2026-04-08 19:57:29] ======================================================================
[2026-04-08 19:57:29] Run ID:    20260408_1943_ace09cf5
[2026-04-08 19:57:29] Artifacts: /home/vegorov/Repos/eeg_jepa_research/artifacts/lee-2019-fine-tuning/SSVEP/20260408_1943_ace09cf5

[2026-04-08 19:57:29] Configuration:
[2026-04-08 19:57:29]   Subjects:          [48, 49, 50, 51, 52, 53, 54]
[2026-04-08 19:57:29]   Bandpass:          0.5-40.0 Hz
[2026-04-08 19:57:29]   Resample:          128 Hz
[2026-04-08 19:57:29]   CV folds:          5
[2026-04-08 19:57:29]   Learning rate:     0.003
[2026-04-08 19:57:29]   Batch size:        32
[2026-04-08 19:57:29]   Max epochs:        5000

[2026-04-08 19:57:29] Results:
[2026-04-08 19:57:29]   Mean Accuracy:          0.9186 ± 0.1238
[2026-04-08 19:57:29]   Mean Balanced Accuracy: 0.9186 ± 0.1238
