[2026-04-03 12:10:03] Using device: mps
[2026-04-03 12:10:03] Seed control enabled: True
[2026-04-03 12:10:03] Base seed: 42
[2026-04-03 12:10:04] Seed initialized: 42
[2026-04-03 12:10:04] ======================================================================
[2026-04-03 12:10:04] CONFIGURATION
[2026-04-03 12:10:04] ======================================================================
[2026-04-03 12:10:04]   artifact_dir: /Users/vadim/Documents/School/Spring 2026/CSCE A698 Individual Research/EEG_JEPA/artifacts/lee-2019-fine-tuning
[2026-04-03 12:10:04]   bandpass_high: 40.0
[2026-04-03 12:10:04]   bandpass_low: 0.5
[2026-04-03 12:10:04]   batch_size: 32
[2026-04-03 12:10:04]   convert_to_uV: True
[2026-04-03 12:10:04]   criterion: None
[2026-04-03 12:10:04]   cv_folds: 5
[2026-04-03 12:10:04]   device: auto
[2026-04-03 12:10:04]   early_stopping_patience: 50
[2026-04-03 12:10:04]   learning_rate: 0.001
[2026-04-03 12:10:04]   n_epochs: 5000
[2026-04-03 12:10:04]   normalization_method: None
[2026-04-03 12:10:04]   normalize: False
[2026-04-03 12:10:04]   optimizer: Adam
[2026-04-03 12:10:04]   paradigm: SSVEP
[2026-04-03 12:10:04]   pretrained_url: https://huggingface.co/braindecode/SignalJEPA/resolve/main/signal-jepa_16s-60_adeuwv4s.pth
[2026-04-03 12:10:04]   seed: 42
[2026-04-03 12:10:04]   set_eeg_reference: True
[2026-04-03 12:10:04]   set_seed: True
[2026-04-03 12:10:04]   sfreq: 128
[2026-04-03 12:10:04]   subjects_to_use: [51]
[2026-04-03 12:10:04]   val_split: 0.2
[2026-04-03 12:10:04] ======================================================================
[2026-04-03 12:10:04] Config saved to: /Users/vadim/Documents/School/Spring 2026/CSCE A698 Individual Research/EEG_JEPA/artifacts/lee-2019-fine-tuning/SSVEP/20260403_1210_5ba50e75/config.json
[2026-04-03 12:10:04] Epoch window configuration:
[2026-04-03 12:10:04]   Target sfreq:                128 Hz
[2026-04-03 12:10:04]   Target duration:             4.190000 s
[2026-04-03 12:10:04]   Window samples (rounded):    536
[2026-04-03 12:10:04]   Base trial samples (4.0 s):  512
[2026-04-03 12:10:04]   Trial stop offset samples:   24
[2026-04-03 12:10:04]   Effective window duration:   4.187500 s
[2026-04-03 12:10:04] Using specified subjects from config: [51]
[2026-04-03 12:10:04] Selected subjects: [51]
[2026-04-03 12:10:04] Expected evaluation folds: 5

[2026-04-03 12:10:04] Building MOABBDataset for Lee2019_SSVEP...
[2026-04-03 12:10:18] MOABBDataset recordings loaded: 2
[2026-04-03 12:10:18] Discovered annotation descriptions (first recording): [np.str_('12.0'), np.str_('5.45'), np.str_('6.67'), np.str_('8.57')]
[2026-04-03 12:10:18] Dataset event_id mapping: {'12.0': 1, '8.57': 2, '6.67': 3, '5.45': 4}
[2026-04-03 12:10:18] Label map (event_code -> class_index): {1: 0, 2: 1, 3: 2, 4: 3}
[2026-04-03 12:10:18] Applying Braindecode preprocessors to MOABBDataset...
[2026-04-03 12:10:26] Preprocessing complete.

[2026-04-03 12:10:26] Post-preprocessing validation
[2026-04-03 12:10:26]   Recordings in DATASET: 2
[2026-04-03 12:10:26]   Unique subject IDs:    ['51']
[2026-04-03 12:10:26]   sfreq (first rec):     128.0 Hz
[2026-04-03 12:10:26]   EEG channel count:     62
[2026-04-03 12:10:26]   First 10 channels:     ['Fp1', 'Fp2', 'F7', 'F3', 'Fz', 'F4', 'F8', 'FC5', 'FC1', 'FC2']
[2026-04-03 12:10:26] Channel consistency summary:
[2026-04-03 12:10:26]   Checked runs: 2
[2026-04-03 12:10:26]   Unique channel counts: [62]
[2026-04-03 12:10:26]   Channel order consistent: True
[2026-04-03 12:10:26] Validated EEG channels: 62
[2026-04-03 12:10:26] First 10 EEG channels: ['Fp1', 'Fp2', 'F7', 'F3', 'Fz', 'F4', 'F8', 'FC5', 'FC1', 'FC2']
[2026-04-03 12:10:26] raw mean_abs=6.206608e+00
[2026-04-03 12:10:26] raw std=2.712803e+01
[2026-04-03 12:10:26] raw first5 channel std= [30.27595633 56.56813395 13.75714116  8.89857459  7.91183515]
[2026-04-03 12:10:26] Requested window samples: 536
[2026-04-03 12:10:26] Base trial samples:       512
[2026-04-03 12:10:26] Stop offset samples:      24
[2026-04-03 12:10:26] Global class counts: [50, 50, 50, 50]
[2026-04-03 12:10:26] Chance level (4-class): 0.25
[2026-04-03 12:10:26] One window shape: (62, 536)
[2026-04-03 12:10:26] One window label: 2
[2026-04-03 12:10:26] Window sample length expected=536, got=536
[2026-04-03 12:10:26] Subjects in window split: [51]
[2026-04-03 12:10:26] Summarizing per-subject windows...
[2026-04-03 12:10:26]   Subject 51: n_windows=200, window_shape=(62, 536), class_counts=[50, 50, 50, 50]
[2026-04-03 12:10:26]    subject_id  n_windows  n_channels  n_times      class_counts
0          51        200          62      536  [50, 50, 50, 50]
[2026-04-03 12:10:26] Window validation summary:
[2026-04-03 12:10:26]   Subject 51: n_windows=200 class_counts=[50, 50, 50, 50]

[2026-04-03 12:10:26] Validated sampling rate target: 128 Hz
[2026-04-03 12:10:26] Validated window sample count:   536
[2026-04-03 12:10:26] Validated window duration:       4.1875 s
[2026-04-03 12:10:26] Validated channel count:         62
[2026-04-03 12:10:26] Total windows retained:          200
[2026-04-03 12:10:26] Preprocessing sanity checks:
[2026-04-03 12:10:26]   One sample label: 2
[2026-04-03 12:10:26]   One sample shape: (62, 536)
[2026-04-03 12:10:26]   Mean(abs(signal)): 7.808386e+00
[2026-04-03 12:10:26]   Mean(signal):      -1.469310e-08
[2026-04-03 12:10:26]   Std(signal):       1.102899e+01
[2026-04-03 12:10:26] Building model with input window duration: 4.1875 s
[2026-04-03 12:10:26] SignalJEPA_PreLocal instantiated successfully.
[2026-04-03 12:10:26]   Total parameters:     18,192
[2026-04-03 12:10:26]   Trainable parameters: 18,192
[2026-04-03 12:10:26] ======================================================================================================================================================
Layer (type (var_name):depth-idx)                  Input Shape               Output Shape              Param #                   Kernel Shape
======================================================================================================================================================
SignalJEPA_PreLocal (SignalJEPA_PreLocal)          [1, 62, 536]              [1, 4]                    --                        --
├─Sequential (spatial_conv): 1-1                   [1, 62, 536]              [1, 4, 536]               --                        --
│    └─Rearrange (0): 2-1                          [1, 62, 536]              [1, 1, 62, 536]           --                        --
│    └─Conv2d (1): 2-2                             [1, 1, 62, 536]           [1, 4, 1, 536]            252                       [62, 1]
│    └─Rearrange (2): 2-3                          [1, 4, 1, 536]            [1, 4, 536]               --                        --
├─_ConvFeatureEncoder (feature_encoder): 1-2       [1, 4, 536]               [1, 16, 64]               --                        --
│    └─Rearrange (0): 2-4                          [1, 4, 536]               [4, 1, 536]               --                        --
│    └─Sequential (1): 2-5                         [4, 1, 536]               [4, 8, 64]                --                        --
│    │    └─Conv1d (0): 3-1                        [4, 1, 536]               [4, 8, 64]                256                       [32]
│    │    └─Dropout (1): 3-2                       [4, 8, 64]                [4, 8, 64]                --                        --
│    │    └─GroupNorm (2): 3-3                     [4, 8, 64]                [4, 8, 64]                16                        --
│    │    └─GELU (3): 3-4                          [4, 8, 64]                [4, 8, 64]                --                        --
│    └─Sequential (2): 2-6                         [4, 8, 64]                [4, 16, 32]               --                        --
│    │    └─Conv1d (0): 3-5                        [4, 8, 64]                [4, 16, 32]               256                       [2]
│    │    └─Dropout (1): 3-6                       [4, 16, 32]               [4, 16, 32]               --                        --
│    │    └─GELU (2): 3-7                          [4, 16, 32]               [4, 16, 32]               --                        --
│    └─Sequential (3): 2-7                         [4, 16, 32]               [4, 32, 16]               --                        --
│    │    └─Conv1d (0): 3-8                        [4, 16, 32]               [4, 32, 16]               1,024                     [2]
│    │    └─Dropout (1): 3-9                       [4, 32, 16]               [4, 32, 16]               --                        --
│    │    └─GELU (2): 3-10                         [4, 32, 16]               [4, 32, 16]               --                        --
│    └─Sequential (4): 2-8                         [4, 32, 16]               [4, 64, 8]                --                        --
│    │    └─Conv1d (0): 3-11                       [4, 32, 16]               [4, 64, 8]                4,096                     [2]
│    │    └─Dropout (1): 3-12                      [4, 64, 8]                [4, 64, 8]                --                        --
│    │    └─GELU (2): 3-13                         [4, 64, 8]                [4, 64, 8]                --                        --
│    └─Sequential (5): 2-9                         [4, 64, 8]                [4, 64, 4]                --                        --
│    │    └─Conv1d (0): 3-14                       [4, 64, 8]                [4, 64, 4]                8,192                     [2]
│    │    └─Dropout (1): 3-15                      [4, 64, 4]                [4, 64, 4]                --                        --
│    │    └─GELU (2): 3-16                         [4, 64, 4]                [4, 64, 4]                --                        --
│    └─Rearrange (6): 2-10                         [4, 64, 4]                [1, 16, 64]               --                        --
├─Sequential (final_layer): 1-3                    [1, 16, 64]               [1, 4]                    --                        --
│    └─Flatten (0): 2-11                           [1, 16, 64]               [1, 1024]                 --                        --
│    └─Linear (1): 2-12                            [1, 1024]                 [1, 4]                    4,100                     --
======================================================================================================================================================
Total params: 18,192
Trainable params: 18,192
Non-trainable params: 0
Total mult-adds (Units.MEGABYTES): 0.57
======================================================================================================================================================
Input size (MB): 0.13
Forward/backward pass size (MB): 0.11
Params size (MB): 0.07
Estimated Total Size (MB): 0.31
======================================================================================================================================================
[2026-04-03 12:10:26] Initializing from 16s-60 pretrained checkpoint (Hugging Face):
[2026-04-03 12:10:26]   https://huggingface.co/braindecode/SignalJEPA/resolve/main/signal-jepa_16s-60_adeuwv4s.pth
[2026-04-03 12:10:26]   Downloaded 179 keys
[2026-04-03 12:10:27] ======================================================================
[2026-04-03 12:10:27] STARTING CROSS-VALIDATION
[2026-04-03 12:10:27] ======================================================================
[2026-04-03 12:10:27] Subjects:      [51]
[2026-04-03 12:10:27] CV folds:      5
[2026-04-03 12:10:27] Batch size:    32
[2026-04-03 12:10:27] Max epochs:    5000
[2026-04-03 12:10:27] Device:        mps
[2026-04-03 12:10:27] Seed control:  True
[2026-04-03 12:10:27] Base seed:     42
[2026-04-03 12:10:27] ======================================================================

[2026-04-03 12:10:27] Subject 51: 200 windows | class_counts=[50, 50, 50, 50]
[2026-04-03 12:10:27]   Fold 1 class counts: train=[32, 32, 32, 32] val=[8, 8, 8, 8] test=[10, 10, 10, 10]
[2026-04-03 12:10:27]   Fold 2 class counts: train=[32, 32, 32, 32] val=[8, 8, 8, 8] test=[10, 10, 10, 10]
[2026-04-03 12:10:27]   Fold 3 class counts: train=[32, 32, 32, 32] val=[8, 8, 8, 8] test=[10, 10, 10, 10]
[2026-04-03 12:10:27]   Fold 4 class counts: train=[32, 32, 32, 32] val=[8, 8, 8, 8] test=[10, 10, 10, 10]
[2026-04-03 12:10:27]   Fold 5 class counts: train=[32, 32, 32, 32] val=[8, 8, 8, 8] test=[10, 10, 10, 10]
[2026-04-03 12:10:27]     Train class counts: [32, 32, 32, 32]
[2026-04-03 12:10:27]     Val class counts:   [8, 8, 8, 8]
[2026-04-03 12:10:27]     Test class counts:  [10, 10, 10, 10]
[2026-04-03 12:10:27] Building model with input window duration: 4.1875 s
[2026-04-03 12:10:27] Pretrained weight loading:
[2026-04-03 12:10:27]   Downloaded keys:        179
[2026-04-03 12:10:27]   Filtered (transformer): 172
[2026-04-03 12:10:27]   Filtered (pos_encoder): 0
[2026-04-03 12:10:27]   Keys to load:           7
[2026-04-03 12:10:27]   Missing keys:           4
[2026-04-03 12:10:27]   Unexpected keys:        0
[2026-04-03 12:10:27]   Missing preview:        ['spatial_conv.1.weight', 'spatial_conv.1.bias', 'final_layer.1.weight', 'final_layer.1.bias']
[2026-04-03 12:10:27]   Unexpected preview:     []
[2026-04-03 12:10:27] Trainable modules: spatial_conv + final_layer (4,352 / 18,192 params, 23.9%)
[2026-04-03 12:10:27]   - final_layer.1.bias
[2026-04-03 12:10:27]   - final_layer.1.weight
[2026-04-03 12:10:27]   - spatial_conv.1.bias
[2026-04-03 12:10:27]   - spatial_conv.1.weight
[2026-04-03 12:10:37]   Fold 1/5 | best_epoch=84 | stop=134 | val_loss=1.3738 | acc=0.3000 | bal_acc=0.3000
[2026-04-03 12:10:37]     Train class counts: [32, 32, 32, 32]
[2026-04-03 12:10:37]     Val class counts:   [8, 8, 8, 8]
[2026-04-03 12:10:37]     Test class counts:  [10, 10, 10, 10]
[2026-04-03 12:10:37] Building model with input window duration: 4.1875 s
[2026-04-03 12:10:37] Pretrained weight loading:
[2026-04-03 12:10:37]   Downloaded keys:        179
[2026-04-03 12:10:37]   Filtered (transformer): 172
[2026-04-03 12:10:37]   Filtered (pos_encoder): 0
[2026-04-03 12:10:37]   Keys to load:           7
[2026-04-03 12:10:37]   Missing keys:           4
[2026-04-03 12:10:37]   Unexpected keys:        0
[2026-04-03 12:10:37]   Missing preview:        ['spatial_conv.1.weight', 'spatial_conv.1.bias', 'final_layer.1.weight', 'final_layer.1.bias']
[2026-04-03 12:10:37]   Unexpected preview:     []
[2026-04-03 12:10:46]   Fold 2/5 | best_epoch=74 | stop=124 | val_loss=1.3685 | acc=0.3250 | bal_acc=0.3250
[2026-04-03 12:10:46]     Train class counts: [32, 32, 32, 32]
[2026-04-03 12:10:46]     Val class counts:   [8, 8, 8, 8]
[2026-04-03 12:10:46]     Test class counts:  [10, 10, 10, 10]
[2026-04-03 12:10:46] Building model with input window duration: 4.1875 s
[2026-04-03 12:10:46] Pretrained weight loading:
[2026-04-03 12:10:46]   Downloaded keys:        179
[2026-04-03 12:10:46]   Filtered (transformer): 172
[2026-04-03 12:10:46]   Filtered (pos_encoder): 0
[2026-04-03 12:10:46]   Keys to load:           7
[2026-04-03 12:10:46]   Missing keys:           4
[2026-04-03 12:10:46]   Unexpected keys:        0
[2026-04-03 12:10:46]   Missing preview:        ['spatial_conv.1.weight', 'spatial_conv.1.bias', 'final_layer.1.weight', 'final_layer.1.bias']
[2026-04-03 12:10:46]   Unexpected preview:     []
[2026-04-03 12:11:01]   Fold 3/5 | best_epoch=175 | stop=225 | val_loss=1.3376 | acc=0.3750 | bal_acc=0.3750
[2026-04-03 12:11:01]     Train class counts: [32, 32, 32, 32]
[2026-04-03 12:11:01]     Val class counts:   [8, 8, 8, 8]
[2026-04-03 12:11:01]     Test class counts:  [10, 10, 10, 10]
[2026-04-03 12:11:01] Building model with input window duration: 4.1875 s
[2026-04-03 12:11:01] Pretrained weight loading:
[2026-04-03 12:11:01]   Downloaded keys:        179
[2026-04-03 12:11:01]   Filtered (transformer): 172
[2026-04-03 12:11:01]   Filtered (pos_encoder): 0
[2026-04-03 12:11:01]   Keys to load:           7
[2026-04-03 12:11:01]   Missing keys:           4
[2026-04-03 12:11:01]   Unexpected keys:        0
[2026-04-03 12:11:01]   Missing preview:        ['spatial_conv.1.weight', 'spatial_conv.1.bias', 'final_layer.1.weight', 'final_layer.1.bias']
[2026-04-03 12:11:01]   Unexpected preview:     []
[2026-04-03 12:11:04]   Fold 4/5 | best_epoch=1 | stop=51 | val_loss=1.3878 | acc=0.2500 | bal_acc=0.2500
[2026-04-03 12:11:04]     Train class counts: [32, 32, 32, 32]
[2026-04-03 12:11:04]     Val class counts:   [8, 8, 8, 8]
[2026-04-03 12:11:04]     Test class counts:  [10, 10, 10, 10]
[2026-04-03 12:11:04] Building model with input window duration: 4.1875 s
[2026-04-03 12:11:04] Pretrained weight loading:
[2026-04-03 12:11:04]   Downloaded keys:        179
[2026-04-03 12:11:04]   Filtered (transformer): 172
[2026-04-03 12:11:04]   Filtered (pos_encoder): 0
[2026-04-03 12:11:04]   Keys to load:           7
[2026-04-03 12:11:04]   Missing keys:           4
[2026-04-03 12:11:04]   Unexpected keys:        0
[2026-04-03 12:11:04]   Missing preview:        ['spatial_conv.1.weight', 'spatial_conv.1.bias', 'final_layer.1.weight', 'final_layer.1.bias']
[2026-04-03 12:11:04]   Unexpected preview:     []
[2026-04-03 12:11:41]   Fold 5/5 | best_epoch=507 | stop=557 | val_loss=0.9790 | acc=0.4750 | bal_acc=0.4750
[2026-04-03 12:11:41]   Subject 51 summary: acc=0.3450±0.0765  bal_acc=0.3450±0.0765

[2026-04-03 12:11:41] Total folds completed: 5
[2026-04-03 12:11:41] ======================================================================
[2026-04-03 12:11:41] AGGREGATED RESULTS
[2026-04-03 12:11:41] ======================================================================
[2026-04-03 12:11:41]   Subject 51:  acc=0.3450±0.0765  bal_acc=0.3450±0.0765
[2026-04-03 12:11:41] ----------------------------------------------------------------------
[2026-04-03 12:11:41]   OVERALL:      acc=0.3450±0.0765  bal_acc=0.3450±0.0765
[2026-04-03 12:11:41] ======================================================================
[2026-04-03 12:11:41] CV results saved to:      /Users/vadim/Documents/School/Spring 2026/CSCE A698 Individual Research/EEG_JEPA/artifacts/lee-2019-fine-tuning/SSVEP/20260403_1210_5ba50e75/cv_results.json
[2026-04-03 12:11:41] Subject metrics saved to: /Users/vadim/Documents/School/Spring 2026/CSCE A698 Individual Research/EEG_JEPA/artifacts/lee-2019-fine-tuning/SSVEP/20260403_1210_5ba50e75/subject_metrics.json
[2026-04-03 12:11:41] Global metrics saved to:  /Users/vadim/Documents/School/Spring 2026/CSCE A698 Individual Research/EEG_JEPA/artifacts/lee-2019-fine-tuning/SSVEP/20260403_1210_5ba50e75/global_metrics.json
[2026-04-03 12:11:41] Run metadata saved to:    /Users/vadim/Documents/School/Spring 2026/CSCE A698 Individual Research/EEG_JEPA/artifacts/lee-2019-fine-tuning/SSVEP/20260403_1210_5ba50e75/run_metadata.json

[2026-04-03 12:11:41] All artifacts in: /Users/vadim/Documents/School/Spring 2026/CSCE A698 Individual Research/EEG_JEPA/artifacts/lee-2019-fine-tuning/SSVEP/20260403_1210_5ba50e75

[2026-04-03 12:11:41] ======================================================================
[2026-04-03 12:11:41] EXPERIMENT SUMMARY
[2026-04-03 12:11:41] ======================================================================
[2026-04-03 12:11:41] Run ID:    20260403_1210_5ba50e75
[2026-04-03 12:11:41] Artifacts: /Users/vadim/Documents/School/Spring 2026/CSCE A698 Individual Research/EEG_JEPA/artifacts/lee-2019-fine-tuning/SSVEP/20260403_1210_5ba50e75

[2026-04-03 12:11:41] Configuration:
[2026-04-03 12:11:41]   Subjects:          [51]
[2026-04-03 12:11:41]   Bandpass:          0.5-40.0 Hz
[2026-04-03 12:11:41]   Resample:          128 Hz
[2026-04-03 12:11:41]   CV folds:          5
[2026-04-03 12:11:41]   Learning rate:     0.001
[2026-04-03 12:11:41]   Batch size:        32
[2026-04-03 12:11:41]   Max epochs:        5000

[2026-04-03 12:11:41] Results:
[2026-04-03 12:11:41]   Mean Accuracy:          0.3450 ± 0.0765
[2026-04-03 12:11:41]   Mean Balanced Accuracy: 0.3450 ± 0.0765
