[2026-04-01 10:21:51] Using device: cpu
[2026-04-01 10:21:51] Seed control enabled: True
[2026-04-01 10:21:51] Base seed: 4029
[2026-04-01 10:21:51] Seed initialized: 4029
[2026-04-01 10:21:51] ======================================================================
[2026-04-01 10:21:51] CONFIGURATION
[2026-04-01 10:21:51] ======================================================================
[2026-04-01 10:21:51]   artifact_dir: /home/vegorov/Repos/eeg_jepa_research/artifacts/lee-2019-fine-tuning
[2026-04-01 10:21:51]   bandpass_high: 40.0
[2026-04-01 10:21:51]   bandpass_low: 0.5
[2026-04-01 10:21:51]   batch_size: 8
[2026-04-01 10:21:51]   convert_to_uV: True
[2026-04-01 10:21:51]   cv_folds: 5
[2026-04-01 10:21:51]   device: auto
[2026-04-01 10:21:51]   early_stopping_patience: 50
[2026-04-01 10:21:51]   learning_rate: 0.002
[2026-04-01 10:21:51]   n_epochs: 5000
[2026-04-01 10:21:51]   normalization_method: None
[2026-04-01 10:21:51]   normalize: False
[2026-04-01 10:21:51]   paradigm: SSVEP
[2026-04-01 10:21:51]   pretrained_url: https://huggingface.co/braindecode/SignalJEPA/resolve/main/signal-jepa_16s-60_adeuwv4s.pth
[2026-04-01 10:21:51]   seed: 4029
[2026-04-01 10:21:51]   set_seed: True
[2026-04-01 10:21:51]   sfreq: 128
[2026-04-01 10:21:51]   subjects_to_use: [51]
[2026-04-01 10:21:51]   val_split: 0.2
[2026-04-01 10:21:51] ======================================================================
[2026-04-01 10:21:51] Config saved to: /home/vegorov/Repos/eeg_jepa_research/artifacts/lee-2019-fine-tuning/SSVEP/20260401_1021_70c9d9a4/config.json
[2026-04-01 10:21:52] Epoch window configuration:
[2026-04-01 10:21:52]   Target sfreq:                128 Hz
[2026-04-01 10:21:52]   Target duration:             4.190000 s
[2026-04-01 10:21:52]   Window samples (rounded):    536
[2026-04-01 10:21:52]   Base trial samples (4.0 s):  512
[2026-04-01 10:21:52]   Trial stop offset samples:   24
[2026-04-01 10:21:52]   Effective window duration:   4.187500 s
[2026-04-01 10:21:52] Using specified subjects from config: [51]
[2026-04-01 10:21:52] Selected subjects: [51]
[2026-04-01 10:21:52] Expected evaluation folds: 5

[2026-04-01 10:21:52] Building MOABBDataset for Lee2019_SSVEP...
[2026-04-01 10:22:00] MOABBDataset recordings loaded: 1
[2026-04-01 10:22:00] Discovered annotation descriptions (first recording): [np.str_('12.0'), np.str_('5.45'), np.str_('6.67'), np.str_('8.57')]
[2026-04-01 10:22:00] Dataset event_id mapping: {'12.0': 1, '8.57': 2, '6.67': 3, '5.45': 4}
[2026-04-01 10:22:00] Label map (event_code -> class_index): {1: 0, 2: 1, 3: 2, 4: 3}
[2026-04-01 10:22:00] Applying Braindecode preprocessors to MOABBDataset...
[2026-04-01 10:22:03] Preprocessing complete.

[2026-04-01 10:22:03] Post-preprocessing validation
[2026-04-01 10:22:03]   Recordings in DATASET: 1
[2026-04-01 10:22:03]   Unique subject IDs:    ['51']
[2026-04-01 10:22:03]   sfreq (first rec):     128.0 Hz
[2026-04-01 10:22:03]   EEG channel count:     62
[2026-04-01 10:22:03]   First 10 channels:     ['Fp1', 'Fp2', 'F7', 'F3', 'Fz', 'F4', 'F8', 'FC5', 'FC1', 'FC2']
[2026-04-01 10:22:03] Channel consistency summary:
[2026-04-01 10:22:03]   Checked runs: 1
[2026-04-01 10:22:03]   Unique channel counts: [62]
[2026-04-01 10:22:03]   Channel order consistent: True
[2026-04-01 10:22:03] Validated EEG channels: 62
[2026-04-01 10:22:03] First 10 EEG channels: ['Fp1', 'Fp2', 'F7', 'F3', 'Fz', 'F4', 'F8', 'FC5', 'FC1', 'FC2']
[2026-04-01 10:22:03] raw mean_abs=8.654730e+00
[2026-04-01 10:22:03] raw std=3.494582e+01
[2026-04-01 10:22:03] raw first5 channel std= [46.22404553 54.63339771 16.95830183 13.82897057 11.24366025]
[2026-04-01 10:22:03] Requested window samples: 536
[2026-04-01 10:22:03] Base trial samples:       512
[2026-04-01 10:22:03] Stop offset samples:      24
[2026-04-01 10:22:03] Global class counts: [25, 25, 25, 25]
[2026-04-01 10:22:03] Chance level (4-class): 0.25
[2026-04-01 10:22:03] One window shape: (62, 536)
[2026-04-01 10:22:03] One window label: 1
[2026-04-01 10:22:03] Window sample length expected=536, got=536
[2026-04-01 10:22:03] Subjects in window split: [51]
[2026-04-01 10:22:03] Summarizing per-subject windows...
[2026-04-01 10:22:03]   Subject 51: n_windows=100, window_shape=(62, 536), class_counts=[25, 25, 25, 25]
[2026-04-01 10:22:03]    subject_id  n_windows  n_channels  n_times      class_counts
0          51        100          62      536  [25, 25, 25, 25]
[2026-04-01 10:22:03] Window validation summary:
[2026-04-01 10:22:03]   Subject 51: n_windows=100 class_counts=[25, 25, 25, 25]

[2026-04-01 10:22:03] Validated sampling rate target: 128 Hz
[2026-04-01 10:22:03] Validated window sample count:   536
[2026-04-01 10:22:03] Validated window duration:       4.1875 s
[2026-04-01 10:22:03] Validated channel count:         62
[2026-04-01 10:22:03] Total windows retained:          100
[2026-04-01 10:22:03] Preprocessing sanity checks:
[2026-04-01 10:22:03]   One sample label: 1
[2026-04-01 10:22:03]   One sample shape: (62, 536)
[2026-04-01 10:22:03]   Mean(abs(signal)): 4.094026e+00
[2026-04-01 10:22:03]   Mean(signal):      7.346552e-09
[2026-04-01 10:22:03]   Std(signal):       5.860601e+00
[2026-04-01 10:22:03] Building model with input window duration: 4.1875 s
[2026-04-01 10:22:03] SignalJEPA_PreLocal instantiated successfully.
[2026-04-01 10:22:03]   Total parameters:     18,192
[2026-04-01 10:22:03]   Trainable parameters: 18,192
[2026-04-01 10:22:03] ======================================================================================================================================================
Layer (type (var_name):depth-idx)                  Input Shape               Output Shape              Param #                   Kernel Shape
======================================================================================================================================================
SignalJEPA_PreLocal (SignalJEPA_PreLocal)          [1, 62, 536]              [1, 4]                    --                        --
├─Sequential (spatial_conv): 1-1                   [1, 62, 536]              [1, 4, 536]               --                        --
│    └─Rearrange (0): 2-1                          [1, 62, 536]              [1, 1, 62, 536]           --                        --
│    └─Conv2d (1): 2-2                             [1, 1, 62, 536]           [1, 4, 1, 536]            252                       [62, 1]
│    └─Rearrange (2): 2-3                          [1, 4, 1, 536]            [1, 4, 536]               --                        --
├─_ConvFeatureEncoder (feature_encoder): 1-2       [1, 4, 536]               [1, 16, 64]               --                        --
│    └─Rearrange (0): 2-4                          [1, 4, 536]               [4, 1, 536]               --                        --
│    └─Sequential (1): 2-5                         [4, 1, 536]               [4, 8, 64]                --                        --
│    │    └─Conv1d (0): 3-1                        [4, 1, 536]               [4, 8, 64]                256                       [32]
│    │    └─Dropout (1): 3-2                       [4, 8, 64]                [4, 8, 64]                --                        --
│    │    └─GroupNorm (2): 3-3                     [4, 8, 64]                [4, 8, 64]                16                        --
│    │    └─GELU (3): 3-4                          [4, 8, 64]                [4, 8, 64]                --                        --
│    └─Sequential (2): 2-6                         [4, 8, 64]                [4, 16, 32]               --                        --
│    │    └─Conv1d (0): 3-5                        [4, 8, 64]                [4, 16, 32]               256                       [2]
│    │    └─Dropout (1): 3-6                       [4, 16, 32]               [4, 16, 32]               --                        --
│    │    └─GELU (2): 3-7                          [4, 16, 32]               [4, 16, 32]               --                        --
│    └─Sequential (3): 2-7                         [4, 16, 32]               [4, 32, 16]               --                        --
│    │    └─Conv1d (0): 3-8                        [4, 16, 32]               [4, 32, 16]               1,024                     [2]
│    │    └─Dropout (1): 3-9                       [4, 32, 16]               [4, 32, 16]               --                        --
│    │    └─GELU (2): 3-10                         [4, 32, 16]               [4, 32, 16]               --                        --
│    └─Sequential (4): 2-8                         [4, 32, 16]               [4, 64, 8]                --                        --
│    │    └─Conv1d (0): 3-11                       [4, 32, 16]               [4, 64, 8]                4,096                     [2]
│    │    └─Dropout (1): 3-12                      [4, 64, 8]                [4, 64, 8]                --                        --
│    │    └─GELU (2): 3-13                         [4, 64, 8]                [4, 64, 8]                --                        --
│    └─Sequential (5): 2-9                         [4, 64, 8]                [4, 64, 4]                --                        --
│    │    └─Conv1d (0): 3-14                       [4, 64, 8]                [4, 64, 4]                8,192                     [2]
│    │    └─Dropout (1): 3-15                      [4, 64, 4]                [4, 64, 4]                --                        --
│    │    └─GELU (2): 3-16                         [4, 64, 4]                [4, 64, 4]                --                        --
│    └─Rearrange (6): 2-10                         [4, 64, 4]                [1, 16, 64]               --                        --
├─Sequential (final_layer): 1-3                    [1, 16, 64]               [1, 4]                    --                        --
│    └─Flatten (0): 2-11                           [1, 16, 64]               [1, 1024]                 --                        --
│    └─Linear (1): 2-12                            [1, 1024]                 [1, 4]                    4,100                     --
======================================================================================================================================================
Total params: 18,192
Trainable params: 18,192
Non-trainable params: 0
Total mult-adds (Units.MEGABYTES): 0.57
======================================================================================================================================================
Input size (MB): 0.13
Forward/backward pass size (MB): 0.11
Params size (MB): 0.07
Estimated Total Size (MB): 0.31
======================================================================================================================================================
[2026-04-01 10:22:03] Initializing from 16s-60 pretrained checkpoint (Hugging Face):
[2026-04-01 10:22:03]   https://huggingface.co/braindecode/SignalJEPA/resolve/main/signal-jepa_16s-60_adeuwv4s.pth
[2026-04-01 10:22:03]   Downloaded 179 keys
[2026-04-01 10:22:03] ======================================================================
[2026-04-01 10:22:03] STARTING CROSS-VALIDATION
[2026-04-01 10:22:03] ======================================================================
[2026-04-01 10:22:03] Subjects:      [51]
[2026-04-01 10:22:03] CV folds:      5
[2026-04-01 10:22:03] Batch size:    8
[2026-04-01 10:22:03] Max epochs:    5000
[2026-04-01 10:22:03] Device:        cpu
[2026-04-01 10:22:03] Seed control:  True
[2026-04-01 10:22:03] Base seed:     4029
[2026-04-01 10:22:03] ======================================================================

[2026-04-01 10:22:03] Subject 51: 100 windows class_counts=[25, 25, 25, 25]
[2026-04-01 10:22:03]   Fold 1 split seed: 4030
[2026-04-01 10:22:03]   Fold 1 split class counts:
[2026-04-01 10:22:03]     train=[16, 16, 16, 16] val=[4, 4, 4, 4] test=[5, 5, 5, 5]
[2026-04-01 10:22:03]   Fold 2 split seed: 4031
[2026-04-01 10:22:03]   Fold 2 split class counts:
[2026-04-01 10:22:03]     train=[16, 16, 16, 16] val=[4, 4, 4, 4] test=[5, 5, 5, 5]
[2026-04-01 10:22:03]   Fold 3 split seed: 4032
[2026-04-01 10:22:03]   Fold 3 split class counts:
[2026-04-01 10:22:03]     train=[16, 16, 16, 16] val=[4, 4, 4, 4] test=[5, 5, 5, 5]
[2026-04-01 10:22:03]   Fold 4 split seed: 4033
[2026-04-01 10:22:03]   Fold 4 split class counts:
[2026-04-01 10:22:03]     train=[16, 16, 16, 16] val=[4, 4, 4, 4] test=[5, 5, 5, 5]
[2026-04-01 10:22:03]   Fold 5 split seed: 4034
[2026-04-01 10:22:03]   Fold 5 split class counts:
[2026-04-01 10:22:03]     train=[16, 16, 16, 16] val=[4, 4, 4, 4] test=[5, 5, 5, 5]
[2026-04-01 10:22:03]   Subject 51 Fold 1 seed: 9130
[2026-04-01 10:22:03]   Subject 51 Fold 1: n_train=64 n_val=16 n_test=20
[2026-04-01 10:22:03]     Train class counts: [16, 16, 16, 16]
[2026-04-01 10:22:03]     Val class counts:   [4, 4, 4, 4]
[2026-04-01 10:22:03]     Test class counts:  [5, 5, 5, 5]
[2026-04-01 10:22:03] Building model with input window duration: 4.1875 s
[2026-04-01 10:22:03] Pretrained weight loading:
[2026-04-01 10:22:03]   Downloaded keys:        179
[2026-04-01 10:22:03]   Filtered (transformer): 172
[2026-04-01 10:22:03]   Filtered (pos_encoder): 0
[2026-04-01 10:22:03]   Keys to load:           7
[2026-04-01 10:22:03]   Missing keys:           4
[2026-04-01 10:22:03]   Unexpected keys:        0
[2026-04-01 10:22:03]   Missing preview:        ['spatial_conv.1.weight', 'spatial_conv.1.bias', 'final_layer.1.weight', 'final_layer.1.bias']
[2026-04-01 10:22:03]   Unexpected preview:     []
[2026-04-01 10:22:03] Encoder freeze configuration:
[2026-04-01 10:22:03]   Total parameters:        18,192
[2026-04-01 10:22:03]   Trainable parameters:    4,352
[2026-04-01 10:22:03]   Training percentage:     23.9%
[2026-04-01 10:22:03]   Trainable layers: 4
[2026-04-01 10:22:03]     - final_layer.1.bias
[2026-04-01 10:22:03]     - final_layer.1.weight
[2026-04-01 10:22:03]     - spatial_conv.1.bias
[2026-04-01 10:22:03]     - spatial_conv.1.weight
[2026-04-01 10:22:03]     Train generator seeded: True
[2026-04-01 10:22:05]     Stopped epoch:            66
[2026-04-01 10:22:05]     Best epoch (valid_loss):  16
[2026-04-01 10:22:05]     Best valid_loss:          1.3702327013015747
[2026-04-01 10:22:05]     Test accuracy (primary):  0.4000
[2026-04-01 10:22:05]     Test balanced acc:        0.4000
[2026-04-01 10:22:05]     Confusion matrix:         [[3, 1, 0, 1], [1, 0, 3, 1], [2, 0, 2, 1], [1, 0, 1, 3]]
[2026-04-01 10:22:05]     Prediction histogram:     [7, 1, 6, 6]
[2026-04-01 10:22:05]     fold_acc=0.4000 fold_bal_acc=0.4000 cm=[[3, 1, 0, 1], [1, 0, 3, 1], [2, 0, 2, 1], [1, 0, 1, 3]]
[2026-04-01 10:22:05]   Subject 51 Fold 2 seed: 9131
[2026-04-01 10:22:05]   Subject 51 Fold 2: n_train=64 n_val=16 n_test=20
[2026-04-01 10:22:05]     Train class counts: [16, 16, 16, 16]
[2026-04-01 10:22:05]     Val class counts:   [4, 4, 4, 4]
[2026-04-01 10:22:05]     Test class counts:  [5, 5, 5, 5]
[2026-04-01 10:22:05] Building model with input window duration: 4.1875 s
[2026-04-01 10:22:05] Pretrained weight loading:
[2026-04-01 10:22:05]   Downloaded keys:        179
[2026-04-01 10:22:05]   Filtered (transformer): 172
[2026-04-01 10:22:05]   Filtered (pos_encoder): 0
[2026-04-01 10:22:05]   Keys to load:           7
[2026-04-01 10:22:05]   Missing keys:           4
[2026-04-01 10:22:05]   Unexpected keys:        0
[2026-04-01 10:22:05]   Missing preview:        ['spatial_conv.1.weight', 'spatial_conv.1.bias', 'final_layer.1.weight', 'final_layer.1.bias']
[2026-04-01 10:22:05]   Unexpected preview:     []
[2026-04-01 10:22:05] Encoder freeze configuration:
[2026-04-01 10:22:05]   Total parameters:        18,192
[2026-04-01 10:22:05]   Trainable parameters:    4,352
[2026-04-01 10:22:05]   Training percentage:     23.9%
[2026-04-01 10:22:05]   Trainable layers: 4
[2026-04-01 10:22:05]     - final_layer.1.bias
[2026-04-01 10:22:05]     - final_layer.1.weight
[2026-04-01 10:22:05]     - spatial_conv.1.bias
[2026-04-01 10:22:05]     - spatial_conv.1.weight
[2026-04-01 10:22:05]     Train generator seeded: True
[2026-04-01 10:22:08]     Stopped epoch:            173
[2026-04-01 10:22:08]     Best epoch (valid_loss):  123
[2026-04-01 10:22:08]     Best valid_loss:          1.2443456053733826
[2026-04-01 10:22:08]     Test accuracy (primary):  0.3500
[2026-04-01 10:22:08]     Test balanced acc:        0.3500
[2026-04-01 10:22:08]     Confusion matrix:         [[4, 0, 1, 0], [2, 1, 1, 1], [1, 1, 2, 1], [1, 2, 2, 0]]
[2026-04-01 10:22:08]     Prediction histogram:     [8, 4, 6, 2]
[2026-04-01 10:22:08]     fold_acc=0.3500 fold_bal_acc=0.3500 cm=[[4, 0, 1, 0], [2, 1, 1, 1], [1, 1, 2, 1], [1, 2, 2, 0]]
[2026-04-01 10:22:08]   Subject 51 Fold 3 seed: 9132
[2026-04-01 10:22:08]   Subject 51 Fold 3: n_train=64 n_val=16 n_test=20
[2026-04-01 10:22:08]     Train class counts: [16, 16, 16, 16]
[2026-04-01 10:22:08]     Val class counts:   [4, 4, 4, 4]
[2026-04-01 10:22:08]     Test class counts:  [5, 5, 5, 5]
[2026-04-01 10:22:08] Building model with input window duration: 4.1875 s
[2026-04-01 10:22:08] Pretrained weight loading:
[2026-04-01 10:22:08]   Downloaded keys:        179
[2026-04-01 10:22:08]   Filtered (transformer): 172
[2026-04-01 10:22:08]   Filtered (pos_encoder): 0
[2026-04-01 10:22:08]   Keys to load:           7
[2026-04-01 10:22:08]   Missing keys:           4
[2026-04-01 10:22:08]   Unexpected keys:        0
[2026-04-01 10:22:08]   Missing preview:        ['spatial_conv.1.weight', 'spatial_conv.1.bias', 'final_layer.1.weight', 'final_layer.1.bias']
[2026-04-01 10:22:08]   Unexpected preview:     []
[2026-04-01 10:22:08] Encoder freeze configuration:
[2026-04-01 10:22:08]   Total parameters:        18,192
[2026-04-01 10:22:08]   Trainable parameters:    4,352
[2026-04-01 10:22:08]   Training percentage:     23.9%
[2026-04-01 10:22:08]   Trainable layers: 4
[2026-04-01 10:22:08]     - final_layer.1.bias
[2026-04-01 10:22:08]     - final_layer.1.weight
[2026-04-01 10:22:08]     - spatial_conv.1.bias
[2026-04-01 10:22:08]     - spatial_conv.1.weight
[2026-04-01 10:22:08]     Train generator seeded: True
[2026-04-01 10:22:09]     Stopped epoch:            51
[2026-04-01 10:22:09]     Best epoch (valid_loss):  1
[2026-04-01 10:22:09]     Best valid_loss:          1.3906851410865784
[2026-04-01 10:22:09]     Test accuracy (primary):  0.2000
[2026-04-01 10:22:09]     Test balanced acc:        0.2000
[2026-04-01 10:22:09]     Confusion matrix:         [[2, 1, 1, 1], [4, 0, 0, 1], [3, 0, 1, 1], [2, 1, 1, 1]]
[2026-04-01 10:22:09]     Prediction histogram:     [11, 2, 3, 4]
[2026-04-01 10:22:09]     fold_acc=0.2000 fold_bal_acc=0.2000 cm=[[2, 1, 1, 1], [4, 0, 0, 1], [3, 0, 1, 1], [2, 1, 1, 1]]
[2026-04-01 10:22:09]   Subject 51 Fold 4 seed: 9133
[2026-04-01 10:22:09]   Subject 51 Fold 4: n_train=64 n_val=16 n_test=20
[2026-04-01 10:22:09]     Train class counts: [16, 16, 16, 16]
[2026-04-01 10:22:09]     Val class counts:   [4, 4, 4, 4]
[2026-04-01 10:22:09]     Test class counts:  [5, 5, 5, 5]
[2026-04-01 10:22:09] Building model with input window duration: 4.1875 s
[2026-04-01 10:22:09] Pretrained weight loading:
[2026-04-01 10:22:09]   Downloaded keys:        179
[2026-04-01 10:22:09]   Filtered (transformer): 172
[2026-04-01 10:22:09]   Filtered (pos_encoder): 0
[2026-04-01 10:22:09]   Keys to load:           7
[2026-04-01 10:22:09]   Missing keys:           4
[2026-04-01 10:22:09]   Unexpected keys:        0
[2026-04-01 10:22:09]   Missing preview:        ['spatial_conv.1.weight', 'spatial_conv.1.bias', 'final_layer.1.weight', 'final_layer.1.bias']
[2026-04-01 10:22:09]   Unexpected preview:     []
[2026-04-01 10:22:09] Encoder freeze configuration:
[2026-04-01 10:22:09]   Total parameters:        18,192
[2026-04-01 10:22:09]   Trainable parameters:    4,352
[2026-04-01 10:22:09]   Training percentage:     23.9%
[2026-04-01 10:22:09]   Trainable layers: 4
[2026-04-01 10:22:09]     - final_layer.1.bias
[2026-04-01 10:22:09]     - final_layer.1.weight
[2026-04-01 10:22:09]     - spatial_conv.1.bias
[2026-04-01 10:22:09]     - spatial_conv.1.weight
[2026-04-01 10:22:09]     Train generator seeded: True
[2026-04-01 10:22:12]     Stopped epoch:            138
[2026-04-01 10:22:12]     Best epoch (valid_loss):  88
[2026-04-01 10:22:12]     Best valid_loss:          1.2257350087165833
[2026-04-01 10:22:12]     Test accuracy (primary):  0.5000
[2026-04-01 10:22:12]     Test balanced acc:        0.5000
[2026-04-01 10:22:12]     Confusion matrix:         [[2, 2, 0, 1], [1, 2, 0, 2], [0, 1, 3, 1], [2, 0, 0, 3]]
[2026-04-01 10:22:12]     Prediction histogram:     [5, 5, 3, 7]
[2026-04-01 10:22:12]     fold_acc=0.5000 fold_bal_acc=0.5000 cm=[[2, 2, 0, 1], [1, 2, 0, 2], [0, 1, 3, 1], [2, 0, 0, 3]]
[2026-04-01 10:22:12]   Subject 51 Fold 5 seed: 9134
[2026-04-01 10:22:12]   Subject 51 Fold 5: n_train=64 n_val=16 n_test=20
[2026-04-01 10:22:12]     Train class counts: [16, 16, 16, 16]
[2026-04-01 10:22:12]     Val class counts:   [4, 4, 4, 4]
[2026-04-01 10:22:12]     Test class counts:  [5, 5, 5, 5]
[2026-04-01 10:22:12] Building model with input window duration: 4.1875 s
[2026-04-01 10:22:12] Pretrained weight loading:
[2026-04-01 10:22:12]   Downloaded keys:        179
[2026-04-01 10:22:12]   Filtered (transformer): 172
[2026-04-01 10:22:12]   Filtered (pos_encoder): 0
[2026-04-01 10:22:12]   Keys to load:           7
[2026-04-01 10:22:12]   Missing keys:           4
[2026-04-01 10:22:12]   Unexpected keys:        0
[2026-04-01 10:22:12]   Missing preview:        ['spatial_conv.1.weight', 'spatial_conv.1.bias', 'final_layer.1.weight', 'final_layer.1.bias']
[2026-04-01 10:22:12]   Unexpected preview:     []
[2026-04-01 10:22:12] Encoder freeze configuration:
[2026-04-01 10:22:12]   Total parameters:        18,192
[2026-04-01 10:22:12]   Trainable parameters:    4,352
[2026-04-01 10:22:12]   Training percentage:     23.9%
[2026-04-01 10:22:12]   Trainable layers: 4
[2026-04-01 10:22:12]     - final_layer.1.bias
[2026-04-01 10:22:12]     - final_layer.1.weight
[2026-04-01 10:22:12]     - spatial_conv.1.bias
[2026-04-01 10:22:12]     - spatial_conv.1.weight
[2026-04-01 10:22:12]     Train generator seeded: True
[2026-04-01 10:22:13]     Stopped epoch:            82
[2026-04-01 10:22:13]     Best epoch (valid_loss):  32
[2026-04-01 10:22:13]     Best valid_loss:          1.3208681344985962
[2026-04-01 10:22:13]     Test accuracy (primary):  0.2500
[2026-04-01 10:22:13]     Test balanced acc:        0.2500
[2026-04-01 10:22:13]     Confusion matrix:         [[0, 2, 1, 2], [0, 2, 2, 1], [2, 2, 1, 0], [0, 3, 0, 2]]
[2026-04-01 10:22:13]     Prediction histogram:     [2, 9, 4, 5]
[2026-04-01 10:22:13]     fold_acc=0.2500 fold_bal_acc=0.2500 cm=[[0, 2, 1, 2], [0, 2, 2, 1], [2, 2, 1, 0], [0, 3, 0, 2]]
[2026-04-01 10:22:13]   Subject 51 mean accuracy: 0.3400

[2026-04-01 10:22:13] Total folds completed: 5
[2026-04-01 10:22:13] ======================================================================
[2026-04-01 10:22:13] AGGREGATED RESULTS
[2026-04-01 10:22:13] ======================================================================
[2026-04-01 10:22:13]   Subject 51:  acc=0.3400±0.1068  bal_acc=0.3400±0.1068
[2026-04-01 10:22:13] ----------------------------------------------------------------------
[2026-04-01 10:22:13]   OVERALL:      acc=0.3400±0.1068  bal_acc=0.3400±0.1068
[2026-04-01 10:22:13] ======================================================================
[2026-04-01 10:22:14] CV results saved to:      /home/vegorov/Repos/eeg_jepa_research/artifacts/lee-2019-fine-tuning/SSVEP/20260401_1021_70c9d9a4/cv_results.json
[2026-04-01 10:22:14] Subject metrics saved to: /home/vegorov/Repos/eeg_jepa_research/artifacts/lee-2019-fine-tuning/SSVEP/20260401_1021_70c9d9a4/subject_metrics.json
[2026-04-01 10:22:14] Global metrics saved to:  /home/vegorov/Repos/eeg_jepa_research/artifacts/lee-2019-fine-tuning/SSVEP/20260401_1021_70c9d9a4/global_metrics.json
[2026-04-01 10:22:14] Run metadata saved to:    /home/vegorov/Repos/eeg_jepa_research/artifacts/lee-2019-fine-tuning/SSVEP/20260401_1021_70c9d9a4/run_metadata.json

[2026-04-01 10:22:14] All artifacts in: /home/vegorov/Repos/eeg_jepa_research/artifacts/lee-2019-fine-tuning/SSVEP/20260401_1021_70c9d9a4

[2026-04-01 10:22:14] ======================================================================
[2026-04-01 10:22:14] EXPERIMENT SUMMARY
[2026-04-01 10:22:14] ======================================================================
[2026-04-01 10:22:14] Run ID:    20260401_1021_70c9d9a4
[2026-04-01 10:22:14] Artifacts: /home/vegorov/Repos/eeg_jepa_research/artifacts/lee-2019-fine-tuning/SSVEP/20260401_1021_70c9d9a4

[2026-04-01 10:22:14] Configuration:
[2026-04-01 10:22:14]   Subjects:          [51]
[2026-04-01 10:22:14]   Bandpass:          0.5-40.0 Hz
[2026-04-01 10:22:14]   Resample:          128 Hz
[2026-04-01 10:22:14]   CV folds:          5
[2026-04-01 10:22:14]   Learning rate:     0.002
[2026-04-01 10:22:14]   Batch size:        8
[2026-04-01 10:22:14]   Max epochs:        5000

[2026-04-01 10:22:14] Results:
[2026-04-01 10:22:14]   Mean Accuracy:          0.3400 ± 0.1068
[2026-04-01 10:22:14]   Mean Balanced Accuracy: 0.3400 ± 0.1068
