[2026-04-08 18:49:03] Using device: cpu
[2026-04-08 18:49:03] Seed control enabled: True
[2026-04-08 18:49:03] Base seed: 5
[2026-04-08 18:49:03] Seed initialized: 5
[2026-04-08 18:49:03] ======================================================================
[2026-04-08 18:49:03] CONFIGURATION
[2026-04-08 18:49:03] ======================================================================
[2026-04-08 18:49:03]   artifact_dir: /home/vegorov/Repos/eeg_jepa_research/artifacts/lee-2019-fine-tuning
[2026-04-08 18:49:03]   bandpass_high: 40.0
[2026-04-08 18:49:03]   bandpass_low: 0.5
[2026-04-08 18:49:03]   batch_size: 16
[2026-04-08 18:49:03]   convert_to_uV: True
[2026-04-08 18:49:03]   criterion: None
[2026-04-08 18:49:03]   cv_folds: 5
[2026-04-08 18:49:03]   device: auto
[2026-04-08 18:49:03]   early_stopping_patience: 50
[2026-04-08 18:49:03]   learning_rate: 0.001
[2026-04-08 18:49:03]   n_epochs: 5000
[2026-04-08 18:49:03]   normalization_method: None
[2026-04-08 18:49:03]   normalize: False
[2026-04-08 18:49:03]   optimizer: Adam
[2026-04-08 18:49:03]   paradigm: SSVEP
[2026-04-08 18:49:03]   pretrained_url: https://huggingface.co/braindecode/SignalJEPA/resolve/main/signal-jepa_16s-60_adeuwv4s.pth
[2026-04-08 18:49:03]   seed: 5
[2026-04-08 18:49:03]   set_eeg_reference: True
[2026-04-08 18:49:03]   set_seed: True
[2026-04-08 18:49:03]   sfreq: 128
[2026-04-08 18:49:03]   subjects_to_use: None
[2026-04-08 18:49:03]   val_split: 0.2
[2026-04-08 18:49:03] ======================================================================
[2026-04-08 18:49:03] Config saved to: /home/vegorov/Repos/eeg_jepa_research/artifacts/lee-2019-fine-tuning/SSVEP/20260408_1849_89f91aac/config.json
[2026-04-08 18:49:03] Epoch window configuration:
[2026-04-08 18:49:03]   Target sfreq:                128 Hz
[2026-04-08 18:49:03]   Target duration:             4.190000 s
[2026-04-08 18:49:03]   Window samples (rounded):    536
[2026-04-08 18:49:03]   Base trial samples (4.0 s):  512
[2026-04-08 18:49:03]   Trial stop offset samples:   24
[2026-04-08 18:49:03]   Effective window duration:   4.187500 s
[2026-04-08 18:49:03] Dataset code: Lee2019-SSVEP
[2026-04-08 18:49:03] Subjects Total: 54
[2026-04-08 18:49:03] Events: {'12.0': 1, '8.57': 2, '6.67': 3, '5.45': 4}
[2026-04-08 18:49:03] Interval: [0.0, 4.0]
[2026-04-08 18:49:03] Paradigm: ssvep
[2026-04-08 18:49:03] Selected subjects: [48, 49, 50, 51, 52, 53, 54]
[2026-04-08 18:49:03] Expected evaluation folds: 35

[2026-04-08 18:49:03] Building MOABBDataset for Lee2019_SSVEP...
[2026-04-08 18:50:06] MOABBDataset recordings loaded: 14
[2026-04-08 18:50:06] Discovered annotation descriptions (first recording): [np.str_('12.0'), np.str_('5.45'), np.str_('6.67'), np.str_('8.57')]
[2026-04-08 18:50:06] Dataset event_id mapping: {'12.0': 1, '8.57': 2, '6.67': 3, '5.45': 4}
[2026-04-08 18:50:06] Label map (event_code -> class_index): {1: 0, 2: 1, 3: 2, 4: 3}
[2026-04-08 18:50:06] Applying Braindecode preprocessors to MOABBDataset...
[2026-04-08 18:50:48] Preprocessing complete.

[2026-04-08 18:50:48] Post-preprocessing validation
[2026-04-08 18:50:48]   Recordings in DATASET: 14
[2026-04-08 18:50:48]   Unique subject IDs:    ['48', '49', '50', '51', '52', '53', '54']
[2026-04-08 18:50:48]   sfreq (first rec):     128.0 Hz
[2026-04-08 18:50:48]   EEG channel count:     62
[2026-04-08 18:50:48]   First 10 channels:     ['Fp1', 'Fp2', 'F7', 'F3', 'Fz', 'F4', 'F8', 'FC5', 'FC1', 'FC2']
[2026-04-08 18:50:48] Channel consistency summary:
[2026-04-08 18:50:48]   Checked runs: 14
[2026-04-08 18:50:48]   Unique channel counts: [62]
[2026-04-08 18:50:48]   Channel order consistent: True
[2026-04-08 18:50:48] Validated EEG channels: 62
[2026-04-08 18:50:48] First 10 EEG channels: ['Fp1', 'Fp2', 'F7', 'F3', 'Fz', 'F4', 'F8', 'FC5', 'FC1', 'FC2']
[2026-04-08 18:50:48] raw mean_abs=6.260925e+00
[2026-04-08 18:50:48] raw std=1.367558e+01
[2026-04-08 18:50:48] raw first5 channel std= [25.7487628  33.90435699 12.52572271  7.29424492  6.6773028 ]
[2026-04-08 18:50:48] Requested window samples: 536
[2026-04-08 18:50:48] Base trial samples:       512
[2026-04-08 18:50:48] Stop offset samples:      24
[2026-04-08 18:50:48] Global class counts: [350, 350, 350, 350]
[2026-04-08 18:50:48] Chance level (4-class): 0.25
[2026-04-08 18:50:48] One window shape: (62, 536)
[2026-04-08 18:50:48] One window label: 2
[2026-04-08 18:50:48] Window sample length expected=536, got=536
[2026-04-08 18:50:48] Subjects in window split: [48, 49, 50, 51, 52, 53, 54]
[2026-04-08 18:50:48] Summarizing per-subject windows...
[2026-04-08 18:50:48]   Subject 48: n_windows=200, window_shape=(62, 536), class_counts=[50, 50, 50, 50]
[2026-04-08 18:50:48]   Subject 49: n_windows=200, window_shape=(62, 536), class_counts=[50, 50, 50, 50]
[2026-04-08 18:50:48]   Subject 50: n_windows=200, window_shape=(62, 536), class_counts=[50, 50, 50, 50]
[2026-04-08 18:50:48]   Subject 51: n_windows=200, window_shape=(62, 536), class_counts=[50, 50, 50, 50]
[2026-04-08 18:50:48]   Subject 52: n_windows=200, window_shape=(62, 536), class_counts=[50, 50, 50, 50]
[2026-04-08 18:50:48]   Subject 53: n_windows=200, window_shape=(62, 536), class_counts=[50, 50, 50, 50]
[2026-04-08 18:50:48]   Subject 54: n_windows=200, window_shape=(62, 536), class_counts=[50, 50, 50, 50]
[2026-04-08 18:50:48]    subject_id  n_windows  n_channels  n_times      class_counts
0          48        200          62      536  [50, 50, 50, 50]
1          49        200          62      536  [50, 50, 50, 50]
2          50        200          62      536  [50, 50, 50, 50]
3          51        200          62      536  [50, 50, 50, 50]
4          52        200          62      536  [50, 50, 50, 50]
5          53        200          62      536  [50, 50, 50, 50]
6          54        200          62      536  [50, 50, 50, 50]
[2026-04-08 18:50:48] Window validation summary:
[2026-04-08 18:50:48]   Subject 48: n_windows=200 class_counts=[50, 50, 50, 50]
[2026-04-08 18:50:48]   Subject 49: n_windows=200 class_counts=[50, 50, 50, 50]
[2026-04-08 18:50:48]   Subject 50: n_windows=200 class_counts=[50, 50, 50, 50]
[2026-04-08 18:50:48]   Subject 51: n_windows=200 class_counts=[50, 50, 50, 50]
[2026-04-08 18:50:48]   Subject 52: n_windows=200 class_counts=[50, 50, 50, 50]
[2026-04-08 18:50:48]   Subject 53: n_windows=200 class_counts=[50, 50, 50, 50]
[2026-04-08 18:50:48]   Subject 54: n_windows=200 class_counts=[50, 50, 50, 50]

[2026-04-08 18:50:48] Validated sampling rate target: 128 Hz
[2026-04-08 18:50:48] Validated window sample count:   536
[2026-04-08 18:50:48] Validated window duration:       4.1875 s
[2026-04-08 18:50:48] Validated channel count:         62
[2026-04-08 18:50:48] Total windows retained:          1400
[2026-04-08 18:50:48] Preprocessing sanity checks:
[2026-04-08 18:50:48]   One sample label: 2
[2026-04-08 18:50:48]   One sample shape: (62, 536)
[2026-04-08 18:50:48]   Mean(abs(signal)): 3.194527e+00
[2026-04-08 18:50:48]   Mean(signal):      6.428233e-09
[2026-04-08 18:50:48]   Std(signal):       4.182395e+00
[2026-04-08 18:50:48] Building model with input window duration: 4.1875 s
[2026-04-08 18:50:48] SignalJEPA_PreLocal instantiated successfully.
[2026-04-08 18:50:48]   Total parameters:     18,192
[2026-04-08 18:50:48]   Trainable parameters: 18,192
[2026-04-08 18:50:48] ======================================================================================================================================================
Layer (type (var_name):depth-idx)                  Input Shape               Output Shape              Param #                   Kernel Shape
======================================================================================================================================================
SignalJEPA_PreLocal (SignalJEPA_PreLocal)          [1, 62, 536]              [1, 4]                    --                        --
├─Sequential (spatial_conv): 1-1                   [1, 62, 536]              [1, 4, 536]               --                        --
│    └─Rearrange (0): 2-1                          [1, 62, 536]              [1, 1, 62, 536]           --                        --
│    └─Conv2d (1): 2-2                             [1, 1, 62, 536]           [1, 4, 1, 536]            252                       [62, 1]
│    └─Rearrange (2): 2-3                          [1, 4, 1, 536]            [1, 4, 536]               --                        --
├─_ConvFeatureEncoder (feature_encoder): 1-2       [1, 4, 536]               [1, 16, 64]               --                        --
│    └─Rearrange (0): 2-4                          [1, 4, 536]               [4, 1, 536]               --                        --
│    └─Sequential (1): 2-5                         [4, 1, 536]               [4, 8, 64]                --                        --
│    │    └─Conv1d (0): 3-1                        [4, 1, 536]               [4, 8, 64]                256                       [32]
│    │    └─Dropout (1): 3-2                       [4, 8, 64]                [4, 8, 64]                --                        --
│    │    └─GroupNorm (2): 3-3                     [4, 8, 64]                [4, 8, 64]                16                        --
│    │    └─GELU (3): 3-4                          [4, 8, 64]                [4, 8, 64]                --                        --
│    └─Sequential (2): 2-6                         [4, 8, 64]                [4, 16, 32]               --                        --
│    │    └─Conv1d (0): 3-5                        [4, 8, 64]                [4, 16, 32]               256                       [2]
│    │    └─Dropout (1): 3-6                       [4, 16, 32]               [4, 16, 32]               --                        --
│    │    └─GELU (2): 3-7                          [4, 16, 32]               [4, 16, 32]               --                        --
│    └─Sequential (3): 2-7                         [4, 16, 32]               [4, 32, 16]               --                        --
│    │    └─Conv1d (0): 3-8                        [4, 16, 32]               [4, 32, 16]               1,024                     [2]
│    │    └─Dropout (1): 3-9                       [4, 32, 16]               [4, 32, 16]               --                        --
│    │    └─GELU (2): 3-10                         [4, 32, 16]               [4, 32, 16]               --                        --
│    └─Sequential (4): 2-8                         [4, 32, 16]               [4, 64, 8]                --                        --
│    │    └─Conv1d (0): 3-11                       [4, 32, 16]               [4, 64, 8]                4,096                     [2]
│    │    └─Dropout (1): 3-12                      [4, 64, 8]                [4, 64, 8]                --                        --
│    │    └─GELU (2): 3-13                         [4, 64, 8]                [4, 64, 8]                --                        --
│    └─Sequential (5): 2-9                         [4, 64, 8]                [4, 64, 4]                --                        --
│    │    └─Conv1d (0): 3-14                       [4, 64, 8]                [4, 64, 4]                8,192                     [2]
│    │    └─Dropout (1): 3-15                      [4, 64, 4]                [4, 64, 4]                --                        --
│    │    └─GELU (2): 3-16                         [4, 64, 4]                [4, 64, 4]                --                        --
│    └─Rearrange (6): 2-10                         [4, 64, 4]                [1, 16, 64]               --                        --
├─Sequential (final_layer): 1-3                    [1, 16, 64]               [1, 4]                    --                        --
│    └─Flatten (0): 2-11                           [1, 16, 64]               [1, 1024]                 --                        --
│    └─Linear (1): 2-12                            [1, 1024]                 [1, 4]                    4,100                     --
======================================================================================================================================================
Total params: 18,192
Trainable params: 18,192
Non-trainable params: 0
Total mult-adds (Units.MEGABYTES): 0.57
======================================================================================================================================================
Input size (MB): 0.13
Forward/backward pass size (MB): 0.11
Params size (MB): 0.07
Estimated Total Size (MB): 0.31
======================================================================================================================================================
[2026-04-08 18:50:48] Initializing from 16s-60 pretrained checkpoint (Hugging Face):
[2026-04-08 18:50:48]   https://huggingface.co/braindecode/SignalJEPA/resolve/main/signal-jepa_16s-60_adeuwv4s.pth
[2026-04-08 18:50:48]   Downloaded 179 keys
[2026-04-08 18:50:48] ======================================================================
[2026-04-08 18:50:48] STARTING CROSS-VALIDATION
[2026-04-08 18:50:48] ======================================================================
[2026-04-08 18:50:48] Subjects:      [48, 49, 50, 51, 52, 53, 54]
[2026-04-08 18:50:48] CV folds:      5
[2026-04-08 18:50:48] Batch size:    16
[2026-04-08 18:50:48] Max epochs:    5000
[2026-04-08 18:50:48] Device:        cpu
[2026-04-08 18:50:48] Seed control:  True
[2026-04-08 18:50:48] Base seed:     5
[2026-04-08 18:50:48] ======================================================================

[2026-04-08 18:50:48] Subject 48: 200 windows | class_counts=[50, 50, 50, 50]
[2026-04-08 18:50:48]   Fold 1 class counts: train=[32, 32, 32, 32] val=[8, 8, 8, 8] test=[10, 10, 10, 10]
[2026-04-08 18:50:48]   Fold 2 class counts: train=[32, 32, 32, 32] val=[8, 8, 8, 8] test=[10, 10, 10, 10]
[2026-04-08 18:50:48]   Fold 3 class counts: train=[32, 32, 32, 32] val=[8, 8, 8, 8] test=[10, 10, 10, 10]
[2026-04-08 18:50:48]   Fold 4 class counts: train=[32, 32, 32, 32] val=[8, 8, 8, 8] test=[10, 10, 10, 10]
[2026-04-08 18:50:48]   Fold 5 class counts: train=[32, 32, 32, 32] val=[8, 8, 8, 8] test=[10, 10, 10, 10]
[2026-04-08 18:50:48]     Train class counts: [32, 32, 32, 32]
[2026-04-08 18:50:48]     Val class counts:   [8, 8, 8, 8]
[2026-04-08 18:50:48]     Test class counts:  [10, 10, 10, 10]
[2026-04-08 18:50:48] Building model with input window duration: 4.1875 s
[2026-04-08 18:50:48] Pretrained weight loading:
[2026-04-08 18:50:48]   Downloaded keys:        179
[2026-04-08 18:50:48]   Filtered (transformer): 172
[2026-04-08 18:50:48]   Filtered (pos_encoder): 0
[2026-04-08 18:50:48]   Keys to load:           7
[2026-04-08 18:50:48]   Missing keys:           4
[2026-04-08 18:50:48]   Unexpected keys:        0
[2026-04-08 18:50:48]   Missing preview:        ['spatial_conv.1.weight', 'spatial_conv.1.bias', 'final_layer.1.weight', 'final_layer.1.bias']
[2026-04-08 18:50:48]   Unexpected preview:     []
[2026-04-08 18:50:48] Trainable modules: spatial_conv + final_layer (4,352 / 18,192 params, 23.9%)
[2026-04-08 18:50:48]   - final_layer.1.bias
[2026-04-08 18:50:48]   - final_layer.1.weight
[2026-04-08 18:50:48]   - spatial_conv.1.bias
[2026-04-08 18:50:48]   - spatial_conv.1.weight
[2026-04-08 18:51:26]   Fold 1/5 | best_epoch=1594 | stop=1644 | val_loss=0.0122 | acc=0.9750 | bal_acc=0.9750
[2026-04-08 18:51:26]     Train class counts: [32, 32, 32, 32]
[2026-04-08 18:51:26]     Val class counts:   [8, 8, 8, 8]
[2026-04-08 18:51:26]     Test class counts:  [10, 10, 10, 10]
[2026-04-08 18:51:26] Building model with input window duration: 4.1875 s
[2026-04-08 18:51:26] Pretrained weight loading:
[2026-04-08 18:51:26]   Downloaded keys:        179
[2026-04-08 18:51:26]   Filtered (transformer): 172
[2026-04-08 18:51:26]   Filtered (pos_encoder): 0
[2026-04-08 18:51:26]   Keys to load:           7
[2026-04-08 18:51:26]   Missing keys:           4
[2026-04-08 18:51:26]   Unexpected keys:        0
[2026-04-08 18:51:26]   Missing preview:        ['spatial_conv.1.weight', 'spatial_conv.1.bias', 'final_layer.1.weight', 'final_layer.1.bias']
[2026-04-08 18:51:26]   Unexpected preview:     []
[2026-04-08 18:52:05]   Fold 2/5 | best_epoch=1646 | stop=1696 | val_loss=0.0044 | acc=1.0000 | bal_acc=1.0000
[2026-04-08 18:52:05]     Train class counts: [32, 32, 32, 32]
[2026-04-08 18:52:05]     Val class counts:   [8, 8, 8, 8]
[2026-04-08 18:52:05]     Test class counts:  [10, 10, 10, 10]
[2026-04-08 18:52:05] Building model with input window duration: 4.1875 s
[2026-04-08 18:52:05] Pretrained weight loading:
[2026-04-08 18:52:05]   Downloaded keys:        179
[2026-04-08 18:52:05]   Filtered (transformer): 172
[2026-04-08 18:52:05]   Filtered (pos_encoder): 0
[2026-04-08 18:52:05]   Keys to load:           7
[2026-04-08 18:52:05]   Missing keys:           4
[2026-04-08 18:52:05]   Unexpected keys:        0
[2026-04-08 18:52:05]   Missing preview:        ['spatial_conv.1.weight', 'spatial_conv.1.bias', 'final_layer.1.weight', 'final_layer.1.bias']
[2026-04-08 18:52:05]   Unexpected preview:     []
[2026-04-08 18:52:36]   Fold 3/5 | best_epoch=1271 | stop=1321 | val_loss=0.0064 | acc=1.0000 | bal_acc=1.0000
[2026-04-08 18:52:36]     Train class counts: [32, 32, 32, 32]
[2026-04-08 18:52:36]     Val class counts:   [8, 8, 8, 8]
[2026-04-08 18:52:36]     Test class counts:  [10, 10, 10, 10]
[2026-04-08 18:52:36] Building model with input window duration: 4.1875 s
[2026-04-08 18:52:36] Pretrained weight loading:
[2026-04-08 18:52:36]   Downloaded keys:        179
[2026-04-08 18:52:36]   Filtered (transformer): 172
[2026-04-08 18:52:36]   Filtered (pos_encoder): 0
[2026-04-08 18:52:36]   Keys to load:           7
[2026-04-08 18:52:36]   Missing keys:           4
[2026-04-08 18:52:36]   Unexpected keys:        0
[2026-04-08 18:52:36]   Missing preview:        ['spatial_conv.1.weight', 'spatial_conv.1.bias', 'final_layer.1.weight', 'final_layer.1.bias']
[2026-04-08 18:52:36]   Unexpected preview:     []
[2026-04-08 18:52:47]   Fold 4/5 | best_epoch=440 | stop=490 | val_loss=0.1173 | acc=1.0000 | bal_acc=1.0000
[2026-04-08 18:52:47]     Train class counts: [32, 32, 32, 32]
[2026-04-08 18:52:47]     Val class counts:   [8, 8, 8, 8]
[2026-04-08 18:52:47]     Test class counts:  [10, 10, 10, 10]
[2026-04-08 18:52:47] Building model with input window duration: 4.1875 s
[2026-04-08 18:52:47] Pretrained weight loading:
[2026-04-08 18:52:47]   Downloaded keys:        179
[2026-04-08 18:52:47]   Filtered (transformer): 172
[2026-04-08 18:52:47]   Filtered (pos_encoder): 0
[2026-04-08 18:52:47]   Keys to load:           7
[2026-04-08 18:52:47]   Missing keys:           4
[2026-04-08 18:52:47]   Unexpected keys:        0
[2026-04-08 18:52:47]   Missing preview:        ['spatial_conv.1.weight', 'spatial_conv.1.bias', 'final_layer.1.weight', 'final_layer.1.bias']
[2026-04-08 18:52:47]   Unexpected preview:     []
[2026-04-08 18:53:29]   Fold 5/5 | best_epoch=1756 | stop=1806 | val_loss=0.0089 | acc=1.0000 | bal_acc=1.0000
[2026-04-08 18:53:29]   Subject 48 summary: acc=0.9950±0.0100  bal_acc=0.9950±0.0100

[2026-04-08 18:53:29] Subject 49: 200 windows | class_counts=[50, 50, 50, 50]
[2026-04-08 18:53:29]   Fold 1 class counts: train=[32, 32, 32, 32] val=[8, 8, 8, 8] test=[10, 10, 10, 10]
[2026-04-08 18:53:29]   Fold 2 class counts: train=[32, 32, 32, 32] val=[8, 8, 8, 8] test=[10, 10, 10, 10]
[2026-04-08 18:53:29]   Fold 3 class counts: train=[32, 32, 32, 32] val=[8, 8, 8, 8] test=[10, 10, 10, 10]
[2026-04-08 18:53:29]   Fold 4 class counts: train=[32, 32, 32, 32] val=[8, 8, 8, 8] test=[10, 10, 10, 10]
[2026-04-08 18:53:29]   Fold 5 class counts: train=[32, 32, 32, 32] val=[8, 8, 8, 8] test=[10, 10, 10, 10]
[2026-04-08 18:53:29]     Train class counts: [32, 32, 32, 32]
[2026-04-08 18:53:29]     Val class counts:   [8, 8, 8, 8]
[2026-04-08 18:53:29]     Test class counts:  [10, 10, 10, 10]
[2026-04-08 18:53:29] Building model with input window duration: 4.1875 s
[2026-04-08 18:53:29] Pretrained weight loading:
[2026-04-08 18:53:29]   Downloaded keys:        179
[2026-04-08 18:53:29]   Filtered (transformer): 172
[2026-04-08 18:53:29]   Filtered (pos_encoder): 0
[2026-04-08 18:53:29]   Keys to load:           7
[2026-04-08 18:53:29]   Missing keys:           4
[2026-04-08 18:53:29]   Unexpected keys:        0
[2026-04-08 18:53:29]   Missing preview:        ['spatial_conv.1.weight', 'spatial_conv.1.bias', 'final_layer.1.weight', 'final_layer.1.bias']
[2026-04-08 18:53:29]   Unexpected preview:     []
[2026-04-08 18:54:07]   Fold 1/5 | best_epoch=1591 | stop=1641 | val_loss=0.0134 | acc=1.0000 | bal_acc=1.0000
[2026-04-08 18:54:07]     Train class counts: [32, 32, 32, 32]
[2026-04-08 18:54:07]     Val class counts:   [8, 8, 8, 8]
[2026-04-08 18:54:07]     Test class counts:  [10, 10, 10, 10]
[2026-04-08 18:54:07] Building model with input window duration: 4.1875 s
[2026-04-08 18:54:07] Pretrained weight loading:
[2026-04-08 18:54:07]   Downloaded keys:        179
[2026-04-08 18:54:07]   Filtered (transformer): 172
[2026-04-08 18:54:07]   Filtered (pos_encoder): 0
[2026-04-08 18:54:07]   Keys to load:           7
[2026-04-08 18:54:07]   Missing keys:           4
[2026-04-08 18:54:07]   Unexpected keys:        0
[2026-04-08 18:54:07]   Missing preview:        ['spatial_conv.1.weight', 'spatial_conv.1.bias', 'final_layer.1.weight', 'final_layer.1.bias']
[2026-04-08 18:54:07]   Unexpected preview:     []
[2026-04-08 18:54:29]   Fold 2/5 | best_epoch=899 | stop=949 | val_loss=0.0698 | acc=0.9750 | bal_acc=0.9750
[2026-04-08 18:54:29]     Train class counts: [32, 32, 32, 32]
[2026-04-08 18:54:29]     Val class counts:   [8, 8, 8, 8]
[2026-04-08 18:54:29]     Test class counts:  [10, 10, 10, 10]
[2026-04-08 18:54:29] Building model with input window duration: 4.1875 s
[2026-04-08 18:54:29] Pretrained weight loading:
[2026-04-08 18:54:29]   Downloaded keys:        179
[2026-04-08 18:54:29]   Filtered (transformer): 172
[2026-04-08 18:54:29]   Filtered (pos_encoder): 0
[2026-04-08 18:54:29]   Keys to load:           7
[2026-04-08 18:54:29]   Missing keys:           4
[2026-04-08 18:54:29]   Unexpected keys:        0
[2026-04-08 18:54:29]   Missing preview:        ['spatial_conv.1.weight', 'spatial_conv.1.bias', 'final_layer.1.weight', 'final_layer.1.bias']
[2026-04-08 18:54:29]   Unexpected preview:     []
[2026-04-08 18:55:00]   Fold 3/5 | best_epoch=1282 | stop=1332 | val_loss=0.0504 | acc=0.9750 | bal_acc=0.9750
[2026-04-08 18:55:00]     Train class counts: [32, 32, 32, 32]
[2026-04-08 18:55:00]     Val class counts:   [8, 8, 8, 8]
[2026-04-08 18:55:00]     Test class counts:  [10, 10, 10, 10]
[2026-04-08 18:55:00] Building model with input window duration: 4.1875 s
[2026-04-08 18:55:00] Pretrained weight loading:
[2026-04-08 18:55:00]   Downloaded keys:        179
[2026-04-08 18:55:00]   Filtered (transformer): 172
[2026-04-08 18:55:00]   Filtered (pos_encoder): 0
[2026-04-08 18:55:00]   Keys to load:           7
[2026-04-08 18:55:00]   Missing keys:           4
[2026-04-08 18:55:00]   Unexpected keys:        0
[2026-04-08 18:55:00]   Missing preview:        ['spatial_conv.1.weight', 'spatial_conv.1.bias', 'final_layer.1.weight', 'final_layer.1.bias']
[2026-04-08 18:55:00]   Unexpected preview:     []
[2026-04-08 18:55:31]   Fold 4/5 | best_epoch=1317 | stop=1367 | val_loss=0.0792 | acc=0.9500 | bal_acc=0.9500
[2026-04-08 18:55:31]     Train class counts: [32, 32, 32, 32]
[2026-04-08 18:55:31]     Val class counts:   [8, 8, 8, 8]
[2026-04-08 18:55:31]     Test class counts:  [10, 10, 10, 10]
[2026-04-08 18:55:31] Building model with input window duration: 4.1875 s
[2026-04-08 18:55:31] Pretrained weight loading:
[2026-04-08 18:55:31]   Downloaded keys:        179
[2026-04-08 18:55:31]   Filtered (transformer): 172
[2026-04-08 18:55:31]   Filtered (pos_encoder): 0
[2026-04-08 18:55:31]   Keys to load:           7
[2026-04-08 18:55:31]   Missing keys:           4
[2026-04-08 18:55:31]   Unexpected keys:        0
[2026-04-08 18:55:31]   Missing preview:        ['spatial_conv.1.weight', 'spatial_conv.1.bias', 'final_layer.1.weight', 'final_layer.1.bias']
[2026-04-08 18:55:31]   Unexpected preview:     []
[2026-04-08 18:56:04]   Fold 5/5 | best_epoch=1382 | stop=1432 | val_loss=0.0085 | acc=0.9750 | bal_acc=0.9750
[2026-04-08 18:56:04]   Subject 49 summary: acc=0.9750±0.0158  bal_acc=0.9750±0.0158

[2026-04-08 18:56:04] Subject 50: 200 windows | class_counts=[50, 50, 50, 50]
[2026-04-08 18:56:04]   Fold 1 class counts: train=[32, 32, 32, 32] val=[8, 8, 8, 8] test=[10, 10, 10, 10]
[2026-04-08 18:56:04]   Fold 2 class counts: train=[32, 32, 32, 32] val=[8, 8, 8, 8] test=[10, 10, 10, 10]
[2026-04-08 18:56:04]   Fold 3 class counts: train=[32, 32, 32, 32] val=[8, 8, 8, 8] test=[10, 10, 10, 10]
[2026-04-08 18:56:04]   Fold 4 class counts: train=[32, 32, 32, 32] val=[8, 8, 8, 8] test=[10, 10, 10, 10]
[2026-04-08 18:56:04]   Fold 5 class counts: train=[32, 32, 32, 32] val=[8, 8, 8, 8] test=[10, 10, 10, 10]
[2026-04-08 18:56:04]     Train class counts: [32, 32, 32, 32]
[2026-04-08 18:56:04]     Val class counts:   [8, 8, 8, 8]
[2026-04-08 18:56:04]     Test class counts:  [10, 10, 10, 10]
[2026-04-08 18:56:04] Building model with input window duration: 4.1875 s
[2026-04-08 18:56:04] Pretrained weight loading:
[2026-04-08 18:56:04]   Downloaded keys:        179
[2026-04-08 18:56:04]   Filtered (transformer): 172
[2026-04-08 18:56:04]   Filtered (pos_encoder): 0
[2026-04-08 18:56:04]   Keys to load:           7
[2026-04-08 18:56:04]   Missing keys:           4
[2026-04-08 18:56:04]   Unexpected keys:        0
[2026-04-08 18:56:04]   Missing preview:        ['spatial_conv.1.weight', 'spatial_conv.1.bias', 'final_layer.1.weight', 'final_layer.1.bias']
[2026-04-08 18:56:04]   Unexpected preview:     []
[2026-04-08 18:56:33]   Fold 1/5 | best_epoch=1250 | stop=1300 | val_loss=0.0034 | acc=1.0000 | bal_acc=1.0000
[2026-04-08 18:56:33]     Train class counts: [32, 32, 32, 32]
[2026-04-08 18:56:33]     Val class counts:   [8, 8, 8, 8]
[2026-04-08 18:56:33]     Test class counts:  [10, 10, 10, 10]
[2026-04-08 18:56:33] Building model with input window duration: 4.1875 s
[2026-04-08 18:56:33] Pretrained weight loading:
[2026-04-08 18:56:33]   Downloaded keys:        179
[2026-04-08 18:56:33]   Filtered (transformer): 172
[2026-04-08 18:56:33]   Filtered (pos_encoder): 0
[2026-04-08 18:56:33]   Keys to load:           7
[2026-04-08 18:56:33]   Missing keys:           4
[2026-04-08 18:56:33]   Unexpected keys:        0
[2026-04-08 18:56:33]   Missing preview:        ['spatial_conv.1.weight', 'spatial_conv.1.bias', 'final_layer.1.weight', 'final_layer.1.bias']
[2026-04-08 18:56:33]   Unexpected preview:     []
[2026-04-08 18:57:06]   Fold 2/5 | best_epoch=1384 | stop=1434 | val_loss=0.0200 | acc=1.0000 | bal_acc=1.0000
[2026-04-08 18:57:06]     Train class counts: [32, 32, 32, 32]
[2026-04-08 18:57:06]     Val class counts:   [8, 8, 8, 8]
[2026-04-08 18:57:06]     Test class counts:  [10, 10, 10, 10]
[2026-04-08 18:57:06] Building model with input window duration: 4.1875 s
[2026-04-08 18:57:06] Pretrained weight loading:
[2026-04-08 18:57:06]   Downloaded keys:        179
[2026-04-08 18:57:06]   Filtered (transformer): 172
[2026-04-08 18:57:06]   Filtered (pos_encoder): 0
[2026-04-08 18:57:06]   Keys to load:           7
[2026-04-08 18:57:06]   Missing keys:           4
[2026-04-08 18:57:06]   Unexpected keys:        0
[2026-04-08 18:57:06]   Missing preview:        ['spatial_conv.1.weight', 'spatial_conv.1.bias', 'final_layer.1.weight', 'final_layer.1.bias']
[2026-04-08 18:57:06]   Unexpected preview:     []
[2026-04-08 18:58:17]   Fold 3/5 | best_epoch=3075 | stop=3125 | val_loss=0.0002 | acc=0.9750 | bal_acc=0.9750
[2026-04-08 18:58:17]     Train class counts: [32, 32, 32, 32]
[2026-04-08 18:58:17]     Val class counts:   [8, 8, 8, 8]
[2026-04-08 18:58:17]     Test class counts:  [10, 10, 10, 10]
[2026-04-08 18:58:17] Building model with input window duration: 4.1875 s
[2026-04-08 18:58:17] Pretrained weight loading:
[2026-04-08 18:58:17]   Downloaded keys:        179
[2026-04-08 18:58:17]   Filtered (transformer): 172
[2026-04-08 18:58:17]   Filtered (pos_encoder): 0
[2026-04-08 18:58:17]   Keys to load:           7
[2026-04-08 18:58:17]   Missing keys:           4
[2026-04-08 18:58:17]   Unexpected keys:        0
[2026-04-08 18:58:17]   Missing preview:        ['spatial_conv.1.weight', 'spatial_conv.1.bias', 'final_layer.1.weight', 'final_layer.1.bias']
[2026-04-08 18:58:17]   Unexpected preview:     []
[2026-04-08 18:58:40]   Fold 4/5 | best_epoch=961 | stop=1011 | val_loss=0.0436 | acc=0.9750 | bal_acc=0.9750
[2026-04-08 18:58:40]     Train class counts: [32, 32, 32, 32]
[2026-04-08 18:58:40]     Val class counts:   [8, 8, 8, 8]
[2026-04-08 18:58:40]     Test class counts:  [10, 10, 10, 10]
[2026-04-08 18:58:40] Building model with input window duration: 4.1875 s
[2026-04-08 18:58:40] Pretrained weight loading:
[2026-04-08 18:58:40]   Downloaded keys:        179
[2026-04-08 18:58:40]   Filtered (transformer): 172
[2026-04-08 18:58:40]   Filtered (pos_encoder): 0
[2026-04-08 18:58:40]   Keys to load:           7
[2026-04-08 18:58:40]   Missing keys:           4
[2026-04-08 18:58:40]   Unexpected keys:        0
[2026-04-08 18:58:40]   Missing preview:        ['spatial_conv.1.weight', 'spatial_conv.1.bias', 'final_layer.1.weight', 'final_layer.1.bias']
[2026-04-08 18:58:40]   Unexpected preview:     []
[2026-04-08 18:59:08]   Fold 5/5 | best_epoch=1165 | stop=1215 | val_loss=0.0231 | acc=1.0000 | bal_acc=1.0000
[2026-04-08 18:59:08]   Subject 50 summary: acc=0.9900±0.0122  bal_acc=0.9900±0.0122

[2026-04-08 18:59:08] Subject 51: 200 windows | class_counts=[50, 50, 50, 50]
[2026-04-08 18:59:08]   Fold 1 class counts: train=[32, 32, 32, 32] val=[8, 8, 8, 8] test=[10, 10, 10, 10]
[2026-04-08 18:59:08]   Fold 2 class counts: train=[32, 32, 32, 32] val=[8, 8, 8, 8] test=[10, 10, 10, 10]
[2026-04-08 18:59:08]   Fold 3 class counts: train=[32, 32, 32, 32] val=[8, 8, 8, 8] test=[10, 10, 10, 10]
[2026-04-08 18:59:08]   Fold 4 class counts: train=[32, 32, 32, 32] val=[8, 8, 8, 8] test=[10, 10, 10, 10]
[2026-04-08 18:59:08]   Fold 5 class counts: train=[32, 32, 32, 32] val=[8, 8, 8, 8] test=[10, 10, 10, 10]
[2026-04-08 18:59:08]     Train class counts: [32, 32, 32, 32]
[2026-04-08 18:59:08]     Val class counts:   [8, 8, 8, 8]
[2026-04-08 18:59:08]     Test class counts:  [10, 10, 10, 10]
[2026-04-08 18:59:08] Building model with input window duration: 4.1875 s
[2026-04-08 18:59:08] Pretrained weight loading:
[2026-04-08 18:59:08]   Downloaded keys:        179
[2026-04-08 18:59:08]   Filtered (transformer): 172
[2026-04-08 18:59:08]   Filtered (pos_encoder): 0
[2026-04-08 18:59:08]   Keys to load:           7
[2026-04-08 18:59:08]   Missing keys:           4
[2026-04-08 18:59:08]   Unexpected keys:        0
[2026-04-08 18:59:08]   Missing preview:        ['spatial_conv.1.weight', 'spatial_conv.1.bias', 'final_layer.1.weight', 'final_layer.1.bias']
[2026-04-08 18:59:08]   Unexpected preview:     []
[2026-04-08 18:59:22]   Fold 1/5 | best_epoch=550 | stop=600 | val_loss=0.9493 | acc=0.7000 | bal_acc=0.7000
[2026-04-08 18:59:22]     Train class counts: [32, 32, 32, 32]
[2026-04-08 18:59:22]     Val class counts:   [8, 8, 8, 8]
[2026-04-08 18:59:22]     Test class counts:  [10, 10, 10, 10]
[2026-04-08 18:59:22] Building model with input window duration: 4.1875 s
[2026-04-08 18:59:22] Pretrained weight loading:
[2026-04-08 18:59:22]   Downloaded keys:        179
[2026-04-08 18:59:22]   Filtered (transformer): 172
[2026-04-08 18:59:22]   Filtered (pos_encoder): 0
[2026-04-08 18:59:22]   Keys to load:           7
[2026-04-08 18:59:22]   Missing keys:           4
[2026-04-08 18:59:22]   Unexpected keys:        0
[2026-04-08 18:59:22]   Missing preview:        ['spatial_conv.1.weight', 'spatial_conv.1.bias', 'final_layer.1.weight', 'final_layer.1.bias']
[2026-04-08 18:59:22]   Unexpected preview:     []
[2026-04-08 18:59:29]   Fold 2/5 | best_epoch=253 | stop=303 | val_loss=1.0396 | acc=0.6750 | bal_acc=0.6750
[2026-04-08 18:59:29]     Train class counts: [32, 32, 32, 32]
[2026-04-08 18:59:29]     Val class counts:   [8, 8, 8, 8]
[2026-04-08 18:59:29]     Test class counts:  [10, 10, 10, 10]
[2026-04-08 18:59:29] Building model with input window duration: 4.1875 s
[2026-04-08 18:59:29] Pretrained weight loading:
[2026-04-08 18:59:29]   Downloaded keys:        179
[2026-04-08 18:59:29]   Filtered (transformer): 172
[2026-04-08 18:59:29]   Filtered (pos_encoder): 0
[2026-04-08 18:59:29]   Keys to load:           7
[2026-04-08 18:59:29]   Missing keys:           4
[2026-04-08 18:59:29]   Unexpected keys:        0
[2026-04-08 18:59:29]   Missing preview:        ['spatial_conv.1.weight', 'spatial_conv.1.bias', 'final_layer.1.weight', 'final_layer.1.bias']
[2026-04-08 18:59:29]   Unexpected preview:     []
[2026-04-08 18:59:41]   Fold 3/5 | best_epoch=479 | stop=529 | val_loss=0.7756 | acc=0.7000 | bal_acc=0.7000
[2026-04-08 18:59:41]     Train class counts: [32, 32, 32, 32]
[2026-04-08 18:59:41]     Val class counts:   [8, 8, 8, 8]
[2026-04-08 18:59:41]     Test class counts:  [10, 10, 10, 10]
[2026-04-08 18:59:41] Building model with input window duration: 4.1875 s
[2026-04-08 18:59:41] Pretrained weight loading:
[2026-04-08 18:59:41]   Downloaded keys:        179
[2026-04-08 18:59:41]   Filtered (transformer): 172
[2026-04-08 18:59:41]   Filtered (pos_encoder): 0
[2026-04-08 18:59:41]   Keys to load:           7
[2026-04-08 18:59:41]   Missing keys:           4
[2026-04-08 18:59:41]   Unexpected keys:        0
[2026-04-08 18:59:41]   Missing preview:        ['spatial_conv.1.weight', 'spatial_conv.1.bias', 'final_layer.1.weight', 'final_layer.1.bias']
[2026-04-08 18:59:41]   Unexpected preview:     []
[2026-04-08 18:59:59]   Fold 4/5 | best_epoch=782 | stop=832 | val_loss=0.6581 | acc=0.7000 | bal_acc=0.7000
[2026-04-08 18:59:59]     Train class counts: [32, 32, 32, 32]
[2026-04-08 18:59:59]     Val class counts:   [8, 8, 8, 8]
[2026-04-08 18:59:59]     Test class counts:  [10, 10, 10, 10]
[2026-04-08 18:59:59] Building model with input window duration: 4.1875 s
[2026-04-08 18:59:59] Pretrained weight loading:
[2026-04-08 18:59:59]   Downloaded keys:        179
[2026-04-08 18:59:59]   Filtered (transformer): 172
[2026-04-08 18:59:59]   Filtered (pos_encoder): 0
[2026-04-08 18:59:59]   Keys to load:           7
[2026-04-08 18:59:59]   Missing keys:           4
[2026-04-08 18:59:59]   Unexpected keys:        0
[2026-04-08 18:59:59]   Missing preview:        ['spatial_conv.1.weight', 'spatial_conv.1.bias', 'final_layer.1.weight', 'final_layer.1.bias']
[2026-04-08 18:59:59]   Unexpected preview:     []
[2026-04-08 19:00:01]   Fold 5/5 | best_epoch=1 | stop=51 | val_loss=1.3862 | acc=0.2750 | bal_acc=0.2750
[2026-04-08 19:00:01]   Subject 51 summary: acc=0.6100±0.1678  bal_acc=0.6100±0.1678

[2026-04-08 19:00:01] Subject 52: 200 windows | class_counts=[50, 50, 50, 50]
[2026-04-08 19:00:01]   Fold 1 class counts: train=[32, 32, 32, 32] val=[8, 8, 8, 8] test=[10, 10, 10, 10]
[2026-04-08 19:00:01]   Fold 2 class counts: train=[32, 32, 32, 32] val=[8, 8, 8, 8] test=[10, 10, 10, 10]
[2026-04-08 19:00:01]   Fold 3 class counts: train=[32, 32, 32, 32] val=[8, 8, 8, 8] test=[10, 10, 10, 10]
[2026-04-08 19:00:01]   Fold 4 class counts: train=[32, 32, 32, 32] val=[8, 8, 8, 8] test=[10, 10, 10, 10]
[2026-04-08 19:00:01]   Fold 5 class counts: train=[32, 32, 32, 32] val=[8, 8, 8, 8] test=[10, 10, 10, 10]
[2026-04-08 19:00:01]     Train class counts: [32, 32, 32, 32]
[2026-04-08 19:00:01]     Val class counts:   [8, 8, 8, 8]
[2026-04-08 19:00:01]     Test class counts:  [10, 10, 10, 10]
[2026-04-08 19:00:01] Building model with input window duration: 4.1875 s
[2026-04-08 19:00:01] Pretrained weight loading:
[2026-04-08 19:00:01]   Downloaded keys:        179
[2026-04-08 19:00:01]   Filtered (transformer): 172
[2026-04-08 19:00:01]   Filtered (pos_encoder): 0
[2026-04-08 19:00:01]   Keys to load:           7
[2026-04-08 19:00:01]   Missing keys:           4
[2026-04-08 19:00:01]   Unexpected keys:        0
[2026-04-08 19:00:01]   Missing preview:        ['spatial_conv.1.weight', 'spatial_conv.1.bias', 'final_layer.1.weight', 'final_layer.1.bias']
[2026-04-08 19:00:01]   Unexpected preview:     []
[2026-04-08 19:00:21]   Fold 1/5 | best_epoch=821 | stop=871 | val_loss=0.1021 | acc=1.0000 | bal_acc=1.0000
[2026-04-08 19:00:21]     Train class counts: [32, 32, 32, 32]
[2026-04-08 19:00:21]     Val class counts:   [8, 8, 8, 8]
[2026-04-08 19:00:21]     Test class counts:  [10, 10, 10, 10]
[2026-04-08 19:00:21] Building model with input window duration: 4.1875 s
[2026-04-08 19:00:21] Pretrained weight loading:
[2026-04-08 19:00:21]   Downloaded keys:        179
[2026-04-08 19:00:21]   Filtered (transformer): 172
[2026-04-08 19:00:21]   Filtered (pos_encoder): 0
[2026-04-08 19:00:21]   Keys to load:           7
[2026-04-08 19:00:21]   Missing keys:           4
[2026-04-08 19:00:21]   Unexpected keys:        0
[2026-04-08 19:00:21]   Missing preview:        ['spatial_conv.1.weight', 'spatial_conv.1.bias', 'final_layer.1.weight', 'final_layer.1.bias']
[2026-04-08 19:00:21]   Unexpected preview:     []
[2026-04-08 19:00:44]   Fold 2/5 | best_epoch=940 | stop=990 | val_loss=0.0530 | acc=0.9500 | bal_acc=0.9500
[2026-04-08 19:00:44]     Train class counts: [32, 32, 32, 32]
[2026-04-08 19:00:44]     Val class counts:   [8, 8, 8, 8]
[2026-04-08 19:00:44]     Test class counts:  [10, 10, 10, 10]
[2026-04-08 19:00:44] Building model with input window duration: 4.1875 s
[2026-04-08 19:00:44] Pretrained weight loading:
[2026-04-08 19:00:44]   Downloaded keys:        179
[2026-04-08 19:00:44]   Filtered (transformer): 172
[2026-04-08 19:00:44]   Filtered (pos_encoder): 0
[2026-04-08 19:00:44]   Keys to load:           7
[2026-04-08 19:00:44]   Missing keys:           4
[2026-04-08 19:00:44]   Unexpected keys:        0
[2026-04-08 19:00:44]   Missing preview:        ['spatial_conv.1.weight', 'spatial_conv.1.bias', 'final_layer.1.weight', 'final_layer.1.bias']
[2026-04-08 19:00:44]   Unexpected preview:     []
[2026-04-08 19:01:07]   Fold 3/5 | best_epoch=943 | stop=993 | val_loss=0.0743 | acc=0.9750 | bal_acc=0.9750
[2026-04-08 19:01:07]     Train class counts: [32, 32, 32, 32]
[2026-04-08 19:01:07]     Val class counts:   [8, 8, 8, 8]
[2026-04-08 19:01:07]     Test class counts:  [10, 10, 10, 10]
[2026-04-08 19:01:07] Building model with input window duration: 4.1875 s
[2026-04-08 19:01:07] Pretrained weight loading:
[2026-04-08 19:01:07]   Downloaded keys:        179
[2026-04-08 19:01:07]   Filtered (transformer): 172
[2026-04-08 19:01:07]   Filtered (pos_encoder): 0
[2026-04-08 19:01:07]   Keys to load:           7
[2026-04-08 19:01:07]   Missing keys:           4
[2026-04-08 19:01:07]   Unexpected keys:        0
[2026-04-08 19:01:07]   Missing preview:        ['spatial_conv.1.weight', 'spatial_conv.1.bias', 'final_layer.1.weight', 'final_layer.1.bias']
[2026-04-08 19:01:07]   Unexpected preview:     []
[2026-04-08 19:01:23]   Fold 4/5 | best_epoch=654 | stop=704 | val_loss=0.1802 | acc=0.9750 | bal_acc=0.9750
[2026-04-08 19:01:23]     Train class counts: [32, 32, 32, 32]
[2026-04-08 19:01:23]     Val class counts:   [8, 8, 8, 8]
[2026-04-08 19:01:23]     Test class counts:  [10, 10, 10, 10]
[2026-04-08 19:01:23] Building model with input window duration: 4.1875 s
[2026-04-08 19:01:23] Pretrained weight loading:
[2026-04-08 19:01:23]   Downloaded keys:        179
[2026-04-08 19:01:23]   Filtered (transformer): 172
[2026-04-08 19:01:23]   Filtered (pos_encoder): 0
[2026-04-08 19:01:23]   Keys to load:           7
[2026-04-08 19:01:23]   Missing keys:           4
[2026-04-08 19:01:23]   Unexpected keys:        0
[2026-04-08 19:01:23]   Missing preview:        ['spatial_conv.1.weight', 'spatial_conv.1.bias', 'final_layer.1.weight', 'final_layer.1.bias']
[2026-04-08 19:01:23]   Unexpected preview:     []
[2026-04-08 19:01:54]   Fold 5/5 | best_epoch=1271 | stop=1321 | val_loss=0.0297 | acc=0.9750 | bal_acc=0.9750
[2026-04-08 19:01:54]   Subject 52 summary: acc=0.9750±0.0158  bal_acc=0.9750±0.0158

[2026-04-08 19:01:54] Subject 53: 200 windows | class_counts=[50, 50, 50, 50]
[2026-04-08 19:01:54]   Fold 1 class counts: train=[32, 32, 32, 32] val=[8, 8, 8, 8] test=[10, 10, 10, 10]
[2026-04-08 19:01:54]   Fold 2 class counts: train=[32, 32, 32, 32] val=[8, 8, 8, 8] test=[10, 10, 10, 10]
[2026-04-08 19:01:54]   Fold 3 class counts: train=[32, 32, 32, 32] val=[8, 8, 8, 8] test=[10, 10, 10, 10]
[2026-04-08 19:01:54]   Fold 4 class counts: train=[32, 32, 32, 32] val=[8, 8, 8, 8] test=[10, 10, 10, 10]
[2026-04-08 19:01:54]   Fold 5 class counts: train=[32, 32, 32, 32] val=[8, 8, 8, 8] test=[10, 10, 10, 10]
[2026-04-08 19:01:54]     Train class counts: [32, 32, 32, 32]
[2026-04-08 19:01:54]     Val class counts:   [8, 8, 8, 8]
[2026-04-08 19:01:54]     Test class counts:  [10, 10, 10, 10]
[2026-04-08 19:01:54] Building model with input window duration: 4.1875 s
[2026-04-08 19:01:54] Pretrained weight loading:
[2026-04-08 19:01:54]   Downloaded keys:        179
[2026-04-08 19:01:54]   Filtered (transformer): 172
[2026-04-08 19:01:54]   Filtered (pos_encoder): 0
[2026-04-08 19:01:54]   Keys to load:           7
[2026-04-08 19:01:54]   Missing keys:           4
[2026-04-08 19:01:54]   Unexpected keys:        0
[2026-04-08 19:01:54]   Missing preview:        ['spatial_conv.1.weight', 'spatial_conv.1.bias', 'final_layer.1.weight', 'final_layer.1.bias']
[2026-04-08 19:01:54]   Unexpected preview:     []
[2026-04-08 19:02:26]   Fold 1/5 | best_epoch=1305 | stop=1355 | val_loss=0.0225 | acc=1.0000 | bal_acc=1.0000
[2026-04-08 19:02:26]     Train class counts: [32, 32, 32, 32]
[2026-04-08 19:02:26]     Val class counts:   [8, 8, 8, 8]
[2026-04-08 19:02:26]     Test class counts:  [10, 10, 10, 10]
[2026-04-08 19:02:26] Building model with input window duration: 4.1875 s
[2026-04-08 19:02:26] Pretrained weight loading:
[2026-04-08 19:02:26]   Downloaded keys:        179
[2026-04-08 19:02:26]   Filtered (transformer): 172
[2026-04-08 19:02:26]   Filtered (pos_encoder): 0
[2026-04-08 19:02:26]   Keys to load:           7
[2026-04-08 19:02:26]   Missing keys:           4
[2026-04-08 19:02:26]   Unexpected keys:        0
[2026-04-08 19:02:26]   Missing preview:        ['spatial_conv.1.weight', 'spatial_conv.1.bias', 'final_layer.1.weight', 'final_layer.1.bias']
[2026-04-08 19:02:26]   Unexpected preview:     []
[2026-04-08 19:03:36]   Fold 2/5 | best_epoch=3056 | stop=3106 | val_loss=0.0003 | acc=1.0000 | bal_acc=1.0000
[2026-04-08 19:03:36]     Train class counts: [32, 32, 32, 32]
[2026-04-08 19:03:36]     Val class counts:   [8, 8, 8, 8]
[2026-04-08 19:03:36]     Test class counts:  [10, 10, 10, 10]
[2026-04-08 19:03:36] Building model with input window duration: 4.1875 s
[2026-04-08 19:03:36] Pretrained weight loading:
[2026-04-08 19:03:36]   Downloaded keys:        179
[2026-04-08 19:03:36]   Filtered (transformer): 172
[2026-04-08 19:03:36]   Filtered (pos_encoder): 0
[2026-04-08 19:03:36]   Keys to load:           7
[2026-04-08 19:03:36]   Missing keys:           4
[2026-04-08 19:03:36]   Unexpected keys:        0
[2026-04-08 19:03:36]   Missing preview:        ['spatial_conv.1.weight', 'spatial_conv.1.bias', 'final_layer.1.weight', 'final_layer.1.bias']
[2026-04-08 19:03:36]   Unexpected preview:     []
[2026-04-08 19:04:30]   Fold 3/5 | best_epoch=2319 | stop=2369 | val_loss=0.0003 | acc=1.0000 | bal_acc=1.0000
[2026-04-08 19:04:30]     Train class counts: [32, 32, 32, 32]
[2026-04-08 19:04:30]     Val class counts:   [8, 8, 8, 8]
[2026-04-08 19:04:30]     Test class counts:  [10, 10, 10, 10]
[2026-04-08 19:04:30] Building model with input window duration: 4.1875 s
[2026-04-08 19:04:30] Pretrained weight loading:
[2026-04-08 19:04:30]   Downloaded keys:        179
[2026-04-08 19:04:30]   Filtered (transformer): 172
[2026-04-08 19:04:30]   Filtered (pos_encoder): 0
[2026-04-08 19:04:30]   Keys to load:           7
[2026-04-08 19:04:30]   Missing keys:           4
[2026-04-08 19:04:30]   Unexpected keys:        0
[2026-04-08 19:04:30]   Missing preview:        ['spatial_conv.1.weight', 'spatial_conv.1.bias', 'final_layer.1.weight', 'final_layer.1.bias']
[2026-04-08 19:04:30]   Unexpected preview:     []
[2026-04-08 19:05:50]   Fold 4/5 | best_epoch=3361 | stop=3411 | val_loss=0.0004 | acc=1.0000 | bal_acc=1.0000
[2026-04-08 19:05:50]     Train class counts: [32, 32, 32, 32]
[2026-04-08 19:05:50]     Val class counts:   [8, 8, 8, 8]
[2026-04-08 19:05:50]     Test class counts:  [10, 10, 10, 10]
[2026-04-08 19:05:50] Building model with input window duration: 4.1875 s
[2026-04-08 19:05:50] Pretrained weight loading:
[2026-04-08 19:05:50]   Downloaded keys:        179
[2026-04-08 19:05:50]   Filtered (transformer): 172
[2026-04-08 19:05:50]   Filtered (pos_encoder): 0
[2026-04-08 19:05:50]   Keys to load:           7
[2026-04-08 19:05:50]   Missing keys:           4
[2026-04-08 19:05:50]   Unexpected keys:        0
[2026-04-08 19:05:50]   Missing preview:        ['spatial_conv.1.weight', 'spatial_conv.1.bias', 'final_layer.1.weight', 'final_layer.1.bias']
[2026-04-08 19:05:50]   Unexpected preview:     []
[2026-04-08 19:07:08]   Fold 5/5 | best_epoch=3293 | stop=3343 | val_loss=0.0003 | acc=1.0000 | bal_acc=1.0000
[2026-04-08 19:07:08]   Subject 53 summary: acc=1.0000±0.0000  bal_acc=1.0000±0.0000

[2026-04-08 19:07:08] Subject 54: 200 windows | class_counts=[50, 50, 50, 50]
[2026-04-08 19:07:08]   Fold 1 class counts: train=[32, 32, 32, 32] val=[8, 8, 8, 8] test=[10, 10, 10, 10]
[2026-04-08 19:07:08]   Fold 2 class counts: train=[32, 32, 32, 32] val=[8, 8, 8, 8] test=[10, 10, 10, 10]
[2026-04-08 19:07:08]   Fold 3 class counts: train=[32, 32, 32, 32] val=[8, 8, 8, 8] test=[10, 10, 10, 10]
[2026-04-08 19:07:08]   Fold 4 class counts: train=[32, 32, 32, 32] val=[8, 8, 8, 8] test=[10, 10, 10, 10]
[2026-04-08 19:07:08]   Fold 5 class counts: train=[32, 32, 32, 32] val=[8, 8, 8, 8] test=[10, 10, 10, 10]
[2026-04-08 19:07:08]     Train class counts: [32, 32, 32, 32]
[2026-04-08 19:07:08]     Val class counts:   [8, 8, 8, 8]
[2026-04-08 19:07:08]     Test class counts:  [10, 10, 10, 10]
[2026-04-08 19:07:08] Building model with input window duration: 4.1875 s
[2026-04-08 19:07:08] Pretrained weight loading:
[2026-04-08 19:07:08]   Downloaded keys:        179
[2026-04-08 19:07:08]   Filtered (transformer): 172
[2026-04-08 19:07:08]   Filtered (pos_encoder): 0
[2026-04-08 19:07:08]   Keys to load:           7
[2026-04-08 19:07:08]   Missing keys:           4
[2026-04-08 19:07:08]   Unexpected keys:        0
[2026-04-08 19:07:08]   Missing preview:        ['spatial_conv.1.weight', 'spatial_conv.1.bias', 'final_layer.1.weight', 'final_layer.1.bias']
[2026-04-08 19:07:08]   Unexpected preview:     []
[2026-04-08 19:07:29]   Fold 1/5 | best_epoch=855 | stop=905 | val_loss=0.4148 | acc=0.8500 | bal_acc=0.8500
[2026-04-08 19:07:29]     Train class counts: [32, 32, 32, 32]
[2026-04-08 19:07:29]     Val class counts:   [8, 8, 8, 8]
[2026-04-08 19:07:29]     Test class counts:  [10, 10, 10, 10]
[2026-04-08 19:07:29] Building model with input window duration: 4.1875 s
[2026-04-08 19:07:29] Pretrained weight loading:
[2026-04-08 19:07:29]   Downloaded keys:        179
[2026-04-08 19:07:29]   Filtered (transformer): 172
[2026-04-08 19:07:29]   Filtered (pos_encoder): 0
[2026-04-08 19:07:29]   Keys to load:           7
[2026-04-08 19:07:29]   Missing keys:           4
[2026-04-08 19:07:29]   Unexpected keys:        0
[2026-04-08 19:07:29]   Missing preview:        ['spatial_conv.1.weight', 'spatial_conv.1.bias', 'final_layer.1.weight', 'final_layer.1.bias']
[2026-04-08 19:07:29]   Unexpected preview:     []
[2026-04-08 19:07:42]   Fold 2/5 | best_epoch=501 | stop=551 | val_loss=0.5212 | acc=0.9250 | bal_acc=0.9250
[2026-04-08 19:07:42]     Train class counts: [32, 32, 32, 32]
[2026-04-08 19:07:42]     Val class counts:   [8, 8, 8, 8]
[2026-04-08 19:07:42]     Test class counts:  [10, 10, 10, 10]
[2026-04-08 19:07:42] Building model with input window duration: 4.1875 s
[2026-04-08 19:07:42] Pretrained weight loading:
[2026-04-08 19:07:42]   Downloaded keys:        179
[2026-04-08 19:07:42]   Filtered (transformer): 172
[2026-04-08 19:07:42]   Filtered (pos_encoder): 0
[2026-04-08 19:07:42]   Keys to load:           7
[2026-04-08 19:07:42]   Missing keys:           4
[2026-04-08 19:07:42]   Unexpected keys:        0
[2026-04-08 19:07:42]   Missing preview:        ['spatial_conv.1.weight', 'spatial_conv.1.bias', 'final_layer.1.weight', 'final_layer.1.bias']
[2026-04-08 19:07:42]   Unexpected preview:     []
[2026-04-08 19:07:54]   Fold 3/5 | best_epoch=470 | stop=520 | val_loss=0.5940 | acc=0.9000 | bal_acc=0.9000
[2026-04-08 19:07:54]     Train class counts: [32, 32, 32, 32]
[2026-04-08 19:07:54]     Val class counts:   [8, 8, 8, 8]
[2026-04-08 19:07:54]     Test class counts:  [10, 10, 10, 10]
[2026-04-08 19:07:54] Building model with input window duration: 4.1875 s
[2026-04-08 19:07:54] Pretrained weight loading:
[2026-04-08 19:07:54]   Downloaded keys:        179
[2026-04-08 19:07:54]   Filtered (transformer): 172
[2026-04-08 19:07:54]   Filtered (pos_encoder): 0
[2026-04-08 19:07:54]   Keys to load:           7
[2026-04-08 19:07:54]   Missing keys:           4
[2026-04-08 19:07:54]   Unexpected keys:        0
[2026-04-08 19:07:54]   Missing preview:        ['spatial_conv.1.weight', 'spatial_conv.1.bias', 'final_layer.1.weight', 'final_layer.1.bias']
[2026-04-08 19:07:54]   Unexpected preview:     []
[2026-04-08 19:08:15]   Fold 4/5 | best_epoch=901 | stop=951 | val_loss=0.3976 | acc=0.8250 | bal_acc=0.8250
[2026-04-08 19:08:15]     Train class counts: [32, 32, 32, 32]
[2026-04-08 19:08:15]     Val class counts:   [8, 8, 8, 8]
[2026-04-08 19:08:15]     Test class counts:  [10, 10, 10, 10]
[2026-04-08 19:08:15] Building model with input window duration: 4.1875 s
[2026-04-08 19:08:15] Pretrained weight loading:
[2026-04-08 19:08:15]   Downloaded keys:        179
[2026-04-08 19:08:15]   Filtered (transformer): 172
[2026-04-08 19:08:15]   Filtered (pos_encoder): 0
[2026-04-08 19:08:15]   Keys to load:           7
[2026-04-08 19:08:15]   Missing keys:           4
[2026-04-08 19:08:15]   Unexpected keys:        0
[2026-04-08 19:08:15]   Missing preview:        ['spatial_conv.1.weight', 'spatial_conv.1.bias', 'final_layer.1.weight', 'final_layer.1.bias']
[2026-04-08 19:08:15]   Unexpected preview:     []
[2026-04-08 19:08:35]   Fold 5/5 | best_epoch=809 | stop=859 | val_loss=0.4467 | acc=0.7750 | bal_acc=0.7750
[2026-04-08 19:08:35]   Subject 54 summary: acc=0.8550±0.0534  bal_acc=0.8550±0.0534

[2026-04-08 19:08:35] Total folds completed: 35
[2026-04-08 19:08:35] ======================================================================
[2026-04-08 19:08:35] AGGREGATED RESULTS
[2026-04-08 19:08:35] ======================================================================
[2026-04-08 19:08:35]   Subject 48:  acc=0.9950±0.0100  bal_acc=0.9950±0.0100
[2026-04-08 19:08:35]   Subject 49:  acc=0.9750±0.0158  bal_acc=0.9750±0.0158
[2026-04-08 19:08:35]   Subject 50:  acc=0.9900±0.0122  bal_acc=0.9900±0.0122
[2026-04-08 19:08:35]   Subject 51:  acc=0.6100±0.1678  bal_acc=0.6100±0.1678
[2026-04-08 19:08:35]   Subject 52:  acc=0.9750±0.0158  bal_acc=0.9750±0.0158
[2026-04-08 19:08:35]   Subject 53:  acc=1.0000±0.0000  bal_acc=1.0000±0.0000
[2026-04-08 19:08:35]   Subject 54:  acc=0.8550±0.0534  bal_acc=0.8550±0.0534
[2026-04-08 19:08:35] ----------------------------------------------------------------------
[2026-04-08 19:08:35]   OVERALL:      acc=0.9143±0.1487  bal_acc=0.9143±0.1487
[2026-04-08 19:08:35] ======================================================================
[2026-04-08 19:08:35] CV results saved to:      /home/vegorov/Repos/eeg_jepa_research/artifacts/lee-2019-fine-tuning/SSVEP/20260408_1849_89f91aac/cv_results.json
[2026-04-08 19:08:35] Subject metrics saved to: /home/vegorov/Repos/eeg_jepa_research/artifacts/lee-2019-fine-tuning/SSVEP/20260408_1849_89f91aac/subject_metrics.json
[2026-04-08 19:08:35] Global metrics saved to:  /home/vegorov/Repos/eeg_jepa_research/artifacts/lee-2019-fine-tuning/SSVEP/20260408_1849_89f91aac/global_metrics.json
[2026-04-08 19:08:35] Run metadata saved to:    /home/vegorov/Repos/eeg_jepa_research/artifacts/lee-2019-fine-tuning/SSVEP/20260408_1849_89f91aac/run_metadata.json

[2026-04-08 19:08:35] All artifacts in: /home/vegorov/Repos/eeg_jepa_research/artifacts/lee-2019-fine-tuning/SSVEP/20260408_1849_89f91aac

[2026-04-08 19:08:35] ======================================================================
[2026-04-08 19:08:35] EXPERIMENT SUMMARY
[2026-04-08 19:08:35] ======================================================================
[2026-04-08 19:08:35] Run ID:    20260408_1849_89f91aac
[2026-04-08 19:08:35] Artifacts: /home/vegorov/Repos/eeg_jepa_research/artifacts/lee-2019-fine-tuning/SSVEP/20260408_1849_89f91aac

[2026-04-08 19:08:35] Configuration:
[2026-04-08 19:08:35]   Subjects:          [48, 49, 50, 51, 52, 53, 54]
[2026-04-08 19:08:35]   Bandpass:          0.5-40.0 Hz
[2026-04-08 19:08:35]   Resample:          128 Hz
[2026-04-08 19:08:35]   CV folds:          5
[2026-04-08 19:08:35]   Learning rate:     0.001
[2026-04-08 19:08:35]   Batch size:        16
[2026-04-08 19:08:35]   Max epochs:        5000

[2026-04-08 19:08:35] Results:
[2026-04-08 19:08:35]   Mean Accuracy:          0.9143 ± 0.1487
[2026-04-08 19:08:35]   Mean Balanced Accuracy: 0.9143 ± 0.1487
