[2026-04-08 22:05:26] Using device: cpu
[2026-04-08 22:05:26] Seed control enabled: True
[2026-04-08 22:05:26] Base seed: 5
[2026-04-08 22:05:26] Seed initialized: 5
[2026-04-08 22:05:26] ======================================================================
[2026-04-08 22:05:26] CONFIGURATION
[2026-04-08 22:05:26] ======================================================================
[2026-04-08 22:05:26]   artifact_dir: /home/vegorov/Repos/eeg_jepa_research/artifacts/lee-2019-fine-tuning
[2026-04-08 22:05:26]   bandpass_high: 40.0
[2026-04-08 22:05:26]   bandpass_low: 0.5
[2026-04-08 22:05:26]   batch_size: 16
[2026-04-08 22:05:26]   convert_to_uV: True
[2026-04-08 22:05:26]   criterion: None
[2026-04-08 22:05:26]   cv_folds: 5
[2026-04-08 22:05:26]   device: auto
[2026-04-08 22:05:26]   early_stopping_patience: 50
[2026-04-08 22:05:26]   learning_rate: 0.0003
[2026-04-08 22:05:26]   n_epochs: 5000
[2026-04-08 22:05:26]   normalization_method: None
[2026-04-08 22:05:26]   normalize: False
[2026-04-08 22:05:26]   optimizer: Adam
[2026-04-08 22:05:26]   paradigm: SSVEP
[2026-04-08 22:05:26]   pretrained_url: https://huggingface.co/braindecode/SignalJEPA/resolve/main/signal-jepa_16s-60_adeuwv4s.pth
[2026-04-08 22:05:26]   seed: 5
[2026-04-08 22:05:26]   set_eeg_reference: True
[2026-04-08 22:05:26]   set_seed: True
[2026-04-08 22:05:26]   sfreq: 128
[2026-04-08 22:05:26]   subjects_to_use: None
[2026-04-08 22:05:26]   val_split: 0.2
[2026-04-08 22:05:26] ======================================================================
[2026-04-08 22:05:26] Config saved to: /home/vegorov/Repos/eeg_jepa_research/artifacts/lee-2019-fine-tuning/SSVEP/20260408_2205_3e41fbb1/config.json
[2026-04-08 22:05:26] Epoch window configuration:
[2026-04-08 22:05:26]   Target sfreq:                128 Hz
[2026-04-08 22:05:26]   Target duration:             4.190000 s
[2026-04-08 22:05:26]   Window samples (rounded):    536
[2026-04-08 22:05:26]   Base trial samples (4.0 s):  512
[2026-04-08 22:05:26]   Trial stop offset samples:   24
[2026-04-08 22:05:26]   Effective window duration:   4.187500 s
[2026-04-08 22:05:26] Dataset code: Lee2019-SSVEP
[2026-04-08 22:05:26] Subjects Total: 54
[2026-04-08 22:05:26] Events: {'12.0': 1, '8.57': 2, '6.67': 3, '5.45': 4}
[2026-04-08 22:05:26] Interval: [0.0, 4.0]
[2026-04-08 22:05:26] Paradigm: ssvep
[2026-04-08 22:05:26] Selected subjects: [48, 49, 50, 51, 52, 53, 54]
[2026-04-08 22:05:26] Expected evaluation folds: 35

[2026-04-08 22:05:26] Building MOABBDataset for Lee2019_SSVEP...
[2026-04-08 22:06:29] MOABBDataset recordings loaded: 14
[2026-04-08 22:06:29] Discovered annotation descriptions (first recording): [np.str_('12.0'), np.str_('5.45'), np.str_('6.67'), np.str_('8.57')]
[2026-04-08 22:06:29] Dataset event_id mapping: {'12.0': 1, '8.57': 2, '6.67': 3, '5.45': 4}
[2026-04-08 22:06:29] Label map (event_code -> class_index): {1: 0, 2: 1, 3: 2, 4: 3}
[2026-04-08 22:06:29] Applying Braindecode preprocessors to MOABBDataset...
[2026-04-08 22:07:12] Preprocessing complete.

[2026-04-08 22:07:12] Post-preprocessing validation
[2026-04-08 22:07:12]   Recordings in DATASET: 14
[2026-04-08 22:07:12]   Unique subject IDs:    ['48', '49', '50', '51', '52', '53', '54']
[2026-04-08 22:07:12]   sfreq (first rec):     128.0 Hz
[2026-04-08 22:07:12]   EEG channel count:     62
[2026-04-08 22:07:12]   First 10 channels:     ['Fp1', 'Fp2', 'F7', 'F3', 'Fz', 'F4', 'F8', 'FC5', 'FC1', 'FC2']
[2026-04-08 22:07:12] Channel consistency summary:
[2026-04-08 22:07:12]   Checked runs: 14
[2026-04-08 22:07:12]   Unique channel counts: [62]
[2026-04-08 22:07:12]   Channel order consistent: True
[2026-04-08 22:07:12] Validated EEG channels: 62
[2026-04-08 22:07:12] First 10 EEG channels: ['Fp1', 'Fp2', 'F7', 'F3', 'Fz', 'F4', 'F8', 'FC5', 'FC1', 'FC2']
[2026-04-08 22:07:12] raw mean_abs=6.260925e+00
[2026-04-08 22:07:12] raw std=1.367558e+01
[2026-04-08 22:07:12] raw first5 channel std= [25.7487628  33.90435699 12.52572271  7.29424492  6.6773028 ]
[2026-04-08 22:07:12] Requested window samples: 536
[2026-04-08 22:07:12] Base trial samples:       512
[2026-04-08 22:07:12] Stop offset samples:      24
[2026-04-08 22:07:12] Global class counts: [350, 350, 350, 350]
[2026-04-08 22:07:12] Chance level (4-class): 0.25
[2026-04-08 22:07:12] One window shape: (62, 536)
[2026-04-08 22:07:12] One window label: 2
[2026-04-08 22:07:12] Window sample length expected=536, got=536
[2026-04-08 22:07:12] Subjects in window split: [48, 49, 50, 51, 52, 53, 54]
[2026-04-08 22:07:12] Summarizing per-subject windows...
[2026-04-08 22:07:12]   Subject 48: n_windows=200, window_shape=(62, 536), class_counts=[50, 50, 50, 50]
[2026-04-08 22:07:12]   Subject 49: n_windows=200, window_shape=(62, 536), class_counts=[50, 50, 50, 50]
[2026-04-08 22:07:12]   Subject 50: n_windows=200, window_shape=(62, 536), class_counts=[50, 50, 50, 50]
[2026-04-08 22:07:12]   Subject 51: n_windows=200, window_shape=(62, 536), class_counts=[50, 50, 50, 50]
[2026-04-08 22:07:12]   Subject 52: n_windows=200, window_shape=(62, 536), class_counts=[50, 50, 50, 50]
[2026-04-08 22:07:12]   Subject 53: n_windows=200, window_shape=(62, 536), class_counts=[50, 50, 50, 50]
[2026-04-08 22:07:12]   Subject 54: n_windows=200, window_shape=(62, 536), class_counts=[50, 50, 50, 50]
[2026-04-08 22:07:12]    subject_id  n_windows  n_channels  n_times      class_counts
0          48        200          62      536  [50, 50, 50, 50]
1          49        200          62      536  [50, 50, 50, 50]
2          50        200          62      536  [50, 50, 50, 50]
3          51        200          62      536  [50, 50, 50, 50]
4          52        200          62      536  [50, 50, 50, 50]
5          53        200          62      536  [50, 50, 50, 50]
6          54        200          62      536  [50, 50, 50, 50]
[2026-04-08 22:07:12] Window validation summary:
[2026-04-08 22:07:12]   Subject 48: n_windows=200 class_counts=[50, 50, 50, 50]
[2026-04-08 22:07:12]   Subject 49: n_windows=200 class_counts=[50, 50, 50, 50]
[2026-04-08 22:07:12]   Subject 50: n_windows=200 class_counts=[50, 50, 50, 50]
[2026-04-08 22:07:12]   Subject 51: n_windows=200 class_counts=[50, 50, 50, 50]
[2026-04-08 22:07:12]   Subject 52: n_windows=200 class_counts=[50, 50, 50, 50]
[2026-04-08 22:07:12]   Subject 53: n_windows=200 class_counts=[50, 50, 50, 50]
[2026-04-08 22:07:12]   Subject 54: n_windows=200 class_counts=[50, 50, 50, 50]

[2026-04-08 22:07:12] Validated sampling rate target: 128 Hz
[2026-04-08 22:07:12] Validated window sample count:   536
[2026-04-08 22:07:12] Validated window duration:       4.1875 s
[2026-04-08 22:07:12] Validated channel count:         62
[2026-04-08 22:07:12] Total windows retained:          1400
[2026-04-08 22:07:12] Preprocessing sanity checks:
[2026-04-08 22:07:12]   One sample label: 2
[2026-04-08 22:07:12]   One sample shape: (62, 536)
[2026-04-08 22:07:12]   Mean(abs(signal)): 3.194527e+00
[2026-04-08 22:07:12]   Mean(signal):      6.428233e-09
[2026-04-08 22:07:12]   Std(signal):       4.182395e+00
[2026-04-08 22:07:12] Building model with input window duration: 4.1875 s
[2026-04-08 22:07:12] SignalJEPA_PreLocal instantiated successfully.
[2026-04-08 22:07:12]   Total parameters:     18,192
[2026-04-08 22:07:12]   Trainable parameters: 18,192
[2026-04-08 22:07:12] ======================================================================================================================================================
Layer (type (var_name):depth-idx)                  Input Shape               Output Shape              Param #                   Kernel Shape
======================================================================================================================================================
SignalJEPA_PreLocal (SignalJEPA_PreLocal)          [1, 62, 536]              [1, 4]                    --                        --
├─Sequential (spatial_conv): 1-1                   [1, 62, 536]              [1, 4, 536]               --                        --
│    └─Rearrange (0): 2-1                          [1, 62, 536]              [1, 1, 62, 536]           --                        --
│    └─Conv2d (1): 2-2                             [1, 1, 62, 536]           [1, 4, 1, 536]            252                       [62, 1]
│    └─Rearrange (2): 2-3                          [1, 4, 1, 536]            [1, 4, 536]               --                        --
├─_ConvFeatureEncoder (feature_encoder): 1-2       [1, 4, 536]               [1, 16, 64]               --                        --
│    └─Rearrange (0): 2-4                          [1, 4, 536]               [4, 1, 536]               --                        --
│    └─Sequential (1): 2-5                         [4, 1, 536]               [4, 8, 64]                --                        --
│    │    └─Conv1d (0): 3-1                        [4, 1, 536]               [4, 8, 64]                256                       [32]
│    │    └─Dropout (1): 3-2                       [4, 8, 64]                [4, 8, 64]                --                        --
│    │    └─GroupNorm (2): 3-3                     [4, 8, 64]                [4, 8, 64]                16                        --
│    │    └─GELU (3): 3-4                          [4, 8, 64]                [4, 8, 64]                --                        --
│    └─Sequential (2): 2-6                         [4, 8, 64]                [4, 16, 32]               --                        --
│    │    └─Conv1d (0): 3-5                        [4, 8, 64]                [4, 16, 32]               256                       [2]
│    │    └─Dropout (1): 3-6                       [4, 16, 32]               [4, 16, 32]               --                        --
│    │    └─GELU (2): 3-7                          [4, 16, 32]               [4, 16, 32]               --                        --
│    └─Sequential (3): 2-7                         [4, 16, 32]               [4, 32, 16]               --                        --
│    │    └─Conv1d (0): 3-8                        [4, 16, 32]               [4, 32, 16]               1,024                     [2]
│    │    └─Dropout (1): 3-9                       [4, 32, 16]               [4, 32, 16]               --                        --
│    │    └─GELU (2): 3-10                         [4, 32, 16]               [4, 32, 16]               --                        --
│    └─Sequential (4): 2-8                         [4, 32, 16]               [4, 64, 8]                --                        --
│    │    └─Conv1d (0): 3-11                       [4, 32, 16]               [4, 64, 8]                4,096                     [2]
│    │    └─Dropout (1): 3-12                      [4, 64, 8]                [4, 64, 8]                --                        --
│    │    └─GELU (2): 3-13                         [4, 64, 8]                [4, 64, 8]                --                        --
│    └─Sequential (5): 2-9                         [4, 64, 8]                [4, 64, 4]                --                        --
│    │    └─Conv1d (0): 3-14                       [4, 64, 8]                [4, 64, 4]                8,192                     [2]
│    │    └─Dropout (1): 3-15                      [4, 64, 4]                [4, 64, 4]                --                        --
│    │    └─GELU (2): 3-16                         [4, 64, 4]                [4, 64, 4]                --                        --
│    └─Rearrange (6): 2-10                         [4, 64, 4]                [1, 16, 64]               --                        --
├─Sequential (final_layer): 1-3                    [1, 16, 64]               [1, 4]                    --                        --
│    └─Flatten (0): 2-11                           [1, 16, 64]               [1, 1024]                 --                        --
│    └─Linear (1): 2-12                            [1, 1024]                 [1, 4]                    4,100                     --
======================================================================================================================================================
Total params: 18,192
Trainable params: 18,192
Non-trainable params: 0
Total mult-adds (Units.MEGABYTES): 0.57
======================================================================================================================================================
Input size (MB): 0.13
Forward/backward pass size (MB): 0.11
Params size (MB): 0.07
Estimated Total Size (MB): 0.31
======================================================================================================================================================
[2026-04-08 22:07:12] Initializing from 16s-60 pretrained checkpoint (Hugging Face):
[2026-04-08 22:07:12]   https://huggingface.co/braindecode/SignalJEPA/resolve/main/signal-jepa_16s-60_adeuwv4s.pth
[2026-04-08 22:07:12]   Downloaded 179 keys
[2026-04-08 22:07:12] ======================================================================
[2026-04-08 22:07:12] STARTING CROSS-VALIDATION
[2026-04-08 22:07:12] ======================================================================
[2026-04-08 22:07:12] Subjects:      [48, 49, 50, 51, 52, 53, 54]
[2026-04-08 22:07:12] CV folds:      5
[2026-04-08 22:07:12] Batch size:    16
[2026-04-08 22:07:12] Max epochs:    5000
[2026-04-08 22:07:12] Device:        cpu
[2026-04-08 22:07:12] Seed control:  True
[2026-04-08 22:07:12] Base seed:     5
[2026-04-08 22:07:12] ======================================================================

[2026-04-08 22:07:12] Subject 48: 200 windows | class_counts=[50, 50, 50, 50]
[2026-04-08 22:07:12]   Fold 1 class counts: train=[32, 32, 32, 32] val=[8, 8, 8, 8] test=[10, 10, 10, 10]
[2026-04-08 22:07:12]   Fold 2 class counts: train=[32, 32, 32, 32] val=[8, 8, 8, 8] test=[10, 10, 10, 10]
[2026-04-08 22:07:12]   Fold 3 class counts: train=[32, 32, 32, 32] val=[8, 8, 8, 8] test=[10, 10, 10, 10]
[2026-04-08 22:07:12]   Fold 4 class counts: train=[32, 32, 32, 32] val=[8, 8, 8, 8] test=[10, 10, 10, 10]
[2026-04-08 22:07:12]   Fold 5 class counts: train=[32, 32, 32, 32] val=[8, 8, 8, 8] test=[10, 10, 10, 10]
[2026-04-08 22:07:12]     Train class counts: [32, 32, 32, 32]
[2026-04-08 22:07:12]     Val class counts:   [8, 8, 8, 8]
[2026-04-08 22:07:12]     Test class counts:  [10, 10, 10, 10]
[2026-04-08 22:07:12] Building model with input window duration: 4.1875 s
[2026-04-08 22:07:12] Pretrained weight loading:
[2026-04-08 22:07:12]   Downloaded keys:        179
[2026-04-08 22:07:12]   Filtered (transformer): 172
[2026-04-08 22:07:12]   Filtered (pos_encoder): 0
[2026-04-08 22:07:12]   Keys to load:           7
[2026-04-08 22:07:12]   Missing keys:           4
[2026-04-08 22:07:12]   Unexpected keys:        0
[2026-04-08 22:07:12]   Missing preview:        ['spatial_conv.1.weight', 'spatial_conv.1.bias', 'final_layer.1.weight', 'final_layer.1.bias']
[2026-04-08 22:07:12]   Unexpected preview:     []
[2026-04-08 22:07:12] Trainable modules: spatial_conv + final_layer (4,352 / 18,192 params, 23.9%)
[2026-04-08 22:07:12]   - final_layer.1.bias
[2026-04-08 22:07:12]   - final_layer.1.weight
[2026-04-08 22:07:12]   - spatial_conv.1.bias
[2026-04-08 22:07:12]   - spatial_conv.1.weight
[2026-04-08 22:07:54]   Fold 1/5 | best_epoch=1751 | stop=1801 | val_loss=0.0253 | acc=0.9750 | bal_acc=0.9750
[2026-04-08 22:07:54]     Train class counts: [32, 32, 32, 32]
[2026-04-08 22:07:54]     Val class counts:   [8, 8, 8, 8]
[2026-04-08 22:07:54]     Test class counts:  [10, 10, 10, 10]
[2026-04-08 22:07:54] Building model with input window duration: 4.1875 s
[2026-04-08 22:07:54] Pretrained weight loading:
[2026-04-08 22:07:54]   Downloaded keys:        179
[2026-04-08 22:07:54]   Filtered (transformer): 172
[2026-04-08 22:07:54]   Filtered (pos_encoder): 0
[2026-04-08 22:07:54]   Keys to load:           7
[2026-04-08 22:07:54]   Missing keys:           4
[2026-04-08 22:07:54]   Unexpected keys:        0
[2026-04-08 22:07:54]   Missing preview:        ['spatial_conv.1.weight', 'spatial_conv.1.bias', 'final_layer.1.weight', 'final_layer.1.bias']
[2026-04-08 22:07:54]   Unexpected preview:     []
[2026-04-08 22:08:49]   Fold 2/5 | best_epoch=2392 | stop=2442 | val_loss=0.0053 | acc=1.0000 | bal_acc=1.0000
[2026-04-08 22:08:49]     Train class counts: [32, 32, 32, 32]
[2026-04-08 22:08:49]     Val class counts:   [8, 8, 8, 8]
[2026-04-08 22:08:49]     Test class counts:  [10, 10, 10, 10]
[2026-04-08 22:08:49] Building model with input window duration: 4.1875 s
[2026-04-08 22:08:49] Pretrained weight loading:
[2026-04-08 22:08:49]   Downloaded keys:        179
[2026-04-08 22:08:49]   Filtered (transformer): 172
[2026-04-08 22:08:49]   Filtered (pos_encoder): 0
[2026-04-08 22:08:49]   Keys to load:           7
[2026-04-08 22:08:49]   Missing keys:           4
[2026-04-08 22:08:49]   Unexpected keys:        0
[2026-04-08 22:08:49]   Missing preview:        ['spatial_conv.1.weight', 'spatial_conv.1.bias', 'final_layer.1.weight', 'final_layer.1.bias']
[2026-04-08 22:08:49]   Unexpected preview:     []
[2026-04-08 22:09:31]   Fold 3/5 | best_epoch=1773 | stop=1823 | val_loss=0.0099 | acc=1.0000 | bal_acc=1.0000
[2026-04-08 22:09:31]     Train class counts: [32, 32, 32, 32]
[2026-04-08 22:09:31]     Val class counts:   [8, 8, 8, 8]
[2026-04-08 22:09:31]     Test class counts:  [10, 10, 10, 10]
[2026-04-08 22:09:31] Building model with input window duration: 4.1875 s
[2026-04-08 22:09:31] Pretrained weight loading:
[2026-04-08 22:09:31]   Downloaded keys:        179
[2026-04-08 22:09:31]   Filtered (transformer): 172
[2026-04-08 22:09:31]   Filtered (pos_encoder): 0
[2026-04-08 22:09:31]   Keys to load:           7
[2026-04-08 22:09:31]   Missing keys:           4
[2026-04-08 22:09:31]   Unexpected keys:        0
[2026-04-08 22:09:31]   Missing preview:        ['spatial_conv.1.weight', 'spatial_conv.1.bias', 'final_layer.1.weight', 'final_layer.1.bias']
[2026-04-08 22:09:31]   Unexpected preview:     []
[2026-04-08 22:09:54]   Fold 4/5 | best_epoch=979 | stop=1029 | val_loss=0.1192 | acc=1.0000 | bal_acc=1.0000
[2026-04-08 22:09:54]     Train class counts: [32, 32, 32, 32]
[2026-04-08 22:09:54]     Val class counts:   [8, 8, 8, 8]
[2026-04-08 22:09:54]     Test class counts:  [10, 10, 10, 10]
[2026-04-08 22:09:54] Building model with input window duration: 4.1875 s
[2026-04-08 22:09:54] Pretrained weight loading:
[2026-04-08 22:09:54]   Downloaded keys:        179
[2026-04-08 22:09:54]   Filtered (transformer): 172
[2026-04-08 22:09:54]   Filtered (pos_encoder): 0
[2026-04-08 22:09:54]   Keys to load:           7
[2026-04-08 22:09:54]   Missing keys:           4
[2026-04-08 22:09:54]   Unexpected keys:        0
[2026-04-08 22:09:54]   Missing preview:        ['spatial_conv.1.weight', 'spatial_conv.1.bias', 'final_layer.1.weight', 'final_layer.1.bias']
[2026-04-08 22:09:54]   Unexpected preview:     []
[2026-04-08 22:11:14]   Fold 5/5 | best_epoch=3461 | stop=3511 | val_loss=0.0048 | acc=1.0000 | bal_acc=1.0000
[2026-04-08 22:11:14]   Subject 48 summary: acc=0.9950±0.0100  bal_acc=0.9950±0.0100

[2026-04-08 22:11:14] Subject 49: 200 windows | class_counts=[50, 50, 50, 50]
[2026-04-08 22:11:14]   Fold 1 class counts: train=[32, 32, 32, 32] val=[8, 8, 8, 8] test=[10, 10, 10, 10]
[2026-04-08 22:11:14]   Fold 2 class counts: train=[32, 32, 32, 32] val=[8, 8, 8, 8] test=[10, 10, 10, 10]
[2026-04-08 22:11:14]   Fold 3 class counts: train=[32, 32, 32, 32] val=[8, 8, 8, 8] test=[10, 10, 10, 10]
[2026-04-08 22:11:14]   Fold 4 class counts: train=[32, 32, 32, 32] val=[8, 8, 8, 8] test=[10, 10, 10, 10]
[2026-04-08 22:11:14]   Fold 5 class counts: train=[32, 32, 32, 32] val=[8, 8, 8, 8] test=[10, 10, 10, 10]
[2026-04-08 22:11:14]     Train class counts: [32, 32, 32, 32]
[2026-04-08 22:11:14]     Val class counts:   [8, 8, 8, 8]
[2026-04-08 22:11:14]     Test class counts:  [10, 10, 10, 10]
[2026-04-08 22:11:14] Building model with input window duration: 4.1875 s
[2026-04-08 22:11:14] Pretrained weight loading:
[2026-04-08 22:11:14]   Downloaded keys:        179
[2026-04-08 22:11:14]   Filtered (transformer): 172
[2026-04-08 22:11:14]   Filtered (pos_encoder): 0
[2026-04-08 22:11:14]   Keys to load:           7
[2026-04-08 22:11:14]   Missing keys:           4
[2026-04-08 22:11:14]   Unexpected keys:        0
[2026-04-08 22:11:14]   Missing preview:        ['spatial_conv.1.weight', 'spatial_conv.1.bias', 'final_layer.1.weight', 'final_layer.1.bias']
[2026-04-08 22:11:14]   Unexpected preview:     []
[2026-04-08 22:12:06]   Fold 1/5 | best_epoch=2215 | stop=2265 | val_loss=0.0205 | acc=1.0000 | bal_acc=1.0000
[2026-04-08 22:12:06]     Train class counts: [32, 32, 32, 32]
[2026-04-08 22:12:06]     Val class counts:   [8, 8, 8, 8]
[2026-04-08 22:12:06]     Test class counts:  [10, 10, 10, 10]
[2026-04-08 22:12:06] Building model with input window duration: 4.1875 s
[2026-04-08 22:12:06] Pretrained weight loading:
[2026-04-08 22:12:06]   Downloaded keys:        179
[2026-04-08 22:12:06]   Filtered (transformer): 172
[2026-04-08 22:12:06]   Filtered (pos_encoder): 0
[2026-04-08 22:12:06]   Keys to load:           7
[2026-04-08 22:12:06]   Missing keys:           4
[2026-04-08 22:12:06]   Unexpected keys:        0
[2026-04-08 22:12:06]   Missing preview:        ['spatial_conv.1.weight', 'spatial_conv.1.bias', 'final_layer.1.weight', 'final_layer.1.bias']
[2026-04-08 22:12:06]   Unexpected preview:     []
[2026-04-08 22:12:48]   Fold 2/5 | best_epoch=1743 | stop=1793 | val_loss=0.0715 | acc=0.9250 | bal_acc=0.9250
[2026-04-08 22:12:48]     Train class counts: [32, 32, 32, 32]
[2026-04-08 22:12:48]     Val class counts:   [8, 8, 8, 8]
[2026-04-08 22:12:48]     Test class counts:  [10, 10, 10, 10]
[2026-04-08 22:12:48] Building model with input window duration: 4.1875 s
[2026-04-08 22:12:48] Pretrained weight loading:
[2026-04-08 22:12:48]   Downloaded keys:        179
[2026-04-08 22:12:48]   Filtered (transformer): 172
[2026-04-08 22:12:48]   Filtered (pos_encoder): 0
[2026-04-08 22:12:48]   Keys to load:           7
[2026-04-08 22:12:48]   Missing keys:           4
[2026-04-08 22:12:48]   Unexpected keys:        0
[2026-04-08 22:12:48]   Missing preview:        ['spatial_conv.1.weight', 'spatial_conv.1.bias', 'final_layer.1.weight', 'final_layer.1.bias']
[2026-04-08 22:12:48]   Unexpected preview:     []
[2026-04-08 22:13:35]   Fold 3/5 | best_epoch=1994 | stop=2044 | val_loss=0.0678 | acc=0.9750 | bal_acc=0.9750
[2026-04-08 22:13:35]     Train class counts: [32, 32, 32, 32]
[2026-04-08 22:13:35]     Val class counts:   [8, 8, 8, 8]
[2026-04-08 22:13:35]     Test class counts:  [10, 10, 10, 10]
[2026-04-08 22:13:35] Building model with input window duration: 4.1875 s
[2026-04-08 22:13:35] Pretrained weight loading:
[2026-04-08 22:13:35]   Downloaded keys:        179
[2026-04-08 22:13:35]   Filtered (transformer): 172
[2026-04-08 22:13:35]   Filtered (pos_encoder): 0
[2026-04-08 22:13:35]   Keys to load:           7
[2026-04-08 22:13:35]   Missing keys:           4
[2026-04-08 22:13:35]   Unexpected keys:        0
[2026-04-08 22:13:35]   Missing preview:        ['spatial_conv.1.weight', 'spatial_conv.1.bias', 'final_layer.1.weight', 'final_layer.1.bias']
[2026-04-08 22:13:35]   Unexpected preview:     []
[2026-04-08 22:14:36]   Fold 4/5 | best_epoch=2553 | stop=2603 | val_loss=0.0783 | acc=0.9500 | bal_acc=0.9500
[2026-04-08 22:14:36]     Train class counts: [32, 32, 32, 32]
[2026-04-08 22:14:36]     Val class counts:   [8, 8, 8, 8]
[2026-04-08 22:14:36]     Test class counts:  [10, 10, 10, 10]
[2026-04-08 22:14:36] Building model with input window duration: 4.1875 s
[2026-04-08 22:14:36] Pretrained weight loading:
[2026-04-08 22:14:36]   Downloaded keys:        179
[2026-04-08 22:14:36]   Filtered (transformer): 172
[2026-04-08 22:14:36]   Filtered (pos_encoder): 0
[2026-04-08 22:14:36]   Keys to load:           7
[2026-04-08 22:14:36]   Missing keys:           4
[2026-04-08 22:14:36]   Unexpected keys:        0
[2026-04-08 22:14:36]   Missing preview:        ['spatial_conv.1.weight', 'spatial_conv.1.bias', 'final_layer.1.weight', 'final_layer.1.bias']
[2026-04-08 22:14:36]   Unexpected preview:     []
[2026-04-08 22:15:57]   Fold 5/5 | best_epoch=3336 | stop=3386 | val_loss=0.0032 | acc=0.9750 | bal_acc=0.9750
[2026-04-08 22:15:57]   Subject 49 summary: acc=0.9650±0.0255  bal_acc=0.9650±0.0255

[2026-04-08 22:15:57] Subject 50: 200 windows | class_counts=[50, 50, 50, 50]
[2026-04-08 22:15:57]   Fold 1 class counts: train=[32, 32, 32, 32] val=[8, 8, 8, 8] test=[10, 10, 10, 10]
[2026-04-08 22:15:57]   Fold 2 class counts: train=[32, 32, 32, 32] val=[8, 8, 8, 8] test=[10, 10, 10, 10]
[2026-04-08 22:15:57]   Fold 3 class counts: train=[32, 32, 32, 32] val=[8, 8, 8, 8] test=[10, 10, 10, 10]
[2026-04-08 22:15:57]   Fold 4 class counts: train=[32, 32, 32, 32] val=[8, 8, 8, 8] test=[10, 10, 10, 10]
[2026-04-08 22:15:57]   Fold 5 class counts: train=[32, 32, 32, 32] val=[8, 8, 8, 8] test=[10, 10, 10, 10]
[2026-04-08 22:15:57]     Train class counts: [32, 32, 32, 32]
[2026-04-08 22:15:57]     Val class counts:   [8, 8, 8, 8]
[2026-04-08 22:15:57]     Test class counts:  [10, 10, 10, 10]
[2026-04-08 22:15:57] Building model with input window duration: 4.1875 s
[2026-04-08 22:15:57] Pretrained weight loading:
[2026-04-08 22:15:57]   Downloaded keys:        179
[2026-04-08 22:15:57]   Filtered (transformer): 172
[2026-04-08 22:15:57]   Filtered (pos_encoder): 0
[2026-04-08 22:15:57]   Keys to load:           7
[2026-04-08 22:15:57]   Missing keys:           4
[2026-04-08 22:15:57]   Unexpected keys:        0
[2026-04-08 22:15:57]   Missing preview:        ['spatial_conv.1.weight', 'spatial_conv.1.bias', 'final_layer.1.weight', 'final_layer.1.bias']
[2026-04-08 22:15:57]   Unexpected preview:     []
[2026-04-08 22:17:18]   Fold 1/5 | best_epoch=3360 | stop=3410 | val_loss=0.0007 | acc=1.0000 | bal_acc=1.0000
[2026-04-08 22:17:18]     Train class counts: [32, 32, 32, 32]
[2026-04-08 22:17:18]     Val class counts:   [8, 8, 8, 8]
[2026-04-08 22:17:18]     Test class counts:  [10, 10, 10, 10]
[2026-04-08 22:17:18] Building model with input window duration: 4.1875 s
[2026-04-08 22:17:18] Pretrained weight loading:
[2026-04-08 22:17:18]   Downloaded keys:        179
[2026-04-08 22:17:18]   Filtered (transformer): 172
[2026-04-08 22:17:18]   Filtered (pos_encoder): 0
[2026-04-08 22:17:18]   Keys to load:           7
[2026-04-08 22:17:18]   Missing keys:           4
[2026-04-08 22:17:18]   Unexpected keys:        0
[2026-04-08 22:17:18]   Missing preview:        ['spatial_conv.1.weight', 'spatial_conv.1.bias', 'final_layer.1.weight', 'final_layer.1.bias']
[2026-04-08 22:17:18]   Unexpected preview:     []
[2026-04-08 22:18:26]   Fold 2/5 | best_epoch=2877 | stop=2927 | val_loss=0.0154 | acc=1.0000 | bal_acc=1.0000
[2026-04-08 22:18:26]     Train class counts: [32, 32, 32, 32]
[2026-04-08 22:18:26]     Val class counts:   [8, 8, 8, 8]
[2026-04-08 22:18:26]     Test class counts:  [10, 10, 10, 10]
[2026-04-08 22:18:26] Building model with input window duration: 4.1875 s
[2026-04-08 22:18:26] Pretrained weight loading:
[2026-04-08 22:18:26]   Downloaded keys:        179
[2026-04-08 22:18:26]   Filtered (transformer): 172
[2026-04-08 22:18:26]   Filtered (pos_encoder): 0
[2026-04-08 22:18:26]   Keys to load:           7
[2026-04-08 22:18:26]   Missing keys:           4
[2026-04-08 22:18:26]   Unexpected keys:        0
[2026-04-08 22:18:26]   Missing preview:        ['spatial_conv.1.weight', 'spatial_conv.1.bias', 'final_layer.1.weight', 'final_layer.1.bias']
[2026-04-08 22:18:26]   Unexpected preview:     []
[2026-04-08 22:20:05]   Fold 3/5 | best_epoch=4160 | stop=4210 | val_loss=0.0004 | acc=0.9750 | bal_acc=0.9750
[2026-04-08 22:20:05]     Train class counts: [32, 32, 32, 32]
[2026-04-08 22:20:05]     Val class counts:   [8, 8, 8, 8]
[2026-04-08 22:20:05]     Test class counts:  [10, 10, 10, 10]
[2026-04-08 22:20:05] Building model with input window duration: 4.1875 s
[2026-04-08 22:20:05] Pretrained weight loading:
[2026-04-08 22:20:05]   Downloaded keys:        179
[2026-04-08 22:20:05]   Filtered (transformer): 172
[2026-04-08 22:20:05]   Filtered (pos_encoder): 0
[2026-04-08 22:20:05]   Keys to load:           7
[2026-04-08 22:20:05]   Missing keys:           4
[2026-04-08 22:20:05]   Unexpected keys:        0
[2026-04-08 22:20:05]   Missing preview:        ['spatial_conv.1.weight', 'spatial_conv.1.bias', 'final_layer.1.weight', 'final_layer.1.bias']
[2026-04-08 22:20:05]   Unexpected preview:     []
[2026-04-08 22:20:55]   Fold 4/5 | best_epoch=2097 | stop=2147 | val_loss=0.0383 | acc=0.9750 | bal_acc=0.9750
[2026-04-08 22:20:55]     Train class counts: [32, 32, 32, 32]
[2026-04-08 22:20:55]     Val class counts:   [8, 8, 8, 8]
[2026-04-08 22:20:55]     Test class counts:  [10, 10, 10, 10]
[2026-04-08 22:20:55] Building model with input window duration: 4.1875 s
[2026-04-08 22:20:55] Pretrained weight loading:
[2026-04-08 22:20:55]   Downloaded keys:        179
[2026-04-08 22:20:55]   Filtered (transformer): 172
[2026-04-08 22:20:55]   Filtered (pos_encoder): 0
[2026-04-08 22:20:55]   Keys to load:           7
[2026-04-08 22:20:55]   Missing keys:           4
[2026-04-08 22:20:55]   Unexpected keys:        0
[2026-04-08 22:20:55]   Missing preview:        ['spatial_conv.1.weight', 'spatial_conv.1.bias', 'final_layer.1.weight', 'final_layer.1.bias']
[2026-04-08 22:20:55]   Unexpected preview:     []
[2026-04-08 22:21:55]   Fold 5/5 | best_epoch=2608 | stop=2616 | val_loss=0.0174 | acc=1.0000 | bal_acc=1.0000
[2026-04-08 22:21:55]   Subject 50 summary: acc=0.9900±0.0122  bal_acc=0.9900±0.0122

[2026-04-08 22:21:55] Subject 51: 200 windows | class_counts=[50, 50, 50, 50]
[2026-04-08 22:21:55]   Fold 1 class counts: train=[32, 32, 32, 32] val=[8, 8, 8, 8] test=[10, 10, 10, 10]
[2026-04-08 22:21:55]   Fold 2 class counts: train=[32, 32, 32, 32] val=[8, 8, 8, 8] test=[10, 10, 10, 10]
[2026-04-08 22:21:55]   Fold 3 class counts: train=[32, 32, 32, 32] val=[8, 8, 8, 8] test=[10, 10, 10, 10]
[2026-04-08 22:21:55]   Fold 4 class counts: train=[32, 32, 32, 32] val=[8, 8, 8, 8] test=[10, 10, 10, 10]
[2026-04-08 22:21:55]   Fold 5 class counts: train=[32, 32, 32, 32] val=[8, 8, 8, 8] test=[10, 10, 10, 10]
[2026-04-08 22:21:55]     Train class counts: [32, 32, 32, 32]
[2026-04-08 22:21:55]     Val class counts:   [8, 8, 8, 8]
[2026-04-08 22:21:55]     Test class counts:  [10, 10, 10, 10]
[2026-04-08 22:21:55] Building model with input window duration: 4.1875 s
[2026-04-08 22:21:55] Pretrained weight loading:
[2026-04-08 22:21:55]   Downloaded keys:        179
[2026-04-08 22:21:55]   Filtered (transformer): 172
[2026-04-08 22:21:55]   Filtered (pos_encoder): 0
[2026-04-08 22:21:55]   Keys to load:           7
[2026-04-08 22:21:55]   Missing keys:           4
[2026-04-08 22:21:55]   Unexpected keys:        0
[2026-04-08 22:21:55]   Missing preview:        ['spatial_conv.1.weight', 'spatial_conv.1.bias', 'final_layer.1.weight', 'final_layer.1.bias']
[2026-04-08 22:21:55]   Unexpected preview:     []
[2026-04-08 22:22:32]   Fold 1/5 | best_epoch=1601 | stop=1602 | val_loss=0.9411 | acc=0.7000 | bal_acc=0.7000
[2026-04-08 22:22:32]     Train class counts: [32, 32, 32, 32]
[2026-04-08 22:22:32]     Val class counts:   [8, 8, 8, 8]
[2026-04-08 22:22:32]     Test class counts:  [10, 10, 10, 10]
[2026-04-08 22:22:32] Building model with input window duration: 4.1875 s
[2026-04-08 22:22:32] Pretrained weight loading:
[2026-04-08 22:22:32]   Downloaded keys:        179
[2026-04-08 22:22:32]   Filtered (transformer): 172
[2026-04-08 22:22:32]   Filtered (pos_encoder): 0
[2026-04-08 22:22:32]   Keys to load:           7
[2026-04-08 22:22:32]   Missing keys:           4
[2026-04-08 22:22:32]   Unexpected keys:        0
[2026-04-08 22:22:32]   Missing preview:        ['spatial_conv.1.weight', 'spatial_conv.1.bias', 'final_layer.1.weight', 'final_layer.1.bias']
[2026-04-08 22:22:32]   Unexpected preview:     []
[2026-04-08 22:22:50]   Fold 2/5 | best_epoch=713 | stop=763 | val_loss=1.0703 | acc=0.6500 | bal_acc=0.6500
[2026-04-08 22:22:50]     Train class counts: [32, 32, 32, 32]
[2026-04-08 22:22:50]     Val class counts:   [8, 8, 8, 8]
[2026-04-08 22:22:50]     Test class counts:  [10, 10, 10, 10]
[2026-04-08 22:22:50] Building model with input window duration: 4.1875 s
[2026-04-08 22:22:50] Pretrained weight loading:
[2026-04-08 22:22:50]   Downloaded keys:        179
[2026-04-08 22:22:50]   Filtered (transformer): 172
[2026-04-08 22:22:50]   Filtered (pos_encoder): 0
[2026-04-08 22:22:50]   Keys to load:           7
[2026-04-08 22:22:50]   Missing keys:           4
[2026-04-08 22:22:50]   Unexpected keys:        0
[2026-04-08 22:22:50]   Missing preview:        ['spatial_conv.1.weight', 'spatial_conv.1.bias', 'final_layer.1.weight', 'final_layer.1.bias']
[2026-04-08 22:22:50]   Unexpected preview:     []
[2026-04-08 22:23:15]   Fold 3/5 | best_epoch=978 | stop=1028 | val_loss=0.8055 | acc=0.7000 | bal_acc=0.7000
[2026-04-08 22:23:15]     Train class counts: [32, 32, 32, 32]
[2026-04-08 22:23:15]     Val class counts:   [8, 8, 8, 8]
[2026-04-08 22:23:15]     Test class counts:  [10, 10, 10, 10]
[2026-04-08 22:23:15] Building model with input window duration: 4.1875 s
[2026-04-08 22:23:15] Pretrained weight loading:
[2026-04-08 22:23:15]   Downloaded keys:        179
[2026-04-08 22:23:15]   Filtered (transformer): 172
[2026-04-08 22:23:15]   Filtered (pos_encoder): 0
[2026-04-08 22:23:15]   Keys to load:           7
[2026-04-08 22:23:15]   Missing keys:           4
[2026-04-08 22:23:15]   Unexpected keys:        0
[2026-04-08 22:23:15]   Missing preview:        ['spatial_conv.1.weight', 'spatial_conv.1.bias', 'final_layer.1.weight', 'final_layer.1.bias']
[2026-04-08 22:23:15]   Unexpected preview:     []
[2026-04-08 22:23:45]   Fold 4/5 | best_epoch=1192 | stop=1242 | val_loss=0.6889 | acc=0.7000 | bal_acc=0.7000
[2026-04-08 22:23:45]     Train class counts: [32, 32, 32, 32]
[2026-04-08 22:23:45]     Val class counts:   [8, 8, 8, 8]
[2026-04-08 22:23:45]     Test class counts:  [10, 10, 10, 10]
[2026-04-08 22:23:45] Building model with input window duration: 4.1875 s
[2026-04-08 22:23:45] Pretrained weight loading:
[2026-04-08 22:23:45]   Downloaded keys:        179
[2026-04-08 22:23:45]   Filtered (transformer): 172
[2026-04-08 22:23:45]   Filtered (pos_encoder): 0
[2026-04-08 22:23:45]   Keys to load:           7
[2026-04-08 22:23:45]   Missing keys:           4
[2026-04-08 22:23:45]   Unexpected keys:        0
[2026-04-08 22:23:45]   Missing preview:        ['spatial_conv.1.weight', 'spatial_conv.1.bias', 'final_layer.1.weight', 'final_layer.1.bias']
[2026-04-08 22:23:45]   Unexpected preview:     []
[2026-04-08 22:23:46]   Fold 5/5 | best_epoch=1 | stop=51 | val_loss=1.3860 | acc=0.2750 | bal_acc=0.2750
[2026-04-08 22:23:46]   Subject 51 summary: acc=0.6050±0.1661  bal_acc=0.6050±0.1661

[2026-04-08 22:23:46] Subject 52: 200 windows | class_counts=[50, 50, 50, 50]
[2026-04-08 22:23:46]   Fold 1 class counts: train=[32, 32, 32, 32] val=[8, 8, 8, 8] test=[10, 10, 10, 10]
[2026-04-08 22:23:46]   Fold 2 class counts: train=[32, 32, 32, 32] val=[8, 8, 8, 8] test=[10, 10, 10, 10]
[2026-04-08 22:23:46]   Fold 3 class counts: train=[32, 32, 32, 32] val=[8, 8, 8, 8] test=[10, 10, 10, 10]
[2026-04-08 22:23:46]   Fold 4 class counts: train=[32, 32, 32, 32] val=[8, 8, 8, 8] test=[10, 10, 10, 10]
[2026-04-08 22:23:46]   Fold 5 class counts: train=[32, 32, 32, 32] val=[8, 8, 8, 8] test=[10, 10, 10, 10]
[2026-04-08 22:23:46]     Train class counts: [32, 32, 32, 32]
[2026-04-08 22:23:46]     Val class counts:   [8, 8, 8, 8]
[2026-04-08 22:23:46]     Test class counts:  [10, 10, 10, 10]
[2026-04-08 22:23:46] Building model with input window duration: 4.1875 s
[2026-04-08 22:23:46] Pretrained weight loading:
[2026-04-08 22:23:46]   Downloaded keys:        179
[2026-04-08 22:23:46]   Filtered (transformer): 172
[2026-04-08 22:23:46]   Filtered (pos_encoder): 0
[2026-04-08 22:23:46]   Keys to load:           7
[2026-04-08 22:23:46]   Missing keys:           4
[2026-04-08 22:23:46]   Unexpected keys:        0
[2026-04-08 22:23:46]   Missing preview:        ['spatial_conv.1.weight', 'spatial_conv.1.bias', 'final_layer.1.weight', 'final_layer.1.bias']
[2026-04-08 22:23:46]   Unexpected preview:     []
[2026-04-08 22:24:23]   Fold 1/5 | best_epoch=1560 | stop=1610 | val_loss=0.1141 | acc=1.0000 | bal_acc=1.0000
[2026-04-08 22:24:23]     Train class counts: [32, 32, 32, 32]
[2026-04-08 22:24:23]     Val class counts:   [8, 8, 8, 8]
[2026-04-08 22:24:23]     Test class counts:  [10, 10, 10, 10]
[2026-04-08 22:24:23] Building model with input window duration: 4.1875 s
[2026-04-08 22:24:23] Pretrained weight loading:
[2026-04-08 22:24:23]   Downloaded keys:        179
[2026-04-08 22:24:23]   Filtered (transformer): 172
[2026-04-08 22:24:23]   Filtered (pos_encoder): 0
[2026-04-08 22:24:23]   Keys to load:           7
[2026-04-08 22:24:23]   Missing keys:           4
[2026-04-08 22:24:23]   Unexpected keys:        0
[2026-04-08 22:24:23]   Missing preview:        ['spatial_conv.1.weight', 'spatial_conv.1.bias', 'final_layer.1.weight', 'final_layer.1.bias']
[2026-04-08 22:24:23]   Unexpected preview:     []
[2026-04-08 22:25:16]   Fold 2/5 | best_epoch=2205 | stop=2255 | val_loss=0.0484 | acc=0.9500 | bal_acc=0.9500
[2026-04-08 22:25:16]     Train class counts: [32, 32, 32, 32]
[2026-04-08 22:25:16]     Val class counts:   [8, 8, 8, 8]
[2026-04-08 22:25:16]     Test class counts:  [10, 10, 10, 10]
[2026-04-08 22:25:16] Building model with input window duration: 4.1875 s
[2026-04-08 22:25:16] Pretrained weight loading:
[2026-04-08 22:25:16]   Downloaded keys:        179
[2026-04-08 22:25:16]   Filtered (transformer): 172
[2026-04-08 22:25:16]   Filtered (pos_encoder): 0
[2026-04-08 22:25:16]   Keys to load:           7
[2026-04-08 22:25:16]   Missing keys:           4
[2026-04-08 22:25:16]   Unexpected keys:        0
[2026-04-08 22:25:16]   Missing preview:        ['spatial_conv.1.weight', 'spatial_conv.1.bias', 'final_layer.1.weight', 'final_layer.1.bias']
[2026-04-08 22:25:16]   Unexpected preview:     []
[2026-04-08 22:26:01]   Fold 3/5 | best_epoch=1906 | stop=1956 | val_loss=0.0735 | acc=0.9750 | bal_acc=0.9750
[2026-04-08 22:26:01]     Train class counts: [32, 32, 32, 32]
[2026-04-08 22:26:01]     Val class counts:   [8, 8, 8, 8]
[2026-04-08 22:26:01]     Test class counts:  [10, 10, 10, 10]
[2026-04-08 22:26:01] Building model with input window duration: 4.1875 s
[2026-04-08 22:26:01] Pretrained weight loading:
[2026-04-08 22:26:01]   Downloaded keys:        179
[2026-04-08 22:26:01]   Filtered (transformer): 172
[2026-04-08 22:26:01]   Filtered (pos_encoder): 0
[2026-04-08 22:26:01]   Keys to load:           7
[2026-04-08 22:26:01]   Missing keys:           4
[2026-04-08 22:26:01]   Unexpected keys:        0
[2026-04-08 22:26:01]   Missing preview:        ['spatial_conv.1.weight', 'spatial_conv.1.bias', 'final_layer.1.weight', 'final_layer.1.bias']
[2026-04-08 22:26:01]   Unexpected preview:     []
[2026-04-08 22:26:37]   Fold 4/5 | best_epoch=1494 | stop=1544 | val_loss=0.1740 | acc=0.9750 | bal_acc=0.9750
[2026-04-08 22:26:37]     Train class counts: [32, 32, 32, 32]
[2026-04-08 22:26:37]     Val class counts:   [8, 8, 8, 8]
[2026-04-08 22:26:37]     Test class counts:  [10, 10, 10, 10]
[2026-04-08 22:26:37] Building model with input window duration: 4.1875 s
[2026-04-08 22:26:37] Pretrained weight loading:
[2026-04-08 22:26:37]   Downloaded keys:        179
[2026-04-08 22:26:37]   Filtered (transformer): 172
[2026-04-08 22:26:37]   Filtered (pos_encoder): 0
[2026-04-08 22:26:37]   Keys to load:           7
[2026-04-08 22:26:37]   Missing keys:           4
[2026-04-08 22:26:37]   Unexpected keys:        0
[2026-04-08 22:26:37]   Missing preview:        ['spatial_conv.1.weight', 'spatial_conv.1.bias', 'final_layer.1.weight', 'final_layer.1.bias']
[2026-04-08 22:26:37]   Unexpected preview:     []
[2026-04-08 22:27:21]   Fold 5/5 | best_epoch=1847 | stop=1897 | val_loss=0.0373 | acc=0.9750 | bal_acc=0.9750
[2026-04-08 22:27:21]   Subject 52 summary: acc=0.9750±0.0158  bal_acc=0.9750±0.0158

[2026-04-08 22:27:21] Subject 53: 200 windows | class_counts=[50, 50, 50, 50]
[2026-04-08 22:27:21]   Fold 1 class counts: train=[32, 32, 32, 32] val=[8, 8, 8, 8] test=[10, 10, 10, 10]
[2026-04-08 22:27:21]   Fold 2 class counts: train=[32, 32, 32, 32] val=[8, 8, 8, 8] test=[10, 10, 10, 10]
[2026-04-08 22:27:21]   Fold 3 class counts: train=[32, 32, 32, 32] val=[8, 8, 8, 8] test=[10, 10, 10, 10]
[2026-04-08 22:27:21]   Fold 4 class counts: train=[32, 32, 32, 32] val=[8, 8, 8, 8] test=[10, 10, 10, 10]
[2026-04-08 22:27:21]   Fold 5 class counts: train=[32, 32, 32, 32] val=[8, 8, 8, 8] test=[10, 10, 10, 10]
[2026-04-08 22:27:21]     Train class counts: [32, 32, 32, 32]
[2026-04-08 22:27:21]     Val class counts:   [8, 8, 8, 8]
[2026-04-08 22:27:21]     Test class counts:  [10, 10, 10, 10]
[2026-04-08 22:27:21] Building model with input window duration: 4.1875 s
[2026-04-08 22:27:21] Pretrained weight loading:
[2026-04-08 22:27:21]   Downloaded keys:        179
[2026-04-08 22:27:21]   Filtered (transformer): 172
[2026-04-08 22:27:21]   Filtered (pos_encoder): 0
[2026-04-08 22:27:21]   Keys to load:           7
[2026-04-08 22:27:21]   Missing keys:           4
[2026-04-08 22:27:21]   Unexpected keys:        0
[2026-04-08 22:27:21]   Missing preview:        ['spatial_conv.1.weight', 'spatial_conv.1.bias', 'final_layer.1.weight', 'final_layer.1.bias']
[2026-04-08 22:27:21]   Unexpected preview:     []
[2026-04-08 22:28:50]   Fold 1/5 | best_epoch=3694 | stop=3744 | val_loss=0.0057 | acc=1.0000 | bal_acc=1.0000
[2026-04-08 22:28:50]     Train class counts: [32, 32, 32, 32]
[2026-04-08 22:28:50]     Val class counts:   [8, 8, 8, 8]
[2026-04-08 22:28:50]     Test class counts:  [10, 10, 10, 10]
[2026-04-08 22:28:50] Building model with input window duration: 4.1875 s
[2026-04-08 22:28:50] Pretrained weight loading:
[2026-04-08 22:28:50]   Downloaded keys:        179
[2026-04-08 22:28:50]   Filtered (transformer): 172
[2026-04-08 22:28:50]   Filtered (pos_encoder): 0
[2026-04-08 22:28:50]   Keys to load:           7
[2026-04-08 22:28:50]   Missing keys:           4
[2026-04-08 22:28:50]   Unexpected keys:        0
[2026-04-08 22:28:50]   Missing preview:        ['spatial_conv.1.weight', 'spatial_conv.1.bias', 'final_layer.1.weight', 'final_layer.1.bias']
[2026-04-08 22:28:50]   Unexpected preview:     []
[2026-04-08 22:30:22]   Fold 2/5 | best_epoch=3812 | stop=3862 | val_loss=0.0006 | acc=1.0000 | bal_acc=1.0000
[2026-04-08 22:30:22]     Train class counts: [32, 32, 32, 32]
[2026-04-08 22:30:22]     Val class counts:   [8, 8, 8, 8]
[2026-04-08 22:30:22]     Test class counts:  [10, 10, 10, 10]
[2026-04-08 22:30:22] Building model with input window duration: 4.1875 s
[2026-04-08 22:30:22] Pretrained weight loading:
[2026-04-08 22:30:22]   Downloaded keys:        179
[2026-04-08 22:30:22]   Filtered (transformer): 172
[2026-04-08 22:30:22]   Filtered (pos_encoder): 0
[2026-04-08 22:30:22]   Keys to load:           7
[2026-04-08 22:30:22]   Missing keys:           4
[2026-04-08 22:30:22]   Unexpected keys:        0
[2026-04-08 22:30:22]   Missing preview:        ['spatial_conv.1.weight', 'spatial_conv.1.bias', 'final_layer.1.weight', 'final_layer.1.bias']
[2026-04-08 22:30:22]   Unexpected preview:     []
[2026-04-08 22:31:59]   Fold 3/5 | best_epoch=4001 | stop=4051 | val_loss=0.0001 | acc=1.0000 | bal_acc=1.0000
[2026-04-08 22:31:59]     Train class counts: [32, 32, 32, 32]
[2026-04-08 22:31:59]     Val class counts:   [8, 8, 8, 8]
[2026-04-08 22:31:59]     Test class counts:  [10, 10, 10, 10]
[2026-04-08 22:31:59] Building model with input window duration: 4.1875 s
[2026-04-08 22:31:59] Pretrained weight loading:
[2026-04-08 22:31:59]   Downloaded keys:        179
[2026-04-08 22:31:59]   Filtered (transformer): 172
[2026-04-08 22:31:59]   Filtered (pos_encoder): 0
[2026-04-08 22:31:59]   Keys to load:           7
[2026-04-08 22:31:59]   Missing keys:           4
[2026-04-08 22:31:59]   Unexpected keys:        0
[2026-04-08 22:31:59]   Missing preview:        ['spatial_conv.1.weight', 'spatial_conv.1.bias', 'final_layer.1.weight', 'final_layer.1.bias']
[2026-04-08 22:31:59]   Unexpected preview:     []
[2026-04-08 22:33:43]   Fold 4/5 | best_epoch=4343 | stop=4393 | val_loss=0.0003 | acc=1.0000 | bal_acc=1.0000
[2026-04-08 22:33:43]     Train class counts: [32, 32, 32, 32]
[2026-04-08 22:33:43]     Val class counts:   [8, 8, 8, 8]
[2026-04-08 22:33:43]     Test class counts:  [10, 10, 10, 10]
[2026-04-08 22:33:43] Building model with input window duration: 4.1875 s
[2026-04-08 22:33:43] Pretrained weight loading:
[2026-04-08 22:33:43]   Downloaded keys:        179
[2026-04-08 22:33:43]   Filtered (transformer): 172
[2026-04-08 22:33:43]   Filtered (pos_encoder): 0
[2026-04-08 22:33:43]   Keys to load:           7
[2026-04-08 22:33:43]   Missing keys:           4
[2026-04-08 22:33:43]   Unexpected keys:        0
[2026-04-08 22:33:43]   Missing preview:        ['spatial_conv.1.weight', 'spatial_conv.1.bias', 'final_layer.1.weight', 'final_layer.1.bias']
[2026-04-08 22:33:43]   Unexpected preview:     []
[2026-04-08 22:34:40]   Fold 5/5 | best_epoch=2396 | stop=2446 | val_loss=0.0097 | acc=1.0000 | bal_acc=1.0000
[2026-04-08 22:34:40]   Subject 53 summary: acc=1.0000±0.0000  bal_acc=1.0000±0.0000

[2026-04-08 22:34:40] Subject 54: 200 windows | class_counts=[50, 50, 50, 50]
[2026-04-08 22:34:40]   Fold 1 class counts: train=[32, 32, 32, 32] val=[8, 8, 8, 8] test=[10, 10, 10, 10]
[2026-04-08 22:34:40]   Fold 2 class counts: train=[32, 32, 32, 32] val=[8, 8, 8, 8] test=[10, 10, 10, 10]
[2026-04-08 22:34:40]   Fold 3 class counts: train=[32, 32, 32, 32] val=[8, 8, 8, 8] test=[10, 10, 10, 10]
[2026-04-08 22:34:40]   Fold 4 class counts: train=[32, 32, 32, 32] val=[8, 8, 8, 8] test=[10, 10, 10, 10]
[2026-04-08 22:34:40]   Fold 5 class counts: train=[32, 32, 32, 32] val=[8, 8, 8, 8] test=[10, 10, 10, 10]
[2026-04-08 22:34:40]     Train class counts: [32, 32, 32, 32]
[2026-04-08 22:34:40]     Val class counts:   [8, 8, 8, 8]
[2026-04-08 22:34:40]     Test class counts:  [10, 10, 10, 10]
[2026-04-08 22:34:40] Building model with input window duration: 4.1875 s
[2026-04-08 22:34:40] Pretrained weight loading:
[2026-04-08 22:34:40]   Downloaded keys:        179
[2026-04-08 22:34:40]   Filtered (transformer): 172
[2026-04-08 22:34:40]   Filtered (pos_encoder): 0
[2026-04-08 22:34:40]   Keys to load:           7
[2026-04-08 22:34:40]   Missing keys:           4
[2026-04-08 22:34:40]   Unexpected keys:        0
[2026-04-08 22:34:40]   Missing preview:        ['spatial_conv.1.weight', 'spatial_conv.1.bias', 'final_layer.1.weight', 'final_layer.1.bias']
[2026-04-08 22:34:40]   Unexpected preview:     []
[2026-04-08 22:35:19]   Fold 1/5 | best_epoch=1599 | stop=1649 | val_loss=0.4548 | acc=0.8750 | bal_acc=0.8750
[2026-04-08 22:35:19]     Train class counts: [32, 32, 32, 32]
[2026-04-08 22:35:19]     Val class counts:   [8, 8, 8, 8]
[2026-04-08 22:35:19]     Test class counts:  [10, 10, 10, 10]
[2026-04-08 22:35:19] Building model with input window duration: 4.1875 s
[2026-04-08 22:35:19] Pretrained weight loading:
[2026-04-08 22:35:19]   Downloaded keys:        179
[2026-04-08 22:35:19]   Filtered (transformer): 172
[2026-04-08 22:35:19]   Filtered (pos_encoder): 0
[2026-04-08 22:35:19]   Keys to load:           7
[2026-04-08 22:35:19]   Missing keys:           4
[2026-04-08 22:35:19]   Unexpected keys:        0
[2026-04-08 22:35:19]   Missing preview:        ['spatial_conv.1.weight', 'spatial_conv.1.bias', 'final_layer.1.weight', 'final_layer.1.bias']
[2026-04-08 22:35:19]   Unexpected preview:     []
[2026-04-08 22:35:53]   Fold 2/5 | best_epoch=1392 | stop=1442 | val_loss=0.5176 | acc=0.8750 | bal_acc=0.8750
[2026-04-08 22:35:53]     Train class counts: [32, 32, 32, 32]
[2026-04-08 22:35:53]     Val class counts:   [8, 8, 8, 8]
[2026-04-08 22:35:53]     Test class counts:  [10, 10, 10, 10]
[2026-04-08 22:35:53] Building model with input window duration: 4.1875 s
[2026-04-08 22:35:53] Pretrained weight loading:
[2026-04-08 22:35:53]   Downloaded keys:        179
[2026-04-08 22:35:53]   Filtered (transformer): 172
[2026-04-08 22:35:53]   Filtered (pos_encoder): 0
[2026-04-08 22:35:53]   Keys to load:           7
[2026-04-08 22:35:53]   Missing keys:           4
[2026-04-08 22:35:53]   Unexpected keys:        0
[2026-04-08 22:35:53]   Missing preview:        ['spatial_conv.1.weight', 'spatial_conv.1.bias', 'final_layer.1.weight', 'final_layer.1.bias']
[2026-04-08 22:35:53]   Unexpected preview:     []
[2026-04-08 22:36:25]   Fold 3/5 | best_epoch=1324 | stop=1374 | val_loss=0.5851 | acc=0.9000 | bal_acc=0.9000
[2026-04-08 22:36:25]     Train class counts: [32, 32, 32, 32]
[2026-04-08 22:36:25]     Val class counts:   [8, 8, 8, 8]
[2026-04-08 22:36:25]     Test class counts:  [10, 10, 10, 10]
[2026-04-08 22:36:25] Building model with input window duration: 4.1875 s
[2026-04-08 22:36:25] Pretrained weight loading:
[2026-04-08 22:36:25]   Downloaded keys:        179
[2026-04-08 22:36:25]   Filtered (transformer): 172
[2026-04-08 22:36:25]   Filtered (pos_encoder): 0
[2026-04-08 22:36:25]   Keys to load:           7
[2026-04-08 22:36:25]   Missing keys:           4
[2026-04-08 22:36:25]   Unexpected keys:        0
[2026-04-08 22:36:25]   Missing preview:        ['spatial_conv.1.weight', 'spatial_conv.1.bias', 'final_layer.1.weight', 'final_layer.1.bias']
[2026-04-08 22:36:25]   Unexpected preview:     []
[2026-04-08 22:37:16]   Fold 4/5 | best_epoch=2169 | stop=2171 | val_loss=0.4169 | acc=0.8250 | bal_acc=0.8250
[2026-04-08 22:37:16]     Train class counts: [32, 32, 32, 32]
[2026-04-08 22:37:16]     Val class counts:   [8, 8, 8, 8]
[2026-04-08 22:37:16]     Test class counts:  [10, 10, 10, 10]
[2026-04-08 22:37:16] Building model with input window duration: 4.1875 s
[2026-04-08 22:37:16] Pretrained weight loading:
[2026-04-08 22:37:16]   Downloaded keys:        179
[2026-04-08 22:37:16]   Filtered (transformer): 172
[2026-04-08 22:37:16]   Filtered (pos_encoder): 0
[2026-04-08 22:37:16]   Keys to load:           7
[2026-04-08 22:37:16]   Missing keys:           4
[2026-04-08 22:37:16]   Unexpected keys:        0
[2026-04-08 22:37:16]   Missing preview:        ['spatial_conv.1.weight', 'spatial_conv.1.bias', 'final_layer.1.weight', 'final_layer.1.bias']
[2026-04-08 22:37:16]   Unexpected preview:     []
[2026-04-08 22:38:00]   Fold 5/5 | best_epoch=1865 | stop=1915 | val_loss=0.4317 | acc=0.7500 | bal_acc=0.7500
[2026-04-08 22:38:00]   Subject 54 summary: acc=0.8450±0.0534  bal_acc=0.8450±0.0534

[2026-04-08 22:38:00] Total folds completed: 35
[2026-04-08 22:38:00] ======================================================================
[2026-04-08 22:38:00] AGGREGATED RESULTS
[2026-04-08 22:38:00] ======================================================================
[2026-04-08 22:38:00]   Subject 48:  acc=0.9950±0.0100  bal_acc=0.9950±0.0100
[2026-04-08 22:38:00]   Subject 49:  acc=0.9650±0.0255  bal_acc=0.9650±0.0255
[2026-04-08 22:38:00]   Subject 50:  acc=0.9900±0.0122  bal_acc=0.9900±0.0122
[2026-04-08 22:38:00]   Subject 51:  acc=0.6050±0.1661  bal_acc=0.6050±0.1661
[2026-04-08 22:38:00]   Subject 52:  acc=0.9750±0.0158  bal_acc=0.9750±0.0158
[2026-04-08 22:38:00]   Subject 53:  acc=1.0000±0.0000  bal_acc=1.0000±0.0000
[2026-04-08 22:38:00]   Subject 54:  acc=0.8450±0.0534  bal_acc=0.8450±0.0534
[2026-04-08 22:38:00] ----------------------------------------------------------------------
[2026-04-08 22:38:00]   OVERALL:      acc=0.9107±0.1502  bal_acc=0.9107±0.1502
[2026-04-08 22:38:00] ======================================================================
[2026-04-08 22:38:00] CV results saved to:      /home/vegorov/Repos/eeg_jepa_research/artifacts/lee-2019-fine-tuning/SSVEP/20260408_2205_3e41fbb1/cv_results.json
[2026-04-08 22:38:00] Subject metrics saved to: /home/vegorov/Repos/eeg_jepa_research/artifacts/lee-2019-fine-tuning/SSVEP/20260408_2205_3e41fbb1/subject_metrics.json
[2026-04-08 22:38:00] Global metrics saved to:  /home/vegorov/Repos/eeg_jepa_research/artifacts/lee-2019-fine-tuning/SSVEP/20260408_2205_3e41fbb1/global_metrics.json
[2026-04-08 22:38:00] Run metadata saved to:    /home/vegorov/Repos/eeg_jepa_research/artifacts/lee-2019-fine-tuning/SSVEP/20260408_2205_3e41fbb1/run_metadata.json

[2026-04-08 22:38:00] All artifacts in: /home/vegorov/Repos/eeg_jepa_research/artifacts/lee-2019-fine-tuning/SSVEP/20260408_2205_3e41fbb1

[2026-04-08 22:38:00] ======================================================================
[2026-04-08 22:38:00] EXPERIMENT SUMMARY
[2026-04-08 22:38:00] ======================================================================
[2026-04-08 22:38:00] Run ID:    20260408_2205_3e41fbb1
[2026-04-08 22:38:00] Artifacts: /home/vegorov/Repos/eeg_jepa_research/artifacts/lee-2019-fine-tuning/SSVEP/20260408_2205_3e41fbb1

[2026-04-08 22:38:00] Configuration:
[2026-04-08 22:38:00]   Subjects:          [48, 49, 50, 51, 52, 53, 54]
[2026-04-08 22:38:00]   Bandpass:          0.5-40.0 Hz
[2026-04-08 22:38:00]   Resample:          128 Hz
[2026-04-08 22:38:00]   CV folds:          5
[2026-04-08 22:38:00]   Learning rate:     0.0003
[2026-04-08 22:38:00]   Batch size:        16
[2026-04-08 22:38:00]   Max epochs:        5000

[2026-04-08 22:38:00] Results:
[2026-04-08 22:38:00]   Mean Accuracy:          0.9107 ± 0.1502
[2026-04-08 22:38:00]   Mean Balanced Accuracy: 0.9107 ± 0.1502
