[2026-04-08 22:38:04] Using device: cpu
[2026-04-08 22:38:04] Seed control enabled: True
[2026-04-08 22:38:04] Base seed: 5
[2026-04-08 22:38:05] Seed initialized: 5
[2026-04-08 22:38:05] ======================================================================
[2026-04-08 22:38:05] CONFIGURATION
[2026-04-08 22:38:05] ======================================================================
[2026-04-08 22:38:05]   artifact_dir: /home/vegorov/Repos/eeg_jepa_research/artifacts/lee-2019-fine-tuning
[2026-04-08 22:38:05]   bandpass_high: 40.0
[2026-04-08 22:38:05]   bandpass_low: 0.5
[2026-04-08 22:38:05]   batch_size: 32
[2026-04-08 22:38:05]   convert_to_uV: True
[2026-04-08 22:38:05]   criterion: None
[2026-04-08 22:38:05]   cv_folds: 5
[2026-04-08 22:38:05]   device: auto
[2026-04-08 22:38:05]   early_stopping_patience: 50
[2026-04-08 22:38:05]   learning_rate: 0.0003
[2026-04-08 22:38:05]   n_epochs: 5000
[2026-04-08 22:38:05]   normalization_method: None
[2026-04-08 22:38:05]   normalize: False
[2026-04-08 22:38:05]   optimizer: Adam
[2026-04-08 22:38:05]   paradigm: SSVEP
[2026-04-08 22:38:05]   pretrained_url: https://huggingface.co/braindecode/SignalJEPA/resolve/main/signal-jepa_16s-60_adeuwv4s.pth
[2026-04-08 22:38:05]   seed: 5
[2026-04-08 22:38:05]   set_eeg_reference: True
[2026-04-08 22:38:05]   set_seed: True
[2026-04-08 22:38:05]   sfreq: 128
[2026-04-08 22:38:05]   subjects_to_use: None
[2026-04-08 22:38:05]   val_split: 0.2
[2026-04-08 22:38:05] ======================================================================
[2026-04-08 22:38:05] Config saved to: /home/vegorov/Repos/eeg_jepa_research/artifacts/lee-2019-fine-tuning/SSVEP/20260408_2238_d564163a/config.json
[2026-04-08 22:38:05] Epoch window configuration:
[2026-04-08 22:38:05]   Target sfreq:                128 Hz
[2026-04-08 22:38:05]   Target duration:             4.190000 s
[2026-04-08 22:38:05]   Window samples (rounded):    536
[2026-04-08 22:38:05]   Base trial samples (4.0 s):  512
[2026-04-08 22:38:05]   Trial stop offset samples:   24
[2026-04-08 22:38:05]   Effective window duration:   4.187500 s
[2026-04-08 22:38:05] Dataset code: Lee2019-SSVEP
[2026-04-08 22:38:05] Subjects Total: 54
[2026-04-08 22:38:05] Events: {'12.0': 1, '8.57': 2, '6.67': 3, '5.45': 4}
[2026-04-08 22:38:05] Interval: [0.0, 4.0]
[2026-04-08 22:38:05] Paradigm: ssvep
[2026-04-08 22:38:05] Selected subjects: [48, 49, 50, 51, 52, 53, 54]
[2026-04-08 22:38:05] Expected evaluation folds: 35

[2026-04-08 22:38:05] Building MOABBDataset for Lee2019_SSVEP...
[2026-04-08 22:39:07] MOABBDataset recordings loaded: 14
[2026-04-08 22:39:07] Discovered annotation descriptions (first recording): [np.str_('12.0'), np.str_('5.45'), np.str_('6.67'), np.str_('8.57')]
[2026-04-08 22:39:07] Dataset event_id mapping: {'12.0': 1, '8.57': 2, '6.67': 3, '5.45': 4}
[2026-04-08 22:39:07] Label map (event_code -> class_index): {1: 0, 2: 1, 3: 2, 4: 3}
[2026-04-08 22:39:07] Applying Braindecode preprocessors to MOABBDataset...
[2026-04-08 22:39:49] Preprocessing complete.

[2026-04-08 22:39:49] Post-preprocessing validation
[2026-04-08 22:39:49]   Recordings in DATASET: 14
[2026-04-08 22:39:49]   Unique subject IDs:    ['48', '49', '50', '51', '52', '53', '54']
[2026-04-08 22:39:49]   sfreq (first rec):     128.0 Hz
[2026-04-08 22:39:49]   EEG channel count:     62
[2026-04-08 22:39:49]   First 10 channels:     ['Fp1', 'Fp2', 'F7', 'F3', 'Fz', 'F4', 'F8', 'FC5', 'FC1', 'FC2']
[2026-04-08 22:39:49] Channel consistency summary:
[2026-04-08 22:39:49]   Checked runs: 14
[2026-04-08 22:39:49]   Unique channel counts: [62]
[2026-04-08 22:39:49]   Channel order consistent: True
[2026-04-08 22:39:49] Validated EEG channels: 62
[2026-04-08 22:39:49] First 10 EEG channels: ['Fp1', 'Fp2', 'F7', 'F3', 'Fz', 'F4', 'F8', 'FC5', 'FC1', 'FC2']
[2026-04-08 22:39:49] raw mean_abs=6.260925e+00
[2026-04-08 22:39:49] raw std=1.367558e+01
[2026-04-08 22:39:49] raw first5 channel std= [25.7487628  33.90435699 12.52572271  7.29424492  6.6773028 ]
[2026-04-08 22:39:49] Requested window samples: 536
[2026-04-08 22:39:49] Base trial samples:       512
[2026-04-08 22:39:49] Stop offset samples:      24
[2026-04-08 22:39:49] Global class counts: [350, 350, 350, 350]
[2026-04-08 22:39:49] Chance level (4-class): 0.25
[2026-04-08 22:39:49] One window shape: (62, 536)
[2026-04-08 22:39:49] One window label: 2
[2026-04-08 22:39:49] Window sample length expected=536, got=536
[2026-04-08 22:39:49] Subjects in window split: [48, 49, 50, 51, 52, 53, 54]
[2026-04-08 22:39:49] Summarizing per-subject windows...
[2026-04-08 22:39:49]   Subject 48: n_windows=200, window_shape=(62, 536), class_counts=[50, 50, 50, 50]
[2026-04-08 22:39:49]   Subject 49: n_windows=200, window_shape=(62, 536), class_counts=[50, 50, 50, 50]
[2026-04-08 22:39:49]   Subject 50: n_windows=200, window_shape=(62, 536), class_counts=[50, 50, 50, 50]
[2026-04-08 22:39:49]   Subject 51: n_windows=200, window_shape=(62, 536), class_counts=[50, 50, 50, 50]
[2026-04-08 22:39:49]   Subject 52: n_windows=200, window_shape=(62, 536), class_counts=[50, 50, 50, 50]
[2026-04-08 22:39:49]   Subject 53: n_windows=200, window_shape=(62, 536), class_counts=[50, 50, 50, 50]
[2026-04-08 22:39:49]   Subject 54: n_windows=200, window_shape=(62, 536), class_counts=[50, 50, 50, 50]
[2026-04-08 22:39:49]    subject_id  n_windows  n_channels  n_times      class_counts
0          48        200          62      536  [50, 50, 50, 50]
1          49        200          62      536  [50, 50, 50, 50]
2          50        200          62      536  [50, 50, 50, 50]
3          51        200          62      536  [50, 50, 50, 50]
4          52        200          62      536  [50, 50, 50, 50]
5          53        200          62      536  [50, 50, 50, 50]
6          54        200          62      536  [50, 50, 50, 50]
[2026-04-08 22:39:49] Window validation summary:
[2026-04-08 22:39:49]   Subject 48: n_windows=200 class_counts=[50, 50, 50, 50]
[2026-04-08 22:39:49]   Subject 49: n_windows=200 class_counts=[50, 50, 50, 50]
[2026-04-08 22:39:49]   Subject 50: n_windows=200 class_counts=[50, 50, 50, 50]
[2026-04-08 22:39:49]   Subject 51: n_windows=200 class_counts=[50, 50, 50, 50]
[2026-04-08 22:39:49]   Subject 52: n_windows=200 class_counts=[50, 50, 50, 50]
[2026-04-08 22:39:49]   Subject 53: n_windows=200 class_counts=[50, 50, 50, 50]
[2026-04-08 22:39:49]   Subject 54: n_windows=200 class_counts=[50, 50, 50, 50]

[2026-04-08 22:39:49] Validated sampling rate target: 128 Hz
[2026-04-08 22:39:49] Validated window sample count:   536
[2026-04-08 22:39:49] Validated window duration:       4.1875 s
[2026-04-08 22:39:49] Validated channel count:         62
[2026-04-08 22:39:49] Total windows retained:          1400
[2026-04-08 22:39:49] Preprocessing sanity checks:
[2026-04-08 22:39:49]   One sample label: 2
[2026-04-08 22:39:49]   One sample shape: (62, 536)
[2026-04-08 22:39:49]   Mean(abs(signal)): 3.194527e+00
[2026-04-08 22:39:49]   Mean(signal):      6.428233e-09
[2026-04-08 22:39:49]   Std(signal):       4.182395e+00
[2026-04-08 22:39:49] Building model with input window duration: 4.1875 s
[2026-04-08 22:39:49] SignalJEPA_PreLocal instantiated successfully.
[2026-04-08 22:39:49]   Total parameters:     18,192
[2026-04-08 22:39:49]   Trainable parameters: 18,192
[2026-04-08 22:39:49] ======================================================================================================================================================
Layer (type (var_name):depth-idx)                  Input Shape               Output Shape              Param #                   Kernel Shape
======================================================================================================================================================
SignalJEPA_PreLocal (SignalJEPA_PreLocal)          [1, 62, 536]              [1, 4]                    --                        --
├─Sequential (spatial_conv): 1-1                   [1, 62, 536]              [1, 4, 536]               --                        --
│    └─Rearrange (0): 2-1                          [1, 62, 536]              [1, 1, 62, 536]           --                        --
│    └─Conv2d (1): 2-2                             [1, 1, 62, 536]           [1, 4, 1, 536]            252                       [62, 1]
│    └─Rearrange (2): 2-3                          [1, 4, 1, 536]            [1, 4, 536]               --                        --
├─_ConvFeatureEncoder (feature_encoder): 1-2       [1, 4, 536]               [1, 16, 64]               --                        --
│    └─Rearrange (0): 2-4                          [1, 4, 536]               [4, 1, 536]               --                        --
│    └─Sequential (1): 2-5                         [4, 1, 536]               [4, 8, 64]                --                        --
│    │    └─Conv1d (0): 3-1                        [4, 1, 536]               [4, 8, 64]                256                       [32]
│    │    └─Dropout (1): 3-2                       [4, 8, 64]                [4, 8, 64]                --                        --
│    │    └─GroupNorm (2): 3-3                     [4, 8, 64]                [4, 8, 64]                16                        --
│    │    └─GELU (3): 3-4                          [4, 8, 64]                [4, 8, 64]                --                        --
│    └─Sequential (2): 2-6                         [4, 8, 64]                [4, 16, 32]               --                        --
│    │    └─Conv1d (0): 3-5                        [4, 8, 64]                [4, 16, 32]               256                       [2]
│    │    └─Dropout (1): 3-6                       [4, 16, 32]               [4, 16, 32]               --                        --
│    │    └─GELU (2): 3-7                          [4, 16, 32]               [4, 16, 32]               --                        --
│    └─Sequential (3): 2-7                         [4, 16, 32]               [4, 32, 16]               --                        --
│    │    └─Conv1d (0): 3-8                        [4, 16, 32]               [4, 32, 16]               1,024                     [2]
│    │    └─Dropout (1): 3-9                       [4, 32, 16]               [4, 32, 16]               --                        --
│    │    └─GELU (2): 3-10                         [4, 32, 16]               [4, 32, 16]               --                        --
│    └─Sequential (4): 2-8                         [4, 32, 16]               [4, 64, 8]                --                        --
│    │    └─Conv1d (0): 3-11                       [4, 32, 16]               [4, 64, 8]                4,096                     [2]
│    │    └─Dropout (1): 3-12                      [4, 64, 8]                [4, 64, 8]                --                        --
│    │    └─GELU (2): 3-13                         [4, 64, 8]                [4, 64, 8]                --                        --
│    └─Sequential (5): 2-9                         [4, 64, 8]                [4, 64, 4]                --                        --
│    │    └─Conv1d (0): 3-14                       [4, 64, 8]                [4, 64, 4]                8,192                     [2]
│    │    └─Dropout (1): 3-15                      [4, 64, 4]                [4, 64, 4]                --                        --
│    │    └─GELU (2): 3-16                         [4, 64, 4]                [4, 64, 4]                --                        --
│    └─Rearrange (6): 2-10                         [4, 64, 4]                [1, 16, 64]               --                        --
├─Sequential (final_layer): 1-3                    [1, 16, 64]               [1, 4]                    --                        --
│    └─Flatten (0): 2-11                           [1, 16, 64]               [1, 1024]                 --                        --
│    └─Linear (1): 2-12                            [1, 1024]                 [1, 4]                    4,100                     --
======================================================================================================================================================
Total params: 18,192
Trainable params: 18,192
Non-trainable params: 0
Total mult-adds (Units.MEGABYTES): 0.57
======================================================================================================================================================
Input size (MB): 0.13
Forward/backward pass size (MB): 0.11
Params size (MB): 0.07
Estimated Total Size (MB): 0.31
======================================================================================================================================================
[2026-04-08 22:39:50] Initializing from 16s-60 pretrained checkpoint (Hugging Face):
[2026-04-08 22:39:50]   https://huggingface.co/braindecode/SignalJEPA/resolve/main/signal-jepa_16s-60_adeuwv4s.pth
[2026-04-08 22:39:50]   Downloaded 179 keys
[2026-04-08 22:39:50] ======================================================================
[2026-04-08 22:39:50] STARTING CROSS-VALIDATION
[2026-04-08 22:39:50] ======================================================================
[2026-04-08 22:39:50] Subjects:      [48, 49, 50, 51, 52, 53, 54]
[2026-04-08 22:39:50] CV folds:      5
[2026-04-08 22:39:50] Batch size:    32
[2026-04-08 22:39:50] Max epochs:    5000
[2026-04-08 22:39:50] Device:        cpu
[2026-04-08 22:39:50] Seed control:  True
[2026-04-08 22:39:50] Base seed:     5
[2026-04-08 22:39:50] ======================================================================

[2026-04-08 22:39:50] Subject 48: 200 windows | class_counts=[50, 50, 50, 50]
[2026-04-08 22:39:50]   Fold 1 class counts: train=[32, 32, 32, 32] val=[8, 8, 8, 8] test=[10, 10, 10, 10]
[2026-04-08 22:39:50]   Fold 2 class counts: train=[32, 32, 32, 32] val=[8, 8, 8, 8] test=[10, 10, 10, 10]
[2026-04-08 22:39:50]   Fold 3 class counts: train=[32, 32, 32, 32] val=[8, 8, 8, 8] test=[10, 10, 10, 10]
[2026-04-08 22:39:50]   Fold 4 class counts: train=[32, 32, 32, 32] val=[8, 8, 8, 8] test=[10, 10, 10, 10]
[2026-04-08 22:39:50]   Fold 5 class counts: train=[32, 32, 32, 32] val=[8, 8, 8, 8] test=[10, 10, 10, 10]
[2026-04-08 22:39:50]     Train class counts: [32, 32, 32, 32]
[2026-04-08 22:39:50]     Val class counts:   [8, 8, 8, 8]
[2026-04-08 22:39:50]     Test class counts:  [10, 10, 10, 10]
[2026-04-08 22:39:50] Building model with input window duration: 4.1875 s
[2026-04-08 22:39:50] Pretrained weight loading:
[2026-04-08 22:39:50]   Downloaded keys:        179
[2026-04-08 22:39:50]   Filtered (transformer): 172
[2026-04-08 22:39:50]   Filtered (pos_encoder): 0
[2026-04-08 22:39:50]   Keys to load:           7
[2026-04-08 22:39:50]   Missing keys:           4
[2026-04-08 22:39:50]   Unexpected keys:        0
[2026-04-08 22:39:50]   Missing preview:        ['spatial_conv.1.weight', 'spatial_conv.1.bias', 'final_layer.1.weight', 'final_layer.1.bias']
[2026-04-08 22:39:50]   Unexpected preview:     []
[2026-04-08 22:39:50] Trainable modules: spatial_conv + final_layer (4,352 / 18,192 params, 23.9%)
[2026-04-08 22:39:50]   - final_layer.1.bias
[2026-04-08 22:39:50]   - final_layer.1.weight
[2026-04-08 22:39:50]   - spatial_conv.1.bias
[2026-04-08 22:39:50]   - spatial_conv.1.weight
[2026-04-08 22:41:07]   Fold 1/5 | best_epoch=4633 | stop=4683 | val_loss=0.0144 | acc=0.9750 | bal_acc=0.9750
[2026-04-08 22:41:07]     Train class counts: [32, 32, 32, 32]
[2026-04-08 22:41:07]     Val class counts:   [8, 8, 8, 8]
[2026-04-08 22:41:07]     Test class counts:  [10, 10, 10, 10]
[2026-04-08 22:41:07] Building model with input window duration: 4.1875 s
[2026-04-08 22:41:07] Pretrained weight loading:
[2026-04-08 22:41:07]   Downloaded keys:        179
[2026-04-08 22:41:07]   Filtered (transformer): 172
[2026-04-08 22:41:07]   Filtered (pos_encoder): 0
[2026-04-08 22:41:07]   Keys to load:           7
[2026-04-08 22:41:07]   Missing keys:           4
[2026-04-08 22:41:07]   Unexpected keys:        0
[2026-04-08 22:41:07]   Missing preview:        ['spatial_conv.1.weight', 'spatial_conv.1.bias', 'final_layer.1.weight', 'final_layer.1.bias']
[2026-04-08 22:41:07]   Unexpected preview:     []
[2026-04-08 22:42:30]   Fold 2/5 | best_epoch=4997 | stop=5000 | val_loss=0.0043 | acc=1.0000 | bal_acc=1.0000
[2026-04-08 22:42:30]     Train class counts: [32, 32, 32, 32]
[2026-04-08 22:42:30]     Val class counts:   [8, 8, 8, 8]
[2026-04-08 22:42:30]     Test class counts:  [10, 10, 10, 10]
[2026-04-08 22:42:30] Building model with input window duration: 4.1875 s
[2026-04-08 22:42:30] Pretrained weight loading:
[2026-04-08 22:42:30]   Downloaded keys:        179
[2026-04-08 22:42:30]   Filtered (transformer): 172
[2026-04-08 22:42:30]   Filtered (pos_encoder): 0
[2026-04-08 22:42:30]   Keys to load:           7
[2026-04-08 22:42:30]   Missing keys:           4
[2026-04-08 22:42:30]   Unexpected keys:        0
[2026-04-08 22:42:30]   Missing preview:        ['spatial_conv.1.weight', 'spatial_conv.1.bias', 'final_layer.1.weight', 'final_layer.1.bias']
[2026-04-08 22:42:30]   Unexpected preview:     []
[2026-04-08 22:43:26]   Fold 3/5 | best_epoch=3379 | stop=3429 | val_loss=0.0104 | acc=1.0000 | bal_acc=1.0000
[2026-04-08 22:43:26]     Train class counts: [32, 32, 32, 32]
[2026-04-08 22:43:26]     Val class counts:   [8, 8, 8, 8]
[2026-04-08 22:43:26]     Test class counts:  [10, 10, 10, 10]
[2026-04-08 22:43:26] Building model with input window duration: 4.1875 s
[2026-04-08 22:43:26] Pretrained weight loading:
[2026-04-08 22:43:26]   Downloaded keys:        179
[2026-04-08 22:43:26]   Filtered (transformer): 172
[2026-04-08 22:43:26]   Filtered (pos_encoder): 0
[2026-04-08 22:43:26]   Keys to load:           7
[2026-04-08 22:43:26]   Missing keys:           4
[2026-04-08 22:43:26]   Unexpected keys:        0
[2026-04-08 22:43:26]   Missing preview:        ['spatial_conv.1.weight', 'spatial_conv.1.bias', 'final_layer.1.weight', 'final_layer.1.bias']
[2026-04-08 22:43:26]   Unexpected preview:     []
[2026-04-08 22:43:59]   Fold 4/5 | best_epoch=1967 | stop=2017 | val_loss=0.1188 | acc=1.0000 | bal_acc=1.0000
[2026-04-08 22:43:59]     Train class counts: [32, 32, 32, 32]
[2026-04-08 22:43:59]     Val class counts:   [8, 8, 8, 8]
[2026-04-08 22:43:59]     Test class counts:  [10, 10, 10, 10]
[2026-04-08 22:43:59] Building model with input window duration: 4.1875 s
[2026-04-08 22:43:59] Pretrained weight loading:
[2026-04-08 22:43:59]   Downloaded keys:        179
[2026-04-08 22:43:59]   Filtered (transformer): 172
[2026-04-08 22:43:59]   Filtered (pos_encoder): 0
[2026-04-08 22:43:59]   Keys to load:           7
[2026-04-08 22:43:59]   Missing keys:           4
[2026-04-08 22:43:59]   Unexpected keys:        0
[2026-04-08 22:43:59]   Missing preview:        ['spatial_conv.1.weight', 'spatial_conv.1.bias', 'final_layer.1.weight', 'final_layer.1.bias']
[2026-04-08 22:43:59]   Unexpected preview:     []
[2026-04-08 22:45:21]   Fold 5/5 | best_epoch=5000 | stop=5000 | val_loss=0.0097 | acc=1.0000 | bal_acc=1.0000
[2026-04-08 22:45:21]   Subject 48 summary: acc=0.9950±0.0100  bal_acc=0.9950±0.0100

[2026-04-08 22:45:21] Subject 49: 200 windows | class_counts=[50, 50, 50, 50]
[2026-04-08 22:45:21]   Fold 1 class counts: train=[32, 32, 32, 32] val=[8, 8, 8, 8] test=[10, 10, 10, 10]
[2026-04-08 22:45:21]   Fold 2 class counts: train=[32, 32, 32, 32] val=[8, 8, 8, 8] test=[10, 10, 10, 10]
[2026-04-08 22:45:21]   Fold 3 class counts: train=[32, 32, 32, 32] val=[8, 8, 8, 8] test=[10, 10, 10, 10]
[2026-04-08 22:45:21]   Fold 4 class counts: train=[32, 32, 32, 32] val=[8, 8, 8, 8] test=[10, 10, 10, 10]
[2026-04-08 22:45:21]   Fold 5 class counts: train=[32, 32, 32, 32] val=[8, 8, 8, 8] test=[10, 10, 10, 10]
[2026-04-08 22:45:21]     Train class counts: [32, 32, 32, 32]
[2026-04-08 22:45:21]     Val class counts:   [8, 8, 8, 8]
[2026-04-08 22:45:21]     Test class counts:  [10, 10, 10, 10]
[2026-04-08 22:45:21] Building model with input window duration: 4.1875 s
[2026-04-08 22:45:21] Pretrained weight loading:
[2026-04-08 22:45:21]   Downloaded keys:        179
[2026-04-08 22:45:21]   Filtered (transformer): 172
[2026-04-08 22:45:21]   Filtered (pos_encoder): 0
[2026-04-08 22:45:21]   Keys to load:           7
[2026-04-08 22:45:21]   Missing keys:           4
[2026-04-08 22:45:21]   Unexpected keys:        0
[2026-04-08 22:45:21]   Missing preview:        ['spatial_conv.1.weight', 'spatial_conv.1.bias', 'final_layer.1.weight', 'final_layer.1.bias']
[2026-04-08 22:45:21]   Unexpected preview:     []
[2026-04-08 22:46:21]   Fold 1/5 | best_epoch=3560 | stop=3610 | val_loss=0.0246 | acc=1.0000 | bal_acc=1.0000
[2026-04-08 22:46:21]     Train class counts: [32, 32, 32, 32]
[2026-04-08 22:46:21]     Val class counts:   [8, 8, 8, 8]
[2026-04-08 22:46:21]     Test class counts:  [10, 10, 10, 10]
[2026-04-08 22:46:21] Building model with input window duration: 4.1875 s
[2026-04-08 22:46:21] Pretrained weight loading:
[2026-04-08 22:46:21]   Downloaded keys:        179
[2026-04-08 22:46:21]   Filtered (transformer): 172
[2026-04-08 22:46:21]   Filtered (pos_encoder): 0
[2026-04-08 22:46:21]   Keys to load:           7
[2026-04-08 22:46:21]   Missing keys:           4
[2026-04-08 22:46:21]   Unexpected keys:        0
[2026-04-08 22:46:21]   Missing preview:        ['spatial_conv.1.weight', 'spatial_conv.1.bias', 'final_layer.1.weight', 'final_layer.1.bias']
[2026-04-08 22:46:21]   Unexpected preview:     []
[2026-04-08 22:47:06]   Fold 2/5 | best_epoch=2688 | stop=2738 | val_loss=0.0857 | acc=0.9250 | bal_acc=0.9250
[2026-04-08 22:47:06]     Train class counts: [32, 32, 32, 32]
[2026-04-08 22:47:06]     Val class counts:   [8, 8, 8, 8]
[2026-04-08 22:47:06]     Test class counts:  [10, 10, 10, 10]
[2026-04-08 22:47:06] Building model with input window duration: 4.1875 s
[2026-04-08 22:47:06] Pretrained weight loading:
[2026-04-08 22:47:06]   Downloaded keys:        179
[2026-04-08 22:47:06]   Filtered (transformer): 172
[2026-04-08 22:47:06]   Filtered (pos_encoder): 0
[2026-04-08 22:47:06]   Keys to load:           7
[2026-04-08 22:47:06]   Missing keys:           4
[2026-04-08 22:47:06]   Unexpected keys:        0
[2026-04-08 22:47:06]   Missing preview:        ['spatial_conv.1.weight', 'spatial_conv.1.bias', 'final_layer.1.weight', 'final_layer.1.bias']
[2026-04-08 22:47:06]   Unexpected preview:     []
[2026-04-08 22:47:55]   Fold 3/5 | best_epoch=2914 | stop=2964 | val_loss=0.0704 | acc=0.9750 | bal_acc=0.9750
[2026-04-08 22:47:55]     Train class counts: [32, 32, 32, 32]
[2026-04-08 22:47:55]     Val class counts:   [8, 8, 8, 8]
[2026-04-08 22:47:55]     Test class counts:  [10, 10, 10, 10]
[2026-04-08 22:47:55] Building model with input window duration: 4.1875 s
[2026-04-08 22:47:55] Pretrained weight loading:
[2026-04-08 22:47:55]   Downloaded keys:        179
[2026-04-08 22:47:55]   Filtered (transformer): 172
[2026-04-08 22:47:55]   Filtered (pos_encoder): 0
[2026-04-08 22:47:55]   Keys to load:           7
[2026-04-08 22:47:55]   Missing keys:           4
[2026-04-08 22:47:55]   Unexpected keys:        0
[2026-04-08 22:47:55]   Missing preview:        ['spatial_conv.1.weight', 'spatial_conv.1.bias', 'final_layer.1.weight', 'final_layer.1.bias']
[2026-04-08 22:47:55]   Unexpected preview:     []
[2026-04-08 22:48:59]   Fold 4/5 | best_epoch=3852 | stop=3902 | val_loss=0.0875 | acc=0.9500 | bal_acc=0.9500
[2026-04-08 22:48:59]     Train class counts: [32, 32, 32, 32]
[2026-04-08 22:48:59]     Val class counts:   [8, 8, 8, 8]
[2026-04-08 22:48:59]     Test class counts:  [10, 10, 10, 10]
[2026-04-08 22:48:59] Building model with input window duration: 4.1875 s
[2026-04-08 22:48:59] Pretrained weight loading:
[2026-04-08 22:48:59]   Downloaded keys:        179
[2026-04-08 22:48:59]   Filtered (transformer): 172
[2026-04-08 22:48:59]   Filtered (pos_encoder): 0
[2026-04-08 22:48:59]   Keys to load:           7
[2026-04-08 22:48:59]   Missing keys:           4
[2026-04-08 22:48:59]   Unexpected keys:        0
[2026-04-08 22:48:59]   Missing preview:        ['spatial_conv.1.weight', 'spatial_conv.1.bias', 'final_layer.1.weight', 'final_layer.1.bias']
[2026-04-08 22:48:59]   Unexpected preview:     []
[2026-04-08 22:50:17]   Fold 5/5 | best_epoch=4631 | stop=4681 | val_loss=0.0081 | acc=0.9750 | bal_acc=0.9750
[2026-04-08 22:50:17]   Subject 49 summary: acc=0.9650±0.0255  bal_acc=0.9650±0.0255

[2026-04-08 22:50:17] Subject 50: 200 windows | class_counts=[50, 50, 50, 50]
[2026-04-08 22:50:17]   Fold 1 class counts: train=[32, 32, 32, 32] val=[8, 8, 8, 8] test=[10, 10, 10, 10]
[2026-04-08 22:50:17]   Fold 2 class counts: train=[32, 32, 32, 32] val=[8, 8, 8, 8] test=[10, 10, 10, 10]
[2026-04-08 22:50:17]   Fold 3 class counts: train=[32, 32, 32, 32] val=[8, 8, 8, 8] test=[10, 10, 10, 10]
[2026-04-08 22:50:17]   Fold 4 class counts: train=[32, 32, 32, 32] val=[8, 8, 8, 8] test=[10, 10, 10, 10]
[2026-04-08 22:50:17]   Fold 5 class counts: train=[32, 32, 32, 32] val=[8, 8, 8, 8] test=[10, 10, 10, 10]
[2026-04-08 22:50:17]     Train class counts: [32, 32, 32, 32]
[2026-04-08 22:50:17]     Val class counts:   [8, 8, 8, 8]
[2026-04-08 22:50:17]     Test class counts:  [10, 10, 10, 10]
[2026-04-08 22:50:17] Building model with input window duration: 4.1875 s
[2026-04-08 22:50:17] Pretrained weight loading:
[2026-04-08 22:50:17]   Downloaded keys:        179
[2026-04-08 22:50:17]   Filtered (transformer): 172
[2026-04-08 22:50:17]   Filtered (pos_encoder): 0
[2026-04-08 22:50:17]   Keys to load:           7
[2026-04-08 22:50:17]   Missing keys:           4
[2026-04-08 22:50:17]   Unexpected keys:        0
[2026-04-08 22:50:17]   Missing preview:        ['spatial_conv.1.weight', 'spatial_conv.1.bias', 'final_layer.1.weight', 'final_layer.1.bias']
[2026-04-08 22:50:17]   Unexpected preview:     []
[2026-04-08 22:51:39]   Fold 1/5 | best_epoch=4990 | stop=5000 | val_loss=0.0015 | acc=1.0000 | bal_acc=1.0000
[2026-04-08 22:51:39]     Train class counts: [32, 32, 32, 32]
[2026-04-08 22:51:39]     Val class counts:   [8, 8, 8, 8]
[2026-04-08 22:51:39]     Test class counts:  [10, 10, 10, 10]
[2026-04-08 22:51:39] Building model with input window duration: 4.1875 s
[2026-04-08 22:51:39] Pretrained weight loading:
[2026-04-08 22:51:39]   Downloaded keys:        179
[2026-04-08 22:51:39]   Filtered (transformer): 172
[2026-04-08 22:51:39]   Filtered (pos_encoder): 0
[2026-04-08 22:51:39]   Keys to load:           7
[2026-04-08 22:51:39]   Missing keys:           4
[2026-04-08 22:51:39]   Unexpected keys:        0
[2026-04-08 22:51:39]   Missing preview:        ['spatial_conv.1.weight', 'spatial_conv.1.bias', 'final_layer.1.weight', 'final_layer.1.bias']
[2026-04-08 22:51:39]   Unexpected preview:     []
[2026-04-08 22:52:57]   Fold 2/5 | best_epoch=4681 | stop=4731 | val_loss=0.0186 | acc=1.0000 | bal_acc=1.0000
[2026-04-08 22:52:57]     Train class counts: [32, 32, 32, 32]
[2026-04-08 22:52:57]     Val class counts:   [8, 8, 8, 8]
[2026-04-08 22:52:57]     Test class counts:  [10, 10, 10, 10]
[2026-04-08 22:52:57] Building model with input window duration: 4.1875 s
[2026-04-08 22:52:57] Pretrained weight loading:
[2026-04-08 22:52:57]   Downloaded keys:        179
[2026-04-08 22:52:57]   Filtered (transformer): 172
[2026-04-08 22:52:57]   Filtered (pos_encoder): 0
[2026-04-08 22:52:57]   Keys to load:           7
[2026-04-08 22:52:57]   Missing keys:           4
[2026-04-08 22:52:57]   Unexpected keys:        0
[2026-04-08 22:52:57]   Missing preview:        ['spatial_conv.1.weight', 'spatial_conv.1.bias', 'final_layer.1.weight', 'final_layer.1.bias']
[2026-04-08 22:52:57]   Unexpected preview:     []
[2026-04-08 22:54:19]   Fold 3/5 | best_epoch=4996 | stop=5000 | val_loss=0.0021 | acc=0.9750 | bal_acc=0.9750
[2026-04-08 22:54:19]     Train class counts: [32, 32, 32, 32]
[2026-04-08 22:54:19]     Val class counts:   [8, 8, 8, 8]
[2026-04-08 22:54:19]     Test class counts:  [10, 10, 10, 10]
[2026-04-08 22:54:19] Building model with input window duration: 4.1875 s
[2026-04-08 22:54:19] Pretrained weight loading:
[2026-04-08 22:54:19]   Downloaded keys:        179
[2026-04-08 22:54:19]   Filtered (transformer): 172
[2026-04-08 22:54:19]   Filtered (pos_encoder): 0
[2026-04-08 22:54:19]   Keys to load:           7
[2026-04-08 22:54:19]   Missing keys:           4
[2026-04-08 22:54:19]   Unexpected keys:        0
[2026-04-08 22:54:19]   Missing preview:        ['spatial_conv.1.weight', 'spatial_conv.1.bias', 'final_layer.1.weight', 'final_layer.1.bias']
[2026-04-08 22:54:19]   Unexpected preview:     []
[2026-04-08 22:55:17]   Fold 4/5 | best_epoch=3487 | stop=3537 | val_loss=0.0429 | acc=0.9750 | bal_acc=0.9750
[2026-04-08 22:55:17]     Train class counts: [32, 32, 32, 32]
[2026-04-08 22:55:17]     Val class counts:   [8, 8, 8, 8]
[2026-04-08 22:55:17]     Test class counts:  [10, 10, 10, 10]
[2026-04-08 22:55:17] Building model with input window duration: 4.1875 s
[2026-04-08 22:55:17] Pretrained weight loading:
[2026-04-08 22:55:17]   Downloaded keys:        179
[2026-04-08 22:55:17]   Filtered (transformer): 172
[2026-04-08 22:55:17]   Filtered (pos_encoder): 0
[2026-04-08 22:55:17]   Keys to load:           7
[2026-04-08 22:55:17]   Missing keys:           4
[2026-04-08 22:55:17]   Unexpected keys:        0
[2026-04-08 22:55:17]   Missing preview:        ['spatial_conv.1.weight', 'spatial_conv.1.bias', 'final_layer.1.weight', 'final_layer.1.bias']
[2026-04-08 22:55:17]   Unexpected preview:     []
[2026-04-08 22:56:32]   Fold 5/5 | best_epoch=4540 | stop=4572 | val_loss=0.0197 | acc=1.0000 | bal_acc=1.0000
[2026-04-08 22:56:32]   Subject 50 summary: acc=0.9900±0.0122  bal_acc=0.9900±0.0122

[2026-04-08 22:56:32] Subject 51: 200 windows | class_counts=[50, 50, 50, 50]
[2026-04-08 22:56:32]   Fold 1 class counts: train=[32, 32, 32, 32] val=[8, 8, 8, 8] test=[10, 10, 10, 10]
[2026-04-08 22:56:32]   Fold 2 class counts: train=[32, 32, 32, 32] val=[8, 8, 8, 8] test=[10, 10, 10, 10]
[2026-04-08 22:56:32]   Fold 3 class counts: train=[32, 32, 32, 32] val=[8, 8, 8, 8] test=[10, 10, 10, 10]
[2026-04-08 22:56:32]   Fold 4 class counts: train=[32, 32, 32, 32] val=[8, 8, 8, 8] test=[10, 10, 10, 10]
[2026-04-08 22:56:32]   Fold 5 class counts: train=[32, 32, 32, 32] val=[8, 8, 8, 8] test=[10, 10, 10, 10]
[2026-04-08 22:56:32]     Train class counts: [32, 32, 32, 32]
[2026-04-08 22:56:32]     Val class counts:   [8, 8, 8, 8]
[2026-04-08 22:56:32]     Test class counts:  [10, 10, 10, 10]
[2026-04-08 22:56:32] Building model with input window duration: 4.1875 s
[2026-04-08 22:56:32] Pretrained weight loading:
[2026-04-08 22:56:32]   Downloaded keys:        179
[2026-04-08 22:56:32]   Filtered (transformer): 172
[2026-04-08 22:56:32]   Filtered (pos_encoder): 0
[2026-04-08 22:56:32]   Keys to load:           7
[2026-04-08 22:56:32]   Missing keys:           4
[2026-04-08 22:56:32]   Unexpected keys:        0
[2026-04-08 22:56:32]   Missing preview:        ['spatial_conv.1.weight', 'spatial_conv.1.bias', 'final_layer.1.weight', 'final_layer.1.bias']
[2026-04-08 22:56:32]   Unexpected preview:     []
[2026-04-08 22:57:13]   Fold 1/5 | best_epoch=2441 | stop=2491 | val_loss=0.9269 | acc=0.7000 | bal_acc=0.7000
[2026-04-08 22:57:13]     Train class counts: [32, 32, 32, 32]
[2026-04-08 22:57:13]     Val class counts:   [8, 8, 8, 8]
[2026-04-08 22:57:13]     Test class counts:  [10, 10, 10, 10]
[2026-04-08 22:57:13] Building model with input window duration: 4.1875 s
[2026-04-08 22:57:13] Pretrained weight loading:
[2026-04-08 22:57:13]   Downloaded keys:        179
[2026-04-08 22:57:13]   Filtered (transformer): 172
[2026-04-08 22:57:13]   Filtered (pos_encoder): 0
[2026-04-08 22:57:13]   Keys to load:           7
[2026-04-08 22:57:13]   Missing keys:           4
[2026-04-08 22:57:13]   Unexpected keys:        0
[2026-04-08 22:57:13]   Missing preview:        ['spatial_conv.1.weight', 'spatial_conv.1.bias', 'final_layer.1.weight', 'final_layer.1.bias']
[2026-04-08 22:57:13]   Unexpected preview:     []
[2026-04-08 22:57:32]   Fold 2/5 | best_epoch=1102 | stop=1152 | val_loss=1.0475 | acc=0.7250 | bal_acc=0.7250
[2026-04-08 22:57:32]     Train class counts: [32, 32, 32, 32]
[2026-04-08 22:57:32]     Val class counts:   [8, 8, 8, 8]
[2026-04-08 22:57:32]     Test class counts:  [10, 10, 10, 10]
[2026-04-08 22:57:32] Building model with input window duration: 4.1875 s
[2026-04-08 22:57:32] Pretrained weight loading:
[2026-04-08 22:57:32]   Downloaded keys:        179
[2026-04-08 22:57:32]   Filtered (transformer): 172
[2026-04-08 22:57:32]   Filtered (pos_encoder): 0
[2026-04-08 22:57:32]   Keys to load:           7
[2026-04-08 22:57:32]   Missing keys:           4
[2026-04-08 22:57:32]   Unexpected keys:        0
[2026-04-08 22:57:32]   Missing preview:        ['spatial_conv.1.weight', 'spatial_conv.1.bias', 'final_layer.1.weight', 'final_layer.1.bias']
[2026-04-08 22:57:32]   Unexpected preview:     []
[2026-04-08 22:58:04]   Fold 3/5 | best_epoch=1896 | stop=1946 | val_loss=0.7801 | acc=0.7000 | bal_acc=0.7000
[2026-04-08 22:58:04]     Train class counts: [32, 32, 32, 32]
[2026-04-08 22:58:04]     Val class counts:   [8, 8, 8, 8]
[2026-04-08 22:58:04]     Test class counts:  [10, 10, 10, 10]
[2026-04-08 22:58:04] Building model with input window duration: 4.1875 s
[2026-04-08 22:58:04] Pretrained weight loading:
[2026-04-08 22:58:04]   Downloaded keys:        179
[2026-04-08 22:58:04]   Filtered (transformer): 172
[2026-04-08 22:58:04]   Filtered (pos_encoder): 0
[2026-04-08 22:58:04]   Keys to load:           7
[2026-04-08 22:58:04]   Missing keys:           4
[2026-04-08 22:58:04]   Unexpected keys:        0
[2026-04-08 22:58:04]   Missing preview:        ['spatial_conv.1.weight', 'spatial_conv.1.bias', 'final_layer.1.weight', 'final_layer.1.bias']
[2026-04-08 22:58:04]   Unexpected preview:     []
[2026-04-08 22:58:44]   Fold 4/5 | best_epoch=2405 | stop=2455 | val_loss=0.6775 | acc=0.7000 | bal_acc=0.7000
[2026-04-08 22:58:44]     Train class counts: [32, 32, 32, 32]
[2026-04-08 22:58:44]     Val class counts:   [8, 8, 8, 8]
[2026-04-08 22:58:44]     Test class counts:  [10, 10, 10, 10]
[2026-04-08 22:58:44] Building model with input window duration: 4.1875 s
[2026-04-08 22:58:44] Pretrained weight loading:
[2026-04-08 22:58:44]   Downloaded keys:        179
[2026-04-08 22:58:44]   Filtered (transformer): 172
[2026-04-08 22:58:44]   Filtered (pos_encoder): 0
[2026-04-08 22:58:44]   Keys to load:           7
[2026-04-08 22:58:44]   Missing keys:           4
[2026-04-08 22:58:44]   Unexpected keys:        0
[2026-04-08 22:58:44]   Missing preview:        ['spatial_conv.1.weight', 'spatial_conv.1.bias', 'final_layer.1.weight', 'final_layer.1.bias']
[2026-04-08 22:58:44]   Unexpected preview:     []
[2026-04-08 22:58:45]   Fold 5/5 | best_epoch=1 | stop=51 | val_loss=1.3859 | acc=0.2750 | bal_acc=0.2750
[2026-04-08 22:58:45]   Subject 51 summary: acc=0.6200±0.1728  bal_acc=0.6200±0.1728

[2026-04-08 22:58:45] Subject 52: 200 windows | class_counts=[50, 50, 50, 50]
[2026-04-08 22:58:45]   Fold 1 class counts: train=[32, 32, 32, 32] val=[8, 8, 8, 8] test=[10, 10, 10, 10]
[2026-04-08 22:58:45]   Fold 2 class counts: train=[32, 32, 32, 32] val=[8, 8, 8, 8] test=[10, 10, 10, 10]
[2026-04-08 22:58:45]   Fold 3 class counts: train=[32, 32, 32, 32] val=[8, 8, 8, 8] test=[10, 10, 10, 10]
[2026-04-08 22:58:45]   Fold 4 class counts: train=[32, 32, 32, 32] val=[8, 8, 8, 8] test=[10, 10, 10, 10]
[2026-04-08 22:58:45]   Fold 5 class counts: train=[32, 32, 32, 32] val=[8, 8, 8, 8] test=[10, 10, 10, 10]
[2026-04-08 22:58:45]     Train class counts: [32, 32, 32, 32]
[2026-04-08 22:58:45]     Val class counts:   [8, 8, 8, 8]
[2026-04-08 22:58:45]     Test class counts:  [10, 10, 10, 10]
[2026-04-08 22:58:45] Building model with input window duration: 4.1875 s
[2026-04-08 22:58:45] Pretrained weight loading:
[2026-04-08 22:58:45]   Downloaded keys:        179
[2026-04-08 22:58:45]   Filtered (transformer): 172
[2026-04-08 22:58:45]   Filtered (pos_encoder): 0
[2026-04-08 22:58:45]   Keys to load:           7
[2026-04-08 22:58:45]   Missing keys:           4
[2026-04-08 22:58:45]   Unexpected keys:        0
[2026-04-08 22:58:45]   Missing preview:        ['spatial_conv.1.weight', 'spatial_conv.1.bias', 'final_layer.1.weight', 'final_layer.1.bias']
[2026-04-08 22:58:45]   Unexpected preview:     []
[2026-04-08 22:59:35]   Fold 1/5 | best_epoch=3053 | stop=3103 | val_loss=0.0926 | acc=1.0000 | bal_acc=1.0000
[2026-04-08 22:59:35]     Train class counts: [32, 32, 32, 32]
[2026-04-08 22:59:35]     Val class counts:   [8, 8, 8, 8]
[2026-04-08 22:59:35]     Test class counts:  [10, 10, 10, 10]
[2026-04-08 22:59:35] Building model with input window duration: 4.1875 s
[2026-04-08 22:59:35] Pretrained weight loading:
[2026-04-08 22:59:35]   Downloaded keys:        179
[2026-04-08 22:59:35]   Filtered (transformer): 172
[2026-04-08 22:59:35]   Filtered (pos_encoder): 0
[2026-04-08 22:59:35]   Keys to load:           7
[2026-04-08 22:59:35]   Missing keys:           4
[2026-04-08 22:59:35]   Unexpected keys:        0
[2026-04-08 22:59:35]   Missing preview:        ['spatial_conv.1.weight', 'spatial_conv.1.bias', 'final_layer.1.weight', 'final_layer.1.bias']
[2026-04-08 22:59:35]   Unexpected preview:     []
[2026-04-08 23:00:32]   Fold 2/5 | best_epoch=3391 | stop=3441 | val_loss=0.0645 | acc=0.9500 | bal_acc=0.9500
[2026-04-08 23:00:32]     Train class counts: [32, 32, 32, 32]
[2026-04-08 23:00:32]     Val class counts:   [8, 8, 8, 8]
[2026-04-08 23:00:32]     Test class counts:  [10, 10, 10, 10]
[2026-04-08 23:00:32] Building model with input window duration: 4.1875 s
[2026-04-08 23:00:32] Pretrained weight loading:
[2026-04-08 23:00:32]   Downloaded keys:        179
[2026-04-08 23:00:32]   Filtered (transformer): 172
[2026-04-08 23:00:32]   Filtered (pos_encoder): 0
[2026-04-08 23:00:32]   Keys to load:           7
[2026-04-08 23:00:32]   Missing keys:           4
[2026-04-08 23:00:32]   Unexpected keys:        0
[2026-04-08 23:00:32]   Missing preview:        ['spatial_conv.1.weight', 'spatial_conv.1.bias', 'final_layer.1.weight', 'final_layer.1.bias']
[2026-04-08 23:00:32]   Unexpected preview:     []
[2026-04-08 23:01:24]   Fold 3/5 | best_epoch=3105 | stop=3155 | val_loss=0.0782 | acc=0.9750 | bal_acc=0.9750
[2026-04-08 23:01:24]     Train class counts: [32, 32, 32, 32]
[2026-04-08 23:01:24]     Val class counts:   [8, 8, 8, 8]
[2026-04-08 23:01:24]     Test class counts:  [10, 10, 10, 10]
[2026-04-08 23:01:24] Building model with input window duration: 4.1875 s
[2026-04-08 23:01:24] Pretrained weight loading:
[2026-04-08 23:01:24]   Downloaded keys:        179
[2026-04-08 23:01:24]   Filtered (transformer): 172
[2026-04-08 23:01:24]   Filtered (pos_encoder): 0
[2026-04-08 23:01:24]   Keys to load:           7
[2026-04-08 23:01:24]   Missing keys:           4
[2026-04-08 23:01:24]   Unexpected keys:        0
[2026-04-08 23:01:24]   Missing preview:        ['spatial_conv.1.weight', 'spatial_conv.1.bias', 'final_layer.1.weight', 'final_layer.1.bias']
[2026-04-08 23:01:24]   Unexpected preview:     []
[2026-04-08 23:02:06]   Fold 4/5 | best_epoch=2528 | stop=2578 | val_loss=0.1852 | acc=0.9750 | bal_acc=0.9750
[2026-04-08 23:02:06]     Train class counts: [32, 32, 32, 32]
[2026-04-08 23:02:06]     Val class counts:   [8, 8, 8, 8]
[2026-04-08 23:02:06]     Test class counts:  [10, 10, 10, 10]
[2026-04-08 23:02:06] Building model with input window duration: 4.1875 s
[2026-04-08 23:02:06] Pretrained weight loading:
[2026-04-08 23:02:06]   Downloaded keys:        179
[2026-04-08 23:02:06]   Filtered (transformer): 172
[2026-04-08 23:02:06]   Filtered (pos_encoder): 0
[2026-04-08 23:02:06]   Keys to load:           7
[2026-04-08 23:02:06]   Missing keys:           4
[2026-04-08 23:02:06]   Unexpected keys:        0
[2026-04-08 23:02:06]   Missing preview:        ['spatial_conv.1.weight', 'spatial_conv.1.bias', 'final_layer.1.weight', 'final_layer.1.bias']
[2026-04-08 23:02:06]   Unexpected preview:     []
[2026-04-08 23:02:57]   Fold 5/5 | best_epoch=3061 | stop=3111 | val_loss=0.0448 | acc=0.9750 | bal_acc=0.9750
[2026-04-08 23:02:57]   Subject 52 summary: acc=0.9750±0.0158  bal_acc=0.9750±0.0158

[2026-04-08 23:02:57] Subject 53: 200 windows | class_counts=[50, 50, 50, 50]
[2026-04-08 23:02:57]   Fold 1 class counts: train=[32, 32, 32, 32] val=[8, 8, 8, 8] test=[10, 10, 10, 10]
[2026-04-08 23:02:57]   Fold 2 class counts: train=[32, 32, 32, 32] val=[8, 8, 8, 8] test=[10, 10, 10, 10]
[2026-04-08 23:02:57]   Fold 3 class counts: train=[32, 32, 32, 32] val=[8, 8, 8, 8] test=[10, 10, 10, 10]
[2026-04-08 23:02:57]   Fold 4 class counts: train=[32, 32, 32, 32] val=[8, 8, 8, 8] test=[10, 10, 10, 10]
[2026-04-08 23:02:57]   Fold 5 class counts: train=[32, 32, 32, 32] val=[8, 8, 8, 8] test=[10, 10, 10, 10]
[2026-04-08 23:02:57]     Train class counts: [32, 32, 32, 32]
[2026-04-08 23:02:57]     Val class counts:   [8, 8, 8, 8]
[2026-04-08 23:02:57]     Test class counts:  [10, 10, 10, 10]
[2026-04-08 23:02:57] Building model with input window duration: 4.1875 s
[2026-04-08 23:02:57] Pretrained weight loading:
[2026-04-08 23:02:57]   Downloaded keys:        179
[2026-04-08 23:02:57]   Filtered (transformer): 172
[2026-04-08 23:02:57]   Filtered (pos_encoder): 0
[2026-04-08 23:02:57]   Keys to load:           7
[2026-04-08 23:02:57]   Missing keys:           4
[2026-04-08 23:02:57]   Unexpected keys:        0
[2026-04-08 23:02:57]   Missing preview:        ['spatial_conv.1.weight', 'spatial_conv.1.bias', 'final_layer.1.weight', 'final_layer.1.bias']
[2026-04-08 23:02:57]   Unexpected preview:     []
[2026-04-08 23:03:59]   Fold 1/5 | best_epoch=3680 | stop=3730 | val_loss=0.0248 | acc=1.0000 | bal_acc=1.0000
[2026-04-08 23:03:59]     Train class counts: [32, 32, 32, 32]
[2026-04-08 23:03:59]     Val class counts:   [8, 8, 8, 8]
[2026-04-08 23:03:59]     Test class counts:  [10, 10, 10, 10]
[2026-04-08 23:03:59] Building model with input window duration: 4.1875 s
[2026-04-08 23:03:59] Pretrained weight loading:
[2026-04-08 23:03:59]   Downloaded keys:        179
[2026-04-08 23:03:59]   Filtered (transformer): 172
[2026-04-08 23:03:59]   Filtered (pos_encoder): 0
[2026-04-08 23:03:59]   Keys to load:           7
[2026-04-08 23:03:59]   Missing keys:           4
[2026-04-08 23:03:59]   Unexpected keys:        0
[2026-04-08 23:03:59]   Missing preview:        ['spatial_conv.1.weight', 'spatial_conv.1.bias', 'final_layer.1.weight', 'final_layer.1.bias']
[2026-04-08 23:03:59]   Unexpected preview:     []
[2026-04-08 23:05:21]   Fold 2/5 | best_epoch=4995 | stop=5000 | val_loss=0.0015 | acc=1.0000 | bal_acc=1.0000
[2026-04-08 23:05:21]     Train class counts: [32, 32, 32, 32]
[2026-04-08 23:05:21]     Val class counts:   [8, 8, 8, 8]
[2026-04-08 23:05:21]     Test class counts:  [10, 10, 10, 10]
[2026-04-08 23:05:21] Building model with input window duration: 4.1875 s
[2026-04-08 23:05:21] Pretrained weight loading:
[2026-04-08 23:05:21]   Downloaded keys:        179
[2026-04-08 23:05:21]   Filtered (transformer): 172
[2026-04-08 23:05:21]   Filtered (pos_encoder): 0
[2026-04-08 23:05:21]   Keys to load:           7
[2026-04-08 23:05:21]   Missing keys:           4
[2026-04-08 23:05:21]   Unexpected keys:        0
[2026-04-08 23:05:21]   Missing preview:        ['spatial_conv.1.weight', 'spatial_conv.1.bias', 'final_layer.1.weight', 'final_layer.1.bias']
[2026-04-08 23:05:21]   Unexpected preview:     []
[2026-04-08 23:06:43]   Fold 3/5 | best_epoch=5000 | stop=5000 | val_loss=0.0009 | acc=1.0000 | bal_acc=1.0000
[2026-04-08 23:06:43]     Train class counts: [32, 32, 32, 32]
[2026-04-08 23:06:43]     Val class counts:   [8, 8, 8, 8]
[2026-04-08 23:06:43]     Test class counts:  [10, 10, 10, 10]
[2026-04-08 23:06:43] Building model with input window duration: 4.1875 s
[2026-04-08 23:06:43] Pretrained weight loading:
[2026-04-08 23:06:43]   Downloaded keys:        179
[2026-04-08 23:06:43]   Filtered (transformer): 172
[2026-04-08 23:06:43]   Filtered (pos_encoder): 0
[2026-04-08 23:06:43]   Keys to load:           7
[2026-04-08 23:06:43]   Missing keys:           4
[2026-04-08 23:06:43]   Unexpected keys:        0
[2026-04-08 23:06:43]   Missing preview:        ['spatial_conv.1.weight', 'spatial_conv.1.bias', 'final_layer.1.weight', 'final_layer.1.bias']
[2026-04-08 23:06:43]   Unexpected preview:     []
[2026-04-08 23:08:05]   Fold 4/5 | best_epoch=5000 | stop=5000 | val_loss=0.0027 | acc=1.0000 | bal_acc=1.0000
[2026-04-08 23:08:05]     Train class counts: [32, 32, 32, 32]
[2026-04-08 23:08:05]     Val class counts:   [8, 8, 8, 8]
[2026-04-08 23:08:05]     Test class counts:  [10, 10, 10, 10]
[2026-04-08 23:08:05] Building model with input window duration: 4.1875 s
[2026-04-08 23:08:05] Pretrained weight loading:
[2026-04-08 23:08:05]   Downloaded keys:        179
[2026-04-08 23:08:05]   Filtered (transformer): 172
[2026-04-08 23:08:05]   Filtered (pos_encoder): 0
[2026-04-08 23:08:05]   Keys to load:           7
[2026-04-08 23:08:05]   Missing keys:           4
[2026-04-08 23:08:05]   Unexpected keys:        0
[2026-04-08 23:08:05]   Missing preview:        ['spatial_conv.1.weight', 'spatial_conv.1.bias', 'final_layer.1.weight', 'final_layer.1.bias']
[2026-04-08 23:08:05]   Unexpected preview:     []
[2026-04-08 23:09:27]   Fold 5/5 | best_epoch=4998 | stop=5000 | val_loss=0.0026 | acc=1.0000 | bal_acc=1.0000
[2026-04-08 23:09:27]   Subject 53 summary: acc=1.0000±0.0000  bal_acc=1.0000±0.0000

[2026-04-08 23:09:27] Subject 54: 200 windows | class_counts=[50, 50, 50, 50]
[2026-04-08 23:09:27]   Fold 1 class counts: train=[32, 32, 32, 32] val=[8, 8, 8, 8] test=[10, 10, 10, 10]
[2026-04-08 23:09:27]   Fold 2 class counts: train=[32, 32, 32, 32] val=[8, 8, 8, 8] test=[10, 10, 10, 10]
[2026-04-08 23:09:27]   Fold 3 class counts: train=[32, 32, 32, 32] val=[8, 8, 8, 8] test=[10, 10, 10, 10]
[2026-04-08 23:09:27]   Fold 4 class counts: train=[32, 32, 32, 32] val=[8, 8, 8, 8] test=[10, 10, 10, 10]
[2026-04-08 23:09:27]   Fold 5 class counts: train=[32, 32, 32, 32] val=[8, 8, 8, 8] test=[10, 10, 10, 10]
[2026-04-08 23:09:27]     Train class counts: [32, 32, 32, 32]
[2026-04-08 23:09:27]     Val class counts:   [8, 8, 8, 8]
[2026-04-08 23:09:27]     Test class counts:  [10, 10, 10, 10]
[2026-04-08 23:09:27] Building model with input window duration: 4.1875 s
[2026-04-08 23:09:27] Pretrained weight loading:
[2026-04-08 23:09:27]   Downloaded keys:        179
[2026-04-08 23:09:27]   Filtered (transformer): 172
[2026-04-08 23:09:27]   Filtered (pos_encoder): 0
[2026-04-08 23:09:27]   Keys to load:           7
[2026-04-08 23:09:27]   Missing keys:           4
[2026-04-08 23:09:27]   Unexpected keys:        0
[2026-04-08 23:09:27]   Missing preview:        ['spatial_conv.1.weight', 'spatial_conv.1.bias', 'final_layer.1.weight', 'final_layer.1.bias']
[2026-04-08 23:09:27]   Unexpected preview:     []
[2026-04-08 23:10:15]   Fold 1/5 | best_epoch=2860 | stop=2910 | val_loss=0.4166 | acc=0.8750 | bal_acc=0.8750
[2026-04-08 23:10:15]     Train class counts: [32, 32, 32, 32]
[2026-04-08 23:10:15]     Val class counts:   [8, 8, 8, 8]
[2026-04-08 23:10:15]     Test class counts:  [10, 10, 10, 10]
[2026-04-08 23:10:15] Building model with input window duration: 4.1875 s
[2026-04-08 23:10:15] Pretrained weight loading:
[2026-04-08 23:10:15]   Downloaded keys:        179
[2026-04-08 23:10:15]   Filtered (transformer): 172
[2026-04-08 23:10:15]   Filtered (pos_encoder): 0
[2026-04-08 23:10:15]   Keys to load:           7
[2026-04-08 23:10:15]   Missing keys:           4
[2026-04-08 23:10:15]   Unexpected keys:        0
[2026-04-08 23:10:15]   Missing preview:        ['spatial_conv.1.weight', 'spatial_conv.1.bias', 'final_layer.1.weight', 'final_layer.1.bias']
[2026-04-08 23:10:15]   Unexpected preview:     []
[2026-04-08 23:10:48]   Fold 2/5 | best_epoch=1978 | stop=2028 | val_loss=0.5166 | acc=0.8750 | bal_acc=0.8750
[2026-04-08 23:10:48]     Train class counts: [32, 32, 32, 32]
[2026-04-08 23:10:48]     Val class counts:   [8, 8, 8, 8]
[2026-04-08 23:10:48]     Test class counts:  [10, 10, 10, 10]
[2026-04-08 23:10:48] Building model with input window duration: 4.1875 s
[2026-04-08 23:10:48] Pretrained weight loading:
[2026-04-08 23:10:48]   Downloaded keys:        179
[2026-04-08 23:10:48]   Filtered (transformer): 172
[2026-04-08 23:10:48]   Filtered (pos_encoder): 0
[2026-04-08 23:10:48]   Keys to load:           7
[2026-04-08 23:10:48]   Missing keys:           4
[2026-04-08 23:10:48]   Unexpected keys:        0
[2026-04-08 23:10:48]   Missing preview:        ['spatial_conv.1.weight', 'spatial_conv.1.bias', 'final_layer.1.weight', 'final_layer.1.bias']
[2026-04-08 23:10:48]   Unexpected preview:     []
[2026-04-08 23:11:24]   Fold 3/5 | best_epoch=2172 | stop=2222 | val_loss=0.5493 | acc=0.9000 | bal_acc=0.9000
[2026-04-08 23:11:24]     Train class counts: [32, 32, 32, 32]
[2026-04-08 23:11:24]     Val class counts:   [8, 8, 8, 8]
[2026-04-08 23:11:24]     Test class counts:  [10, 10, 10, 10]
[2026-04-08 23:11:24] Building model with input window duration: 4.1875 s
[2026-04-08 23:11:24] Pretrained weight loading:
[2026-04-08 23:11:24]   Downloaded keys:        179
[2026-04-08 23:11:24]   Filtered (transformer): 172
[2026-04-08 23:11:24]   Filtered (pos_encoder): 0
[2026-04-08 23:11:24]   Keys to load:           7
[2026-04-08 23:11:24]   Missing keys:           4
[2026-04-08 23:11:24]   Unexpected keys:        0
[2026-04-08 23:11:24]   Missing preview:        ['spatial_conv.1.weight', 'spatial_conv.1.bias', 'final_layer.1.weight', 'final_layer.1.bias']
[2026-04-08 23:11:24]   Unexpected preview:     []
[2026-04-08 23:12:19]   Fold 4/5 | best_epoch=3317 | stop=3367 | val_loss=0.4464 | acc=0.8000 | bal_acc=0.8000
[2026-04-08 23:12:19]     Train class counts: [32, 32, 32, 32]
[2026-04-08 23:12:19]     Val class counts:   [8, 8, 8, 8]
[2026-04-08 23:12:19]     Test class counts:  [10, 10, 10, 10]
[2026-04-08 23:12:19] Building model with input window duration: 4.1875 s
[2026-04-08 23:12:19] Pretrained weight loading:
[2026-04-08 23:12:19]   Downloaded keys:        179
[2026-04-08 23:12:19]   Filtered (transformer): 172
[2026-04-08 23:12:19]   Filtered (pos_encoder): 0
[2026-04-08 23:12:19]   Keys to load:           7
[2026-04-08 23:12:19]   Missing keys:           4
[2026-04-08 23:12:19]   Unexpected keys:        0
[2026-04-08 23:12:19]   Missing preview:        ['spatial_conv.1.weight', 'spatial_conv.1.bias', 'final_layer.1.weight', 'final_layer.1.bias']
[2026-04-08 23:12:19]   Unexpected preview:     []
[2026-04-08 23:13:06]   Fold 5/5 | best_epoch=2793 | stop=2843 | val_loss=0.4790 | acc=0.7750 | bal_acc=0.7750
[2026-04-08 23:13:06]   Subject 54 summary: acc=0.8450±0.0485  bal_acc=0.8450±0.0485

[2026-04-08 23:13:06] Total folds completed: 35
[2026-04-08 23:13:06] ======================================================================
[2026-04-08 23:13:06] AGGREGATED RESULTS
[2026-04-08 23:13:06] ======================================================================
[2026-04-08 23:13:06]   Subject 48:  acc=0.9950±0.0100  bal_acc=0.9950±0.0100
[2026-04-08 23:13:06]   Subject 49:  acc=0.9650±0.0255  bal_acc=0.9650±0.0255
[2026-04-08 23:13:06]   Subject 50:  acc=0.9900±0.0122  bal_acc=0.9900±0.0122
[2026-04-08 23:13:06]   Subject 51:  acc=0.6200±0.1728  bal_acc=0.6200±0.1728
[2026-04-08 23:13:06]   Subject 52:  acc=0.9750±0.0158  bal_acc=0.9750±0.0158
[2026-04-08 23:13:06]   Subject 53:  acc=1.0000±0.0000  bal_acc=1.0000±0.0000
[2026-04-08 23:13:06]   Subject 54:  acc=0.8450±0.0485  bal_acc=0.8450±0.0485
[2026-04-08 23:13:06] ----------------------------------------------------------------------
[2026-04-08 23:13:06]   OVERALL:      acc=0.9129±0.1467  bal_acc=0.9129±0.1467
[2026-04-08 23:13:06] ======================================================================
[2026-04-08 23:13:06] CV results saved to:      /home/vegorov/Repos/eeg_jepa_research/artifacts/lee-2019-fine-tuning/SSVEP/20260408_2238_d564163a/cv_results.json
[2026-04-08 23:13:06] Subject metrics saved to: /home/vegorov/Repos/eeg_jepa_research/artifacts/lee-2019-fine-tuning/SSVEP/20260408_2238_d564163a/subject_metrics.json
[2026-04-08 23:13:06] Global metrics saved to:  /home/vegorov/Repos/eeg_jepa_research/artifacts/lee-2019-fine-tuning/SSVEP/20260408_2238_d564163a/global_metrics.json
[2026-04-08 23:13:06] Run metadata saved to:    /home/vegorov/Repos/eeg_jepa_research/artifacts/lee-2019-fine-tuning/SSVEP/20260408_2238_d564163a/run_metadata.json

[2026-04-08 23:13:06] All artifacts in: /home/vegorov/Repos/eeg_jepa_research/artifacts/lee-2019-fine-tuning/SSVEP/20260408_2238_d564163a

[2026-04-08 23:13:06] ======================================================================
[2026-04-08 23:13:06] EXPERIMENT SUMMARY
[2026-04-08 23:13:06] ======================================================================
[2026-04-08 23:13:06] Run ID:    20260408_2238_d564163a
[2026-04-08 23:13:06] Artifacts: /home/vegorov/Repos/eeg_jepa_research/artifacts/lee-2019-fine-tuning/SSVEP/20260408_2238_d564163a

[2026-04-08 23:13:06] Configuration:
[2026-04-08 23:13:06]   Subjects:          [48, 49, 50, 51, 52, 53, 54]
[2026-04-08 23:13:06]   Bandpass:          0.5-40.0 Hz
[2026-04-08 23:13:06]   Resample:          128 Hz
[2026-04-08 23:13:06]   CV folds:          5
[2026-04-08 23:13:06]   Learning rate:     0.0003
[2026-04-08 23:13:06]   Batch size:        32
[2026-04-08 23:13:06]   Max epochs:        5000

[2026-04-08 23:13:06] Results:
[2026-04-08 23:13:06]   Mean Accuracy:          0.9129 ± 0.1467
[2026-04-08 23:13:06]   Mean Balanced Accuracy: 0.9129 ± 0.1467
