[2026-04-08 17:59:02] Using device: cpu
[2026-04-08 17:59:02] Seed control enabled: True
[2026-04-08 17:59:02] Base seed: 5
[2026-04-08 17:59:02] Seed initialized: 5
[2026-04-08 17:59:02] ======================================================================
[2026-04-08 17:59:02] CONFIGURATION
[2026-04-08 17:59:02] ======================================================================
[2026-04-08 17:59:02]   artifact_dir: /home/vegorov/Repos/eeg_jepa_research/artifacts/lee-2019-fine-tuning
[2026-04-08 17:59:02]   bandpass_high: 40.0
[2026-04-08 17:59:02]   bandpass_low: 0.5
[2026-04-08 17:59:02]   batch_size: 16
[2026-04-08 17:59:02]   convert_to_uV: True
[2026-04-08 17:59:02]   criterion: None
[2026-04-08 17:59:02]   cv_folds: 5
[2026-04-08 17:59:02]   device: auto
[2026-04-08 17:59:02]   early_stopping_patience: 50
[2026-04-08 17:59:02]   learning_rate: 0.03
[2026-04-08 17:59:02]   n_epochs: 5000
[2026-04-08 17:59:02]   normalization_method: None
[2026-04-08 17:59:02]   normalize: False
[2026-04-08 17:59:02]   optimizer: Adam
[2026-04-08 17:59:02]   paradigm: SSVEP
[2026-04-08 17:59:02]   pretrained_url: https://huggingface.co/braindecode/SignalJEPA/resolve/main/signal-jepa_16s-60_adeuwv4s.pth
[2026-04-08 17:59:02]   seed: 5
[2026-04-08 17:59:02]   set_eeg_reference: True
[2026-04-08 17:59:02]   set_seed: True
[2026-04-08 17:59:02]   sfreq: 128
[2026-04-08 17:59:02]   subjects_to_use: None
[2026-04-08 17:59:02]   val_split: 0.2
[2026-04-08 17:59:02] ======================================================================
[2026-04-08 17:59:02] Config saved to: /home/vegorov/Repos/eeg_jepa_research/artifacts/lee-2019-fine-tuning/SSVEP/20260408_1759_d0b4779b/config.json
[2026-04-08 17:59:02] Epoch window configuration:
[2026-04-08 17:59:02]   Target sfreq:                128 Hz
[2026-04-08 17:59:02]   Target duration:             4.190000 s
[2026-04-08 17:59:02]   Window samples (rounded):    536
[2026-04-08 17:59:02]   Base trial samples (4.0 s):  512
[2026-04-08 17:59:02]   Trial stop offset samples:   24
[2026-04-08 17:59:02]   Effective window duration:   4.187500 s
[2026-04-08 17:59:02] Dataset code: Lee2019-SSVEP
[2026-04-08 17:59:02] Subjects Total: 54
[2026-04-08 17:59:02] Events: {'12.0': 1, '8.57': 2, '6.67': 3, '5.45': 4}
[2026-04-08 17:59:02] Interval: [0.0, 4.0]
[2026-04-08 17:59:02] Paradigm: ssvep
[2026-04-08 17:59:02] Selected subjects: [48, 49, 50, 51, 52, 53, 54]
[2026-04-08 17:59:02] Expected evaluation folds: 35

[2026-04-08 17:59:02] Building MOABBDataset for Lee2019_SSVEP...
[2026-04-08 18:00:10] MOABBDataset recordings loaded: 14
[2026-04-08 18:00:10] Discovered annotation descriptions (first recording): [np.str_('12.0'), np.str_('5.45'), np.str_('6.67'), np.str_('8.57')]
[2026-04-08 18:00:10] Dataset event_id mapping: {'12.0': 1, '8.57': 2, '6.67': 3, '5.45': 4}
[2026-04-08 18:00:10] Label map (event_code -> class_index): {1: 0, 2: 1, 3: 2, 4: 3}
[2026-04-08 18:00:10] Applying Braindecode preprocessors to MOABBDataset...
[2026-04-08 18:00:55] Preprocessing complete.

[2026-04-08 18:00:55] Post-preprocessing validation
[2026-04-08 18:00:55]   Recordings in DATASET: 14
[2026-04-08 18:00:55]   Unique subject IDs:    ['48', '49', '50', '51', '52', '53', '54']
[2026-04-08 18:00:55]   sfreq (first rec):     128.0 Hz
[2026-04-08 18:00:55]   EEG channel count:     62
[2026-04-08 18:00:55]   First 10 channels:     ['Fp1', 'Fp2', 'F7', 'F3', 'Fz', 'F4', 'F8', 'FC5', 'FC1', 'FC2']
[2026-04-08 18:00:55] Channel consistency summary:
[2026-04-08 18:00:55]   Checked runs: 14
[2026-04-08 18:00:55]   Unique channel counts: [62]
[2026-04-08 18:00:55]   Channel order consistent: True
[2026-04-08 18:00:55] Validated EEG channels: 62
[2026-04-08 18:00:55] First 10 EEG channels: ['Fp1', 'Fp2', 'F7', 'F3', 'Fz', 'F4', 'F8', 'FC5', 'FC1', 'FC2']
[2026-04-08 18:00:55] raw mean_abs=6.260925e+00
[2026-04-08 18:00:55] raw std=1.367558e+01
[2026-04-08 18:00:55] raw first5 channel std= [25.7487628  33.90435699 12.52572271  7.29424492  6.6773028 ]
[2026-04-08 18:00:55] Requested window samples: 536
[2026-04-08 18:00:55] Base trial samples:       512
[2026-04-08 18:00:55] Stop offset samples:      24
[2026-04-08 18:00:55] Global class counts: [350, 350, 350, 350]
[2026-04-08 18:00:55] Chance level (4-class): 0.25
[2026-04-08 18:00:55] One window shape: (62, 536)
[2026-04-08 18:00:55] One window label: 2
[2026-04-08 18:00:55] Window sample length expected=536, got=536
[2026-04-08 18:00:55] Subjects in window split: [48, 49, 50, 51, 52, 53, 54]
[2026-04-08 18:00:55] Summarizing per-subject windows...
[2026-04-08 18:00:55]   Subject 48: n_windows=200, window_shape=(62, 536), class_counts=[50, 50, 50, 50]
[2026-04-08 18:00:55]   Subject 49: n_windows=200, window_shape=(62, 536), class_counts=[50, 50, 50, 50]
[2026-04-08 18:00:55]   Subject 50: n_windows=200, window_shape=(62, 536), class_counts=[50, 50, 50, 50]
[2026-04-08 18:00:55]   Subject 51: n_windows=200, window_shape=(62, 536), class_counts=[50, 50, 50, 50]
[2026-04-08 18:00:55]   Subject 52: n_windows=200, window_shape=(62, 536), class_counts=[50, 50, 50, 50]
[2026-04-08 18:00:55]   Subject 53: n_windows=200, window_shape=(62, 536), class_counts=[50, 50, 50, 50]
[2026-04-08 18:00:55]   Subject 54: n_windows=200, window_shape=(62, 536), class_counts=[50, 50, 50, 50]
[2026-04-08 18:00:55]    subject_id  n_windows  n_channels  n_times      class_counts
0          48        200          62      536  [50, 50, 50, 50]
1          49        200          62      536  [50, 50, 50, 50]
2          50        200          62      536  [50, 50, 50, 50]
3          51        200          62      536  [50, 50, 50, 50]
4          52        200          62      536  [50, 50, 50, 50]
5          53        200          62      536  [50, 50, 50, 50]
6          54        200          62      536  [50, 50, 50, 50]
[2026-04-08 18:00:55] Window validation summary:
[2026-04-08 18:00:55]   Subject 48: n_windows=200 class_counts=[50, 50, 50, 50]
[2026-04-08 18:00:55]   Subject 49: n_windows=200 class_counts=[50, 50, 50, 50]
[2026-04-08 18:00:55]   Subject 50: n_windows=200 class_counts=[50, 50, 50, 50]
[2026-04-08 18:00:55]   Subject 51: n_windows=200 class_counts=[50, 50, 50, 50]
[2026-04-08 18:00:55]   Subject 52: n_windows=200 class_counts=[50, 50, 50, 50]
[2026-04-08 18:00:55]   Subject 53: n_windows=200 class_counts=[50, 50, 50, 50]
[2026-04-08 18:00:55]   Subject 54: n_windows=200 class_counts=[50, 50, 50, 50]

[2026-04-08 18:00:55] Validated sampling rate target: 128 Hz
[2026-04-08 18:00:55] Validated window sample count:   536
[2026-04-08 18:00:55] Validated window duration:       4.1875 s
[2026-04-08 18:00:55] Validated channel count:         62
[2026-04-08 18:00:55] Total windows retained:          1400
[2026-04-08 18:00:55] Preprocessing sanity checks:
[2026-04-08 18:00:55]   One sample label: 2
[2026-04-08 18:00:55]   One sample shape: (62, 536)
[2026-04-08 18:00:55]   Mean(abs(signal)): 3.194527e+00
[2026-04-08 18:00:55]   Mean(signal):      6.428233e-09
[2026-04-08 18:00:55]   Std(signal):       4.182395e+00
[2026-04-08 18:00:55] Building model with input window duration: 4.1875 s
[2026-04-08 18:00:55] SignalJEPA_PreLocal instantiated successfully.
[2026-04-08 18:00:55]   Total parameters:     18,192
[2026-04-08 18:00:55]   Trainable parameters: 18,192
[2026-04-08 18:00:55] ======================================================================================================================================================
Layer (type (var_name):depth-idx)                  Input Shape               Output Shape              Param #                   Kernel Shape
======================================================================================================================================================
SignalJEPA_PreLocal (SignalJEPA_PreLocal)          [1, 62, 536]              [1, 4]                    --                        --
├─Sequential (spatial_conv): 1-1                   [1, 62, 536]              [1, 4, 536]               --                        --
│    └─Rearrange (0): 2-1                          [1, 62, 536]              [1, 1, 62, 536]           --                        --
│    └─Conv2d (1): 2-2                             [1, 1, 62, 536]           [1, 4, 1, 536]            252                       [62, 1]
│    └─Rearrange (2): 2-3                          [1, 4, 1, 536]            [1, 4, 536]               --                        --
├─_ConvFeatureEncoder (feature_encoder): 1-2       [1, 4, 536]               [1, 16, 64]               --                        --
│    └─Rearrange (0): 2-4                          [1, 4, 536]               [4, 1, 536]               --                        --
│    └─Sequential (1): 2-5                         [4, 1, 536]               [4, 8, 64]                --                        --
│    │    └─Conv1d (0): 3-1                        [4, 1, 536]               [4, 8, 64]                256                       [32]
│    │    └─Dropout (1): 3-2                       [4, 8, 64]                [4, 8, 64]                --                        --
│    │    └─GroupNorm (2): 3-3                     [4, 8, 64]                [4, 8, 64]                16                        --
│    │    └─GELU (3): 3-4                          [4, 8, 64]                [4, 8, 64]                --                        --
│    └─Sequential (2): 2-6                         [4, 8, 64]                [4, 16, 32]               --                        --
│    │    └─Conv1d (0): 3-5                        [4, 8, 64]                [4, 16, 32]               256                       [2]
│    │    └─Dropout (1): 3-6                       [4, 16, 32]               [4, 16, 32]               --                        --
│    │    └─GELU (2): 3-7                          [4, 16, 32]               [4, 16, 32]               --                        --
│    └─Sequential (3): 2-7                         [4, 16, 32]               [4, 32, 16]               --                        --
│    │    └─Conv1d (0): 3-8                        [4, 16, 32]               [4, 32, 16]               1,024                     [2]
│    │    └─Dropout (1): 3-9                       [4, 32, 16]               [4, 32, 16]               --                        --
│    │    └─GELU (2): 3-10                         [4, 32, 16]               [4, 32, 16]               --                        --
│    └─Sequential (4): 2-8                         [4, 32, 16]               [4, 64, 8]                --                        --
│    │    └─Conv1d (0): 3-11                       [4, 32, 16]               [4, 64, 8]                4,096                     [2]
│    │    └─Dropout (1): 3-12                      [4, 64, 8]                [4, 64, 8]                --                        --
│    │    └─GELU (2): 3-13                         [4, 64, 8]                [4, 64, 8]                --                        --
│    └─Sequential (5): 2-9                         [4, 64, 8]                [4, 64, 4]                --                        --
│    │    └─Conv1d (0): 3-14                       [4, 64, 8]                [4, 64, 4]                8,192                     [2]
│    │    └─Dropout (1): 3-15                      [4, 64, 4]                [4, 64, 4]                --                        --
│    │    └─GELU (2): 3-16                         [4, 64, 4]                [4, 64, 4]                --                        --
│    └─Rearrange (6): 2-10                         [4, 64, 4]                [1, 16, 64]               --                        --
├─Sequential (final_layer): 1-3                    [1, 16, 64]               [1, 4]                    --                        --
│    └─Flatten (0): 2-11                           [1, 16, 64]               [1, 1024]                 --                        --
│    └─Linear (1): 2-12                            [1, 1024]                 [1, 4]                    4,100                     --
======================================================================================================================================================
Total params: 18,192
Trainable params: 18,192
Non-trainable params: 0
Total mult-adds (Units.MEGABYTES): 0.57
======================================================================================================================================================
Input size (MB): 0.13
Forward/backward pass size (MB): 0.11
Params size (MB): 0.07
Estimated Total Size (MB): 0.31
======================================================================================================================================================
[2026-04-08 18:00:55] Initializing from 16s-60 pretrained checkpoint (Hugging Face):
[2026-04-08 18:00:55]   https://huggingface.co/braindecode/SignalJEPA/resolve/main/signal-jepa_16s-60_adeuwv4s.pth
[2026-04-08 18:00:56]   Downloaded 179 keys
[2026-04-08 18:00:56] ======================================================================
[2026-04-08 18:00:56] STARTING CROSS-VALIDATION
[2026-04-08 18:00:56] ======================================================================
[2026-04-08 18:00:56] Subjects:      [48, 49, 50, 51, 52, 53, 54]
[2026-04-08 18:00:56] CV folds:      5
[2026-04-08 18:00:56] Batch size:    16
[2026-04-08 18:00:56] Max epochs:    5000
[2026-04-08 18:00:56] Device:        cpu
[2026-04-08 18:00:56] Seed control:  True
[2026-04-08 18:00:56] Base seed:     5
[2026-04-08 18:00:56] ======================================================================

[2026-04-08 18:00:56] Subject 48: 200 windows | class_counts=[50, 50, 50, 50]
[2026-04-08 18:00:56]   Fold 1 class counts: train=[32, 32, 32, 32] val=[8, 8, 8, 8] test=[10, 10, 10, 10]
[2026-04-08 18:00:56]   Fold 2 class counts: train=[32, 32, 32, 32] val=[8, 8, 8, 8] test=[10, 10, 10, 10]
[2026-04-08 18:00:56]   Fold 3 class counts: train=[32, 32, 32, 32] val=[8, 8, 8, 8] test=[10, 10, 10, 10]
[2026-04-08 18:00:56]   Fold 4 class counts: train=[32, 32, 32, 32] val=[8, 8, 8, 8] test=[10, 10, 10, 10]
[2026-04-08 18:00:56]   Fold 5 class counts: train=[32, 32, 32, 32] val=[8, 8, 8, 8] test=[10, 10, 10, 10]
[2026-04-08 18:00:56]     Train class counts: [32, 32, 32, 32]
[2026-04-08 18:00:56]     Val class counts:   [8, 8, 8, 8]
[2026-04-08 18:00:56]     Test class counts:  [10, 10, 10, 10]
[2026-04-08 18:00:56] Building model with input window duration: 4.1875 s
[2026-04-08 18:00:56] Pretrained weight loading:
[2026-04-08 18:00:56]   Downloaded keys:        179
[2026-04-08 18:00:56]   Filtered (transformer): 172
[2026-04-08 18:00:56]   Filtered (pos_encoder): 0
[2026-04-08 18:00:56]   Keys to load:           7
[2026-04-08 18:00:56]   Missing keys:           4
[2026-04-08 18:00:56]   Unexpected keys:        0
[2026-04-08 18:00:56]   Missing preview:        ['spatial_conv.1.weight', 'spatial_conv.1.bias', 'final_layer.1.weight', 'final_layer.1.bias']
[2026-04-08 18:00:56]   Unexpected preview:     []
[2026-04-08 18:00:56] Trainable modules: spatial_conv + final_layer (4,352 / 18,192 params, 23.9%)
[2026-04-08 18:00:56]   - final_layer.1.bias
[2026-04-08 18:00:56]   - final_layer.1.weight
[2026-04-08 18:00:56]   - spatial_conv.1.bias
[2026-04-08 18:00:56]   - spatial_conv.1.weight
[2026-04-08 18:01:10]   Fold 1/5 | best_epoch=539 | stop=589 | val_loss=0.0108 | acc=0.9500 | bal_acc=0.9500
[2026-04-08 18:01:10]     Train class counts: [32, 32, 32, 32]
[2026-04-08 18:01:10]     Val class counts:   [8, 8, 8, 8]
[2026-04-08 18:01:10]     Test class counts:  [10, 10, 10, 10]
[2026-04-08 18:01:10] Building model with input window duration: 4.1875 s
[2026-04-08 18:01:10] Pretrained weight loading:
[2026-04-08 18:01:10]   Downloaded keys:        179
[2026-04-08 18:01:10]   Filtered (transformer): 172
[2026-04-08 18:01:10]   Filtered (pos_encoder): 0
[2026-04-08 18:01:10]   Keys to load:           7
[2026-04-08 18:01:10]   Missing keys:           4
[2026-04-08 18:01:10]   Unexpected keys:        0
[2026-04-08 18:01:10]   Missing preview:        ['spatial_conv.1.weight', 'spatial_conv.1.bias', 'final_layer.1.weight', 'final_layer.1.bias']
[2026-04-08 18:01:10]   Unexpected preview:     []
[2026-04-08 18:01:42]   Fold 2/5 | best_epoch=1334 | stop=1384 | val_loss=0.0009 | acc=1.0000 | bal_acc=1.0000
[2026-04-08 18:01:42]     Train class counts: [32, 32, 32, 32]
[2026-04-08 18:01:42]     Val class counts:   [8, 8, 8, 8]
[2026-04-08 18:01:42]     Test class counts:  [10, 10, 10, 10]
[2026-04-08 18:01:42] Building model with input window duration: 4.1875 s
[2026-04-08 18:01:42] Pretrained weight loading:
[2026-04-08 18:01:42]   Downloaded keys:        179
[2026-04-08 18:01:42]   Filtered (transformer): 172
[2026-04-08 18:01:42]   Filtered (pos_encoder): 0
[2026-04-08 18:01:42]   Keys to load:           7
[2026-04-08 18:01:42]   Missing keys:           4
[2026-04-08 18:01:42]   Unexpected keys:        0
[2026-04-08 18:01:42]   Missing preview:        ['spatial_conv.1.weight', 'spatial_conv.1.bias', 'final_layer.1.weight', 'final_layer.1.bias']
[2026-04-08 18:01:42]   Unexpected preview:     []
[2026-04-08 18:02:06]   Fold 3/5 | best_epoch=1001 | stop=1051 | val_loss=0.0033 | acc=1.0000 | bal_acc=1.0000
[2026-04-08 18:02:06]     Train class counts: [32, 32, 32, 32]
[2026-04-08 18:02:06]     Val class counts:   [8, 8, 8, 8]
[2026-04-08 18:02:06]     Test class counts:  [10, 10, 10, 10]
[2026-04-08 18:02:06] Building model with input window duration: 4.1875 s
[2026-04-08 18:02:06] Pretrained weight loading:
[2026-04-08 18:02:06]   Downloaded keys:        179
[2026-04-08 18:02:06]   Filtered (transformer): 172
[2026-04-08 18:02:06]   Filtered (pos_encoder): 0
[2026-04-08 18:02:06]   Keys to load:           7
[2026-04-08 18:02:06]   Missing keys:           4
[2026-04-08 18:02:06]   Unexpected keys:        0
[2026-04-08 18:02:06]   Missing preview:        ['spatial_conv.1.weight', 'spatial_conv.1.bias', 'final_layer.1.weight', 'final_layer.1.bias']
[2026-04-08 18:02:06]   Unexpected preview:     []
[2026-04-08 18:02:08]   Fold 4/5 | best_epoch=39 | stop=89 | val_loss=0.1075 | acc=1.0000 | bal_acc=1.0000
[2026-04-08 18:02:08]     Train class counts: [32, 32, 32, 32]
[2026-04-08 18:02:08]     Val class counts:   [8, 8, 8, 8]
[2026-04-08 18:02:08]     Test class counts:  [10, 10, 10, 10]
[2026-04-08 18:02:08] Building model with input window duration: 4.1875 s
[2026-04-08 18:02:08] Pretrained weight loading:
[2026-04-08 18:02:08]   Downloaded keys:        179
[2026-04-08 18:02:08]   Filtered (transformer): 172
[2026-04-08 18:02:08]   Filtered (pos_encoder): 0
[2026-04-08 18:02:08]   Keys to load:           7
[2026-04-08 18:02:08]   Missing keys:           4
[2026-04-08 18:02:08]   Unexpected keys:        0
[2026-04-08 18:02:08]   Missing preview:        ['spatial_conv.1.weight', 'spatial_conv.1.bias', 'final_layer.1.weight', 'final_layer.1.bias']
[2026-04-08 18:02:08]   Unexpected preview:     []
[2026-04-08 18:02:47]   Fold 5/5 | best_epoch=1540 | stop=1590 | val_loss=0.0026 | acc=1.0000 | bal_acc=1.0000
[2026-04-08 18:02:47]   Subject 48 summary: acc=0.9900±0.0200  bal_acc=0.9900±0.0200

[2026-04-08 18:02:47] Subject 49: 200 windows | class_counts=[50, 50, 50, 50]
[2026-04-08 18:02:47]   Fold 1 class counts: train=[32, 32, 32, 32] val=[8, 8, 8, 8] test=[10, 10, 10, 10]
[2026-04-08 18:02:47]   Fold 2 class counts: train=[32, 32, 32, 32] val=[8, 8, 8, 8] test=[10, 10, 10, 10]
[2026-04-08 18:02:47]   Fold 3 class counts: train=[32, 32, 32, 32] val=[8, 8, 8, 8] test=[10, 10, 10, 10]
[2026-04-08 18:02:47]   Fold 4 class counts: train=[32, 32, 32, 32] val=[8, 8, 8, 8] test=[10, 10, 10, 10]
[2026-04-08 18:02:47]   Fold 5 class counts: train=[32, 32, 32, 32] val=[8, 8, 8, 8] test=[10, 10, 10, 10]
[2026-04-08 18:02:47]     Train class counts: [32, 32, 32, 32]
[2026-04-08 18:02:47]     Val class counts:   [8, 8, 8, 8]
[2026-04-08 18:02:47]     Test class counts:  [10, 10, 10, 10]
[2026-04-08 18:02:47] Building model with input window duration: 4.1875 s
[2026-04-08 18:02:47] Pretrained weight loading:
[2026-04-08 18:02:47]   Downloaded keys:        179
[2026-04-08 18:02:47]   Filtered (transformer): 172
[2026-04-08 18:02:47]   Filtered (pos_encoder): 0
[2026-04-08 18:02:47]   Keys to load:           7
[2026-04-08 18:02:47]   Missing keys:           4
[2026-04-08 18:02:47]   Unexpected keys:        0
[2026-04-08 18:02:47]   Missing preview:        ['spatial_conv.1.weight', 'spatial_conv.1.bias', 'final_layer.1.weight', 'final_layer.1.bias']
[2026-04-08 18:02:47]   Unexpected preview:     []
[2026-04-08 18:03:05]   Fold 1/5 | best_epoch=740 | stop=790 | val_loss=0.0082 | acc=1.0000 | bal_acc=1.0000
[2026-04-08 18:03:05]     Train class counts: [32, 32, 32, 32]
[2026-04-08 18:03:05]     Val class counts:   [8, 8, 8, 8]
[2026-04-08 18:03:05]     Test class counts:  [10, 10, 10, 10]
[2026-04-08 18:03:05] Building model with input window duration: 4.1875 s
[2026-04-08 18:03:05] Pretrained weight loading:
[2026-04-08 18:03:05]   Downloaded keys:        179
[2026-04-08 18:03:05]   Filtered (transformer): 172
[2026-04-08 18:03:05]   Filtered (pos_encoder): 0
[2026-04-08 18:03:05]   Keys to load:           7
[2026-04-08 18:03:05]   Missing keys:           4
[2026-04-08 18:03:05]   Unexpected keys:        0
[2026-04-08 18:03:05]   Missing preview:        ['spatial_conv.1.weight', 'spatial_conv.1.bias', 'final_layer.1.weight', 'final_layer.1.bias']
[2026-04-08 18:03:05]   Unexpected preview:     []
[2026-04-08 18:03:25]   Fold 2/5 | best_epoch=835 | stop=885 | val_loss=0.0242 | acc=0.9500 | bal_acc=0.9500
[2026-04-08 18:03:25]     Train class counts: [32, 32, 32, 32]
[2026-04-08 18:03:25]     Val class counts:   [8, 8, 8, 8]
[2026-04-08 18:03:25]     Test class counts:  [10, 10, 10, 10]
[2026-04-08 18:03:25] Building model with input window duration: 4.1875 s
[2026-04-08 18:03:25] Pretrained weight loading:
[2026-04-08 18:03:25]   Downloaded keys:        179
[2026-04-08 18:03:25]   Filtered (transformer): 172
[2026-04-08 18:03:25]   Filtered (pos_encoder): 0
[2026-04-08 18:03:25]   Keys to load:           7
[2026-04-08 18:03:25]   Missing keys:           4
[2026-04-08 18:03:25]   Unexpected keys:        0
[2026-04-08 18:03:25]   Missing preview:        ['spatial_conv.1.weight', 'spatial_conv.1.bias', 'final_layer.1.weight', 'final_layer.1.bias']
[2026-04-08 18:03:25]   Unexpected preview:     []
[2026-04-08 18:03:42]   Fold 3/5 | best_epoch=707 | stop=757 | val_loss=0.0172 | acc=0.9250 | bal_acc=0.9250
[2026-04-08 18:03:42]     Train class counts: [32, 32, 32, 32]
[2026-04-08 18:03:42]     Val class counts:   [8, 8, 8, 8]
[2026-04-08 18:03:42]     Test class counts:  [10, 10, 10, 10]
[2026-04-08 18:03:42] Building model with input window duration: 4.1875 s
[2026-04-08 18:03:42] Pretrained weight loading:
[2026-04-08 18:03:42]   Downloaded keys:        179
[2026-04-08 18:03:42]   Filtered (transformer): 172
[2026-04-08 18:03:42]   Filtered (pos_encoder): 0
[2026-04-08 18:03:42]   Keys to load:           7
[2026-04-08 18:03:42]   Missing keys:           4
[2026-04-08 18:03:42]   Unexpected keys:        0
[2026-04-08 18:03:42]   Missing preview:        ['spatial_conv.1.weight', 'spatial_conv.1.bias', 'final_layer.1.weight', 'final_layer.1.bias']
[2026-04-08 18:03:42]   Unexpected preview:     []
[2026-04-08 18:03:47]   Fold 4/5 | best_epoch=138 | stop=188 | val_loss=0.0766 | acc=0.9750 | bal_acc=0.9750
[2026-04-08 18:03:47]     Train class counts: [32, 32, 32, 32]
[2026-04-08 18:03:47]     Val class counts:   [8, 8, 8, 8]
[2026-04-08 18:03:47]     Test class counts:  [10, 10, 10, 10]
[2026-04-08 18:03:47] Building model with input window duration: 4.1875 s
[2026-04-08 18:03:47] Pretrained weight loading:
[2026-04-08 18:03:47]   Downloaded keys:        179
[2026-04-08 18:03:47]   Filtered (transformer): 172
[2026-04-08 18:03:47]   Filtered (pos_encoder): 0
[2026-04-08 18:03:47]   Keys to load:           7
[2026-04-08 18:03:47]   Missing keys:           4
[2026-04-08 18:03:47]   Unexpected keys:        0
[2026-04-08 18:03:47]   Missing preview:        ['spatial_conv.1.weight', 'spatial_conv.1.bias', 'final_layer.1.weight', 'final_layer.1.bias']
[2026-04-08 18:03:47]   Unexpected preview:     []
[2026-04-08 18:04:36]   Fold 5/5 | best_epoch=2112 | stop=2162 | val_loss=0.0003 | acc=0.9750 | bal_acc=0.9750
[2026-04-08 18:04:36]   Subject 49 summary: acc=0.9650±0.0255  bal_acc=0.9650±0.0255

[2026-04-08 18:04:36] Subject 50: 200 windows | class_counts=[50, 50, 50, 50]
[2026-04-08 18:04:36]   Fold 1 class counts: train=[32, 32, 32, 32] val=[8, 8, 8, 8] test=[10, 10, 10, 10]
[2026-04-08 18:04:36]   Fold 2 class counts: train=[32, 32, 32, 32] val=[8, 8, 8, 8] test=[10, 10, 10, 10]
[2026-04-08 18:04:36]   Fold 3 class counts: train=[32, 32, 32, 32] val=[8, 8, 8, 8] test=[10, 10, 10, 10]
[2026-04-08 18:04:36]   Fold 4 class counts: train=[32, 32, 32, 32] val=[8, 8, 8, 8] test=[10, 10, 10, 10]
[2026-04-08 18:04:36]   Fold 5 class counts: train=[32, 32, 32, 32] val=[8, 8, 8, 8] test=[10, 10, 10, 10]
[2026-04-08 18:04:36]     Train class counts: [32, 32, 32, 32]
[2026-04-08 18:04:36]     Val class counts:   [8, 8, 8, 8]
[2026-04-08 18:04:36]     Test class counts:  [10, 10, 10, 10]
[2026-04-08 18:04:36] Building model with input window duration: 4.1875 s
[2026-04-08 18:04:36] Pretrained weight loading:
[2026-04-08 18:04:36]   Downloaded keys:        179
[2026-04-08 18:04:36]   Filtered (transformer): 172
[2026-04-08 18:04:36]   Filtered (pos_encoder): 0
[2026-04-08 18:04:36]   Keys to load:           7
[2026-04-08 18:04:36]   Missing keys:           4
[2026-04-08 18:04:36]   Unexpected keys:        0
[2026-04-08 18:04:36]   Missing preview:        ['spatial_conv.1.weight', 'spatial_conv.1.bias', 'final_layer.1.weight', 'final_layer.1.bias']
[2026-04-08 18:04:36]   Unexpected preview:     []
[2026-04-08 18:05:06]   Fold 1/5 | best_epoch=1253 | stop=1303 | val_loss=0.0002 | acc=1.0000 | bal_acc=1.0000
[2026-04-08 18:05:06]     Train class counts: [32, 32, 32, 32]
[2026-04-08 18:05:06]     Val class counts:   [8, 8, 8, 8]
[2026-04-08 18:05:06]     Test class counts:  [10, 10, 10, 10]
[2026-04-08 18:05:06] Building model with input window duration: 4.1875 s
[2026-04-08 18:05:06] Pretrained weight loading:
[2026-04-08 18:05:06]   Downloaded keys:        179
[2026-04-08 18:05:06]   Filtered (transformer): 172
[2026-04-08 18:05:06]   Filtered (pos_encoder): 0
[2026-04-08 18:05:06]   Keys to load:           7
[2026-04-08 18:05:06]   Missing keys:           4
[2026-04-08 18:05:06]   Unexpected keys:        0
[2026-04-08 18:05:06]   Missing preview:        ['spatial_conv.1.weight', 'spatial_conv.1.bias', 'final_layer.1.weight', 'final_layer.1.bias']
[2026-04-08 18:05:06]   Unexpected preview:     []
[2026-04-08 18:05:18]   Fold 2/5 | best_epoch=468 | stop=518 | val_loss=0.0221 | acc=1.0000 | bal_acc=1.0000
[2026-04-08 18:05:18]     Train class counts: [32, 32, 32, 32]
[2026-04-08 18:05:18]     Val class counts:   [8, 8, 8, 8]
[2026-04-08 18:05:18]     Test class counts:  [10, 10, 10, 10]
[2026-04-08 18:05:18] Building model with input window duration: 4.1875 s
[2026-04-08 18:05:18] Pretrained weight loading:
[2026-04-08 18:05:18]   Downloaded keys:        179
[2026-04-08 18:05:18]   Filtered (transformer): 172
[2026-04-08 18:05:18]   Filtered (pos_encoder): 0
[2026-04-08 18:05:18]   Keys to load:           7
[2026-04-08 18:05:18]   Missing keys:           4
[2026-04-08 18:05:18]   Unexpected keys:        0
[2026-04-08 18:05:18]   Missing preview:        ['spatial_conv.1.weight', 'spatial_conv.1.bias', 'final_layer.1.weight', 'final_layer.1.bias']
[2026-04-08 18:05:18]   Unexpected preview:     []
[2026-04-08 18:06:05]   Fold 3/5 | best_epoch=2028 | stop=2078 | val_loss=0.0001 | acc=1.0000 | bal_acc=1.0000
[2026-04-08 18:06:05]     Train class counts: [32, 32, 32, 32]
[2026-04-08 18:06:05]     Val class counts:   [8, 8, 8, 8]
[2026-04-08 18:06:05]     Test class counts:  [10, 10, 10, 10]
[2026-04-08 18:06:05] Building model with input window duration: 4.1875 s
[2026-04-08 18:06:05] Pretrained weight loading:
[2026-04-08 18:06:05]   Downloaded keys:        179
[2026-04-08 18:06:05]   Filtered (transformer): 172
[2026-04-08 18:06:05]   Filtered (pos_encoder): 0
[2026-04-08 18:06:05]   Keys to load:           7
[2026-04-08 18:06:05]   Missing keys:           4
[2026-04-08 18:06:05]   Unexpected keys:        0
[2026-04-08 18:06:05]   Missing preview:        ['spatial_conv.1.weight', 'spatial_conv.1.bias', 'final_layer.1.weight', 'final_layer.1.bias']
[2026-04-08 18:06:05]   Unexpected preview:     []
[2026-04-08 18:06:11]   Fold 4/5 | best_epoch=195 | stop=245 | val_loss=0.0283 | acc=0.9750 | bal_acc=0.9750
[2026-04-08 18:06:11]     Train class counts: [32, 32, 32, 32]
[2026-04-08 18:06:11]     Val class counts:   [8, 8, 8, 8]
[2026-04-08 18:06:11]     Test class counts:  [10, 10, 10, 10]
[2026-04-08 18:06:11] Building model with input window duration: 4.1875 s
[2026-04-08 18:06:11] Pretrained weight loading:
[2026-04-08 18:06:11]   Downloaded keys:        179
[2026-04-08 18:06:11]   Filtered (transformer): 172
[2026-04-08 18:06:11]   Filtered (pos_encoder): 0
[2026-04-08 18:06:11]   Keys to load:           7
[2026-04-08 18:06:11]   Missing keys:           4
[2026-04-08 18:06:11]   Unexpected keys:        0
[2026-04-08 18:06:11]   Missing preview:        ['spatial_conv.1.weight', 'spatial_conv.1.bias', 'final_layer.1.weight', 'final_layer.1.bias']
[2026-04-08 18:06:11]   Unexpected preview:     []
[2026-04-08 18:07:01]   Fold 5/5 | best_epoch=2116 | stop=2166 | val_loss=0.0000 | acc=1.0000 | bal_acc=1.0000
[2026-04-08 18:07:01]   Subject 50 summary: acc=0.9950±0.0100  bal_acc=0.9950±0.0100

[2026-04-08 18:07:01] Subject 51: 200 windows | class_counts=[50, 50, 50, 50]
[2026-04-08 18:07:01]   Fold 1 class counts: train=[32, 32, 32, 32] val=[8, 8, 8, 8] test=[10, 10, 10, 10]
[2026-04-08 18:07:01]   Fold 2 class counts: train=[32, 32, 32, 32] val=[8, 8, 8, 8] test=[10, 10, 10, 10]
[2026-04-08 18:07:01]   Fold 3 class counts: train=[32, 32, 32, 32] val=[8, 8, 8, 8] test=[10, 10, 10, 10]
[2026-04-08 18:07:01]   Fold 4 class counts: train=[32, 32, 32, 32] val=[8, 8, 8, 8] test=[10, 10, 10, 10]
[2026-04-08 18:07:01]   Fold 5 class counts: train=[32, 32, 32, 32] val=[8, 8, 8, 8] test=[10, 10, 10, 10]
[2026-04-08 18:07:01]     Train class counts: [32, 32, 32, 32]
[2026-04-08 18:07:01]     Val class counts:   [8, 8, 8, 8]
[2026-04-08 18:07:01]     Test class counts:  [10, 10, 10, 10]
[2026-04-08 18:07:01] Building model with input window duration: 4.1875 s
[2026-04-08 18:07:01] Pretrained weight loading:
[2026-04-08 18:07:01]   Downloaded keys:        179
[2026-04-08 18:07:01]   Filtered (transformer): 172
[2026-04-08 18:07:01]   Filtered (pos_encoder): 0
[2026-04-08 18:07:01]   Keys to load:           7
[2026-04-08 18:07:01]   Missing keys:           4
[2026-04-08 18:07:01]   Unexpected keys:        0
[2026-04-08 18:07:01]   Missing preview:        ['spatial_conv.1.weight', 'spatial_conv.1.bias', 'final_layer.1.weight', 'final_layer.1.bias']
[2026-04-08 18:07:01]   Unexpected preview:     []
[2026-04-08 18:07:02]   Fold 1/5 | best_epoch=1 | stop=51 | val_loss=1.4022 | acc=0.4000 | bal_acc=0.4000
[2026-04-08 18:07:02]     Train class counts: [32, 32, 32, 32]
[2026-04-08 18:07:02]     Val class counts:   [8, 8, 8, 8]
[2026-04-08 18:07:02]     Test class counts:  [10, 10, 10, 10]
[2026-04-08 18:07:02] Building model with input window duration: 4.1875 s
[2026-04-08 18:07:02] Pretrained weight loading:
[2026-04-08 18:07:02]   Downloaded keys:        179
[2026-04-08 18:07:02]   Filtered (transformer): 172
[2026-04-08 18:07:02]   Filtered (pos_encoder): 0
[2026-04-08 18:07:02]   Keys to load:           7
[2026-04-08 18:07:02]   Missing keys:           4
[2026-04-08 18:07:02]   Unexpected keys:        0
[2026-04-08 18:07:02]   Missing preview:        ['spatial_conv.1.weight', 'spatial_conv.1.bias', 'final_layer.1.weight', 'final_layer.1.bias']
[2026-04-08 18:07:02]   Unexpected preview:     []
[2026-04-08 18:07:04]   Fold 2/5 | best_epoch=30 | stop=80 | val_loss=1.1256 | acc=0.6250 | bal_acc=0.6250
[2026-04-08 18:07:04]     Train class counts: [32, 32, 32, 32]
[2026-04-08 18:07:04]     Val class counts:   [8, 8, 8, 8]
[2026-04-08 18:07:04]     Test class counts:  [10, 10, 10, 10]
[2026-04-08 18:07:04] Building model with input window duration: 4.1875 s
[2026-04-08 18:07:04] Pretrained weight loading:
[2026-04-08 18:07:04]   Downloaded keys:        179
[2026-04-08 18:07:04]   Filtered (transformer): 172
[2026-04-08 18:07:04]   Filtered (pos_encoder): 0
[2026-04-08 18:07:04]   Keys to load:           7
[2026-04-08 18:07:04]   Missing keys:           4
[2026-04-08 18:07:04]   Unexpected keys:        0
[2026-04-08 18:07:04]   Missing preview:        ['spatial_conv.1.weight', 'spatial_conv.1.bias', 'final_layer.1.weight', 'final_layer.1.bias']
[2026-04-08 18:07:04]   Unexpected preview:     []
[2026-04-08 18:07:07]   Fold 3/5 | best_epoch=87 | stop=137 | val_loss=0.6924 | acc=0.4500 | bal_acc=0.4500
[2026-04-08 18:07:07]     Train class counts: [32, 32, 32, 32]
[2026-04-08 18:07:07]     Val class counts:   [8, 8, 8, 8]
[2026-04-08 18:07:07]     Test class counts:  [10, 10, 10, 10]
[2026-04-08 18:07:07] Building model with input window duration: 4.1875 s
[2026-04-08 18:07:07] Pretrained weight loading:
[2026-04-08 18:07:07]   Downloaded keys:        179
[2026-04-08 18:07:07]   Filtered (transformer): 172
[2026-04-08 18:07:07]   Filtered (pos_encoder): 0
[2026-04-08 18:07:07]   Keys to load:           7
[2026-04-08 18:07:07]   Missing keys:           4
[2026-04-08 18:07:07]   Unexpected keys:        0
[2026-04-08 18:07:07]   Missing preview:        ['spatial_conv.1.weight', 'spatial_conv.1.bias', 'final_layer.1.weight', 'final_layer.1.bias']
[2026-04-08 18:07:07]   Unexpected preview:     []
[2026-04-08 18:07:08]   Fold 4/5 | best_epoch=1 | stop=51 | val_loss=1.3871 | acc=0.1500 | bal_acc=0.1500
[2026-04-08 18:07:08]     Train class counts: [32, 32, 32, 32]
[2026-04-08 18:07:08]     Val class counts:   [8, 8, 8, 8]
[2026-04-08 18:07:08]     Test class counts:  [10, 10, 10, 10]
[2026-04-08 18:07:08] Building model with input window duration: 4.1875 s
[2026-04-08 18:07:08] Pretrained weight loading:
[2026-04-08 18:07:08]   Downloaded keys:        179
[2026-04-08 18:07:08]   Filtered (transformer): 172
[2026-04-08 18:07:08]   Filtered (pos_encoder): 0
[2026-04-08 18:07:08]   Keys to load:           7
[2026-04-08 18:07:08]   Missing keys:           4
[2026-04-08 18:07:08]   Unexpected keys:        0
[2026-04-08 18:07:08]   Missing preview:        ['spatial_conv.1.weight', 'spatial_conv.1.bias', 'final_layer.1.weight', 'final_layer.1.bias']
[2026-04-08 18:07:08]   Unexpected preview:     []
[2026-04-08 18:07:10]   Fold 5/5 | best_epoch=26 | stop=76 | val_loss=1.2347 | acc=0.4750 | bal_acc=0.4750
[2026-04-08 18:07:10]   Subject 51 summary: acc=0.4200±0.1544  bal_acc=0.4200±0.1544

[2026-04-08 18:07:10] Subject 52: 200 windows | class_counts=[50, 50, 50, 50]
[2026-04-08 18:07:10]   Fold 1 class counts: train=[32, 32, 32, 32] val=[8, 8, 8, 8] test=[10, 10, 10, 10]
[2026-04-08 18:07:10]   Fold 2 class counts: train=[32, 32, 32, 32] val=[8, 8, 8, 8] test=[10, 10, 10, 10]
[2026-04-08 18:07:10]   Fold 3 class counts: train=[32, 32, 32, 32] val=[8, 8, 8, 8] test=[10, 10, 10, 10]
[2026-04-08 18:07:10]   Fold 4 class counts: train=[32, 32, 32, 32] val=[8, 8, 8, 8] test=[10, 10, 10, 10]
[2026-04-08 18:07:10]   Fold 5 class counts: train=[32, 32, 32, 32] val=[8, 8, 8, 8] test=[10, 10, 10, 10]
[2026-04-08 18:07:10]     Train class counts: [32, 32, 32, 32]
[2026-04-08 18:07:10]     Val class counts:   [8, 8, 8, 8]
[2026-04-08 18:07:10]     Test class counts:  [10, 10, 10, 10]
[2026-04-08 18:07:10] Building model with input window duration: 4.1875 s
[2026-04-08 18:07:10] Pretrained weight loading:
[2026-04-08 18:07:10]   Downloaded keys:        179
[2026-04-08 18:07:10]   Filtered (transformer): 172
[2026-04-08 18:07:10]   Filtered (pos_encoder): 0
[2026-04-08 18:07:10]   Keys to load:           7
[2026-04-08 18:07:10]   Missing keys:           4
[2026-04-08 18:07:10]   Unexpected keys:        0
[2026-04-08 18:07:10]   Missing preview:        ['spatial_conv.1.weight', 'spatial_conv.1.bias', 'final_layer.1.weight', 'final_layer.1.bias']
[2026-04-08 18:07:10]   Unexpected preview:     []
[2026-04-08 18:07:15]   Fold 1/5 | best_epoch=180 | stop=230 | val_loss=0.0800 | acc=0.9750 | bal_acc=0.9750
[2026-04-08 18:07:15]     Train class counts: [32, 32, 32, 32]
[2026-04-08 18:07:15]     Val class counts:   [8, 8, 8, 8]
[2026-04-08 18:07:15]     Test class counts:  [10, 10, 10, 10]
[2026-04-08 18:07:15] Building model with input window duration: 4.1875 s
[2026-04-08 18:07:15] Pretrained weight loading:
[2026-04-08 18:07:15]   Downloaded keys:        179
[2026-04-08 18:07:15]   Filtered (transformer): 172
[2026-04-08 18:07:15]   Filtered (pos_encoder): 0
[2026-04-08 18:07:15]   Keys to load:           7
[2026-04-08 18:07:15]   Missing keys:           4
[2026-04-08 18:07:15]   Unexpected keys:        0
[2026-04-08 18:07:15]   Missing preview:        ['spatial_conv.1.weight', 'spatial_conv.1.bias', 'final_layer.1.weight', 'final_layer.1.bias']
[2026-04-08 18:07:15]   Unexpected preview:     []
[2026-04-08 18:07:23]   Fold 2/5 | best_epoch=286 | stop=336 | val_loss=0.0550 | acc=0.9250 | bal_acc=0.9250
[2026-04-08 18:07:23]     Train class counts: [32, 32, 32, 32]
[2026-04-08 18:07:23]     Val class counts:   [8, 8, 8, 8]
[2026-04-08 18:07:23]     Test class counts:  [10, 10, 10, 10]
[2026-04-08 18:07:23] Building model with input window duration: 4.1875 s
[2026-04-08 18:07:23] Pretrained weight loading:
[2026-04-08 18:07:23]   Downloaded keys:        179
[2026-04-08 18:07:23]   Filtered (transformer): 172
[2026-04-08 18:07:23]   Filtered (pos_encoder): 0
[2026-04-08 18:07:23]   Keys to load:           7
[2026-04-08 18:07:23]   Missing keys:           4
[2026-04-08 18:07:23]   Unexpected keys:        0
[2026-04-08 18:07:23]   Missing preview:        ['spatial_conv.1.weight', 'spatial_conv.1.bias', 'final_layer.1.weight', 'final_layer.1.bias']
[2026-04-08 18:07:23]   Unexpected preview:     []
[2026-04-08 18:07:33]   Fold 3/5 | best_epoch=379 | stop=429 | val_loss=0.0473 | acc=0.9500 | bal_acc=0.9500
[2026-04-08 18:07:33]     Train class counts: [32, 32, 32, 32]
[2026-04-08 18:07:33]     Val class counts:   [8, 8, 8, 8]
[2026-04-08 18:07:33]     Test class counts:  [10, 10, 10, 10]
[2026-04-08 18:07:33] Building model with input window duration: 4.1875 s
[2026-04-08 18:07:33] Pretrained weight loading:
[2026-04-08 18:07:33]   Downloaded keys:        179
[2026-04-08 18:07:33]   Filtered (transformer): 172
[2026-04-08 18:07:33]   Filtered (pos_encoder): 0
[2026-04-08 18:07:33]   Keys to load:           7
[2026-04-08 18:07:33]   Missing keys:           4
[2026-04-08 18:07:33]   Unexpected keys:        0
[2026-04-08 18:07:33]   Missing preview:        ['spatial_conv.1.weight', 'spatial_conv.1.bias', 'final_layer.1.weight', 'final_layer.1.bias']
[2026-04-08 18:07:33]   Unexpected preview:     []
[2026-04-08 18:07:43]   Fold 4/5 | best_epoch=400 | stop=450 | val_loss=0.0953 | acc=1.0000 | bal_acc=1.0000
[2026-04-08 18:07:43]     Train class counts: [32, 32, 32, 32]
[2026-04-08 18:07:43]     Val class counts:   [8, 8, 8, 8]
[2026-04-08 18:07:43]     Test class counts:  [10, 10, 10, 10]
[2026-04-08 18:07:43] Building model with input window duration: 4.1875 s
[2026-04-08 18:07:43] Pretrained weight loading:
[2026-04-08 18:07:43]   Downloaded keys:        179
[2026-04-08 18:07:43]   Filtered (transformer): 172
[2026-04-08 18:07:43]   Filtered (pos_encoder): 0
[2026-04-08 18:07:43]   Keys to load:           7
[2026-04-08 18:07:43]   Missing keys:           4
[2026-04-08 18:07:43]   Unexpected keys:        0
[2026-04-08 18:07:43]   Missing preview:        ['spatial_conv.1.weight', 'spatial_conv.1.bias', 'final_layer.1.weight', 'final_layer.1.bias']
[2026-04-08 18:07:43]   Unexpected preview:     []
[2026-04-08 18:07:56]   Fold 5/5 | best_epoch=518 | stop=568 | val_loss=0.0343 | acc=0.9500 | bal_acc=0.9500
[2026-04-08 18:07:56]   Subject 52 summary: acc=0.9600±0.0255  bal_acc=0.9600±0.0255

[2026-04-08 18:07:56] Subject 53: 200 windows | class_counts=[50, 50, 50, 50]
[2026-04-08 18:07:56]   Fold 1 class counts: train=[32, 32, 32, 32] val=[8, 8, 8, 8] test=[10, 10, 10, 10]
[2026-04-08 18:07:56]   Fold 2 class counts: train=[32, 32, 32, 32] val=[8, 8, 8, 8] test=[10, 10, 10, 10]
[2026-04-08 18:07:56]   Fold 3 class counts: train=[32, 32, 32, 32] val=[8, 8, 8, 8] test=[10, 10, 10, 10]
[2026-04-08 18:07:56]   Fold 4 class counts: train=[32, 32, 32, 32] val=[8, 8, 8, 8] test=[10, 10, 10, 10]
[2026-04-08 18:07:56]   Fold 5 class counts: train=[32, 32, 32, 32] val=[8, 8, 8, 8] test=[10, 10, 10, 10]
[2026-04-08 18:07:56]     Train class counts: [32, 32, 32, 32]
[2026-04-08 18:07:56]     Val class counts:   [8, 8, 8, 8]
[2026-04-08 18:07:56]     Test class counts:  [10, 10, 10, 10]
[2026-04-08 18:07:56] Building model with input window duration: 4.1875 s
[2026-04-08 18:07:56] Pretrained weight loading:
[2026-04-08 18:07:56]   Downloaded keys:        179
[2026-04-08 18:07:56]   Filtered (transformer): 172
[2026-04-08 18:07:56]   Filtered (pos_encoder): 0
[2026-04-08 18:07:56]   Keys to load:           7
[2026-04-08 18:07:56]   Missing keys:           4
[2026-04-08 18:07:56]   Unexpected keys:        0
[2026-04-08 18:07:56]   Missing preview:        ['spatial_conv.1.weight', 'spatial_conv.1.bias', 'final_layer.1.weight', 'final_layer.1.bias']
[2026-04-08 18:07:56]   Unexpected preview:     []
[2026-04-08 18:08:15]   Fold 1/5 | best_epoch=761 | stop=811 | val_loss=0.0070 | acc=1.0000 | bal_acc=1.0000
[2026-04-08 18:08:15]     Train class counts: [32, 32, 32, 32]
[2026-04-08 18:08:15]     Val class counts:   [8, 8, 8, 8]
[2026-04-08 18:08:15]     Test class counts:  [10, 10, 10, 10]
[2026-04-08 18:08:15] Building model with input window duration: 4.1875 s
[2026-04-08 18:08:15] Pretrained weight loading:
[2026-04-08 18:08:15]   Downloaded keys:        179
[2026-04-08 18:08:15]   Filtered (transformer): 172
[2026-04-08 18:08:15]   Filtered (pos_encoder): 0
[2026-04-08 18:08:15]   Keys to load:           7
[2026-04-08 18:08:15]   Missing keys:           4
[2026-04-08 18:08:15]   Unexpected keys:        0
[2026-04-08 18:08:15]   Missing preview:        ['spatial_conv.1.weight', 'spatial_conv.1.bias', 'final_layer.1.weight', 'final_layer.1.bias']
[2026-04-08 18:08:15]   Unexpected preview:     []
[2026-04-08 18:08:57]   Fold 2/5 | best_epoch=1772 | stop=1822 | val_loss=0.0001 | acc=1.0000 | bal_acc=1.0000
[2026-04-08 18:08:57]     Train class counts: [32, 32, 32, 32]
[2026-04-08 18:08:57]     Val class counts:   [8, 8, 8, 8]
[2026-04-08 18:08:57]     Test class counts:  [10, 10, 10, 10]
[2026-04-08 18:08:57] Building model with input window duration: 4.1875 s
[2026-04-08 18:08:57] Pretrained weight loading:
[2026-04-08 18:08:57]   Downloaded keys:        179
[2026-04-08 18:08:57]   Filtered (transformer): 172
[2026-04-08 18:08:57]   Filtered (pos_encoder): 0
[2026-04-08 18:08:57]   Keys to load:           7
[2026-04-08 18:08:57]   Missing keys:           4
[2026-04-08 18:08:57]   Unexpected keys:        0
[2026-04-08 18:08:57]   Missing preview:        ['spatial_conv.1.weight', 'spatial_conv.1.bias', 'final_layer.1.weight', 'final_layer.1.bias']
[2026-04-08 18:08:57]   Unexpected preview:     []
[2026-04-08 18:09:21]   Fold 3/5 | best_epoch=1027 | stop=1077 | val_loss=0.0019 | acc=1.0000 | bal_acc=1.0000
[2026-04-08 18:09:21]     Train class counts: [32, 32, 32, 32]
[2026-04-08 18:09:21]     Val class counts:   [8, 8, 8, 8]
[2026-04-08 18:09:21]     Test class counts:  [10, 10, 10, 10]
[2026-04-08 18:09:21] Building model with input window duration: 4.1875 s
[2026-04-08 18:09:21] Pretrained weight loading:
[2026-04-08 18:09:21]   Downloaded keys:        179
[2026-04-08 18:09:21]   Filtered (transformer): 172
[2026-04-08 18:09:21]   Filtered (pos_encoder): 0
[2026-04-08 18:09:21]   Keys to load:           7
[2026-04-08 18:09:21]   Missing keys:           4
[2026-04-08 18:09:21]   Unexpected keys:        0
[2026-04-08 18:09:21]   Missing preview:        ['spatial_conv.1.weight', 'spatial_conv.1.bias', 'final_layer.1.weight', 'final_layer.1.bias']
[2026-04-08 18:09:21]   Unexpected preview:     []
[2026-04-08 18:10:07]   Fold 4/5 | best_epoch=1960 | stop=2010 | val_loss=0.0002 | acc=1.0000 | bal_acc=1.0000
[2026-04-08 18:10:07]     Train class counts: [32, 32, 32, 32]
[2026-04-08 18:10:07]     Val class counts:   [8, 8, 8, 8]
[2026-04-08 18:10:07]     Test class counts:  [10, 10, 10, 10]
[2026-04-08 18:10:07] Building model with input window duration: 4.1875 s
[2026-04-08 18:10:07] Pretrained weight loading:
[2026-04-08 18:10:07]   Downloaded keys:        179
[2026-04-08 18:10:07]   Filtered (transformer): 172
[2026-04-08 18:10:07]   Filtered (pos_encoder): 0
[2026-04-08 18:10:07]   Keys to load:           7
[2026-04-08 18:10:07]   Missing keys:           4
[2026-04-08 18:10:07]   Unexpected keys:        0
[2026-04-08 18:10:07]   Missing preview:        ['spatial_conv.1.weight', 'spatial_conv.1.bias', 'final_layer.1.weight', 'final_layer.1.bias']
[2026-04-08 18:10:07]   Unexpected preview:     []
[2026-04-08 18:11:01]   Fold 5/5 | best_epoch=2280 | stop=2330 | val_loss=0.0002 | acc=1.0000 | bal_acc=1.0000
[2026-04-08 18:11:01]   Subject 53 summary: acc=1.0000±0.0000  bal_acc=1.0000±0.0000

[2026-04-08 18:11:01] Subject 54: 200 windows | class_counts=[50, 50, 50, 50]
[2026-04-08 18:11:01]   Fold 1 class counts: train=[32, 32, 32, 32] val=[8, 8, 8, 8] test=[10, 10, 10, 10]
[2026-04-08 18:11:01]   Fold 2 class counts: train=[32, 32, 32, 32] val=[8, 8, 8, 8] test=[10, 10, 10, 10]
[2026-04-08 18:11:01]   Fold 3 class counts: train=[32, 32, 32, 32] val=[8, 8, 8, 8] test=[10, 10, 10, 10]
[2026-04-08 18:11:01]   Fold 4 class counts: train=[32, 32, 32, 32] val=[8, 8, 8, 8] test=[10, 10, 10, 10]
[2026-04-08 18:11:01]   Fold 5 class counts: train=[32, 32, 32, 32] val=[8, 8, 8, 8] test=[10, 10, 10, 10]
[2026-04-08 18:11:01]     Train class counts: [32, 32, 32, 32]
[2026-04-08 18:11:01]     Val class counts:   [8, 8, 8, 8]
[2026-04-08 18:11:01]     Test class counts:  [10, 10, 10, 10]
[2026-04-08 18:11:01] Building model with input window duration: 4.1875 s
[2026-04-08 18:11:01] Pretrained weight loading:
[2026-04-08 18:11:01]   Downloaded keys:        179
[2026-04-08 18:11:01]   Filtered (transformer): 172
[2026-04-08 18:11:01]   Filtered (pos_encoder): 0
[2026-04-08 18:11:01]   Keys to load:           7
[2026-04-08 18:11:01]   Missing keys:           4
[2026-04-08 18:11:01]   Unexpected keys:        0
[2026-04-08 18:11:01]   Missing preview:        ['spatial_conv.1.weight', 'spatial_conv.1.bias', 'final_layer.1.weight', 'final_layer.1.bias']
[2026-04-08 18:11:01]   Unexpected preview:     []
[2026-04-08 18:11:11]   Fold 1/5 | best_epoch=389 | stop=439 | val_loss=0.3876 | acc=0.7500 | bal_acc=0.7500
[2026-04-08 18:11:11]     Train class counts: [32, 32, 32, 32]
[2026-04-08 18:11:11]     Val class counts:   [8, 8, 8, 8]
[2026-04-08 18:11:11]     Test class counts:  [10, 10, 10, 10]
[2026-04-08 18:11:11] Building model with input window duration: 4.1875 s
[2026-04-08 18:11:11] Pretrained weight loading:
[2026-04-08 18:11:11]   Downloaded keys:        179
[2026-04-08 18:11:11]   Filtered (transformer): 172
[2026-04-08 18:11:11]   Filtered (pos_encoder): 0
[2026-04-08 18:11:11]   Keys to load:           7
[2026-04-08 18:11:11]   Missing keys:           4
[2026-04-08 18:11:11]   Unexpected keys:        0
[2026-04-08 18:11:11]   Missing preview:        ['spatial_conv.1.weight', 'spatial_conv.1.bias', 'final_layer.1.weight', 'final_layer.1.bias']
[2026-04-08 18:11:11]   Unexpected preview:     []
[2026-04-08 18:11:14]   Fold 2/5 | best_epoch=65 | stop=115 | val_loss=0.4657 | acc=0.8750 | bal_acc=0.8750
[2026-04-08 18:11:14]     Train class counts: [32, 32, 32, 32]
[2026-04-08 18:11:14]     Val class counts:   [8, 8, 8, 8]
[2026-04-08 18:11:14]     Test class counts:  [10, 10, 10, 10]
[2026-04-08 18:11:14] Building model with input window duration: 4.1875 s
[2026-04-08 18:11:14] Pretrained weight loading:
[2026-04-08 18:11:14]   Downloaded keys:        179
[2026-04-08 18:11:14]   Filtered (transformer): 172
[2026-04-08 18:11:14]   Filtered (pos_encoder): 0
[2026-04-08 18:11:14]   Keys to load:           7
[2026-04-08 18:11:14]   Missing keys:           4
[2026-04-08 18:11:14]   Unexpected keys:        0
[2026-04-08 18:11:14]   Missing preview:        ['spatial_conv.1.weight', 'spatial_conv.1.bias', 'final_layer.1.weight', 'final_layer.1.bias']
[2026-04-08 18:11:14]   Unexpected preview:     []
[2026-04-08 18:11:19]   Fold 3/5 | best_epoch=158 | stop=208 | val_loss=0.6109 | acc=0.8250 | bal_acc=0.8250
[2026-04-08 18:11:19]     Train class counts: [32, 32, 32, 32]
[2026-04-08 18:11:19]     Val class counts:   [8, 8, 8, 8]
[2026-04-08 18:11:19]     Test class counts:  [10, 10, 10, 10]
[2026-04-08 18:11:19] Building model with input window duration: 4.1875 s
[2026-04-08 18:11:19] Pretrained weight loading:
[2026-04-08 18:11:19]   Downloaded keys:        179
[2026-04-08 18:11:19]   Filtered (transformer): 172
[2026-04-08 18:11:19]   Filtered (pos_encoder): 0
[2026-04-08 18:11:19]   Keys to load:           7
[2026-04-08 18:11:19]   Missing keys:           4
[2026-04-08 18:11:19]   Unexpected keys:        0
[2026-04-08 18:11:19]   Missing preview:        ['spatial_conv.1.weight', 'spatial_conv.1.bias', 'final_layer.1.weight', 'final_layer.1.bias']
[2026-04-08 18:11:19]   Unexpected preview:     []
[2026-04-08 18:11:22]   Fold 4/5 | best_epoch=102 | stop=152 | val_loss=0.5502 | acc=0.7250 | bal_acc=0.7250
[2026-04-08 18:11:22]     Train class counts: [32, 32, 32, 32]
[2026-04-08 18:11:22]     Val class counts:   [8, 8, 8, 8]
[2026-04-08 18:11:22]     Test class counts:  [10, 10, 10, 10]
[2026-04-08 18:11:22] Building model with input window duration: 4.1875 s
[2026-04-08 18:11:22] Pretrained weight loading:
[2026-04-08 18:11:22]   Downloaded keys:        179
[2026-04-08 18:11:22]   Filtered (transformer): 172
[2026-04-08 18:11:22]   Filtered (pos_encoder): 0
[2026-04-08 18:11:22]   Keys to load:           7
[2026-04-08 18:11:22]   Missing keys:           4
[2026-04-08 18:11:22]   Unexpected keys:        0
[2026-04-08 18:11:22]   Missing preview:        ['spatial_conv.1.weight', 'spatial_conv.1.bias', 'final_layer.1.weight', 'final_layer.1.bias']
[2026-04-08 18:11:22]   Unexpected preview:     []
[2026-04-08 18:11:26]   Fold 5/5 | best_epoch=117 | stop=167 | val_loss=0.6786 | acc=0.7500 | bal_acc=0.7500
[2026-04-08 18:11:26]   Subject 54 summary: acc=0.7850±0.0561  bal_acc=0.7850±0.0561

[2026-04-08 18:11:26] Total folds completed: 35
[2026-04-08 18:11:26] ======================================================================
[2026-04-08 18:11:26] AGGREGATED RESULTS
[2026-04-08 18:11:26] ======================================================================
[2026-04-08 18:11:26]   Subject 48:  acc=0.9900±0.0200  bal_acc=0.9900±0.0200
[2026-04-08 18:11:26]   Subject 49:  acc=0.9650±0.0255  bal_acc=0.9650±0.0255
[2026-04-08 18:11:26]   Subject 50:  acc=0.9950±0.0100  bal_acc=0.9950±0.0100
[2026-04-08 18:11:26]   Subject 51:  acc=0.4200±0.1544  bal_acc=0.4200±0.1544
[2026-04-08 18:11:26]   Subject 52:  acc=0.9600±0.0255  bal_acc=0.9600±0.0255
[2026-04-08 18:11:26]   Subject 53:  acc=1.0000±0.0000  bal_acc=1.0000±0.0000
[2026-04-08 18:11:26]   Subject 54:  acc=0.7850±0.0561  bal_acc=0.7850±0.0561
[2026-04-08 18:11:26] ----------------------------------------------------------------------
[2026-04-08 18:11:26]   OVERALL:      acc=0.8736±0.2079  bal_acc=0.8736±0.2079
[2026-04-08 18:11:26] ======================================================================
[2026-04-08 18:11:26] CV results saved to:      /home/vegorov/Repos/eeg_jepa_research/artifacts/lee-2019-fine-tuning/SSVEP/20260408_1759_d0b4779b/cv_results.json
[2026-04-08 18:11:26] Subject metrics saved to: /home/vegorov/Repos/eeg_jepa_research/artifacts/lee-2019-fine-tuning/SSVEP/20260408_1759_d0b4779b/subject_metrics.json
[2026-04-08 18:11:26] Global metrics saved to:  /home/vegorov/Repos/eeg_jepa_research/artifacts/lee-2019-fine-tuning/SSVEP/20260408_1759_d0b4779b/global_metrics.json
[2026-04-08 18:11:26] Run metadata saved to:    /home/vegorov/Repos/eeg_jepa_research/artifacts/lee-2019-fine-tuning/SSVEP/20260408_1759_d0b4779b/run_metadata.json

[2026-04-08 18:11:26] All artifacts in: /home/vegorov/Repos/eeg_jepa_research/artifacts/lee-2019-fine-tuning/SSVEP/20260408_1759_d0b4779b

[2026-04-08 18:11:26] ======================================================================
[2026-04-08 18:11:26] EXPERIMENT SUMMARY
[2026-04-08 18:11:26] ======================================================================
[2026-04-08 18:11:26] Run ID:    20260408_1759_d0b4779b
[2026-04-08 18:11:26] Artifacts: /home/vegorov/Repos/eeg_jepa_research/artifacts/lee-2019-fine-tuning/SSVEP/20260408_1759_d0b4779b

[2026-04-08 18:11:26] Configuration:
[2026-04-08 18:11:26]   Subjects:          [48, 49, 50, 51, 52, 53, 54]
[2026-04-08 18:11:26]   Bandpass:          0.5-40.0 Hz
[2026-04-08 18:11:26]   Resample:          128 Hz
[2026-04-08 18:11:26]   CV folds:          5
[2026-04-08 18:11:26]   Learning rate:     0.03
[2026-04-08 18:11:26]   Batch size:        16
[2026-04-08 18:11:26]   Max epochs:        5000

[2026-04-08 18:11:26] Results:
[2026-04-08 18:11:26]   Mean Accuracy:          0.8736 ± 0.2079
[2026-04-08 18:11:26]   Mean Balanced Accuracy: 0.8736 ± 0.2079
