[2026-03-31 17:07:04] Using device: cpu
[2026-03-31 17:07:04] Seed control enabled: True
[2026-03-31 17:07:04] Base seed: 106
[2026-03-31 17:07:05] Seed initialized: 106
[2026-03-31 17:07:05] ======================================================================
[2026-03-31 17:07:05] CONFIGURATION
[2026-03-31 17:07:05] ======================================================================
[2026-03-31 17:07:05]   artifact_dir: /home/vegorov/Repos/eeg_jepa_research/artifacts/lee-2019-fine-tuning
[2026-03-31 17:07:05]   bandpass_high: 40.0
[2026-03-31 17:07:05]   bandpass_low: 0.5
[2026-03-31 17:07:05]   batch_size: 8
[2026-03-31 17:07:05]   convert_to_uV: True
[2026-03-31 17:07:05]   cv_folds: 5
[2026-03-31 17:07:05]   device: auto
[2026-03-31 17:07:05]   early_stopping_patience: 50
[2026-03-31 17:07:05]   learning_rate: 0.001
[2026-03-31 17:07:05]   n_epochs: 5000
[2026-03-31 17:07:05]   normalization_method: None
[2026-03-31 17:07:05]   normalize: False
[2026-03-31 17:07:05]   paradigm: SSVEP
[2026-03-31 17:07:05]   pretrained_url: https://huggingface.co/braindecode/SignalJEPA/resolve/main/signal-jepa_16s-60_adeuwv4s.pth
[2026-03-31 17:07:05]   seed: 106
[2026-03-31 17:07:05]   set_seed: True
[2026-03-31 17:07:05]   sfreq: 128
[2026-03-31 17:07:05]   subjects_to_use: [51]
[2026-03-31 17:07:05]   val_split: 0.2
[2026-03-31 17:07:05] ======================================================================
[2026-03-31 17:07:05] Config saved to: /home/vegorov/Repos/eeg_jepa_research/artifacts/lee-2019-fine-tuning/SSVEP/20260331_1707_21cc859d/config.json
[2026-03-31 17:07:05] Epoch window configuration:
[2026-03-31 17:07:05]   Target sfreq:                128 Hz
[2026-03-31 17:07:05]   Target duration:             4.190000 s
[2026-03-31 17:07:05]   Window samples (rounded):    536
[2026-03-31 17:07:05]   Base trial samples (4.0 s):  512
[2026-03-31 17:07:05]   Trial stop offset samples:   24
[2026-03-31 17:07:05]   Effective window duration:   4.187500 s
[2026-03-31 17:07:05] Using specified subjects from config: [51]
[2026-03-31 17:07:05] Selected subjects: [51]
[2026-03-31 17:07:05] Expected evaluation folds: 5

[2026-03-31 17:07:05] Building MOABBDataset for Lee2019_SSVEP...
[2026-03-31 17:07:13] MOABBDataset recordings loaded: 1
[2026-03-31 17:07:13] Discovered annotation descriptions (first recording): [np.str_('12.0'), np.str_('5.45'), np.str_('6.67'), np.str_('8.57')]
[2026-03-31 17:07:13] Dataset event_id mapping: {'12.0': 1, '8.57': 2, '6.67': 3, '5.45': 4}
[2026-03-31 17:07:13] Label map (event_code -> class_index): {1: 0, 2: 1, 3: 2, 4: 3}
[2026-03-31 17:07:13] Applying Braindecode preprocessors to MOABBDataset...
[2026-03-31 17:07:16] Preprocessing complete.

[2026-03-31 17:07:16] Post-preprocessing validation
[2026-03-31 17:07:16]   Recordings in DATASET: 1
[2026-03-31 17:07:16]   Unique subject IDs:    ['51']
[2026-03-31 17:07:16]   sfreq (first rec):     128.0 Hz
[2026-03-31 17:07:16]   EEG channel count:     62
[2026-03-31 17:07:16]   First 10 channels:     ['Fp1', 'Fp2', 'F7', 'F3', 'Fz', 'F4', 'F8', 'FC5', 'FC1', 'FC2']
[2026-03-31 17:07:16] Channel consistency summary:
[2026-03-31 17:07:16]   Checked runs: 1
[2026-03-31 17:07:16]   Unique channel counts: [62]
[2026-03-31 17:07:16]   Channel order consistent: True
[2026-03-31 17:07:16] Validated EEG channels: 62
[2026-03-31 17:07:16] First 10 EEG channels: ['Fp1', 'Fp2', 'F7', 'F3', 'Fz', 'F4', 'F8', 'FC5', 'FC1', 'FC2']
[2026-03-31 17:07:16] raw mean_abs=8.654730e+00
[2026-03-31 17:07:16] raw std=3.494582e+01
[2026-03-31 17:07:16] raw first5 channel std= [46.22404553 54.63339771 16.95830183 13.82897057 11.24366025]
[2026-03-31 17:07:16] Requested window samples: 536
[2026-03-31 17:07:16] Base trial samples:       512
[2026-03-31 17:07:16] Stop offset samples:      24
[2026-03-31 17:07:16] Global class counts: [25, 25, 25, 25]
[2026-03-31 17:07:16] Chance level (4-class): 0.25
[2026-03-31 17:07:16] One window shape: (62, 536)
[2026-03-31 17:07:16] One window label: 1
[2026-03-31 17:07:16] Window sample length expected=536, got=536
[2026-03-31 17:07:16] Subjects in window split: [51]
[2026-03-31 17:07:16] Summarizing per-subject windows...
[2026-03-31 17:07:16]   Subject 51: n_windows=100, window_shape=(62, 536), class_counts=[25, 25, 25, 25]
[2026-03-31 17:07:16]    subject_id  n_windows  n_channels  n_times      class_counts
0          51        100          62      536  [25, 25, 25, 25]
[2026-03-31 17:07:16] Window validation summary:
[2026-03-31 17:07:16]   Subject 51: n_windows=100 class_counts=[25, 25, 25, 25]

[2026-03-31 17:07:16] Validated sampling rate target: 128 Hz
[2026-03-31 17:07:16] Validated window sample count:   536
[2026-03-31 17:07:16] Validated window duration:       4.1875 s
[2026-03-31 17:07:16] Validated channel count:         62
[2026-03-31 17:07:16] Total windows retained:          100
[2026-03-31 17:07:16] Preprocessing sanity checks:
[2026-03-31 17:07:16]   One sample label: 1
[2026-03-31 17:07:16]   One sample shape: (62, 536)
[2026-03-31 17:07:16]   Mean(abs(signal)): 4.094026e+00
[2026-03-31 17:07:16]   Mean(signal):      7.346552e-09
[2026-03-31 17:07:16]   Std(signal):       5.860601e+00
[2026-03-31 17:07:16] Building model with input window duration: 4.1875 s
[2026-03-31 17:07:16] SignalJEPA_PreLocal instantiated successfully.
[2026-03-31 17:07:16]   Total parameters:     18,192
[2026-03-31 17:07:16]   Trainable parameters: 18,192
[2026-03-31 17:07:16] ======================================================================================================================================================
Layer (type (var_name):depth-idx)                  Input Shape               Output Shape              Param #                   Kernel Shape
======================================================================================================================================================
SignalJEPA_PreLocal (SignalJEPA_PreLocal)          [1, 62, 536]              [1, 4]                    --                        --
├─Sequential (spatial_conv): 1-1                   [1, 62, 536]              [1, 4, 536]               --                        --
│    └─Rearrange (0): 2-1                          [1, 62, 536]              [1, 1, 62, 536]           --                        --
│    └─Conv2d (1): 2-2                             [1, 1, 62, 536]           [1, 4, 1, 536]            252                       [62, 1]
│    └─Rearrange (2): 2-3                          [1, 4, 1, 536]            [1, 4, 536]               --                        --
├─_ConvFeatureEncoder (feature_encoder): 1-2       [1, 4, 536]               [1, 16, 64]               --                        --
│    └─Rearrange (0): 2-4                          [1, 4, 536]               [4, 1, 536]               --                        --
│    └─Sequential (1): 2-5                         [4, 1, 536]               [4, 8, 64]                --                        --
│    │    └─Conv1d (0): 3-1                        [4, 1, 536]               [4, 8, 64]                256                       [32]
│    │    └─Dropout (1): 3-2                       [4, 8, 64]                [4, 8, 64]                --                        --
│    │    └─GroupNorm (2): 3-3                     [4, 8, 64]                [4, 8, 64]                16                        --
│    │    └─GELU (3): 3-4                          [4, 8, 64]                [4, 8, 64]                --                        --
│    └─Sequential (2): 2-6                         [4, 8, 64]                [4, 16, 32]               --                        --
│    │    └─Conv1d (0): 3-5                        [4, 8, 64]                [4, 16, 32]               256                       [2]
│    │    └─Dropout (1): 3-6                       [4, 16, 32]               [4, 16, 32]               --                        --
│    │    └─GELU (2): 3-7                          [4, 16, 32]               [4, 16, 32]               --                        --
│    └─Sequential (3): 2-7                         [4, 16, 32]               [4, 32, 16]               --                        --
│    │    └─Conv1d (0): 3-8                        [4, 16, 32]               [4, 32, 16]               1,024                     [2]
│    │    └─Dropout (1): 3-9                       [4, 32, 16]               [4, 32, 16]               --                        --
│    │    └─GELU (2): 3-10                         [4, 32, 16]               [4, 32, 16]               --                        --
│    └─Sequential (4): 2-8                         [4, 32, 16]               [4, 64, 8]                --                        --
│    │    └─Conv1d (0): 3-11                       [4, 32, 16]               [4, 64, 8]                4,096                     [2]
│    │    └─Dropout (1): 3-12                      [4, 64, 8]                [4, 64, 8]                --                        --
│    │    └─GELU (2): 3-13                         [4, 64, 8]                [4, 64, 8]                --                        --
│    └─Sequential (5): 2-9                         [4, 64, 8]                [4, 64, 4]                --                        --
│    │    └─Conv1d (0): 3-14                       [4, 64, 8]                [4, 64, 4]                8,192                     [2]
│    │    └─Dropout (1): 3-15                      [4, 64, 4]                [4, 64, 4]                --                        --
│    │    └─GELU (2): 3-16                         [4, 64, 4]                [4, 64, 4]                --                        --
│    └─Rearrange (6): 2-10                         [4, 64, 4]                [1, 16, 64]               --                        --
├─Sequential (final_layer): 1-3                    [1, 16, 64]               [1, 4]                    --                        --
│    └─Flatten (0): 2-11                           [1, 16, 64]               [1, 1024]                 --                        --
│    └─Linear (1): 2-12                            [1, 1024]                 [1, 4]                    4,100                     --
======================================================================================================================================================
Total params: 18,192
Trainable params: 18,192
Non-trainable params: 0
Total mult-adds (Units.MEGABYTES): 0.57
======================================================================================================================================================
Input size (MB): 0.13
Forward/backward pass size (MB): 0.11
Params size (MB): 0.07
Estimated Total Size (MB): 0.31
======================================================================================================================================================
[2026-03-31 17:07:17] Initializing from 16s-60 pretrained checkpoint (Hugging Face):
[2026-03-31 17:07:17]   https://huggingface.co/braindecode/SignalJEPA/resolve/main/signal-jepa_16s-60_adeuwv4s.pth
[2026-03-31 17:07:17]   Downloaded 179 keys
[2026-03-31 17:07:17] ======================================================================
[2026-03-31 17:07:17] STARTING CROSS-VALIDATION
[2026-03-31 17:07:17] ======================================================================
[2026-03-31 17:07:17] Subjects:      [51]
[2026-03-31 17:07:17] CV folds:      5
[2026-03-31 17:07:17] Batch size:    8
[2026-03-31 17:07:17] Max epochs:    5000
[2026-03-31 17:07:17] Device:        cpu
[2026-03-31 17:07:17] Seed control:  True
[2026-03-31 17:07:17] Base seed:     106
[2026-03-31 17:07:17] ======================================================================

[2026-03-31 17:07:17] Subject 51: 100 windows class_counts=[25, 25, 25, 25]
[2026-03-31 17:07:17]   Fold 1 split seed: 107
[2026-03-31 17:07:17]   Fold 1 split class counts:
[2026-03-31 17:07:17]     train=[16, 16, 16, 16] val=[4, 4, 4, 4] test=[5, 5, 5, 5]
[2026-03-31 17:07:17]   Fold 2 split seed: 108
[2026-03-31 17:07:17]   Fold 2 split class counts:
[2026-03-31 17:07:17]     train=[16, 16, 16, 16] val=[4, 4, 4, 4] test=[5, 5, 5, 5]
[2026-03-31 17:07:17]   Fold 3 split seed: 109
[2026-03-31 17:07:17]   Fold 3 split class counts:
[2026-03-31 17:07:17]     train=[16, 16, 16, 16] val=[4, 4, 4, 4] test=[5, 5, 5, 5]
[2026-03-31 17:07:17]   Fold 4 split seed: 110
[2026-03-31 17:07:17]   Fold 4 split class counts:
[2026-03-31 17:07:17]     train=[16, 16, 16, 16] val=[4, 4, 4, 4] test=[5, 5, 5, 5]
[2026-03-31 17:07:17]   Fold 5 split seed: 111
[2026-03-31 17:07:17]   Fold 5 split class counts:
[2026-03-31 17:07:17]     train=[16, 16, 16, 16] val=[4, 4, 4, 4] test=[5, 5, 5, 5]
[2026-03-31 17:07:17]   Subject 51 Fold 1 seed: 5207
[2026-03-31 17:07:17]   Subject 51 Fold 1: n_train=64 n_val=16 n_test=20
[2026-03-31 17:07:17]     Train class counts: [16, 16, 16, 16]
[2026-03-31 17:07:17]     Val class counts:   [4, 4, 4, 4]
[2026-03-31 17:07:17]     Test class counts:  [5, 5, 5, 5]
[2026-03-31 17:07:17] Building model with input window duration: 4.1875 s
[2026-03-31 17:07:17] Pretrained weight loading:
[2026-03-31 17:07:17]   Downloaded keys:        179
[2026-03-31 17:07:17]   Filtered (transformer): 172
[2026-03-31 17:07:17]   Filtered (pos_encoder): 0
[2026-03-31 17:07:17]   Keys to load:           7
[2026-03-31 17:07:17]   Missing keys:           4
[2026-03-31 17:07:17]   Unexpected keys:        0
[2026-03-31 17:07:17]   Missing preview:        ['spatial_conv.1.weight', 'spatial_conv.1.bias', 'final_layer.1.weight', 'final_layer.1.bias']
[2026-03-31 17:07:17]   Unexpected preview:     []
[2026-03-31 17:07:17] Encoder freeze configuration:
[2026-03-31 17:07:17]   Total parameters:        18,192
[2026-03-31 17:07:17]   Trainable parameters:    4,352
[2026-03-31 17:07:17]   Training percentage:     23.9%
[2026-03-31 17:07:17]   Trainable layers: 4
[2026-03-31 17:07:17]     - final_layer.1.bias
[2026-03-31 17:07:17]     - final_layer.1.weight
[2026-03-31 17:07:17]     - spatial_conv.1.bias
[2026-03-31 17:07:17]     - spatial_conv.1.weight
[2026-03-31 17:07:17]     Train generator seeded: True
[2026-03-31 17:07:18]     Stopped epoch:            51
[2026-03-31 17:07:18]     Best epoch (valid_loss):  1
[2026-03-31 17:07:18]     Best valid_loss:          1.3869979977607727
[2026-03-31 17:07:18]     Test accuracy (primary):  0.3500
[2026-03-31 17:07:18]     Test balanced acc:        0.3500
[2026-03-31 17:07:18]     Confusion matrix:         [[0, 3, 2, 0], [0, 5, 0, 0], [1, 2, 2, 0], [0, 5, 0, 0]]
[2026-03-31 17:07:18]     Prediction histogram:     [1, 15, 4, 0]
[2026-03-31 17:07:18]     fold_acc=0.3500 fold_bal_acc=0.3500 cm=[[0, 3, 2, 0], [0, 5, 0, 0], [1, 2, 2, 0], [0, 5, 0, 0]]
[2026-03-31 17:07:18]   Subject 51 Fold 2 seed: 5208
[2026-03-31 17:07:18]   Subject 51 Fold 2: n_train=64 n_val=16 n_test=20
[2026-03-31 17:07:18]     Train class counts: [16, 16, 16, 16]
[2026-03-31 17:07:18]     Val class counts:   [4, 4, 4, 4]
[2026-03-31 17:07:18]     Test class counts:  [5, 5, 5, 5]
[2026-03-31 17:07:18] Building model with input window duration: 4.1875 s
[2026-03-31 17:07:18] Pretrained weight loading:
[2026-03-31 17:07:18]   Downloaded keys:        179
[2026-03-31 17:07:18]   Filtered (transformer): 172
[2026-03-31 17:07:18]   Filtered (pos_encoder): 0
[2026-03-31 17:07:18]   Keys to load:           7
[2026-03-31 17:07:18]   Missing keys:           4
[2026-03-31 17:07:18]   Unexpected keys:        0
[2026-03-31 17:07:18]   Missing preview:        ['spatial_conv.1.weight', 'spatial_conv.1.bias', 'final_layer.1.weight', 'final_layer.1.bias']
[2026-03-31 17:07:18]   Unexpected preview:     []
[2026-03-31 17:07:18] Encoder freeze configuration:
[2026-03-31 17:07:18]   Total parameters:        18,192
[2026-03-31 17:07:18]   Trainable parameters:    4,352
[2026-03-31 17:07:18]   Training percentage:     23.9%
[2026-03-31 17:07:18]   Trainable layers: 4
[2026-03-31 17:07:18]     - final_layer.1.bias
[2026-03-31 17:07:18]     - final_layer.1.weight
[2026-03-31 17:07:18]     - spatial_conv.1.bias
[2026-03-31 17:07:18]     - spatial_conv.1.weight
[2026-03-31 17:07:18]     Train generator seeded: True
[2026-03-31 17:07:22]     Stopped epoch:            216
[2026-03-31 17:07:22]     Best epoch (valid_loss):  166
[2026-03-31 17:07:22]     Best valid_loss:          1.1115573048591614
[2026-03-31 17:07:22]     Test accuracy (primary):  0.4000
[2026-03-31 17:07:22]     Test balanced acc:        0.4000
[2026-03-31 17:07:22]     Confusion matrix:         [[0, 1, 2, 2], [1, 3, 0, 1], [0, 1, 3, 1], [1, 2, 0, 2]]
[2026-03-31 17:07:22]     Prediction histogram:     [2, 7, 5, 6]
[2026-03-31 17:07:22]     fold_acc=0.4000 fold_bal_acc=0.4000 cm=[[0, 1, 2, 2], [1, 3, 0, 1], [0, 1, 3, 1], [1, 2, 0, 2]]
[2026-03-31 17:07:22]   Subject 51 Fold 3 seed: 5209
[2026-03-31 17:07:22]   Subject 51 Fold 3: n_train=64 n_val=16 n_test=20
[2026-03-31 17:07:22]     Train class counts: [16, 16, 16, 16]
[2026-03-31 17:07:22]     Val class counts:   [4, 4, 4, 4]
[2026-03-31 17:07:22]     Test class counts:  [5, 5, 5, 5]
[2026-03-31 17:07:22] Building model with input window duration: 4.1875 s
[2026-03-31 17:07:22] Pretrained weight loading:
[2026-03-31 17:07:22]   Downloaded keys:        179
[2026-03-31 17:07:22]   Filtered (transformer): 172
[2026-03-31 17:07:22]   Filtered (pos_encoder): 0
[2026-03-31 17:07:22]   Keys to load:           7
[2026-03-31 17:07:22]   Missing keys:           4
[2026-03-31 17:07:22]   Unexpected keys:        0
[2026-03-31 17:07:22]   Missing preview:        ['spatial_conv.1.weight', 'spatial_conv.1.bias', 'final_layer.1.weight', 'final_layer.1.bias']
[2026-03-31 17:07:22]   Unexpected preview:     []
[2026-03-31 17:07:22] Encoder freeze configuration:
[2026-03-31 17:07:22]   Total parameters:        18,192
[2026-03-31 17:07:22]   Trainable parameters:    4,352
[2026-03-31 17:07:22]   Training percentage:     23.9%
[2026-03-31 17:07:22]   Trainable layers: 4
[2026-03-31 17:07:22]     - final_layer.1.bias
[2026-03-31 17:07:22]     - final_layer.1.weight
[2026-03-31 17:07:22]     - spatial_conv.1.bias
[2026-03-31 17:07:22]     - spatial_conv.1.weight
[2026-03-31 17:07:22]     Train generator seeded: True
[2026-03-31 17:07:23]     Stopped epoch:            51
[2026-03-31 17:07:23]     Best epoch (valid_loss):  1
[2026-03-31 17:07:23]     Best valid_loss:          1.3915595412254333
[2026-03-31 17:07:23]     Test accuracy (primary):  0.3000
[2026-03-31 17:07:23]     Test balanced acc:        0.3000
[2026-03-31 17:07:23]     Confusion matrix:         [[0, 0, 0, 5], [0, 0, 1, 4], [0, 0, 1, 4], [0, 0, 0, 5]]
[2026-03-31 17:07:23]     Prediction histogram:     [0, 0, 2, 18]
[2026-03-31 17:07:23]     fold_acc=0.3000 fold_bal_acc=0.3000 cm=[[0, 0, 0, 5], [0, 0, 1, 4], [0, 0, 1, 4], [0, 0, 0, 5]]
[2026-03-31 17:07:23]   Subject 51 Fold 4 seed: 5210
[2026-03-31 17:07:23]   Subject 51 Fold 4: n_train=64 n_val=16 n_test=20
[2026-03-31 17:07:23]     Train class counts: [16, 16, 16, 16]
[2026-03-31 17:07:23]     Val class counts:   [4, 4, 4, 4]
[2026-03-31 17:07:23]     Test class counts:  [5, 5, 5, 5]
[2026-03-31 17:07:23] Building model with input window duration: 4.1875 s
[2026-03-31 17:07:23] Pretrained weight loading:
[2026-03-31 17:07:23]   Downloaded keys:        179
[2026-03-31 17:07:23]   Filtered (transformer): 172
[2026-03-31 17:07:23]   Filtered (pos_encoder): 0
[2026-03-31 17:07:23]   Keys to load:           7
[2026-03-31 17:07:23]   Missing keys:           4
[2026-03-31 17:07:23]   Unexpected keys:        0
[2026-03-31 17:07:23]   Missing preview:        ['spatial_conv.1.weight', 'spatial_conv.1.bias', 'final_layer.1.weight', 'final_layer.1.bias']
[2026-03-31 17:07:23]   Unexpected preview:     []
[2026-03-31 17:07:23] Encoder freeze configuration:
[2026-03-31 17:07:23]   Total parameters:        18,192
[2026-03-31 17:07:23]   Trainable parameters:    4,352
[2026-03-31 17:07:23]   Training percentage:     23.9%
[2026-03-31 17:07:23]   Trainable layers: 4
[2026-03-31 17:07:23]     - final_layer.1.bias
[2026-03-31 17:07:23]     - final_layer.1.weight
[2026-03-31 17:07:23]     - spatial_conv.1.bias
[2026-03-31 17:07:23]     - spatial_conv.1.weight
[2026-03-31 17:07:23]     Train generator seeded: True
[2026-03-31 17:07:24]     Stopped epoch:            52
[2026-03-31 17:07:24]     Best epoch (valid_loss):  4
[2026-03-31 17:07:24]     Best valid_loss:          1.384615957736969
[2026-03-31 17:07:24]     Test accuracy (primary):  0.2500
[2026-03-31 17:07:24]     Test balanced acc:        0.2500
[2026-03-31 17:07:24]     Confusion matrix:         [[0, 3, 0, 2], [0, 5, 0, 0], [0, 5, 0, 0], [0, 5, 0, 0]]
[2026-03-31 17:07:24]     Prediction histogram:     [0, 18, 0, 2]
[2026-03-31 17:07:24]     fold_acc=0.2500 fold_bal_acc=0.2500 cm=[[0, 3, 0, 2], [0, 5, 0, 0], [0, 5, 0, 0], [0, 5, 0, 0]]
[2026-03-31 17:07:24]   Subject 51 Fold 5 seed: 5211
[2026-03-31 17:07:24]   Subject 51 Fold 5: n_train=64 n_val=16 n_test=20
[2026-03-31 17:07:24]     Train class counts: [16, 16, 16, 16]
[2026-03-31 17:07:24]     Val class counts:   [4, 4, 4, 4]
[2026-03-31 17:07:24]     Test class counts:  [5, 5, 5, 5]
[2026-03-31 17:07:24] Building model with input window duration: 4.1875 s
[2026-03-31 17:07:24] Pretrained weight loading:
[2026-03-31 17:07:24]   Downloaded keys:        179
[2026-03-31 17:07:24]   Filtered (transformer): 172
[2026-03-31 17:07:24]   Filtered (pos_encoder): 0
[2026-03-31 17:07:24]   Keys to load:           7
[2026-03-31 17:07:24]   Missing keys:           4
[2026-03-31 17:07:24]   Unexpected keys:        0
[2026-03-31 17:07:24]   Missing preview:        ['spatial_conv.1.weight', 'spatial_conv.1.bias', 'final_layer.1.weight', 'final_layer.1.bias']
[2026-03-31 17:07:24]   Unexpected preview:     []
[2026-03-31 17:07:24] Encoder freeze configuration:
[2026-03-31 17:07:24]   Total parameters:        18,192
[2026-03-31 17:07:24]   Trainable parameters:    4,352
[2026-03-31 17:07:24]   Training percentage:     23.9%
[2026-03-31 17:07:24]   Trainable layers: 4
[2026-03-31 17:07:24]     - final_layer.1.bias
[2026-03-31 17:07:24]     - final_layer.1.weight
[2026-03-31 17:07:24]     - spatial_conv.1.bias
[2026-03-31 17:07:24]     - spatial_conv.1.weight
[2026-03-31 17:07:24]     Train generator seeded: True
[2026-03-31 17:07:25]     Stopped epoch:            51
[2026-03-31 17:07:25]     Best epoch (valid_loss):  1
[2026-03-31 17:07:25]     Best valid_loss:          1.3857157230377197
[2026-03-31 17:07:25]     Test accuracy (primary):  0.2500
[2026-03-31 17:07:25]     Test balanced acc:        0.2500
[2026-03-31 17:07:25]     Confusion matrix:         [[0, 5, 0, 0], [0, 5, 0, 0], [0, 5, 0, 0], [0, 5, 0, 0]]
[2026-03-31 17:07:25]     Prediction histogram:     [0, 20, 0, 0]
[2026-03-31 17:07:25]     fold_acc=0.2500 fold_bal_acc=0.2500 cm=[[0, 5, 0, 0], [0, 5, 0, 0], [0, 5, 0, 0], [0, 5, 0, 0]]
[2026-03-31 17:07:25]   Subject 51 mean accuracy: 0.3100

[2026-03-31 17:07:25] Total folds completed: 5
[2026-03-31 17:07:25] ======================================================================
[2026-03-31 17:07:25] AGGREGATED RESULTS
[2026-03-31 17:07:25] ======================================================================
[2026-03-31 17:07:25]   Subject 51:  acc=0.3100±0.0583  bal_acc=0.3100±0.0583
[2026-03-31 17:07:25] ----------------------------------------------------------------------
[2026-03-31 17:07:25]   OVERALL:      acc=0.3100±0.0583  bal_acc=0.3100±0.0583
[2026-03-31 17:07:25] ======================================================================
[2026-03-31 17:07:25] CV results saved to:      /home/vegorov/Repos/eeg_jepa_research/artifacts/lee-2019-fine-tuning/SSVEP/20260331_1707_21cc859d/cv_results.json
[2026-03-31 17:07:25] Subject metrics saved to: /home/vegorov/Repos/eeg_jepa_research/artifacts/lee-2019-fine-tuning/SSVEP/20260331_1707_21cc859d/subject_metrics.json
[2026-03-31 17:07:25] Global metrics saved to:  /home/vegorov/Repos/eeg_jepa_research/artifacts/lee-2019-fine-tuning/SSVEP/20260331_1707_21cc859d/global_metrics.json
[2026-03-31 17:07:25] Run metadata saved to:    /home/vegorov/Repos/eeg_jepa_research/artifacts/lee-2019-fine-tuning/SSVEP/20260331_1707_21cc859d/run_metadata.json

[2026-03-31 17:07:25] All artifacts in: /home/vegorov/Repos/eeg_jepa_research/artifacts/lee-2019-fine-tuning/SSVEP/20260331_1707_21cc859d

[2026-03-31 17:07:25] ======================================================================
[2026-03-31 17:07:25] EXPERIMENT SUMMARY
[2026-03-31 17:07:25] ======================================================================
[2026-03-31 17:07:25] Run ID:    20260331_1707_21cc859d
[2026-03-31 17:07:25] Artifacts: /home/vegorov/Repos/eeg_jepa_research/artifacts/lee-2019-fine-tuning/SSVEP/20260331_1707_21cc859d

[2026-03-31 17:07:25] Configuration:
[2026-03-31 17:07:25]   Subjects:          [51]
[2026-03-31 17:07:25]   Bandpass:          0.5-40.0 Hz
[2026-03-31 17:07:25]   Resample:          128 Hz
[2026-03-31 17:07:25]   CV folds:          5
[2026-03-31 17:07:25]   Learning rate:     0.001
[2026-03-31 17:07:25]   Batch size:        8
[2026-03-31 17:07:25]   Max epochs:        5000

[2026-03-31 17:07:25] Results:
[2026-03-31 17:07:25]   Mean Accuracy:          0.3100 ± 0.0583
[2026-03-31 17:07:25]   Mean Balanced Accuracy: 0.3100 ± 0.0583
