[2026-04-01 09:45:36] Using device: cpu
[2026-04-01 09:45:36] Seed control enabled: True
[2026-04-01 09:45:36] Base seed: 1005
[2026-04-01 09:45:36] Seed initialized: 1005
[2026-04-01 09:45:36] ======================================================================
[2026-04-01 09:45:36] CONFIGURATION
[2026-04-01 09:45:36] ======================================================================
[2026-04-01 09:45:36]   artifact_dir: /home/vegorov/Repos/eeg_jepa_research/artifacts/lee-2019-fine-tuning
[2026-04-01 09:45:36]   bandpass_high: 40.0
[2026-04-01 09:45:36]   bandpass_low: 0.5
[2026-04-01 09:45:36]   batch_size: 16
[2026-04-01 09:45:36]   convert_to_uV: True
[2026-04-01 09:45:36]   cv_folds: 5
[2026-04-01 09:45:36]   device: auto
[2026-04-01 09:45:36]   early_stopping_patience: 50
[2026-04-01 09:45:36]   learning_rate: 0.001
[2026-04-01 09:45:36]   n_epochs: 5000
[2026-04-01 09:45:36]   normalization_method: None
[2026-04-01 09:45:36]   normalize: False
[2026-04-01 09:45:36]   paradigm: SSVEP
[2026-04-01 09:45:36]   pretrained_url: https://huggingface.co/braindecode/SignalJEPA/resolve/main/signal-jepa_16s-60_adeuwv4s.pth
[2026-04-01 09:45:36]   seed: 1005
[2026-04-01 09:45:36]   set_seed: True
[2026-04-01 09:45:36]   sfreq: 128
[2026-04-01 09:45:36]   subjects_to_use: [51]
[2026-04-01 09:45:36]   val_split: 0.2
[2026-04-01 09:45:36] ======================================================================
[2026-04-01 09:45:36] Config saved to: /home/vegorov/Repos/eeg_jepa_research/artifacts/lee-2019-fine-tuning/SSVEP/20260401_0945_4e397cbc/config.json
[2026-04-01 09:45:36] Epoch window configuration:
[2026-04-01 09:45:36]   Target sfreq:                128 Hz
[2026-04-01 09:45:36]   Target duration:             4.190000 s
[2026-04-01 09:45:36]   Window samples (rounded):    536
[2026-04-01 09:45:36]   Base trial samples (4.0 s):  512
[2026-04-01 09:45:36]   Trial stop offset samples:   24
[2026-04-01 09:45:36]   Effective window duration:   4.187500 s
[2026-04-01 09:45:37] Using specified subjects from config: [51]
[2026-04-01 09:45:37] Selected subjects: [51]
[2026-04-01 09:45:37] Expected evaluation folds: 5

[2026-04-01 09:45:37] Building MOABBDataset for Lee2019_SSVEP...
[2026-04-01 09:45:45] MOABBDataset recordings loaded: 1
[2026-04-01 09:45:45] Discovered annotation descriptions (first recording): [np.str_('12.0'), np.str_('5.45'), np.str_('6.67'), np.str_('8.57')]
[2026-04-01 09:45:45] Dataset event_id mapping: {'12.0': 1, '8.57': 2, '6.67': 3, '5.45': 4}
[2026-04-01 09:45:45] Label map (event_code -> class_index): {1: 0, 2: 1, 3: 2, 4: 3}
[2026-04-01 09:45:45] Applying Braindecode preprocessors to MOABBDataset...
[2026-04-01 09:45:48] Preprocessing complete.

[2026-04-01 09:45:48] Post-preprocessing validation
[2026-04-01 09:45:48]   Recordings in DATASET: 1
[2026-04-01 09:45:48]   Unique subject IDs:    ['51']
[2026-04-01 09:45:48]   sfreq (first rec):     128.0 Hz
[2026-04-01 09:45:48]   EEG channel count:     62
[2026-04-01 09:45:48]   First 10 channels:     ['Fp1', 'Fp2', 'F7', 'F3', 'Fz', 'F4', 'F8', 'FC5', 'FC1', 'FC2']
[2026-04-01 09:45:48] Channel consistency summary:
[2026-04-01 09:45:48]   Checked runs: 1
[2026-04-01 09:45:48]   Unique channel counts: [62]
[2026-04-01 09:45:48]   Channel order consistent: True
[2026-04-01 09:45:48] Validated EEG channels: 62
[2026-04-01 09:45:48] First 10 EEG channels: ['Fp1', 'Fp2', 'F7', 'F3', 'Fz', 'F4', 'F8', 'FC5', 'FC1', 'FC2']
[2026-04-01 09:45:48] raw mean_abs=8.654730e+00
[2026-04-01 09:45:48] raw std=3.494582e+01
[2026-04-01 09:45:48] raw first5 channel std= [46.22404553 54.63339771 16.95830183 13.82897057 11.24366025]
[2026-04-01 09:45:48] Requested window samples: 536
[2026-04-01 09:45:48] Base trial samples:       512
[2026-04-01 09:45:48] Stop offset samples:      24
[2026-04-01 09:45:48] Global class counts: [25, 25, 25, 25]
[2026-04-01 09:45:48] Chance level (4-class): 0.25
[2026-04-01 09:45:48] One window shape: (62, 536)
[2026-04-01 09:45:48] One window label: 1
[2026-04-01 09:45:48] Window sample length expected=536, got=536
[2026-04-01 09:45:48] Subjects in window split: [51]
[2026-04-01 09:45:48] Summarizing per-subject windows...
[2026-04-01 09:45:48]   Subject 51: n_windows=100, window_shape=(62, 536), class_counts=[25, 25, 25, 25]
[2026-04-01 09:45:48]    subject_id  n_windows  n_channels  n_times      class_counts
0          51        100          62      536  [25, 25, 25, 25]
[2026-04-01 09:45:48] Window validation summary:
[2026-04-01 09:45:48]   Subject 51: n_windows=100 class_counts=[25, 25, 25, 25]

[2026-04-01 09:45:48] Validated sampling rate target: 128 Hz
[2026-04-01 09:45:48] Validated window sample count:   536
[2026-04-01 09:45:48] Validated window duration:       4.1875 s
[2026-04-01 09:45:48] Validated channel count:         62
[2026-04-01 09:45:48] Total windows retained:          100
[2026-04-01 09:45:48] Preprocessing sanity checks:
[2026-04-01 09:45:48]   One sample label: 1
[2026-04-01 09:45:48]   One sample shape: (62, 536)
[2026-04-01 09:45:48]   Mean(abs(signal)): 4.094026e+00
[2026-04-01 09:45:48]   Mean(signal):      7.346552e-09
[2026-04-01 09:45:48]   Std(signal):       5.860601e+00
[2026-04-01 09:45:48] Building model with input window duration: 4.1875 s
[2026-04-01 09:45:48] SignalJEPA_PreLocal instantiated successfully.
[2026-04-01 09:45:48]   Total parameters:     18,192
[2026-04-01 09:45:48]   Trainable parameters: 18,192
[2026-04-01 09:45:48] ======================================================================================================================================================
Layer (type (var_name):depth-idx)                  Input Shape               Output Shape              Param #                   Kernel Shape
======================================================================================================================================================
SignalJEPA_PreLocal (SignalJEPA_PreLocal)          [1, 62, 536]              [1, 4]                    --                        --
├─Sequential (spatial_conv): 1-1                   [1, 62, 536]              [1, 4, 536]               --                        --
│    └─Rearrange (0): 2-1                          [1, 62, 536]              [1, 1, 62, 536]           --                        --
│    └─Conv2d (1): 2-2                             [1, 1, 62, 536]           [1, 4, 1, 536]            252                       [62, 1]
│    └─Rearrange (2): 2-3                          [1, 4, 1, 536]            [1, 4, 536]               --                        --
├─_ConvFeatureEncoder (feature_encoder): 1-2       [1, 4, 536]               [1, 16, 64]               --                        --
│    └─Rearrange (0): 2-4                          [1, 4, 536]               [4, 1, 536]               --                        --
│    └─Sequential (1): 2-5                         [4, 1, 536]               [4, 8, 64]                --                        --
│    │    └─Conv1d (0): 3-1                        [4, 1, 536]               [4, 8, 64]                256                       [32]
│    │    └─Dropout (1): 3-2                       [4, 8, 64]                [4, 8, 64]                --                        --
│    │    └─GroupNorm (2): 3-3                     [4, 8, 64]                [4, 8, 64]                16                        --
│    │    └─GELU (3): 3-4                          [4, 8, 64]                [4, 8, 64]                --                        --
│    └─Sequential (2): 2-6                         [4, 8, 64]                [4, 16, 32]               --                        --
│    │    └─Conv1d (0): 3-5                        [4, 8, 64]                [4, 16, 32]               256                       [2]
│    │    └─Dropout (1): 3-6                       [4, 16, 32]               [4, 16, 32]               --                        --
│    │    └─GELU (2): 3-7                          [4, 16, 32]               [4, 16, 32]               --                        --
│    └─Sequential (3): 2-7                         [4, 16, 32]               [4, 32, 16]               --                        --
│    │    └─Conv1d (0): 3-8                        [4, 16, 32]               [4, 32, 16]               1,024                     [2]
│    │    └─Dropout (1): 3-9                       [4, 32, 16]               [4, 32, 16]               --                        --
│    │    └─GELU (2): 3-10                         [4, 32, 16]               [4, 32, 16]               --                        --
│    └─Sequential (4): 2-8                         [4, 32, 16]               [4, 64, 8]                --                        --
│    │    └─Conv1d (0): 3-11                       [4, 32, 16]               [4, 64, 8]                4,096                     [2]
│    │    └─Dropout (1): 3-12                      [4, 64, 8]                [4, 64, 8]                --                        --
│    │    └─GELU (2): 3-13                         [4, 64, 8]                [4, 64, 8]                --                        --
│    └─Sequential (5): 2-9                         [4, 64, 8]                [4, 64, 4]                --                        --
│    │    └─Conv1d (0): 3-14                       [4, 64, 8]                [4, 64, 4]                8,192                     [2]
│    │    └─Dropout (1): 3-15                      [4, 64, 4]                [4, 64, 4]                --                        --
│    │    └─GELU (2): 3-16                         [4, 64, 4]                [4, 64, 4]                --                        --
│    └─Rearrange (6): 2-10                         [4, 64, 4]                [1, 16, 64]               --                        --
├─Sequential (final_layer): 1-3                    [1, 16, 64]               [1, 4]                    --                        --
│    └─Flatten (0): 2-11                           [1, 16, 64]               [1, 1024]                 --                        --
│    └─Linear (1): 2-12                            [1, 1024]                 [1, 4]                    4,100                     --
======================================================================================================================================================
Total params: 18,192
Trainable params: 18,192
Non-trainable params: 0
Total mult-adds (Units.MEGABYTES): 0.57
======================================================================================================================================================
Input size (MB): 0.13
Forward/backward pass size (MB): 0.11
Params size (MB): 0.07
Estimated Total Size (MB): 0.31
======================================================================================================================================================
[2026-04-01 09:45:48] Initializing from 16s-60 pretrained checkpoint (Hugging Face):
[2026-04-01 09:45:48]   https://huggingface.co/braindecode/SignalJEPA/resolve/main/signal-jepa_16s-60_adeuwv4s.pth
[2026-04-01 09:45:48]   Downloaded 179 keys
[2026-04-01 09:45:48] ======================================================================
[2026-04-01 09:45:48] STARTING CROSS-VALIDATION
[2026-04-01 09:45:48] ======================================================================
[2026-04-01 09:45:48] Subjects:      [51]
[2026-04-01 09:45:48] CV folds:      5
[2026-04-01 09:45:48] Batch size:    16
[2026-04-01 09:45:48] Max epochs:    5000
[2026-04-01 09:45:48] Device:        cpu
[2026-04-01 09:45:48] Seed control:  True
[2026-04-01 09:45:48] Base seed:     1005
[2026-04-01 09:45:48] ======================================================================

[2026-04-01 09:45:48] Subject 51: 100 windows class_counts=[25, 25, 25, 25]
[2026-04-01 09:45:48]   Fold 1 split seed: 1006
[2026-04-01 09:45:48]   Fold 1 split class counts:
[2026-04-01 09:45:48]     train=[16, 16, 16, 16] val=[4, 4, 4, 4] test=[5, 5, 5, 5]
[2026-04-01 09:45:48]   Fold 2 split seed: 1007
[2026-04-01 09:45:48]   Fold 2 split class counts:
[2026-04-01 09:45:48]     train=[16, 16, 16, 16] val=[4, 4, 4, 4] test=[5, 5, 5, 5]
[2026-04-01 09:45:48]   Fold 3 split seed: 1008
[2026-04-01 09:45:48]   Fold 3 split class counts:
[2026-04-01 09:45:48]     train=[16, 16, 16, 16] val=[4, 4, 4, 4] test=[5, 5, 5, 5]
[2026-04-01 09:45:48]   Fold 4 split seed: 1009
[2026-04-01 09:45:48]   Fold 4 split class counts:
[2026-04-01 09:45:48]     train=[16, 16, 16, 16] val=[4, 4, 4, 4] test=[5, 5, 5, 5]
[2026-04-01 09:45:48]   Fold 5 split seed: 1010
[2026-04-01 09:45:48]   Fold 5 split class counts:
[2026-04-01 09:45:48]     train=[16, 16, 16, 16] val=[4, 4, 4, 4] test=[5, 5, 5, 5]
[2026-04-01 09:45:48]   Subject 51 Fold 1 seed: 6106
[2026-04-01 09:45:48]   Subject 51 Fold 1: n_train=64 n_val=16 n_test=20
[2026-04-01 09:45:48]     Train class counts: [16, 16, 16, 16]
[2026-04-01 09:45:48]     Val class counts:   [4, 4, 4, 4]
[2026-04-01 09:45:48]     Test class counts:  [5, 5, 5, 5]
[2026-04-01 09:45:48] Building model with input window duration: 4.1875 s
[2026-04-01 09:45:48] Pretrained weight loading:
[2026-04-01 09:45:48]   Downloaded keys:        179
[2026-04-01 09:45:48]   Filtered (transformer): 172
[2026-04-01 09:45:48]   Filtered (pos_encoder): 0
[2026-04-01 09:45:48]   Keys to load:           7
[2026-04-01 09:45:48]   Missing keys:           4
[2026-04-01 09:45:48]   Unexpected keys:        0
[2026-04-01 09:45:48]   Missing preview:        ['spatial_conv.1.weight', 'spatial_conv.1.bias', 'final_layer.1.weight', 'final_layer.1.bias']
[2026-04-01 09:45:48]   Unexpected preview:     []
[2026-04-01 09:45:48] Encoder freeze configuration:
[2026-04-01 09:45:48]   Total parameters:        18,192
[2026-04-01 09:45:48]   Trainable parameters:    4,352
[2026-04-01 09:45:48]   Training percentage:     23.9%
[2026-04-01 09:45:48]   Trainable layers: 4
[2026-04-01 09:45:48]     - final_layer.1.bias
[2026-04-01 09:45:48]     - final_layer.1.weight
[2026-04-01 09:45:48]     - spatial_conv.1.bias
[2026-04-01 09:45:48]     - spatial_conv.1.weight
[2026-04-01 09:45:48]     Train generator seeded: True
[2026-04-01 09:45:50]     Stopped epoch:            99
[2026-04-01 09:45:50]     Best epoch (valid_loss):  49
[2026-04-01 09:45:50]     Best valid_loss:          1.3544906377792358
[2026-04-01 09:45:50]     Test accuracy (primary):  0.3500
[2026-04-01 09:45:50]     Test balanced acc:        0.3500
[2026-04-01 09:45:50]     Confusion matrix:         [[1, 2, 1, 1], [1, 2, 2, 0], [1, 0, 1, 3], [1, 1, 0, 3]]
[2026-04-01 09:45:50]     Prediction histogram:     [4, 5, 4, 7]
[2026-04-01 09:45:50]     fold_acc=0.3500 fold_bal_acc=0.3500 cm=[[1, 2, 1, 1], [1, 2, 2, 0], [1, 0, 1, 3], [1, 1, 0, 3]]
[2026-04-01 09:45:50]   Subject 51 Fold 2 seed: 6107
[2026-04-01 09:45:50]   Subject 51 Fold 2: n_train=64 n_val=16 n_test=20
[2026-04-01 09:45:50]     Train class counts: [16, 16, 16, 16]
[2026-04-01 09:45:50]     Val class counts:   [4, 4, 4, 4]
[2026-04-01 09:45:50]     Test class counts:  [5, 5, 5, 5]
[2026-04-01 09:45:50] Building model with input window duration: 4.1875 s
[2026-04-01 09:45:50] Pretrained weight loading:
[2026-04-01 09:45:50]   Downloaded keys:        179
[2026-04-01 09:45:50]   Filtered (transformer): 172
[2026-04-01 09:45:50]   Filtered (pos_encoder): 0
[2026-04-01 09:45:50]   Keys to load:           7
[2026-04-01 09:45:50]   Missing keys:           4
[2026-04-01 09:45:50]   Unexpected keys:        0
[2026-04-01 09:45:50]   Missing preview:        ['spatial_conv.1.weight', 'spatial_conv.1.bias', 'final_layer.1.weight', 'final_layer.1.bias']
[2026-04-01 09:45:50]   Unexpected preview:     []
[2026-04-01 09:45:50] Encoder freeze configuration:
[2026-04-01 09:45:50]   Total parameters:        18,192
[2026-04-01 09:45:50]   Trainable parameters:    4,352
[2026-04-01 09:45:50]   Training percentage:     23.9%
[2026-04-01 09:45:50]   Trainable layers: 4
[2026-04-01 09:45:50]     - final_layer.1.bias
[2026-04-01 09:45:50]     - final_layer.1.weight
[2026-04-01 09:45:50]     - spatial_conv.1.bias
[2026-04-01 09:45:50]     - spatial_conv.1.weight
[2026-04-01 09:45:50]     Train generator seeded: True
[2026-04-01 09:45:50]     Stopped epoch:            51
[2026-04-01 09:45:50]     Best epoch (valid_loss):  1
[2026-04-01 09:45:50]     Best valid_loss:          1.3858649730682373
[2026-04-01 09:45:50]     Test accuracy (primary):  0.2500
[2026-04-01 09:45:50]     Test balanced acc:        0.2500
[2026-04-01 09:45:50]     Confusion matrix:         [[0, 0, 5, 0], [0, 0, 3, 2], [0, 0, 5, 0], [0, 0, 5, 0]]
[2026-04-01 09:45:50]     Prediction histogram:     [0, 0, 18, 2]
[2026-04-01 09:45:50]     fold_acc=0.2500 fold_bal_acc=0.2500 cm=[[0, 0, 5, 0], [0, 0, 3, 2], [0, 0, 5, 0], [0, 0, 5, 0]]
[2026-04-01 09:45:50]   Subject 51 Fold 3 seed: 6108
[2026-04-01 09:45:50]   Subject 51 Fold 3: n_train=64 n_val=16 n_test=20
[2026-04-01 09:45:50]     Train class counts: [16, 16, 16, 16]
[2026-04-01 09:45:50]     Val class counts:   [4, 4, 4, 4]
[2026-04-01 09:45:50]     Test class counts:  [5, 5, 5, 5]
[2026-04-01 09:45:50] Building model with input window duration: 4.1875 s
[2026-04-01 09:45:50] Pretrained weight loading:
[2026-04-01 09:45:50]   Downloaded keys:        179
[2026-04-01 09:45:50]   Filtered (transformer): 172
[2026-04-01 09:45:50]   Filtered (pos_encoder): 0
[2026-04-01 09:45:50]   Keys to load:           7
[2026-04-01 09:45:50]   Missing keys:           4
[2026-04-01 09:45:50]   Unexpected keys:        0
[2026-04-01 09:45:50]   Missing preview:        ['spatial_conv.1.weight', 'spatial_conv.1.bias', 'final_layer.1.weight', 'final_layer.1.bias']
[2026-04-01 09:45:50]   Unexpected preview:     []
[2026-04-01 09:45:50] Encoder freeze configuration:
[2026-04-01 09:45:50]   Total parameters:        18,192
[2026-04-01 09:45:50]   Trainable parameters:    4,352
[2026-04-01 09:45:50]   Training percentage:     23.9%
[2026-04-01 09:45:50]   Trainable layers: 4
[2026-04-01 09:45:50]     - final_layer.1.bias
[2026-04-01 09:45:50]     - final_layer.1.weight
[2026-04-01 09:45:50]     - spatial_conv.1.bias
[2026-04-01 09:45:50]     - spatial_conv.1.weight
[2026-04-01 09:45:50]     Train generator seeded: True
[2026-04-01 09:45:52]     Stopped epoch:            108
[2026-04-01 09:45:52]     Best epoch (valid_loss):  60
[2026-04-01 09:45:52]     Best valid_loss:          1.3246904611587524
[2026-04-01 09:45:52]     Test accuracy (primary):  0.4000
[2026-04-01 09:45:52]     Test balanced acc:        0.4000
[2026-04-01 09:45:52]     Confusion matrix:         [[2, 0, 2, 1], [1, 0, 1, 3], [1, 1, 1, 2], [0, 0, 0, 5]]
[2026-04-01 09:45:52]     Prediction histogram:     [4, 1, 4, 11]
[2026-04-01 09:45:52]     fold_acc=0.4000 fold_bal_acc=0.4000 cm=[[2, 0, 2, 1], [1, 0, 1, 3], [1, 1, 1, 2], [0, 0, 0, 5]]
[2026-04-01 09:45:52]   Subject 51 Fold 4 seed: 6109
[2026-04-01 09:45:52]   Subject 51 Fold 4: n_train=64 n_val=16 n_test=20
[2026-04-01 09:45:52]     Train class counts: [16, 16, 16, 16]
[2026-04-01 09:45:52]     Val class counts:   [4, 4, 4, 4]
[2026-04-01 09:45:52]     Test class counts:  [5, 5, 5, 5]
[2026-04-01 09:45:52] Building model with input window duration: 4.1875 s
[2026-04-01 09:45:52] Pretrained weight loading:
[2026-04-01 09:45:52]   Downloaded keys:        179
[2026-04-01 09:45:52]   Filtered (transformer): 172
[2026-04-01 09:45:52]   Filtered (pos_encoder): 0
[2026-04-01 09:45:52]   Keys to load:           7
[2026-04-01 09:45:52]   Missing keys:           4
[2026-04-01 09:45:52]   Unexpected keys:        0
[2026-04-01 09:45:52]   Missing preview:        ['spatial_conv.1.weight', 'spatial_conv.1.bias', 'final_layer.1.weight', 'final_layer.1.bias']
[2026-04-01 09:45:52]   Unexpected preview:     []
[2026-04-01 09:45:52] Encoder freeze configuration:
[2026-04-01 09:45:52]   Total parameters:        18,192
[2026-04-01 09:45:52]   Trainable parameters:    4,352
[2026-04-01 09:45:52]   Training percentage:     23.9%
[2026-04-01 09:45:52]   Trainable layers: 4
[2026-04-01 09:45:52]     - final_layer.1.bias
[2026-04-01 09:45:52]     - final_layer.1.weight
[2026-04-01 09:45:52]     - spatial_conv.1.bias
[2026-04-01 09:45:52]     - spatial_conv.1.weight
[2026-04-01 09:45:52]     Train generator seeded: True
[2026-04-01 09:45:55]     Stopped epoch:            263
[2026-04-01 09:45:55]     Best epoch (valid_loss):  213
[2026-04-01 09:45:55]     Best valid_loss:          1.2613710165023804
[2026-04-01 09:45:55]     Test accuracy (primary):  0.3000
[2026-04-01 09:45:55]     Test balanced acc:        0.3000
[2026-04-01 09:45:55]     Confusion matrix:         [[2, 0, 1, 2], [0, 0, 3, 2], [2, 0, 3, 0], [2, 1, 1, 1]]
[2026-04-01 09:45:55]     Prediction histogram:     [6, 1, 8, 5]
[2026-04-01 09:45:55]     fold_acc=0.3000 fold_bal_acc=0.3000 cm=[[2, 0, 1, 2], [0, 0, 3, 2], [2, 0, 3, 0], [2, 1, 1, 1]]
[2026-04-01 09:45:55]   Subject 51 Fold 5 seed: 6110
[2026-04-01 09:45:55]   Subject 51 Fold 5: n_train=64 n_val=16 n_test=20
[2026-04-01 09:45:55]     Train class counts: [16, 16, 16, 16]
[2026-04-01 09:45:55]     Val class counts:   [4, 4, 4, 4]
[2026-04-01 09:45:55]     Test class counts:  [5, 5, 5, 5]
[2026-04-01 09:45:55] Building model with input window duration: 4.1875 s
[2026-04-01 09:45:55] Pretrained weight loading:
[2026-04-01 09:45:55]   Downloaded keys:        179
[2026-04-01 09:45:55]   Filtered (transformer): 172
[2026-04-01 09:45:55]   Filtered (pos_encoder): 0
[2026-04-01 09:45:55]   Keys to load:           7
[2026-04-01 09:45:55]   Missing keys:           4
[2026-04-01 09:45:55]   Unexpected keys:        0
[2026-04-01 09:45:55]   Missing preview:        ['spatial_conv.1.weight', 'spatial_conv.1.bias', 'final_layer.1.weight', 'final_layer.1.bias']
[2026-04-01 09:45:55]   Unexpected preview:     []
[2026-04-01 09:45:55] Encoder freeze configuration:
[2026-04-01 09:45:55]   Total parameters:        18,192
[2026-04-01 09:45:55]   Trainable parameters:    4,352
[2026-04-01 09:45:55]   Training percentage:     23.9%
[2026-04-01 09:45:55]   Trainable layers: 4
[2026-04-01 09:45:55]     - final_layer.1.bias
[2026-04-01 09:45:55]     - final_layer.1.weight
[2026-04-01 09:45:55]     - spatial_conv.1.bias
[2026-04-01 09:45:55]     - spatial_conv.1.weight
[2026-04-01 09:45:55]     Train generator seeded: True
[2026-04-01 09:45:56]     Stopped epoch:            51
[2026-04-01 09:45:56]     Best epoch (valid_loss):  1
[2026-04-01 09:45:56]     Best valid_loss:          1.3871508836746216
[2026-04-01 09:45:56]     Test accuracy (primary):  0.2500
[2026-04-01 09:45:56]     Test balanced acc:        0.2500
[2026-04-01 09:45:56]     Confusion matrix:         [[0, 1, 3, 1], [1, 1, 2, 1], [1, 0, 4, 0], [1, 0, 4, 0]]
[2026-04-01 09:45:56]     Prediction histogram:     [3, 2, 13, 2]
[2026-04-01 09:45:56]     fold_acc=0.2500 fold_bal_acc=0.2500 cm=[[0, 1, 3, 1], [1, 1, 2, 1], [1, 0, 4, 0], [1, 0, 4, 0]]
[2026-04-01 09:45:56]   Subject 51 mean accuracy: 0.3100

[2026-04-01 09:45:56] Total folds completed: 5
[2026-04-01 09:45:56] ======================================================================
[2026-04-01 09:45:56] AGGREGATED RESULTS
[2026-04-01 09:45:56] ======================================================================
[2026-04-01 09:45:56]   Subject 51:  acc=0.3100±0.0583  bal_acc=0.3100±0.0583
[2026-04-01 09:45:56] ----------------------------------------------------------------------
[2026-04-01 09:45:56]   OVERALL:      acc=0.3100±0.0583  bal_acc=0.3100±0.0583
[2026-04-01 09:45:56] ======================================================================
[2026-04-01 09:45:56] CV results saved to:      /home/vegorov/Repos/eeg_jepa_research/artifacts/lee-2019-fine-tuning/SSVEP/20260401_0945_4e397cbc/cv_results.json
[2026-04-01 09:45:56] Subject metrics saved to: /home/vegorov/Repos/eeg_jepa_research/artifacts/lee-2019-fine-tuning/SSVEP/20260401_0945_4e397cbc/subject_metrics.json
[2026-04-01 09:45:56] Global metrics saved to:  /home/vegorov/Repos/eeg_jepa_research/artifacts/lee-2019-fine-tuning/SSVEP/20260401_0945_4e397cbc/global_metrics.json
[2026-04-01 09:45:56] Run metadata saved to:    /home/vegorov/Repos/eeg_jepa_research/artifacts/lee-2019-fine-tuning/SSVEP/20260401_0945_4e397cbc/run_metadata.json

[2026-04-01 09:45:56] All artifacts in: /home/vegorov/Repos/eeg_jepa_research/artifacts/lee-2019-fine-tuning/SSVEP/20260401_0945_4e397cbc

[2026-04-01 09:45:56] ======================================================================
[2026-04-01 09:45:56] EXPERIMENT SUMMARY
[2026-04-01 09:45:56] ======================================================================
[2026-04-01 09:45:56] Run ID:    20260401_0945_4e397cbc
[2026-04-01 09:45:56] Artifacts: /home/vegorov/Repos/eeg_jepa_research/artifacts/lee-2019-fine-tuning/SSVEP/20260401_0945_4e397cbc

[2026-04-01 09:45:56] Configuration:
[2026-04-01 09:45:56]   Subjects:          [51]
[2026-04-01 09:45:56]   Bandpass:          0.5-40.0 Hz
[2026-04-01 09:45:56]   Resample:          128 Hz
[2026-04-01 09:45:56]   CV folds:          5
[2026-04-01 09:45:56]   Learning rate:     0.001
[2026-04-01 09:45:56]   Batch size:        16
[2026-04-01 09:45:56]   Max epochs:        5000

[2026-04-01 09:45:56] Results:
[2026-04-01 09:45:56]   Mean Accuracy:          0.3100 ± 0.0583
[2026-04-01 09:45:56]   Mean Balanced Accuracy: 0.3100 ± 0.0583
