[2026-04-15 20:57:45] Using device: cpu
[2026-04-15 20:57:45] Seed control disabled (CONFIG['set_seed'] = False)
[2026-04-15 20:57:45] ======================================================================
[2026-04-15 20:57:45] CONFIGURATION
[2026-04-15 20:57:45] ======================================================================
[2026-04-15 20:57:45]   artifact_dir: /home/vegorov/Repos/eeg_jepa_research/artifacts/lee-2019-fine-tuning
[2026-04-15 20:57:45]   bandpass_high: 40.0
[2026-04-15 20:57:45]   bandpass_low: 0.5
[2026-04-15 20:57:45]   batch_size: 32
[2026-04-15 20:57:45]   convert_to_uV: True
[2026-04-15 20:57:45]   cv_folds: 5
[2026-04-15 20:57:45]   early_stopping_patience: 50
[2026-04-15 20:57:45]   learning_rate: None
[2026-04-15 20:57:45]   model_name: SignalJEPA_PostLocal
[2026-04-15 20:57:45]   n_epochs: 5000
[2026-04-15 20:57:45]   paradigm: ERP
[2026-04-15 20:57:45]   pretrained_url: https://huggingface.co/braindecode/SignalJEPA/resolve/main/signal-jepa_16s-60_adeuwv4s.pth
[2026-04-15 20:57:45]   seed: None
[2026-04-15 20:57:45]   set_eeg_reference: True
[2026-04-15 20:57:45]   set_seed: False
[2026-04-15 20:57:45]   set_standard_montage: True
[2026-04-15 20:57:45]   sfreq: 128
[2026-04-15 20:57:45]   strategy: new
[2026-04-15 20:57:45]   subjects_to_use: None
[2026-04-15 20:57:45]   val_split: 0.2
[2026-04-15 20:57:45]   warmup_epochs: 10
[2026-04-15 20:57:45] ======================================================================
[2026-04-15 20:57:45] Config saved to: /home/vegorov/Repos/eeg_jepa_research/artifacts/lee-2019-fine-tuning/ERP/20260415_2057_f7ade870/config.json
[2026-04-15 20:57:45] Epoch window configuration:
[2026-04-15 20:57:45]   Target sfreq:                128 Hz
[2026-04-15 20:57:45]   Target duration:             1.190000 s
[2026-04-15 20:57:45]   Window samples (rounded):    152
[2026-04-15 20:57:45]   Base trial samples (1.0 s):  128
[2026-04-15 20:57:45]   Trial stop offset samples:   24
[2026-04-15 20:57:45]   Effective window duration:   1.187500 s
[2026-04-15 20:57:46] Dataset code: Lee2019-ERP
[2026-04-15 20:57:46] Subjects Total: 54
[2026-04-15 20:57:46] Events: {'Target': 1, 'NonTarget': 2}
[2026-04-15 20:57:46] Interval: [0.0, 1.0]
[2026-04-15 20:57:46] Paradigm: p300
[2026-04-15 20:57:46] Selected subjects: [48, 49, 50, 51, 52, 53, 54]
[2026-04-15 20:57:46] Expected evaluation folds: 35

[2026-04-15 20:57:46] Building MOABBDataset for Lee2019_ERP...
[2026-04-15 20:59:28] MOABBDataset recordings loaded: 14
[2026-04-15 20:59:28] Discovered annotation descriptions (first recording): [np.str_('NonTarget'), np.str_('Target')]
[2026-04-15 20:59:28] Dataset event_id mapping: {'Target': 1, 'NonTarget': 2}
[2026-04-15 20:59:28] Label map (event_code -> class_index): {1: 0, 2: 1}
[2026-04-15 20:59:28] Applying Braindecode preprocessors to MOABBDataset...
[2026-04-15 20:59:51] Preprocessing complete.

[2026-04-15 20:59:51] Post-preprocessing validation
[2026-04-15 20:59:51]   Recordings in DATASET: 14
[2026-04-15 20:59:51]   Unique subject IDs:    ['48', '49', '50', '51', '52', '53', '54']
[2026-04-15 20:59:51]   sfreq (first rec):     128.0 Hz
[2026-04-15 20:59:51]   EEG channel count:     62
[2026-04-15 20:59:51]   First 10 channels:     ['Fp1', 'Fp2', 'F7', 'F3', 'Fz', 'F4', 'F8', 'FC5', 'FC1', 'FC2']
[2026-04-15 20:59:51] EEG channel #: 62
[2026-04-15 20:59:51] First 10 EEG channels: ['Fp1', 'Fp2', 'F7', 'F3', 'Fz', 'F4', 'F8', 'FC5', 'FC1', 'FC2']
[2026-04-15 20:59:51] Channel-location ranges (x, y, z):
[2026-04-15 20:59:51]   x: min=-0.087556, max=0.084222, span=0.171778
[2026-04-15 20:59:51]   y: min=-0.082783, max=0.115346, span=0.198129
[2026-04-15 20:59:51]   z: min=-0.013156, max=0.141549, span=0.154705
[2026-04-15 20:59:51] Requested window samples: 152
[2026-04-15 20:59:51] Base trial samples:       128
[2026-04-15 20:59:51] Stop offset samples:      24
[2026-04-15 20:59:51] Global class counts: [23100, 4620]
[2026-04-15 20:59:51] Chance level (2-class): 0.50
[2026-04-15 20:59:51] One window shape: (62, 152)
[2026-04-15 20:59:51] One window label: 0
[2026-04-15 20:59:51] Window sample length expected=152, got=152
[2026-04-15 20:59:51] Subjects in window split: [48, 49, 50, 51, 52, 53, 54]
[2026-04-15 20:59:51] Summarizing per-subject windows...
[2026-04-15 20:59:51]   Subject 48: n_windows=3960, window_shape=(62, 152), class_counts=[3300, 660]
[2026-04-15 20:59:51]   Subject 49: n_windows=3960, window_shape=(62, 152), class_counts=[3300, 660]
[2026-04-15 20:59:51]   Subject 50: n_windows=3960, window_shape=(62, 152), class_counts=[3300, 660]
[2026-04-15 20:59:51]   Subject 51: n_windows=3960, window_shape=(62, 152), class_counts=[3300, 660]
[2026-04-15 20:59:51]   Subject 52: n_windows=3960, window_shape=(62, 152), class_counts=[3300, 660]
[2026-04-15 20:59:51]   Subject 53: n_windows=3960, window_shape=(62, 152), class_counts=[3300, 660]
[2026-04-15 20:59:51]   Subject 54: n_windows=3960, window_shape=(62, 152), class_counts=[3300, 660]
[2026-04-15 20:59:51]    subject_id  n_windows  n_channels  n_times class_counts
0          48       3960          62      152  [3300, 660]
1          49       3960          62      152  [3300, 660]
2          50       3960          62      152  [3300, 660]
3          51       3960          62      152  [3300, 660]
4          52       3960          62      152  [3300, 660]
5          53       3960          62      152  [3300, 660]
6          54       3960          62      152  [3300, 660]
[2026-04-15 20:59:52] Window validation summary:
[2026-04-15 20:59:52]   Subject 48: n_windows=3960 class_counts=[3300, 660]
[2026-04-15 20:59:52]   Subject 49: n_windows=3960 class_counts=[3300, 660]
[2026-04-15 20:59:52]   Subject 50: n_windows=3960 class_counts=[3300, 660]
[2026-04-15 20:59:52]   Subject 51: n_windows=3960 class_counts=[3300, 660]
[2026-04-15 20:59:52]   Subject 52: n_windows=3960 class_counts=[3300, 660]
[2026-04-15 20:59:52]   Subject 53: n_windows=3960 class_counts=[3300, 660]
[2026-04-15 20:59:52]   Subject 54: n_windows=3960 class_counts=[3300, 660]

[2026-04-15 20:59:52] Validated sampling rate target: 128 Hz
[2026-04-15 20:59:52] Validated window sample count:   152
[2026-04-15 20:59:52] Validated window duration:       1.1875 s
[2026-04-15 20:59:52] Validated channel count:         62
[2026-04-15 20:59:52] Total windows retained:          27720
[2026-04-15 20:59:52] Preprocessing sanity checks:
[2026-04-15 20:59:52]   One sample label: 0
[2026-04-15 20:59:52]   One sample shape: (62, 152)
[2026-04-15 20:59:52]   Mean(abs(signal)): 3.551250e+00
[2026-04-15 20:59:52]   Mean(signal):      -9.714848e-09
[2026-04-15 20:59:52]   Std(signal):       4.623938e+00
[2026-04-15 20:59:52] SignalJEPA_PostLocal instantiated successfully.
[2026-04-15 20:59:52]   Total parameters:     14,606
[2026-04-15 20:59:52]   Trainable parameters: 14,606
[2026-04-15 20:59:52] Initializing from 16s-60 pretrained checkpoint (Hugging Face):
[2026-04-15 20:59:52]   https://huggingface.co/braindecode/SignalJEPA/resolve/main/signal-jepa_16s-60_adeuwv4s.pth
[2026-04-15 20:59:52]   Downloaded 179 keys
[2026-04-15 20:59:52] ======================================================================
[2026-04-15 20:59:52] STARTING CROSS-VALIDATION
[2026-04-15 20:59:52] ======================================================================
[2026-04-15 20:59:52] Subjects:      [48, 49, 50, 51, 52, 53, 54]
[2026-04-15 20:59:52] Paradigm:      ERP
[2026-04-15 20:59:52] Model:         SignalJEPA_PostLocal
[2026-04-15 20:59:52] Strategy:      new
[2026-04-15 20:59:52] Warm-up epochs:10
[2026-04-15 20:59:52] CV folds:      5
[2026-04-15 20:59:52] Batch size:    32
[2026-04-15 20:59:52] Max epochs:    5000
[2026-04-15 20:59:52] Device:        cpu
[2026-04-15 20:59:52] Seed control:  False
[2026-04-15 20:59:52] Base seed:     None
[2026-04-15 20:59:52] ======================================================================

[2026-04-15 20:59:52] Subject 48: 3960 windows | class_counts=[3300, 660]
[2026-04-15 20:59:52]     Downstream model:   SignalJEPA_PostLocal
[2026-04-15 20:59:52]     Fine-tune strategy: new
[2026-04-15 20:59:52]     Warm-up active:     False
[2026-04-15 20:59:52]     Warm-up epochs:     10
[2026-04-15 20:59:52]     Missing keys:       ['final_layer.spat_conv.weight', 'final_layer.spat_conv.bias', 'final_layer.linear.weight', 'final_layer.linear.bias']
[2026-04-15 20:59:52]     Phase 1 (new):
[2026-04-15 20:59:52]       Trainable groups: ['final_layer.']
[2026-04-15 20:59:52]       Trainable params: 766 / 14,606 (5.2%)
[2026-04-15 20:59:52]     Sanity check passed: finite logits/loss on one training batch for SignalJEPA_PostLocal.
[2026-04-15 21:00:03]   Fold 1/5 | best_epoch=11 | stop=61 | val_loss=0.2596 | acc=0.9091 | bal_acc=0.7697
[2026-04-15 21:00:03]     Downstream model:   SignalJEPA_PostLocal
[2026-04-15 21:00:03]     Fine-tune strategy: new
[2026-04-15 21:00:03]     Warm-up active:     False
[2026-04-15 21:00:03]     Warm-up epochs:     10
[2026-04-15 21:00:03]     Missing keys:       ['final_layer.spat_conv.weight', 'final_layer.spat_conv.bias', 'final_layer.linear.weight', 'final_layer.linear.bias']
[2026-04-15 21:00:03]     Phase 1 (new):
[2026-04-15 21:00:03]       Trainable groups: ['final_layer.']
[2026-04-15 21:00:03]       Trainable params: 766 / 14,606 (5.2%)
[2026-04-15 21:00:03]     Sanity check passed: finite logits/loss on one training batch for SignalJEPA_PostLocal.
[2026-04-15 21:00:13]   Fold 2/5 | best_epoch=13 | stop=63 | val_loss=0.2701 | acc=0.9091 | bal_acc=0.8061
[2026-04-15 21:00:13]     Downstream model:   SignalJEPA_PostLocal
[2026-04-15 21:00:13]     Fine-tune strategy: new
[2026-04-15 21:00:13]     Warm-up active:     False
[2026-04-15 21:00:13]     Warm-up epochs:     10
[2026-04-15 21:00:13]     Missing keys:       ['final_layer.spat_conv.weight', 'final_layer.spat_conv.bias', 'final_layer.linear.weight', 'final_layer.linear.bias']
[2026-04-15 21:00:13]     Phase 1 (new):
[2026-04-15 21:00:13]       Trainable groups: ['final_layer.']
[2026-04-15 21:00:13]       Trainable params: 766 / 14,606 (5.2%)
[2026-04-15 21:00:13]     Sanity check passed: finite logits/loss on one training batch for SignalJEPA_PostLocal.
[2026-04-15 21:00:24]   Fold 3/5 | best_epoch=13 | stop=63 | val_loss=0.2570 | acc=0.8876 | bal_acc=0.7780
[2026-04-15 21:00:24]     Downstream model:   SignalJEPA_PostLocal
[2026-04-15 21:00:24]     Fine-tune strategy: new
[2026-04-15 21:00:24]     Warm-up active:     False
[2026-04-15 21:00:24]     Warm-up epochs:     10
[2026-04-15 21:00:24]     Missing keys:       ['final_layer.spat_conv.weight', 'final_layer.spat_conv.bias', 'final_layer.linear.weight', 'final_layer.linear.bias']
[2026-04-15 21:00:24]     Phase 1 (new):
[2026-04-15 21:00:24]       Trainable groups: ['final_layer.']
[2026-04-15 21:00:24]       Trainable params: 766 / 14,606 (5.2%)
[2026-04-15 21:00:24]     Sanity check passed: finite logits/loss on one training batch for SignalJEPA_PostLocal.
[2026-04-15 21:00:35]   Fold 4/5 | best_epoch=17 | stop=67 | val_loss=0.2793 | acc=0.9091 | bal_acc=0.7848
[2026-04-15 21:00:35]     Downstream model:   SignalJEPA_PostLocal
[2026-04-15 21:00:35]     Fine-tune strategy: new
[2026-04-15 21:00:35]     Warm-up active:     False
[2026-04-15 21:00:35]     Warm-up epochs:     10
[2026-04-15 21:00:35]     Missing keys:       ['final_layer.spat_conv.weight', 'final_layer.spat_conv.bias', 'final_layer.linear.weight', 'final_layer.linear.bias']
[2026-04-15 21:00:35]     Phase 1 (new):
[2026-04-15 21:00:35]       Trainable groups: ['final_layer.']
[2026-04-15 21:00:35]       Trainable params: 766 / 14,606 (5.2%)
[2026-04-15 21:00:35]     Sanity check passed: finite logits/loss on one training batch for SignalJEPA_PostLocal.
[2026-04-15 21:00:46]   Fold 5/5 | best_epoch=16 | stop=66 | val_loss=0.2074 | acc=0.9015 | bal_acc=0.7682
[2026-04-15 21:00:46]   Subject 48 summary: acc=0.9033±0.0084  bal_acc=0.7814±0.0137

[2026-04-15 21:00:46] Subject 49: 3960 windows | class_counts=[3300, 660]
[2026-04-15 21:00:46]     Downstream model:   SignalJEPA_PostLocal
[2026-04-15 21:00:46]     Fine-tune strategy: new
[2026-04-15 21:00:46]     Warm-up active:     False
[2026-04-15 21:00:46]     Warm-up epochs:     10
[2026-04-15 21:00:46]     Missing keys:       ['final_layer.spat_conv.weight', 'final_layer.spat_conv.bias', 'final_layer.linear.weight', 'final_layer.linear.bias']
[2026-04-15 21:00:46]     Phase 1 (new):
[2026-04-15 21:00:46]       Trainable groups: ['final_layer.']
[2026-04-15 21:00:46]       Trainable params: 766 / 14,606 (5.2%)
[2026-04-15 21:00:46]     Sanity check passed: finite logits/loss on one training batch for SignalJEPA_PostLocal.
[2026-04-15 21:00:56]   Fold 1/5 | best_epoch=10 | stop=60 | val_loss=0.2782 | acc=0.9078 | bal_acc=0.8114
[2026-04-15 21:00:56]     Downstream model:   SignalJEPA_PostLocal
[2026-04-15 21:00:56]     Fine-tune strategy: new
[2026-04-15 21:00:56]     Warm-up active:     False
[2026-04-15 21:00:56]     Warm-up epochs:     10
[2026-04-15 21:00:56]     Missing keys:       ['final_layer.spat_conv.weight', 'final_layer.spat_conv.bias', 'final_layer.linear.weight', 'final_layer.linear.bias']
[2026-04-15 21:00:56]     Phase 1 (new):
[2026-04-15 21:00:56]       Trainable groups: ['final_layer.']
[2026-04-15 21:00:56]       Trainable params: 766 / 14,606 (5.2%)
[2026-04-15 21:00:56]     Sanity check passed: finite logits/loss on one training batch for SignalJEPA_PostLocal.
[2026-04-15 21:01:06]   Fold 2/5 | best_epoch=15 | stop=65 | val_loss=0.2770 | acc=0.9078 | bal_acc=0.8053
[2026-04-15 21:01:06]     Downstream model:   SignalJEPA_PostLocal
[2026-04-15 21:01:06]     Fine-tune strategy: new
[2026-04-15 21:01:06]     Warm-up active:     False
[2026-04-15 21:01:06]     Warm-up epochs:     10
[2026-04-15 21:01:06]     Missing keys:       ['final_layer.spat_conv.weight', 'final_layer.spat_conv.bias', 'final_layer.linear.weight', 'final_layer.linear.bias']
[2026-04-15 21:01:06]     Phase 1 (new):
[2026-04-15 21:01:06]       Trainable groups: ['final_layer.']
[2026-04-15 21:01:06]       Trainable params: 766 / 14,606 (5.2%)
[2026-04-15 21:01:06]     Sanity check passed: finite logits/loss on one training batch for SignalJEPA_PostLocal.
[2026-04-15 21:01:17]   Fold 3/5 | best_epoch=15 | stop=65 | val_loss=0.2656 | acc=0.8775 | bal_acc=0.7477
[2026-04-15 21:01:17]     Downstream model:   SignalJEPA_PostLocal
[2026-04-15 21:01:17]     Fine-tune strategy: new
[2026-04-15 21:01:17]     Warm-up active:     False
[2026-04-15 21:01:17]     Warm-up epochs:     10
[2026-04-15 21:01:17]     Missing keys:       ['final_layer.spat_conv.weight', 'final_layer.spat_conv.bias', 'final_layer.linear.weight', 'final_layer.linear.bias']
[2026-04-15 21:01:17]     Phase 1 (new):
[2026-04-15 21:01:17]       Trainable groups: ['final_layer.']
[2026-04-15 21:01:17]       Trainable params: 766 / 14,606 (5.2%)
[2026-04-15 21:01:17]     Sanity check passed: finite logits/loss on one training batch for SignalJEPA_PostLocal.
[2026-04-15 21:01:27]   Fold 4/5 | best_epoch=11 | stop=61 | val_loss=0.2375 | acc=0.8977 | bal_acc=0.7598
[2026-04-15 21:01:27]     Downstream model:   SignalJEPA_PostLocal
[2026-04-15 21:01:27]     Fine-tune strategy: new
[2026-04-15 21:01:27]     Warm-up active:     False
[2026-04-15 21:01:27]     Warm-up epochs:     10
[2026-04-15 21:01:27]     Missing keys:       ['final_layer.spat_conv.weight', 'final_layer.spat_conv.bias', 'final_layer.linear.weight', 'final_layer.linear.bias']
[2026-04-15 21:01:27]     Phase 1 (new):
[2026-04-15 21:01:27]       Trainable groups: ['final_layer.']
[2026-04-15 21:01:27]       Trainable params: 766 / 14,606 (5.2%)
[2026-04-15 21:01:27]     Sanity check passed: finite logits/loss on one training batch for SignalJEPA_PostLocal.
[2026-04-15 21:01:40]   Fold 5/5 | best_epoch=28 | stop=78 | val_loss=0.2437 | acc=0.8977 | bal_acc=0.7689
[2026-04-15 21:01:40]   Subject 49 summary: acc=0.8977±0.0111  bal_acc=0.7786±0.0252

[2026-04-15 21:01:40] Subject 50: 3960 windows | class_counts=[3300, 660]
[2026-04-15 21:01:40]     Downstream model:   SignalJEPA_PostLocal
[2026-04-15 21:01:40]     Fine-tune strategy: new
[2026-04-15 21:01:40]     Warm-up active:     False
[2026-04-15 21:01:40]     Warm-up epochs:     10
[2026-04-15 21:01:40]     Missing keys:       ['final_layer.spat_conv.weight', 'final_layer.spat_conv.bias', 'final_layer.linear.weight', 'final_layer.linear.bias']
[2026-04-15 21:01:40]     Phase 1 (new):
[2026-04-15 21:01:40]       Trainable groups: ['final_layer.']
[2026-04-15 21:01:40]       Trainable params: 766 / 14,606 (5.2%)
[2026-04-15 21:01:40]     Sanity check passed: finite logits/loss on one training batch for SignalJEPA_PostLocal.
[2026-04-15 21:01:50]   Fold 1/5 | best_epoch=13 | stop=63 | val_loss=0.3176 | acc=0.8750 | bal_acc=0.7220
[2026-04-15 21:01:50]     Downstream model:   SignalJEPA_PostLocal
[2026-04-15 21:01:50]     Fine-tune strategy: new
[2026-04-15 21:01:50]     Warm-up active:     False
[2026-04-15 21:01:50]     Warm-up epochs:     10
[2026-04-15 21:01:50]     Missing keys:       ['final_layer.spat_conv.weight', 'final_layer.spat_conv.bias', 'final_layer.linear.weight', 'final_layer.linear.bias']
[2026-04-15 21:01:50]     Phase 1 (new):
[2026-04-15 21:01:50]       Trainable groups: ['final_layer.']
[2026-04-15 21:01:50]       Trainable params: 766 / 14,606 (5.2%)
[2026-04-15 21:01:50]     Sanity check passed: finite logits/loss on one training batch for SignalJEPA_PostLocal.
[2026-04-15 21:02:01]   Fold 2/5 | best_epoch=17 | stop=67 | val_loss=0.2755 | acc=0.8826 | bal_acc=0.7386
[2026-04-15 21:02:01]     Downstream model:   SignalJEPA_PostLocal
[2026-04-15 21:02:01]     Fine-tune strategy: new
[2026-04-15 21:02:01]     Warm-up active:     False
[2026-04-15 21:02:01]     Warm-up epochs:     10
[2026-04-15 21:02:01]     Missing keys:       ['final_layer.spat_conv.weight', 'final_layer.spat_conv.bias', 'final_layer.linear.weight', 'final_layer.linear.bias']
[2026-04-15 21:02:01]     Phase 1 (new):
[2026-04-15 21:02:01]       Trainable groups: ['final_layer.']
[2026-04-15 21:02:01]       Trainable params: 766 / 14,606 (5.2%)
[2026-04-15 21:02:01]     Sanity check passed: finite logits/loss on one training batch for SignalJEPA_PostLocal.
[2026-04-15 21:02:12]   Fold 3/5 | best_epoch=15 | stop=65 | val_loss=0.2860 | acc=0.8838 | bal_acc=0.7364
[2026-04-15 21:02:12]     Downstream model:   SignalJEPA_PostLocal
[2026-04-15 21:02:12]     Fine-tune strategy: new
[2026-04-15 21:02:12]     Warm-up active:     False
[2026-04-15 21:02:12]     Warm-up epochs:     10
[2026-04-15 21:02:12]     Missing keys:       ['final_layer.spat_conv.weight', 'final_layer.spat_conv.bias', 'final_layer.linear.weight', 'final_layer.linear.bias']
[2026-04-15 21:02:12]     Phase 1 (new):
[2026-04-15 21:02:12]       Trainable groups: ['final_layer.']
[2026-04-15 21:02:12]       Trainable params: 766 / 14,606 (5.2%)
[2026-04-15 21:02:12]     Sanity check passed: finite logits/loss on one training batch for SignalJEPA_PostLocal.
[2026-04-15 21:02:22]   Fold 4/5 | best_epoch=12 | stop=62 | val_loss=0.2812 | acc=0.8838 | bal_acc=0.7364
[2026-04-15 21:02:22]     Downstream model:   SignalJEPA_PostLocal
[2026-04-15 21:02:22]     Fine-tune strategy: new
[2026-04-15 21:02:22]     Warm-up active:     False
[2026-04-15 21:02:22]     Warm-up epochs:     10
[2026-04-15 21:02:22]     Missing keys:       ['final_layer.spat_conv.weight', 'final_layer.spat_conv.bias', 'final_layer.linear.weight', 'final_layer.linear.bias']
[2026-04-15 21:02:22]     Phase 1 (new):
[2026-04-15 21:02:22]       Trainable groups: ['final_layer.']
[2026-04-15 21:02:22]       Trainable params: 766 / 14,606 (5.2%)
[2026-04-15 21:02:22]     Sanity check passed: finite logits/loss on one training batch for SignalJEPA_PostLocal.
[2026-04-15 21:02:34]   Fold 5/5 | best_epoch=20 | stop=70 | val_loss=0.2886 | acc=0.8902 | bal_acc=0.7614
[2026-04-15 21:02:34]   Subject 50 summary: acc=0.8831±0.0048  bal_acc=0.7389±0.0127

[2026-04-15 21:02:34] Subject 51: 3960 windows | class_counts=[3300, 660]
[2026-04-15 21:02:34]     Downstream model:   SignalJEPA_PostLocal
[2026-04-15 21:02:34]     Fine-tune strategy: new
[2026-04-15 21:02:34]     Warm-up active:     False
[2026-04-15 21:02:34]     Warm-up epochs:     10
[2026-04-15 21:02:34]     Missing keys:       ['final_layer.spat_conv.weight', 'final_layer.spat_conv.bias', 'final_layer.linear.weight', 'final_layer.linear.bias']
[2026-04-15 21:02:34]     Phase 1 (new):
[2026-04-15 21:02:34]       Trainable groups: ['final_layer.']
[2026-04-15 21:02:34]       Trainable params: 766 / 14,606 (5.2%)
[2026-04-15 21:02:34]     Sanity check passed: finite logits/loss on one training batch for SignalJEPA_PostLocal.
[2026-04-15 21:02:44]   Fold 1/5 | best_epoch=8 | stop=58 | val_loss=0.3884 | acc=0.8422 | bal_acc=0.5902
[2026-04-15 21:02:44]     Downstream model:   SignalJEPA_PostLocal
[2026-04-15 21:02:44]     Fine-tune strategy: new
[2026-04-15 21:02:44]     Warm-up active:     False
[2026-04-15 21:02:44]     Warm-up epochs:     10
[2026-04-15 21:02:44]     Missing keys:       ['final_layer.spat_conv.weight', 'final_layer.spat_conv.bias', 'final_layer.linear.weight', 'final_layer.linear.bias']
[2026-04-15 21:02:44]     Phase 1 (new):
[2026-04-15 21:02:44]       Trainable groups: ['final_layer.']
[2026-04-15 21:02:44]       Trainable params: 766 / 14,606 (5.2%)
[2026-04-15 21:02:44]     Sanity check passed: finite logits/loss on one training batch for SignalJEPA_PostLocal.
[2026-04-15 21:02:54]   Fold 2/5 | best_epoch=10 | stop=60 | val_loss=0.3874 | acc=0.8434 | bal_acc=0.5939
[2026-04-15 21:02:54]     Downstream model:   SignalJEPA_PostLocal
[2026-04-15 21:02:54]     Fine-tune strategy: new
[2026-04-15 21:02:54]     Warm-up active:     False
[2026-04-15 21:02:54]     Warm-up epochs:     10
[2026-04-15 21:02:54]     Missing keys:       ['final_layer.spat_conv.weight', 'final_layer.spat_conv.bias', 'final_layer.linear.weight', 'final_layer.linear.bias']
[2026-04-15 21:02:54]     Phase 1 (new):
[2026-04-15 21:02:54]       Trainable groups: ['final_layer.']
[2026-04-15 21:02:54]       Trainable params: 766 / 14,606 (5.2%)
[2026-04-15 21:02:54]     Sanity check passed: finite logits/loss on one training batch for SignalJEPA_PostLocal.
[2026-04-15 21:03:05]   Fold 3/5 | best_epoch=13 | stop=63 | val_loss=0.3481 | acc=0.8371 | bal_acc=0.5750
[2026-04-15 21:03:05]     Downstream model:   SignalJEPA_PostLocal
[2026-04-15 21:03:05]     Fine-tune strategy: new
[2026-04-15 21:03:05]     Warm-up active:     False
[2026-04-15 21:03:05]     Warm-up epochs:     10
[2026-04-15 21:03:05]     Missing keys:       ['final_layer.spat_conv.weight', 'final_layer.spat_conv.bias', 'final_layer.linear.weight', 'final_layer.linear.bias']
[2026-04-15 21:03:05]     Phase 1 (new):
[2026-04-15 21:03:05]       Trainable groups: ['final_layer.']
[2026-04-15 21:03:05]       Trainable params: 766 / 14,606 (5.2%)
[2026-04-15 21:03:05]     Sanity check passed: finite logits/loss on one training batch for SignalJEPA_PostLocal.
[2026-04-15 21:03:14]   Fold 4/5 | best_epoch=7 | stop=57 | val_loss=0.4111 | acc=0.8422 | bal_acc=0.5538
[2026-04-15 21:03:14]     Downstream model:   SignalJEPA_PostLocal
[2026-04-15 21:03:14]     Fine-tune strategy: new
[2026-04-15 21:03:14]     Warm-up active:     False
[2026-04-15 21:03:14]     Warm-up epochs:     10
[2026-04-15 21:03:14]     Missing keys:       ['final_layer.spat_conv.weight', 'final_layer.spat_conv.bias', 'final_layer.linear.weight', 'final_layer.linear.bias']
[2026-04-15 21:03:14]     Phase 1 (new):
[2026-04-15 21:03:14]       Trainable groups: ['final_layer.']
[2026-04-15 21:03:14]       Trainable params: 766 / 14,606 (5.2%)
[2026-04-15 21:03:14]     Sanity check passed: finite logits/loss on one training batch for SignalJEPA_PostLocal.
[2026-04-15 21:03:23]   Fold 5/5 | best_epoch=5 | stop=55 | val_loss=0.3884 | acc=0.8497 | bal_acc=0.5795
[2026-04-15 21:03:23]   Subject 51 summary: acc=0.8429±0.0040  bal_acc=0.5785±0.0141

[2026-04-15 21:03:23] Subject 52: 3960 windows | class_counts=[3300, 660]
[2026-04-15 21:03:23]     Downstream model:   SignalJEPA_PostLocal
[2026-04-15 21:03:23]     Fine-tune strategy: new
[2026-04-15 21:03:23]     Warm-up active:     False
[2026-04-15 21:03:23]     Warm-up epochs:     10
[2026-04-15 21:03:23]     Missing keys:       ['final_layer.spat_conv.weight', 'final_layer.spat_conv.bias', 'final_layer.linear.weight', 'final_layer.linear.bias']
[2026-04-15 21:03:23]     Phase 1 (new):
[2026-04-15 21:03:23]       Trainable groups: ['final_layer.']
[2026-04-15 21:03:23]       Trainable params: 766 / 14,606 (5.2%)
[2026-04-15 21:03:23]     Sanity check passed: finite logits/loss on one training batch for SignalJEPA_PostLocal.
[2026-04-15 21:03:35]   Fold 1/5 | best_epoch=18 | stop=68 | val_loss=0.2698 | acc=0.8864 | bal_acc=0.7712
[2026-04-15 21:03:35]     Downstream model:   SignalJEPA_PostLocal
[2026-04-15 21:03:35]     Fine-tune strategy: new
[2026-04-15 21:03:35]     Warm-up active:     False
[2026-04-15 21:03:35]     Warm-up epochs:     10
[2026-04-15 21:03:35]     Missing keys:       ['final_layer.spat_conv.weight', 'final_layer.spat_conv.bias', 'final_layer.linear.weight', 'final_layer.linear.bias']
[2026-04-15 21:03:35]     Phase 1 (new):
[2026-04-15 21:03:35]       Trainable groups: ['final_layer.']
[2026-04-15 21:03:35]       Trainable params: 766 / 14,606 (5.2%)
[2026-04-15 21:03:35]     Sanity check passed: finite logits/loss on one training batch for SignalJEPA_PostLocal.
[2026-04-15 21:03:48]   Fold 2/5 | best_epoch=27 | stop=77 | val_loss=0.2767 | acc=0.8838 | bal_acc=0.7576
[2026-04-15 21:03:48]     Downstream model:   SignalJEPA_PostLocal
[2026-04-15 21:03:48]     Fine-tune strategy: new
[2026-04-15 21:03:48]     Warm-up active:     False
[2026-04-15 21:03:48]     Warm-up epochs:     10
[2026-04-15 21:03:48]     Missing keys:       ['final_layer.spat_conv.weight', 'final_layer.spat_conv.bias', 'final_layer.linear.weight', 'final_layer.linear.bias']
[2026-04-15 21:03:48]     Phase 1 (new):
[2026-04-15 21:03:48]       Trainable groups: ['final_layer.']
[2026-04-15 21:03:48]       Trainable params: 766 / 14,606 (5.2%)
[2026-04-15 21:03:48]     Sanity check passed: finite logits/loss on one training batch for SignalJEPA_PostLocal.
[2026-04-15 21:03:59]   Fold 3/5 | best_epoch=20 | stop=70 | val_loss=0.3672 | acc=0.8801 | bal_acc=0.7614
[2026-04-15 21:03:59]     Downstream model:   SignalJEPA_PostLocal
[2026-04-15 21:03:59]     Fine-tune strategy: new
[2026-04-15 21:03:59]     Warm-up active:     False
[2026-04-15 21:03:59]     Warm-up epochs:     10
[2026-04-15 21:03:59]     Missing keys:       ['final_layer.spat_conv.weight', 'final_layer.spat_conv.bias', 'final_layer.linear.weight', 'final_layer.linear.bias']
[2026-04-15 21:03:59]     Phase 1 (new):
[2026-04-15 21:03:59]       Trainable groups: ['final_layer.']
[2026-04-15 21:03:59]       Trainable params: 766 / 14,606 (5.2%)
[2026-04-15 21:03:59]     Sanity check passed: finite logits/loss on one training batch for SignalJEPA_PostLocal.
[2026-04-15 21:04:12]   Fold 4/5 | best_epoch=24 | stop=74 | val_loss=0.2730 | acc=0.8750 | bal_acc=0.7280
[2026-04-15 21:04:12]     Downstream model:   SignalJEPA_PostLocal
[2026-04-15 21:04:12]     Fine-tune strategy: new
[2026-04-15 21:04:12]     Warm-up active:     False
[2026-04-15 21:04:12]     Warm-up epochs:     10
[2026-04-15 21:04:12]     Missing keys:       ['final_layer.spat_conv.weight', 'final_layer.spat_conv.bias', 'final_layer.linear.weight', 'final_layer.linear.bias']
[2026-04-15 21:04:12]     Phase 1 (new):
[2026-04-15 21:04:12]       Trainable groups: ['final_layer.']
[2026-04-15 21:04:12]       Trainable params: 766 / 14,606 (5.2%)
[2026-04-15 21:04:12]     Sanity check passed: finite logits/loss on one training batch for SignalJEPA_PostLocal.
[2026-04-15 21:04:23]   Fold 5/5 | best_epoch=15 | stop=65 | val_loss=0.2930 | acc=0.8914 | bal_acc=0.7500
[2026-04-15 21:04:23]   Subject 52 summary: acc=0.8833±0.0056  bal_acc=0.7536±0.0145

[2026-04-15 21:04:23] Subject 53: 3960 windows | class_counts=[3300, 660]
[2026-04-15 21:04:23]     Downstream model:   SignalJEPA_PostLocal
[2026-04-15 21:04:23]     Fine-tune strategy: new
[2026-04-15 21:04:23]     Warm-up active:     False
[2026-04-15 21:04:23]     Warm-up epochs:     10
[2026-04-15 21:04:23]     Missing keys:       ['final_layer.spat_conv.weight', 'final_layer.spat_conv.bias', 'final_layer.linear.weight', 'final_layer.linear.bias']
[2026-04-15 21:04:23]     Phase 1 (new):
[2026-04-15 21:04:23]       Trainable groups: ['final_layer.']
[2026-04-15 21:04:23]       Trainable params: 766 / 14,606 (5.2%)
[2026-04-15 21:04:23]     Sanity check passed: finite logits/loss on one training batch for SignalJEPA_PostLocal.
[2026-04-15 21:04:35]   Fold 1/5 | best_epoch=22 | stop=72 | val_loss=0.3180 | acc=0.8750 | bal_acc=0.7129
[2026-04-15 21:04:35]     Downstream model:   SignalJEPA_PostLocal
[2026-04-15 21:04:35]     Fine-tune strategy: new
[2026-04-15 21:04:35]     Warm-up active:     False
[2026-04-15 21:04:35]     Warm-up epochs:     10
[2026-04-15 21:04:35]     Missing keys:       ['final_layer.spat_conv.weight', 'final_layer.spat_conv.bias', 'final_layer.linear.weight', 'final_layer.linear.bias']
[2026-04-15 21:04:35]     Phase 1 (new):
[2026-04-15 21:04:35]       Trainable groups: ['final_layer.']
[2026-04-15 21:04:35]       Trainable params: 766 / 14,606 (5.2%)
[2026-04-15 21:04:35]     Sanity check passed: finite logits/loss on one training batch for SignalJEPA_PostLocal.
[2026-04-15 21:04:47]   Fold 2/5 | best_epoch=24 | stop=74 | val_loss=0.2988 | acc=0.8586 | bal_acc=0.6848
[2026-04-15 21:04:47]     Downstream model:   SignalJEPA_PostLocal
[2026-04-15 21:04:47]     Fine-tune strategy: new
[2026-04-15 21:04:47]     Warm-up active:     False
[2026-04-15 21:04:47]     Warm-up epochs:     10
[2026-04-15 21:04:47]     Missing keys:       ['final_layer.spat_conv.weight', 'final_layer.spat_conv.bias', 'final_layer.linear.weight', 'final_layer.linear.bias']
[2026-04-15 21:04:47]     Phase 1 (new):
[2026-04-15 21:04:47]       Trainable groups: ['final_layer.']
[2026-04-15 21:04:47]       Trainable params: 766 / 14,606 (5.2%)
[2026-04-15 21:04:47]     Sanity check passed: finite logits/loss on one training batch for SignalJEPA_PostLocal.
[2026-04-15 21:05:00]   Fold 3/5 | best_epoch=27 | stop=77 | val_loss=0.3232 | acc=0.8788 | bal_acc=0.7576
[2026-04-15 21:05:00]     Downstream model:   SignalJEPA_PostLocal
[2026-04-15 21:05:00]     Fine-tune strategy: new
[2026-04-15 21:05:00]     Warm-up active:     False
[2026-04-15 21:05:00]     Warm-up epochs:     10
[2026-04-15 21:05:00]     Missing keys:       ['final_layer.spat_conv.weight', 'final_layer.spat_conv.bias', 'final_layer.linear.weight', 'final_layer.linear.bias']
[2026-04-15 21:05:00]     Phase 1 (new):
[2026-04-15 21:05:00]       Trainable groups: ['final_layer.']
[2026-04-15 21:05:00]       Trainable params: 766 / 14,606 (5.2%)
[2026-04-15 21:05:00]     Sanity check passed: finite logits/loss on one training batch for SignalJEPA_PostLocal.
[2026-04-15 21:05:12]   Fold 4/5 | best_epoch=23 | stop=73 | val_loss=0.3350 | acc=0.8788 | bal_acc=0.7333
[2026-04-15 21:05:12]     Downstream model:   SignalJEPA_PostLocal
[2026-04-15 21:05:12]     Fine-tune strategy: new
[2026-04-15 21:05:12]     Warm-up active:     False
[2026-04-15 21:05:12]     Warm-up epochs:     10
[2026-04-15 21:05:12]     Missing keys:       ['final_layer.spat_conv.weight', 'final_layer.spat_conv.bias', 'final_layer.linear.weight', 'final_layer.linear.bias']
[2026-04-15 21:05:12]     Phase 1 (new):
[2026-04-15 21:05:12]       Trainable groups: ['final_layer.']
[2026-04-15 21:05:12]       Trainable params: 766 / 14,606 (5.2%)
[2026-04-15 21:05:12]     Sanity check passed: finite logits/loss on one training batch for SignalJEPA_PostLocal.
[2026-04-15 21:05:24]   Fold 5/5 | best_epoch=25 | stop=75 | val_loss=0.3377 | acc=0.8497 | bal_acc=0.6735
[2026-04-15 21:05:24]   Subject 53 summary: acc=0.8682±0.0119  bal_acc=0.7124±0.0308

[2026-04-15 21:05:24] Subject 54: 3960 windows | class_counts=[3300, 660]
[2026-04-15 21:05:24]     Downstream model:   SignalJEPA_PostLocal
[2026-04-15 21:05:24]     Fine-tune strategy: new
[2026-04-15 21:05:24]     Warm-up active:     False
[2026-04-15 21:05:24]     Warm-up epochs:     10
[2026-04-15 21:05:24]     Missing keys:       ['final_layer.spat_conv.weight', 'final_layer.spat_conv.bias', 'final_layer.linear.weight', 'final_layer.linear.bias']
[2026-04-15 21:05:24]     Phase 1 (new):
[2026-04-15 21:05:24]       Trainable groups: ['final_layer.']
[2026-04-15 21:05:24]       Trainable params: 766 / 14,606 (5.2%)
[2026-04-15 21:05:24]     Sanity check passed: finite logits/loss on one training batch for SignalJEPA_PostLocal.
[2026-04-15 21:05:35]   Fold 1/5 | best_epoch=11 | stop=61 | val_loss=0.3099 | acc=0.8750 | bal_acc=0.6826
[2026-04-15 21:05:35]     Downstream model:   SignalJEPA_PostLocal
[2026-04-15 21:05:35]     Fine-tune strategy: new
[2026-04-15 21:05:35]     Warm-up active:     False
[2026-04-15 21:05:35]     Warm-up epochs:     10
[2026-04-15 21:05:35]     Missing keys:       ['final_layer.spat_conv.weight', 'final_layer.spat_conv.bias', 'final_layer.linear.weight', 'final_layer.linear.bias']
[2026-04-15 21:05:35]     Phase 1 (new):
[2026-04-15 21:05:35]       Trainable groups: ['final_layer.']
[2026-04-15 21:05:35]       Trainable params: 766 / 14,606 (5.2%)
[2026-04-15 21:05:35]     Sanity check passed: finite logits/loss on one training batch for SignalJEPA_PostLocal.
[2026-04-15 21:05:45]   Fold 2/5 | best_epoch=13 | stop=63 | val_loss=0.2954 | acc=0.8662 | bal_acc=0.6833
[2026-04-15 21:05:45]     Downstream model:   SignalJEPA_PostLocal
[2026-04-15 21:05:45]     Fine-tune strategy: new
[2026-04-15 21:05:45]     Warm-up active:     False
[2026-04-15 21:05:45]     Warm-up epochs:     10
[2026-04-15 21:05:45]     Missing keys:       ['final_layer.spat_conv.weight', 'final_layer.spat_conv.bias', 'final_layer.linear.weight', 'final_layer.linear.bias']
[2026-04-15 21:05:45]     Phase 1 (new):
[2026-04-15 21:05:45]       Trainable groups: ['final_layer.']
[2026-04-15 21:05:45]       Trainable params: 766 / 14,606 (5.2%)
[2026-04-15 21:05:45]     Sanity check passed: finite logits/loss on one training batch for SignalJEPA_PostLocal.
[2026-04-15 21:05:57]   Fold 3/5 | best_epoch=24 | stop=74 | val_loss=0.2560 | acc=0.8687 | bal_acc=0.7091
[2026-04-15 21:05:57]     Downstream model:   SignalJEPA_PostLocal
[2026-04-15 21:05:57]     Fine-tune strategy: new
[2026-04-15 21:05:57]     Warm-up active:     False
[2026-04-15 21:05:57]     Warm-up epochs:     10
[2026-04-15 21:05:57]     Missing keys:       ['final_layer.spat_conv.weight', 'final_layer.spat_conv.bias', 'final_layer.linear.weight', 'final_layer.linear.bias']
[2026-04-15 21:05:57]     Phase 1 (new):
[2026-04-15 21:05:57]       Trainable groups: ['final_layer.']
[2026-04-15 21:05:57]       Trainable params: 766 / 14,606 (5.2%)
[2026-04-15 21:05:57]     Sanity check passed: finite logits/loss on one training batch for SignalJEPA_PostLocal.
[2026-04-15 21:06:09]   Fold 4/5 | best_epoch=18 | stop=68 | val_loss=0.3305 | acc=0.8725 | bal_acc=0.7235
[2026-04-15 21:06:09]     Downstream model:   SignalJEPA_PostLocal
[2026-04-15 21:06:09]     Fine-tune strategy: new
[2026-04-15 21:06:09]     Warm-up active:     False
[2026-04-15 21:06:09]     Warm-up epochs:     10
[2026-04-15 21:06:09]     Missing keys:       ['final_layer.spat_conv.weight', 'final_layer.spat_conv.bias', 'final_layer.linear.weight', 'final_layer.linear.bias']
[2026-04-15 21:06:09]     Phase 1 (new):
[2026-04-15 21:06:09]       Trainable groups: ['final_layer.']
[2026-04-15 21:06:09]       Trainable params: 766 / 14,606 (5.2%)
[2026-04-15 21:06:09]     Sanity check passed: finite logits/loss on one training batch for SignalJEPA_PostLocal.
[2026-04-15 21:06:20]   Fold 5/5 | best_epoch=19 | stop=69 | val_loss=0.2822 | acc=0.8763 | bal_acc=0.7136
[2026-04-15 21:06:20]   Subject 54 summary: acc=0.8717±0.0038  bal_acc=0.7024±0.0166

[2026-04-15 21:06:20] Total folds completed: 35
[2026-04-15 21:06:20] ======================================================================
[2026-04-15 21:06:20] AGGREGATED RESULTS
[2026-04-15 21:06:20] ======================================================================
[2026-04-15 21:06:20]   Subject 48:  acc=0.9033±0.0084  bal_acc=0.7814±0.0137
[2026-04-15 21:06:20]   Subject 49:  acc=0.8977±0.0111  bal_acc=0.7786±0.0252
[2026-04-15 21:06:20]   Subject 50:  acc=0.8831±0.0048  bal_acc=0.7389±0.0127
[2026-04-15 21:06:20]   Subject 51:  acc=0.8429±0.0040  bal_acc=0.5785±0.0141
[2026-04-15 21:06:20]   Subject 52:  acc=0.8833±0.0056  bal_acc=0.7536±0.0145
[2026-04-15 21:06:20]   Subject 53:  acc=0.8682±0.0119  bal_acc=0.7124±0.0308
[2026-04-15 21:06:20]   Subject 54:  acc=0.8717±0.0038  bal_acc=0.7024±0.0166
[2026-04-15 21:06:20] ----------------------------------------------------------------------
[2026-04-15 21:06:20]   OVERALL:      acc=0.8786±0.0202  bal_acc=0.7208±0.0673
[2026-04-15 21:06:20] ======================================================================
[2026-04-15 21:06:20] CV results saved to:      /home/vegorov/Repos/eeg_jepa_research/artifacts/lee-2019-fine-tuning/ERP/20260415_2057_f7ade870/cv_results.json
[2026-04-15 21:06:20] Subject metrics saved to: /home/vegorov/Repos/eeg_jepa_research/artifacts/lee-2019-fine-tuning/ERP/20260415_2057_f7ade870/subject_metrics.json
[2026-04-15 21:06:20] Global metrics saved to:  /home/vegorov/Repos/eeg_jepa_research/artifacts/lee-2019-fine-tuning/ERP/20260415_2057_f7ade870/global_metrics.json
[2026-04-15 21:06:20] Run metadata saved to:    /home/vegorov/Repos/eeg_jepa_research/artifacts/lee-2019-fine-tuning/ERP/20260415_2057_f7ade870/run_metadata.json

[2026-04-15 21:06:20] All artifacts in: /home/vegorov/Repos/eeg_jepa_research/artifacts/lee-2019-fine-tuning/ERP/20260415_2057_f7ade870

[2026-04-15 21:06:20] ======================================================================
[2026-04-15 21:06:20] EXPERIMENT SUMMARY
[2026-04-15 21:06:20] ======================================================================
[2026-04-15 21:06:20] Run ID:    20260415_2057_f7ade870
[2026-04-15 21:06:20] Artifacts: /home/vegorov/Repos/eeg_jepa_research/artifacts/lee-2019-fine-tuning/ERP/20260415_2057_f7ade870

[2026-04-15 21:06:20] Configuration:
[2026-04-15 21:06:20]   Subjects:          [48, 49, 50, 51, 52, 53, 54]
[2026-04-15 21:06:20]   Paradigm:          ERP
[2026-04-15 21:06:20]   Model:             SignalJEPA_PostLocal
[2026-04-15 21:06:20]   Strategy:          new
[2026-04-15 21:06:20]   Warm-up epochs:    10
[2026-04-15 21:06:20]   Bandpass:          0.5-40.0 Hz
[2026-04-15 21:06:20]   Resample:          128 Hz
[2026-04-15 21:06:20]   CV folds:          5
[2026-04-15 21:06:20]   Learning rate:     None
[2026-04-15 21:06:20]   Batch size:        32
[2026-04-15 21:06:20]   Max epochs:        5000

[2026-04-15 21:06:20] Results:
[2026-04-15 21:06:20]   Mean Accuracy:          0.8786 ± 0.0202
[2026-04-15 21:06:20]   Mean Balanced Accuracy: 0.7208 ± 0.0673
