[2026-04-15 20:24:49] Using device: cpu
[2026-04-15 20:24:49] Seed control disabled (CONFIG['set_seed'] = False)
[2026-04-15 20:24:49] ======================================================================
[2026-04-15 20:24:49] CONFIGURATION
[2026-04-15 20:24:49] ======================================================================
[2026-04-15 20:24:49]   artifact_dir: /home/vegorov/Repos/eeg_jepa_research/artifacts/lee-2019-fine-tuning
[2026-04-15 20:24:49]   bandpass_high: 40.0
[2026-04-15 20:24:49]   bandpass_low: 0.5
[2026-04-15 20:24:49]   batch_size: 32
[2026-04-15 20:24:49]   convert_to_uV: True
[2026-04-15 20:24:49]   cv_folds: 5
[2026-04-15 20:24:49]   early_stopping_patience: 50
[2026-04-15 20:24:49]   learning_rate: None
[2026-04-15 20:24:49]   model_name: SignalJEPA_PreLocal
[2026-04-15 20:24:49]   n_epochs: 5000
[2026-04-15 20:24:49]   paradigm: ERP
[2026-04-15 20:24:49]   pretrained_url: https://huggingface.co/braindecode/SignalJEPA/resolve/main/signal-jepa_16s-60_adeuwv4s.pth
[2026-04-15 20:24:49]   seed: None
[2026-04-15 20:24:49]   set_eeg_reference: True
[2026-04-15 20:24:49]   set_seed: False
[2026-04-15 20:24:49]   set_standard_montage: True
[2026-04-15 20:24:49]   sfreq: 128
[2026-04-15 20:24:49]   strategy: new
[2026-04-15 20:24:49]   subjects_to_use: None
[2026-04-15 20:24:49]   val_split: 0.2
[2026-04-15 20:24:49]   warmup_epochs: 10
[2026-04-15 20:24:49] ======================================================================
[2026-04-15 20:24:49] Config saved to: /home/vegorov/Repos/eeg_jepa_research/artifacts/lee-2019-fine-tuning/ERP/20260415_2024_06e2f4d8/config.json
[2026-04-15 20:24:49] Epoch window configuration:
[2026-04-15 20:24:49]   Target sfreq:                128 Hz
[2026-04-15 20:24:49]   Target duration:             1.190000 s
[2026-04-15 20:24:49]   Window samples (rounded):    152
[2026-04-15 20:24:49]   Base trial samples (1.0 s):  128
[2026-04-15 20:24:49]   Trial stop offset samples:   24
[2026-04-15 20:24:49]   Effective window duration:   1.187500 s
[2026-04-15 20:24:49] Dataset code: Lee2019-ERP
[2026-04-15 20:24:49] Subjects Total: 54
[2026-04-15 20:24:49] Events: {'Target': 1, 'NonTarget': 2}
[2026-04-15 20:24:49] Interval: [0.0, 1.0]
[2026-04-15 20:24:49] Paradigm: p300
[2026-04-15 20:24:49] Selected subjects: [48, 49, 50, 51, 52, 53, 54]
[2026-04-15 20:24:49] Expected evaluation folds: 35

[2026-04-15 20:24:49] Building MOABBDataset for Lee2019_ERP...
[2026-04-15 20:46:09] MOABBDataset recordings loaded: 14
[2026-04-15 20:46:09] Discovered annotation descriptions (first recording): [np.str_('NonTarget'), np.str_('Target')]
[2026-04-15 20:46:09] Dataset event_id mapping: {'Target': 1, 'NonTarget': 2}
[2026-04-15 20:46:09] Label map (event_code -> class_index): {1: 0, 2: 1}
[2026-04-15 20:46:09] Applying Braindecode preprocessors to MOABBDataset...
[2026-04-15 20:46:32] Preprocessing complete.

[2026-04-15 20:46:32] Post-preprocessing validation
[2026-04-15 20:46:32]   Recordings in DATASET: 14
[2026-04-15 20:46:32]   Unique subject IDs:    ['48', '49', '50', '51', '52', '53', '54']
[2026-04-15 20:46:32]   sfreq (first rec):     128.0 Hz
[2026-04-15 20:46:32]   EEG channel count:     62
[2026-04-15 20:46:32]   First 10 channels:     ['Fp1', 'Fp2', 'F7', 'F3', 'Fz', 'F4', 'F8', 'FC5', 'FC1', 'FC2']
[2026-04-15 20:46:32] EEG channel #: 62
[2026-04-15 20:46:32] First 10 EEG channels: ['Fp1', 'Fp2', 'F7', 'F3', 'Fz', 'F4', 'F8', 'FC5', 'FC1', 'FC2']
[2026-04-15 20:46:32] Channel-location ranges (x, y, z):
[2026-04-15 20:46:32]   x: min=-0.087556, max=0.084222, span=0.171778
[2026-04-15 20:46:32]   y: min=-0.082783, max=0.115346, span=0.198129
[2026-04-15 20:46:32]   z: min=-0.013156, max=0.141549, span=0.154705
[2026-04-15 20:46:32] Requested window samples: 152
[2026-04-15 20:46:32] Base trial samples:       128
[2026-04-15 20:46:32] Stop offset samples:      24
[2026-04-15 20:46:32] Global class counts: [23100, 4620]
[2026-04-15 20:46:32] Chance level (2-class): 0.50
[2026-04-15 20:46:32] One window shape: (62, 152)
[2026-04-15 20:46:32] One window label: 0
[2026-04-15 20:46:32] Window sample length expected=152, got=152
[2026-04-15 20:46:32] Subjects in window split: [48, 49, 50, 51, 52, 53, 54]
[2026-04-15 20:46:32] Summarizing per-subject windows...
[2026-04-15 20:46:32]   Subject 48: n_windows=3960, window_shape=(62, 152), class_counts=[3300, 660]
[2026-04-15 20:46:32]   Subject 49: n_windows=3960, window_shape=(62, 152), class_counts=[3300, 660]
[2026-04-15 20:46:32]   Subject 50: n_windows=3960, window_shape=(62, 152), class_counts=[3300, 660]
[2026-04-15 20:46:32]   Subject 51: n_windows=3960, window_shape=(62, 152), class_counts=[3300, 660]
[2026-04-15 20:46:32]   Subject 52: n_windows=3960, window_shape=(62, 152), class_counts=[3300, 660]
[2026-04-15 20:46:32]   Subject 53: n_windows=3960, window_shape=(62, 152), class_counts=[3300, 660]
[2026-04-15 20:46:32]   Subject 54: n_windows=3960, window_shape=(62, 152), class_counts=[3300, 660]
[2026-04-15 20:46:32]    subject_id  n_windows  n_channels  n_times class_counts
0          48       3960          62      152  [3300, 660]
1          49       3960          62      152  [3300, 660]
2          50       3960          62      152  [3300, 660]
3          51       3960          62      152  [3300, 660]
4          52       3960          62      152  [3300, 660]
5          53       3960          62      152  [3300, 660]
6          54       3960          62      152  [3300, 660]
[2026-04-15 20:46:32] Window validation summary:
[2026-04-15 20:46:33]   Subject 48: n_windows=3960 class_counts=[3300, 660]
[2026-04-15 20:46:33]   Subject 49: n_windows=3960 class_counts=[3300, 660]
[2026-04-15 20:46:33]   Subject 50: n_windows=3960 class_counts=[3300, 660]
[2026-04-15 20:46:33]   Subject 51: n_windows=3960 class_counts=[3300, 660]
[2026-04-15 20:46:33]   Subject 52: n_windows=3960 class_counts=[3300, 660]
[2026-04-15 20:46:33]   Subject 53: n_windows=3960 class_counts=[3300, 660]
[2026-04-15 20:46:33]   Subject 54: n_windows=3960 class_counts=[3300, 660]

[2026-04-15 20:46:33] Validated sampling rate target: 128 Hz
[2026-04-15 20:46:33] Validated window sample count:   152
[2026-04-15 20:46:33] Validated window duration:       1.1875 s
[2026-04-15 20:46:33] Validated channel count:         62
[2026-04-15 20:46:33] Total windows retained:          27720
[2026-04-15 20:46:33] Preprocessing sanity checks:
[2026-04-15 20:46:33]   One sample label: 0
[2026-04-15 20:46:33]   One sample shape: (62, 152)
[2026-04-15 20:46:33]   Mean(abs(signal)): 3.551250e+00
[2026-04-15 20:46:33]   Mean(signal):      -9.714848e-09
[2026-04-15 20:46:33]   Std(signal):       4.623938e+00
[2026-04-15 20:46:33] SignalJEPA_PreLocal instantiated successfully.
[2026-04-15 20:46:33]   Total parameters:     14,606
[2026-04-15 20:46:33]   Trainable parameters: 14,606
[2026-04-15 20:46:33] Initializing from 16s-60 pretrained checkpoint (Hugging Face):
[2026-04-15 20:46:33]   https://huggingface.co/braindecode/SignalJEPA/resolve/main/signal-jepa_16s-60_adeuwv4s.pth
[2026-04-15 20:46:33]   Downloaded 179 keys
[2026-04-15 20:46:33] ======================================================================
[2026-04-15 20:46:33] STARTING CROSS-VALIDATION
[2026-04-15 20:46:33] ======================================================================
[2026-04-15 20:46:33] Subjects:      [48, 49, 50, 51, 52, 53, 54]
[2026-04-15 20:46:33] Paradigm:      ERP
[2026-04-15 20:46:33] Model:         SignalJEPA_PreLocal
[2026-04-15 20:46:33] Strategy:      new
[2026-04-15 20:46:33] Warm-up epochs:10
[2026-04-15 20:46:33] CV folds:      5
[2026-04-15 20:46:33] Batch size:    32
[2026-04-15 20:46:33] Max epochs:    5000
[2026-04-15 20:46:33] Device:        cpu
[2026-04-15 20:46:33] Seed control:  False
[2026-04-15 20:46:33] Base seed:     None
[2026-04-15 20:46:33] ======================================================================

[2026-04-15 20:46:33] Subject 48: 3960 windows | class_counts=[3300, 660]
[2026-04-15 20:46:33]     Downstream model:   SignalJEPA_PreLocal
[2026-04-15 20:46:33]     Fine-tune strategy: new
[2026-04-15 20:46:33]     Warm-up active:     False
[2026-04-15 20:46:33]     Warm-up epochs:     10
[2026-04-15 20:46:33]     Missing keys:       ['spatial_conv.1.weight', 'spatial_conv.1.bias', 'final_layer.1.weight', 'final_layer.1.bias']
[2026-04-15 20:46:33]     Phase 1 (new):
[2026-04-15 20:46:33]       Trainable groups: ['spatial_conv.', 'final_layer.']
[2026-04-15 20:46:33]       Trainable params: 766 / 14,606 (5.2%)
[2026-04-15 20:46:33]     Sanity check passed: finite logits/loss on one training batch for SignalJEPA_PreLocal.
[2026-04-15 20:46:54]   Fold 1/5 | best_epoch=54 | stop=104 | val_loss=0.2082 | acc=0.9230 | bal_acc=0.8295
[2026-04-15 20:46:54]     Downstream model:   SignalJEPA_PreLocal
[2026-04-15 20:46:54]     Fine-tune strategy: new
[2026-04-15 20:46:54]     Warm-up active:     False
[2026-04-15 20:46:54]     Warm-up epochs:     10
[2026-04-15 20:46:54]     Missing keys:       ['spatial_conv.1.weight', 'spatial_conv.1.bias', 'final_layer.1.weight', 'final_layer.1.bias']
[2026-04-15 20:46:54]     Phase 1 (new):
[2026-04-15 20:46:54]       Trainable groups: ['spatial_conv.', 'final_layer.']
[2026-04-15 20:46:54]       Trainable params: 766 / 14,606 (5.2%)
[2026-04-15 20:46:54]     Sanity check passed: finite logits/loss on one training batch for SignalJEPA_PreLocal.
[2026-04-15 20:47:15]   Fold 2/5 | best_epoch=62 | stop=112 | val_loss=0.2307 | acc=0.9255 | bal_acc=0.8341
[2026-04-15 20:47:15]     Downstream model:   SignalJEPA_PreLocal
[2026-04-15 20:47:15]     Fine-tune strategy: new
[2026-04-15 20:47:15]     Warm-up active:     False
[2026-04-15 20:47:15]     Warm-up epochs:     10
[2026-04-15 20:47:15]     Missing keys:       ['spatial_conv.1.weight', 'spatial_conv.1.bias', 'final_layer.1.weight', 'final_layer.1.bias']
[2026-04-15 20:47:15]     Phase 1 (new):
[2026-04-15 20:47:15]       Trainable groups: ['spatial_conv.', 'final_layer.']
[2026-04-15 20:47:15]       Trainable params: 766 / 14,606 (5.2%)
[2026-04-15 20:47:15]     Sanity check passed: finite logits/loss on one training batch for SignalJEPA_PreLocal.
[2026-04-15 20:47:36]   Fold 3/5 | best_epoch=57 | stop=107 | val_loss=0.2033 | acc=0.9116 | bal_acc=0.8227
[2026-04-15 20:47:36]     Downstream model:   SignalJEPA_PreLocal
[2026-04-15 20:47:36]     Fine-tune strategy: new
[2026-04-15 20:47:36]     Warm-up active:     False
[2026-04-15 20:47:36]     Warm-up epochs:     10
[2026-04-15 20:47:36]     Missing keys:       ['spatial_conv.1.weight', 'spatial_conv.1.bias', 'final_layer.1.weight', 'final_layer.1.bias']
[2026-04-15 20:47:36]     Phase 1 (new):
[2026-04-15 20:47:36]       Trainable groups: ['spatial_conv.', 'final_layer.']
[2026-04-15 20:47:36]       Trainable params: 766 / 14,606 (5.2%)
[2026-04-15 20:47:36]     Sanity check passed: finite logits/loss on one training batch for SignalJEPA_PreLocal.
[2026-04-15 20:47:53]   Fold 4/5 | best_epoch=37 | stop=87 | val_loss=0.2181 | acc=0.9028 | bal_acc=0.7902
[2026-04-15 20:47:53]     Downstream model:   SignalJEPA_PreLocal
[2026-04-15 20:47:53]     Fine-tune strategy: new
[2026-04-15 20:47:53]     Warm-up active:     False
[2026-04-15 20:47:53]     Warm-up epochs:     10
[2026-04-15 20:47:53]     Missing keys:       ['spatial_conv.1.weight', 'spatial_conv.1.bias', 'final_layer.1.weight', 'final_layer.1.bias']
[2026-04-15 20:47:53]     Phase 1 (new):
[2026-04-15 20:47:53]       Trainable groups: ['spatial_conv.', 'final_layer.']
[2026-04-15 20:47:53]       Trainable params: 766 / 14,606 (5.2%)
[2026-04-15 20:47:53]     Sanity check passed: finite logits/loss on one training batch for SignalJEPA_PreLocal.
[2026-04-15 20:48:13]   Fold 5/5 | best_epoch=56 | stop=106 | val_loss=0.2053 | acc=0.9141 | bal_acc=0.8121
[2026-04-15 20:48:13]   Subject 48 summary: acc=0.9154±0.0082  bal_acc=0.8177±0.0156

[2026-04-15 20:48:13] Subject 49: 3960 windows | class_counts=[3300, 660]
[2026-04-15 20:48:13]     Downstream model:   SignalJEPA_PreLocal
[2026-04-15 20:48:13]     Fine-tune strategy: new
[2026-04-15 20:48:13]     Warm-up active:     False
[2026-04-15 20:48:13]     Warm-up epochs:     10
[2026-04-15 20:48:13]     Missing keys:       ['spatial_conv.1.weight', 'spatial_conv.1.bias', 'final_layer.1.weight', 'final_layer.1.bias']
[2026-04-15 20:48:13]     Phase 1 (new):
[2026-04-15 20:48:13]       Trainable groups: ['spatial_conv.', 'final_layer.']
[2026-04-15 20:48:13]       Trainable params: 766 / 14,606 (5.2%)
[2026-04-15 20:48:13]     Sanity check passed: finite logits/loss on one training batch for SignalJEPA_PreLocal.
[2026-04-15 20:48:30]   Fold 1/5 | best_epoch=37 | stop=87 | val_loss=0.2325 | acc=0.9028 | bal_acc=0.7871
[2026-04-15 20:48:30]     Downstream model:   SignalJEPA_PreLocal
[2026-04-15 20:48:30]     Fine-tune strategy: new
[2026-04-15 20:48:30]     Warm-up active:     False
[2026-04-15 20:48:30]     Warm-up epochs:     10
[2026-04-15 20:48:30]     Missing keys:       ['spatial_conv.1.weight', 'spatial_conv.1.bias', 'final_layer.1.weight', 'final_layer.1.bias']
[2026-04-15 20:48:30]     Phase 1 (new):
[2026-04-15 20:48:30]       Trainable groups: ['spatial_conv.', 'final_layer.']
[2026-04-15 20:48:30]       Trainable params: 766 / 14,606 (5.2%)
[2026-04-15 20:48:30]     Sanity check passed: finite logits/loss on one training batch for SignalJEPA_PreLocal.
[2026-04-15 20:48:55]   Fold 2/5 | best_epoch=81 | stop=131 | val_loss=0.2119 | acc=0.9217 | bal_acc=0.8318
[2026-04-15 20:48:55]     Downstream model:   SignalJEPA_PreLocal
[2026-04-15 20:48:55]     Fine-tune strategy: new
[2026-04-15 20:48:55]     Warm-up active:     False
[2026-04-15 20:48:55]     Warm-up epochs:     10
[2026-04-15 20:48:55]     Missing keys:       ['spatial_conv.1.weight', 'spatial_conv.1.bias', 'final_layer.1.weight', 'final_layer.1.bias']
[2026-04-15 20:48:55]     Phase 1 (new):
[2026-04-15 20:48:55]       Trainable groups: ['spatial_conv.', 'final_layer.']
[2026-04-15 20:48:55]       Trainable params: 766 / 14,606 (5.2%)
[2026-04-15 20:48:55]     Sanity check passed: finite logits/loss on one training batch for SignalJEPA_PreLocal.
[2026-04-15 20:49:16]   Fold 3/5 | best_epoch=59 | stop=109 | val_loss=0.2265 | acc=0.9053 | bal_acc=0.7856
[2026-04-15 20:49:16]     Downstream model:   SignalJEPA_PreLocal
[2026-04-15 20:49:16]     Fine-tune strategy: new
[2026-04-15 20:49:16]     Warm-up active:     False
[2026-04-15 20:49:16]     Warm-up epochs:     10
[2026-04-15 20:49:16]     Missing keys:       ['spatial_conv.1.weight', 'spatial_conv.1.bias', 'final_layer.1.weight', 'final_layer.1.bias']
[2026-04-15 20:49:16]     Phase 1 (new):
[2026-04-15 20:49:16]       Trainable groups: ['spatial_conv.', 'final_layer.']
[2026-04-15 20:49:16]       Trainable params: 766 / 14,606 (5.2%)
[2026-04-15 20:49:16]     Sanity check passed: finite logits/loss on one training batch for SignalJEPA_PreLocal.
[2026-04-15 20:49:42]   Fold 4/5 | best_epoch=85 | stop=135 | val_loss=0.2399 | acc=0.9116 | bal_acc=0.8227
[2026-04-15 20:49:42]     Downstream model:   SignalJEPA_PreLocal
[2026-04-15 20:49:42]     Fine-tune strategy: new
[2026-04-15 20:49:42]     Warm-up active:     False
[2026-04-15 20:49:42]     Warm-up epochs:     10
[2026-04-15 20:49:42]     Missing keys:       ['spatial_conv.1.weight', 'spatial_conv.1.bias', 'final_layer.1.weight', 'final_layer.1.bias']
[2026-04-15 20:49:42]     Phase 1 (new):
[2026-04-15 20:49:42]       Trainable groups: ['spatial_conv.', 'final_layer.']
[2026-04-15 20:49:42]       Trainable params: 766 / 14,606 (5.2%)
[2026-04-15 20:49:42]     Sanity check passed: finite logits/loss on one training batch for SignalJEPA_PreLocal.
[2026-04-15 20:49:57]   Fold 5/5 | best_epoch=29 | stop=79 | val_loss=0.2505 | acc=0.8952 | bal_acc=0.7553
[2026-04-15 20:49:57]   Subject 49 summary: acc=0.9073±0.0089  bal_acc=0.7965±0.0277

[2026-04-15 20:49:57] Subject 50: 3960 windows | class_counts=[3300, 660]
[2026-04-15 20:49:58]     Downstream model:   SignalJEPA_PreLocal
[2026-04-15 20:49:58]     Fine-tune strategy: new
[2026-04-15 20:49:58]     Warm-up active:     False
[2026-04-15 20:49:58]     Warm-up epochs:     10
[2026-04-15 20:49:58]     Missing keys:       ['spatial_conv.1.weight', 'spatial_conv.1.bias', 'final_layer.1.weight', 'final_layer.1.bias']
[2026-04-15 20:49:58]     Phase 1 (new):
[2026-04-15 20:49:58]       Trainable groups: ['spatial_conv.', 'final_layer.']
[2026-04-15 20:49:58]       Trainable params: 766 / 14,606 (5.2%)
[2026-04-15 20:49:58]     Sanity check passed: finite logits/loss on one training batch for SignalJEPA_PreLocal.
[2026-04-15 20:50:14]   Fold 1/5 | best_epoch=35 | stop=85 | val_loss=0.3076 | acc=0.8977 | bal_acc=0.7538
[2026-04-15 20:50:14]     Downstream model:   SignalJEPA_PreLocal
[2026-04-15 20:50:14]     Fine-tune strategy: new
[2026-04-15 20:50:14]     Warm-up active:     False
[2026-04-15 20:50:14]     Warm-up epochs:     10
[2026-04-15 20:50:14]     Missing keys:       ['spatial_conv.1.weight', 'spatial_conv.1.bias', 'final_layer.1.weight', 'final_layer.1.bias']
[2026-04-15 20:50:14]     Phase 1 (new):
[2026-04-15 20:50:14]       Trainable groups: ['spatial_conv.', 'final_layer.']
[2026-04-15 20:50:14]       Trainable params: 766 / 14,606 (5.2%)
[2026-04-15 20:50:14]     Sanity check passed: finite logits/loss on one training batch for SignalJEPA_PreLocal.
[2026-04-15 20:50:34]   Fold 2/5 | best_epoch=55 | stop=105 | val_loss=0.2690 | acc=0.8864 | bal_acc=0.7409
[2026-04-15 20:50:34]     Downstream model:   SignalJEPA_PreLocal
[2026-04-15 20:50:34]     Fine-tune strategy: new
[2026-04-15 20:50:34]     Warm-up active:     False
[2026-04-15 20:50:34]     Warm-up epochs:     10
[2026-04-15 20:50:34]     Missing keys:       ['spatial_conv.1.weight', 'spatial_conv.1.bias', 'final_layer.1.weight', 'final_layer.1.bias']
[2026-04-15 20:50:34]     Phase 1 (new):
[2026-04-15 20:50:34]       Trainable groups: ['spatial_conv.', 'final_layer.']
[2026-04-15 20:50:34]       Trainable params: 766 / 14,606 (5.2%)
[2026-04-15 20:50:34]     Sanity check passed: finite logits/loss on one training batch for SignalJEPA_PreLocal.
[2026-04-15 20:50:50]   Fold 3/5 | best_epoch=35 | stop=85 | val_loss=0.2494 | acc=0.8788 | bal_acc=0.7515
[2026-04-15 20:50:50]     Downstream model:   SignalJEPA_PreLocal
[2026-04-15 20:50:50]     Fine-tune strategy: new
[2026-04-15 20:50:50]     Warm-up active:     False
[2026-04-15 20:50:50]     Warm-up epochs:     10
[2026-04-15 20:50:50]     Missing keys:       ['spatial_conv.1.weight', 'spatial_conv.1.bias', 'final_layer.1.weight', 'final_layer.1.bias']
[2026-04-15 20:50:50]     Phase 1 (new):
[2026-04-15 20:50:50]       Trainable groups: ['spatial_conv.', 'final_layer.']
[2026-04-15 20:50:50]       Trainable params: 766 / 14,606 (5.2%)
[2026-04-15 20:50:50]     Sanity check passed: finite logits/loss on one training batch for SignalJEPA_PreLocal.
[2026-04-15 20:51:13]   Fold 4/5 | best_epoch=66 | stop=116 | val_loss=0.2614 | acc=0.8902 | bal_acc=0.7886
[2026-04-15 20:51:13]     Downstream model:   SignalJEPA_PreLocal
[2026-04-15 20:51:13]     Fine-tune strategy: new
[2026-04-15 20:51:13]     Warm-up active:     False
[2026-04-15 20:51:13]     Warm-up epochs:     10
[2026-04-15 20:51:13]     Missing keys:       ['spatial_conv.1.weight', 'spatial_conv.1.bias', 'final_layer.1.weight', 'final_layer.1.bias']
[2026-04-15 20:51:13]     Phase 1 (new):
[2026-04-15 20:51:13]       Trainable groups: ['spatial_conv.', 'final_layer.']
[2026-04-15 20:51:13]       Trainable params: 766 / 14,606 (5.2%)
[2026-04-15 20:51:13]     Sanity check passed: finite logits/loss on one training batch for SignalJEPA_PreLocal.
[2026-04-15 20:51:29]   Fold 5/5 | best_epoch=32 | stop=82 | val_loss=0.2957 | acc=0.8864 | bal_acc=0.7439
[2026-04-15 20:51:29]   Subject 50 summary: acc=0.8879±0.0062  bal_acc=0.7558±0.0171

[2026-04-15 20:51:29] Subject 51: 3960 windows | class_counts=[3300, 660]
[2026-04-15 20:51:29]     Downstream model:   SignalJEPA_PreLocal
[2026-04-15 20:51:29]     Fine-tune strategy: new
[2026-04-15 20:51:29]     Warm-up active:     False
[2026-04-15 20:51:29]     Warm-up epochs:     10
[2026-04-15 20:51:29]     Missing keys:       ['spatial_conv.1.weight', 'spatial_conv.1.bias', 'final_layer.1.weight', 'final_layer.1.bias']
[2026-04-15 20:51:29]     Phase 1 (new):
[2026-04-15 20:51:29]       Trainable groups: ['spatial_conv.', 'final_layer.']
[2026-04-15 20:51:29]       Trainable params: 766 / 14,606 (5.2%)
[2026-04-15 20:51:29]     Sanity check passed: finite logits/loss on one training batch for SignalJEPA_PreLocal.
[2026-04-15 20:51:44]   Fold 1/5 | best_epoch=27 | stop=77 | val_loss=0.3840 | acc=0.8497 | bal_acc=0.6402
[2026-04-15 20:51:44]     Downstream model:   SignalJEPA_PreLocal
[2026-04-15 20:51:44]     Fine-tune strategy: new
[2026-04-15 20:51:44]     Warm-up active:     False
[2026-04-15 20:51:44]     Warm-up epochs:     10
[2026-04-15 20:51:44]     Missing keys:       ['spatial_conv.1.weight', 'spatial_conv.1.bias', 'final_layer.1.weight', 'final_layer.1.bias']
[2026-04-15 20:51:44]     Phase 1 (new):
[2026-04-15 20:51:44]       Trainable groups: ['spatial_conv.', 'final_layer.']
[2026-04-15 20:51:44]       Trainable params: 766 / 14,606 (5.2%)
[2026-04-15 20:51:44]     Sanity check passed: finite logits/loss on one training batch for SignalJEPA_PreLocal.
[2026-04-15 20:51:55]   Fold 2/5 | best_epoch=10 | stop=60 | val_loss=0.3774 | acc=0.8396 | bal_acc=0.5705
[2026-04-15 20:51:56]     Downstream model:   SignalJEPA_PreLocal
[2026-04-15 20:51:56]     Fine-tune strategy: new
[2026-04-15 20:51:56]     Warm-up active:     False
[2026-04-15 20:51:56]     Warm-up epochs:     10
[2026-04-15 20:51:56]     Missing keys:       ['spatial_conv.1.weight', 'spatial_conv.1.bias', 'final_layer.1.weight', 'final_layer.1.bias']
[2026-04-15 20:51:56]     Phase 1 (new):
[2026-04-15 20:51:56]       Trainable groups: ['spatial_conv.', 'final_layer.']
[2026-04-15 20:51:56]       Trainable params: 766 / 14,606 (5.2%)
[2026-04-15 20:51:56]     Sanity check passed: finite logits/loss on one training batch for SignalJEPA_PreLocal.
[2026-04-15 20:52:09]   Fold 3/5 | best_epoch=21 | stop=71 | val_loss=0.3752 | acc=0.8333 | bal_acc=0.6152
[2026-04-15 20:52:09]     Downstream model:   SignalJEPA_PreLocal
[2026-04-15 20:52:09]     Fine-tune strategy: new
[2026-04-15 20:52:09]     Warm-up active:     False
[2026-04-15 20:52:09]     Warm-up epochs:     10
[2026-04-15 20:52:09]     Missing keys:       ['spatial_conv.1.weight', 'spatial_conv.1.bias', 'final_layer.1.weight', 'final_layer.1.bias']
[2026-04-15 20:52:09]     Phase 1 (new):
[2026-04-15 20:52:09]       Trainable groups: ['spatial_conv.', 'final_layer.']
[2026-04-15 20:52:09]       Trainable params: 766 / 14,606 (5.2%)
[2026-04-15 20:52:09]     Sanity check passed: finite logits/loss on one training batch for SignalJEPA_PreLocal.
[2026-04-15 20:52:22]   Fold 4/5 | best_epoch=14 | stop=64 | val_loss=0.3641 | acc=0.8460 | bal_acc=0.5894
[2026-04-15 20:52:22]     Downstream model:   SignalJEPA_PreLocal
[2026-04-15 20:52:22]     Fine-tune strategy: new
[2026-04-15 20:52:22]     Warm-up active:     False
[2026-04-15 20:52:22]     Warm-up epochs:     10
[2026-04-15 20:52:22]     Missing keys:       ['spatial_conv.1.weight', 'spatial_conv.1.bias', 'final_layer.1.weight', 'final_layer.1.bias']
[2026-04-15 20:52:22]     Phase 1 (new):
[2026-04-15 20:52:22]       Trainable groups: ['spatial_conv.', 'final_layer.']
[2026-04-15 20:52:22]       Trainable params: 766 / 14,606 (5.2%)
[2026-04-15 20:52:22]     Sanity check passed: finite logits/loss on one training batch for SignalJEPA_PreLocal.
[2026-04-15 20:52:34]   Fold 5/5 | best_epoch=12 | stop=62 | val_loss=0.3795 | acc=0.8523 | bal_acc=0.5811
[2026-04-15 20:52:34]   Subject 51 summary: acc=0.8442±0.0069  bal_acc=0.5992±0.0252

[2026-04-15 20:52:34] Subject 52: 3960 windows | class_counts=[3300, 660]
[2026-04-15 20:52:34]     Downstream model:   SignalJEPA_PreLocal
[2026-04-15 20:52:34]     Fine-tune strategy: new
[2026-04-15 20:52:34]     Warm-up active:     False
[2026-04-15 20:52:34]     Warm-up epochs:     10
[2026-04-15 20:52:34]     Missing keys:       ['spatial_conv.1.weight', 'spatial_conv.1.bias', 'final_layer.1.weight', 'final_layer.1.bias']
[2026-04-15 20:52:34]     Phase 1 (new):
[2026-04-15 20:52:34]       Trainable groups: ['spatial_conv.', 'final_layer.']
[2026-04-15 20:52:34]       Trainable params: 766 / 14,606 (5.2%)
[2026-04-15 20:52:34]     Sanity check passed: finite logits/loss on one training batch for SignalJEPA_PreLocal.
[2026-04-15 20:52:50]   Fold 1/5 | best_epoch=31 | stop=81 | val_loss=0.2219 | acc=0.9141 | bal_acc=0.7939
[2026-04-15 20:52:50]     Downstream model:   SignalJEPA_PreLocal
[2026-04-15 20:52:50]     Fine-tune strategy: new
[2026-04-15 20:52:50]     Warm-up active:     False
[2026-04-15 20:52:50]     Warm-up epochs:     10
[2026-04-15 20:52:50]     Missing keys:       ['spatial_conv.1.weight', 'spatial_conv.1.bias', 'final_layer.1.weight', 'final_layer.1.bias']
[2026-04-15 20:52:50]     Phase 1 (new):
[2026-04-15 20:52:50]       Trainable groups: ['spatial_conv.', 'final_layer.']
[2026-04-15 20:52:50]       Trainable params: 766 / 14,606 (5.2%)
[2026-04-15 20:52:50]     Sanity check passed: finite logits/loss on one training batch for SignalJEPA_PreLocal.
[2026-04-15 20:53:07]   Fold 2/5 | best_epoch=40 | stop=90 | val_loss=0.2009 | acc=0.9116 | bal_acc=0.7924
[2026-04-15 20:53:07]     Downstream model:   SignalJEPA_PreLocal
[2026-04-15 20:53:07]     Fine-tune strategy: new
[2026-04-15 20:53:07]     Warm-up active:     False
[2026-04-15 20:53:07]     Warm-up epochs:     10
[2026-04-15 20:53:07]     Missing keys:       ['spatial_conv.1.weight', 'spatial_conv.1.bias', 'final_layer.1.weight', 'final_layer.1.bias']
[2026-04-15 20:53:07]     Phase 1 (new):
[2026-04-15 20:53:07]       Trainable groups: ['spatial_conv.', 'final_layer.']
[2026-04-15 20:53:07]       Trainable params: 766 / 14,606 (5.2%)
[2026-04-15 20:53:07]     Sanity check passed: finite logits/loss on one training batch for SignalJEPA_PreLocal.
[2026-04-15 20:53:28]   Fold 3/5 | best_epoch=58 | stop=108 | val_loss=0.2315 | acc=0.9053 | bal_acc=0.7795
[2026-04-15 20:53:28]     Downstream model:   SignalJEPA_PreLocal
[2026-04-15 20:53:28]     Fine-tune strategy: new
[2026-04-15 20:53:28]     Warm-up active:     False
[2026-04-15 20:53:28]     Warm-up epochs:     10
[2026-04-15 20:53:28]     Missing keys:       ['spatial_conv.1.weight', 'spatial_conv.1.bias', 'final_layer.1.weight', 'final_layer.1.bias']
[2026-04-15 20:53:28]     Phase 1 (new):
[2026-04-15 20:53:28]       Trainable groups: ['spatial_conv.', 'final_layer.']
[2026-04-15 20:53:28]       Trainable params: 766 / 14,606 (5.2%)
[2026-04-15 20:53:28]     Sanity check passed: finite logits/loss on one training batch for SignalJEPA_PreLocal.
[2026-04-15 20:53:49]   Fold 4/5 | best_epoch=57 | stop=107 | val_loss=0.2350 | acc=0.9192 | bal_acc=0.8303
[2026-04-15 20:53:49]     Downstream model:   SignalJEPA_PreLocal
[2026-04-15 20:53:49]     Fine-tune strategy: new
[2026-04-15 20:53:49]     Warm-up active:     False
[2026-04-15 20:53:49]     Warm-up epochs:     10
[2026-04-15 20:53:49]     Missing keys:       ['spatial_conv.1.weight', 'spatial_conv.1.bias', 'final_layer.1.weight', 'final_layer.1.bias']
[2026-04-15 20:53:49]     Phase 1 (new):
[2026-04-15 20:53:49]       Trainable groups: ['spatial_conv.', 'final_layer.']
[2026-04-15 20:53:49]       Trainable params: 766 / 14,606 (5.2%)
[2026-04-15 20:53:49]     Sanity check passed: finite logits/loss on one training batch for SignalJEPA_PreLocal.
[2026-04-15 20:54:10]   Fold 5/5 | best_epoch=58 | stop=108 | val_loss=0.2099 | acc=0.8965 | bal_acc=0.7712
[2026-04-15 20:54:10]   Subject 52 summary: acc=0.9093±0.0078  bal_acc=0.7935±0.0202

[2026-04-15 20:54:10] Subject 53: 3960 windows | class_counts=[3300, 660]
[2026-04-15 20:54:10]     Downstream model:   SignalJEPA_PreLocal
[2026-04-15 20:54:10]     Fine-tune strategy: new
[2026-04-15 20:54:10]     Warm-up active:     False
[2026-04-15 20:54:10]     Warm-up epochs:     10
[2026-04-15 20:54:10]     Missing keys:       ['spatial_conv.1.weight', 'spatial_conv.1.bias', 'final_layer.1.weight', 'final_layer.1.bias']
[2026-04-15 20:54:10]     Phase 1 (new):
[2026-04-15 20:54:10]       Trainable groups: ['spatial_conv.', 'final_layer.']
[2026-04-15 20:54:10]       Trainable params: 766 / 14,606 (5.2%)
[2026-04-15 20:54:10]     Sanity check passed: finite logits/loss on one training batch for SignalJEPA_PreLocal.
[2026-04-15 20:54:41]   Fold 1/5 | best_epoch=109 | stop=159 | val_loss=0.1922 | acc=0.8952 | bal_acc=0.7917
[2026-04-15 20:54:41]     Downstream model:   SignalJEPA_PreLocal
[2026-04-15 20:54:41]     Fine-tune strategy: new
[2026-04-15 20:54:41]     Warm-up active:     False
[2026-04-15 20:54:41]     Warm-up epochs:     10
[2026-04-15 20:54:41]     Missing keys:       ['spatial_conv.1.weight', 'spatial_conv.1.bias', 'final_layer.1.weight', 'final_layer.1.bias']
[2026-04-15 20:54:41]     Phase 1 (new):
[2026-04-15 20:54:41]       Trainable groups: ['spatial_conv.', 'final_layer.']
[2026-04-15 20:54:41]       Trainable params: 766 / 14,606 (5.2%)
[2026-04-15 20:54:41]     Sanity check passed: finite logits/loss on one training batch for SignalJEPA_PreLocal.
[2026-04-15 20:55:00]   Fold 2/5 | best_epoch=46 | stop=96 | val_loss=0.2703 | acc=0.9205 | bal_acc=0.8129
[2026-04-15 20:55:00]     Downstream model:   SignalJEPA_PreLocal
[2026-04-15 20:55:00]     Fine-tune strategy: new
[2026-04-15 20:55:00]     Warm-up active:     False
[2026-04-15 20:55:00]     Warm-up epochs:     10
[2026-04-15 20:55:00]     Missing keys:       ['spatial_conv.1.weight', 'spatial_conv.1.bias', 'final_layer.1.weight', 'final_layer.1.bias']
[2026-04-15 20:55:00]     Phase 1 (new):
[2026-04-15 20:55:00]       Trainable groups: ['spatial_conv.', 'final_layer.']
[2026-04-15 20:55:00]       Trainable params: 766 / 14,606 (5.2%)
[2026-04-15 20:55:00]     Sanity check passed: finite logits/loss on one training batch for SignalJEPA_PreLocal.
[2026-04-15 20:55:26]   Fold 3/5 | best_epoch=85 | stop=135 | val_loss=0.2142 | acc=0.9003 | bal_acc=0.8038
[2026-04-15 20:55:26]     Downstream model:   SignalJEPA_PreLocal
[2026-04-15 20:55:26]     Fine-tune strategy: new
[2026-04-15 20:55:26]     Warm-up active:     False
[2026-04-15 20:55:26]     Warm-up epochs:     10
[2026-04-15 20:55:26]     Missing keys:       ['spatial_conv.1.weight', 'spatial_conv.1.bias', 'final_layer.1.weight', 'final_layer.1.bias']
[2026-04-15 20:55:26]     Phase 1 (new):
[2026-04-15 20:55:26]       Trainable groups: ['spatial_conv.', 'final_layer.']
[2026-04-15 20:55:26]       Trainable params: 766 / 14,606 (5.2%)
[2026-04-15 20:55:26]     Sanity check passed: finite logits/loss on one training batch for SignalJEPA_PreLocal.
[2026-04-15 20:55:46]   Fold 4/5 | best_epoch=55 | stop=105 | val_loss=0.2332 | acc=0.8965 | bal_acc=0.7864
[2026-04-15 20:55:46]     Downstream model:   SignalJEPA_PreLocal
[2026-04-15 20:55:46]     Fine-tune strategy: new
[2026-04-15 20:55:46]     Warm-up active:     False
[2026-04-15 20:55:46]     Warm-up epochs:     10
[2026-04-15 20:55:46]     Missing keys:       ['spatial_conv.1.weight', 'spatial_conv.1.bias', 'final_layer.1.weight', 'final_layer.1.bias']
[2026-04-15 20:55:46]     Phase 1 (new):
[2026-04-15 20:55:46]       Trainable groups: ['spatial_conv.', 'final_layer.']
[2026-04-15 20:55:46]       Trainable params: 766 / 14,606 (5.2%)
[2026-04-15 20:55:46]     Sanity check passed: finite logits/loss on one training batch for SignalJEPA_PreLocal.
[2026-04-15 20:56:09]   Fold 5/5 | best_epoch=66 | stop=116 | val_loss=0.2492 | acc=0.9116 | bal_acc=0.8045
[2026-04-15 20:56:09]   Subject 53 summary: acc=0.9048±0.0097  bal_acc=0.7998±0.0096

[2026-04-15 20:56:09] Subject 54: 3960 windows | class_counts=[3300, 660]
[2026-04-15 20:56:09]     Downstream model:   SignalJEPA_PreLocal
[2026-04-15 20:56:09]     Fine-tune strategy: new
[2026-04-15 20:56:09]     Warm-up active:     False
[2026-04-15 20:56:09]     Warm-up epochs:     10
[2026-04-15 20:56:09]     Missing keys:       ['spatial_conv.1.weight', 'spatial_conv.1.bias', 'final_layer.1.weight', 'final_layer.1.bias']
[2026-04-15 20:56:09]     Phase 1 (new):
[2026-04-15 20:56:09]       Trainable groups: ['spatial_conv.', 'final_layer.']
[2026-04-15 20:56:09]       Trainable params: 766 / 14,606 (5.2%)
[2026-04-15 20:56:09]     Sanity check passed: finite logits/loss on one training batch for SignalJEPA_PreLocal.
[2026-04-15 20:56:25]   Fold 1/5 | best_epoch=35 | stop=85 | val_loss=0.2476 | acc=0.8750 | bal_acc=0.7189
[2026-04-15 20:56:25]     Downstream model:   SignalJEPA_PreLocal
[2026-04-15 20:56:25]     Fine-tune strategy: new
[2026-04-15 20:56:25]     Warm-up active:     False
[2026-04-15 20:56:25]     Warm-up epochs:     10
[2026-04-15 20:56:25]     Missing keys:       ['spatial_conv.1.weight', 'spatial_conv.1.bias', 'final_layer.1.weight', 'final_layer.1.bias']
[2026-04-15 20:56:25]     Phase 1 (new):
[2026-04-15 20:56:25]       Trainable groups: ['spatial_conv.', 'final_layer.']
[2026-04-15 20:56:25]       Trainable params: 766 / 14,606 (5.2%)
[2026-04-15 20:56:25]     Sanity check passed: finite logits/loss on one training batch for SignalJEPA_PreLocal.
[2026-04-15 20:56:48]   Fold 2/5 | best_epoch=66 | stop=116 | val_loss=0.2507 | acc=0.8965 | bal_acc=0.7530
[2026-04-15 20:56:48]     Downstream model:   SignalJEPA_PreLocal
[2026-04-15 20:56:48]     Fine-tune strategy: new
[2026-04-15 20:56:48]     Warm-up active:     False
[2026-04-15 20:56:48]     Warm-up epochs:     10
[2026-04-15 20:56:48]     Missing keys:       ['spatial_conv.1.weight', 'spatial_conv.1.bias', 'final_layer.1.weight', 'final_layer.1.bias']
[2026-04-15 20:56:48]     Phase 1 (new):
[2026-04-15 20:56:48]       Trainable groups: ['spatial_conv.', 'final_layer.']
[2026-04-15 20:56:48]       Trainable params: 766 / 14,606 (5.2%)
[2026-04-15 20:56:48]     Sanity check passed: finite logits/loss on one training batch for SignalJEPA_PreLocal.
[2026-04-15 20:57:05]   Fold 3/5 | best_epoch=41 | stop=91 | val_loss=0.2616 | acc=0.8788 | bal_acc=0.7394
[2026-04-15 20:57:05]     Downstream model:   SignalJEPA_PreLocal
[2026-04-15 20:57:05]     Fine-tune strategy: new
[2026-04-15 20:57:05]     Warm-up active:     False
[2026-04-15 20:57:05]     Warm-up epochs:     10
[2026-04-15 20:57:05]     Missing keys:       ['spatial_conv.1.weight', 'spatial_conv.1.bias', 'final_layer.1.weight', 'final_layer.1.bias']
[2026-04-15 20:57:05]     Phase 1 (new):
[2026-04-15 20:57:05]       Trainable groups: ['spatial_conv.', 'final_layer.']
[2026-04-15 20:57:05]       Trainable params: 766 / 14,606 (5.2%)
[2026-04-15 20:57:05]     Sanity check passed: finite logits/loss on one training batch for SignalJEPA_PreLocal.
[2026-04-15 20:57:22]   Fold 4/5 | best_epoch=36 | stop=86 | val_loss=0.2433 | acc=0.8864 | bal_acc=0.7470
[2026-04-15 20:57:22]     Downstream model:   SignalJEPA_PreLocal
[2026-04-15 20:57:22]     Fine-tune strategy: new
[2026-04-15 20:57:22]     Warm-up active:     False
[2026-04-15 20:57:22]     Warm-up epochs:     10
[2026-04-15 20:57:22]     Missing keys:       ['spatial_conv.1.weight', 'spatial_conv.1.bias', 'final_layer.1.weight', 'final_layer.1.bias']
[2026-04-15 20:57:22]     Phase 1 (new):
[2026-04-15 20:57:22]       Trainable groups: ['spatial_conv.', 'final_layer.']
[2026-04-15 20:57:22]       Trainable params: 766 / 14,606 (5.2%)
[2026-04-15 20:57:22]     Sanity check passed: finite logits/loss on one training batch for SignalJEPA_PreLocal.
[2026-04-15 20:57:42]   Fold 5/5 | best_epoch=48 | stop=98 | val_loss=0.2447 | acc=0.9028 | bal_acc=0.7811
[2026-04-15 20:57:42]   Subject 54 summary: acc=0.8879±0.0105  bal_acc=0.7479±0.0202

[2026-04-15 20:57:42] Total folds completed: 35
[2026-04-15 20:57:42] ======================================================================
[2026-04-15 20:57:42] AGGREGATED RESULTS
[2026-04-15 20:57:42] ======================================================================
[2026-04-15 20:57:42]   Subject 48:  acc=0.9154±0.0082  bal_acc=0.8177±0.0156
[2026-04-15 20:57:42]   Subject 49:  acc=0.9073±0.0089  bal_acc=0.7965±0.0277
[2026-04-15 20:57:42]   Subject 50:  acc=0.8879±0.0062  bal_acc=0.7558±0.0171
[2026-04-15 20:57:42]   Subject 51:  acc=0.8442±0.0069  bal_acc=0.5992±0.0252
[2026-04-15 20:57:42]   Subject 52:  acc=0.9093±0.0078  bal_acc=0.7935±0.0202
[2026-04-15 20:57:42]   Subject 53:  acc=0.9048±0.0097  bal_acc=0.7998±0.0096
[2026-04-15 20:57:42]   Subject 54:  acc=0.8879±0.0105  bal_acc=0.7479±0.0202
[2026-04-15 20:57:42] ----------------------------------------------------------------------
[2026-04-15 20:57:42]   OVERALL:      acc=0.8938±0.0240  bal_acc=0.7586±0.0719
[2026-04-15 20:57:42] ======================================================================
[2026-04-15 20:57:42] CV results saved to:      /home/vegorov/Repos/eeg_jepa_research/artifacts/lee-2019-fine-tuning/ERP/20260415_2024_06e2f4d8/cv_results.json
[2026-04-15 20:57:42] Subject metrics saved to: /home/vegorov/Repos/eeg_jepa_research/artifacts/lee-2019-fine-tuning/ERP/20260415_2024_06e2f4d8/subject_metrics.json
[2026-04-15 20:57:42] Global metrics saved to:  /home/vegorov/Repos/eeg_jepa_research/artifacts/lee-2019-fine-tuning/ERP/20260415_2024_06e2f4d8/global_metrics.json
[2026-04-15 20:57:42] Run metadata saved to:    /home/vegorov/Repos/eeg_jepa_research/artifacts/lee-2019-fine-tuning/ERP/20260415_2024_06e2f4d8/run_metadata.json

[2026-04-15 20:57:42] All artifacts in: /home/vegorov/Repos/eeg_jepa_research/artifacts/lee-2019-fine-tuning/ERP/20260415_2024_06e2f4d8

[2026-04-15 20:57:42] ======================================================================
[2026-04-15 20:57:42] EXPERIMENT SUMMARY
[2026-04-15 20:57:42] ======================================================================
[2026-04-15 20:57:42] Run ID:    20260415_2024_06e2f4d8
[2026-04-15 20:57:42] Artifacts: /home/vegorov/Repos/eeg_jepa_research/artifacts/lee-2019-fine-tuning/ERP/20260415_2024_06e2f4d8

[2026-04-15 20:57:42] Configuration:
[2026-04-15 20:57:42]   Subjects:          [48, 49, 50, 51, 52, 53, 54]
[2026-04-15 20:57:42]   Paradigm:          ERP
[2026-04-15 20:57:42]   Model:             SignalJEPA_PreLocal
[2026-04-15 20:57:42]   Strategy:          new
[2026-04-15 20:57:42]   Warm-up epochs:    10
[2026-04-15 20:57:42]   Bandpass:          0.5-40.0 Hz
[2026-04-15 20:57:42]   Resample:          128 Hz
[2026-04-15 20:57:42]   CV folds:          5
[2026-04-15 20:57:42]   Learning rate:     None
[2026-04-15 20:57:42]   Batch size:        32
[2026-04-15 20:57:42]   Max epochs:        5000

[2026-04-15 20:57:42] Results:
[2026-04-15 20:57:42]   Mean Accuracy:          0.8938 ± 0.0240
[2026-04-15 20:57:42]   Mean Balanced Accuracy: 0.7586 ± 0.0719
