[2026-03-31 18:05:13] Using device: cpu
[2026-03-31 18:05:13] Seed control enabled: True
[2026-03-31 18:05:13] Base seed: 110
[2026-03-31 18:05:14] Seed initialized: 110
[2026-03-31 18:05:14] ======================================================================
[2026-03-31 18:05:14] CONFIGURATION
[2026-03-31 18:05:14] ======================================================================
[2026-03-31 18:05:14]   artifact_dir: /home/vegorov/Repos/eeg_jepa_research/artifacts/lee-2019-fine-tuning
[2026-03-31 18:05:14]   bandpass_high: 40.0
[2026-03-31 18:05:14]   bandpass_low: 0.5
[2026-03-31 18:05:14]   batch_size: 16
[2026-03-31 18:05:14]   convert_to_uV: True
[2026-03-31 18:05:14]   cv_folds: 5
[2026-03-31 18:05:14]   device: auto
[2026-03-31 18:05:14]   early_stopping_patience: 50
[2026-03-31 18:05:14]   learning_rate: 0.001
[2026-03-31 18:05:14]   n_epochs: 5000
[2026-03-31 18:05:14]   normalization_method: None
[2026-03-31 18:05:14]   normalize: False
[2026-03-31 18:05:14]   paradigm: SSVEP
[2026-03-31 18:05:14]   pretrained_url: https://huggingface.co/braindecode/SignalJEPA/resolve/main/signal-jepa_16s-60_adeuwv4s.pth
[2026-03-31 18:05:14]   seed: 110
[2026-03-31 18:05:14]   set_seed: True
[2026-03-31 18:05:14]   sfreq: 128
[2026-03-31 18:05:14]   subjects_to_use: [51]
[2026-03-31 18:05:14]   val_split: 0.2
[2026-03-31 18:05:14] ======================================================================
[2026-03-31 18:05:14] Config saved to: /home/vegorov/Repos/eeg_jepa_research/artifacts/lee-2019-fine-tuning/SSVEP/20260331_1805_3653bcb3/config.json
[2026-03-31 18:05:14] Epoch window configuration:
[2026-03-31 18:05:14]   Target sfreq:                128 Hz
[2026-03-31 18:05:14]   Target duration:             4.190000 s
[2026-03-31 18:05:14]   Window samples (rounded):    536
[2026-03-31 18:05:14]   Base trial samples (4.0 s):  512
[2026-03-31 18:05:14]   Trial stop offset samples:   24
[2026-03-31 18:05:14]   Effective window duration:   4.187500 s
[2026-03-31 18:05:14] Using specified subjects from config: [51]
[2026-03-31 18:05:14] Selected subjects: [51]
[2026-03-31 18:05:14] Expected evaluation folds: 5

[2026-03-31 18:05:14] Building MOABBDataset for Lee2019_SSVEP...
[2026-03-31 18:05:23] MOABBDataset recordings loaded: 1
[2026-03-31 18:05:23] Discovered annotation descriptions (first recording): [np.str_('12.0'), np.str_('5.45'), np.str_('6.67'), np.str_('8.57')]
[2026-03-31 18:05:23] Dataset event_id mapping: {'12.0': 1, '8.57': 2, '6.67': 3, '5.45': 4}
[2026-03-31 18:05:23] Label map (event_code -> class_index): {1: 0, 2: 1, 3: 2, 4: 3}
[2026-03-31 18:05:23] Applying Braindecode preprocessors to MOABBDataset...
[2026-03-31 18:05:26] Preprocessing complete.

[2026-03-31 18:05:26] Post-preprocessing validation
[2026-03-31 18:05:26]   Recordings in DATASET: 1
[2026-03-31 18:05:26]   Unique subject IDs:    ['51']
[2026-03-31 18:05:26]   sfreq (first rec):     128.0 Hz
[2026-03-31 18:05:26]   EEG channel count:     62
[2026-03-31 18:05:26]   First 10 channels:     ['Fp1', 'Fp2', 'F7', 'F3', 'Fz', 'F4', 'F8', 'FC5', 'FC1', 'FC2']
[2026-03-31 18:05:26] Channel consistency summary:
[2026-03-31 18:05:26]   Checked runs: 1
[2026-03-31 18:05:26]   Unique channel counts: [62]
[2026-03-31 18:05:26]   Channel order consistent: True
[2026-03-31 18:05:26] Validated EEG channels: 62
[2026-03-31 18:05:26] First 10 EEG channels: ['Fp1', 'Fp2', 'F7', 'F3', 'Fz', 'F4', 'F8', 'FC5', 'FC1', 'FC2']
[2026-03-31 18:05:26] raw mean_abs=8.654730e+00
[2026-03-31 18:05:26] raw std=3.494582e+01
[2026-03-31 18:05:26] raw first5 channel std= [46.22404553 54.63339771 16.95830183 13.82897057 11.24366025]
[2026-03-31 18:05:26] Requested window samples: 536
[2026-03-31 18:05:26] Base trial samples:       512
[2026-03-31 18:05:26] Stop offset samples:      24
[2026-03-31 18:05:26] Global class counts: [25, 25, 25, 25]
[2026-03-31 18:05:26] Chance level (4-class): 0.25
[2026-03-31 18:05:26] One window shape: (62, 536)
[2026-03-31 18:05:26] One window label: 1
[2026-03-31 18:05:26] Window sample length expected=536, got=536
[2026-03-31 18:05:26] Subjects in window split: [51]
[2026-03-31 18:05:26] Summarizing per-subject windows...
[2026-03-31 18:05:26]   Subject 51: n_windows=100, window_shape=(62, 536), class_counts=[25, 25, 25, 25]
[2026-03-31 18:05:26]    subject_id  n_windows  n_channels  n_times      class_counts
0          51        100          62      536  [25, 25, 25, 25]
[2026-03-31 18:05:26] Window validation summary:
[2026-03-31 18:05:26]   Subject 51: n_windows=100 class_counts=[25, 25, 25, 25]

[2026-03-31 18:05:26] Validated sampling rate target: 128 Hz
[2026-03-31 18:05:26] Validated window sample count:   536
[2026-03-31 18:05:26] Validated window duration:       4.1875 s
[2026-03-31 18:05:26] Validated channel count:         62
[2026-03-31 18:05:26] Total windows retained:          100
[2026-03-31 18:05:26] Preprocessing sanity checks:
[2026-03-31 18:05:26]   One sample label: 1
[2026-03-31 18:05:26]   One sample shape: (62, 536)
[2026-03-31 18:05:26]   Mean(abs(signal)): 4.094026e+00
[2026-03-31 18:05:26]   Mean(signal):      7.346552e-09
[2026-03-31 18:05:26]   Std(signal):       5.860601e+00
[2026-03-31 18:05:26] Building model with input window duration: 4.1875 s
[2026-03-31 18:05:26] SignalJEPA_PreLocal instantiated successfully.
[2026-03-31 18:05:26]   Total parameters:     18,192
[2026-03-31 18:05:26]   Trainable parameters: 18,192
[2026-03-31 18:05:26] ======================================================================================================================================================
Layer (type (var_name):depth-idx)                  Input Shape               Output Shape              Param #                   Kernel Shape
======================================================================================================================================================
SignalJEPA_PreLocal (SignalJEPA_PreLocal)          [1, 62, 536]              [1, 4]                    --                        --
├─Sequential (spatial_conv): 1-1                   [1, 62, 536]              [1, 4, 536]               --                        --
│    └─Rearrange (0): 2-1                          [1, 62, 536]              [1, 1, 62, 536]           --                        --
│    └─Conv2d (1): 2-2                             [1, 1, 62, 536]           [1, 4, 1, 536]            252                       [62, 1]
│    └─Rearrange (2): 2-3                          [1, 4, 1, 536]            [1, 4, 536]               --                        --
├─_ConvFeatureEncoder (feature_encoder): 1-2       [1, 4, 536]               [1, 16, 64]               --                        --
│    └─Rearrange (0): 2-4                          [1, 4, 536]               [4, 1, 536]               --                        --
│    └─Sequential (1): 2-5                         [4, 1, 536]               [4, 8, 64]                --                        --
│    │    └─Conv1d (0): 3-1                        [4, 1, 536]               [4, 8, 64]                256                       [32]
│    │    └─Dropout (1): 3-2                       [4, 8, 64]                [4, 8, 64]                --                        --
│    │    └─GroupNorm (2): 3-3                     [4, 8, 64]                [4, 8, 64]                16                        --
│    │    └─GELU (3): 3-4                          [4, 8, 64]                [4, 8, 64]                --                        --
│    └─Sequential (2): 2-6                         [4, 8, 64]                [4, 16, 32]               --                        --
│    │    └─Conv1d (0): 3-5                        [4, 8, 64]                [4, 16, 32]               256                       [2]
│    │    └─Dropout (1): 3-6                       [4, 16, 32]               [4, 16, 32]               --                        --
│    │    └─GELU (2): 3-7                          [4, 16, 32]               [4, 16, 32]               --                        --
│    └─Sequential (3): 2-7                         [4, 16, 32]               [4, 32, 16]               --                        --
│    │    └─Conv1d (0): 3-8                        [4, 16, 32]               [4, 32, 16]               1,024                     [2]
│    │    └─Dropout (1): 3-9                       [4, 32, 16]               [4, 32, 16]               --                        --
│    │    └─GELU (2): 3-10                         [4, 32, 16]               [4, 32, 16]               --                        --
│    └─Sequential (4): 2-8                         [4, 32, 16]               [4, 64, 8]                --                        --
│    │    └─Conv1d (0): 3-11                       [4, 32, 16]               [4, 64, 8]                4,096                     [2]
│    │    └─Dropout (1): 3-12                      [4, 64, 8]                [4, 64, 8]                --                        --
│    │    └─GELU (2): 3-13                         [4, 64, 8]                [4, 64, 8]                --                        --
│    └─Sequential (5): 2-9                         [4, 64, 8]                [4, 64, 4]                --                        --
│    │    └─Conv1d (0): 3-14                       [4, 64, 8]                [4, 64, 4]                8,192                     [2]
│    │    └─Dropout (1): 3-15                      [4, 64, 4]                [4, 64, 4]                --                        --
│    │    └─GELU (2): 3-16                         [4, 64, 4]                [4, 64, 4]                --                        --
│    └─Rearrange (6): 2-10                         [4, 64, 4]                [1, 16, 64]               --                        --
├─Sequential (final_layer): 1-3                    [1, 16, 64]               [1, 4]                    --                        --
│    └─Flatten (0): 2-11                           [1, 16, 64]               [1, 1024]                 --                        --
│    └─Linear (1): 2-12                            [1, 1024]                 [1, 4]                    4,100                     --
======================================================================================================================================================
Total params: 18,192
Trainable params: 18,192
Non-trainable params: 0
Total mult-adds (Units.MEGABYTES): 0.57
======================================================================================================================================================
Input size (MB): 0.13
Forward/backward pass size (MB): 0.11
Params size (MB): 0.07
Estimated Total Size (MB): 0.31
======================================================================================================================================================
[2026-03-31 18:05:26] Initializing from 16s-60 pretrained checkpoint (Hugging Face):
[2026-03-31 18:05:26]   https://huggingface.co/braindecode/SignalJEPA/resolve/main/signal-jepa_16s-60_adeuwv4s.pth
[2026-03-31 18:05:26]   Downloaded 179 keys
[2026-03-31 18:05:26] ======================================================================
[2026-03-31 18:05:26] STARTING CROSS-VALIDATION
[2026-03-31 18:05:26] ======================================================================
[2026-03-31 18:05:26] Subjects:      [51]
[2026-03-31 18:05:26] CV folds:      5
[2026-03-31 18:05:26] Batch size:    16
[2026-03-31 18:05:26] Max epochs:    5000
[2026-03-31 18:05:26] Device:        cpu
[2026-03-31 18:05:26] Seed control:  True
[2026-03-31 18:05:26] Base seed:     110
[2026-03-31 18:05:26] ======================================================================

[2026-03-31 18:05:26] Subject 51: 100 windows class_counts=[25, 25, 25, 25]
[2026-03-31 18:05:26]   Fold 1 split seed: 111
[2026-03-31 18:05:26]   Fold 1 split class counts:
[2026-03-31 18:05:26]     train=[16, 16, 16, 16] val=[4, 4, 4, 4] test=[5, 5, 5, 5]
[2026-03-31 18:05:26]   Fold 2 split seed: 112
[2026-03-31 18:05:26]   Fold 2 split class counts:
[2026-03-31 18:05:26]     train=[16, 16, 16, 16] val=[4, 4, 4, 4] test=[5, 5, 5, 5]
[2026-03-31 18:05:26]   Fold 3 split seed: 113
[2026-03-31 18:05:26]   Fold 3 split class counts:
[2026-03-31 18:05:26]     train=[16, 16, 16, 16] val=[4, 4, 4, 4] test=[5, 5, 5, 5]
[2026-03-31 18:05:26]   Fold 4 split seed: 114
[2026-03-31 18:05:26]   Fold 4 split class counts:
[2026-03-31 18:05:26]     train=[16, 16, 16, 16] val=[4, 4, 4, 4] test=[5, 5, 5, 5]
[2026-03-31 18:05:26]   Fold 5 split seed: 115
[2026-03-31 18:05:26]   Fold 5 split class counts:
[2026-03-31 18:05:26]     train=[16, 16, 16, 16] val=[4, 4, 4, 4] test=[5, 5, 5, 5]
[2026-03-31 18:05:26]   Subject 51 Fold 1 seed: 5211
[2026-03-31 18:05:26]   Subject 51 Fold 1: n_train=64 n_val=16 n_test=20
[2026-03-31 18:05:26]     Train class counts: [16, 16, 16, 16]
[2026-03-31 18:05:26]     Val class counts:   [4, 4, 4, 4]
[2026-03-31 18:05:26]     Test class counts:  [5, 5, 5, 5]
[2026-03-31 18:05:26] Building model with input window duration: 4.1875 s
[2026-03-31 18:05:26] Pretrained weight loading:
[2026-03-31 18:05:26]   Downloaded keys:        179
[2026-03-31 18:05:26]   Filtered (transformer): 172
[2026-03-31 18:05:26]   Filtered (pos_encoder): 0
[2026-03-31 18:05:26]   Keys to load:           7
[2026-03-31 18:05:26]   Missing keys:           4
[2026-03-31 18:05:26]   Unexpected keys:        0
[2026-03-31 18:05:26]   Missing preview:        ['spatial_conv.1.weight', 'spatial_conv.1.bias', 'final_layer.1.weight', 'final_layer.1.bias']
[2026-03-31 18:05:26]   Unexpected preview:     []
[2026-03-31 18:05:26] Encoder freeze configuration:
[2026-03-31 18:05:26]   Total parameters:        18,192
[2026-03-31 18:05:26]   Trainable parameters:    4,352
[2026-03-31 18:05:26]   Training percentage:     23.9%
[2026-03-31 18:05:26]   Trainable layers: 4
[2026-03-31 18:05:26]     - final_layer.1.bias
[2026-03-31 18:05:26]     - final_layer.1.weight
[2026-03-31 18:05:26]     - spatial_conv.1.bias
[2026-03-31 18:05:26]     - spatial_conv.1.weight
[2026-03-31 18:05:26]     Train generator seeded: True
[2026-03-31 18:05:27]     Stopped epoch:            114
[2026-03-31 18:05:27]     Best epoch (valid_loss):  64
[2026-03-31 18:05:27]     Best valid_loss:          1.3847241401672363
[2026-03-31 18:05:27]     Test accuracy (primary):  0.3000
[2026-03-31 18:05:27]     Test balanced acc:        0.3000
[2026-03-31 18:05:27]     Confusion matrix:         [[4, 0, 0, 1], [2, 0, 2, 1], [4, 0, 0, 1], [2, 1, 0, 2]]
[2026-03-31 18:05:27]     Prediction histogram:     [12, 1, 2, 5]
[2026-03-31 18:05:27]     fold_acc=0.3000 fold_bal_acc=0.3000 cm=[[4, 0, 0, 1], [2, 0, 2, 1], [4, 0, 0, 1], [2, 1, 0, 2]]
[2026-03-31 18:05:27]   Subject 51 Fold 2 seed: 5212
[2026-03-31 18:05:27]   Subject 51 Fold 2: n_train=64 n_val=16 n_test=20
[2026-03-31 18:05:27]     Train class counts: [16, 16, 16, 16]
[2026-03-31 18:05:27]     Val class counts:   [4, 4, 4, 4]
[2026-03-31 18:05:27]     Test class counts:  [5, 5, 5, 5]
[2026-03-31 18:05:27] Building model with input window duration: 4.1875 s
[2026-03-31 18:05:27] Pretrained weight loading:
[2026-03-31 18:05:27]   Downloaded keys:        179
[2026-03-31 18:05:27]   Filtered (transformer): 172
[2026-03-31 18:05:27]   Filtered (pos_encoder): 0
[2026-03-31 18:05:27]   Keys to load:           7
[2026-03-31 18:05:27]   Missing keys:           4
[2026-03-31 18:05:27]   Unexpected keys:        0
[2026-03-31 18:05:27]   Missing preview:        ['spatial_conv.1.weight', 'spatial_conv.1.bias', 'final_layer.1.weight', 'final_layer.1.bias']
[2026-03-31 18:05:27]   Unexpected preview:     []
[2026-03-31 18:05:27] Encoder freeze configuration:
[2026-03-31 18:05:27]   Total parameters:        18,192
[2026-03-31 18:05:27]   Trainable parameters:    4,352
[2026-03-31 18:05:27]   Training percentage:     23.9%
[2026-03-31 18:05:27]   Trainable layers: 4
[2026-03-31 18:05:27]     - final_layer.1.bias
[2026-03-31 18:05:27]     - final_layer.1.weight
[2026-03-31 18:05:27]     - spatial_conv.1.bias
[2026-03-31 18:05:27]     - spatial_conv.1.weight
[2026-03-31 18:05:27]     Train generator seeded: True
[2026-03-31 18:05:28]     Stopped epoch:            69
[2026-03-31 18:05:28]     Best epoch (valid_loss):  19
[2026-03-31 18:05:28]     Best valid_loss:          1.3795865774154663
[2026-03-31 18:05:28]     Test accuracy (primary):  0.3500
[2026-03-31 18:05:28]     Test balanced acc:        0.3500
[2026-03-31 18:05:28]     Confusion matrix:         [[1, 1, 1, 2], [1, 1, 3, 0], [2, 1, 2, 0], [0, 1, 1, 3]]
[2026-03-31 18:05:28]     Prediction histogram:     [4, 4, 7, 5]
[2026-03-31 18:05:28]     fold_acc=0.3500 fold_bal_acc=0.3500 cm=[[1, 1, 1, 2], [1, 1, 3, 0], [2, 1, 2, 0], [0, 1, 1, 3]]
[2026-03-31 18:05:28]   Subject 51 Fold 3 seed: 5213
[2026-03-31 18:05:28]   Subject 51 Fold 3: n_train=64 n_val=16 n_test=20
[2026-03-31 18:05:28]     Train class counts: [16, 16, 16, 16]
[2026-03-31 18:05:28]     Val class counts:   [4, 4, 4, 4]
[2026-03-31 18:05:28]     Test class counts:  [5, 5, 5, 5]
[2026-03-31 18:05:28] Building model with input window duration: 4.1875 s
[2026-03-31 18:05:28] Pretrained weight loading:
[2026-03-31 18:05:28]   Downloaded keys:        179
[2026-03-31 18:05:28]   Filtered (transformer): 172
[2026-03-31 18:05:28]   Filtered (pos_encoder): 0
[2026-03-31 18:05:28]   Keys to load:           7
[2026-03-31 18:05:28]   Missing keys:           4
[2026-03-31 18:05:28]   Unexpected keys:        0
[2026-03-31 18:05:28]   Missing preview:        ['spatial_conv.1.weight', 'spatial_conv.1.bias', 'final_layer.1.weight', 'final_layer.1.bias']
[2026-03-31 18:05:28]   Unexpected preview:     []
[2026-03-31 18:05:28] Encoder freeze configuration:
[2026-03-31 18:05:28]   Total parameters:        18,192
[2026-03-31 18:05:28]   Trainable parameters:    4,352
[2026-03-31 18:05:28]   Training percentage:     23.9%
[2026-03-31 18:05:28]   Trainable layers: 4
[2026-03-31 18:05:28]     - final_layer.1.bias
[2026-03-31 18:05:28]     - final_layer.1.weight
[2026-03-31 18:05:28]     - spatial_conv.1.bias
[2026-03-31 18:05:28]     - spatial_conv.1.weight
[2026-03-31 18:05:28]     Train generator seeded: True
[2026-03-31 18:05:31]     Stopped epoch:            233
[2026-03-31 18:05:31]     Best epoch (valid_loss):  183
[2026-03-31 18:05:31]     Best valid_loss:          1.2494394779205322
[2026-03-31 18:05:31]     Test accuracy (primary):  0.4000
[2026-03-31 18:05:31]     Test balanced acc:        0.4000
[2026-03-31 18:05:31]     Confusion matrix:         [[2, 1, 0, 2], [0, 1, 3, 1], [0, 3, 2, 0], [1, 1, 0, 3]]
[2026-03-31 18:05:31]     Prediction histogram:     [3, 6, 5, 6]
[2026-03-31 18:05:31]     fold_acc=0.4000 fold_bal_acc=0.4000 cm=[[2, 1, 0, 2], [0, 1, 3, 1], [0, 3, 2, 0], [1, 1, 0, 3]]
[2026-03-31 18:05:31]   Subject 51 Fold 4 seed: 5214
[2026-03-31 18:05:31]   Subject 51 Fold 4: n_train=64 n_val=16 n_test=20
[2026-03-31 18:05:31]     Train class counts: [16, 16, 16, 16]
[2026-03-31 18:05:31]     Val class counts:   [4, 4, 4, 4]
[2026-03-31 18:05:31]     Test class counts:  [5, 5, 5, 5]
[2026-03-31 18:05:31] Building model with input window duration: 4.1875 s
[2026-03-31 18:05:31] Pretrained weight loading:
[2026-03-31 18:05:31]   Downloaded keys:        179
[2026-03-31 18:05:31]   Filtered (transformer): 172
[2026-03-31 18:05:31]   Filtered (pos_encoder): 0
[2026-03-31 18:05:31]   Keys to load:           7
[2026-03-31 18:05:31]   Missing keys:           4
[2026-03-31 18:05:31]   Unexpected keys:        0
[2026-03-31 18:05:31]   Missing preview:        ['spatial_conv.1.weight', 'spatial_conv.1.bias', 'final_layer.1.weight', 'final_layer.1.bias']
[2026-03-31 18:05:31]   Unexpected preview:     []
[2026-03-31 18:05:31] Encoder freeze configuration:
[2026-03-31 18:05:31]   Total parameters:        18,192
[2026-03-31 18:05:31]   Trainable parameters:    4,352
[2026-03-31 18:05:31]   Training percentage:     23.9%
[2026-03-31 18:05:31]   Trainable layers: 4
[2026-03-31 18:05:31]     - final_layer.1.bias
[2026-03-31 18:05:31]     - final_layer.1.weight
[2026-03-31 18:05:31]     - spatial_conv.1.bias
[2026-03-31 18:05:31]     - spatial_conv.1.weight
[2026-03-31 18:05:31]     Train generator seeded: True
[2026-03-31 18:05:33]     Stopped epoch:            126
[2026-03-31 18:05:33]     Best epoch (valid_loss):  76
[2026-03-31 18:05:33]     Best valid_loss:          1.3273037672042847
[2026-03-31 18:05:33]     Test accuracy (primary):  0.4500
[2026-03-31 18:05:33]     Test balanced acc:        0.4500
[2026-03-31 18:05:33]     Confusion matrix:         [[2, 3, 0, 0], [0, 3, 0, 2], [1, 1, 1, 2], [0, 1, 1, 3]]
[2026-03-31 18:05:33]     Prediction histogram:     [3, 8, 2, 7]
[2026-03-31 18:05:33]     fold_acc=0.4500 fold_bal_acc=0.4500 cm=[[2, 3, 0, 0], [0, 3, 0, 2], [1, 1, 1, 2], [0, 1, 1, 3]]
[2026-03-31 18:05:33]   Subject 51 Fold 5 seed: 5215
[2026-03-31 18:05:33]   Subject 51 Fold 5: n_train=64 n_val=16 n_test=20
[2026-03-31 18:05:33]     Train class counts: [16, 16, 16, 16]
[2026-03-31 18:05:33]     Val class counts:   [4, 4, 4, 4]
[2026-03-31 18:05:33]     Test class counts:  [5, 5, 5, 5]
[2026-03-31 18:05:33] Building model with input window duration: 4.1875 s
[2026-03-31 18:05:33] Pretrained weight loading:
[2026-03-31 18:05:33]   Downloaded keys:        179
[2026-03-31 18:05:33]   Filtered (transformer): 172
[2026-03-31 18:05:33]   Filtered (pos_encoder): 0
[2026-03-31 18:05:33]   Keys to load:           7
[2026-03-31 18:05:33]   Missing keys:           4
[2026-03-31 18:05:33]   Unexpected keys:        0
[2026-03-31 18:05:33]   Missing preview:        ['spatial_conv.1.weight', 'spatial_conv.1.bias', 'final_layer.1.weight', 'final_layer.1.bias']
[2026-03-31 18:05:33]   Unexpected preview:     []
[2026-03-31 18:05:33] Encoder freeze configuration:
[2026-03-31 18:05:33]   Total parameters:        18,192
[2026-03-31 18:05:33]   Trainable parameters:    4,352
[2026-03-31 18:05:33]   Training percentage:     23.9%
[2026-03-31 18:05:33]   Trainable layers: 4
[2026-03-31 18:05:33]     - final_layer.1.bias
[2026-03-31 18:05:33]     - final_layer.1.weight
[2026-03-31 18:05:33]     - spatial_conv.1.bias
[2026-03-31 18:05:33]     - spatial_conv.1.weight
[2026-03-31 18:05:33]     Train generator seeded: True
[2026-03-31 18:05:35]     Stopped epoch:            184
[2026-03-31 18:05:35]     Best epoch (valid_loss):  134
[2026-03-31 18:05:35]     Best valid_loss:          1.2145494222640991
[2026-03-31 18:05:35]     Test accuracy (primary):  0.3000
[2026-03-31 18:05:35]     Test balanced acc:        0.3000
[2026-03-31 18:05:35]     Confusion matrix:         [[0, 2, 3, 0], [1, 1, 1, 2], [1, 0, 3, 1], [0, 2, 1, 2]]
[2026-03-31 18:05:35]     Prediction histogram:     [2, 5, 8, 5]
[2026-03-31 18:05:35]     fold_acc=0.3000 fold_bal_acc=0.3000 cm=[[0, 2, 3, 0], [1, 1, 1, 2], [1, 0, 3, 1], [0, 2, 1, 2]]
[2026-03-31 18:05:35]   Subject 51 mean accuracy: 0.3600

[2026-03-31 18:05:35] Total folds completed: 5
[2026-03-31 18:05:35] ======================================================================
[2026-03-31 18:05:35] AGGREGATED RESULTS
[2026-03-31 18:05:35] ======================================================================
[2026-03-31 18:05:35]   Subject 51:  acc=0.3600±0.0583  bal_acc=0.3600±0.0583
[2026-03-31 18:05:35] ----------------------------------------------------------------------
[2026-03-31 18:05:35]   OVERALL:      acc=0.3600±0.0583  bal_acc=0.3600±0.0583
[2026-03-31 18:05:35] ======================================================================
[2026-03-31 18:05:35] CV results saved to:      /home/vegorov/Repos/eeg_jepa_research/artifacts/lee-2019-fine-tuning/SSVEP/20260331_1805_3653bcb3/cv_results.json
[2026-03-31 18:05:35] Subject metrics saved to: /home/vegorov/Repos/eeg_jepa_research/artifacts/lee-2019-fine-tuning/SSVEP/20260331_1805_3653bcb3/subject_metrics.json
[2026-03-31 18:05:35] Global metrics saved to:  /home/vegorov/Repos/eeg_jepa_research/artifacts/lee-2019-fine-tuning/SSVEP/20260331_1805_3653bcb3/global_metrics.json
[2026-03-31 18:05:35] Run metadata saved to:    /home/vegorov/Repos/eeg_jepa_research/artifacts/lee-2019-fine-tuning/SSVEP/20260331_1805_3653bcb3/run_metadata.json

[2026-03-31 18:05:35] All artifacts in: /home/vegorov/Repos/eeg_jepa_research/artifacts/lee-2019-fine-tuning/SSVEP/20260331_1805_3653bcb3

[2026-03-31 18:05:35] ======================================================================
[2026-03-31 18:05:35] EXPERIMENT SUMMARY
[2026-03-31 18:05:35] ======================================================================
[2026-03-31 18:05:35] Run ID:    20260331_1805_3653bcb3
[2026-03-31 18:05:35] Artifacts: /home/vegorov/Repos/eeg_jepa_research/artifacts/lee-2019-fine-tuning/SSVEP/20260331_1805_3653bcb3

[2026-03-31 18:05:35] Configuration:
[2026-03-31 18:05:35]   Subjects:          [51]
[2026-03-31 18:05:35]   Bandpass:          0.5-40.0 Hz
[2026-03-31 18:05:35]   Resample:          128 Hz
[2026-03-31 18:05:35]   CV folds:          5
[2026-03-31 18:05:35]   Learning rate:     0.001
[2026-03-31 18:05:35]   Batch size:        16
[2026-03-31 18:05:35]   Max epochs:        5000

[2026-03-31 18:05:35] Results:
[2026-03-31 18:05:35]   Mean Accuracy:          0.3600 ± 0.0583
[2026-03-31 18:05:35]   Mean Balanced Accuracy: 0.3600 ± 0.0583
