[2026-04-01 09:53:13] Using device: cpu
[2026-04-01 09:53:13] Seed control enabled: True
[2026-04-01 09:53:13] Base seed: 2004
[2026-04-01 09:53:13] Seed initialized: 2004
[2026-04-01 09:53:13] ======================================================================
[2026-04-01 09:53:13] CONFIGURATION
[2026-04-01 09:53:13] ======================================================================
[2026-04-01 09:53:13]   artifact_dir: /home/vegorov/Repos/eeg_jepa_research/artifacts/lee-2019-fine-tuning
[2026-04-01 09:53:13]   bandpass_high: 40.0
[2026-04-01 09:53:13]   bandpass_low: 0.5
[2026-04-01 09:53:13]   batch_size: 32
[2026-04-01 09:53:13]   convert_to_uV: True
[2026-04-01 09:53:13]   cv_folds: 5
[2026-04-01 09:53:13]   device: auto
[2026-04-01 09:53:13]   early_stopping_patience: 50
[2026-04-01 09:53:13]   learning_rate: 0.0008
[2026-04-01 09:53:13]   n_epochs: 5000
[2026-04-01 09:53:13]   normalization_method: None
[2026-04-01 09:53:13]   normalize: False
[2026-04-01 09:53:13]   paradigm: SSVEP
[2026-04-01 09:53:13]   pretrained_url: https://huggingface.co/braindecode/SignalJEPA/resolve/main/signal-jepa_16s-60_adeuwv4s.pth
[2026-04-01 09:53:13]   seed: 2004
[2026-04-01 09:53:13]   set_seed: True
[2026-04-01 09:53:13]   sfreq: 128
[2026-04-01 09:53:13]   subjects_to_use: [51]
[2026-04-01 09:53:13]   val_split: 0.2
[2026-04-01 09:53:13] ======================================================================
[2026-04-01 09:53:13] Config saved to: /home/vegorov/Repos/eeg_jepa_research/artifacts/lee-2019-fine-tuning/SSVEP/20260401_0953_5d1f459f/config.json
[2026-04-01 09:53:13] Epoch window configuration:
[2026-04-01 09:53:13]   Target sfreq:                128 Hz
[2026-04-01 09:53:13]   Target duration:             4.190000 s
[2026-04-01 09:53:13]   Window samples (rounded):    536
[2026-04-01 09:53:13]   Base trial samples (4.0 s):  512
[2026-04-01 09:53:13]   Trial stop offset samples:   24
[2026-04-01 09:53:13]   Effective window duration:   4.187500 s
[2026-04-01 09:53:13] Using specified subjects from config: [51]
[2026-04-01 09:53:13] Selected subjects: [51]
[2026-04-01 09:53:13] Expected evaluation folds: 5

[2026-04-01 09:53:13] Building MOABBDataset for Lee2019_SSVEP...
[2026-04-01 09:53:22] MOABBDataset recordings loaded: 1
[2026-04-01 09:53:22] Discovered annotation descriptions (first recording): [np.str_('12.0'), np.str_('5.45'), np.str_('6.67'), np.str_('8.57')]
[2026-04-01 09:53:22] Dataset event_id mapping: {'12.0': 1, '8.57': 2, '6.67': 3, '5.45': 4}
[2026-04-01 09:53:22] Label map (event_code -> class_index): {1: 0, 2: 1, 3: 2, 4: 3}
[2026-04-01 09:53:22] Applying Braindecode preprocessors to MOABBDataset...
[2026-04-01 09:53:25] Preprocessing complete.

[2026-04-01 09:53:25] Post-preprocessing validation
[2026-04-01 09:53:25]   Recordings in DATASET: 1
[2026-04-01 09:53:25]   Unique subject IDs:    ['51']
[2026-04-01 09:53:25]   sfreq (first rec):     128.0 Hz
[2026-04-01 09:53:25]   EEG channel count:     62
[2026-04-01 09:53:25]   First 10 channels:     ['Fp1', 'Fp2', 'F7', 'F3', 'Fz', 'F4', 'F8', 'FC5', 'FC1', 'FC2']
[2026-04-01 09:53:25] Channel consistency summary:
[2026-04-01 09:53:25]   Checked runs: 1
[2026-04-01 09:53:25]   Unique channel counts: [62]
[2026-04-01 09:53:25]   Channel order consistent: True
[2026-04-01 09:53:25] Validated EEG channels: 62
[2026-04-01 09:53:25] First 10 EEG channels: ['Fp1', 'Fp2', 'F7', 'F3', 'Fz', 'F4', 'F8', 'FC5', 'FC1', 'FC2']
[2026-04-01 09:53:25] raw mean_abs=8.654730e+00
[2026-04-01 09:53:25] raw std=3.494582e+01
[2026-04-01 09:53:25] raw first5 channel std= [46.22404553 54.63339771 16.95830183 13.82897057 11.24366025]
[2026-04-01 09:53:25] Requested window samples: 536
[2026-04-01 09:53:25] Base trial samples:       512
[2026-04-01 09:53:25] Stop offset samples:      24
[2026-04-01 09:53:25] Global class counts: [25, 25, 25, 25]
[2026-04-01 09:53:25] Chance level (4-class): 0.25
[2026-04-01 09:53:25] One window shape: (62, 536)
[2026-04-01 09:53:25] One window label: 1
[2026-04-01 09:53:25] Window sample length expected=536, got=536
[2026-04-01 09:53:25] Subjects in window split: [51]
[2026-04-01 09:53:25] Summarizing per-subject windows...
[2026-04-01 09:53:25]   Subject 51: n_windows=100, window_shape=(62, 536), class_counts=[25, 25, 25, 25]
[2026-04-01 09:53:25]    subject_id  n_windows  n_channels  n_times      class_counts
0          51        100          62      536  [25, 25, 25, 25]
[2026-04-01 09:53:25] Window validation summary:
[2026-04-01 09:53:25]   Subject 51: n_windows=100 class_counts=[25, 25, 25, 25]

[2026-04-01 09:53:25] Validated sampling rate target: 128 Hz
[2026-04-01 09:53:25] Validated window sample count:   536
[2026-04-01 09:53:25] Validated window duration:       4.1875 s
[2026-04-01 09:53:25] Validated channel count:         62
[2026-04-01 09:53:25] Total windows retained:          100
[2026-04-01 09:53:25] Preprocessing sanity checks:
[2026-04-01 09:53:25]   One sample label: 1
[2026-04-01 09:53:25]   One sample shape: (62, 536)
[2026-04-01 09:53:25]   Mean(abs(signal)): 4.094026e+00
[2026-04-01 09:53:25]   Mean(signal):      7.346552e-09
[2026-04-01 09:53:25]   Std(signal):       5.860601e+00
[2026-04-01 09:53:25] Building model with input window duration: 4.1875 s
[2026-04-01 09:53:25] SignalJEPA_PreLocal instantiated successfully.
[2026-04-01 09:53:25]   Total parameters:     18,192
[2026-04-01 09:53:25]   Trainable parameters: 18,192
[2026-04-01 09:53:25] ======================================================================================================================================================
Layer (type (var_name):depth-idx)                  Input Shape               Output Shape              Param #                   Kernel Shape
======================================================================================================================================================
SignalJEPA_PreLocal (SignalJEPA_PreLocal)          [1, 62, 536]              [1, 4]                    --                        --
├─Sequential (spatial_conv): 1-1                   [1, 62, 536]              [1, 4, 536]               --                        --
│    └─Rearrange (0): 2-1                          [1, 62, 536]              [1, 1, 62, 536]           --                        --
│    └─Conv2d (1): 2-2                             [1, 1, 62, 536]           [1, 4, 1, 536]            252                       [62, 1]
│    └─Rearrange (2): 2-3                          [1, 4, 1, 536]            [1, 4, 536]               --                        --
├─_ConvFeatureEncoder (feature_encoder): 1-2       [1, 4, 536]               [1, 16, 64]               --                        --
│    └─Rearrange (0): 2-4                          [1, 4, 536]               [4, 1, 536]               --                        --
│    └─Sequential (1): 2-5                         [4, 1, 536]               [4, 8, 64]                --                        --
│    │    └─Conv1d (0): 3-1                        [4, 1, 536]               [4, 8, 64]                256                       [32]
│    │    └─Dropout (1): 3-2                       [4, 8, 64]                [4, 8, 64]                --                        --
│    │    └─GroupNorm (2): 3-3                     [4, 8, 64]                [4, 8, 64]                16                        --
│    │    └─GELU (3): 3-4                          [4, 8, 64]                [4, 8, 64]                --                        --
│    └─Sequential (2): 2-6                         [4, 8, 64]                [4, 16, 32]               --                        --
│    │    └─Conv1d (0): 3-5                        [4, 8, 64]                [4, 16, 32]               256                       [2]
│    │    └─Dropout (1): 3-6                       [4, 16, 32]               [4, 16, 32]               --                        --
│    │    └─GELU (2): 3-7                          [4, 16, 32]               [4, 16, 32]               --                        --
│    └─Sequential (3): 2-7                         [4, 16, 32]               [4, 32, 16]               --                        --
│    │    └─Conv1d (0): 3-8                        [4, 16, 32]               [4, 32, 16]               1,024                     [2]
│    │    └─Dropout (1): 3-9                       [4, 32, 16]               [4, 32, 16]               --                        --
│    │    └─GELU (2): 3-10                         [4, 32, 16]               [4, 32, 16]               --                        --
│    └─Sequential (4): 2-8                         [4, 32, 16]               [4, 64, 8]                --                        --
│    │    └─Conv1d (0): 3-11                       [4, 32, 16]               [4, 64, 8]                4,096                     [2]
│    │    └─Dropout (1): 3-12                      [4, 64, 8]                [4, 64, 8]                --                        --
│    │    └─GELU (2): 3-13                         [4, 64, 8]                [4, 64, 8]                --                        --
│    └─Sequential (5): 2-9                         [4, 64, 8]                [4, 64, 4]                --                        --
│    │    └─Conv1d (0): 3-14                       [4, 64, 8]                [4, 64, 4]                8,192                     [2]
│    │    └─Dropout (1): 3-15                      [4, 64, 4]                [4, 64, 4]                --                        --
│    │    └─GELU (2): 3-16                         [4, 64, 4]                [4, 64, 4]                --                        --
│    └─Rearrange (6): 2-10                         [4, 64, 4]                [1, 16, 64]               --                        --
├─Sequential (final_layer): 1-3                    [1, 16, 64]               [1, 4]                    --                        --
│    └─Flatten (0): 2-11                           [1, 16, 64]               [1, 1024]                 --                        --
│    └─Linear (1): 2-12                            [1, 1024]                 [1, 4]                    4,100                     --
======================================================================================================================================================
Total params: 18,192
Trainable params: 18,192
Non-trainable params: 0
Total mult-adds (Units.MEGABYTES): 0.57
======================================================================================================================================================
Input size (MB): 0.13
Forward/backward pass size (MB): 0.11
Params size (MB): 0.07
Estimated Total Size (MB): 0.31
======================================================================================================================================================
[2026-04-01 09:53:25] Initializing from 16s-60 pretrained checkpoint (Hugging Face):
[2026-04-01 09:53:25]   https://huggingface.co/braindecode/SignalJEPA/resolve/main/signal-jepa_16s-60_adeuwv4s.pth
[2026-04-01 09:53:25]   Downloaded 179 keys
[2026-04-01 09:53:25] ======================================================================
[2026-04-01 09:53:25] STARTING CROSS-VALIDATION
[2026-04-01 09:53:25] ======================================================================
[2026-04-01 09:53:25] Subjects:      [51]
[2026-04-01 09:53:25] CV folds:      5
[2026-04-01 09:53:25] Batch size:    32
[2026-04-01 09:53:25] Max epochs:    5000
[2026-04-01 09:53:25] Device:        cpu
[2026-04-01 09:53:25] Seed control:  True
[2026-04-01 09:53:25] Base seed:     2004
[2026-04-01 09:53:25] ======================================================================

[2026-04-01 09:53:25] Subject 51: 100 windows class_counts=[25, 25, 25, 25]
[2026-04-01 09:53:25]   Fold 1 split seed: 2005
[2026-04-01 09:53:25]   Fold 1 split class counts:
[2026-04-01 09:53:25]     train=[16, 16, 16, 16] val=[4, 4, 4, 4] test=[5, 5, 5, 5]
[2026-04-01 09:53:25]   Fold 2 split seed: 2006
[2026-04-01 09:53:25]   Fold 2 split class counts:
[2026-04-01 09:53:25]     train=[16, 16, 16, 16] val=[4, 4, 4, 4] test=[5, 5, 5, 5]
[2026-04-01 09:53:25]   Fold 3 split seed: 2007
[2026-04-01 09:53:25]   Fold 3 split class counts:
[2026-04-01 09:53:25]     train=[16, 16, 16, 16] val=[4, 4, 4, 4] test=[5, 5, 5, 5]
[2026-04-01 09:53:25]   Fold 4 split seed: 2008
[2026-04-01 09:53:25]   Fold 4 split class counts:
[2026-04-01 09:53:25]     train=[16, 16, 16, 16] val=[4, 4, 4, 4] test=[5, 5, 5, 5]
[2026-04-01 09:53:25]   Fold 5 split seed: 2009
[2026-04-01 09:53:25]   Fold 5 split class counts:
[2026-04-01 09:53:25]     train=[16, 16, 16, 16] val=[4, 4, 4, 4] test=[5, 5, 5, 5]
[2026-04-01 09:53:25]   Subject 51 Fold 1 seed: 7105
[2026-04-01 09:53:25]   Subject 51 Fold 1: n_train=64 n_val=16 n_test=20
[2026-04-01 09:53:25]     Train class counts: [16, 16, 16, 16]
[2026-04-01 09:53:25]     Val class counts:   [4, 4, 4, 4]
[2026-04-01 09:53:25]     Test class counts:  [5, 5, 5, 5]
[2026-04-01 09:53:25] Building model with input window duration: 4.1875 s
[2026-04-01 09:53:25] Pretrained weight loading:
[2026-04-01 09:53:25]   Downloaded keys:        179
[2026-04-01 09:53:25]   Filtered (transformer): 172
[2026-04-01 09:53:25]   Filtered (pos_encoder): 0
[2026-04-01 09:53:25]   Keys to load:           7
[2026-04-01 09:53:25]   Missing keys:           4
[2026-04-01 09:53:25]   Unexpected keys:        0
[2026-04-01 09:53:25]   Missing preview:        ['spatial_conv.1.weight', 'spatial_conv.1.bias', 'final_layer.1.weight', 'final_layer.1.bias']
[2026-04-01 09:53:25]   Unexpected preview:     []
[2026-04-01 09:53:25] Encoder freeze configuration:
[2026-04-01 09:53:25]   Total parameters:        18,192
[2026-04-01 09:53:25]   Trainable parameters:    4,352
[2026-04-01 09:53:25]   Training percentage:     23.9%
[2026-04-01 09:53:25]   Trainable layers: 4
[2026-04-01 09:53:25]     - final_layer.1.bias
[2026-04-01 09:53:25]     - final_layer.1.weight
[2026-04-01 09:53:25]     - spatial_conv.1.bias
[2026-04-01 09:53:25]     - spatial_conv.1.weight
[2026-04-01 09:53:25]     Train generator seeded: True
[2026-04-01 09:53:26]     Stopped epoch:            51
[2026-04-01 09:53:26]     Best epoch (valid_loss):  1
[2026-04-01 09:53:26]     Best valid_loss:          1.386406421661377
[2026-04-01 09:53:26]     Test accuracy (primary):  0.2500
[2026-04-01 09:53:26]     Test balanced acc:        0.2500
[2026-04-01 09:53:26]     Confusion matrix:         [[0, 3, 0, 2], [0, 3, 0, 2], [0, 3, 0, 2], [0, 3, 0, 2]]
[2026-04-01 09:53:26]     Prediction histogram:     [0, 12, 0, 8]
[2026-04-01 09:53:26]     fold_acc=0.2500 fold_bal_acc=0.2500 cm=[[0, 3, 0, 2], [0, 3, 0, 2], [0, 3, 0, 2], [0, 3, 0, 2]]
[2026-04-01 09:53:26]   Subject 51 Fold 2 seed: 7106
[2026-04-01 09:53:26]   Subject 51 Fold 2: n_train=64 n_val=16 n_test=20
[2026-04-01 09:53:26]     Train class counts: [16, 16, 16, 16]
[2026-04-01 09:53:26]     Val class counts:   [4, 4, 4, 4]
[2026-04-01 09:53:26]     Test class counts:  [5, 5, 5, 5]
[2026-04-01 09:53:26] Building model with input window duration: 4.1875 s
[2026-04-01 09:53:26] Pretrained weight loading:
[2026-04-01 09:53:26]   Downloaded keys:        179
[2026-04-01 09:53:26]   Filtered (transformer): 172
[2026-04-01 09:53:26]   Filtered (pos_encoder): 0
[2026-04-01 09:53:26]   Keys to load:           7
[2026-04-01 09:53:26]   Missing keys:           4
[2026-04-01 09:53:26]   Unexpected keys:        0
[2026-04-01 09:53:26]   Missing preview:        ['spatial_conv.1.weight', 'spatial_conv.1.bias', 'final_layer.1.weight', 'final_layer.1.bias']
[2026-04-01 09:53:26]   Unexpected preview:     []
[2026-04-01 09:53:26] Encoder freeze configuration:
[2026-04-01 09:53:26]   Total parameters:        18,192
[2026-04-01 09:53:26]   Trainable parameters:    4,352
[2026-04-01 09:53:26]   Training percentage:     23.9%
[2026-04-01 09:53:26]   Trainable layers: 4
[2026-04-01 09:53:26]     - final_layer.1.bias
[2026-04-01 09:53:26]     - final_layer.1.weight
[2026-04-01 09:53:26]     - spatial_conv.1.bias
[2026-04-01 09:53:26]     - spatial_conv.1.weight
[2026-04-01 09:53:26]     Train generator seeded: True
[2026-04-01 09:53:37]     Stopped epoch:            1228
[2026-04-01 09:53:37]     Best epoch (valid_loss):  1178
[2026-04-01 09:53:37]     Best valid_loss:          1.2104973793029785
[2026-04-01 09:53:37]     Test accuracy (primary):  0.4500
[2026-04-01 09:53:37]     Test balanced acc:        0.4500
[2026-04-01 09:53:37]     Confusion matrix:         [[2, 0, 0, 3], [2, 1, 1, 1], [0, 1, 4, 0], [1, 1, 1, 2]]
[2026-04-01 09:53:37]     Prediction histogram:     [5, 3, 6, 6]
[2026-04-01 09:53:37]     fold_acc=0.4500 fold_bal_acc=0.4500 cm=[[2, 0, 0, 3], [2, 1, 1, 1], [0, 1, 4, 0], [1, 1, 1, 2]]
[2026-04-01 09:53:37]   Subject 51 Fold 3 seed: 7107
[2026-04-01 09:53:37]   Subject 51 Fold 3: n_train=64 n_val=16 n_test=20
[2026-04-01 09:53:37]     Train class counts: [16, 16, 16, 16]
[2026-04-01 09:53:37]     Val class counts:   [4, 4, 4, 4]
[2026-04-01 09:53:37]     Test class counts:  [5, 5, 5, 5]
[2026-04-01 09:53:37] Building model with input window duration: 4.1875 s
[2026-04-01 09:53:37] Pretrained weight loading:
[2026-04-01 09:53:37]   Downloaded keys:        179
[2026-04-01 09:53:37]   Filtered (transformer): 172
[2026-04-01 09:53:37]   Filtered (pos_encoder): 0
[2026-04-01 09:53:37]   Keys to load:           7
[2026-04-01 09:53:37]   Missing keys:           4
[2026-04-01 09:53:37]   Unexpected keys:        0
[2026-04-01 09:53:37]   Missing preview:        ['spatial_conv.1.weight', 'spatial_conv.1.bias', 'final_layer.1.weight', 'final_layer.1.bias']
[2026-04-01 09:53:37]   Unexpected preview:     []
[2026-04-01 09:53:37] Encoder freeze configuration:
[2026-04-01 09:53:37]   Total parameters:        18,192
[2026-04-01 09:53:37]   Trainable parameters:    4,352
[2026-04-01 09:53:37]   Training percentage:     23.9%
[2026-04-01 09:53:37]   Trainable layers: 4
[2026-04-01 09:53:37]     - final_layer.1.bias
[2026-04-01 09:53:37]     - final_layer.1.weight
[2026-04-01 09:53:37]     - spatial_conv.1.bias
[2026-04-01 09:53:37]     - spatial_conv.1.weight
[2026-04-01 09:53:37]     Train generator seeded: True
[2026-04-01 09:53:37]     Stopped epoch:            74
[2026-04-01 09:53:37]     Best epoch (valid_loss):  27
[2026-04-01 09:53:37]     Best valid_loss:          1.3793364763259888
[2026-04-01 09:53:37]     Test accuracy (primary):  0.1500
[2026-04-01 09:53:37]     Test balanced acc:        0.1500
[2026-04-01 09:53:37]     Confusion matrix:         [[2, 1, 0, 2], [1, 1, 2, 1], [4, 0, 0, 1], [2, 3, 0, 0]]
[2026-04-01 09:53:37]     Prediction histogram:     [9, 5, 2, 4]
[2026-04-01 09:53:37]     fold_acc=0.1500 fold_bal_acc=0.1500 cm=[[2, 1, 0, 2], [1, 1, 2, 1], [4, 0, 0, 1], [2, 3, 0, 0]]
[2026-04-01 09:53:37]   Subject 51 Fold 4 seed: 7108
[2026-04-01 09:53:37]   Subject 51 Fold 4: n_train=64 n_val=16 n_test=20
[2026-04-01 09:53:37]     Train class counts: [16, 16, 16, 16]
[2026-04-01 09:53:37]     Val class counts:   [4, 4, 4, 4]
[2026-04-01 09:53:37]     Test class counts:  [5, 5, 5, 5]
[2026-04-01 09:53:37] Building model with input window duration: 4.1875 s
[2026-04-01 09:53:37] Pretrained weight loading:
[2026-04-01 09:53:37]   Downloaded keys:        179
[2026-04-01 09:53:37]   Filtered (transformer): 172
[2026-04-01 09:53:37]   Filtered (pos_encoder): 0
[2026-04-01 09:53:37]   Keys to load:           7
[2026-04-01 09:53:37]   Missing keys:           4
[2026-04-01 09:53:37]   Unexpected keys:        0
[2026-04-01 09:53:37]   Missing preview:        ['spatial_conv.1.weight', 'spatial_conv.1.bias', 'final_layer.1.weight', 'final_layer.1.bias']
[2026-04-01 09:53:37]   Unexpected preview:     []
[2026-04-01 09:53:37] Encoder freeze configuration:
[2026-04-01 09:53:37]   Total parameters:        18,192
[2026-04-01 09:53:37]   Trainable parameters:    4,352
[2026-04-01 09:53:37]   Training percentage:     23.9%
[2026-04-01 09:53:37]   Trainable layers: 4
[2026-04-01 09:53:37]     - final_layer.1.bias
[2026-04-01 09:53:37]     - final_layer.1.weight
[2026-04-01 09:53:37]     - spatial_conv.1.bias
[2026-04-01 09:53:37]     - spatial_conv.1.weight
[2026-04-01 09:53:37]     Train generator seeded: True
[2026-04-01 09:53:38]     Stopped epoch:            61
[2026-04-01 09:53:38]     Best epoch (valid_loss):  15
[2026-04-01 09:53:38]     Best valid_loss:          1.3844475746154785
[2026-04-01 09:53:38]     Test accuracy (primary):  0.1500
[2026-04-01 09:53:38]     Test balanced acc:        0.1500
[2026-04-01 09:53:38]     Confusion matrix:         [[0, 0, 0, 5], [1, 0, 2, 2], [1, 0, 0, 4], [0, 0, 2, 3]]
[2026-04-01 09:53:38]     Prediction histogram:     [2, 0, 4, 14]
[2026-04-01 09:53:38]     fold_acc=0.1500 fold_bal_acc=0.1500 cm=[[0, 0, 0, 5], [1, 0, 2, 2], [1, 0, 0, 4], [0, 0, 2, 3]]
[2026-04-01 09:53:38]   Subject 51 Fold 5 seed: 7109
[2026-04-01 09:53:38]   Subject 51 Fold 5: n_train=64 n_val=16 n_test=20
[2026-04-01 09:53:38]     Train class counts: [16, 16, 16, 16]
[2026-04-01 09:53:38]     Val class counts:   [4, 4, 4, 4]
[2026-04-01 09:53:38]     Test class counts:  [5, 5, 5, 5]
[2026-04-01 09:53:38] Building model with input window duration: 4.1875 s
[2026-04-01 09:53:38] Pretrained weight loading:
[2026-04-01 09:53:38]   Downloaded keys:        179
[2026-04-01 09:53:38]   Filtered (transformer): 172
[2026-04-01 09:53:38]   Filtered (pos_encoder): 0
[2026-04-01 09:53:38]   Keys to load:           7
[2026-04-01 09:53:38]   Missing keys:           4
[2026-04-01 09:53:38]   Unexpected keys:        0
[2026-04-01 09:53:38]   Missing preview:        ['spatial_conv.1.weight', 'spatial_conv.1.bias', 'final_layer.1.weight', 'final_layer.1.bias']
[2026-04-01 09:53:38]   Unexpected preview:     []
[2026-04-01 09:53:38] Encoder freeze configuration:
[2026-04-01 09:53:38]   Total parameters:        18,192
[2026-04-01 09:53:38]   Trainable parameters:    4,352
[2026-04-01 09:53:38]   Training percentage:     23.9%
[2026-04-01 09:53:38]   Trainable layers: 4
[2026-04-01 09:53:38]     - final_layer.1.bias
[2026-04-01 09:53:38]     - final_layer.1.weight
[2026-04-01 09:53:38]     - spatial_conv.1.bias
[2026-04-01 09:53:38]     - spatial_conv.1.weight
[2026-04-01 09:53:38]     Train generator seeded: True
[2026-04-01 09:53:38]     Stopped epoch:            51
[2026-04-01 09:53:38]     Best epoch (valid_loss):  1
[2026-04-01 09:53:38]     Best valid_loss:          1.3881746530532837
[2026-04-01 09:53:38]     Test accuracy (primary):  0.2500
[2026-04-01 09:53:38]     Test balanced acc:        0.2500
[2026-04-01 09:53:38]     Confusion matrix:         [[5, 0, 0, 0], [5, 0, 0, 0], [5, 0, 0, 0], [5, 0, 0, 0]]
[2026-04-01 09:53:38]     Prediction histogram:     [20, 0, 0, 0]
[2026-04-01 09:53:38]     fold_acc=0.2500 fold_bal_acc=0.2500 cm=[[5, 0, 0, 0], [5, 0, 0, 0], [5, 0, 0, 0], [5, 0, 0, 0]]
[2026-04-01 09:53:38]   Subject 51 mean accuracy: 0.2500

[2026-04-01 09:53:38] Total folds completed: 5
[2026-04-01 09:53:38] ======================================================================
[2026-04-01 09:53:38] AGGREGATED RESULTS
[2026-04-01 09:53:38] ======================================================================
[2026-04-01 09:53:38]   Subject 51:  acc=0.2500±0.1095  bal_acc=0.2500±0.1095
[2026-04-01 09:53:38] ----------------------------------------------------------------------
[2026-04-01 09:53:38]   OVERALL:      acc=0.2500±0.1095  bal_acc=0.2500±0.1095
[2026-04-01 09:53:38] ======================================================================
[2026-04-01 09:53:38] CV results saved to:      /home/vegorov/Repos/eeg_jepa_research/artifacts/lee-2019-fine-tuning/SSVEP/20260401_0953_5d1f459f/cv_results.json
[2026-04-01 09:53:38] Subject metrics saved to: /home/vegorov/Repos/eeg_jepa_research/artifacts/lee-2019-fine-tuning/SSVEP/20260401_0953_5d1f459f/subject_metrics.json
[2026-04-01 09:53:38] Global metrics saved to:  /home/vegorov/Repos/eeg_jepa_research/artifacts/lee-2019-fine-tuning/SSVEP/20260401_0953_5d1f459f/global_metrics.json
[2026-04-01 09:53:38] Run metadata saved to:    /home/vegorov/Repos/eeg_jepa_research/artifacts/lee-2019-fine-tuning/SSVEP/20260401_0953_5d1f459f/run_metadata.json

[2026-04-01 09:53:38] All artifacts in: /home/vegorov/Repos/eeg_jepa_research/artifacts/lee-2019-fine-tuning/SSVEP/20260401_0953_5d1f459f

[2026-04-01 09:53:38] ======================================================================
[2026-04-01 09:53:38] EXPERIMENT SUMMARY
[2026-04-01 09:53:38] ======================================================================
[2026-04-01 09:53:38] Run ID:    20260401_0953_5d1f459f
[2026-04-01 09:53:38] Artifacts: /home/vegorov/Repos/eeg_jepa_research/artifacts/lee-2019-fine-tuning/SSVEP/20260401_0953_5d1f459f

[2026-04-01 09:53:38] Configuration:
[2026-04-01 09:53:38]   Subjects:          [51]
[2026-04-01 09:53:38]   Bandpass:          0.5-40.0 Hz
[2026-04-01 09:53:38]   Resample:          128 Hz
[2026-04-01 09:53:38]   CV folds:          5
[2026-04-01 09:53:38]   Learning rate:     0.0008
[2026-04-01 09:53:38]   Batch size:        32
[2026-04-01 09:53:38]   Max epochs:        5000

[2026-04-01 09:53:38] Results:
[2026-04-01 09:53:38]   Mean Accuracy:          0.2500 ± 0.1095
[2026-04-01 09:53:38]   Mean Balanced Accuracy: 0.2500 ± 0.1095
