[2026-04-04 12:22:45] Using device: mps
[2026-04-04 12:22:45] Seed control enabled: True
[2026-04-04 12:22:45] Base seed: 6103
[2026-04-04 12:22:46] Seed initialized: 6103
[2026-04-04 12:22:46] ======================================================================
[2026-04-04 12:22:46] CONFIGURATION
[2026-04-04 12:22:46] ======================================================================
[2026-04-04 12:22:46]   artifact_dir: /Users/vadim/Documents/School/Spring 2026/CSCE A698 Individual Research/EEG_JEPA/artifacts/lee-2019-fine-tuning
[2026-04-04 12:22:46]   bandpass_high: 40.0
[2026-04-04 12:22:46]   bandpass_low: 0.5
[2026-04-04 12:22:46]   batch_size: 16
[2026-04-04 12:22:46]   convert_to_uV: True
[2026-04-04 12:22:46]   criterion: None
[2026-04-04 12:22:46]   cv_folds: 5
[2026-04-04 12:22:46]   device: auto
[2026-04-04 12:22:46]   early_stopping_patience: 50
[2026-04-04 12:22:46]   learning_rate: 0.001
[2026-04-04 12:22:46]   n_epochs: 5000
[2026-04-04 12:22:46]   normalization_method: None
[2026-04-04 12:22:46]   normalize: False
[2026-04-04 12:22:46]   optimizer: Adam
[2026-04-04 12:22:46]   paradigm: SSVEP
[2026-04-04 12:22:46]   pretrained_url: https://huggingface.co/braindecode/SignalJEPA/resolve/main/signal-jepa_16s-60_adeuwv4s.pth
[2026-04-04 12:22:46]   requested_trial_duration_s: 4.0
[2026-04-04 12:22:46]   seed: 6103
[2026-04-04 12:22:46]   set_eeg_reference: True
[2026-04-04 12:22:46]   set_seed: True
[2026-04-04 12:22:46]   sfreq: 128
[2026-04-04 12:22:46]   subjects_to_use: [51, 54]
[2026-04-04 12:22:46]   val_split: 0.2
[2026-04-04 12:22:46] ======================================================================
[2026-04-04 12:22:46] Config saved to: /Users/vadim/Documents/School/Spring 2026/CSCE A698 Individual Research/EEG_JEPA/artifacts/lee-2019-fine-tuning/SSVEP/20260404_1222_318a4496/config.json
[2026-04-04 12:22:46] Epoch window configuration:
[2026-04-04 12:22:46]   Target sfreq:                128 Hz
[2026-04-04 12:22:46]   Target duration:             4.190000 s
[2026-04-04 12:22:46]   Window samples (rounded):    536
[2026-04-04 12:22:46]   Base trial samples (4.0 s):  512
[2026-04-04 12:22:46]   Trial stop offset samples:   24
[2026-04-04 12:22:46]   Effective window duration:   4.187500 s
[2026-04-04 12:22:46] Using specified subjects from config: [51, 54]
[2026-04-04 12:22:46] Selected subjects: [51, 54]
[2026-04-04 12:22:46] Expected evaluation folds: 10

[2026-04-04 12:22:46] Building MOABBDataset for Lee2019_SSVEP...
[2026-04-04 12:23:11] MOABBDataset recordings loaded: 4
[2026-04-04 12:23:11] Discovered annotation descriptions (first recording): [np.str_('12.0'), np.str_('5.45'), np.str_('6.67'), np.str_('8.57')]
[2026-04-04 12:23:11] Dataset event_id mapping: {'12.0': 1, '8.57': 2, '6.67': 3, '5.45': 4}
[2026-04-04 12:23:11] Label map (event_code -> class_index): {1: 0, 2: 1, 3: 2, 4: 3}
[2026-04-04 12:23:11] Applying Braindecode preprocessors to MOABBDataset...
[2026-04-04 12:23:27] Preprocessing complete.

[2026-04-04 12:23:27] Post-preprocessing validation
[2026-04-04 12:23:27]   Recordings in DATASET: 4
[2026-04-04 12:23:27]   Unique subject IDs:    ['51', '54']
[2026-04-04 12:23:27]   sfreq (first rec):     128.0 Hz
[2026-04-04 12:23:27]   EEG channel count:     62
[2026-04-04 12:23:27]   First 10 channels:     ['Fp1', 'Fp2', 'F7', 'F3', 'Fz', 'F4', 'F8', 'FC5', 'FC1', 'FC2']
[2026-04-04 12:23:27] Channel consistency summary:
[2026-04-04 12:23:27]   Checked runs: 4
[2026-04-04 12:23:27]   Unique channel counts: [62]
[2026-04-04 12:23:27]   Channel order consistent: True
[2026-04-04 12:23:27] Validated EEG channels: 62
[2026-04-04 12:23:27] First 10 EEG channels: ['Fp1', 'Fp2', 'F7', 'F3', 'Fz', 'F4', 'F8', 'FC5', 'FC1', 'FC2']
[2026-04-04 12:23:27] raw mean_abs=6.206608e+00
[2026-04-04 12:23:27] raw std=2.712803e+01
[2026-04-04 12:23:27] raw first5 channel std= [30.27595633 56.56813395 13.75714116  8.89857459  7.91183515]
[2026-04-04 12:23:27] Requested window samples: 536
[2026-04-04 12:23:27] Base trial samples:       512
[2026-04-04 12:23:27] Stop offset samples:      24
[2026-04-04 12:23:27] Global class counts: [100, 100, 100, 100]
[2026-04-04 12:23:27] Chance level (4-class): 0.25
[2026-04-04 12:23:27] One window shape: (62, 536)
[2026-04-04 12:23:27] One window label: 2
[2026-04-04 12:23:27] Window sample length expected=536, got=536
[2026-04-04 12:23:27] Subjects in window split: [51, 54]
[2026-04-04 12:23:27] Summarizing per-subject windows...
[2026-04-04 12:23:27]   Subject 51: n_windows=200, window_shape=(62, 536), class_counts=[50, 50, 50, 50]
[2026-04-04 12:23:27]   Subject 54: n_windows=200, window_shape=(62, 536), class_counts=[50, 50, 50, 50]
[2026-04-04 12:23:27]    subject_id  n_windows  n_channels  n_times      class_counts
0          51        200          62      536  [50, 50, 50, 50]
1          54        200          62      536  [50, 50, 50, 50]
[2026-04-04 12:23:27] Window validation summary:
[2026-04-04 12:23:27]   Subject 51: n_windows=200 class_counts=[50, 50, 50, 50]
[2026-04-04 12:23:27]   Subject 54: n_windows=200 class_counts=[50, 50, 50, 50]

[2026-04-04 12:23:27] Validated sampling rate target: 128 Hz
[2026-04-04 12:23:27] Validated window sample count:   536
[2026-04-04 12:23:27] Validated window duration:       4.1875 s
[2026-04-04 12:23:27] Validated channel count:         62
[2026-04-04 12:23:27] Total windows retained:          400
[2026-04-04 12:23:27] Preprocessing sanity checks:
[2026-04-04 12:23:27]   One sample label: 2
[2026-04-04 12:23:27]   One sample shape: (62, 536)
[2026-04-04 12:23:27]   Mean(abs(signal)): 7.808386e+00
[2026-04-04 12:23:27]   Mean(signal):      -1.469310e-08
[2026-04-04 12:23:27]   Std(signal):       1.102899e+01
[2026-04-04 12:23:27] Building model with input window duration: 4.1875 s
[2026-04-04 12:23:27] SignalJEPA_PreLocal instantiated successfully.
[2026-04-04 12:23:27]   Total parameters:     18,192
[2026-04-04 12:23:27]   Trainable parameters: 18,192
[2026-04-04 12:23:27] ======================================================================================================================================================
Layer (type (var_name):depth-idx)                  Input Shape               Output Shape              Param #                   Kernel Shape
======================================================================================================================================================
SignalJEPA_PreLocal (SignalJEPA_PreLocal)          [1, 62, 536]              [1, 4]                    --                        --
├─Sequential (spatial_conv): 1-1                   [1, 62, 536]              [1, 4, 536]               --                        --
│    └─Rearrange (0): 2-1                          [1, 62, 536]              [1, 1, 62, 536]           --                        --
│    └─Conv2d (1): 2-2                             [1, 1, 62, 536]           [1, 4, 1, 536]            252                       [62, 1]
│    └─Rearrange (2): 2-3                          [1, 4, 1, 536]            [1, 4, 536]               --                        --
├─_ConvFeatureEncoder (feature_encoder): 1-2       [1, 4, 536]               [1, 16, 64]               --                        --
│    └─Rearrange (0): 2-4                          [1, 4, 536]               [4, 1, 536]               --                        --
│    └─Sequential (1): 2-5                         [4, 1, 536]               [4, 8, 64]                --                        --
│    │    └─Conv1d (0): 3-1                        [4, 1, 536]               [4, 8, 64]                256                       [32]
│    │    └─Dropout (1): 3-2                       [4, 8, 64]                [4, 8, 64]                --                        --
│    │    └─GroupNorm (2): 3-3                     [4, 8, 64]                [4, 8, 64]                16                        --
│    │    └─GELU (3): 3-4                          [4, 8, 64]                [4, 8, 64]                --                        --
│    └─Sequential (2): 2-6                         [4, 8, 64]                [4, 16, 32]               --                        --
│    │    └─Conv1d (0): 3-5                        [4, 8, 64]                [4, 16, 32]               256                       [2]
│    │    └─Dropout (1): 3-6                       [4, 16, 32]               [4, 16, 32]               --                        --
│    │    └─GELU (2): 3-7                          [4, 16, 32]               [4, 16, 32]               --                        --
│    └─Sequential (3): 2-7                         [4, 16, 32]               [4, 32, 16]               --                        --
│    │    └─Conv1d (0): 3-8                        [4, 16, 32]               [4, 32, 16]               1,024                     [2]
│    │    └─Dropout (1): 3-9                       [4, 32, 16]               [4, 32, 16]               --                        --
│    │    └─GELU (2): 3-10                         [4, 32, 16]               [4, 32, 16]               --                        --
│    └─Sequential (4): 2-8                         [4, 32, 16]               [4, 64, 8]                --                        --
│    │    └─Conv1d (0): 3-11                       [4, 32, 16]               [4, 64, 8]                4,096                     [2]
│    │    └─Dropout (1): 3-12                      [4, 64, 8]                [4, 64, 8]                --                        --
│    │    └─GELU (2): 3-13                         [4, 64, 8]                [4, 64, 8]                --                        --
│    └─Sequential (5): 2-9                         [4, 64, 8]                [4, 64, 4]                --                        --
│    │    └─Conv1d (0): 3-14                       [4, 64, 8]                [4, 64, 4]                8,192                     [2]
│    │    └─Dropout (1): 3-15                      [4, 64, 4]                [4, 64, 4]                --                        --
│    │    └─GELU (2): 3-16                         [4, 64, 4]                [4, 64, 4]                --                        --
│    └─Rearrange (6): 2-10                         [4, 64, 4]                [1, 16, 64]               --                        --
├─Sequential (final_layer): 1-3                    [1, 16, 64]               [1, 4]                    --                        --
│    └─Flatten (0): 2-11                           [1, 16, 64]               [1, 1024]                 --                        --
│    └─Linear (1): 2-12                            [1, 1024]                 [1, 4]                    4,100                     --
======================================================================================================================================================
Total params: 18,192
Trainable params: 18,192
Non-trainable params: 0
Total mult-adds (Units.MEGABYTES): 0.57
======================================================================================================================================================
Input size (MB): 0.13
Forward/backward pass size (MB): 0.11
Params size (MB): 0.07
Estimated Total Size (MB): 0.31
======================================================================================================================================================
[2026-04-04 12:23:27] Initializing from 16s-60 pretrained checkpoint (Hugging Face):
[2026-04-04 12:23:27]   https://huggingface.co/braindecode/SignalJEPA/resolve/main/signal-jepa_16s-60_adeuwv4s.pth
[2026-04-04 12:23:27]   Downloaded 179 keys
[2026-04-04 12:23:27] ======================================================================
[2026-04-04 12:23:27] STARTING CROSS-VALIDATION
[2026-04-04 12:23:27] ======================================================================
[2026-04-04 12:23:27] Subjects:      [51, 54]
[2026-04-04 12:23:27] CV folds:      5
[2026-04-04 12:23:27] Batch size:    16
[2026-04-04 12:23:27] Max epochs:    5000
[2026-04-04 12:23:27] Device:        mps
[2026-04-04 12:23:27] Seed control:  True
[2026-04-04 12:23:27] Base seed:     6103
[2026-04-04 12:23:27] ======================================================================

[2026-04-04 12:23:27] Subject 51: 200 windows | class_counts=[50, 50, 50, 50]
[2026-04-04 12:23:27]   Fold 1 class counts: train=[32, 32, 32, 32] val=[8, 8, 8, 8] test=[10, 10, 10, 10]
[2026-04-04 12:23:27]   Fold 2 class counts: train=[32, 32, 32, 32] val=[8, 8, 8, 8] test=[10, 10, 10, 10]
[2026-04-04 12:23:27]   Fold 3 class counts: train=[32, 32, 32, 32] val=[8, 8, 8, 8] test=[10, 10, 10, 10]
[2026-04-04 12:23:27]   Fold 4 class counts: train=[32, 32, 32, 32] val=[8, 8, 8, 8] test=[10, 10, 10, 10]
[2026-04-04 12:23:27]   Fold 5 class counts: train=[32, 32, 32, 32] val=[8, 8, 8, 8] test=[10, 10, 10, 10]
[2026-04-04 12:23:27]     Train class counts: [32, 32, 32, 32]
[2026-04-04 12:23:27]     Val class counts:   [8, 8, 8, 8]
[2026-04-04 12:23:27]     Test class counts:  [10, 10, 10, 10]
[2026-04-04 12:23:27] Building model with input window duration: 4.1875 s
[2026-04-04 12:23:27] Pretrained weight loading:
[2026-04-04 12:23:27]   Downloaded keys:        179
[2026-04-04 12:23:27]   Filtered (transformer): 172
[2026-04-04 12:23:27]   Filtered (pos_encoder): 0
[2026-04-04 12:23:27]   Keys to load:           7
[2026-04-04 12:23:27]   Missing keys:           4
[2026-04-04 12:23:27]   Unexpected keys:        0
[2026-04-04 12:23:27]   Missing preview:        ['spatial_conv.1.weight', 'spatial_conv.1.bias', 'final_layer.1.weight', 'final_layer.1.bias']
[2026-04-04 12:23:27]   Unexpected preview:     []
[2026-04-04 12:23:27] Trainable modules: spatial_conv + final_layer (4,352 / 18,192 params, 23.9%)
[2026-04-04 12:23:27]   - final_layer.1.bias
[2026-04-04 12:23:27]   - final_layer.1.weight
[2026-04-04 12:23:27]   - spatial_conv.1.bias
[2026-04-04 12:23:27]   - spatial_conv.1.weight
[2026-04-04 12:23:49]   Fold 1/5 | best_epoch=199 | stop=249 | val_loss=1.0796 | acc=0.6000 | bal_acc=0.6000
[2026-04-04 12:23:49]     Train class counts: [32, 32, 32, 32]
[2026-04-04 12:23:49]     Val class counts:   [8, 8, 8, 8]
[2026-04-04 12:23:49]     Test class counts:  [10, 10, 10, 10]
[2026-04-04 12:23:49] Building model with input window duration: 4.1875 s
[2026-04-04 12:23:49] Pretrained weight loading:
[2026-04-04 12:23:49]   Downloaded keys:        179
[2026-04-04 12:23:49]   Filtered (transformer): 172
[2026-04-04 12:23:49]   Filtered (pos_encoder): 0
[2026-04-04 12:23:49]   Keys to load:           7
[2026-04-04 12:23:49]   Missing keys:           4
[2026-04-04 12:23:49]   Unexpected keys:        0
[2026-04-04 12:23:49]   Missing preview:        ['spatial_conv.1.weight', 'spatial_conv.1.bias', 'final_layer.1.weight', 'final_layer.1.bias']
[2026-04-04 12:23:49]   Unexpected preview:     []
[2026-04-04 12:24:06]   Fold 2/5 | best_epoch=153 | stop=203 | val_loss=1.3137 | acc=0.5000 | bal_acc=0.5000
[2026-04-04 12:24:06]     Train class counts: [32, 32, 32, 32]
[2026-04-04 12:24:06]     Val class counts:   [8, 8, 8, 8]
[2026-04-04 12:24:06]     Test class counts:  [10, 10, 10, 10]
[2026-04-04 12:24:06] Building model with input window duration: 4.1875 s
[2026-04-04 12:24:06] Pretrained weight loading:
[2026-04-04 12:24:06]   Downloaded keys:        179
[2026-04-04 12:24:06]   Filtered (transformer): 172
[2026-04-04 12:24:06]   Filtered (pos_encoder): 0
[2026-04-04 12:24:06]   Keys to load:           7
[2026-04-04 12:24:06]   Missing keys:           4
[2026-04-04 12:24:06]   Unexpected keys:        0
[2026-04-04 12:24:06]   Missing preview:        ['spatial_conv.1.weight', 'spatial_conv.1.bias', 'final_layer.1.weight', 'final_layer.1.bias']
[2026-04-04 12:24:06]   Unexpected preview:     []
[2026-04-04 12:24:32]   Fold 3/5 | best_epoch=260 | stop=310 | val_loss=1.2175 | acc=0.5250 | bal_acc=0.5250
[2026-04-04 12:24:32]     Train class counts: [32, 32, 32, 32]
[2026-04-04 12:24:32]     Val class counts:   [8, 8, 8, 8]
[2026-04-04 12:24:32]     Test class counts:  [10, 10, 10, 10]
[2026-04-04 12:24:32] Building model with input window duration: 4.1875 s
[2026-04-04 12:24:32] Pretrained weight loading:
[2026-04-04 12:24:32]   Downloaded keys:        179
[2026-04-04 12:24:32]   Filtered (transformer): 172
[2026-04-04 12:24:32]   Filtered (pos_encoder): 0
[2026-04-04 12:24:32]   Keys to load:           7
[2026-04-04 12:24:32]   Missing keys:           4
[2026-04-04 12:24:32]   Unexpected keys:        0
[2026-04-04 12:24:32]   Missing preview:        ['spatial_conv.1.weight', 'spatial_conv.1.bias', 'final_layer.1.weight', 'final_layer.1.bias']
[2026-04-04 12:24:32]   Unexpected preview:     []
[2026-04-04 12:25:01]   Fold 4/5 | best_epoch=292 | stop=342 | val_loss=1.3092 | acc=0.5250 | bal_acc=0.5250
[2026-04-04 12:25:01]     Train class counts: [32, 32, 32, 32]
[2026-04-04 12:25:01]     Val class counts:   [8, 8, 8, 8]
[2026-04-04 12:25:01]     Test class counts:  [10, 10, 10, 10]
[2026-04-04 12:25:01] Building model with input window duration: 4.1875 s
[2026-04-04 12:25:01] Pretrained weight loading:
[2026-04-04 12:25:01]   Downloaded keys:        179
[2026-04-04 12:25:01]   Filtered (transformer): 172
[2026-04-04 12:25:01]   Filtered (pos_encoder): 0
[2026-04-04 12:25:01]   Keys to load:           7
[2026-04-04 12:25:01]   Missing keys:           4
[2026-04-04 12:25:01]   Unexpected keys:        0
[2026-04-04 12:25:01]   Missing preview:        ['spatial_conv.1.weight', 'spatial_conv.1.bias', 'final_layer.1.weight', 'final_layer.1.bias']
[2026-04-04 12:25:01]   Unexpected preview:     []
[2026-04-04 12:25:05]   Fold 5/5 | best_epoch=1 | stop=51 | val_loss=1.3851 | acc=0.3250 | bal_acc=0.3250
[2026-04-04 12:25:05]   Subject 51 summary: acc=0.4950±0.0914  bal_acc=0.4950±0.0914

[2026-04-04 12:25:05] Subject 54: 200 windows | class_counts=[50, 50, 50, 50]
[2026-04-04 12:25:05]   Fold 1 class counts: train=[32, 32, 32, 32] val=[8, 8, 8, 8] test=[10, 10, 10, 10]
[2026-04-04 12:25:05]   Fold 2 class counts: train=[32, 32, 32, 32] val=[8, 8, 8, 8] test=[10, 10, 10, 10]
[2026-04-04 12:25:05]   Fold 3 class counts: train=[32, 32, 32, 32] val=[8, 8, 8, 8] test=[10, 10, 10, 10]
[2026-04-04 12:25:05]   Fold 4 class counts: train=[32, 32, 32, 32] val=[8, 8, 8, 8] test=[10, 10, 10, 10]
[2026-04-04 12:25:05]   Fold 5 class counts: train=[32, 32, 32, 32] val=[8, 8, 8, 8] test=[10, 10, 10, 10]
[2026-04-04 12:25:05]     Train class counts: [32, 32, 32, 32]
[2026-04-04 12:25:05]     Val class counts:   [8, 8, 8, 8]
[2026-04-04 12:25:05]     Test class counts:  [10, 10, 10, 10]
[2026-04-04 12:25:05] Building model with input window duration: 4.1875 s
[2026-04-04 12:25:05] Pretrained weight loading:
[2026-04-04 12:25:05]   Downloaded keys:        179
[2026-04-04 12:25:05]   Filtered (transformer): 172
[2026-04-04 12:25:05]   Filtered (pos_encoder): 0
[2026-04-04 12:25:05]   Keys to load:           7
[2026-04-04 12:25:05]   Missing keys:           4
[2026-04-04 12:25:05]   Unexpected keys:        0
[2026-04-04 12:25:05]   Missing preview:        ['spatial_conv.1.weight', 'spatial_conv.1.bias', 'final_layer.1.weight', 'final_layer.1.bias']
[2026-04-04 12:25:05]   Unexpected preview:     []
[2026-04-04 12:26:12]   Fold 1/5 | best_epoch=742 | stop=792 | val_loss=0.8480 | acc=0.7000 | bal_acc=0.7000
[2026-04-04 12:26:12]     Train class counts: [32, 32, 32, 32]
[2026-04-04 12:26:12]     Val class counts:   [8, 8, 8, 8]
[2026-04-04 12:26:12]     Test class counts:  [10, 10, 10, 10]
[2026-04-04 12:26:12] Building model with input window duration: 4.1875 s
[2026-04-04 12:26:12] Pretrained weight loading:
[2026-04-04 12:26:12]   Downloaded keys:        179
[2026-04-04 12:26:12]   Filtered (transformer): 172
[2026-04-04 12:26:12]   Filtered (pos_encoder): 0
[2026-04-04 12:26:12]   Keys to load:           7
[2026-04-04 12:26:12]   Missing keys:           4
[2026-04-04 12:26:12]   Unexpected keys:        0
[2026-04-04 12:26:12]   Missing preview:        ['spatial_conv.1.weight', 'spatial_conv.1.bias', 'final_layer.1.weight', 'final_layer.1.bias']
[2026-04-04 12:26:12]   Unexpected preview:     []
[2026-04-04 12:26:51]   Fold 2/5 | best_epoch=404 | stop=454 | val_loss=0.7884 | acc=0.8250 | bal_acc=0.8250
[2026-04-04 12:26:51]     Train class counts: [32, 32, 32, 32]
[2026-04-04 12:26:51]     Val class counts:   [8, 8, 8, 8]
[2026-04-04 12:26:51]     Test class counts:  [10, 10, 10, 10]
[2026-04-04 12:26:51] Building model with input window duration: 4.1875 s
[2026-04-04 12:26:51] Pretrained weight loading:
[2026-04-04 12:26:51]   Downloaded keys:        179
[2026-04-04 12:26:51]   Filtered (transformer): 172
[2026-04-04 12:26:51]   Filtered (pos_encoder): 0
[2026-04-04 12:26:51]   Keys to load:           7
[2026-04-04 12:26:51]   Missing keys:           4
[2026-04-04 12:26:51]   Unexpected keys:        0
[2026-04-04 12:26:51]   Missing preview:        ['spatial_conv.1.weight', 'spatial_conv.1.bias', 'final_layer.1.weight', 'final_layer.1.bias']
[2026-04-04 12:26:51]   Unexpected preview:     []
[2026-04-04 12:27:21]   Fold 3/5 | best_epoch=310 | stop=360 | val_loss=1.0204 | acc=0.7250 | bal_acc=0.7250
[2026-04-04 12:27:21]     Train class counts: [32, 32, 32, 32]
[2026-04-04 12:27:21]     Val class counts:   [8, 8, 8, 8]
[2026-04-04 12:27:21]     Test class counts:  [10, 10, 10, 10]
[2026-04-04 12:27:21] Building model with input window duration: 4.1875 s
[2026-04-04 12:27:21] Pretrained weight loading:
[2026-04-04 12:27:21]   Downloaded keys:        179
[2026-04-04 12:27:21]   Filtered (transformer): 172
[2026-04-04 12:27:21]   Filtered (pos_encoder): 0
[2026-04-04 12:27:21]   Keys to load:           7
[2026-04-04 12:27:21]   Missing keys:           4
[2026-04-04 12:27:21]   Unexpected keys:        0
[2026-04-04 12:27:21]   Missing preview:        ['spatial_conv.1.weight', 'spatial_conv.1.bias', 'final_layer.1.weight', 'final_layer.1.bias']
[2026-04-04 12:27:21]   Unexpected preview:     []
[2026-04-04 12:27:58]   Fold 4/5 | best_epoch=389 | stop=439 | val_loss=1.0228 | acc=0.6750 | bal_acc=0.6750
[2026-04-04 12:27:58]     Train class counts: [32, 32, 32, 32]
[2026-04-04 12:27:58]     Val class counts:   [8, 8, 8, 8]
[2026-04-04 12:27:58]     Test class counts:  [10, 10, 10, 10]
[2026-04-04 12:27:58] Building model with input window duration: 4.1875 s
[2026-04-04 12:27:58] Pretrained weight loading:
[2026-04-04 12:27:58]   Downloaded keys:        179
[2026-04-04 12:27:58]   Filtered (transformer): 172
[2026-04-04 12:27:58]   Filtered (pos_encoder): 0
[2026-04-04 12:27:58]   Keys to load:           7
[2026-04-04 12:27:58]   Missing keys:           4
[2026-04-04 12:27:58]   Unexpected keys:        0
[2026-04-04 12:27:58]   Missing preview:        ['spatial_conv.1.weight', 'spatial_conv.1.bias', 'final_layer.1.weight', 'final_layer.1.bias']
[2026-04-04 12:27:58]   Unexpected preview:     []
[2026-04-04 12:28:52]   Fold 5/5 | best_epoch=585 | stop=635 | val_loss=0.6664 | acc=0.6250 | bal_acc=0.6250
[2026-04-04 12:28:52]   Subject 54 summary: acc=0.7100±0.0663  bal_acc=0.7100±0.0663

[2026-04-04 12:28:52] Total folds completed: 10
[2026-04-04 12:28:52] ======================================================================
[2026-04-04 12:28:52] AGGREGATED RESULTS
[2026-04-04 12:28:52] ======================================================================
[2026-04-04 12:28:52]   Subject 51:  acc=0.4950±0.0914  bal_acc=0.4950±0.0914
[2026-04-04 12:28:52]   Subject 54:  acc=0.7100±0.0663  bal_acc=0.7100±0.0663
[2026-04-04 12:28:52] ----------------------------------------------------------------------
[2026-04-04 12:28:52]   OVERALL:      acc=0.6025±0.1339  bal_acc=0.6025±0.1339
[2026-04-04 12:28:52] ======================================================================
[2026-04-04 12:28:52] CV results saved to:      /Users/vadim/Documents/School/Spring 2026/CSCE A698 Individual Research/EEG_JEPA/artifacts/lee-2019-fine-tuning/SSVEP/20260404_1222_318a4496/cv_results.json
[2026-04-04 12:28:52] Subject metrics saved to: /Users/vadim/Documents/School/Spring 2026/CSCE A698 Individual Research/EEG_JEPA/artifacts/lee-2019-fine-tuning/SSVEP/20260404_1222_318a4496/subject_metrics.json
[2026-04-04 12:28:52] Global metrics saved to:  /Users/vadim/Documents/School/Spring 2026/CSCE A698 Individual Research/EEG_JEPA/artifacts/lee-2019-fine-tuning/SSVEP/20260404_1222_318a4496/global_metrics.json
[2026-04-04 12:28:52] Run metadata saved to:    /Users/vadim/Documents/School/Spring 2026/CSCE A698 Individual Research/EEG_JEPA/artifacts/lee-2019-fine-tuning/SSVEP/20260404_1222_318a4496/run_metadata.json

[2026-04-04 12:28:52] All artifacts in: /Users/vadim/Documents/School/Spring 2026/CSCE A698 Individual Research/EEG_JEPA/artifacts/lee-2019-fine-tuning/SSVEP/20260404_1222_318a4496

[2026-04-04 12:28:52] ======================================================================
[2026-04-04 12:28:52] EXPERIMENT SUMMARY
[2026-04-04 12:28:52] ======================================================================
[2026-04-04 12:28:52] Run ID:    20260404_1222_318a4496
[2026-04-04 12:28:52] Artifacts: /Users/vadim/Documents/School/Spring 2026/CSCE A698 Individual Research/EEG_JEPA/artifacts/lee-2019-fine-tuning/SSVEP/20260404_1222_318a4496

[2026-04-04 12:28:52] Configuration:
[2026-04-04 12:28:52]   Subjects:          [51, 54]
[2026-04-04 12:28:52]   Bandpass:          0.5-40.0 Hz
[2026-04-04 12:28:52]   Resample:          128 Hz
[2026-04-04 12:28:52]   CV folds:          5
[2026-04-04 12:28:52]   Learning rate:     0.001
[2026-04-04 12:28:52]   Batch size:        16
[2026-04-04 12:28:52]   Max epochs:        5000

[2026-04-04 12:28:52] Results:
[2026-04-04 12:28:52]   Mean Accuracy:          0.6025 ± 0.1339
[2026-04-04 12:28:52]   Mean Balanced Accuracy: 0.6025 ± 0.1339
