[2026-04-01 09:56:49] Using device: cpu
[2026-04-01 09:56:49] Seed control enabled: True
[2026-04-01 09:56:49] Base seed: 2013
[2026-04-01 09:56:49] Seed initialized: 2013
[2026-04-01 09:56:49] ======================================================================
[2026-04-01 09:56:49] CONFIGURATION
[2026-04-01 09:56:49] ======================================================================
[2026-04-01 09:56:49]   artifact_dir: /home/vegorov/Repos/eeg_jepa_research/artifacts/lee-2019-fine-tuning
[2026-04-01 09:56:49]   bandpass_high: 40.0
[2026-04-01 09:56:49]   bandpass_low: 0.5
[2026-04-01 09:56:49]   batch_size: 8
[2026-04-01 09:56:49]   convert_to_uV: True
[2026-04-01 09:56:49]   cv_folds: 5
[2026-04-01 09:56:49]   device: auto
[2026-04-01 09:56:49]   early_stopping_patience: 50
[2026-04-01 09:56:49]   learning_rate: 0.0015
[2026-04-01 09:56:49]   n_epochs: 5000
[2026-04-01 09:56:49]   normalization_method: None
[2026-04-01 09:56:49]   normalize: False
[2026-04-01 09:56:49]   paradigm: SSVEP
[2026-04-01 09:56:49]   pretrained_url: https://huggingface.co/braindecode/SignalJEPA/resolve/main/signal-jepa_16s-60_adeuwv4s.pth
[2026-04-01 09:56:49]   seed: 2013
[2026-04-01 09:56:49]   set_seed: True
[2026-04-01 09:56:49]   sfreq: 128
[2026-04-01 09:56:49]   subjects_to_use: [51]
[2026-04-01 09:56:49]   val_split: 0.2
[2026-04-01 09:56:49] ======================================================================
[2026-04-01 09:56:49] Config saved to: /home/vegorov/Repos/eeg_jepa_research/artifacts/lee-2019-fine-tuning/SSVEP/20260401_0956_9790e218/config.json
[2026-04-01 09:56:49] Epoch window configuration:
[2026-04-01 09:56:49]   Target sfreq:                128 Hz
[2026-04-01 09:56:49]   Target duration:             4.190000 s
[2026-04-01 09:56:49]   Window samples (rounded):    536
[2026-04-01 09:56:49]   Base trial samples (4.0 s):  512
[2026-04-01 09:56:49]   Trial stop offset samples:   24
[2026-04-01 09:56:49]   Effective window duration:   4.187500 s
[2026-04-01 09:56:49] Using specified subjects from config: [51]
[2026-04-01 09:56:49] Selected subjects: [51]
[2026-04-01 09:56:49] Expected evaluation folds: 5

[2026-04-01 09:56:49] Building MOABBDataset for Lee2019_SSVEP...
[2026-04-01 09:56:58] MOABBDataset recordings loaded: 1
[2026-04-01 09:56:58] Discovered annotation descriptions (first recording): [np.str_('12.0'), np.str_('5.45'), np.str_('6.67'), np.str_('8.57')]
[2026-04-01 09:56:58] Dataset event_id mapping: {'12.0': 1, '8.57': 2, '6.67': 3, '5.45': 4}
[2026-04-01 09:56:58] Label map (event_code -> class_index): {1: 0, 2: 1, 3: 2, 4: 3}
[2026-04-01 09:56:58] Applying Braindecode preprocessors to MOABBDataset...
[2026-04-01 09:57:01] Preprocessing complete.

[2026-04-01 09:57:01] Post-preprocessing validation
[2026-04-01 09:57:01]   Recordings in DATASET: 1
[2026-04-01 09:57:01]   Unique subject IDs:    ['51']
[2026-04-01 09:57:01]   sfreq (first rec):     128.0 Hz
[2026-04-01 09:57:01]   EEG channel count:     62
[2026-04-01 09:57:01]   First 10 channels:     ['Fp1', 'Fp2', 'F7', 'F3', 'Fz', 'F4', 'F8', 'FC5', 'FC1', 'FC2']
[2026-04-01 09:57:01] Channel consistency summary:
[2026-04-01 09:57:01]   Checked runs: 1
[2026-04-01 09:57:01]   Unique channel counts: [62]
[2026-04-01 09:57:01]   Channel order consistent: True
[2026-04-01 09:57:01] Validated EEG channels: 62
[2026-04-01 09:57:01] First 10 EEG channels: ['Fp1', 'Fp2', 'F7', 'F3', 'Fz', 'F4', 'F8', 'FC5', 'FC1', 'FC2']
[2026-04-01 09:57:01] raw mean_abs=8.654730e+00
[2026-04-01 09:57:01] raw std=3.494582e+01
[2026-04-01 09:57:01] raw first5 channel std= [46.22404553 54.63339771 16.95830183 13.82897057 11.24366025]
[2026-04-01 09:57:01] Requested window samples: 536
[2026-04-01 09:57:01] Base trial samples:       512
[2026-04-01 09:57:01] Stop offset samples:      24
[2026-04-01 09:57:01] Global class counts: [25, 25, 25, 25]
[2026-04-01 09:57:01] Chance level (4-class): 0.25
[2026-04-01 09:57:01] One window shape: (62, 536)
[2026-04-01 09:57:01] One window label: 1
[2026-04-01 09:57:01] Window sample length expected=536, got=536
[2026-04-01 09:57:01] Subjects in window split: [51]
[2026-04-01 09:57:01] Summarizing per-subject windows...
[2026-04-01 09:57:01]   Subject 51: n_windows=100, window_shape=(62, 536), class_counts=[25, 25, 25, 25]
[2026-04-01 09:57:01]    subject_id  n_windows  n_channels  n_times      class_counts
0          51        100          62      536  [25, 25, 25, 25]
[2026-04-01 09:57:01] Window validation summary:
[2026-04-01 09:57:01]   Subject 51: n_windows=100 class_counts=[25, 25, 25, 25]

[2026-04-01 09:57:01] Validated sampling rate target: 128 Hz
[2026-04-01 09:57:01] Validated window sample count:   536
[2026-04-01 09:57:01] Validated window duration:       4.1875 s
[2026-04-01 09:57:01] Validated channel count:         62
[2026-04-01 09:57:01] Total windows retained:          100
[2026-04-01 09:57:01] Preprocessing sanity checks:
[2026-04-01 09:57:01]   One sample label: 1
[2026-04-01 09:57:01]   One sample shape: (62, 536)
[2026-04-01 09:57:01]   Mean(abs(signal)): 4.094026e+00
[2026-04-01 09:57:01]   Mean(signal):      7.346552e-09
[2026-04-01 09:57:01]   Std(signal):       5.860601e+00
[2026-04-01 09:57:01] Building model with input window duration: 4.1875 s
[2026-04-01 09:57:01] SignalJEPA_PreLocal instantiated successfully.
[2026-04-01 09:57:01]   Total parameters:     18,192
[2026-04-01 09:57:01]   Trainable parameters: 18,192
[2026-04-01 09:57:01] ======================================================================================================================================================
Layer (type (var_name):depth-idx)                  Input Shape               Output Shape              Param #                   Kernel Shape
======================================================================================================================================================
SignalJEPA_PreLocal (SignalJEPA_PreLocal)          [1, 62, 536]              [1, 4]                    --                        --
├─Sequential (spatial_conv): 1-1                   [1, 62, 536]              [1, 4, 536]               --                        --
│    └─Rearrange (0): 2-1                          [1, 62, 536]              [1, 1, 62, 536]           --                        --
│    └─Conv2d (1): 2-2                             [1, 1, 62, 536]           [1, 4, 1, 536]            252                       [62, 1]
│    └─Rearrange (2): 2-3                          [1, 4, 1, 536]            [1, 4, 536]               --                        --
├─_ConvFeatureEncoder (feature_encoder): 1-2       [1, 4, 536]               [1, 16, 64]               --                        --
│    └─Rearrange (0): 2-4                          [1, 4, 536]               [4, 1, 536]               --                        --
│    └─Sequential (1): 2-5                         [4, 1, 536]               [4, 8, 64]                --                        --
│    │    └─Conv1d (0): 3-1                        [4, 1, 536]               [4, 8, 64]                256                       [32]
│    │    └─Dropout (1): 3-2                       [4, 8, 64]                [4, 8, 64]                --                        --
│    │    └─GroupNorm (2): 3-3                     [4, 8, 64]                [4, 8, 64]                16                        --
│    │    └─GELU (3): 3-4                          [4, 8, 64]                [4, 8, 64]                --                        --
│    └─Sequential (2): 2-6                         [4, 8, 64]                [4, 16, 32]               --                        --
│    │    └─Conv1d (0): 3-5                        [4, 8, 64]                [4, 16, 32]               256                       [2]
│    │    └─Dropout (1): 3-6                       [4, 16, 32]               [4, 16, 32]               --                        --
│    │    └─GELU (2): 3-7                          [4, 16, 32]               [4, 16, 32]               --                        --
│    └─Sequential (3): 2-7                         [4, 16, 32]               [4, 32, 16]               --                        --
│    │    └─Conv1d (0): 3-8                        [4, 16, 32]               [4, 32, 16]               1,024                     [2]
│    │    └─Dropout (1): 3-9                       [4, 32, 16]               [4, 32, 16]               --                        --
│    │    └─GELU (2): 3-10                         [4, 32, 16]               [4, 32, 16]               --                        --
│    └─Sequential (4): 2-8                         [4, 32, 16]               [4, 64, 8]                --                        --
│    │    └─Conv1d (0): 3-11                       [4, 32, 16]               [4, 64, 8]                4,096                     [2]
│    │    └─Dropout (1): 3-12                      [4, 64, 8]                [4, 64, 8]                --                        --
│    │    └─GELU (2): 3-13                         [4, 64, 8]                [4, 64, 8]                --                        --
│    └─Sequential (5): 2-9                         [4, 64, 8]                [4, 64, 4]                --                        --
│    │    └─Conv1d (0): 3-14                       [4, 64, 8]                [4, 64, 4]                8,192                     [2]
│    │    └─Dropout (1): 3-15                      [4, 64, 4]                [4, 64, 4]                --                        --
│    │    └─GELU (2): 3-16                         [4, 64, 4]                [4, 64, 4]                --                        --
│    └─Rearrange (6): 2-10                         [4, 64, 4]                [1, 16, 64]               --                        --
├─Sequential (final_layer): 1-3                    [1, 16, 64]               [1, 4]                    --                        --
│    └─Flatten (0): 2-11                           [1, 16, 64]               [1, 1024]                 --                        --
│    └─Linear (1): 2-12                            [1, 1024]                 [1, 4]                    4,100                     --
======================================================================================================================================================
Total params: 18,192
Trainable params: 18,192
Non-trainable params: 0
Total mult-adds (Units.MEGABYTES): 0.57
======================================================================================================================================================
Input size (MB): 0.13
Forward/backward pass size (MB): 0.11
Params size (MB): 0.07
Estimated Total Size (MB): 0.31
======================================================================================================================================================
[2026-04-01 09:57:01] Initializing from 16s-60 pretrained checkpoint (Hugging Face):
[2026-04-01 09:57:01]   https://huggingface.co/braindecode/SignalJEPA/resolve/main/signal-jepa_16s-60_adeuwv4s.pth
[2026-04-01 09:57:01]   Downloaded 179 keys
[2026-04-01 09:57:01] ======================================================================
[2026-04-01 09:57:01] STARTING CROSS-VALIDATION
[2026-04-01 09:57:01] ======================================================================
[2026-04-01 09:57:01] Subjects:      [51]
[2026-04-01 09:57:01] CV folds:      5
[2026-04-01 09:57:01] Batch size:    8
[2026-04-01 09:57:01] Max epochs:    5000
[2026-04-01 09:57:01] Device:        cpu
[2026-04-01 09:57:01] Seed control:  True
[2026-04-01 09:57:01] Base seed:     2013
[2026-04-01 09:57:01] ======================================================================

[2026-04-01 09:57:01] Subject 51: 100 windows class_counts=[25, 25, 25, 25]
[2026-04-01 09:57:01]   Fold 1 split seed: 2014
[2026-04-01 09:57:01]   Fold 1 split class counts:
[2026-04-01 09:57:01]     train=[16, 16, 16, 16] val=[4, 4, 4, 4] test=[5, 5, 5, 5]
[2026-04-01 09:57:01]   Fold 2 split seed: 2015
[2026-04-01 09:57:01]   Fold 2 split class counts:
[2026-04-01 09:57:01]     train=[16, 16, 16, 16] val=[4, 4, 4, 4] test=[5, 5, 5, 5]
[2026-04-01 09:57:01]   Fold 3 split seed: 2016
[2026-04-01 09:57:01]   Fold 3 split class counts:
[2026-04-01 09:57:01]     train=[16, 16, 16, 16] val=[4, 4, 4, 4] test=[5, 5, 5, 5]
[2026-04-01 09:57:01]   Fold 4 split seed: 2017
[2026-04-01 09:57:01]   Fold 4 split class counts:
[2026-04-01 09:57:01]     train=[16, 16, 16, 16] val=[4, 4, 4, 4] test=[5, 5, 5, 5]
[2026-04-01 09:57:01]   Fold 5 split seed: 2018
[2026-04-01 09:57:01]   Fold 5 split class counts:
[2026-04-01 09:57:01]     train=[16, 16, 16, 16] val=[4, 4, 4, 4] test=[5, 5, 5, 5]
[2026-04-01 09:57:01]   Subject 51 Fold 1 seed: 7114
[2026-04-01 09:57:01]   Subject 51 Fold 1: n_train=64 n_val=16 n_test=20
[2026-04-01 09:57:01]     Train class counts: [16, 16, 16, 16]
[2026-04-01 09:57:01]     Val class counts:   [4, 4, 4, 4]
[2026-04-01 09:57:01]     Test class counts:  [5, 5, 5, 5]
[2026-04-01 09:57:01] Building model with input window duration: 4.1875 s
[2026-04-01 09:57:01] Pretrained weight loading:
[2026-04-01 09:57:01]   Downloaded keys:        179
[2026-04-01 09:57:01]   Filtered (transformer): 172
[2026-04-01 09:57:01]   Filtered (pos_encoder): 0
[2026-04-01 09:57:01]   Keys to load:           7
[2026-04-01 09:57:01]   Missing keys:           4
[2026-04-01 09:57:01]   Unexpected keys:        0
[2026-04-01 09:57:01]   Missing preview:        ['spatial_conv.1.weight', 'spatial_conv.1.bias', 'final_layer.1.weight', 'final_layer.1.bias']
[2026-04-01 09:57:01]   Unexpected preview:     []
[2026-04-01 09:57:01] Encoder freeze configuration:
[2026-04-01 09:57:01]   Total parameters:        18,192
[2026-04-01 09:57:01]   Trainable parameters:    4,352
[2026-04-01 09:57:01]   Training percentage:     23.9%
[2026-04-01 09:57:01]   Trainable layers: 4
[2026-04-01 09:57:01]     - final_layer.1.bias
[2026-04-01 09:57:01]     - final_layer.1.weight
[2026-04-01 09:57:01]     - spatial_conv.1.bias
[2026-04-01 09:57:01]     - spatial_conv.1.weight
[2026-04-01 09:57:01]     Train generator seeded: True
[2026-04-01 09:57:03]     Stopped epoch:            110
[2026-04-01 09:57:03]     Best epoch (valid_loss):  60
[2026-04-01 09:57:03]     Best valid_loss:          1.2119519114494324
[2026-04-01 09:57:03]     Test accuracy (primary):  0.3000
[2026-04-01 09:57:03]     Test balanced acc:        0.3000
[2026-04-01 09:57:03]     Confusion matrix:         [[2, 2, 1, 0], [1, 0, 3, 1], [0, 2, 3, 0], [0, 2, 2, 1]]
[2026-04-01 09:57:03]     Prediction histogram:     [3, 6, 9, 2]
[2026-04-01 09:57:03]     fold_acc=0.3000 fold_bal_acc=0.3000 cm=[[2, 2, 1, 0], [1, 0, 3, 1], [0, 2, 3, 0], [0, 2, 2, 1]]
[2026-04-01 09:57:03]   Subject 51 Fold 2 seed: 7115
[2026-04-01 09:57:03]   Subject 51 Fold 2: n_train=64 n_val=16 n_test=20
[2026-04-01 09:57:03]     Train class counts: [16, 16, 16, 16]
[2026-04-01 09:57:03]     Val class counts:   [4, 4, 4, 4]
[2026-04-01 09:57:03]     Test class counts:  [5, 5, 5, 5]
[2026-04-01 09:57:03] Building model with input window duration: 4.1875 s
[2026-04-01 09:57:03] Pretrained weight loading:
[2026-04-01 09:57:03]   Downloaded keys:        179
[2026-04-01 09:57:03]   Filtered (transformer): 172
[2026-04-01 09:57:03]   Filtered (pos_encoder): 0
[2026-04-01 09:57:03]   Keys to load:           7
[2026-04-01 09:57:03]   Missing keys:           4
[2026-04-01 09:57:03]   Unexpected keys:        0
[2026-04-01 09:57:03]   Missing preview:        ['spatial_conv.1.weight', 'spatial_conv.1.bias', 'final_layer.1.weight', 'final_layer.1.bias']
[2026-04-01 09:57:03]   Unexpected preview:     []
[2026-04-01 09:57:03] Encoder freeze configuration:
[2026-04-01 09:57:03]   Total parameters:        18,192
[2026-04-01 09:57:03]   Trainable parameters:    4,352
[2026-04-01 09:57:03]   Training percentage:     23.9%
[2026-04-01 09:57:03]   Trainable layers: 4
[2026-04-01 09:57:03]     - final_layer.1.bias
[2026-04-01 09:57:03]     - final_layer.1.weight
[2026-04-01 09:57:03]     - spatial_conv.1.bias
[2026-04-01 09:57:03]     - spatial_conv.1.weight
[2026-04-01 09:57:03]     Train generator seeded: True
[2026-04-01 09:57:08]     Stopped epoch:            273
[2026-04-01 09:57:08]     Best epoch (valid_loss):  223
[2026-04-01 09:57:08]     Best valid_loss:          1.1970324516296387
[2026-04-01 09:57:08]     Test accuracy (primary):  0.2000
[2026-04-01 09:57:08]     Test balanced acc:        0.2000
[2026-04-01 09:57:08]     Confusion matrix:         [[1, 1, 1, 2], [1, 2, 1, 1], [1, 4, 0, 0], [1, 1, 2, 1]]
[2026-04-01 09:57:08]     Prediction histogram:     [4, 8, 4, 4]
[2026-04-01 09:57:08]     fold_acc=0.2000 fold_bal_acc=0.2000 cm=[[1, 1, 1, 2], [1, 2, 1, 1], [1, 4, 0, 0], [1, 1, 2, 1]]
[2026-04-01 09:57:08]   Subject 51 Fold 3 seed: 7116
[2026-04-01 09:57:08]   Subject 51 Fold 3: n_train=64 n_val=16 n_test=20
[2026-04-01 09:57:08]     Train class counts: [16, 16, 16, 16]
[2026-04-01 09:57:08]     Val class counts:   [4, 4, 4, 4]
[2026-04-01 09:57:08]     Test class counts:  [5, 5, 5, 5]
[2026-04-01 09:57:08] Building model with input window duration: 4.1875 s
[2026-04-01 09:57:08] Pretrained weight loading:
[2026-04-01 09:57:08]   Downloaded keys:        179
[2026-04-01 09:57:08]   Filtered (transformer): 172
[2026-04-01 09:57:08]   Filtered (pos_encoder): 0
[2026-04-01 09:57:08]   Keys to load:           7
[2026-04-01 09:57:08]   Missing keys:           4
[2026-04-01 09:57:08]   Unexpected keys:        0
[2026-04-01 09:57:08]   Missing preview:        ['spatial_conv.1.weight', 'spatial_conv.1.bias', 'final_layer.1.weight', 'final_layer.1.bias']
[2026-04-01 09:57:08]   Unexpected preview:     []
[2026-04-01 09:57:08] Encoder freeze configuration:
[2026-04-01 09:57:08]   Total parameters:        18,192
[2026-04-01 09:57:08]   Trainable parameters:    4,352
[2026-04-01 09:57:08]   Training percentage:     23.9%
[2026-04-01 09:57:08]   Trainable layers: 4
[2026-04-01 09:57:08]     - final_layer.1.bias
[2026-04-01 09:57:08]     - final_layer.1.weight
[2026-04-01 09:57:08]     - spatial_conv.1.bias
[2026-04-01 09:57:08]     - spatial_conv.1.weight
[2026-04-01 09:57:08]     Train generator seeded: True
[2026-04-01 09:57:09]     Stopped epoch:            51
[2026-04-01 09:57:09]     Best epoch (valid_loss):  1
[2026-04-01 09:57:09]     Best valid_loss:          1.3868472576141357
[2026-04-01 09:57:09]     Test accuracy (primary):  0.2500
[2026-04-01 09:57:09]     Test balanced acc:        0.2500
[2026-04-01 09:57:09]     Confusion matrix:         [[1, 0, 4, 0], [2, 0, 3, 0], [1, 0, 4, 0], [3, 0, 2, 0]]
[2026-04-01 09:57:09]     Prediction histogram:     [7, 0, 13, 0]
[2026-04-01 09:57:09]     fold_acc=0.2500 fold_bal_acc=0.2500 cm=[[1, 0, 4, 0], [2, 0, 3, 0], [1, 0, 4, 0], [3, 0, 2, 0]]
[2026-04-01 09:57:09]   Subject 51 Fold 4 seed: 7117
[2026-04-01 09:57:09]   Subject 51 Fold 4: n_train=64 n_val=16 n_test=20
[2026-04-01 09:57:09]     Train class counts: [16, 16, 16, 16]
[2026-04-01 09:57:09]     Val class counts:   [4, 4, 4, 4]
[2026-04-01 09:57:09]     Test class counts:  [5, 5, 5, 5]
[2026-04-01 09:57:09] Building model with input window duration: 4.1875 s
[2026-04-01 09:57:09] Pretrained weight loading:
[2026-04-01 09:57:09]   Downloaded keys:        179
[2026-04-01 09:57:09]   Filtered (transformer): 172
[2026-04-01 09:57:09]   Filtered (pos_encoder): 0
[2026-04-01 09:57:09]   Keys to load:           7
[2026-04-01 09:57:09]   Missing keys:           4
[2026-04-01 09:57:09]   Unexpected keys:        0
[2026-04-01 09:57:09]   Missing preview:        ['spatial_conv.1.weight', 'spatial_conv.1.bias', 'final_layer.1.weight', 'final_layer.1.bias']
[2026-04-01 09:57:09]   Unexpected preview:     []
[2026-04-01 09:57:09] Encoder freeze configuration:
[2026-04-01 09:57:09]   Total parameters:        18,192
[2026-04-01 09:57:09]   Trainable parameters:    4,352
[2026-04-01 09:57:09]   Training percentage:     23.9%
[2026-04-01 09:57:09]   Trainable layers: 4
[2026-04-01 09:57:09]     - final_layer.1.bias
[2026-04-01 09:57:09]     - final_layer.1.weight
[2026-04-01 09:57:09]     - spatial_conv.1.bias
[2026-04-01 09:57:09]     - spatial_conv.1.weight
[2026-04-01 09:57:09]     Train generator seeded: True
[2026-04-01 09:57:12]     Stopped epoch:            135
[2026-04-01 09:57:12]     Best epoch (valid_loss):  85
[2026-04-01 09:57:12]     Best valid_loss:          1.3354955911636353
[2026-04-01 09:57:12]     Test accuracy (primary):  0.3500
[2026-04-01 09:57:12]     Test balanced acc:        0.3500
[2026-04-01 09:57:12]     Confusion matrix:         [[2, 0, 2, 1], [2, 0, 2, 1], [1, 0, 3, 1], [1, 1, 1, 2]]
[2026-04-01 09:57:12]     Prediction histogram:     [6, 1, 8, 5]
[2026-04-01 09:57:12]     fold_acc=0.3500 fold_bal_acc=0.3500 cm=[[2, 0, 2, 1], [2, 0, 2, 1], [1, 0, 3, 1], [1, 1, 1, 2]]
[2026-04-01 09:57:12]   Subject 51 Fold 5 seed: 7118
[2026-04-01 09:57:12]   Subject 51 Fold 5: n_train=64 n_val=16 n_test=20
[2026-04-01 09:57:12]     Train class counts: [16, 16, 16, 16]
[2026-04-01 09:57:12]     Val class counts:   [4, 4, 4, 4]
[2026-04-01 09:57:12]     Test class counts:  [5, 5, 5, 5]
[2026-04-01 09:57:12] Building model with input window duration: 4.1875 s
[2026-04-01 09:57:12] Pretrained weight loading:
[2026-04-01 09:57:12]   Downloaded keys:        179
[2026-04-01 09:57:12]   Filtered (transformer): 172
[2026-04-01 09:57:12]   Filtered (pos_encoder): 0
[2026-04-01 09:57:12]   Keys to load:           7
[2026-04-01 09:57:12]   Missing keys:           4
[2026-04-01 09:57:12]   Unexpected keys:        0
[2026-04-01 09:57:12]   Missing preview:        ['spatial_conv.1.weight', 'spatial_conv.1.bias', 'final_layer.1.weight', 'final_layer.1.bias']
[2026-04-01 09:57:12]   Unexpected preview:     []
[2026-04-01 09:57:12] Encoder freeze configuration:
[2026-04-01 09:57:12]   Total parameters:        18,192
[2026-04-01 09:57:12]   Trainable parameters:    4,352
[2026-04-01 09:57:12]   Training percentage:     23.9%
[2026-04-01 09:57:12]   Trainable layers: 4
[2026-04-01 09:57:12]     - final_layer.1.bias
[2026-04-01 09:57:12]     - final_layer.1.weight
[2026-04-01 09:57:12]     - spatial_conv.1.bias
[2026-04-01 09:57:12]     - spatial_conv.1.weight
[2026-04-01 09:57:12]     Train generator seeded: True
[2026-04-01 09:57:14]     Stopped epoch:            112
[2026-04-01 09:57:14]     Best epoch (valid_loss):  62
[2026-04-01 09:57:14]     Best valid_loss:          1.3066083192825317
[2026-04-01 09:57:14]     Test accuracy (primary):  0.2000
[2026-04-01 09:57:14]     Test balanced acc:        0.2000
[2026-04-01 09:57:14]     Confusion matrix:         [[1, 0, 0, 4], [0, 1, 1, 3], [3, 2, 0, 0], [1, 0, 2, 2]]
[2026-04-01 09:57:14]     Prediction histogram:     [5, 3, 3, 9]
[2026-04-01 09:57:14]     fold_acc=0.2000 fold_bal_acc=0.2000 cm=[[1, 0, 0, 4], [0, 1, 1, 3], [3, 2, 0, 0], [1, 0, 2, 2]]
[2026-04-01 09:57:14]   Subject 51 mean accuracy: 0.2600

[2026-04-01 09:57:14] Total folds completed: 5
[2026-04-01 09:57:14] ======================================================================
[2026-04-01 09:57:14] AGGREGATED RESULTS
[2026-04-01 09:57:14] ======================================================================
[2026-04-01 09:57:14]   Subject 51:  acc=0.2600±0.0583  bal_acc=0.2600±0.0583
[2026-04-01 09:57:14] ----------------------------------------------------------------------
[2026-04-01 09:57:14]   OVERALL:      acc=0.2600±0.0583  bal_acc=0.2600±0.0583
[2026-04-01 09:57:14] ======================================================================
[2026-04-01 09:57:14] CV results saved to:      /home/vegorov/Repos/eeg_jepa_research/artifacts/lee-2019-fine-tuning/SSVEP/20260401_0956_9790e218/cv_results.json
[2026-04-01 09:57:14] Subject metrics saved to: /home/vegorov/Repos/eeg_jepa_research/artifacts/lee-2019-fine-tuning/SSVEP/20260401_0956_9790e218/subject_metrics.json
[2026-04-01 09:57:14] Global metrics saved to:  /home/vegorov/Repos/eeg_jepa_research/artifacts/lee-2019-fine-tuning/SSVEP/20260401_0956_9790e218/global_metrics.json
[2026-04-01 09:57:14] Run metadata saved to:    /home/vegorov/Repos/eeg_jepa_research/artifacts/lee-2019-fine-tuning/SSVEP/20260401_0956_9790e218/run_metadata.json

[2026-04-01 09:57:14] All artifacts in: /home/vegorov/Repos/eeg_jepa_research/artifacts/lee-2019-fine-tuning/SSVEP/20260401_0956_9790e218

[2026-04-01 09:57:14] ======================================================================
[2026-04-01 09:57:14] EXPERIMENT SUMMARY
[2026-04-01 09:57:14] ======================================================================
[2026-04-01 09:57:14] Run ID:    20260401_0956_9790e218
[2026-04-01 09:57:14] Artifacts: /home/vegorov/Repos/eeg_jepa_research/artifacts/lee-2019-fine-tuning/SSVEP/20260401_0956_9790e218

[2026-04-01 09:57:14] Configuration:
[2026-04-01 09:57:14]   Subjects:          [51]
[2026-04-01 09:57:14]   Bandpass:          0.5-40.0 Hz
[2026-04-01 09:57:14]   Resample:          128 Hz
[2026-04-01 09:57:14]   CV folds:          5
[2026-04-01 09:57:14]   Learning rate:     0.0015
[2026-04-01 09:57:14]   Batch size:        8
[2026-04-01 09:57:14]   Max epochs:        5000

[2026-04-01 09:57:14] Results:
[2026-04-01 09:57:14]   Mean Accuracy:          0.2600 ± 0.0583
[2026-04-01 09:57:14]   Mean Balanced Accuracy: 0.2600 ± 0.0583
