[2026-04-01 10:21:26] Using device: cpu
[2026-04-01 10:21:26] Seed control enabled: True
[2026-04-01 10:21:26] Base seed: 4028
[2026-04-01 10:21:26] Seed initialized: 4028
[2026-04-01 10:21:26] ======================================================================
[2026-04-01 10:21:26] CONFIGURATION
[2026-04-01 10:21:26] ======================================================================
[2026-04-01 10:21:26]   artifact_dir: /home/vegorov/Repos/eeg_jepa_research/artifacts/lee-2019-fine-tuning
[2026-04-01 10:21:26]   bandpass_high: 40.0
[2026-04-01 10:21:26]   bandpass_low: 0.5
[2026-04-01 10:21:26]   batch_size: 16
[2026-04-01 10:21:26]   convert_to_uV: True
[2026-04-01 10:21:26]   cv_folds: 5
[2026-04-01 10:21:26]   device: auto
[2026-04-01 10:21:26]   early_stopping_patience: 100
[2026-04-01 10:21:26]   learning_rate: 0.001
[2026-04-01 10:21:26]   n_epochs: 5000
[2026-04-01 10:21:26]   normalization_method: None
[2026-04-01 10:21:26]   normalize: False
[2026-04-01 10:21:26]   paradigm: SSVEP
[2026-04-01 10:21:26]   pretrained_url: https://huggingface.co/braindecode/SignalJEPA/resolve/main/signal-jepa_16s-60_adeuwv4s.pth
[2026-04-01 10:21:26]   seed: 4028
[2026-04-01 10:21:26]   set_seed: True
[2026-04-01 10:21:26]   sfreq: 128
[2026-04-01 10:21:26]   subjects_to_use: [51]
[2026-04-01 10:21:26]   val_split: 0.3
[2026-04-01 10:21:26] ======================================================================
[2026-04-01 10:21:26] Config saved to: /home/vegorov/Repos/eeg_jepa_research/artifacts/lee-2019-fine-tuning/SSVEP/20260401_1021_cb221e4b/config.json
[2026-04-01 10:21:26] Epoch window configuration:
[2026-04-01 10:21:26]   Target sfreq:                128 Hz
[2026-04-01 10:21:26]   Target duration:             4.190000 s
[2026-04-01 10:21:26]   Window samples (rounded):    536
[2026-04-01 10:21:26]   Base trial samples (4.0 s):  512
[2026-04-01 10:21:26]   Trial stop offset samples:   24
[2026-04-01 10:21:26]   Effective window duration:   4.187500 s
[2026-04-01 10:21:26] Using specified subjects from config: [51]
[2026-04-01 10:21:26] Selected subjects: [51]
[2026-04-01 10:21:26] Expected evaluation folds: 5

[2026-04-01 10:21:26] Building MOABBDataset for Lee2019_SSVEP...
[2026-04-01 10:21:35] MOABBDataset recordings loaded: 1
[2026-04-01 10:21:35] Discovered annotation descriptions (first recording): [np.str_('12.0'), np.str_('5.45'), np.str_('6.67'), np.str_('8.57')]
[2026-04-01 10:21:35] Dataset event_id mapping: {'12.0': 1, '8.57': 2, '6.67': 3, '5.45': 4}
[2026-04-01 10:21:35] Label map (event_code -> class_index): {1: 0, 2: 1, 3: 2, 4: 3}
[2026-04-01 10:21:35] Applying Braindecode preprocessors to MOABBDataset...
[2026-04-01 10:21:38] Preprocessing complete.

[2026-04-01 10:21:38] Post-preprocessing validation
[2026-04-01 10:21:38]   Recordings in DATASET: 1
[2026-04-01 10:21:38]   Unique subject IDs:    ['51']
[2026-04-01 10:21:38]   sfreq (first rec):     128.0 Hz
[2026-04-01 10:21:38]   EEG channel count:     62
[2026-04-01 10:21:38]   First 10 channels:     ['Fp1', 'Fp2', 'F7', 'F3', 'Fz', 'F4', 'F8', 'FC5', 'FC1', 'FC2']
[2026-04-01 10:21:38] Channel consistency summary:
[2026-04-01 10:21:38]   Checked runs: 1
[2026-04-01 10:21:38]   Unique channel counts: [62]
[2026-04-01 10:21:38]   Channel order consistent: True
[2026-04-01 10:21:38] Validated EEG channels: 62
[2026-04-01 10:21:38] First 10 EEG channels: ['Fp1', 'Fp2', 'F7', 'F3', 'Fz', 'F4', 'F8', 'FC5', 'FC1', 'FC2']
[2026-04-01 10:21:38] raw mean_abs=8.654730e+00
[2026-04-01 10:21:38] raw std=3.494582e+01
[2026-04-01 10:21:38] raw first5 channel std= [46.22404553 54.63339771 16.95830183 13.82897057 11.24366025]
[2026-04-01 10:21:38] Requested window samples: 536
[2026-04-01 10:21:38] Base trial samples:       512
[2026-04-01 10:21:38] Stop offset samples:      24
[2026-04-01 10:21:38] Global class counts: [25, 25, 25, 25]
[2026-04-01 10:21:38] Chance level (4-class): 0.25
[2026-04-01 10:21:38] One window shape: (62, 536)
[2026-04-01 10:21:38] One window label: 1
[2026-04-01 10:21:38] Window sample length expected=536, got=536
[2026-04-01 10:21:38] Subjects in window split: [51]
[2026-04-01 10:21:38] Summarizing per-subject windows...
[2026-04-01 10:21:38]   Subject 51: n_windows=100, window_shape=(62, 536), class_counts=[25, 25, 25, 25]
[2026-04-01 10:21:38]    subject_id  n_windows  n_channels  n_times      class_counts
0          51        100          62      536  [25, 25, 25, 25]
[2026-04-01 10:21:38] Window validation summary:
[2026-04-01 10:21:38]   Subject 51: n_windows=100 class_counts=[25, 25, 25, 25]

[2026-04-01 10:21:38] Validated sampling rate target: 128 Hz
[2026-04-01 10:21:38] Validated window sample count:   536
[2026-04-01 10:21:38] Validated window duration:       4.1875 s
[2026-04-01 10:21:38] Validated channel count:         62
[2026-04-01 10:21:38] Total windows retained:          100
[2026-04-01 10:21:38] Preprocessing sanity checks:
[2026-04-01 10:21:38]   One sample label: 1
[2026-04-01 10:21:38]   One sample shape: (62, 536)
[2026-04-01 10:21:38]   Mean(abs(signal)): 4.094026e+00
[2026-04-01 10:21:38]   Mean(signal):      7.346552e-09
[2026-04-01 10:21:38]   Std(signal):       5.860601e+00
[2026-04-01 10:21:38] Building model with input window duration: 4.1875 s
[2026-04-01 10:21:38] SignalJEPA_PreLocal instantiated successfully.
[2026-04-01 10:21:38]   Total parameters:     18,192
[2026-04-01 10:21:38]   Trainable parameters: 18,192
[2026-04-01 10:21:38] ======================================================================================================================================================
Layer (type (var_name):depth-idx)                  Input Shape               Output Shape              Param #                   Kernel Shape
======================================================================================================================================================
SignalJEPA_PreLocal (SignalJEPA_PreLocal)          [1, 62, 536]              [1, 4]                    --                        --
├─Sequential (spatial_conv): 1-1                   [1, 62, 536]              [1, 4, 536]               --                        --
│    └─Rearrange (0): 2-1                          [1, 62, 536]              [1, 1, 62, 536]           --                        --
│    └─Conv2d (1): 2-2                             [1, 1, 62, 536]           [1, 4, 1, 536]            252                       [62, 1]
│    └─Rearrange (2): 2-3                          [1, 4, 1, 536]            [1, 4, 536]               --                        --
├─_ConvFeatureEncoder (feature_encoder): 1-2       [1, 4, 536]               [1, 16, 64]               --                        --
│    └─Rearrange (0): 2-4                          [1, 4, 536]               [4, 1, 536]               --                        --
│    └─Sequential (1): 2-5                         [4, 1, 536]               [4, 8, 64]                --                        --
│    │    └─Conv1d (0): 3-1                        [4, 1, 536]               [4, 8, 64]                256                       [32]
│    │    └─Dropout (1): 3-2                       [4, 8, 64]                [4, 8, 64]                --                        --
│    │    └─GroupNorm (2): 3-3                     [4, 8, 64]                [4, 8, 64]                16                        --
│    │    └─GELU (3): 3-4                          [4, 8, 64]                [4, 8, 64]                --                        --
│    └─Sequential (2): 2-6                         [4, 8, 64]                [4, 16, 32]               --                        --
│    │    └─Conv1d (0): 3-5                        [4, 8, 64]                [4, 16, 32]               256                       [2]
│    │    └─Dropout (1): 3-6                       [4, 16, 32]               [4, 16, 32]               --                        --
│    │    └─GELU (2): 3-7                          [4, 16, 32]               [4, 16, 32]               --                        --
│    └─Sequential (3): 2-7                         [4, 16, 32]               [4, 32, 16]               --                        --
│    │    └─Conv1d (0): 3-8                        [4, 16, 32]               [4, 32, 16]               1,024                     [2]
│    │    └─Dropout (1): 3-9                       [4, 32, 16]               [4, 32, 16]               --                        --
│    │    └─GELU (2): 3-10                         [4, 32, 16]               [4, 32, 16]               --                        --
│    └─Sequential (4): 2-8                         [4, 32, 16]               [4, 64, 8]                --                        --
│    │    └─Conv1d (0): 3-11                       [4, 32, 16]               [4, 64, 8]                4,096                     [2]
│    │    └─Dropout (1): 3-12                      [4, 64, 8]                [4, 64, 8]                --                        --
│    │    └─GELU (2): 3-13                         [4, 64, 8]                [4, 64, 8]                --                        --
│    └─Sequential (5): 2-9                         [4, 64, 8]                [4, 64, 4]                --                        --
│    │    └─Conv1d (0): 3-14                       [4, 64, 8]                [4, 64, 4]                8,192                     [2]
│    │    └─Dropout (1): 3-15                      [4, 64, 4]                [4, 64, 4]                --                        --
│    │    └─GELU (2): 3-16                         [4, 64, 4]                [4, 64, 4]                --                        --
│    └─Rearrange (6): 2-10                         [4, 64, 4]                [1, 16, 64]               --                        --
├─Sequential (final_layer): 1-3                    [1, 16, 64]               [1, 4]                    --                        --
│    └─Flatten (0): 2-11                           [1, 16, 64]               [1, 1024]                 --                        --
│    └─Linear (1): 2-12                            [1, 1024]                 [1, 4]                    4,100                     --
======================================================================================================================================================
Total params: 18,192
Trainable params: 18,192
Non-trainable params: 0
Total mult-adds (Units.MEGABYTES): 0.57
======================================================================================================================================================
Input size (MB): 0.13
Forward/backward pass size (MB): 0.11
Params size (MB): 0.07
Estimated Total Size (MB): 0.31
======================================================================================================================================================
[2026-04-01 10:21:38] Initializing from 16s-60 pretrained checkpoint (Hugging Face):
[2026-04-01 10:21:38]   https://huggingface.co/braindecode/SignalJEPA/resolve/main/signal-jepa_16s-60_adeuwv4s.pth
[2026-04-01 10:21:38]   Downloaded 179 keys
[2026-04-01 10:21:38] ======================================================================
[2026-04-01 10:21:38] STARTING CROSS-VALIDATION
[2026-04-01 10:21:38] ======================================================================
[2026-04-01 10:21:38] Subjects:      [51]
[2026-04-01 10:21:38] CV folds:      5
[2026-04-01 10:21:38] Batch size:    16
[2026-04-01 10:21:38] Max epochs:    5000
[2026-04-01 10:21:38] Device:        cpu
[2026-04-01 10:21:38] Seed control:  True
[2026-04-01 10:21:38] Base seed:     4028
[2026-04-01 10:21:38] ======================================================================

[2026-04-01 10:21:38] Subject 51: 100 windows class_counts=[25, 25, 25, 25]
[2026-04-01 10:21:38]   Fold 1 split seed: 4029
[2026-04-01 10:21:38]   Fold 1 split class counts:
[2026-04-01 10:21:38]     train=[14, 14, 14, 14] val=[6, 6, 6, 6] test=[5, 5, 5, 5]
[2026-04-01 10:21:38]   Fold 2 split seed: 4030
[2026-04-01 10:21:38]   Fold 2 split class counts:
[2026-04-01 10:21:38]     train=[14, 14, 14, 14] val=[6, 6, 6, 6] test=[5, 5, 5, 5]
[2026-04-01 10:21:38]   Fold 3 split seed: 4031
[2026-04-01 10:21:38]   Fold 3 split class counts:
[2026-04-01 10:21:38]     train=[14, 14, 14, 14] val=[6, 6, 6, 6] test=[5, 5, 5, 5]
[2026-04-01 10:21:38]   Fold 4 split seed: 4032
[2026-04-01 10:21:38]   Fold 4 split class counts:
[2026-04-01 10:21:38]     train=[14, 14, 14, 14] val=[6, 6, 6, 6] test=[5, 5, 5, 5]
[2026-04-01 10:21:38]   Fold 5 split seed: 4033
[2026-04-01 10:21:38]   Fold 5 split class counts:
[2026-04-01 10:21:38]     train=[14, 14, 14, 14] val=[6, 6, 6, 6] test=[5, 5, 5, 5]
[2026-04-01 10:21:38]   Subject 51 Fold 1 seed: 9129
[2026-04-01 10:21:38]   Subject 51 Fold 1: n_train=56 n_val=24 n_test=20
[2026-04-01 10:21:38]     Train class counts: [14, 14, 14, 14]
[2026-04-01 10:21:38]     Val class counts:   [6, 6, 6, 6]
[2026-04-01 10:21:38]     Test class counts:  [5, 5, 5, 5]
[2026-04-01 10:21:38] Building model with input window duration: 4.1875 s
[2026-04-01 10:21:38] Pretrained weight loading:
[2026-04-01 10:21:38]   Downloaded keys:        179
[2026-04-01 10:21:38]   Filtered (transformer): 172
[2026-04-01 10:21:38]   Filtered (pos_encoder): 0
[2026-04-01 10:21:38]   Keys to load:           7
[2026-04-01 10:21:38]   Missing keys:           4
[2026-04-01 10:21:38]   Unexpected keys:        0
[2026-04-01 10:21:38]   Missing preview:        ['spatial_conv.1.weight', 'spatial_conv.1.bias', 'final_layer.1.weight', 'final_layer.1.bias']
[2026-04-01 10:21:38]   Unexpected preview:     []
[2026-04-01 10:21:38] Encoder freeze configuration:
[2026-04-01 10:21:38]   Total parameters:        18,192
[2026-04-01 10:21:38]   Trainable parameters:    4,352
[2026-04-01 10:21:38]   Training percentage:     23.9%
[2026-04-01 10:21:38]   Trainable layers: 4
[2026-04-01 10:21:38]     - final_layer.1.bias
[2026-04-01 10:21:38]     - final_layer.1.weight
[2026-04-01 10:21:38]     - spatial_conv.1.bias
[2026-04-01 10:21:38]     - spatial_conv.1.weight
[2026-04-01 10:21:38]     Train generator seeded: True
[2026-04-01 10:21:40]     Stopped epoch:            140
[2026-04-01 10:21:40]     Best epoch (valid_loss):  40
[2026-04-01 10:21:40]     Best valid_loss:          1.3698296546936035
[2026-04-01 10:21:40]     Test accuracy (primary):  0.3500
[2026-04-01 10:21:40]     Test balanced acc:        0.3500
[2026-04-01 10:21:40]     Confusion matrix:         [[2, 2, 1, 0], [2, 1, 0, 2], [1, 0, 3, 1], [0, 4, 0, 1]]
[2026-04-01 10:21:40]     Prediction histogram:     [5, 7, 4, 4]
[2026-04-01 10:21:40]     fold_acc=0.3500 fold_bal_acc=0.3500 cm=[[2, 2, 1, 0], [2, 1, 0, 2], [1, 0, 3, 1], [0, 4, 0, 1]]
[2026-04-01 10:21:40]   Subject 51 Fold 2 seed: 9130
[2026-04-01 10:21:40]   Subject 51 Fold 2: n_train=56 n_val=24 n_test=20
[2026-04-01 10:21:40]     Train class counts: [14, 14, 14, 14]
[2026-04-01 10:21:40]     Val class counts:   [6, 6, 6, 6]
[2026-04-01 10:21:40]     Test class counts:  [5, 5, 5, 5]
[2026-04-01 10:21:40] Building model with input window duration: 4.1875 s
[2026-04-01 10:21:40] Pretrained weight loading:
[2026-04-01 10:21:40]   Downloaded keys:        179
[2026-04-01 10:21:40]   Filtered (transformer): 172
[2026-04-01 10:21:40]   Filtered (pos_encoder): 0
[2026-04-01 10:21:40]   Keys to load:           7
[2026-04-01 10:21:40]   Missing keys:           4
[2026-04-01 10:21:40]   Unexpected keys:        0
[2026-04-01 10:21:40]   Missing preview:        ['spatial_conv.1.weight', 'spatial_conv.1.bias', 'final_layer.1.weight', 'final_layer.1.bias']
[2026-04-01 10:21:40]   Unexpected preview:     []
[2026-04-01 10:21:40] Encoder freeze configuration:
[2026-04-01 10:21:40]   Total parameters:        18,192
[2026-04-01 10:21:40]   Trainable parameters:    4,352
[2026-04-01 10:21:40]   Training percentage:     23.9%
[2026-04-01 10:21:40]   Trainable layers: 4
[2026-04-01 10:21:40]     - final_layer.1.bias
[2026-04-01 10:21:40]     - final_layer.1.weight
[2026-04-01 10:21:40]     - spatial_conv.1.bias
[2026-04-01 10:21:40]     - spatial_conv.1.weight
[2026-04-01 10:21:40]     Train generator seeded: True
[2026-04-01 10:21:41]     Stopped epoch:            114
[2026-04-01 10:21:41]     Best epoch (valid_loss):  15
[2026-04-01 10:21:41]     Best valid_loss:          1.380032738049825
[2026-04-01 10:21:41]     Test accuracy (primary):  0.2000
[2026-04-01 10:21:41]     Test balanced acc:        0.2000
[2026-04-01 10:21:41]     Confusion matrix:         [[1, 0, 0, 4], [1, 1, 1, 2], [2, 0, 1, 2], [0, 0, 4, 1]]
[2026-04-01 10:21:41]     Prediction histogram:     [4, 1, 6, 9]
[2026-04-01 10:21:41]     fold_acc=0.2000 fold_bal_acc=0.2000 cm=[[1, 0, 0, 4], [1, 1, 1, 2], [2, 0, 1, 2], [0, 0, 4, 1]]
[2026-04-01 10:21:41]   Subject 51 Fold 3 seed: 9131
[2026-04-01 10:21:41]   Subject 51 Fold 3: n_train=56 n_val=24 n_test=20
[2026-04-01 10:21:41]     Train class counts: [14, 14, 14, 14]
[2026-04-01 10:21:41]     Val class counts:   [6, 6, 6, 6]
[2026-04-01 10:21:41]     Test class counts:  [5, 5, 5, 5]
[2026-04-01 10:21:41] Building model with input window duration: 4.1875 s
[2026-04-01 10:21:41] Pretrained weight loading:
[2026-04-01 10:21:41]   Downloaded keys:        179
[2026-04-01 10:21:41]   Filtered (transformer): 172
[2026-04-01 10:21:41]   Filtered (pos_encoder): 0
[2026-04-01 10:21:41]   Keys to load:           7
[2026-04-01 10:21:41]   Missing keys:           4
[2026-04-01 10:21:41]   Unexpected keys:        0
[2026-04-01 10:21:41]   Missing preview:        ['spatial_conv.1.weight', 'spatial_conv.1.bias', 'final_layer.1.weight', 'final_layer.1.bias']
[2026-04-01 10:21:41]   Unexpected preview:     []
[2026-04-01 10:21:41] Encoder freeze configuration:
[2026-04-01 10:21:41]   Total parameters:        18,192
[2026-04-01 10:21:41]   Trainable parameters:    4,352
[2026-04-01 10:21:41]   Training percentage:     23.9%
[2026-04-01 10:21:41]   Trainable layers: 4
[2026-04-01 10:21:41]     - final_layer.1.bias
[2026-04-01 10:21:41]     - final_layer.1.weight
[2026-04-01 10:21:41]     - spatial_conv.1.bias
[2026-04-01 10:21:41]     - spatial_conv.1.weight
[2026-04-01 10:21:41]     Train generator seeded: True
[2026-04-01 10:21:42]     Stopped epoch:            156
[2026-04-01 10:21:42]     Best epoch (valid_loss):  56
[2026-04-01 10:21:42]     Best valid_loss:          1.3724959294001262
[2026-04-01 10:21:42]     Test accuracy (primary):  0.3500
[2026-04-01 10:21:42]     Test balanced acc:        0.3500
[2026-04-01 10:21:42]     Confusion matrix:         [[1, 0, 2, 2], [4, 0, 0, 1], [0, 1, 3, 1], [2, 0, 0, 3]]
[2026-04-01 10:21:42]     Prediction histogram:     [7, 1, 5, 7]
[2026-04-01 10:21:42]     fold_acc=0.3500 fold_bal_acc=0.3500 cm=[[1, 0, 2, 2], [4, 0, 0, 1], [0, 1, 3, 1], [2, 0, 0, 3]]
[2026-04-01 10:21:42]   Subject 51 Fold 4 seed: 9132
[2026-04-01 10:21:42]   Subject 51 Fold 4: n_train=56 n_val=24 n_test=20
[2026-04-01 10:21:42]     Train class counts: [14, 14, 14, 14]
[2026-04-01 10:21:42]     Val class counts:   [6, 6, 6, 6]
[2026-04-01 10:21:42]     Test class counts:  [5, 5, 5, 5]
[2026-04-01 10:21:42] Building model with input window duration: 4.1875 s
[2026-04-01 10:21:42] Pretrained weight loading:
[2026-04-01 10:21:42]   Downloaded keys:        179
[2026-04-01 10:21:42]   Filtered (transformer): 172
[2026-04-01 10:21:42]   Filtered (pos_encoder): 0
[2026-04-01 10:21:42]   Keys to load:           7
[2026-04-01 10:21:42]   Missing keys:           4
[2026-04-01 10:21:42]   Unexpected keys:        0
[2026-04-01 10:21:42]   Missing preview:        ['spatial_conv.1.weight', 'spatial_conv.1.bias', 'final_layer.1.weight', 'final_layer.1.bias']
[2026-04-01 10:21:42]   Unexpected preview:     []
[2026-04-01 10:21:42] Encoder freeze configuration:
[2026-04-01 10:21:42]   Total parameters:        18,192
[2026-04-01 10:21:42]   Trainable parameters:    4,352
[2026-04-01 10:21:42]   Training percentage:     23.9%
[2026-04-01 10:21:42]   Trainable layers: 4
[2026-04-01 10:21:42]     - final_layer.1.bias
[2026-04-01 10:21:42]     - final_layer.1.weight
[2026-04-01 10:21:42]     - spatial_conv.1.bias
[2026-04-01 10:21:42]     - spatial_conv.1.weight
[2026-04-01 10:21:42]     Train generator seeded: True
[2026-04-01 10:21:45]     Stopped epoch:            269
[2026-04-01 10:21:45]     Best epoch (valid_loss):  169
[2026-04-01 10:21:45]     Best valid_loss:          1.3552417357762654
[2026-04-01 10:21:45]     Test accuracy (primary):  0.3000
[2026-04-01 10:21:45]     Test balanced acc:        0.3000
[2026-04-01 10:21:45]     Confusion matrix:         [[1, 1, 1, 2], [0, 1, 1, 3], [0, 1, 3, 1], [1, 2, 1, 1]]
[2026-04-01 10:21:45]     Prediction histogram:     [2, 5, 6, 7]
[2026-04-01 10:21:45]     fold_acc=0.3000 fold_bal_acc=0.3000 cm=[[1, 1, 1, 2], [0, 1, 1, 3], [0, 1, 3, 1], [1, 2, 1, 1]]
[2026-04-01 10:21:45]   Subject 51 Fold 5 seed: 9133
[2026-04-01 10:21:45]   Subject 51 Fold 5: n_train=56 n_val=24 n_test=20
[2026-04-01 10:21:45]     Train class counts: [14, 14, 14, 14]
[2026-04-01 10:21:45]     Val class counts:   [6, 6, 6, 6]
[2026-04-01 10:21:45]     Test class counts:  [5, 5, 5, 5]
[2026-04-01 10:21:45] Building model with input window duration: 4.1875 s
[2026-04-01 10:21:45] Pretrained weight loading:
[2026-04-01 10:21:45]   Downloaded keys:        179
[2026-04-01 10:21:45]   Filtered (transformer): 172
[2026-04-01 10:21:45]   Filtered (pos_encoder): 0
[2026-04-01 10:21:45]   Keys to load:           7
[2026-04-01 10:21:45]   Missing keys:           4
[2026-04-01 10:21:45]   Unexpected keys:        0
[2026-04-01 10:21:45]   Missing preview:        ['spatial_conv.1.weight', 'spatial_conv.1.bias', 'final_layer.1.weight', 'final_layer.1.bias']
[2026-04-01 10:21:45]   Unexpected preview:     []
[2026-04-01 10:21:45] Encoder freeze configuration:
[2026-04-01 10:21:45]   Total parameters:        18,192
[2026-04-01 10:21:45]   Trainable parameters:    4,352
[2026-04-01 10:21:45]   Training percentage:     23.9%
[2026-04-01 10:21:45]   Trainable layers: 4
[2026-04-01 10:21:45]     - final_layer.1.bias
[2026-04-01 10:21:45]     - final_layer.1.weight
[2026-04-01 10:21:45]     - spatial_conv.1.bias
[2026-04-01 10:21:45]     - spatial_conv.1.weight
[2026-04-01 10:21:45]     Train generator seeded: True
[2026-04-01 10:21:47]     Stopped epoch:            204
[2026-04-01 10:21:47]     Best epoch (valid_loss):  104
[2026-04-01 10:21:47]     Best valid_loss:          1.3303987979888916
[2026-04-01 10:21:47]     Test accuracy (primary):  0.4500
[2026-04-01 10:21:47]     Test balanced acc:        0.4500
[2026-04-01 10:21:47]     Confusion matrix:         [[1, 1, 2, 1], [0, 1, 3, 1], [2, 1, 2, 0], [0, 0, 0, 5]]
[2026-04-01 10:21:47]     Prediction histogram:     [3, 3, 7, 7]
[2026-04-01 10:21:47]     fold_acc=0.4500 fold_bal_acc=0.4500 cm=[[1, 1, 2, 1], [0, 1, 3, 1], [2, 1, 2, 0], [0, 0, 0, 5]]
[2026-04-01 10:21:47]   Subject 51 mean accuracy: 0.3300

[2026-04-01 10:21:47] Total folds completed: 5
[2026-04-01 10:21:47] ======================================================================
[2026-04-01 10:21:47] AGGREGATED RESULTS
[2026-04-01 10:21:47] ======================================================================
[2026-04-01 10:21:47]   Subject 51:  acc=0.3300±0.0812  bal_acc=0.3300±0.0812
[2026-04-01 10:21:47] ----------------------------------------------------------------------
[2026-04-01 10:21:47]   OVERALL:      acc=0.3300±0.0812  bal_acc=0.3300±0.0812
[2026-04-01 10:21:47] ======================================================================
[2026-04-01 10:21:47] CV results saved to:      /home/vegorov/Repos/eeg_jepa_research/artifacts/lee-2019-fine-tuning/SSVEP/20260401_1021_cb221e4b/cv_results.json
[2026-04-01 10:21:47] Subject metrics saved to: /home/vegorov/Repos/eeg_jepa_research/artifacts/lee-2019-fine-tuning/SSVEP/20260401_1021_cb221e4b/subject_metrics.json
[2026-04-01 10:21:47] Global metrics saved to:  /home/vegorov/Repos/eeg_jepa_research/artifacts/lee-2019-fine-tuning/SSVEP/20260401_1021_cb221e4b/global_metrics.json
[2026-04-01 10:21:47] Run metadata saved to:    /home/vegorov/Repos/eeg_jepa_research/artifacts/lee-2019-fine-tuning/SSVEP/20260401_1021_cb221e4b/run_metadata.json

[2026-04-01 10:21:47] All artifacts in: /home/vegorov/Repos/eeg_jepa_research/artifacts/lee-2019-fine-tuning/SSVEP/20260401_1021_cb221e4b

[2026-04-01 10:21:47] ======================================================================
[2026-04-01 10:21:47] EXPERIMENT SUMMARY
[2026-04-01 10:21:47] ======================================================================
[2026-04-01 10:21:47] Run ID:    20260401_1021_cb221e4b
[2026-04-01 10:21:47] Artifacts: /home/vegorov/Repos/eeg_jepa_research/artifacts/lee-2019-fine-tuning/SSVEP/20260401_1021_cb221e4b

[2026-04-01 10:21:47] Configuration:
[2026-04-01 10:21:47]   Subjects:          [51]
[2026-04-01 10:21:47]   Bandpass:          0.5-40.0 Hz
[2026-04-01 10:21:47]   Resample:          128 Hz
[2026-04-01 10:21:47]   CV folds:          5
[2026-04-01 10:21:47]   Learning rate:     0.001
[2026-04-01 10:21:47]   Batch size:        16
[2026-04-01 10:21:47]   Max epochs:        5000

[2026-04-01 10:21:47] Results:
[2026-04-01 10:21:47]   Mean Accuracy:          0.3300 ± 0.0812
[2026-04-01 10:21:47]   Mean Balanced Accuracy: 0.3300 ± 0.0812
