[2026-04-01 10:18:20] Using device: cpu
[2026-04-01 10:18:20] Seed control enabled: True
[2026-04-01 10:18:20] Base seed: 4020
[2026-04-01 10:18:20] Seed initialized: 4020
[2026-04-01 10:18:20] ======================================================================
[2026-04-01 10:18:20] CONFIGURATION
[2026-04-01 10:18:20] ======================================================================
[2026-04-01 10:18:20]   artifact_dir: /home/vegorov/Repos/eeg_jepa_research/artifacts/lee-2019-fine-tuning
[2026-04-01 10:18:20]   bandpass_high: 40.0
[2026-04-01 10:18:20]   bandpass_low: 0.5
[2026-04-01 10:18:20]   batch_size: 16
[2026-04-01 10:18:20]   convert_to_uV: True
[2026-04-01 10:18:20]   cv_folds: 5
[2026-04-01 10:18:20]   device: auto
[2026-04-01 10:18:20]   early_stopping_patience: 30
[2026-04-01 10:18:20]   learning_rate: 0.001
[2026-04-01 10:18:20]   n_epochs: 5000
[2026-04-01 10:18:20]   normalization_method: None
[2026-04-01 10:18:20]   normalize: False
[2026-04-01 10:18:20]   paradigm: SSVEP
[2026-04-01 10:18:20]   pretrained_url: https://huggingface.co/braindecode/SignalJEPA/resolve/main/signal-jepa_16s-60_adeuwv4s.pth
[2026-04-01 10:18:20]   seed: 4020
[2026-04-01 10:18:20]   set_seed: True
[2026-04-01 10:18:20]   sfreq: 128
[2026-04-01 10:18:20]   subjects_to_use: [51]
[2026-04-01 10:18:20]   val_split: 0.15
[2026-04-01 10:18:20] ======================================================================
[2026-04-01 10:18:20] Config saved to: /home/vegorov/Repos/eeg_jepa_research/artifacts/lee-2019-fine-tuning/SSVEP/20260401_1018_1d061ccb/config.json
[2026-04-01 10:18:20] Epoch window configuration:
[2026-04-01 10:18:20]   Target sfreq:                128 Hz
[2026-04-01 10:18:20]   Target duration:             4.190000 s
[2026-04-01 10:18:20]   Window samples (rounded):    536
[2026-04-01 10:18:20]   Base trial samples (4.0 s):  512
[2026-04-01 10:18:20]   Trial stop offset samples:   24
[2026-04-01 10:18:20]   Effective window duration:   4.187500 s
[2026-04-01 10:18:20] Using specified subjects from config: [51]
[2026-04-01 10:18:20] Selected subjects: [51]
[2026-04-01 10:18:20] Expected evaluation folds: 5

[2026-04-01 10:18:20] Building MOABBDataset for Lee2019_SSVEP...
[2026-04-01 10:18:29] MOABBDataset recordings loaded: 1
[2026-04-01 10:18:29] Discovered annotation descriptions (first recording): [np.str_('12.0'), np.str_('5.45'), np.str_('6.67'), np.str_('8.57')]
[2026-04-01 10:18:29] Dataset event_id mapping: {'12.0': 1, '8.57': 2, '6.67': 3, '5.45': 4}
[2026-04-01 10:18:29] Label map (event_code -> class_index): {1: 0, 2: 1, 3: 2, 4: 3}
[2026-04-01 10:18:29] Applying Braindecode preprocessors to MOABBDataset...
[2026-04-01 10:18:32] Preprocessing complete.

[2026-04-01 10:18:32] Post-preprocessing validation
[2026-04-01 10:18:32]   Recordings in DATASET: 1
[2026-04-01 10:18:32]   Unique subject IDs:    ['51']
[2026-04-01 10:18:32]   sfreq (first rec):     128.0 Hz
[2026-04-01 10:18:32]   EEG channel count:     62
[2026-04-01 10:18:32]   First 10 channels:     ['Fp1', 'Fp2', 'F7', 'F3', 'Fz', 'F4', 'F8', 'FC5', 'FC1', 'FC2']
[2026-04-01 10:18:32] Channel consistency summary:
[2026-04-01 10:18:32]   Checked runs: 1
[2026-04-01 10:18:32]   Unique channel counts: [62]
[2026-04-01 10:18:32]   Channel order consistent: True
[2026-04-01 10:18:32] Validated EEG channels: 62
[2026-04-01 10:18:32] First 10 EEG channels: ['Fp1', 'Fp2', 'F7', 'F3', 'Fz', 'F4', 'F8', 'FC5', 'FC1', 'FC2']
[2026-04-01 10:18:32] raw mean_abs=8.654730e+00
[2026-04-01 10:18:32] raw std=3.494582e+01
[2026-04-01 10:18:32] raw first5 channel std= [46.22404553 54.63339771 16.95830183 13.82897057 11.24366025]
[2026-04-01 10:18:32] Requested window samples: 536
[2026-04-01 10:18:32] Base trial samples:       512
[2026-04-01 10:18:32] Stop offset samples:      24
[2026-04-01 10:18:32] Global class counts: [25, 25, 25, 25]
[2026-04-01 10:18:32] Chance level (4-class): 0.25
[2026-04-01 10:18:32] One window shape: (62, 536)
[2026-04-01 10:18:32] One window label: 1
[2026-04-01 10:18:32] Window sample length expected=536, got=536
[2026-04-01 10:18:32] Subjects in window split: [51]
[2026-04-01 10:18:32] Summarizing per-subject windows...
[2026-04-01 10:18:32]   Subject 51: n_windows=100, window_shape=(62, 536), class_counts=[25, 25, 25, 25]
[2026-04-01 10:18:32]    subject_id  n_windows  n_channels  n_times      class_counts
0          51        100          62      536  [25, 25, 25, 25]
[2026-04-01 10:18:32] Window validation summary:
[2026-04-01 10:18:32]   Subject 51: n_windows=100 class_counts=[25, 25, 25, 25]

[2026-04-01 10:18:32] Validated sampling rate target: 128 Hz
[2026-04-01 10:18:32] Validated window sample count:   536
[2026-04-01 10:18:32] Validated window duration:       4.1875 s
[2026-04-01 10:18:32] Validated channel count:         62
[2026-04-01 10:18:32] Total windows retained:          100
[2026-04-01 10:18:32] Preprocessing sanity checks:
[2026-04-01 10:18:32]   One sample label: 1
[2026-04-01 10:18:32]   One sample shape: (62, 536)
[2026-04-01 10:18:32]   Mean(abs(signal)): 4.094026e+00
[2026-04-01 10:18:32]   Mean(signal):      7.346552e-09
[2026-04-01 10:18:32]   Std(signal):       5.860601e+00
[2026-04-01 10:18:32] Building model with input window duration: 4.1875 s
[2026-04-01 10:18:32] SignalJEPA_PreLocal instantiated successfully.
[2026-04-01 10:18:32]   Total parameters:     18,192
[2026-04-01 10:18:32]   Trainable parameters: 18,192
[2026-04-01 10:18:32] ======================================================================================================================================================
Layer (type (var_name):depth-idx)                  Input Shape               Output Shape              Param #                   Kernel Shape
======================================================================================================================================================
SignalJEPA_PreLocal (SignalJEPA_PreLocal)          [1, 62, 536]              [1, 4]                    --                        --
├─Sequential (spatial_conv): 1-1                   [1, 62, 536]              [1, 4, 536]               --                        --
│    └─Rearrange (0): 2-1                          [1, 62, 536]              [1, 1, 62, 536]           --                        --
│    └─Conv2d (1): 2-2                             [1, 1, 62, 536]           [1, 4, 1, 536]            252                       [62, 1]
│    └─Rearrange (2): 2-3                          [1, 4, 1, 536]            [1, 4, 536]               --                        --
├─_ConvFeatureEncoder (feature_encoder): 1-2       [1, 4, 536]               [1, 16, 64]               --                        --
│    └─Rearrange (0): 2-4                          [1, 4, 536]               [4, 1, 536]               --                        --
│    └─Sequential (1): 2-5                         [4, 1, 536]               [4, 8, 64]                --                        --
│    │    └─Conv1d (0): 3-1                        [4, 1, 536]               [4, 8, 64]                256                       [32]
│    │    └─Dropout (1): 3-2                       [4, 8, 64]                [4, 8, 64]                --                        --
│    │    └─GroupNorm (2): 3-3                     [4, 8, 64]                [4, 8, 64]                16                        --
│    │    └─GELU (3): 3-4                          [4, 8, 64]                [4, 8, 64]                --                        --
│    └─Sequential (2): 2-6                         [4, 8, 64]                [4, 16, 32]               --                        --
│    │    └─Conv1d (0): 3-5                        [4, 8, 64]                [4, 16, 32]               256                       [2]
│    │    └─Dropout (1): 3-6                       [4, 16, 32]               [4, 16, 32]               --                        --
│    │    └─GELU (2): 3-7                          [4, 16, 32]               [4, 16, 32]               --                        --
│    └─Sequential (3): 2-7                         [4, 16, 32]               [4, 32, 16]               --                        --
│    │    └─Conv1d (0): 3-8                        [4, 16, 32]               [4, 32, 16]               1,024                     [2]
│    │    └─Dropout (1): 3-9                       [4, 32, 16]               [4, 32, 16]               --                        --
│    │    └─GELU (2): 3-10                         [4, 32, 16]               [4, 32, 16]               --                        --
│    └─Sequential (4): 2-8                         [4, 32, 16]               [4, 64, 8]                --                        --
│    │    └─Conv1d (0): 3-11                       [4, 32, 16]               [4, 64, 8]                4,096                     [2]
│    │    └─Dropout (1): 3-12                      [4, 64, 8]                [4, 64, 8]                --                        --
│    │    └─GELU (2): 3-13                         [4, 64, 8]                [4, 64, 8]                --                        --
│    └─Sequential (5): 2-9                         [4, 64, 8]                [4, 64, 4]                --                        --
│    │    └─Conv1d (0): 3-14                       [4, 64, 8]                [4, 64, 4]                8,192                     [2]
│    │    └─Dropout (1): 3-15                      [4, 64, 4]                [4, 64, 4]                --                        --
│    │    └─GELU (2): 3-16                         [4, 64, 4]                [4, 64, 4]                --                        --
│    └─Rearrange (6): 2-10                         [4, 64, 4]                [1, 16, 64]               --                        --
├─Sequential (final_layer): 1-3                    [1, 16, 64]               [1, 4]                    --                        --
│    └─Flatten (0): 2-11                           [1, 16, 64]               [1, 1024]                 --                        --
│    └─Linear (1): 2-12                            [1, 1024]                 [1, 4]                    4,100                     --
======================================================================================================================================================
Total params: 18,192
Trainable params: 18,192
Non-trainable params: 0
Total mult-adds (Units.MEGABYTES): 0.57
======================================================================================================================================================
Input size (MB): 0.13
Forward/backward pass size (MB): 0.11
Params size (MB): 0.07
Estimated Total Size (MB): 0.31
======================================================================================================================================================
[2026-04-01 10:18:32] Initializing from 16s-60 pretrained checkpoint (Hugging Face):
[2026-04-01 10:18:32]   https://huggingface.co/braindecode/SignalJEPA/resolve/main/signal-jepa_16s-60_adeuwv4s.pth
[2026-04-01 10:18:32]   Downloaded 179 keys
[2026-04-01 10:18:32] ======================================================================
[2026-04-01 10:18:32] STARTING CROSS-VALIDATION
[2026-04-01 10:18:32] ======================================================================
[2026-04-01 10:18:32] Subjects:      [51]
[2026-04-01 10:18:32] CV folds:      5
[2026-04-01 10:18:32] Batch size:    16
[2026-04-01 10:18:32] Max epochs:    5000
[2026-04-01 10:18:32] Device:        cpu
[2026-04-01 10:18:32] Seed control:  True
[2026-04-01 10:18:32] Base seed:     4020
[2026-04-01 10:18:32] ======================================================================

[2026-04-01 10:18:32] Subject 51: 100 windows class_counts=[25, 25, 25, 25]
[2026-04-01 10:18:32]   Fold 1 split seed: 4021
[2026-04-01 10:18:32]   Fold 1 split class counts:
[2026-04-01 10:18:32]     train=[17, 17, 17, 17] val=[3, 3, 3, 3] test=[5, 5, 5, 5]
[2026-04-01 10:18:32]   Fold 2 split seed: 4022
[2026-04-01 10:18:32]   Fold 2 split class counts:
[2026-04-01 10:18:32]     train=[17, 17, 17, 17] val=[3, 3, 3, 3] test=[5, 5, 5, 5]
[2026-04-01 10:18:32]   Fold 3 split seed: 4023
[2026-04-01 10:18:32]   Fold 3 split class counts:
[2026-04-01 10:18:32]     train=[17, 17, 17, 17] val=[3, 3, 3, 3] test=[5, 5, 5, 5]
[2026-04-01 10:18:32]   Fold 4 split seed: 4024
[2026-04-01 10:18:32]   Fold 4 split class counts:
[2026-04-01 10:18:32]     train=[17, 17, 17, 17] val=[3, 3, 3, 3] test=[5, 5, 5, 5]
[2026-04-01 10:18:32]   Fold 5 split seed: 4025
[2026-04-01 10:18:32]   Fold 5 split class counts:
[2026-04-01 10:18:32]     train=[17, 17, 17, 17] val=[3, 3, 3, 3] test=[5, 5, 5, 5]
[2026-04-01 10:18:32]   Subject 51 Fold 1 seed: 9121
[2026-04-01 10:18:32]   Subject 51 Fold 1: n_train=68 n_val=12 n_test=20
[2026-04-01 10:18:32]     Train class counts: [17, 17, 17, 17]
[2026-04-01 10:18:32]     Val class counts:   [3, 3, 3, 3]
[2026-04-01 10:18:32]     Test class counts:  [5, 5, 5, 5]
[2026-04-01 10:18:32] Building model with input window duration: 4.1875 s
[2026-04-01 10:18:32] Pretrained weight loading:
[2026-04-01 10:18:32]   Downloaded keys:        179
[2026-04-01 10:18:32]   Filtered (transformer): 172
[2026-04-01 10:18:32]   Filtered (pos_encoder): 0
[2026-04-01 10:18:32]   Keys to load:           7
[2026-04-01 10:18:32]   Missing keys:           4
[2026-04-01 10:18:32]   Unexpected keys:        0
[2026-04-01 10:18:32]   Missing preview:        ['spatial_conv.1.weight', 'spatial_conv.1.bias', 'final_layer.1.weight', 'final_layer.1.bias']
[2026-04-01 10:18:32]   Unexpected preview:     []
[2026-04-01 10:18:32] Encoder freeze configuration:
[2026-04-01 10:18:32]   Total parameters:        18,192
[2026-04-01 10:18:32]   Trainable parameters:    4,352
[2026-04-01 10:18:32]   Training percentage:     23.9%
[2026-04-01 10:18:32]   Trainable layers: 4
[2026-04-01 10:18:32]     - final_layer.1.bias
[2026-04-01 10:18:32]     - final_layer.1.weight
[2026-04-01 10:18:32]     - spatial_conv.1.bias
[2026-04-01 10:18:32]     - spatial_conv.1.weight
[2026-04-01 10:18:32]     Train generator seeded: True
[2026-04-01 10:18:33]     Stopped epoch:            71
[2026-04-01 10:18:33]     Best epoch (valid_loss):  41
[2026-04-01 10:18:33]     Best valid_loss:          1.3636728525161743
[2026-04-01 10:18:33]     Test accuracy (primary):  0.2500
[2026-04-01 10:18:33]     Test balanced acc:        0.2500
[2026-04-01 10:18:33]     Confusion matrix:         [[1, 2, 1, 1], [0, 0, 1, 4], [0, 1, 2, 2], [1, 1, 1, 2]]
[2026-04-01 10:18:33]     Prediction histogram:     [2, 4, 5, 9]
[2026-04-01 10:18:33]     fold_acc=0.2500 fold_bal_acc=0.2500 cm=[[1, 2, 1, 1], [0, 0, 1, 4], [0, 1, 2, 2], [1, 1, 1, 2]]
[2026-04-01 10:18:33]   Subject 51 Fold 2 seed: 9122
[2026-04-01 10:18:33]   Subject 51 Fold 2: n_train=68 n_val=12 n_test=20
[2026-04-01 10:18:33]     Train class counts: [17, 17, 17, 17]
[2026-04-01 10:18:33]     Val class counts:   [3, 3, 3, 3]
[2026-04-01 10:18:33]     Test class counts:  [5, 5, 5, 5]
[2026-04-01 10:18:33] Building model with input window duration: 4.1875 s
[2026-04-01 10:18:33] Pretrained weight loading:
[2026-04-01 10:18:33]   Downloaded keys:        179
[2026-04-01 10:18:33]   Filtered (transformer): 172
[2026-04-01 10:18:33]   Filtered (pos_encoder): 0
[2026-04-01 10:18:33]   Keys to load:           7
[2026-04-01 10:18:33]   Missing keys:           4
[2026-04-01 10:18:33]   Unexpected keys:        0
[2026-04-01 10:18:33]   Missing preview:        ['spatial_conv.1.weight', 'spatial_conv.1.bias', 'final_layer.1.weight', 'final_layer.1.bias']
[2026-04-01 10:18:33]   Unexpected preview:     []
[2026-04-01 10:18:33] Encoder freeze configuration:
[2026-04-01 10:18:33]   Total parameters:        18,192
[2026-04-01 10:18:33]   Trainable parameters:    4,352
[2026-04-01 10:18:33]   Training percentage:     23.9%
[2026-04-01 10:18:33]   Trainable layers: 4
[2026-04-01 10:18:33]     - final_layer.1.bias
[2026-04-01 10:18:33]     - final_layer.1.weight
[2026-04-01 10:18:33]     - spatial_conv.1.bias
[2026-04-01 10:18:33]     - spatial_conv.1.weight
[2026-04-01 10:18:33]     Train generator seeded: True
[2026-04-01 10:18:33]     Stopped epoch:            31
[2026-04-01 10:18:33]     Best epoch (valid_loss):  1
[2026-04-01 10:18:33]     Best valid_loss:          1.3884868621826172
[2026-04-01 10:18:33]     Test accuracy (primary):  0.2500
[2026-04-01 10:18:33]     Test balanced acc:        0.2500
[2026-04-01 10:18:33]     Confusion matrix:         [[1, 0, 0, 4], [1, 0, 0, 4], [3, 0, 0, 2], [1, 0, 0, 4]]
[2026-04-01 10:18:33]     Prediction histogram:     [6, 0, 0, 14]
[2026-04-01 10:18:33]     fold_acc=0.2500 fold_bal_acc=0.2500 cm=[[1, 0, 0, 4], [1, 0, 0, 4], [3, 0, 0, 2], [1, 0, 0, 4]]
[2026-04-01 10:18:33]   Subject 51 Fold 3 seed: 9123
[2026-04-01 10:18:33]   Subject 51 Fold 3: n_train=68 n_val=12 n_test=20
[2026-04-01 10:18:33]     Train class counts: [17, 17, 17, 17]
[2026-04-01 10:18:33]     Val class counts:   [3, 3, 3, 3]
[2026-04-01 10:18:33]     Test class counts:  [5, 5, 5, 5]
[2026-04-01 10:18:33] Building model with input window duration: 4.1875 s
[2026-04-01 10:18:33] Pretrained weight loading:
[2026-04-01 10:18:33]   Downloaded keys:        179
[2026-04-01 10:18:33]   Filtered (transformer): 172
[2026-04-01 10:18:33]   Filtered (pos_encoder): 0
[2026-04-01 10:18:33]   Keys to load:           7
[2026-04-01 10:18:33]   Missing keys:           4
[2026-04-01 10:18:33]   Unexpected keys:        0
[2026-04-01 10:18:33]   Missing preview:        ['spatial_conv.1.weight', 'spatial_conv.1.bias', 'final_layer.1.weight', 'final_layer.1.bias']
[2026-04-01 10:18:33]   Unexpected preview:     []
[2026-04-01 10:18:33] Encoder freeze configuration:
[2026-04-01 10:18:33]   Total parameters:        18,192
[2026-04-01 10:18:33]   Trainable parameters:    4,352
[2026-04-01 10:18:33]   Training percentage:     23.9%
[2026-04-01 10:18:33]   Trainable layers: 4
[2026-04-01 10:18:33]     - final_layer.1.bias
[2026-04-01 10:18:33]     - final_layer.1.weight
[2026-04-01 10:18:33]     - spatial_conv.1.bias
[2026-04-01 10:18:33]     - spatial_conv.1.weight
[2026-04-01 10:18:33]     Train generator seeded: True
[2026-04-01 10:18:34]     Stopped epoch:            31
[2026-04-01 10:18:34]     Best epoch (valid_loss):  2
[2026-04-01 10:18:34]     Best valid_loss:          1.3890657424926758
[2026-04-01 10:18:34]     Test accuracy (primary):  0.2000
[2026-04-01 10:18:34]     Test balanced acc:        0.2000
[2026-04-01 10:18:34]     Confusion matrix:         [[1, 1, 0, 3], [3, 0, 0, 2], [3, 0, 0, 2], [1, 1, 0, 3]]
[2026-04-01 10:18:34]     Prediction histogram:     [8, 2, 0, 10]
[2026-04-01 10:18:34]     fold_acc=0.2000 fold_bal_acc=0.2000 cm=[[1, 1, 0, 3], [3, 0, 0, 2], [3, 0, 0, 2], [1, 1, 0, 3]]
[2026-04-01 10:18:34]   Subject 51 Fold 4 seed: 9124
[2026-04-01 10:18:34]   Subject 51 Fold 4: n_train=68 n_val=12 n_test=20
[2026-04-01 10:18:34]     Train class counts: [17, 17, 17, 17]
[2026-04-01 10:18:34]     Val class counts:   [3, 3, 3, 3]
[2026-04-01 10:18:34]     Test class counts:  [5, 5, 5, 5]
[2026-04-01 10:18:34] Building model with input window duration: 4.1875 s
[2026-04-01 10:18:34] Pretrained weight loading:
[2026-04-01 10:18:34]   Downloaded keys:        179
[2026-04-01 10:18:34]   Filtered (transformer): 172
[2026-04-01 10:18:34]   Filtered (pos_encoder): 0
[2026-04-01 10:18:34]   Keys to load:           7
[2026-04-01 10:18:34]   Missing keys:           4
[2026-04-01 10:18:34]   Unexpected keys:        0
[2026-04-01 10:18:34]   Missing preview:        ['spatial_conv.1.weight', 'spatial_conv.1.bias', 'final_layer.1.weight', 'final_layer.1.bias']
[2026-04-01 10:18:34]   Unexpected preview:     []
[2026-04-01 10:18:34] Encoder freeze configuration:
[2026-04-01 10:18:34]   Total parameters:        18,192
[2026-04-01 10:18:34]   Trainable parameters:    4,352
[2026-04-01 10:18:34]   Training percentage:     23.9%
[2026-04-01 10:18:34]   Trainable layers: 4
[2026-04-01 10:18:34]     - final_layer.1.bias
[2026-04-01 10:18:34]     - final_layer.1.weight
[2026-04-01 10:18:34]     - spatial_conv.1.bias
[2026-04-01 10:18:34]     - spatial_conv.1.weight
[2026-04-01 10:18:34]     Train generator seeded: True
[2026-04-01 10:18:35]     Stopped epoch:            137
[2026-04-01 10:18:35]     Best epoch (valid_loss):  107
[2026-04-01 10:18:35]     Best valid_loss:          1.3336410522460938
[2026-04-01 10:18:35]     Test accuracy (primary):  0.3000
[2026-04-01 10:18:35]     Test balanced acc:        0.3000
[2026-04-01 10:18:35]     Confusion matrix:         [[1, 3, 1, 0], [0, 2, 0, 3], [1, 3, 1, 0], [1, 0, 2, 2]]
[2026-04-01 10:18:35]     Prediction histogram:     [3, 8, 4, 5]
[2026-04-01 10:18:35]     fold_acc=0.3000 fold_bal_acc=0.3000 cm=[[1, 3, 1, 0], [0, 2, 0, 3], [1, 3, 1, 0], [1, 0, 2, 2]]
[2026-04-01 10:18:35]   Subject 51 Fold 5 seed: 9125
[2026-04-01 10:18:35]   Subject 51 Fold 5: n_train=68 n_val=12 n_test=20
[2026-04-01 10:18:35]     Train class counts: [17, 17, 17, 17]
[2026-04-01 10:18:35]     Val class counts:   [3, 3, 3, 3]
[2026-04-01 10:18:35]     Test class counts:  [5, 5, 5, 5]
[2026-04-01 10:18:35] Building model with input window duration: 4.1875 s
[2026-04-01 10:18:35] Pretrained weight loading:
[2026-04-01 10:18:35]   Downloaded keys:        179
[2026-04-01 10:18:35]   Filtered (transformer): 172
[2026-04-01 10:18:35]   Filtered (pos_encoder): 0
[2026-04-01 10:18:35]   Keys to load:           7
[2026-04-01 10:18:35]   Missing keys:           4
[2026-04-01 10:18:35]   Unexpected keys:        0
[2026-04-01 10:18:35]   Missing preview:        ['spatial_conv.1.weight', 'spatial_conv.1.bias', 'final_layer.1.weight', 'final_layer.1.bias']
[2026-04-01 10:18:35]   Unexpected preview:     []
[2026-04-01 10:18:35] Encoder freeze configuration:
[2026-04-01 10:18:35]   Total parameters:        18,192
[2026-04-01 10:18:35]   Trainable parameters:    4,352
[2026-04-01 10:18:35]   Training percentage:     23.9%
[2026-04-01 10:18:35]   Trainable layers: 4
[2026-04-01 10:18:35]     - final_layer.1.bias
[2026-04-01 10:18:35]     - final_layer.1.weight
[2026-04-01 10:18:35]     - spatial_conv.1.bias
[2026-04-01 10:18:35]     - spatial_conv.1.weight
[2026-04-01 10:18:35]     Train generator seeded: True
[2026-04-01 10:18:38]     Stopped epoch:            218
[2026-04-01 10:18:38]     Best epoch (valid_loss):  188
[2026-04-01 10:18:38]     Best valid_loss:          1.2096468210220337
[2026-04-01 10:18:38]     Test accuracy (primary):  0.2500
[2026-04-01 10:18:38]     Test balanced acc:        0.2500
[2026-04-01 10:18:38]     Confusion matrix:         [[2, 1, 1, 1], [2, 0, 1, 2], [3, 0, 2, 0], [3, 1, 0, 1]]
[2026-04-01 10:18:38]     Prediction histogram:     [10, 2, 4, 4]
[2026-04-01 10:18:38]     fold_acc=0.2500 fold_bal_acc=0.2500 cm=[[2, 1, 1, 1], [2, 0, 1, 2], [3, 0, 2, 0], [3, 1, 0, 1]]
[2026-04-01 10:18:38]   Subject 51 mean accuracy: 0.2500

[2026-04-01 10:18:38] Total folds completed: 5
[2026-04-01 10:18:38] ======================================================================
[2026-04-01 10:18:38] AGGREGATED RESULTS
[2026-04-01 10:18:38] ======================================================================
[2026-04-01 10:18:38]   Subject 51:  acc=0.2500±0.0316  bal_acc=0.2500±0.0316
[2026-04-01 10:18:38] ----------------------------------------------------------------------
[2026-04-01 10:18:38]   OVERALL:      acc=0.2500±0.0316  bal_acc=0.2500±0.0316
[2026-04-01 10:18:38] ======================================================================
[2026-04-01 10:18:38] CV results saved to:      /home/vegorov/Repos/eeg_jepa_research/artifacts/lee-2019-fine-tuning/SSVEP/20260401_1018_1d061ccb/cv_results.json
[2026-04-01 10:18:38] Subject metrics saved to: /home/vegorov/Repos/eeg_jepa_research/artifacts/lee-2019-fine-tuning/SSVEP/20260401_1018_1d061ccb/subject_metrics.json
[2026-04-01 10:18:38] Global metrics saved to:  /home/vegorov/Repos/eeg_jepa_research/artifacts/lee-2019-fine-tuning/SSVEP/20260401_1018_1d061ccb/global_metrics.json
[2026-04-01 10:18:38] Run metadata saved to:    /home/vegorov/Repos/eeg_jepa_research/artifacts/lee-2019-fine-tuning/SSVEP/20260401_1018_1d061ccb/run_metadata.json

[2026-04-01 10:18:38] All artifacts in: /home/vegorov/Repos/eeg_jepa_research/artifacts/lee-2019-fine-tuning/SSVEP/20260401_1018_1d061ccb

[2026-04-01 10:18:38] ======================================================================
[2026-04-01 10:18:38] EXPERIMENT SUMMARY
[2026-04-01 10:18:38] ======================================================================
[2026-04-01 10:18:38] Run ID:    20260401_1018_1d061ccb
[2026-04-01 10:18:38] Artifacts: /home/vegorov/Repos/eeg_jepa_research/artifacts/lee-2019-fine-tuning/SSVEP/20260401_1018_1d061ccb

[2026-04-01 10:18:38] Configuration:
[2026-04-01 10:18:38]   Subjects:          [51]
[2026-04-01 10:18:38]   Bandpass:          0.5-40.0 Hz
[2026-04-01 10:18:38]   Resample:          128 Hz
[2026-04-01 10:18:38]   CV folds:          5
[2026-04-01 10:18:38]   Learning rate:     0.001
[2026-04-01 10:18:38]   Batch size:        16
[2026-04-01 10:18:38]   Max epochs:        5000

[2026-04-01 10:18:38] Results:
[2026-04-01 10:18:38]   Mean Accuracy:          0.2500 ± 0.0316
[2026-04-01 10:18:38]   Mean Balanced Accuracy: 0.2500 ± 0.0316
