[2026-04-01 10:12:07] Using device: cpu
[2026-04-01 10:12:07] Seed control enabled: True
[2026-04-01 10:12:07] Base seed: 4006
[2026-04-01 10:12:07] Seed initialized: 4006
[2026-04-01 10:12:07] ======================================================================
[2026-04-01 10:12:07] CONFIGURATION
[2026-04-01 10:12:07] ======================================================================
[2026-04-01 10:12:07]   artifact_dir: /home/vegorov/Repos/eeg_jepa_research/artifacts/lee-2019-fine-tuning
[2026-04-01 10:12:07]   bandpass_high: 45.0
[2026-04-01 10:12:07]   bandpass_low: 0.5
[2026-04-01 10:12:07]   batch_size: 16
[2026-04-01 10:12:07]   convert_to_uV: True
[2026-04-01 10:12:07]   cv_folds: 5
[2026-04-01 10:12:07]   device: auto
[2026-04-01 10:12:07]   early_stopping_patience: 50
[2026-04-01 10:12:07]   learning_rate: 0.001
[2026-04-01 10:12:07]   n_epochs: 5000
[2026-04-01 10:12:07]   normalization_method: None
[2026-04-01 10:12:07]   normalize: False
[2026-04-01 10:12:07]   paradigm: SSVEP
[2026-04-01 10:12:07]   pretrained_url: https://huggingface.co/braindecode/SignalJEPA/resolve/main/signal-jepa_16s-60_adeuwv4s.pth
[2026-04-01 10:12:07]   seed: 4006
[2026-04-01 10:12:07]   set_seed: True
[2026-04-01 10:12:07]   sfreq: 128
[2026-04-01 10:12:07]   subjects_to_use: [51]
[2026-04-01 10:12:07]   val_split: 0.2
[2026-04-01 10:12:07] ======================================================================
[2026-04-01 10:12:07] Config saved to: /home/vegorov/Repos/eeg_jepa_research/artifacts/lee-2019-fine-tuning/SSVEP/20260401_1012_0a1599db/config.json
[2026-04-01 10:12:07] Epoch window configuration:
[2026-04-01 10:12:07]   Target sfreq:                128 Hz
[2026-04-01 10:12:07]   Target duration:             4.190000 s
[2026-04-01 10:12:07]   Window samples (rounded):    536
[2026-04-01 10:12:07]   Base trial samples (4.0 s):  512
[2026-04-01 10:12:07]   Trial stop offset samples:   24
[2026-04-01 10:12:07]   Effective window duration:   4.187500 s
[2026-04-01 10:12:08] Using specified subjects from config: [51]
[2026-04-01 10:12:08] Selected subjects: [51]
[2026-04-01 10:12:08] Expected evaluation folds: 5

[2026-04-01 10:12:08] Building MOABBDataset for Lee2019_SSVEP...
[2026-04-01 10:12:16] MOABBDataset recordings loaded: 1
[2026-04-01 10:12:16] Discovered annotation descriptions (first recording): [np.str_('12.0'), np.str_('5.45'), np.str_('6.67'), np.str_('8.57')]
[2026-04-01 10:12:16] Dataset event_id mapping: {'12.0': 1, '8.57': 2, '6.67': 3, '5.45': 4}
[2026-04-01 10:12:16] Label map (event_code -> class_index): {1: 0, 2: 1, 3: 2, 4: 3}
[2026-04-01 10:12:16] Applying Braindecode preprocessors to MOABBDataset...
[2026-04-01 10:12:19] Preprocessing complete.

[2026-04-01 10:12:19] Post-preprocessing validation
[2026-04-01 10:12:19]   Recordings in DATASET: 1
[2026-04-01 10:12:19]   Unique subject IDs:    ['51']
[2026-04-01 10:12:19]   sfreq (first rec):     128.0 Hz
[2026-04-01 10:12:19]   EEG channel count:     62
[2026-04-01 10:12:19]   First 10 channels:     ['Fp1', 'Fp2', 'F7', 'F3', 'Fz', 'F4', 'F8', 'FC5', 'FC1', 'FC2']
[2026-04-01 10:12:19] Channel consistency summary:
[2026-04-01 10:12:19]   Checked runs: 1
[2026-04-01 10:12:19]   Unique channel counts: [62]
[2026-04-01 10:12:19]   Channel order consistent: True
[2026-04-01 10:12:19] Validated EEG channels: 62
[2026-04-01 10:12:19] First 10 EEG channels: ['Fp1', 'Fp2', 'F7', 'F3', 'Fz', 'F4', 'F8', 'FC5', 'FC1', 'FC2']
[2026-04-01 10:12:19] raw mean_abs=8.734272e+00
[2026-04-01 10:12:19] raw std=3.502310e+01
[2026-04-01 10:12:19] raw first5 channel std= [46.29596512 54.76591478 17.03165332 13.94961067 11.27508308]
[2026-04-01 10:12:19] Requested window samples: 536
[2026-04-01 10:12:19] Base trial samples:       512
[2026-04-01 10:12:19] Stop offset samples:      24
[2026-04-01 10:12:19] Global class counts: [25, 25, 25, 25]
[2026-04-01 10:12:19] Chance level (4-class): 0.25
[2026-04-01 10:12:19] One window shape: (62, 536)
[2026-04-01 10:12:19] One window label: 1
[2026-04-01 10:12:19] Window sample length expected=536, got=536
[2026-04-01 10:12:19] Subjects in window split: [51]
[2026-04-01 10:12:19] Summarizing per-subject windows...
[2026-04-01 10:12:19]   Subject 51: n_windows=100, window_shape=(62, 536), class_counts=[25, 25, 25, 25]
[2026-04-01 10:12:19]    subject_id  n_windows  n_channels  n_times      class_counts
0          51        100          62      536  [25, 25, 25, 25]
[2026-04-01 10:12:19] Window validation summary:
[2026-04-01 10:12:19]   Subject 51: n_windows=100 class_counts=[25, 25, 25, 25]

[2026-04-01 10:12:19] Validated sampling rate target: 128 Hz
[2026-04-01 10:12:19] Validated window sample count:   536
[2026-04-01 10:12:19] Validated window duration:       4.1875 s
[2026-04-01 10:12:19] Validated channel count:         62
[2026-04-01 10:12:19] Total windows retained:          100
[2026-04-01 10:12:19] Preprocessing sanity checks:
[2026-04-01 10:12:19]   One sample label: 1
[2026-04-01 10:12:19]   One sample shape: (62, 536)
[2026-04-01 10:12:19]   Mean(abs(signal)): 4.166610e+00
[2026-04-01 10:12:19]   Mean(signal):      -3.673276e-09
[2026-04-01 10:12:19]   Std(signal):       5.943788e+00
[2026-04-01 10:12:19] Building model with input window duration: 4.1875 s
[2026-04-01 10:12:19] SignalJEPA_PreLocal instantiated successfully.
[2026-04-01 10:12:19]   Total parameters:     18,192
[2026-04-01 10:12:19]   Trainable parameters: 18,192
[2026-04-01 10:12:19] ======================================================================================================================================================
Layer (type (var_name):depth-idx)                  Input Shape               Output Shape              Param #                   Kernel Shape
======================================================================================================================================================
SignalJEPA_PreLocal (SignalJEPA_PreLocal)          [1, 62, 536]              [1, 4]                    --                        --
├─Sequential (spatial_conv): 1-1                   [1, 62, 536]              [1, 4, 536]               --                        --
│    └─Rearrange (0): 2-1                          [1, 62, 536]              [1, 1, 62, 536]           --                        --
│    └─Conv2d (1): 2-2                             [1, 1, 62, 536]           [1, 4, 1, 536]            252                       [62, 1]
│    └─Rearrange (2): 2-3                          [1, 4, 1, 536]            [1, 4, 536]               --                        --
├─_ConvFeatureEncoder (feature_encoder): 1-2       [1, 4, 536]               [1, 16, 64]               --                        --
│    └─Rearrange (0): 2-4                          [1, 4, 536]               [4, 1, 536]               --                        --
│    └─Sequential (1): 2-5                         [4, 1, 536]               [4, 8, 64]                --                        --
│    │    └─Conv1d (0): 3-1                        [4, 1, 536]               [4, 8, 64]                256                       [32]
│    │    └─Dropout (1): 3-2                       [4, 8, 64]                [4, 8, 64]                --                        --
│    │    └─GroupNorm (2): 3-3                     [4, 8, 64]                [4, 8, 64]                16                        --
│    │    └─GELU (3): 3-4                          [4, 8, 64]                [4, 8, 64]                --                        --
│    └─Sequential (2): 2-6                         [4, 8, 64]                [4, 16, 32]               --                        --
│    │    └─Conv1d (0): 3-5                        [4, 8, 64]                [4, 16, 32]               256                       [2]
│    │    └─Dropout (1): 3-6                       [4, 16, 32]               [4, 16, 32]               --                        --
│    │    └─GELU (2): 3-7                          [4, 16, 32]               [4, 16, 32]               --                        --
│    └─Sequential (3): 2-7                         [4, 16, 32]               [4, 32, 16]               --                        --
│    │    └─Conv1d (0): 3-8                        [4, 16, 32]               [4, 32, 16]               1,024                     [2]
│    │    └─Dropout (1): 3-9                       [4, 32, 16]               [4, 32, 16]               --                        --
│    │    └─GELU (2): 3-10                         [4, 32, 16]               [4, 32, 16]               --                        --
│    └─Sequential (4): 2-8                         [4, 32, 16]               [4, 64, 8]                --                        --
│    │    └─Conv1d (0): 3-11                       [4, 32, 16]               [4, 64, 8]                4,096                     [2]
│    │    └─Dropout (1): 3-12                      [4, 64, 8]                [4, 64, 8]                --                        --
│    │    └─GELU (2): 3-13                         [4, 64, 8]                [4, 64, 8]                --                        --
│    └─Sequential (5): 2-9                         [4, 64, 8]                [4, 64, 4]                --                        --
│    │    └─Conv1d (0): 3-14                       [4, 64, 8]                [4, 64, 4]                8,192                     [2]
│    │    └─Dropout (1): 3-15                      [4, 64, 4]                [4, 64, 4]                --                        --
│    │    └─GELU (2): 3-16                         [4, 64, 4]                [4, 64, 4]                --                        --
│    └─Rearrange (6): 2-10                         [4, 64, 4]                [1, 16, 64]               --                        --
├─Sequential (final_layer): 1-3                    [1, 16, 64]               [1, 4]                    --                        --
│    └─Flatten (0): 2-11                           [1, 16, 64]               [1, 1024]                 --                        --
│    └─Linear (1): 2-12                            [1, 1024]                 [1, 4]                    4,100                     --
======================================================================================================================================================
Total params: 18,192
Trainable params: 18,192
Non-trainable params: 0
Total mult-adds (Units.MEGABYTES): 0.57
======================================================================================================================================================
Input size (MB): 0.13
Forward/backward pass size (MB): 0.11
Params size (MB): 0.07
Estimated Total Size (MB): 0.31
======================================================================================================================================================
[2026-04-01 10:12:19] Initializing from 16s-60 pretrained checkpoint (Hugging Face):
[2026-04-01 10:12:19]   https://huggingface.co/braindecode/SignalJEPA/resolve/main/signal-jepa_16s-60_adeuwv4s.pth
[2026-04-01 10:12:19]   Downloaded 179 keys
[2026-04-01 10:12:19] ======================================================================
[2026-04-01 10:12:19] STARTING CROSS-VALIDATION
[2026-04-01 10:12:19] ======================================================================
[2026-04-01 10:12:19] Subjects:      [51]
[2026-04-01 10:12:19] CV folds:      5
[2026-04-01 10:12:19] Batch size:    16
[2026-04-01 10:12:19] Max epochs:    5000
[2026-04-01 10:12:19] Device:        cpu
[2026-04-01 10:12:19] Seed control:  True
[2026-04-01 10:12:19] Base seed:     4006
[2026-04-01 10:12:19] ======================================================================

[2026-04-01 10:12:19] Subject 51: 100 windows class_counts=[25, 25, 25, 25]
[2026-04-01 10:12:19]   Fold 1 split seed: 4007
[2026-04-01 10:12:19]   Fold 1 split class counts:
[2026-04-01 10:12:19]     train=[16, 16, 16, 16] val=[4, 4, 4, 4] test=[5, 5, 5, 5]
[2026-04-01 10:12:19]   Fold 2 split seed: 4008
[2026-04-01 10:12:19]   Fold 2 split class counts:
[2026-04-01 10:12:19]     train=[16, 16, 16, 16] val=[4, 4, 4, 4] test=[5, 5, 5, 5]
[2026-04-01 10:12:19]   Fold 3 split seed: 4009
[2026-04-01 10:12:19]   Fold 3 split class counts:
[2026-04-01 10:12:19]     train=[16, 16, 16, 16] val=[4, 4, 4, 4] test=[5, 5, 5, 5]
[2026-04-01 10:12:19]   Fold 4 split seed: 4010
[2026-04-01 10:12:19]   Fold 4 split class counts:
[2026-04-01 10:12:19]     train=[16, 16, 16, 16] val=[4, 4, 4, 4] test=[5, 5, 5, 5]
[2026-04-01 10:12:19]   Fold 5 split seed: 4011
[2026-04-01 10:12:19]   Fold 5 split class counts:
[2026-04-01 10:12:19]     train=[16, 16, 16, 16] val=[4, 4, 4, 4] test=[5, 5, 5, 5]
[2026-04-01 10:12:19]   Subject 51 Fold 1 seed: 9107
[2026-04-01 10:12:19]   Subject 51 Fold 1: n_train=64 n_val=16 n_test=20
[2026-04-01 10:12:19]     Train class counts: [16, 16, 16, 16]
[2026-04-01 10:12:19]     Val class counts:   [4, 4, 4, 4]
[2026-04-01 10:12:19]     Test class counts:  [5, 5, 5, 5]
[2026-04-01 10:12:19] Building model with input window duration: 4.1875 s
[2026-04-01 10:12:19] Pretrained weight loading:
[2026-04-01 10:12:19]   Downloaded keys:        179
[2026-04-01 10:12:19]   Filtered (transformer): 172
[2026-04-01 10:12:19]   Filtered (pos_encoder): 0
[2026-04-01 10:12:19]   Keys to load:           7
[2026-04-01 10:12:19]   Missing keys:           4
[2026-04-01 10:12:19]   Unexpected keys:        0
[2026-04-01 10:12:19]   Missing preview:        ['spatial_conv.1.weight', 'spatial_conv.1.bias', 'final_layer.1.weight', 'final_layer.1.bias']
[2026-04-01 10:12:19]   Unexpected preview:     []
[2026-04-01 10:12:19] Encoder freeze configuration:
[2026-04-01 10:12:19]   Total parameters:        18,192
[2026-04-01 10:12:19]   Trainable parameters:    4,352
[2026-04-01 10:12:19]   Training percentage:     23.9%
[2026-04-01 10:12:19]   Trainable layers: 4
[2026-04-01 10:12:19]     - final_layer.1.bias
[2026-04-01 10:12:19]     - final_layer.1.weight
[2026-04-01 10:12:19]     - spatial_conv.1.bias
[2026-04-01 10:12:19]     - spatial_conv.1.weight
[2026-04-01 10:12:19]     Train generator seeded: True
[2026-04-01 10:12:20]     Stopped epoch:            51
[2026-04-01 10:12:20]     Best epoch (valid_loss):  1
[2026-04-01 10:12:20]     Best valid_loss:          1.3878567218780518
[2026-04-01 10:12:20]     Test accuracy (primary):  0.2500
[2026-04-01 10:12:20]     Test balanced acc:        0.2500
[2026-04-01 10:12:20]     Confusion matrix:         [[0, 5, 0, 0], [0, 5, 0, 0], [0, 5, 0, 0], [0, 5, 0, 0]]
[2026-04-01 10:12:20]     Prediction histogram:     [0, 20, 0, 0]
[2026-04-01 10:12:20]     fold_acc=0.2500 fold_bal_acc=0.2500 cm=[[0, 5, 0, 0], [0, 5, 0, 0], [0, 5, 0, 0], [0, 5, 0, 0]]
[2026-04-01 10:12:20]   Subject 51 Fold 2 seed: 9108
[2026-04-01 10:12:20]   Subject 51 Fold 2: n_train=64 n_val=16 n_test=20
[2026-04-01 10:12:20]     Train class counts: [16, 16, 16, 16]
[2026-04-01 10:12:20]     Val class counts:   [4, 4, 4, 4]
[2026-04-01 10:12:20]     Test class counts:  [5, 5, 5, 5]
[2026-04-01 10:12:20] Building model with input window duration: 4.1875 s
[2026-04-01 10:12:20] Pretrained weight loading:
[2026-04-01 10:12:20]   Downloaded keys:        179
[2026-04-01 10:12:20]   Filtered (transformer): 172
[2026-04-01 10:12:20]   Filtered (pos_encoder): 0
[2026-04-01 10:12:20]   Keys to load:           7
[2026-04-01 10:12:20]   Missing keys:           4
[2026-04-01 10:12:20]   Unexpected keys:        0
[2026-04-01 10:12:20]   Missing preview:        ['spatial_conv.1.weight', 'spatial_conv.1.bias', 'final_layer.1.weight', 'final_layer.1.bias']
[2026-04-01 10:12:20]   Unexpected preview:     []
[2026-04-01 10:12:20] Encoder freeze configuration:
[2026-04-01 10:12:20]   Total parameters:        18,192
[2026-04-01 10:12:20]   Trainable parameters:    4,352
[2026-04-01 10:12:20]   Training percentage:     23.9%
[2026-04-01 10:12:20]   Trainable layers: 4
[2026-04-01 10:12:20]     - final_layer.1.bias
[2026-04-01 10:12:20]     - final_layer.1.weight
[2026-04-01 10:12:20]     - spatial_conv.1.bias
[2026-04-01 10:12:20]     - spatial_conv.1.weight
[2026-04-01 10:12:20]     Train generator seeded: True
[2026-04-01 10:12:21]     Stopped epoch:            51
[2026-04-01 10:12:21]     Best epoch (valid_loss):  1
[2026-04-01 10:12:21]     Best valid_loss:          1.3866628408432007
[2026-04-01 10:12:21]     Test accuracy (primary):  0.2000
[2026-04-01 10:12:21]     Test balanced acc:        0.2000
[2026-04-01 10:12:21]     Confusion matrix:         [[0, 0, 1, 4], [0, 1, 1, 3], [0, 3, 0, 2], [0, 2, 0, 3]]
[2026-04-01 10:12:21]     Prediction histogram:     [0, 6, 2, 12]
[2026-04-01 10:12:21]     fold_acc=0.2000 fold_bal_acc=0.2000 cm=[[0, 0, 1, 4], [0, 1, 1, 3], [0, 3, 0, 2], [0, 2, 0, 3]]
[2026-04-01 10:12:21]   Subject 51 Fold 3 seed: 9109
[2026-04-01 10:12:21]   Subject 51 Fold 3: n_train=64 n_val=16 n_test=20
[2026-04-01 10:12:21]     Train class counts: [16, 16, 16, 16]
[2026-04-01 10:12:21]     Val class counts:   [4, 4, 4, 4]
[2026-04-01 10:12:21]     Test class counts:  [5, 5, 5, 5]
[2026-04-01 10:12:21] Building model with input window duration: 4.1875 s
[2026-04-01 10:12:21] Pretrained weight loading:
[2026-04-01 10:12:21]   Downloaded keys:        179
[2026-04-01 10:12:21]   Filtered (transformer): 172
[2026-04-01 10:12:21]   Filtered (pos_encoder): 0
[2026-04-01 10:12:21]   Keys to load:           7
[2026-04-01 10:12:21]   Missing keys:           4
[2026-04-01 10:12:21]   Unexpected keys:        0
[2026-04-01 10:12:21]   Missing preview:        ['spatial_conv.1.weight', 'spatial_conv.1.bias', 'final_layer.1.weight', 'final_layer.1.bias']
[2026-04-01 10:12:21]   Unexpected preview:     []
[2026-04-01 10:12:21] Encoder freeze configuration:
[2026-04-01 10:12:21]   Total parameters:        18,192
[2026-04-01 10:12:21]   Trainable parameters:    4,352
[2026-04-01 10:12:21]   Training percentage:     23.9%
[2026-04-01 10:12:21]   Trainable layers: 4
[2026-04-01 10:12:21]     - final_layer.1.bias
[2026-04-01 10:12:21]     - final_layer.1.weight
[2026-04-01 10:12:21]     - spatial_conv.1.bias
[2026-04-01 10:12:21]     - spatial_conv.1.weight
[2026-04-01 10:12:21]     Train generator seeded: True
[2026-04-01 10:12:21]     Stopped epoch:            62
[2026-04-01 10:12:21]     Best epoch (valid_loss):  13
[2026-04-01 10:12:21]     Best valid_loss:          1.3809409141540527
[2026-04-01 10:12:21]     Test accuracy (primary):  0.4000
[2026-04-01 10:12:21]     Test balanced acc:        0.4000
[2026-04-01 10:12:21]     Confusion matrix:         [[4, 0, 1, 0], [3, 1, 0, 1], [1, 2, 0, 2], [1, 1, 0, 3]]
[2026-04-01 10:12:21]     Prediction histogram:     [9, 4, 1, 6]
[2026-04-01 10:12:21]     fold_acc=0.4000 fold_bal_acc=0.4000 cm=[[4, 0, 1, 0], [3, 1, 0, 1], [1, 2, 0, 2], [1, 1, 0, 3]]
[2026-04-01 10:12:21]   Subject 51 Fold 4 seed: 9110
[2026-04-01 10:12:21]   Subject 51 Fold 4: n_train=64 n_val=16 n_test=20
[2026-04-01 10:12:21]     Train class counts: [16, 16, 16, 16]
[2026-04-01 10:12:21]     Val class counts:   [4, 4, 4, 4]
[2026-04-01 10:12:21]     Test class counts:  [5, 5, 5, 5]
[2026-04-01 10:12:21] Building model with input window duration: 4.1875 s
[2026-04-01 10:12:21] Pretrained weight loading:
[2026-04-01 10:12:21]   Downloaded keys:        179
[2026-04-01 10:12:21]   Filtered (transformer): 172
[2026-04-01 10:12:21]   Filtered (pos_encoder): 0
[2026-04-01 10:12:21]   Keys to load:           7
[2026-04-01 10:12:21]   Missing keys:           4
[2026-04-01 10:12:21]   Unexpected keys:        0
[2026-04-01 10:12:21]   Missing preview:        ['spatial_conv.1.weight', 'spatial_conv.1.bias', 'final_layer.1.weight', 'final_layer.1.bias']
[2026-04-01 10:12:21]   Unexpected preview:     []
[2026-04-01 10:12:21] Encoder freeze configuration:
[2026-04-01 10:12:21]   Total parameters:        18,192
[2026-04-01 10:12:21]   Trainable parameters:    4,352
[2026-04-01 10:12:21]   Training percentage:     23.9%
[2026-04-01 10:12:21]   Trainable layers: 4
[2026-04-01 10:12:21]     - final_layer.1.bias
[2026-04-01 10:12:21]     - final_layer.1.weight
[2026-04-01 10:12:21]     - spatial_conv.1.bias
[2026-04-01 10:12:21]     - spatial_conv.1.weight
[2026-04-01 10:12:21]     Train generator seeded: True
[2026-04-01 10:12:23]     Stopped epoch:            135
[2026-04-01 10:12:23]     Best epoch (valid_loss):  85
[2026-04-01 10:12:23]     Best valid_loss:          1.346154808998108
[2026-04-01 10:12:23]     Test accuracy (primary):  0.2500
[2026-04-01 10:12:23]     Test balanced acc:        0.2500
[2026-04-01 10:12:23]     Confusion matrix:         [[1, 1, 3, 0], [0, 1, 2, 2], [1, 1, 2, 1], [0, 2, 2, 1]]
[2026-04-01 10:12:23]     Prediction histogram:     [2, 5, 9, 4]
[2026-04-01 10:12:23]     fold_acc=0.2500 fold_bal_acc=0.2500 cm=[[1, 1, 3, 0], [0, 1, 2, 2], [1, 1, 2, 1], [0, 2, 2, 1]]
[2026-04-01 10:12:23]   Subject 51 Fold 5 seed: 9111
[2026-04-01 10:12:23]   Subject 51 Fold 5: n_train=64 n_val=16 n_test=20
[2026-04-01 10:12:23]     Train class counts: [16, 16, 16, 16]
[2026-04-01 10:12:23]     Val class counts:   [4, 4, 4, 4]
[2026-04-01 10:12:23]     Test class counts:  [5, 5, 5, 5]
[2026-04-01 10:12:23] Building model with input window duration: 4.1875 s
[2026-04-01 10:12:23] Pretrained weight loading:
[2026-04-01 10:12:23]   Downloaded keys:        179
[2026-04-01 10:12:23]   Filtered (transformer): 172
[2026-04-01 10:12:23]   Filtered (pos_encoder): 0
[2026-04-01 10:12:23]   Keys to load:           7
[2026-04-01 10:12:23]   Missing keys:           4
[2026-04-01 10:12:23]   Unexpected keys:        0
[2026-04-01 10:12:23]   Missing preview:        ['spatial_conv.1.weight', 'spatial_conv.1.bias', 'final_layer.1.weight', 'final_layer.1.bias']
[2026-04-01 10:12:23]   Unexpected preview:     []
[2026-04-01 10:12:23] Encoder freeze configuration:
[2026-04-01 10:12:23]   Total parameters:        18,192
[2026-04-01 10:12:23]   Trainable parameters:    4,352
[2026-04-01 10:12:23]   Training percentage:     23.9%
[2026-04-01 10:12:23]   Trainable layers: 4
[2026-04-01 10:12:23]     - final_layer.1.bias
[2026-04-01 10:12:23]     - final_layer.1.weight
[2026-04-01 10:12:23]     - spatial_conv.1.bias
[2026-04-01 10:12:23]     - spatial_conv.1.weight
[2026-04-01 10:12:23]     Train generator seeded: True
[2026-04-01 10:12:24]     Stopped epoch:            51
[2026-04-01 10:12:24]     Best epoch (valid_loss):  1
[2026-04-01 10:12:24]     Best valid_loss:          1.3861266374588013
[2026-04-01 10:12:24]     Test accuracy (primary):  0.3000
[2026-04-01 10:12:24]     Test balanced acc:        0.3000
[2026-04-01 10:12:24]     Confusion matrix:         [[1, 4, 0, 0], [0, 5, 0, 0], [2, 3, 0, 0], [0, 5, 0, 0]]
[2026-04-01 10:12:24]     Prediction histogram:     [3, 17, 0, 0]
[2026-04-01 10:12:24]     fold_acc=0.3000 fold_bal_acc=0.3000 cm=[[1, 4, 0, 0], [0, 5, 0, 0], [2, 3, 0, 0], [0, 5, 0, 0]]
[2026-04-01 10:12:24]   Subject 51 mean accuracy: 0.2800

[2026-04-01 10:12:24] Total folds completed: 5
[2026-04-01 10:12:24] ======================================================================
[2026-04-01 10:12:24] AGGREGATED RESULTS
[2026-04-01 10:12:24] ======================================================================
[2026-04-01 10:12:24]   Subject 51:  acc=0.2800±0.0678  bal_acc=0.2800±0.0678
[2026-04-01 10:12:24] ----------------------------------------------------------------------
[2026-04-01 10:12:24]   OVERALL:      acc=0.2800±0.0678  bal_acc=0.2800±0.0678
[2026-04-01 10:12:24] ======================================================================
[2026-04-01 10:12:24] CV results saved to:      /home/vegorov/Repos/eeg_jepa_research/artifacts/lee-2019-fine-tuning/SSVEP/20260401_1012_0a1599db/cv_results.json
[2026-04-01 10:12:24] Subject metrics saved to: /home/vegorov/Repos/eeg_jepa_research/artifacts/lee-2019-fine-tuning/SSVEP/20260401_1012_0a1599db/subject_metrics.json
[2026-04-01 10:12:24] Global metrics saved to:  /home/vegorov/Repos/eeg_jepa_research/artifacts/lee-2019-fine-tuning/SSVEP/20260401_1012_0a1599db/global_metrics.json
[2026-04-01 10:12:24] Run metadata saved to:    /home/vegorov/Repos/eeg_jepa_research/artifacts/lee-2019-fine-tuning/SSVEP/20260401_1012_0a1599db/run_metadata.json

[2026-04-01 10:12:24] All artifacts in: /home/vegorov/Repos/eeg_jepa_research/artifacts/lee-2019-fine-tuning/SSVEP/20260401_1012_0a1599db

[2026-04-01 10:12:24] ======================================================================
[2026-04-01 10:12:24] EXPERIMENT SUMMARY
[2026-04-01 10:12:24] ======================================================================
[2026-04-01 10:12:24] Run ID:    20260401_1012_0a1599db
[2026-04-01 10:12:24] Artifacts: /home/vegorov/Repos/eeg_jepa_research/artifacts/lee-2019-fine-tuning/SSVEP/20260401_1012_0a1599db

[2026-04-01 10:12:24] Configuration:
[2026-04-01 10:12:24]   Subjects:          [51]
[2026-04-01 10:12:24]   Bandpass:          0.5-45.0 Hz
[2026-04-01 10:12:24]   Resample:          128 Hz
[2026-04-01 10:12:24]   CV folds:          5
[2026-04-01 10:12:24]   Learning rate:     0.001
[2026-04-01 10:12:24]   Batch size:        16
[2026-04-01 10:12:24]   Max epochs:        5000

[2026-04-01 10:12:24] Results:
[2026-04-01 10:12:24]   Mean Accuracy:          0.2800 ± 0.0678
[2026-04-01 10:12:24]   Mean Balanced Accuracy: 0.2800 ± 0.0678
