[2026-04-15 12:53:19] Using device: cpu
[2026-04-15 12:53:19] Seed control disabled (CONFIG['set_seed'] = False)
[2026-04-15 12:53:19] ======================================================================
[2026-04-15 12:53:19] CONFIGURATION
[2026-04-15 12:53:19] ======================================================================
[2026-04-15 12:53:19]   artifact_dir: /home/vegorov/Repos/eeg_jepa_research/artifacts/lee-2019-fine-tuning
[2026-04-15 12:53:19]   bandpass_high: 40.0
[2026-04-15 12:53:19]   bandpass_low: 0.5
[2026-04-15 12:53:19]   batch_size: 32
[2026-04-15 12:53:19]   convert_to_uV: True
[2026-04-15 12:53:19]   cv_folds: 5
[2026-04-15 12:53:19]   early_stopping_patience: 50
[2026-04-15 12:53:19]   learning_rate: None
[2026-04-15 12:53:19]   model_name: SignalJEPA_Contextual
[2026-04-15 12:53:19]   n_epochs: 5000
[2026-04-15 12:53:19]   paradigm: MI
[2026-04-15 12:53:19]   pretrained_url: https://huggingface.co/braindecode/SignalJEPA/resolve/main/signal-jepa_16s-60_adeuwv4s.pth
[2026-04-15 12:53:19]   seed: None
[2026-04-15 12:53:19]   set_eeg_reference: True
[2026-04-15 12:53:19]   set_seed: False
[2026-04-15 12:53:19]   set_standard_montage: True
[2026-04-15 12:53:19]   sfreq: 128
[2026-04-15 12:53:19]   strategy: new
[2026-04-15 12:53:19]   subjects_to_use: None
[2026-04-15 12:53:19]   val_split: 0.2
[2026-04-15 12:53:19]   warmup_epochs: 10
[2026-04-15 12:53:19] ======================================================================
[2026-04-15 12:53:19] Config saved to: /home/vegorov/Repos/eeg_jepa_research/artifacts/lee-2019-fine-tuning/MI/20260415_1253_e64b3856/config.json
[2026-04-15 12:53:19] Epoch window configuration:
[2026-04-15 12:53:19]   Target sfreq:                128 Hz
[2026-04-15 12:53:19]   Target duration:             4.190000 s
[2026-04-15 12:53:19]   Window samples (rounded):    536
[2026-04-15 12:53:19]   Base trial samples (4.0 s):  512
[2026-04-15 12:53:19]   Trial stop offset samples:   24
[2026-04-15 12:53:19]   Effective window duration:   4.187500 s
[2026-04-15 12:53:19] Dataset code: Lee2019-MI
[2026-04-15 12:53:19] Subjects Total: 54
[2026-04-15 12:53:19] Events: {'left_hand': 2, 'right_hand': 1}
[2026-04-15 12:53:19] Interval: [0.0, 4.0]
[2026-04-15 12:53:19] Paradigm: imagery
[2026-04-15 12:53:19] Selected subjects: [48, 49, 50, 51, 52, 53, 54]
[2026-04-15 12:53:19] Expected evaluation folds: 35

[2026-04-15 12:53:19] Building MOABBDataset for Lee2019_MI...
[2026-04-15 12:54:25] MOABBDataset recordings loaded: 14
[2026-04-15 12:54:25] Discovered annotation descriptions (first recording): [np.str_('left_hand'), np.str_('right_hand')]
[2026-04-15 12:54:25] Dataset event_id mapping: {'right_hand': 1, 'left_hand': 2}
[2026-04-15 12:54:25] Label map (event_code -> class_index): {1: 0, 2: 1}
[2026-04-15 12:54:25] Applying Braindecode preprocessors to MOABBDataset...
[2026-04-15 12:55:08] Preprocessing complete.

[2026-04-15 12:55:08] Post-preprocessing validation
[2026-04-15 12:55:08]   Recordings in DATASET: 14
[2026-04-15 12:55:08]   Unique subject IDs:    ['48', '49', '50', '51', '52', '53', '54']
[2026-04-15 12:55:08]   sfreq (first rec):     128.0 Hz
[2026-04-15 12:55:08]   EEG channel count:     62
[2026-04-15 12:55:08]   First 10 channels:     ['Fp1', 'Fp2', 'F7', 'F3', 'Fz', 'F4', 'F8', 'FC5', 'FC1', 'FC2']
[2026-04-15 12:55:08] EEG channel #: 62
[2026-04-15 12:55:08] First 10 EEG channels: ['Fp1', 'Fp2', 'F7', 'F3', 'Fz', 'F4', 'F8', 'FC5', 'FC1', 'FC2']
[2026-04-15 12:55:08] Channel-location ranges (x, y, z):
[2026-04-15 12:55:08]   x: min=-0.087556, max=0.084222, span=0.171778
[2026-04-15 12:55:08]   y: min=-0.082783, max=0.115346, span=0.198129
[2026-04-15 12:55:08]   z: min=-0.013156, max=0.141549, span=0.154705
[2026-04-15 12:55:08] Requested window samples: 536
[2026-04-15 12:55:08] Base trial samples:       512
[2026-04-15 12:55:08] Stop offset samples:      24
[2026-04-15 12:55:08] Global class counts: [700, 700]
[2026-04-15 12:55:08] Chance level (2-class): 0.50
[2026-04-15 12:55:08] One window shape: (62, 536)
[2026-04-15 12:55:08] One window label: 0
[2026-04-15 12:55:08] Window sample length expected=536, got=536
[2026-04-15 12:55:08] Subjects in window split: [48, 49, 50, 51, 52, 53, 54]
[2026-04-15 12:55:08] Summarizing per-subject windows...
[2026-04-15 12:55:08]   Subject 48: n_windows=200, window_shape=(62, 536), class_counts=[100, 100]
[2026-04-15 12:55:08]   Subject 49: n_windows=200, window_shape=(62, 536), class_counts=[100, 100]
[2026-04-15 12:55:08]   Subject 50: n_windows=200, window_shape=(62, 536), class_counts=[100, 100]
[2026-04-15 12:55:08]   Subject 51: n_windows=200, window_shape=(62, 536), class_counts=[100, 100]
[2026-04-15 12:55:08]   Subject 52: n_windows=200, window_shape=(62, 536), class_counts=[100, 100]
[2026-04-15 12:55:08]   Subject 53: n_windows=200, window_shape=(62, 536), class_counts=[100, 100]
[2026-04-15 12:55:08]   Subject 54: n_windows=200, window_shape=(62, 536), class_counts=[100, 100]
[2026-04-15 12:55:08]    subject_id  n_windows  n_channels  n_times class_counts
0          48        200          62      536   [100, 100]
1          49        200          62      536   [100, 100]
2          50        200          62      536   [100, 100]
3          51        200          62      536   [100, 100]
4          52        200          62      536   [100, 100]
5          53        200          62      536   [100, 100]
6          54        200          62      536   [100, 100]
[2026-04-15 12:55:08] Window validation summary:
[2026-04-15 12:55:08]   Subject 48: n_windows=200 class_counts=[100, 100]
[2026-04-15 12:55:08]   Subject 49: n_windows=200 class_counts=[100, 100]
[2026-04-15 12:55:08]   Subject 50: n_windows=200 class_counts=[100, 100]
[2026-04-15 12:55:08]   Subject 51: n_windows=200 class_counts=[100, 100]
[2026-04-15 12:55:08]   Subject 52: n_windows=200 class_counts=[100, 100]
[2026-04-15 12:55:08]   Subject 53: n_windows=200 class_counts=[100, 100]
[2026-04-15 12:55:08]   Subject 54: n_windows=200 class_counts=[100, 100]

[2026-04-15 12:55:08] Validated sampling rate target: 128 Hz
[2026-04-15 12:55:08] Validated window sample count:   536
[2026-04-15 12:55:08] Validated window duration:       4.1875 s
[2026-04-15 12:55:08] Validated channel count:         62
[2026-04-15 12:55:08] Total windows retained:          1400
[2026-04-15 12:55:08] Preprocessing sanity checks:
[2026-04-15 12:55:08]   One sample label: 0
[2026-04-15 12:55:08]   One sample shape: (62, 536)
[2026-04-15 12:55:08]   Mean(abs(signal)): 4.285096e+00
[2026-04-15 12:55:08]   Mean(signal):      1.836638e-09
[2026-04-15 12:55:08]   Std(signal):       7.102184e+00
[2026-04-15 12:55:08] Contextual channel-loc fix applied: copied loc[0:3] -> loc[3:6] to avoid degenerate positional-encoding ranges.
[2026-04-15 12:55:09] SignalJEPA_Contextual instantiated successfully.
[2026-04-15 12:55:09]   Total parameters:     3,459,154
[2026-04-15 12:55:09]   Trainable parameters: 3,459,154
[2026-04-15 12:55:09] Initializing from 16s-60 pretrained checkpoint (Hugging Face):
[2026-04-15 12:55:09]   https://huggingface.co/braindecode/SignalJEPA/resolve/main/signal-jepa_16s-60_adeuwv4s.pth
[2026-04-15 12:55:09]   Downloaded 179 keys
[2026-04-15 12:55:09] ======================================================================
[2026-04-15 12:55:09] STARTING CROSS-VALIDATION
[2026-04-15 12:55:09] ======================================================================
[2026-04-15 12:55:09] Subjects:      [48, 49, 50, 51, 52, 53, 54]
[2026-04-15 12:55:09] Paradigm:      MI
[2026-04-15 12:55:09] Model:         SignalJEPA_Contextual
[2026-04-15 12:55:09] Strategy:      new
[2026-04-15 12:55:09] Warm-up epochs:10
[2026-04-15 12:55:09] CV folds:      5
[2026-04-15 12:55:09] Batch size:    32
[2026-04-15 12:55:09] Max epochs:    5000
[2026-04-15 12:55:09] Device:        cpu
[2026-04-15 12:55:09] Seed control:  False
[2026-04-15 12:55:09] Base seed:     None
[2026-04-15 12:55:09] ======================================================================

[2026-04-15 12:55:09] Subject 48: 200 windows | class_counts=[100, 100]
[2026-04-15 12:55:09] Contextual channel-loc fix applied: copied loc[0:3] -> loc[3:6] to avoid degenerate positional-encoding ranges.
[2026-04-15 12:55:09]     Downstream model:   SignalJEPA_Contextual
[2026-04-15 12:55:09]     Fine-tune strategy: new
[2026-04-15 12:55:09]     Warm-up active:     False
[2026-04-15 12:55:09]     Warm-up epochs:     10
[2026-04-15 12:55:09]     Missing keys:       ['pos_encoder.pos_encoder_spat.weight', 'final_layer.spat_conv.weight', 'final_layer.spat_conv.bias', 'final_layer.linear.weight', 'final_layer.linear.bias']
[2026-04-15 12:55:09]     Contextual note: missing pos_encoder keys are expected for this checkpoint configuration and will be trained as downstream-added parameters.
[2026-04-15 12:55:09]     Phase 1 (new):
[2026-04-15 12:55:09]       Trainable groups: ['pos_encoder.', 'final_layer.']
[2026-04-15 12:55:09]       Trainable params: 4,162 / 3,459,154 (0.1%)
[2026-04-15 12:55:09]     Sanity check passed: finite logits/loss on one training batch for SignalJEPA_Contextual.
[2026-04-15 13:04:59]   Fold 1/5 | best_epoch=67 | stop=81 | val_loss=0.6931 | acc=0.5000 | bal_acc=0.5000
[2026-04-15 13:04:59] Contextual channel-loc fix applied: copied loc[0:3] -> loc[3:6] to avoid degenerate positional-encoding ranges.
[2026-04-15 13:04:59]     Downstream model:   SignalJEPA_Contextual
[2026-04-15 13:04:59]     Fine-tune strategy: new
[2026-04-15 13:04:59]     Warm-up active:     False
[2026-04-15 13:04:59]     Warm-up epochs:     10
[2026-04-15 13:04:59]     Missing keys:       ['pos_encoder.pos_encoder_spat.weight', 'final_layer.spat_conv.weight', 'final_layer.spat_conv.bias', 'final_layer.linear.weight', 'final_layer.linear.bias']
[2026-04-15 13:04:59]     Contextual note: missing pos_encoder keys are expected for this checkpoint configuration and will be trained as downstream-added parameters.
[2026-04-15 13:04:59]     Phase 1 (new):
[2026-04-15 13:04:59]       Trainable groups: ['pos_encoder.', 'final_layer.']
[2026-04-15 13:04:59]       Trainable params: 4,162 / 3,459,154 (0.1%)
[2026-04-15 13:04:59]     Sanity check passed: finite logits/loss on one training batch for SignalJEPA_Contextual.
[2026-04-15 13:12:16]   Fold 2/5 | best_epoch=58 | stop=59 | val_loss=0.6932 | acc=0.5000 | bal_acc=0.5000
[2026-04-15 13:12:16] Contextual channel-loc fix applied: copied loc[0:3] -> loc[3:6] to avoid degenerate positional-encoding ranges.
[2026-04-15 13:12:16]     Downstream model:   SignalJEPA_Contextual
[2026-04-15 13:12:16]     Fine-tune strategy: new
[2026-04-15 13:12:16]     Warm-up active:     False
[2026-04-15 13:12:16]     Warm-up epochs:     10
[2026-04-15 13:12:16]     Missing keys:       ['pos_encoder.pos_encoder_spat.weight', 'final_layer.spat_conv.weight', 'final_layer.spat_conv.bias', 'final_layer.linear.weight', 'final_layer.linear.bias']
[2026-04-15 13:12:16]     Contextual note: missing pos_encoder keys are expected for this checkpoint configuration and will be trained as downstream-added parameters.
[2026-04-15 13:12:16]     Phase 1 (new):
[2026-04-15 13:12:16]       Trainable groups: ['pos_encoder.', 'final_layer.']
[2026-04-15 13:12:16]       Trainable params: 4,162 / 3,459,154 (0.1%)
[2026-04-15 13:12:16]     Sanity check passed: finite logits/loss on one training batch for SignalJEPA_Contextual.
[2026-04-15 13:20:35]   Fold 3/5 | best_epoch=40 | stop=68 | val_loss=0.6931 | acc=0.5000 | bal_acc=0.5000
[2026-04-15 13:20:35] Contextual channel-loc fix applied: copied loc[0:3] -> loc[3:6] to avoid degenerate positional-encoding ranges.
[2026-04-15 13:20:35]     Downstream model:   SignalJEPA_Contextual
[2026-04-15 13:20:35]     Fine-tune strategy: new
[2026-04-15 13:20:35]     Warm-up active:     False
[2026-04-15 13:20:35]     Warm-up epochs:     10
[2026-04-15 13:20:35]     Missing keys:       ['pos_encoder.pos_encoder_spat.weight', 'final_layer.spat_conv.weight', 'final_layer.spat_conv.bias', 'final_layer.linear.weight', 'final_layer.linear.bias']
[2026-04-15 13:20:35]     Contextual note: missing pos_encoder keys are expected for this checkpoint configuration and will be trained as downstream-added parameters.
[2026-04-15 13:20:35]     Phase 1 (new):
[2026-04-15 13:20:35]       Trainable groups: ['pos_encoder.', 'final_layer.']
[2026-04-15 13:20:35]       Trainable params: 4,162 / 3,459,154 (0.1%)
[2026-04-15 13:20:36]     Sanity check passed: finite logits/loss on one training batch for SignalJEPA_Contextual.
[2026-04-15 13:28:12]   Fold 4/5 | best_epoch=35 | stop=62 | val_loss=0.6931 | acc=0.5000 | bal_acc=0.5000
[2026-04-15 13:28:12] Contextual channel-loc fix applied: copied loc[0:3] -> loc[3:6] to avoid degenerate positional-encoding ranges.
[2026-04-15 13:28:12]     Downstream model:   SignalJEPA_Contextual
[2026-04-15 13:28:12]     Fine-tune strategy: new
[2026-04-15 13:28:12]     Warm-up active:     False
[2026-04-15 13:28:12]     Warm-up epochs:     10
[2026-04-15 13:28:12]     Missing keys:       ['pos_encoder.pos_encoder_spat.weight', 'final_layer.spat_conv.weight', 'final_layer.spat_conv.bias', 'final_layer.linear.weight', 'final_layer.linear.bias']
[2026-04-15 13:28:12]     Contextual note: missing pos_encoder keys are expected for this checkpoint configuration and will be trained as downstream-added parameters.
[2026-04-15 13:28:12]     Phase 1 (new):
[2026-04-15 13:28:12]       Trainable groups: ['pos_encoder.', 'final_layer.']
[2026-04-15 13:28:12]       Trainable params: 4,162 / 3,459,154 (0.1%)
[2026-04-15 13:28:12]     Sanity check passed: finite logits/loss on one training batch for SignalJEPA_Contextual.
[2026-04-15 13:35:00]   Fold 5/5 | best_epoch=27 | stop=55 | val_loss=0.6932 | acc=0.5000 | bal_acc=0.5000
[2026-04-15 13:35:00]   Subject 48 summary: acc=0.5000±0.0000  bal_acc=0.5000±0.0000

[2026-04-15 13:35:00] Subject 49: 200 windows | class_counts=[100, 100]
[2026-04-15 13:35:00] Contextual channel-loc fix applied: copied loc[0:3] -> loc[3:6] to avoid degenerate positional-encoding ranges.
[2026-04-15 13:35:00]     Downstream model:   SignalJEPA_Contextual
[2026-04-15 13:35:00]     Fine-tune strategy: new
[2026-04-15 13:35:00]     Warm-up active:     False
[2026-04-15 13:35:00]     Warm-up epochs:     10
[2026-04-15 13:35:00]     Missing keys:       ['pos_encoder.pos_encoder_spat.weight', 'final_layer.spat_conv.weight', 'final_layer.spat_conv.bias', 'final_layer.linear.weight', 'final_layer.linear.bias']
[2026-04-15 13:35:00]     Contextual note: missing pos_encoder keys are expected for this checkpoint configuration and will be trained as downstream-added parameters.
[2026-04-15 13:35:00]     Phase 1 (new):
[2026-04-15 13:35:00]       Trainable groups: ['pos_encoder.', 'final_layer.']
[2026-04-15 13:35:00]       Trainable params: 4,162 / 3,459,154 (0.1%)
[2026-04-15 13:35:00]     Sanity check passed: finite logits/loss on one training batch for SignalJEPA_Contextual.
[2026-04-15 13:43:54]   Fold 1/5 | best_epoch=35 | stop=72 | val_loss=0.6931 | acc=0.5000 | bal_acc=0.5000
[2026-04-15 13:43:54] Contextual channel-loc fix applied: copied loc[0:3] -> loc[3:6] to avoid degenerate positional-encoding ranges.
[2026-04-15 13:43:54]     Downstream model:   SignalJEPA_Contextual
[2026-04-15 13:43:54]     Fine-tune strategy: new
[2026-04-15 13:43:54]     Warm-up active:     False
[2026-04-15 13:43:54]     Warm-up epochs:     10
[2026-04-15 13:43:54]     Missing keys:       ['pos_encoder.pos_encoder_spat.weight', 'final_layer.spat_conv.weight', 'final_layer.spat_conv.bias', 'final_layer.linear.weight', 'final_layer.linear.bias']
[2026-04-15 13:43:54]     Contextual note: missing pos_encoder keys are expected for this checkpoint configuration and will be trained as downstream-added parameters.
[2026-04-15 13:43:54]     Phase 1 (new):
[2026-04-15 13:43:54]       Trainable groups: ['pos_encoder.', 'final_layer.']
[2026-04-15 13:43:54]       Trainable params: 4,162 / 3,459,154 (0.1%)
[2026-04-15 13:43:55]     Sanity check passed: finite logits/loss on one training batch for SignalJEPA_Contextual.
[2026-04-15 13:54:08]   Fold 2/5 | best_epoch=57 | stop=83 | val_loss=0.6931 | acc=0.5000 | bal_acc=0.5000
[2026-04-15 13:54:08] Contextual channel-loc fix applied: copied loc[0:3] -> loc[3:6] to avoid degenerate positional-encoding ranges.
[2026-04-15 13:54:08]     Downstream model:   SignalJEPA_Contextual
[2026-04-15 13:54:08]     Fine-tune strategy: new
[2026-04-15 13:54:08]     Warm-up active:     False
[2026-04-15 13:54:08]     Warm-up epochs:     10
[2026-04-15 13:54:08]     Missing keys:       ['pos_encoder.pos_encoder_spat.weight', 'final_layer.spat_conv.weight', 'final_layer.spat_conv.bias', 'final_layer.linear.weight', 'final_layer.linear.bias']
[2026-04-15 13:54:08]     Contextual note: missing pos_encoder keys are expected for this checkpoint configuration and will be trained as downstream-added parameters.
[2026-04-15 13:54:08]     Phase 1 (new):
[2026-04-15 13:54:08]       Trainable groups: ['pos_encoder.', 'final_layer.']
[2026-04-15 13:54:08]       Trainable params: 4,162 / 3,459,154 (0.1%)
[2026-04-15 13:54:08]     Sanity check passed: finite logits/loss on one training batch for SignalJEPA_Contextual.
[2026-04-15 14:02:54]   Fold 3/5 | best_epoch=32 | stop=71 | val_loss=0.6931 | acc=0.5000 | bal_acc=0.5000
[2026-04-15 14:02:54] Contextual channel-loc fix applied: copied loc[0:3] -> loc[3:6] to avoid degenerate positional-encoding ranges.
[2026-04-15 14:02:54]     Downstream model:   SignalJEPA_Contextual
[2026-04-15 14:02:54]     Fine-tune strategy: new
[2026-04-15 14:02:54]     Warm-up active:     False
[2026-04-15 14:02:54]     Warm-up epochs:     10
[2026-04-15 14:02:54]     Missing keys:       ['pos_encoder.pos_encoder_spat.weight', 'final_layer.spat_conv.weight', 'final_layer.spat_conv.bias', 'final_layer.linear.weight', 'final_layer.linear.bias']
[2026-04-15 14:02:54]     Contextual note: missing pos_encoder keys are expected for this checkpoint configuration and will be trained as downstream-added parameters.
[2026-04-15 14:02:54]     Phase 1 (new):
[2026-04-15 14:02:54]       Trainable groups: ['pos_encoder.', 'final_layer.']
[2026-04-15 14:02:54]       Trainable params: 4,162 / 3,459,154 (0.1%)
[2026-04-15 14:02:54]     Sanity check passed: finite logits/loss on one training batch for SignalJEPA_Contextual.
[2026-04-15 14:12:17]   Fold 4/5 | best_epoch=58 | stop=76 | val_loss=0.6932 | acc=0.5000 | bal_acc=0.5000
[2026-04-15 14:12:17] Contextual channel-loc fix applied: copied loc[0:3] -> loc[3:6] to avoid degenerate positional-encoding ranges.
[2026-04-15 14:12:17]     Downstream model:   SignalJEPA_Contextual
[2026-04-15 14:12:17]     Fine-tune strategy: new
[2026-04-15 14:12:17]     Warm-up active:     False
[2026-04-15 14:12:17]     Warm-up epochs:     10
[2026-04-15 14:12:17]     Missing keys:       ['pos_encoder.pos_encoder_spat.weight', 'final_layer.spat_conv.weight', 'final_layer.spat_conv.bias', 'final_layer.linear.weight', 'final_layer.linear.bias']
[2026-04-15 14:12:17]     Contextual note: missing pos_encoder keys are expected for this checkpoint configuration and will be trained as downstream-added parameters.
[2026-04-15 14:12:17]     Phase 1 (new):
[2026-04-15 14:12:17]       Trainable groups: ['pos_encoder.', 'final_layer.']
[2026-04-15 14:12:17]       Trainable params: 4,162 / 3,459,154 (0.1%)
[2026-04-15 14:12:17]     Sanity check passed: finite logits/loss on one training batch for SignalJEPA_Contextual.
[2026-04-15 14:22:04]   Fold 5/5 | best_epoch=43 | stop=79 | val_loss=0.6932 | acc=0.5000 | bal_acc=0.5000
[2026-04-15 14:22:04]   Subject 49 summary: acc=0.5000±0.0000  bal_acc=0.5000±0.0000

[2026-04-15 14:22:04] Subject 50: 200 windows | class_counts=[100, 100]
[2026-04-15 14:22:04] Contextual channel-loc fix applied: copied loc[0:3] -> loc[3:6] to avoid degenerate positional-encoding ranges.
[2026-04-15 14:22:04]     Downstream model:   SignalJEPA_Contextual
[2026-04-15 14:22:04]     Fine-tune strategy: new
[2026-04-15 14:22:04]     Warm-up active:     False
[2026-04-15 14:22:04]     Warm-up epochs:     10
[2026-04-15 14:22:04]     Missing keys:       ['pos_encoder.pos_encoder_spat.weight', 'final_layer.spat_conv.weight', 'final_layer.spat_conv.bias', 'final_layer.linear.weight', 'final_layer.linear.bias']
[2026-04-15 14:22:04]     Contextual note: missing pos_encoder keys are expected for this checkpoint configuration and will be trained as downstream-added parameters.
[2026-04-15 14:22:04]     Phase 1 (new):
[2026-04-15 14:22:04]       Trainable groups: ['pos_encoder.', 'final_layer.']
[2026-04-15 14:22:04]       Trainable params: 4,162 / 3,459,154 (0.1%)
[2026-04-15 14:22:04]     Sanity check passed: finite logits/loss on one training batch for SignalJEPA_Contextual.
[2026-04-15 14:29:58]   Fold 1/5 | best_epoch=31 | stop=64 | val_loss=0.6932 | acc=0.5000 | bal_acc=0.5000
[2026-04-15 14:29:58] Contextual channel-loc fix applied: copied loc[0:3] -> loc[3:6] to avoid degenerate positional-encoding ranges.
[2026-04-15 14:29:58]     Downstream model:   SignalJEPA_Contextual
[2026-04-15 14:29:58]     Fine-tune strategy: new
[2026-04-15 14:29:58]     Warm-up active:     False
[2026-04-15 14:29:58]     Warm-up epochs:     10
[2026-04-15 14:29:58]     Missing keys:       ['pos_encoder.pos_encoder_spat.weight', 'final_layer.spat_conv.weight', 'final_layer.spat_conv.bias', 'final_layer.linear.weight', 'final_layer.linear.bias']
[2026-04-15 14:29:58]     Contextual note: missing pos_encoder keys are expected for this checkpoint configuration and will be trained as downstream-added parameters.
[2026-04-15 14:29:58]     Phase 1 (new):
[2026-04-15 14:29:58]       Trainable groups: ['pos_encoder.', 'final_layer.']
[2026-04-15 14:29:58]       Trainable params: 4,162 / 3,459,154 (0.1%)
[2026-04-15 14:29:58]     Sanity check passed: finite logits/loss on one training batch for SignalJEPA_Contextual.
[2026-04-15 14:42:38]   Fold 2/5 | best_epoch=64 | stop=102 | val_loss=0.6931 | acc=0.5000 | bal_acc=0.5000
[2026-04-15 14:42:38] Contextual channel-loc fix applied: copied loc[0:3] -> loc[3:6] to avoid degenerate positional-encoding ranges.
[2026-04-15 14:42:38]     Downstream model:   SignalJEPA_Contextual
[2026-04-15 14:42:38]     Fine-tune strategy: new
[2026-04-15 14:42:38]     Warm-up active:     False
[2026-04-15 14:42:38]     Warm-up epochs:     10
[2026-04-15 14:42:38]     Missing keys:       ['pos_encoder.pos_encoder_spat.weight', 'final_layer.spat_conv.weight', 'final_layer.spat_conv.bias', 'final_layer.linear.weight', 'final_layer.linear.bias']
[2026-04-15 14:42:38]     Contextual note: missing pos_encoder keys are expected for this checkpoint configuration and will be trained as downstream-added parameters.
[2026-04-15 14:42:38]     Phase 1 (new):
[2026-04-15 14:42:38]       Trainable groups: ['pos_encoder.', 'final_layer.']
[2026-04-15 14:42:38]       Trainable params: 4,162 / 3,459,154 (0.1%)
[2026-04-15 14:42:38]     Sanity check passed: finite logits/loss on one training batch for SignalJEPA_Contextual.
[2026-04-15 14:49:40]   Fold 3/5 | best_epoch=7 | stop=57 | val_loss=0.6931 | acc=0.5000 | bal_acc=0.5000
[2026-04-15 14:49:40] Contextual channel-loc fix applied: copied loc[0:3] -> loc[3:6] to avoid degenerate positional-encoding ranges.
[2026-04-15 14:49:40]     Downstream model:   SignalJEPA_Contextual
[2026-04-15 14:49:40]     Fine-tune strategy: new
[2026-04-15 14:49:40]     Warm-up active:     False
[2026-04-15 14:49:40]     Warm-up epochs:     10
[2026-04-15 14:49:40]     Missing keys:       ['pos_encoder.pos_encoder_spat.weight', 'final_layer.spat_conv.weight', 'final_layer.spat_conv.bias', 'final_layer.linear.weight', 'final_layer.linear.bias']
[2026-04-15 14:49:40]     Contextual note: missing pos_encoder keys are expected for this checkpoint configuration and will be trained as downstream-added parameters.
[2026-04-15 14:49:40]     Phase 1 (new):
[2026-04-15 14:49:40]       Trainable groups: ['pos_encoder.', 'final_layer.']
[2026-04-15 14:49:40]       Trainable params: 4,162 / 3,459,154 (0.1%)
[2026-04-15 14:49:40]     Sanity check passed: finite logits/loss on one training batch for SignalJEPA_Contextual.
[2026-04-15 14:57:20]   Fold 4/5 | best_epoch=48 | stop=62 | val_loss=0.6931 | acc=0.5000 | bal_acc=0.5000
[2026-04-15 14:57:20] Contextual channel-loc fix applied: copied loc[0:3] -> loc[3:6] to avoid degenerate positional-encoding ranges.
[2026-04-15 14:57:20]     Downstream model:   SignalJEPA_Contextual
[2026-04-15 14:57:20]     Fine-tune strategy: new
[2026-04-15 14:57:20]     Warm-up active:     False
[2026-04-15 14:57:20]     Warm-up epochs:     10
[2026-04-15 14:57:20]     Missing keys:       ['pos_encoder.pos_encoder_spat.weight', 'final_layer.spat_conv.weight', 'final_layer.spat_conv.bias', 'final_layer.linear.weight', 'final_layer.linear.bias']
[2026-04-15 14:57:20]     Contextual note: missing pos_encoder keys are expected for this checkpoint configuration and will be trained as downstream-added parameters.
[2026-04-15 14:57:20]     Phase 1 (new):
[2026-04-15 14:57:20]       Trainable groups: ['pos_encoder.', 'final_layer.']
[2026-04-15 14:57:20]       Trainable params: 4,162 / 3,459,154 (0.1%)
[2026-04-15 14:57:21]     Sanity check passed: finite logits/loss on one training batch for SignalJEPA_Contextual.
[2026-04-15 15:05:02]   Fold 5/5 | best_epoch=37 | stop=62 | val_loss=0.6931 | acc=0.5000 | bal_acc=0.5000
[2026-04-15 15:05:02]   Subject 50 summary: acc=0.5000±0.0000  bal_acc=0.5000±0.0000

[2026-04-15 15:05:02] Subject 51: 200 windows | class_counts=[100, 100]
[2026-04-15 15:05:02] Contextual channel-loc fix applied: copied loc[0:3] -> loc[3:6] to avoid degenerate positional-encoding ranges.
[2026-04-15 15:05:02]     Downstream model:   SignalJEPA_Contextual
[2026-04-15 15:05:02]     Fine-tune strategy: new
[2026-04-15 15:05:02]     Warm-up active:     False
[2026-04-15 15:05:02]     Warm-up epochs:     10
[2026-04-15 15:05:02]     Missing keys:       ['pos_encoder.pos_encoder_spat.weight', 'final_layer.spat_conv.weight', 'final_layer.spat_conv.bias', 'final_layer.linear.weight', 'final_layer.linear.bias']
[2026-04-15 15:05:02]     Contextual note: missing pos_encoder keys are expected for this checkpoint configuration and will be trained as downstream-added parameters.
[2026-04-15 15:05:02]     Phase 1 (new):
[2026-04-15 15:05:02]       Trainable groups: ['pos_encoder.', 'final_layer.']
[2026-04-15 15:05:02]       Trainable params: 4,162 / 3,459,154 (0.1%)
[2026-04-15 15:05:03]     Sanity check passed: finite logits/loss on one training batch for SignalJEPA_Contextual.
[2026-04-15 15:13:20]   Fold 1/5 | best_epoch=21 | stop=67 | val_loss=0.6931 | acc=0.5000 | bal_acc=0.5000
[2026-04-15 15:13:20] Contextual channel-loc fix applied: copied loc[0:3] -> loc[3:6] to avoid degenerate positional-encoding ranges.
[2026-04-15 15:13:20]     Downstream model:   SignalJEPA_Contextual
[2026-04-15 15:13:20]     Fine-tune strategy: new
[2026-04-15 15:13:20]     Warm-up active:     False
[2026-04-15 15:13:20]     Warm-up epochs:     10
[2026-04-15 15:13:20]     Missing keys:       ['pos_encoder.pos_encoder_spat.weight', 'final_layer.spat_conv.weight', 'final_layer.spat_conv.bias', 'final_layer.linear.weight', 'final_layer.linear.bias']
[2026-04-15 15:13:20]     Contextual note: missing pos_encoder keys are expected for this checkpoint configuration and will be trained as downstream-added parameters.
[2026-04-15 15:13:20]     Phase 1 (new):
[2026-04-15 15:13:20]       Trainable groups: ['pos_encoder.', 'final_layer.']
[2026-04-15 15:13:20]       Trainable params: 4,162 / 3,459,154 (0.1%)
[2026-04-15 15:13:20]     Sanity check passed: finite logits/loss on one training batch for SignalJEPA_Contextual.
[2026-04-15 15:22:38]   Fold 2/5 | best_epoch=39 | stop=75 | val_loss=0.6931 | acc=0.5000 | bal_acc=0.5000
[2026-04-15 15:22:38] Contextual channel-loc fix applied: copied loc[0:3] -> loc[3:6] to avoid degenerate positional-encoding ranges.
[2026-04-15 15:22:38]     Downstream model:   SignalJEPA_Contextual
[2026-04-15 15:22:38]     Fine-tune strategy: new
[2026-04-15 15:22:38]     Warm-up active:     False
[2026-04-15 15:22:38]     Warm-up epochs:     10
[2026-04-15 15:22:38]     Missing keys:       ['pos_encoder.pos_encoder_spat.weight', 'final_layer.spat_conv.weight', 'final_layer.spat_conv.bias', 'final_layer.linear.weight', 'final_layer.linear.bias']
[2026-04-15 15:22:38]     Contextual note: missing pos_encoder keys are expected for this checkpoint configuration and will be trained as downstream-added parameters.
[2026-04-15 15:22:38]     Phase 1 (new):
[2026-04-15 15:22:38]       Trainable groups: ['pos_encoder.', 'final_layer.']
[2026-04-15 15:22:38]       Trainable params: 4,162 / 3,459,154 (0.1%)
[2026-04-15 15:22:39]     Sanity check passed: finite logits/loss on one training batch for SignalJEPA_Contextual.
[2026-04-15 15:29:35]   Fold 3/5 | best_epoch=15 | stop=56 | val_loss=0.6931 | acc=0.5000 | bal_acc=0.5000
[2026-04-15 15:29:35] Contextual channel-loc fix applied: copied loc[0:3] -> loc[3:6] to avoid degenerate positional-encoding ranges.
[2026-04-15 15:29:35]     Downstream model:   SignalJEPA_Contextual
[2026-04-15 15:29:35]     Fine-tune strategy: new
[2026-04-15 15:29:35]     Warm-up active:     False
[2026-04-15 15:29:35]     Warm-up epochs:     10
[2026-04-15 15:29:35]     Missing keys:       ['pos_encoder.pos_encoder_spat.weight', 'final_layer.spat_conv.weight', 'final_layer.spat_conv.bias', 'final_layer.linear.weight', 'final_layer.linear.bias']
[2026-04-15 15:29:35]     Contextual note: missing pos_encoder keys are expected for this checkpoint configuration and will be trained as downstream-added parameters.
[2026-04-15 15:29:35]     Phase 1 (new):
[2026-04-15 15:29:35]       Trainable groups: ['pos_encoder.', 'final_layer.']
[2026-04-15 15:29:35]       Trainable params: 4,162 / 3,459,154 (0.1%)
[2026-04-15 15:29:35]     Sanity check passed: finite logits/loss on one training batch for SignalJEPA_Contextual.
[2026-04-15 15:36:03]   Fold 4/5 | best_epoch=21 | stop=52 | val_loss=0.6932 | acc=0.5000 | bal_acc=0.5000
[2026-04-15 15:36:03] Contextual channel-loc fix applied: copied loc[0:3] -> loc[3:6] to avoid degenerate positional-encoding ranges.
[2026-04-15 15:36:03]     Downstream model:   SignalJEPA_Contextual
[2026-04-15 15:36:03]     Fine-tune strategy: new
[2026-04-15 15:36:03]     Warm-up active:     False
[2026-04-15 15:36:03]     Warm-up epochs:     10
[2026-04-15 15:36:03]     Missing keys:       ['pos_encoder.pos_encoder_spat.weight', 'final_layer.spat_conv.weight', 'final_layer.spat_conv.bias', 'final_layer.linear.weight', 'final_layer.linear.bias']
[2026-04-15 15:36:03]     Contextual note: missing pos_encoder keys are expected for this checkpoint configuration and will be trained as downstream-added parameters.
[2026-04-15 15:36:03]     Phase 1 (new):
[2026-04-15 15:36:03]       Trainable groups: ['pos_encoder.', 'final_layer.']
[2026-04-15 15:36:03]       Trainable params: 4,162 / 3,459,154 (0.1%)
[2026-04-15 15:36:03]     Sanity check passed: finite logits/loss on one training batch for SignalJEPA_Contextual.
[2026-04-15 15:44:07]   Fold 5/5 | best_epoch=61 | stop=65 | val_loss=0.6931 | acc=0.5000 | bal_acc=0.5000
[2026-04-15 15:44:07]   Subject 51 summary: acc=0.5000±0.0000  bal_acc=0.5000±0.0000

[2026-04-15 15:44:07] Subject 52: 200 windows | class_counts=[100, 100]
[2026-04-15 15:44:07] Contextual channel-loc fix applied: copied loc[0:3] -> loc[3:6] to avoid degenerate positional-encoding ranges.
[2026-04-15 15:44:07]     Downstream model:   SignalJEPA_Contextual
[2026-04-15 15:44:07]     Fine-tune strategy: new
[2026-04-15 15:44:07]     Warm-up active:     False
[2026-04-15 15:44:07]     Warm-up epochs:     10
[2026-04-15 15:44:07]     Missing keys:       ['pos_encoder.pos_encoder_spat.weight', 'final_layer.spat_conv.weight', 'final_layer.spat_conv.bias', 'final_layer.linear.weight', 'final_layer.linear.bias']
[2026-04-15 15:44:07]     Contextual note: missing pos_encoder keys are expected for this checkpoint configuration and will be trained as downstream-added parameters.
[2026-04-15 15:44:07]     Phase 1 (new):
[2026-04-15 15:44:07]       Trainable groups: ['pos_encoder.', 'final_layer.']
[2026-04-15 15:44:07]       Trainable params: 4,162 / 3,459,154 (0.1%)
[2026-04-15 15:44:07]     Sanity check passed: finite logits/loss on one training batch for SignalJEPA_Contextual.
[2026-04-15 15:51:11]   Fold 1/5 | best_epoch=14 | stop=57 | val_loss=0.6931 | acc=0.5000 | bal_acc=0.5000
[2026-04-15 15:51:11] Contextual channel-loc fix applied: copied loc[0:3] -> loc[3:6] to avoid degenerate positional-encoding ranges.
[2026-04-15 15:51:11]     Downstream model:   SignalJEPA_Contextual
[2026-04-15 15:51:11]     Fine-tune strategy: new
[2026-04-15 15:51:11]     Warm-up active:     False
[2026-04-15 15:51:11]     Warm-up epochs:     10
[2026-04-15 15:51:11]     Missing keys:       ['pos_encoder.pos_encoder_spat.weight', 'final_layer.spat_conv.weight', 'final_layer.spat_conv.bias', 'final_layer.linear.weight', 'final_layer.linear.bias']
[2026-04-15 15:51:11]     Contextual note: missing pos_encoder keys are expected for this checkpoint configuration and will be trained as downstream-added parameters.
[2026-04-15 15:51:11]     Phase 1 (new):
[2026-04-15 15:51:11]       Trainable groups: ['pos_encoder.', 'final_layer.']
[2026-04-15 15:51:11]       Trainable params: 4,162 / 3,459,154 (0.1%)
[2026-04-15 15:51:11]     Sanity check passed: finite logits/loss on one training batch for SignalJEPA_Contextual.
[2026-04-15 15:58:00]   Fold 2/5 | best_epoch=7 | stop=55 | val_loss=0.6932 | acc=0.5000 | bal_acc=0.5000
[2026-04-15 15:58:00] Contextual channel-loc fix applied: copied loc[0:3] -> loc[3:6] to avoid degenerate positional-encoding ranges.
[2026-04-15 15:58:00]     Downstream model:   SignalJEPA_Contextual
[2026-04-15 15:58:00]     Fine-tune strategy: new
[2026-04-15 15:58:00]     Warm-up active:     False
[2026-04-15 15:58:00]     Warm-up epochs:     10
[2026-04-15 15:58:00]     Missing keys:       ['pos_encoder.pos_encoder_spat.weight', 'final_layer.spat_conv.weight', 'final_layer.spat_conv.bias', 'final_layer.linear.weight', 'final_layer.linear.bias']
[2026-04-15 15:58:00]     Contextual note: missing pos_encoder keys are expected for this checkpoint configuration and will be trained as downstream-added parameters.
[2026-04-15 15:58:00]     Phase 1 (new):
[2026-04-15 15:58:00]       Trainable groups: ['pos_encoder.', 'final_layer.']
[2026-04-15 15:58:00]       Trainable params: 4,162 / 3,459,154 (0.1%)
[2026-04-15 15:58:01]     Sanity check passed: finite logits/loss on one training batch for SignalJEPA_Contextual.
[2026-04-15 16:04:27]   Fold 3/5 | best_epoch=28 | stop=52 | val_loss=0.6931 | acc=0.5000 | bal_acc=0.5000
[2026-04-15 16:04:27] Contextual channel-loc fix applied: copied loc[0:3] -> loc[3:6] to avoid degenerate positional-encoding ranges.
[2026-04-15 16:04:27]     Downstream model:   SignalJEPA_Contextual
[2026-04-15 16:04:27]     Fine-tune strategy: new
[2026-04-15 16:04:27]     Warm-up active:     False
[2026-04-15 16:04:27]     Warm-up epochs:     10
[2026-04-15 16:04:27]     Missing keys:       ['pos_encoder.pos_encoder_spat.weight', 'final_layer.spat_conv.weight', 'final_layer.spat_conv.bias', 'final_layer.linear.weight', 'final_layer.linear.bias']
[2026-04-15 16:04:27]     Contextual note: missing pos_encoder keys are expected for this checkpoint configuration and will be trained as downstream-added parameters.
[2026-04-15 16:04:27]     Phase 1 (new):
[2026-04-15 16:04:27]       Trainable groups: ['pos_encoder.', 'final_layer.']
[2026-04-15 16:04:27]       Trainable params: 4,162 / 3,459,154 (0.1%)
[2026-04-15 16:04:27]     Sanity check passed: finite logits/loss on one training batch for SignalJEPA_Contextual.
[2026-04-15 16:15:02]   Fold 4/5 | best_epoch=39 | stop=85 | val_loss=0.6931 | acc=0.5000 | bal_acc=0.5000
[2026-04-15 16:15:02] Contextual channel-loc fix applied: copied loc[0:3] -> loc[3:6] to avoid degenerate positional-encoding ranges.
[2026-04-15 16:15:02]     Downstream model:   SignalJEPA_Contextual
[2026-04-15 16:15:02]     Fine-tune strategy: new
[2026-04-15 16:15:02]     Warm-up active:     False
[2026-04-15 16:15:02]     Warm-up epochs:     10
[2026-04-15 16:15:02]     Missing keys:       ['pos_encoder.pos_encoder_spat.weight', 'final_layer.spat_conv.weight', 'final_layer.spat_conv.bias', 'final_layer.linear.weight', 'final_layer.linear.bias']
[2026-04-15 16:15:02]     Contextual note: missing pos_encoder keys are expected for this checkpoint configuration and will be trained as downstream-added parameters.
[2026-04-15 16:15:02]     Phase 1 (new):
[2026-04-15 16:15:02]       Trainable groups: ['pos_encoder.', 'final_layer.']
[2026-04-15 16:15:02]       Trainable params: 4,162 / 3,459,154 (0.1%)
[2026-04-15 16:15:02]     Sanity check passed: finite logits/loss on one training batch for SignalJEPA_Contextual.
[2026-04-15 16:22:56]   Fold 5/5 | best_epoch=35 | stop=60 | val_loss=0.6931 | acc=0.5000 | bal_acc=0.5000
[2026-04-15 16:22:56]   Subject 52 summary: acc=0.5000±0.0000  bal_acc=0.5000±0.0000

[2026-04-15 16:22:56] Subject 53: 200 windows | class_counts=[100, 100]
[2026-04-15 16:22:56] Contextual channel-loc fix applied: copied loc[0:3] -> loc[3:6] to avoid degenerate positional-encoding ranges.
[2026-04-15 16:22:56]     Downstream model:   SignalJEPA_Contextual
[2026-04-15 16:22:56]     Fine-tune strategy: new
[2026-04-15 16:22:56]     Warm-up active:     False
[2026-04-15 16:22:56]     Warm-up epochs:     10
[2026-04-15 16:22:56]     Missing keys:       ['pos_encoder.pos_encoder_spat.weight', 'final_layer.spat_conv.weight', 'final_layer.spat_conv.bias', 'final_layer.linear.weight', 'final_layer.linear.bias']
[2026-04-15 16:22:56]     Contextual note: missing pos_encoder keys are expected for this checkpoint configuration and will be trained as downstream-added parameters.
[2026-04-15 16:22:56]     Phase 1 (new):
[2026-04-15 16:22:56]       Trainable groups: ['pos_encoder.', 'final_layer.']
[2026-04-15 16:22:56]       Trainable params: 4,162 / 3,459,154 (0.1%)
[2026-04-15 16:22:56]     Sanity check passed: finite logits/loss on one training batch for SignalJEPA_Contextual.
[2026-04-15 16:29:49]   Fold 1/5 | best_epoch=36 | stop=52 | val_loss=0.6931 | acc=0.5000 | bal_acc=0.5000
[2026-04-15 16:29:49] Contextual channel-loc fix applied: copied loc[0:3] -> loc[3:6] to avoid degenerate positional-encoding ranges.
[2026-04-15 16:29:49]     Downstream model:   SignalJEPA_Contextual
[2026-04-15 16:29:49]     Fine-tune strategy: new
[2026-04-15 16:29:49]     Warm-up active:     False
[2026-04-15 16:29:49]     Warm-up epochs:     10
[2026-04-15 16:29:49]     Missing keys:       ['pos_encoder.pos_encoder_spat.weight', 'final_layer.spat_conv.weight', 'final_layer.spat_conv.bias', 'final_layer.linear.weight', 'final_layer.linear.bias']
[2026-04-15 16:29:49]     Contextual note: missing pos_encoder keys are expected for this checkpoint configuration and will be trained as downstream-added parameters.
[2026-04-15 16:29:49]     Phase 1 (new):
[2026-04-15 16:29:49]       Trainable groups: ['pos_encoder.', 'final_layer.']
[2026-04-15 16:29:49]       Trainable params: 4,162 / 3,459,154 (0.1%)
[2026-04-15 16:29:49]     Sanity check passed: finite logits/loss on one training batch for SignalJEPA_Contextual.
[2026-04-15 16:38:07]   Fold 2/5 | best_epoch=22 | stop=63 | val_loss=0.6931 | acc=0.5000 | bal_acc=0.5000
[2026-04-15 16:38:07] Contextual channel-loc fix applied: copied loc[0:3] -> loc[3:6] to avoid degenerate positional-encoding ranges.
[2026-04-15 16:38:07]     Downstream model:   SignalJEPA_Contextual
[2026-04-15 16:38:07]     Fine-tune strategy: new
[2026-04-15 16:38:07]     Warm-up active:     False
[2026-04-15 16:38:07]     Warm-up epochs:     10
[2026-04-15 16:38:07]     Missing keys:       ['pos_encoder.pos_encoder_spat.weight', 'final_layer.spat_conv.weight', 'final_layer.spat_conv.bias', 'final_layer.linear.weight', 'final_layer.linear.bias']
[2026-04-15 16:38:07]     Contextual note: missing pos_encoder keys are expected for this checkpoint configuration and will be trained as downstream-added parameters.
[2026-04-15 16:38:07]     Phase 1 (new):
[2026-04-15 16:38:07]       Trainable groups: ['pos_encoder.', 'final_layer.']
[2026-04-15 16:38:07]       Trainable params: 4,162 / 3,459,154 (0.1%)
[2026-04-15 16:38:07]     Sanity check passed: finite logits/loss on one training batch for SignalJEPA_Contextual.
[2026-04-15 16:46:52]   Fold 3/5 | best_epoch=65 | stop=66 | val_loss=0.6931 | acc=0.5000 | bal_acc=0.5000
[2026-04-15 16:46:52] Contextual channel-loc fix applied: copied loc[0:3] -> loc[3:6] to avoid degenerate positional-encoding ranges.
[2026-04-15 16:46:52]     Downstream model:   SignalJEPA_Contextual
[2026-04-15 16:46:52]     Fine-tune strategy: new
[2026-04-15 16:46:52]     Warm-up active:     False
[2026-04-15 16:46:52]     Warm-up epochs:     10
[2026-04-15 16:46:52]     Missing keys:       ['pos_encoder.pos_encoder_spat.weight', 'final_layer.spat_conv.weight', 'final_layer.spat_conv.bias', 'final_layer.linear.weight', 'final_layer.linear.bias']
[2026-04-15 16:46:52]     Contextual note: missing pos_encoder keys are expected for this checkpoint configuration and will be trained as downstream-added parameters.
[2026-04-15 16:46:52]     Phase 1 (new):
[2026-04-15 16:46:52]       Trainable groups: ['pos_encoder.', 'final_layer.']
[2026-04-15 16:46:52]       Trainable params: 4,162 / 3,459,154 (0.1%)
[2026-04-15 16:46:52]     Sanity check passed: finite logits/loss on one training batch for SignalJEPA_Contextual.
[2026-04-15 16:56:39]   Fold 4/5 | best_epoch=42 | stop=74 | val_loss=0.6931 | acc=0.5000 | bal_acc=0.5000
[2026-04-15 16:56:39] Contextual channel-loc fix applied: copied loc[0:3] -> loc[3:6] to avoid degenerate positional-encoding ranges.
[2026-04-15 16:56:39]     Downstream model:   SignalJEPA_Contextual
[2026-04-15 16:56:39]     Fine-tune strategy: new
[2026-04-15 16:56:39]     Warm-up active:     False
[2026-04-15 16:56:39]     Warm-up epochs:     10
[2026-04-15 16:56:39]     Missing keys:       ['pos_encoder.pos_encoder_spat.weight', 'final_layer.spat_conv.weight', 'final_layer.spat_conv.bias', 'final_layer.linear.weight', 'final_layer.linear.bias']
[2026-04-15 16:56:39]     Contextual note: missing pos_encoder keys are expected for this checkpoint configuration and will be trained as downstream-added parameters.
[2026-04-15 16:56:39]     Phase 1 (new):
[2026-04-15 16:56:39]       Trainable groups: ['pos_encoder.', 'final_layer.']
[2026-04-15 16:56:39]       Trainable params: 4,162 / 3,459,154 (0.1%)
[2026-04-15 16:56:39]     Sanity check passed: finite logits/loss on one training batch for SignalJEPA_Contextual.
[2026-04-15 17:04:34]   Fold 5/5 | best_epoch=11 | stop=60 | val_loss=0.6931 | acc=0.5000 | bal_acc=0.5000
[2026-04-15 17:04:34]   Subject 53 summary: acc=0.5000±0.0000  bal_acc=0.5000±0.0000

[2026-04-15 17:04:34] Subject 54: 200 windows | class_counts=[100, 100]
[2026-04-15 17:04:34] Contextual channel-loc fix applied: copied loc[0:3] -> loc[3:6] to avoid degenerate positional-encoding ranges.
[2026-04-15 17:04:34]     Downstream model:   SignalJEPA_Contextual
[2026-04-15 17:04:34]     Fine-tune strategy: new
[2026-04-15 17:04:34]     Warm-up active:     False
[2026-04-15 17:04:34]     Warm-up epochs:     10
[2026-04-15 17:04:34]     Missing keys:       ['pos_encoder.pos_encoder_spat.weight', 'final_layer.spat_conv.weight', 'final_layer.spat_conv.bias', 'final_layer.linear.weight', 'final_layer.linear.bias']
[2026-04-15 17:04:34]     Contextual note: missing pos_encoder keys are expected for this checkpoint configuration and will be trained as downstream-added parameters.
[2026-04-15 17:04:34]     Phase 1 (new):
[2026-04-15 17:04:34]       Trainable groups: ['pos_encoder.', 'final_layer.']
[2026-04-15 17:04:34]       Trainable params: 4,162 / 3,459,154 (0.1%)
[2026-04-15 17:04:34]     Sanity check passed: finite logits/loss on one training batch for SignalJEPA_Contextual.
[2026-04-15 17:12:52]   Fold 1/5 | best_epoch=35 | stop=63 | val_loss=0.6932 | acc=0.5000 | bal_acc=0.5000
[2026-04-15 17:12:52] Contextual channel-loc fix applied: copied loc[0:3] -> loc[3:6] to avoid degenerate positional-encoding ranges.
[2026-04-15 17:12:52]     Downstream model:   SignalJEPA_Contextual
[2026-04-15 17:12:52]     Fine-tune strategy: new
[2026-04-15 17:12:52]     Warm-up active:     False
[2026-04-15 17:12:52]     Warm-up epochs:     10
[2026-04-15 17:12:52]     Missing keys:       ['pos_encoder.pos_encoder_spat.weight', 'final_layer.spat_conv.weight', 'final_layer.spat_conv.bias', 'final_layer.linear.weight', 'final_layer.linear.bias']
[2026-04-15 17:12:52]     Contextual note: missing pos_encoder keys are expected for this checkpoint configuration and will be trained as downstream-added parameters.
[2026-04-15 17:12:52]     Phase 1 (new):
[2026-04-15 17:12:52]       Trainable groups: ['pos_encoder.', 'final_layer.']
[2026-04-15 17:12:52]       Trainable params: 4,162 / 3,459,154 (0.1%)
[2026-04-15 17:12:52]     Sanity check passed: finite logits/loss on one training batch for SignalJEPA_Contextual.
[2026-04-15 17:22:40]   Fold 2/5 | best_epoch=58 | stop=74 | val_loss=0.6932 | acc=0.5000 | bal_acc=0.5000
[2026-04-15 17:22:40] Contextual channel-loc fix applied: copied loc[0:3] -> loc[3:6] to avoid degenerate positional-encoding ranges.
[2026-04-15 17:22:40]     Downstream model:   SignalJEPA_Contextual
[2026-04-15 17:22:40]     Fine-tune strategy: new
[2026-04-15 17:22:40]     Warm-up active:     False
[2026-04-15 17:22:40]     Warm-up epochs:     10
[2026-04-15 17:22:40]     Missing keys:       ['pos_encoder.pos_encoder_spat.weight', 'final_layer.spat_conv.weight', 'final_layer.spat_conv.bias', 'final_layer.linear.weight', 'final_layer.linear.bias']
[2026-04-15 17:22:40]     Contextual note: missing pos_encoder keys are expected for this checkpoint configuration and will be trained as downstream-added parameters.
[2026-04-15 17:22:40]     Phase 1 (new):
[2026-04-15 17:22:40]       Trainable groups: ['pos_encoder.', 'final_layer.']
[2026-04-15 17:22:40]       Trainable params: 4,162 / 3,459,154 (0.1%)
[2026-04-15 17:22:40]     Sanity check passed: finite logits/loss on one training batch for SignalJEPA_Contextual.
[2026-04-15 17:29:49]   Fold 3/5 | best_epoch=30 | stop=54 | val_loss=0.6931 | acc=0.5000 | bal_acc=0.5000
[2026-04-15 17:29:49] Contextual channel-loc fix applied: copied loc[0:3] -> loc[3:6] to avoid degenerate positional-encoding ranges.
[2026-04-15 17:29:49]     Downstream model:   SignalJEPA_Contextual
[2026-04-15 17:29:49]     Fine-tune strategy: new
[2026-04-15 17:29:49]     Warm-up active:     False
[2026-04-15 17:29:49]     Warm-up epochs:     10
[2026-04-15 17:29:49]     Missing keys:       ['pos_encoder.pos_encoder_spat.weight', 'final_layer.spat_conv.weight', 'final_layer.spat_conv.bias', 'final_layer.linear.weight', 'final_layer.linear.bias']
[2026-04-15 17:29:49]     Contextual note: missing pos_encoder keys are expected for this checkpoint configuration and will be trained as downstream-added parameters.
[2026-04-15 17:29:49]     Phase 1 (new):
[2026-04-15 17:29:49]       Trainable groups: ['pos_encoder.', 'final_layer.']
[2026-04-15 17:29:49]       Trainable params: 4,162 / 3,459,154 (0.1%)
[2026-04-15 17:29:50]     Sanity check passed: finite logits/loss on one training batch for SignalJEPA_Contextual.
[2026-04-15 17:40:25]   Fold 4/5 | best_epoch=30 | stop=80 | val_loss=0.6931 | acc=0.5000 | bal_acc=0.5000
[2026-04-15 17:40:25] Contextual channel-loc fix applied: copied loc[0:3] -> loc[3:6] to avoid degenerate positional-encoding ranges.
[2026-04-15 17:40:25]     Downstream model:   SignalJEPA_Contextual
[2026-04-15 17:40:25]     Fine-tune strategy: new
[2026-04-15 17:40:25]     Warm-up active:     False
[2026-04-15 17:40:25]     Warm-up epochs:     10
[2026-04-15 17:40:25]     Missing keys:       ['pos_encoder.pos_encoder_spat.weight', 'final_layer.spat_conv.weight', 'final_layer.spat_conv.bias', 'final_layer.linear.weight', 'final_layer.linear.bias']
[2026-04-15 17:40:25]     Contextual note: missing pos_encoder keys are expected for this checkpoint configuration and will be trained as downstream-added parameters.
[2026-04-15 17:40:25]     Phase 1 (new):
[2026-04-15 17:40:25]       Trainable groups: ['pos_encoder.', 'final_layer.']
[2026-04-15 17:40:25]       Trainable params: 4,162 / 3,459,154 (0.1%)
[2026-04-15 17:40:25]     Sanity check passed: finite logits/loss on one training batch for SignalJEPA_Contextual.
[2026-04-15 17:48:52]   Fold 5/5 | best_epoch=31 | stop=64 | val_loss=0.6931 | acc=0.5000 | bal_acc=0.5000
[2026-04-15 17:48:52]   Subject 54 summary: acc=0.5000±0.0000  bal_acc=0.5000±0.0000

[2026-04-15 17:48:52] Total folds completed: 35
[2026-04-15 17:48:52] ======================================================================
[2026-04-15 17:48:52] AGGREGATED RESULTS
[2026-04-15 17:48:52] ======================================================================
[2026-04-15 17:48:52]   Subject 48:  acc=0.5000±0.0000  bal_acc=0.5000±0.0000
[2026-04-15 17:48:52]   Subject 49:  acc=0.5000±0.0000  bal_acc=0.5000±0.0000
[2026-04-15 17:48:52]   Subject 50:  acc=0.5000±0.0000  bal_acc=0.5000±0.0000
[2026-04-15 17:48:52]   Subject 51:  acc=0.5000±0.0000  bal_acc=0.5000±0.0000
[2026-04-15 17:48:52]   Subject 52:  acc=0.5000±0.0000  bal_acc=0.5000±0.0000
[2026-04-15 17:48:52]   Subject 53:  acc=0.5000±0.0000  bal_acc=0.5000±0.0000
[2026-04-15 17:48:52]   Subject 54:  acc=0.5000±0.0000  bal_acc=0.5000±0.0000
[2026-04-15 17:48:52] ----------------------------------------------------------------------
[2026-04-15 17:48:52]   OVERALL:      acc=0.5000±0.0000  bal_acc=0.5000±0.0000
[2026-04-15 17:48:52] ======================================================================
[2026-04-15 17:48:52] CV results saved to:      /home/vegorov/Repos/eeg_jepa_research/artifacts/lee-2019-fine-tuning/MI/20260415_1253_e64b3856/cv_results.json
[2026-04-15 17:48:52] Subject metrics saved to: /home/vegorov/Repos/eeg_jepa_research/artifacts/lee-2019-fine-tuning/MI/20260415_1253_e64b3856/subject_metrics.json
[2026-04-15 17:48:52] Global metrics saved to:  /home/vegorov/Repos/eeg_jepa_research/artifacts/lee-2019-fine-tuning/MI/20260415_1253_e64b3856/global_metrics.json
[2026-04-15 17:48:52] Run metadata saved to:    /home/vegorov/Repos/eeg_jepa_research/artifacts/lee-2019-fine-tuning/MI/20260415_1253_e64b3856/run_metadata.json

[2026-04-15 17:48:52] All artifacts in: /home/vegorov/Repos/eeg_jepa_research/artifacts/lee-2019-fine-tuning/MI/20260415_1253_e64b3856

[2026-04-15 17:48:52] ======================================================================
[2026-04-15 17:48:52] EXPERIMENT SUMMARY
[2026-04-15 17:48:52] ======================================================================
[2026-04-15 17:48:52] Run ID:    20260415_1253_e64b3856
[2026-04-15 17:48:52] Artifacts: /home/vegorov/Repos/eeg_jepa_research/artifacts/lee-2019-fine-tuning/MI/20260415_1253_e64b3856

[2026-04-15 17:48:52] Configuration:
[2026-04-15 17:48:52]   Subjects:          [48, 49, 50, 51, 52, 53, 54]
[2026-04-15 17:48:52]   Paradigm:          MI
[2026-04-15 17:48:52]   Model:             SignalJEPA_Contextual
[2026-04-15 17:48:52]   Strategy:          new
[2026-04-15 17:48:52]   Warm-up epochs:    10
[2026-04-15 17:48:52]   Bandpass:          0.5-40.0 Hz
[2026-04-15 17:48:52]   Resample:          128 Hz
[2026-04-15 17:48:52]   CV folds:          5
[2026-04-15 17:48:52]   Learning rate:     None
[2026-04-15 17:48:52]   Batch size:        32
[2026-04-15 17:48:52]   Max epochs:        5000

[2026-04-15 17:48:52] Results:
[2026-04-15 17:48:52]   Mean Accuracy:          0.5000 ± 0.0000
[2026-04-15 17:48:52]   Mean Balanced Accuracy: 0.5000 ± 0.0000
