[2026-04-01 10:11:23] Using device: cpu
[2026-04-01 10:11:23] Seed control enabled: True
[2026-04-01 10:11:23] Base seed: 4004
[2026-04-01 10:11:23] Seed initialized: 4004
[2026-04-01 10:11:23] ======================================================================
[2026-04-01 10:11:23] CONFIGURATION
[2026-04-01 10:11:23] ======================================================================
[2026-04-01 10:11:23]   artifact_dir: /home/vegorov/Repos/eeg_jepa_research/artifacts/lee-2019-fine-tuning
[2026-04-01 10:11:23]   bandpass_high: 50.0
[2026-04-01 10:11:23]   bandpass_low: 0.3
[2026-04-01 10:11:23]   batch_size: 16
[2026-04-01 10:11:23]   convert_to_uV: True
[2026-04-01 10:11:23]   cv_folds: 5
[2026-04-01 10:11:23]   device: auto
[2026-04-01 10:11:23]   early_stopping_patience: 50
[2026-04-01 10:11:23]   learning_rate: 0.001
[2026-04-01 10:11:23]   n_epochs: 5000
[2026-04-01 10:11:23]   normalization_method: None
[2026-04-01 10:11:23]   normalize: False
[2026-04-01 10:11:23]   paradigm: SSVEP
[2026-04-01 10:11:23]   pretrained_url: https://huggingface.co/braindecode/SignalJEPA/resolve/main/signal-jepa_16s-60_adeuwv4s.pth
[2026-04-01 10:11:23]   seed: 4004
[2026-04-01 10:11:23]   set_seed: True
[2026-04-01 10:11:23]   sfreq: 128
[2026-04-01 10:11:23]   subjects_to_use: [51]
[2026-04-01 10:11:23]   val_split: 0.2
[2026-04-01 10:11:23] ======================================================================
[2026-04-01 10:11:23] Config saved to: /home/vegorov/Repos/eeg_jepa_research/artifacts/lee-2019-fine-tuning/SSVEP/20260401_1011_9dd455fb/config.json
[2026-04-01 10:11:24] Epoch window configuration:
[2026-04-01 10:11:24]   Target sfreq:                128 Hz
[2026-04-01 10:11:24]   Target duration:             4.190000 s
[2026-04-01 10:11:24]   Window samples (rounded):    536
[2026-04-01 10:11:24]   Base trial samples (4.0 s):  512
[2026-04-01 10:11:24]   Trial stop offset samples:   24
[2026-04-01 10:11:24]   Effective window duration:   4.187500 s
[2026-04-01 10:11:24] Using specified subjects from config: [51]
[2026-04-01 10:11:24] Selected subjects: [51]
[2026-04-01 10:11:24] Expected evaluation folds: 5

[2026-04-01 10:11:24] Building MOABBDataset for Lee2019_SSVEP...
[2026-04-01 10:11:32] MOABBDataset recordings loaded: 1
[2026-04-01 10:11:32] Discovered annotation descriptions (first recording): [np.str_('12.0'), np.str_('5.45'), np.str_('6.67'), np.str_('8.57')]
[2026-04-01 10:11:32] Dataset event_id mapping: {'12.0': 1, '8.57': 2, '6.67': 3, '5.45': 4}
[2026-04-01 10:11:32] Label map (event_code -> class_index): {1: 0, 2: 1, 3: 2, 4: 3}
[2026-04-01 10:11:32] Applying Braindecode preprocessors to MOABBDataset...
[2026-04-01 10:11:35] Preprocessing complete.

[2026-04-01 10:11:35] Post-preprocessing validation
[2026-04-01 10:11:35]   Recordings in DATASET: 1
[2026-04-01 10:11:35]   Unique subject IDs:    ['51']
[2026-04-01 10:11:35]   sfreq (first rec):     128.0 Hz
[2026-04-01 10:11:35]   EEG channel count:     62
[2026-04-01 10:11:35]   First 10 channels:     ['Fp1', 'Fp2', 'F7', 'F3', 'Fz', 'F4', 'F8', 'FC5', 'FC1', 'FC2']
[2026-04-01 10:11:35] Channel consistency summary:
[2026-04-01 10:11:35]   Checked runs: 1
[2026-04-01 10:11:35]   Unique channel counts: [62]
[2026-04-01 10:11:35]   Channel order consistent: True
[2026-04-01 10:11:35] Validated EEG channels: 62
[2026-04-01 10:11:35] First 10 EEG channels: ['Fp1', 'Fp2', 'F7', 'F3', 'Fz', 'F4', 'F8', 'FC5', 'FC1', 'FC2']
[2026-04-01 10:11:35] raw mean_abs=1.147492e+01
[2026-04-01 10:11:35] raw std=4.174606e+01
[2026-04-01 10:11:35] raw first5 channel std= [66.55810109 75.24367808 23.63290837 18.53067503 13.77655361]
[2026-04-01 10:11:35] Requested window samples: 536
[2026-04-01 10:11:35] Base trial samples:       512
[2026-04-01 10:11:35] Stop offset samples:      24
[2026-04-01 10:11:35] Global class counts: [25, 25, 25, 25]
[2026-04-01 10:11:35] Chance level (4-class): 0.25
[2026-04-01 10:11:35] One window shape: (62, 536)
[2026-04-01 10:11:35] One window label: 1
[2026-04-01 10:11:35] Window sample length expected=536, got=536
[2026-04-01 10:11:35] Subjects in window split: [51]
[2026-04-01 10:11:35] Summarizing per-subject windows...
[2026-04-01 10:11:35]   Subject 51: n_windows=100, window_shape=(62, 536), class_counts=[25, 25, 25, 25]
[2026-04-01 10:11:35]    subject_id  n_windows  n_channels  n_times      class_counts
0          51        100          62      536  [25, 25, 25, 25]
[2026-04-01 10:11:35] Window validation summary:
[2026-04-01 10:11:35]   Subject 51: n_windows=100 class_counts=[25, 25, 25, 25]

[2026-04-01 10:11:35] Validated sampling rate target: 128 Hz
[2026-04-01 10:11:35] Validated window sample count:   536
[2026-04-01 10:11:35] Validated window duration:       4.1875 s
[2026-04-01 10:11:35] Validated channel count:         62
[2026-04-01 10:11:35] Total windows retained:          100
[2026-04-01 10:11:35] Preprocessing sanity checks:
[2026-04-01 10:11:35]   One sample label: 1
[2026-04-01 10:11:35]   One sample shape: (62, 536)
[2026-04-01 10:11:35]   Mean(abs(signal)): 4.790797e+00
[2026-04-01 10:11:35]   Mean(signal):      7.346552e-09
[2026-04-01 10:11:35]   Std(signal):       6.752301e+00
[2026-04-01 10:11:35] Building model with input window duration: 4.1875 s
[2026-04-01 10:11:35] SignalJEPA_PreLocal instantiated successfully.
[2026-04-01 10:11:35]   Total parameters:     18,192
[2026-04-01 10:11:35]   Trainable parameters: 18,192
[2026-04-01 10:11:35] ======================================================================================================================================================
Layer (type (var_name):depth-idx)                  Input Shape               Output Shape              Param #                   Kernel Shape
======================================================================================================================================================
SignalJEPA_PreLocal (SignalJEPA_PreLocal)          [1, 62, 536]              [1, 4]                    --                        --
├─Sequential (spatial_conv): 1-1                   [1, 62, 536]              [1, 4, 536]               --                        --
│    └─Rearrange (0): 2-1                          [1, 62, 536]              [1, 1, 62, 536]           --                        --
│    └─Conv2d (1): 2-2                             [1, 1, 62, 536]           [1, 4, 1, 536]            252                       [62, 1]
│    └─Rearrange (2): 2-3                          [1, 4, 1, 536]            [1, 4, 536]               --                        --
├─_ConvFeatureEncoder (feature_encoder): 1-2       [1, 4, 536]               [1, 16, 64]               --                        --
│    └─Rearrange (0): 2-4                          [1, 4, 536]               [4, 1, 536]               --                        --
│    └─Sequential (1): 2-5                         [4, 1, 536]               [4, 8, 64]                --                        --
│    │    └─Conv1d (0): 3-1                        [4, 1, 536]               [4, 8, 64]                256                       [32]
│    │    └─Dropout (1): 3-2                       [4, 8, 64]                [4, 8, 64]                --                        --
│    │    └─GroupNorm (2): 3-3                     [4, 8, 64]                [4, 8, 64]                16                        --
│    │    └─GELU (3): 3-4                          [4, 8, 64]                [4, 8, 64]                --                        --
│    └─Sequential (2): 2-6                         [4, 8, 64]                [4, 16, 32]               --                        --
│    │    └─Conv1d (0): 3-5                        [4, 8, 64]                [4, 16, 32]               256                       [2]
│    │    └─Dropout (1): 3-6                       [4, 16, 32]               [4, 16, 32]               --                        --
│    │    └─GELU (2): 3-7                          [4, 16, 32]               [4, 16, 32]               --                        --
│    └─Sequential (3): 2-7                         [4, 16, 32]               [4, 32, 16]               --                        --
│    │    └─Conv1d (0): 3-8                        [4, 16, 32]               [4, 32, 16]               1,024                     [2]
│    │    └─Dropout (1): 3-9                       [4, 32, 16]               [4, 32, 16]               --                        --
│    │    └─GELU (2): 3-10                         [4, 32, 16]               [4, 32, 16]               --                        --
│    └─Sequential (4): 2-8                         [4, 32, 16]               [4, 64, 8]                --                        --
│    │    └─Conv1d (0): 3-11                       [4, 32, 16]               [4, 64, 8]                4,096                     [2]
│    │    └─Dropout (1): 3-12                      [4, 64, 8]                [4, 64, 8]                --                        --
│    │    └─GELU (2): 3-13                         [4, 64, 8]                [4, 64, 8]                --                        --
│    └─Sequential (5): 2-9                         [4, 64, 8]                [4, 64, 4]                --                        --
│    │    └─Conv1d (0): 3-14                       [4, 64, 8]                [4, 64, 4]                8,192                     [2]
│    │    └─Dropout (1): 3-15                      [4, 64, 4]                [4, 64, 4]                --                        --
│    │    └─GELU (2): 3-16                         [4, 64, 4]                [4, 64, 4]                --                        --
│    └─Rearrange (6): 2-10                         [4, 64, 4]                [1, 16, 64]               --                        --
├─Sequential (final_layer): 1-3                    [1, 16, 64]               [1, 4]                    --                        --
│    └─Flatten (0): 2-11                           [1, 16, 64]               [1, 1024]                 --                        --
│    └─Linear (1): 2-12                            [1, 1024]                 [1, 4]                    4,100                     --
======================================================================================================================================================
Total params: 18,192
Trainable params: 18,192
Non-trainable params: 0
Total mult-adds (Units.MEGABYTES): 0.57
======================================================================================================================================================
Input size (MB): 0.13
Forward/backward pass size (MB): 0.11
Params size (MB): 0.07
Estimated Total Size (MB): 0.31
======================================================================================================================================================
[2026-04-01 10:11:35] Initializing from 16s-60 pretrained checkpoint (Hugging Face):
[2026-04-01 10:11:35]   https://huggingface.co/braindecode/SignalJEPA/resolve/main/signal-jepa_16s-60_adeuwv4s.pth
[2026-04-01 10:11:35]   Downloaded 179 keys
[2026-04-01 10:11:35] ======================================================================
[2026-04-01 10:11:35] STARTING CROSS-VALIDATION
[2026-04-01 10:11:35] ======================================================================
[2026-04-01 10:11:35] Subjects:      [51]
[2026-04-01 10:11:35] CV folds:      5
[2026-04-01 10:11:35] Batch size:    16
[2026-04-01 10:11:35] Max epochs:    5000
[2026-04-01 10:11:35] Device:        cpu
[2026-04-01 10:11:35] Seed control:  True
[2026-04-01 10:11:35] Base seed:     4004
[2026-04-01 10:11:35] ======================================================================

[2026-04-01 10:11:35] Subject 51: 100 windows class_counts=[25, 25, 25, 25]
[2026-04-01 10:11:35]   Fold 1 split seed: 4005
[2026-04-01 10:11:35]   Fold 1 split class counts:
[2026-04-01 10:11:35]     train=[16, 16, 16, 16] val=[4, 4, 4, 4] test=[5, 5, 5, 5]
[2026-04-01 10:11:35]   Fold 2 split seed: 4006
[2026-04-01 10:11:35]   Fold 2 split class counts:
[2026-04-01 10:11:35]     train=[16, 16, 16, 16] val=[4, 4, 4, 4] test=[5, 5, 5, 5]
[2026-04-01 10:11:35]   Fold 3 split seed: 4007
[2026-04-01 10:11:35]   Fold 3 split class counts:
[2026-04-01 10:11:35]     train=[16, 16, 16, 16] val=[4, 4, 4, 4] test=[5, 5, 5, 5]
[2026-04-01 10:11:35]   Fold 4 split seed: 4008
[2026-04-01 10:11:35]   Fold 4 split class counts:
[2026-04-01 10:11:35]     train=[16, 16, 16, 16] val=[4, 4, 4, 4] test=[5, 5, 5, 5]
[2026-04-01 10:11:35]   Fold 5 split seed: 4009
[2026-04-01 10:11:35]   Fold 5 split class counts:
[2026-04-01 10:11:35]     train=[16, 16, 16, 16] val=[4, 4, 4, 4] test=[5, 5, 5, 5]
[2026-04-01 10:11:35]   Subject 51 Fold 1 seed: 9105
[2026-04-01 10:11:35]   Subject 51 Fold 1: n_train=64 n_val=16 n_test=20
[2026-04-01 10:11:35]     Train class counts: [16, 16, 16, 16]
[2026-04-01 10:11:35]     Val class counts:   [4, 4, 4, 4]
[2026-04-01 10:11:35]     Test class counts:  [5, 5, 5, 5]
[2026-04-01 10:11:35] Building model with input window duration: 4.1875 s
[2026-04-01 10:11:35] Pretrained weight loading:
[2026-04-01 10:11:35]   Downloaded keys:        179
[2026-04-01 10:11:35]   Filtered (transformer): 172
[2026-04-01 10:11:35]   Filtered (pos_encoder): 0
[2026-04-01 10:11:35]   Keys to load:           7
[2026-04-01 10:11:35]   Missing keys:           4
[2026-04-01 10:11:35]   Unexpected keys:        0
[2026-04-01 10:11:35]   Missing preview:        ['spatial_conv.1.weight', 'spatial_conv.1.bias', 'final_layer.1.weight', 'final_layer.1.bias']
[2026-04-01 10:11:35]   Unexpected preview:     []
[2026-04-01 10:11:35] Encoder freeze configuration:
[2026-04-01 10:11:35]   Total parameters:        18,192
[2026-04-01 10:11:35]   Trainable parameters:    4,352
[2026-04-01 10:11:35]   Training percentage:     23.9%
[2026-04-01 10:11:35]   Trainable layers: 4
[2026-04-01 10:11:35]     - final_layer.1.bias
[2026-04-01 10:11:35]     - final_layer.1.weight
[2026-04-01 10:11:35]     - spatial_conv.1.bias
[2026-04-01 10:11:35]     - spatial_conv.1.weight
[2026-04-01 10:11:35]     Train generator seeded: True
[2026-04-01 10:11:37]     Stopped epoch:            91
[2026-04-01 10:11:37]     Best epoch (valid_loss):  41
[2026-04-01 10:11:37]     Best valid_loss:          1.374442458152771
[2026-04-01 10:11:37]     Test accuracy (primary):  0.3000
[2026-04-01 10:11:37]     Test balanced acc:        0.3000
[2026-04-01 10:11:37]     Confusion matrix:         [[0, 1, 0, 4], [0, 2, 2, 1], [0, 2, 2, 1], [0, 0, 3, 2]]
[2026-04-01 10:11:37]     Prediction histogram:     [0, 5, 7, 8]
[2026-04-01 10:11:37]     fold_acc=0.3000 fold_bal_acc=0.3000 cm=[[0, 1, 0, 4], [0, 2, 2, 1], [0, 2, 2, 1], [0, 0, 3, 2]]
[2026-04-01 10:11:37]   Subject 51 Fold 2 seed: 9106
[2026-04-01 10:11:37]   Subject 51 Fold 2: n_train=64 n_val=16 n_test=20
[2026-04-01 10:11:37]     Train class counts: [16, 16, 16, 16]
[2026-04-01 10:11:37]     Val class counts:   [4, 4, 4, 4]
[2026-04-01 10:11:37]     Test class counts:  [5, 5, 5, 5]
[2026-04-01 10:11:37] Building model with input window duration: 4.1875 s
[2026-04-01 10:11:37] Pretrained weight loading:
[2026-04-01 10:11:37]   Downloaded keys:        179
[2026-04-01 10:11:37]   Filtered (transformer): 172
[2026-04-01 10:11:37]   Filtered (pos_encoder): 0
[2026-04-01 10:11:37]   Keys to load:           7
[2026-04-01 10:11:37]   Missing keys:           4
[2026-04-01 10:11:37]   Unexpected keys:        0
[2026-04-01 10:11:37]   Missing preview:        ['spatial_conv.1.weight', 'spatial_conv.1.bias', 'final_layer.1.weight', 'final_layer.1.bias']
[2026-04-01 10:11:37]   Unexpected preview:     []
[2026-04-01 10:11:37] Encoder freeze configuration:
[2026-04-01 10:11:37]   Total parameters:        18,192
[2026-04-01 10:11:37]   Trainable parameters:    4,352
[2026-04-01 10:11:37]   Training percentage:     23.9%
[2026-04-01 10:11:37]   Trainable layers: 4
[2026-04-01 10:11:37]     - final_layer.1.bias
[2026-04-01 10:11:37]     - final_layer.1.weight
[2026-04-01 10:11:37]     - spatial_conv.1.bias
[2026-04-01 10:11:37]     - spatial_conv.1.weight
[2026-04-01 10:11:37]     Train generator seeded: True
[2026-04-01 10:11:37]     Stopped epoch:            51
[2026-04-01 10:11:37]     Best epoch (valid_loss):  1
[2026-04-01 10:11:37]     Best valid_loss:          1.3847599029541016
[2026-04-01 10:11:37]     Test accuracy (primary):  0.1500
[2026-04-01 10:11:37]     Test balanced acc:        0.1500
[2026-04-01 10:11:37]     Confusion matrix:         [[0, 4, 1, 0], [0, 3, 2, 0], [0, 5, 0, 0], [2, 2, 1, 0]]
[2026-04-01 10:11:37]     Prediction histogram:     [2, 14, 4, 0]
[2026-04-01 10:11:37]     fold_acc=0.1500 fold_bal_acc=0.1500 cm=[[0, 4, 1, 0], [0, 3, 2, 0], [0, 5, 0, 0], [2, 2, 1, 0]]
[2026-04-01 10:11:37]   Subject 51 Fold 3 seed: 9107
[2026-04-01 10:11:37]   Subject 51 Fold 3: n_train=64 n_val=16 n_test=20
[2026-04-01 10:11:37]     Train class counts: [16, 16, 16, 16]
[2026-04-01 10:11:37]     Val class counts:   [4, 4, 4, 4]
[2026-04-01 10:11:37]     Test class counts:  [5, 5, 5, 5]
[2026-04-01 10:11:37] Building model with input window duration: 4.1875 s
[2026-04-01 10:11:37] Pretrained weight loading:
[2026-04-01 10:11:37]   Downloaded keys:        179
[2026-04-01 10:11:37]   Filtered (transformer): 172
[2026-04-01 10:11:37]   Filtered (pos_encoder): 0
[2026-04-01 10:11:37]   Keys to load:           7
[2026-04-01 10:11:37]   Missing keys:           4
[2026-04-01 10:11:37]   Unexpected keys:        0
[2026-04-01 10:11:37]   Missing preview:        ['spatial_conv.1.weight', 'spatial_conv.1.bias', 'final_layer.1.weight', 'final_layer.1.bias']
[2026-04-01 10:11:37]   Unexpected preview:     []
[2026-04-01 10:11:37] Encoder freeze configuration:
[2026-04-01 10:11:37]   Total parameters:        18,192
[2026-04-01 10:11:37]   Trainable parameters:    4,352
[2026-04-01 10:11:37]   Training percentage:     23.9%
[2026-04-01 10:11:37]   Trainable layers: 4
[2026-04-01 10:11:37]     - final_layer.1.bias
[2026-04-01 10:11:37]     - final_layer.1.weight
[2026-04-01 10:11:37]     - spatial_conv.1.bias
[2026-04-01 10:11:37]     - spatial_conv.1.weight
[2026-04-01 10:11:37]     Train generator seeded: True
[2026-04-01 10:11:38]     Stopped epoch:            72
[2026-04-01 10:11:38]     Best epoch (valid_loss):  22
[2026-04-01 10:11:38]     Best valid_loss:          1.3808659315109253
[2026-04-01 10:11:38]     Test accuracy (primary):  0.4500
[2026-04-01 10:11:38]     Test balanced acc:        0.4500
[2026-04-01 10:11:38]     Confusion matrix:         [[2, 1, 1, 1], [1, 2, 0, 2], [1, 0, 3, 1], [2, 1, 0, 2]]
[2026-04-01 10:11:38]     Prediction histogram:     [6, 4, 4, 6]
[2026-04-01 10:11:38]     fold_acc=0.4500 fold_bal_acc=0.4500 cm=[[2, 1, 1, 1], [1, 2, 0, 2], [1, 0, 3, 1], [2, 1, 0, 2]]
[2026-04-01 10:11:38]   Subject 51 Fold 4 seed: 9108
[2026-04-01 10:11:38]   Subject 51 Fold 4: n_train=64 n_val=16 n_test=20
[2026-04-01 10:11:38]     Train class counts: [16, 16, 16, 16]
[2026-04-01 10:11:38]     Val class counts:   [4, 4, 4, 4]
[2026-04-01 10:11:38]     Test class counts:  [5, 5, 5, 5]
[2026-04-01 10:11:38] Building model with input window duration: 4.1875 s
[2026-04-01 10:11:38] Pretrained weight loading:
[2026-04-01 10:11:38]   Downloaded keys:        179
[2026-04-01 10:11:38]   Filtered (transformer): 172
[2026-04-01 10:11:38]   Filtered (pos_encoder): 0
[2026-04-01 10:11:38]   Keys to load:           7
[2026-04-01 10:11:38]   Missing keys:           4
[2026-04-01 10:11:38]   Unexpected keys:        0
[2026-04-01 10:11:38]   Missing preview:        ['spatial_conv.1.weight', 'spatial_conv.1.bias', 'final_layer.1.weight', 'final_layer.1.bias']
[2026-04-01 10:11:38]   Unexpected preview:     []
[2026-04-01 10:11:38] Encoder freeze configuration:
[2026-04-01 10:11:38]   Total parameters:        18,192
[2026-04-01 10:11:38]   Trainable parameters:    4,352
[2026-04-01 10:11:38]   Training percentage:     23.9%
[2026-04-01 10:11:38]   Trainable layers: 4
[2026-04-01 10:11:38]     - final_layer.1.bias
[2026-04-01 10:11:38]     - final_layer.1.weight
[2026-04-01 10:11:38]     - spatial_conv.1.bias
[2026-04-01 10:11:38]     - spatial_conv.1.weight
[2026-04-01 10:11:38]     Train generator seeded: True
[2026-04-01 10:11:39]     Stopped epoch:            51
[2026-04-01 10:11:39]     Best epoch (valid_loss):  1
[2026-04-01 10:11:39]     Best valid_loss:          1.3887896537780762
[2026-04-01 10:11:39]     Test accuracy (primary):  0.0500
[2026-04-01 10:11:39]     Test balanced acc:        0.0500
[2026-04-01 10:11:39]     Confusion matrix:         [[0, 2, 1, 2], [0, 1, 3, 1], [0, 3, 0, 2], [0, 4, 1, 0]]
[2026-04-01 10:11:39]     Prediction histogram:     [0, 10, 5, 5]
[2026-04-01 10:11:39]     fold_acc=0.0500 fold_bal_acc=0.0500 cm=[[0, 2, 1, 2], [0, 1, 3, 1], [0, 3, 0, 2], [0, 4, 1, 0]]
[2026-04-01 10:11:39]   Subject 51 Fold 5 seed: 9109
[2026-04-01 10:11:39]   Subject 51 Fold 5: n_train=64 n_val=16 n_test=20
[2026-04-01 10:11:39]     Train class counts: [16, 16, 16, 16]
[2026-04-01 10:11:39]     Val class counts:   [4, 4, 4, 4]
[2026-04-01 10:11:39]     Test class counts:  [5, 5, 5, 5]
[2026-04-01 10:11:39] Building model with input window duration: 4.1875 s
[2026-04-01 10:11:39] Pretrained weight loading:
[2026-04-01 10:11:39]   Downloaded keys:        179
[2026-04-01 10:11:39]   Filtered (transformer): 172
[2026-04-01 10:11:39]   Filtered (pos_encoder): 0
[2026-04-01 10:11:39]   Keys to load:           7
[2026-04-01 10:11:39]   Missing keys:           4
[2026-04-01 10:11:39]   Unexpected keys:        0
[2026-04-01 10:11:39]   Missing preview:        ['spatial_conv.1.weight', 'spatial_conv.1.bias', 'final_layer.1.weight', 'final_layer.1.bias']
[2026-04-01 10:11:39]   Unexpected preview:     []
[2026-04-01 10:11:39] Encoder freeze configuration:
[2026-04-01 10:11:39]   Total parameters:        18,192
[2026-04-01 10:11:39]   Trainable parameters:    4,352
[2026-04-01 10:11:39]   Training percentage:     23.9%
[2026-04-01 10:11:39]   Trainable layers: 4
[2026-04-01 10:11:39]     - final_layer.1.bias
[2026-04-01 10:11:39]     - final_layer.1.weight
[2026-04-01 10:11:39]     - spatial_conv.1.bias
[2026-04-01 10:11:39]     - spatial_conv.1.weight
[2026-04-01 10:11:39]     Train generator seeded: True
[2026-04-01 10:11:39]     Stopped epoch:            60
[2026-04-01 10:11:39]     Best epoch (valid_loss):  10
[2026-04-01 10:11:39]     Best valid_loss:          1.3792489767074585
[2026-04-01 10:11:39]     Test accuracy (primary):  0.3500
[2026-04-01 10:11:39]     Test balanced acc:        0.3500
[2026-04-01 10:11:39]     Confusion matrix:         [[2, 0, 2, 1], [5, 0, 0, 0], [0, 0, 3, 2], [2, 0, 1, 2]]
[2026-04-01 10:11:39]     Prediction histogram:     [9, 0, 6, 5]
[2026-04-01 10:11:39]     fold_acc=0.3500 fold_bal_acc=0.3500 cm=[[2, 0, 2, 1], [5, 0, 0, 0], [0, 0, 3, 2], [2, 0, 1, 2]]
[2026-04-01 10:11:39]   Subject 51 mean accuracy: 0.2600

[2026-04-01 10:11:39] Total folds completed: 5
[2026-04-01 10:11:39] ======================================================================
[2026-04-01 10:11:39] AGGREGATED RESULTS
[2026-04-01 10:11:39] ======================================================================
[2026-04-01 10:11:39]   Subject 51:  acc=0.2600±0.1428  bal_acc=0.2600±0.1428
[2026-04-01 10:11:39] ----------------------------------------------------------------------
[2026-04-01 10:11:39]   OVERALL:      acc=0.2600±0.1428  bal_acc=0.2600±0.1428
[2026-04-01 10:11:39] ======================================================================
[2026-04-01 10:11:40] CV results saved to:      /home/vegorov/Repos/eeg_jepa_research/artifacts/lee-2019-fine-tuning/SSVEP/20260401_1011_9dd455fb/cv_results.json
[2026-04-01 10:11:40] Subject metrics saved to: /home/vegorov/Repos/eeg_jepa_research/artifacts/lee-2019-fine-tuning/SSVEP/20260401_1011_9dd455fb/subject_metrics.json
[2026-04-01 10:11:40] Global metrics saved to:  /home/vegorov/Repos/eeg_jepa_research/artifacts/lee-2019-fine-tuning/SSVEP/20260401_1011_9dd455fb/global_metrics.json
[2026-04-01 10:11:40] Run metadata saved to:    /home/vegorov/Repos/eeg_jepa_research/artifacts/lee-2019-fine-tuning/SSVEP/20260401_1011_9dd455fb/run_metadata.json

[2026-04-01 10:11:40] All artifacts in: /home/vegorov/Repos/eeg_jepa_research/artifacts/lee-2019-fine-tuning/SSVEP/20260401_1011_9dd455fb

[2026-04-01 10:11:40] ======================================================================
[2026-04-01 10:11:40] EXPERIMENT SUMMARY
[2026-04-01 10:11:40] ======================================================================
[2026-04-01 10:11:40] Run ID:    20260401_1011_9dd455fb
[2026-04-01 10:11:40] Artifacts: /home/vegorov/Repos/eeg_jepa_research/artifacts/lee-2019-fine-tuning/SSVEP/20260401_1011_9dd455fb

[2026-04-01 10:11:40] Configuration:
[2026-04-01 10:11:40]   Subjects:          [51]
[2026-04-01 10:11:40]   Bandpass:          0.3-50.0 Hz
[2026-04-01 10:11:40]   Resample:          128 Hz
[2026-04-01 10:11:40]   CV folds:          5
[2026-04-01 10:11:40]   Learning rate:     0.001
[2026-04-01 10:11:40]   Batch size:        16
[2026-04-01 10:11:40]   Max epochs:        5000

[2026-04-01 10:11:40] Results:
[2026-04-01 10:11:40]   Mean Accuracy:          0.2600 ± 0.1428
[2026-04-01 10:11:40]   Mean Balanced Accuracy: 0.2600 ± 0.1428
