[2026-04-01 09:50:38] Using device: cpu
[2026-04-01 09:50:38] Seed control enabled: True
[2026-04-01 09:50:38] Base seed: 1018
[2026-04-01 09:50:38] Seed initialized: 1018
[2026-04-01 09:50:38] ======================================================================
[2026-04-01 09:50:38] CONFIGURATION
[2026-04-01 09:50:38] ======================================================================
[2026-04-01 09:50:38]   artifact_dir: /home/vegorov/Repos/eeg_jepa_research/artifacts/lee-2019-fine-tuning
[2026-04-01 09:50:38]   bandpass_high: 40.0
[2026-04-01 09:50:38]   bandpass_low: 0.5
[2026-04-01 09:50:38]   batch_size: 16
[2026-04-01 09:50:38]   convert_to_uV: True
[2026-04-01 09:50:38]   cv_folds: 5
[2026-04-01 09:50:38]   device: auto
[2026-04-01 09:50:38]   early_stopping_patience: 50
[2026-04-01 09:50:38]   learning_rate: 0.001
[2026-04-01 09:50:38]   n_epochs: 5000
[2026-04-01 09:50:38]   normalization_method: None
[2026-04-01 09:50:38]   normalize: False
[2026-04-01 09:50:38]   paradigm: SSVEP
[2026-04-01 09:50:38]   pretrained_url: https://huggingface.co/braindecode/SignalJEPA/resolve/main/signal-jepa_16s-60_adeuwv4s.pth
[2026-04-01 09:50:38]   seed: 1018
[2026-04-01 09:50:38]   set_seed: True
[2026-04-01 09:50:38]   sfreq: 128
[2026-04-01 09:50:38]   subjects_to_use: [51]
[2026-04-01 09:50:38]   val_split: 0.2
[2026-04-01 09:50:38] ======================================================================
[2026-04-01 09:50:38] Config saved to: /home/vegorov/Repos/eeg_jepa_research/artifacts/lee-2019-fine-tuning/SSVEP/20260401_0950_e7696780/config.json
[2026-04-01 09:50:38] Epoch window configuration:
[2026-04-01 09:50:38]   Target sfreq:                128 Hz
[2026-04-01 09:50:38]   Target duration:             4.190000 s
[2026-04-01 09:50:38]   Window samples (rounded):    536
[2026-04-01 09:50:38]   Base trial samples (4.0 s):  512
[2026-04-01 09:50:38]   Trial stop offset samples:   24
[2026-04-01 09:50:38]   Effective window duration:   4.187500 s
[2026-04-01 09:50:38] Using specified subjects from config: [51]
[2026-04-01 09:50:38] Selected subjects: [51]
[2026-04-01 09:50:38] Expected evaluation folds: 5

[2026-04-01 09:50:38] Building MOABBDataset for Lee2019_SSVEP...
[2026-04-01 09:50:47] MOABBDataset recordings loaded: 1
[2026-04-01 09:50:47] Discovered annotation descriptions (first recording): [np.str_('12.0'), np.str_('5.45'), np.str_('6.67'), np.str_('8.57')]
[2026-04-01 09:50:47] Dataset event_id mapping: {'12.0': 1, '8.57': 2, '6.67': 3, '5.45': 4}
[2026-04-01 09:50:47] Label map (event_code -> class_index): {1: 0, 2: 1, 3: 2, 4: 3}
[2026-04-01 09:50:47] Applying Braindecode preprocessors to MOABBDataset...
[2026-04-01 09:50:50] Preprocessing complete.

[2026-04-01 09:50:50] Post-preprocessing validation
[2026-04-01 09:50:50]   Recordings in DATASET: 1
[2026-04-01 09:50:50]   Unique subject IDs:    ['51']
[2026-04-01 09:50:50]   sfreq (first rec):     128.0 Hz
[2026-04-01 09:50:50]   EEG channel count:     62
[2026-04-01 09:50:50]   First 10 channels:     ['Fp1', 'Fp2', 'F7', 'F3', 'Fz', 'F4', 'F8', 'FC5', 'FC1', 'FC2']
[2026-04-01 09:50:50] Channel consistency summary:
[2026-04-01 09:50:50]   Checked runs: 1
[2026-04-01 09:50:50]   Unique channel counts: [62]
[2026-04-01 09:50:50]   Channel order consistent: True
[2026-04-01 09:50:50] Validated EEG channels: 62
[2026-04-01 09:50:50] First 10 EEG channels: ['Fp1', 'Fp2', 'F7', 'F3', 'Fz', 'F4', 'F8', 'FC5', 'FC1', 'FC2']
[2026-04-01 09:50:50] raw mean_abs=8.654730e+00
[2026-04-01 09:50:50] raw std=3.494582e+01
[2026-04-01 09:50:50] raw first5 channel std= [46.22404553 54.63339771 16.95830183 13.82897057 11.24366025]
[2026-04-01 09:50:50] Requested window samples: 536
[2026-04-01 09:50:50] Base trial samples:       512
[2026-04-01 09:50:50] Stop offset samples:      24
[2026-04-01 09:50:50] Global class counts: [25, 25, 25, 25]
[2026-04-01 09:50:50] Chance level (4-class): 0.25
[2026-04-01 09:50:50] One window shape: (62, 536)
[2026-04-01 09:50:50] One window label: 1
[2026-04-01 09:50:50] Window sample length expected=536, got=536
[2026-04-01 09:50:50] Subjects in window split: [51]
[2026-04-01 09:50:50] Summarizing per-subject windows...
[2026-04-01 09:50:50]   Subject 51: n_windows=100, window_shape=(62, 536), class_counts=[25, 25, 25, 25]
[2026-04-01 09:50:50]    subject_id  n_windows  n_channels  n_times      class_counts
0          51        100          62      536  [25, 25, 25, 25]
[2026-04-01 09:50:50] Window validation summary:
[2026-04-01 09:50:50]   Subject 51: n_windows=100 class_counts=[25, 25, 25, 25]

[2026-04-01 09:50:50] Validated sampling rate target: 128 Hz
[2026-04-01 09:50:50] Validated window sample count:   536
[2026-04-01 09:50:50] Validated window duration:       4.1875 s
[2026-04-01 09:50:50] Validated channel count:         62
[2026-04-01 09:50:50] Total windows retained:          100
[2026-04-01 09:50:50] Preprocessing sanity checks:
[2026-04-01 09:50:50]   One sample label: 1
[2026-04-01 09:50:50]   One sample shape: (62, 536)
[2026-04-01 09:50:50]   Mean(abs(signal)): 4.094026e+00
[2026-04-01 09:50:50]   Mean(signal):      7.346552e-09
[2026-04-01 09:50:50]   Std(signal):       5.860601e+00
[2026-04-01 09:50:50] Building model with input window duration: 4.1875 s
[2026-04-01 09:50:50] SignalJEPA_PreLocal instantiated successfully.
[2026-04-01 09:50:50]   Total parameters:     18,192
[2026-04-01 09:50:50]   Trainable parameters: 18,192
[2026-04-01 09:50:50] ======================================================================================================================================================
Layer (type (var_name):depth-idx)                  Input Shape               Output Shape              Param #                   Kernel Shape
======================================================================================================================================================
SignalJEPA_PreLocal (SignalJEPA_PreLocal)          [1, 62, 536]              [1, 4]                    --                        --
├─Sequential (spatial_conv): 1-1                   [1, 62, 536]              [1, 4, 536]               --                        --
│    └─Rearrange (0): 2-1                          [1, 62, 536]              [1, 1, 62, 536]           --                        --
│    └─Conv2d (1): 2-2                             [1, 1, 62, 536]           [1, 4, 1, 536]            252                       [62, 1]
│    └─Rearrange (2): 2-3                          [1, 4, 1, 536]            [1, 4, 536]               --                        --
├─_ConvFeatureEncoder (feature_encoder): 1-2       [1, 4, 536]               [1, 16, 64]               --                        --
│    └─Rearrange (0): 2-4                          [1, 4, 536]               [4, 1, 536]               --                        --
│    └─Sequential (1): 2-5                         [4, 1, 536]               [4, 8, 64]                --                        --
│    │    └─Conv1d (0): 3-1                        [4, 1, 536]               [4, 8, 64]                256                       [32]
│    │    └─Dropout (1): 3-2                       [4, 8, 64]                [4, 8, 64]                --                        --
│    │    └─GroupNorm (2): 3-3                     [4, 8, 64]                [4, 8, 64]                16                        --
│    │    └─GELU (3): 3-4                          [4, 8, 64]                [4, 8, 64]                --                        --
│    └─Sequential (2): 2-6                         [4, 8, 64]                [4, 16, 32]               --                        --
│    │    └─Conv1d (0): 3-5                        [4, 8, 64]                [4, 16, 32]               256                       [2]
│    │    └─Dropout (1): 3-6                       [4, 16, 32]               [4, 16, 32]               --                        --
│    │    └─GELU (2): 3-7                          [4, 16, 32]               [4, 16, 32]               --                        --
│    └─Sequential (3): 2-7                         [4, 16, 32]               [4, 32, 16]               --                        --
│    │    └─Conv1d (0): 3-8                        [4, 16, 32]               [4, 32, 16]               1,024                     [2]
│    │    └─Dropout (1): 3-9                       [4, 32, 16]               [4, 32, 16]               --                        --
│    │    └─GELU (2): 3-10                         [4, 32, 16]               [4, 32, 16]               --                        --
│    └─Sequential (4): 2-8                         [4, 32, 16]               [4, 64, 8]                --                        --
│    │    └─Conv1d (0): 3-11                       [4, 32, 16]               [4, 64, 8]                4,096                     [2]
│    │    └─Dropout (1): 3-12                      [4, 64, 8]                [4, 64, 8]                --                        --
│    │    └─GELU (2): 3-13                         [4, 64, 8]                [4, 64, 8]                --                        --
│    └─Sequential (5): 2-9                         [4, 64, 8]                [4, 64, 4]                --                        --
│    │    └─Conv1d (0): 3-14                       [4, 64, 8]                [4, 64, 4]                8,192                     [2]
│    │    └─Dropout (1): 3-15                      [4, 64, 4]                [4, 64, 4]                --                        --
│    │    └─GELU (2): 3-16                         [4, 64, 4]                [4, 64, 4]                --                        --
│    └─Rearrange (6): 2-10                         [4, 64, 4]                [1, 16, 64]               --                        --
├─Sequential (final_layer): 1-3                    [1, 16, 64]               [1, 4]                    --                        --
│    └─Flatten (0): 2-11                           [1, 16, 64]               [1, 1024]                 --                        --
│    └─Linear (1): 2-12                            [1, 1024]                 [1, 4]                    4,100                     --
======================================================================================================================================================
Total params: 18,192
Trainable params: 18,192
Non-trainable params: 0
Total mult-adds (Units.MEGABYTES): 0.57
======================================================================================================================================================
Input size (MB): 0.13
Forward/backward pass size (MB): 0.11
Params size (MB): 0.07
Estimated Total Size (MB): 0.31
======================================================================================================================================================
[2026-04-01 09:50:50] Initializing from 16s-60 pretrained checkpoint (Hugging Face):
[2026-04-01 09:50:50]   https://huggingface.co/braindecode/SignalJEPA/resolve/main/signal-jepa_16s-60_adeuwv4s.pth
[2026-04-01 09:50:50]   Downloaded 179 keys
[2026-04-01 09:50:50] ======================================================================
[2026-04-01 09:50:50] STARTING CROSS-VALIDATION
[2026-04-01 09:50:50] ======================================================================
[2026-04-01 09:50:50] Subjects:      [51]
[2026-04-01 09:50:50] CV folds:      5
[2026-04-01 09:50:50] Batch size:    16
[2026-04-01 09:50:50] Max epochs:    5000
[2026-04-01 09:50:50] Device:        cpu
[2026-04-01 09:50:50] Seed control:  True
[2026-04-01 09:50:50] Base seed:     1018
[2026-04-01 09:50:50] ======================================================================

[2026-04-01 09:50:50] Subject 51: 100 windows class_counts=[25, 25, 25, 25]
[2026-04-01 09:50:50]   Fold 1 split seed: 1019
[2026-04-01 09:50:50]   Fold 1 split class counts:
[2026-04-01 09:50:50]     train=[16, 16, 16, 16] val=[4, 4, 4, 4] test=[5, 5, 5, 5]
[2026-04-01 09:50:50]   Fold 2 split seed: 1020
[2026-04-01 09:50:50]   Fold 2 split class counts:
[2026-04-01 09:50:50]     train=[16, 16, 16, 16] val=[4, 4, 4, 4] test=[5, 5, 5, 5]
[2026-04-01 09:50:50]   Fold 3 split seed: 1021
[2026-04-01 09:50:50]   Fold 3 split class counts:
[2026-04-01 09:50:50]     train=[16, 16, 16, 16] val=[4, 4, 4, 4] test=[5, 5, 5, 5]
[2026-04-01 09:50:50]   Fold 4 split seed: 1022
[2026-04-01 09:50:50]   Fold 4 split class counts:
[2026-04-01 09:50:50]     train=[16, 16, 16, 16] val=[4, 4, 4, 4] test=[5, 5, 5, 5]
[2026-04-01 09:50:50]   Fold 5 split seed: 1023
[2026-04-01 09:50:50]   Fold 5 split class counts:
[2026-04-01 09:50:50]     train=[16, 16, 16, 16] val=[4, 4, 4, 4] test=[5, 5, 5, 5]
[2026-04-01 09:50:50]   Subject 51 Fold 1 seed: 6119
[2026-04-01 09:50:50]   Subject 51 Fold 1: n_train=64 n_val=16 n_test=20
[2026-04-01 09:50:50]     Train class counts: [16, 16, 16, 16]
[2026-04-01 09:50:50]     Val class counts:   [4, 4, 4, 4]
[2026-04-01 09:50:50]     Test class counts:  [5, 5, 5, 5]
[2026-04-01 09:50:50] Building model with input window duration: 4.1875 s
[2026-04-01 09:50:50] Pretrained weight loading:
[2026-04-01 09:50:50]   Downloaded keys:        179
[2026-04-01 09:50:50]   Filtered (transformer): 172
[2026-04-01 09:50:50]   Filtered (pos_encoder): 0
[2026-04-01 09:50:50]   Keys to load:           7
[2026-04-01 09:50:50]   Missing keys:           4
[2026-04-01 09:50:50]   Unexpected keys:        0
[2026-04-01 09:50:50]   Missing preview:        ['spatial_conv.1.weight', 'spatial_conv.1.bias', 'final_layer.1.weight', 'final_layer.1.bias']
[2026-04-01 09:50:50]   Unexpected preview:     []
[2026-04-01 09:50:50] Encoder freeze configuration:
[2026-04-01 09:50:50]   Total parameters:        18,192
[2026-04-01 09:50:50]   Trainable parameters:    4,352
[2026-04-01 09:50:50]   Training percentage:     23.9%
[2026-04-01 09:50:50]   Trainable layers: 4
[2026-04-01 09:50:50]     - final_layer.1.bias
[2026-04-01 09:50:50]     - final_layer.1.weight
[2026-04-01 09:50:50]     - spatial_conv.1.bias
[2026-04-01 09:50:50]     - spatial_conv.1.weight
[2026-04-01 09:50:50]     Train generator seeded: True
[2026-04-01 09:50:51]     Stopped epoch:            78
[2026-04-01 09:50:51]     Best epoch (valid_loss):  28
[2026-04-01 09:50:51]     Best valid_loss:          1.3799642324447632
[2026-04-01 09:50:51]     Test accuracy (primary):  0.2500
[2026-04-01 09:50:51]     Test balanced acc:        0.2500
[2026-04-01 09:50:51]     Confusion matrix:         [[2, 1, 1, 1], [2, 0, 2, 1], [2, 1, 1, 1], [2, 1, 0, 2]]
[2026-04-01 09:50:51]     Prediction histogram:     [8, 3, 4, 5]
[2026-04-01 09:50:51]     fold_acc=0.2500 fold_bal_acc=0.2500 cm=[[2, 1, 1, 1], [2, 0, 2, 1], [2, 1, 1, 1], [2, 1, 0, 2]]
[2026-04-01 09:50:51]   Subject 51 Fold 2 seed: 6120
[2026-04-01 09:50:51]   Subject 51 Fold 2: n_train=64 n_val=16 n_test=20
[2026-04-01 09:50:51]     Train class counts: [16, 16, 16, 16]
[2026-04-01 09:50:51]     Val class counts:   [4, 4, 4, 4]
[2026-04-01 09:50:51]     Test class counts:  [5, 5, 5, 5]
[2026-04-01 09:50:51] Building model with input window duration: 4.1875 s
[2026-04-01 09:50:51] Pretrained weight loading:
[2026-04-01 09:50:51]   Downloaded keys:        179
[2026-04-01 09:50:51]   Filtered (transformer): 172
[2026-04-01 09:50:51]   Filtered (pos_encoder): 0
[2026-04-01 09:50:51]   Keys to load:           7
[2026-04-01 09:50:51]   Missing keys:           4
[2026-04-01 09:50:51]   Unexpected keys:        0
[2026-04-01 09:50:51]   Missing preview:        ['spatial_conv.1.weight', 'spatial_conv.1.bias', 'final_layer.1.weight', 'final_layer.1.bias']
[2026-04-01 09:50:51]   Unexpected preview:     []
[2026-04-01 09:50:51] Encoder freeze configuration:
[2026-04-01 09:50:51]   Total parameters:        18,192
[2026-04-01 09:50:51]   Trainable parameters:    4,352
[2026-04-01 09:50:51]   Training percentage:     23.9%
[2026-04-01 09:50:51]   Trainable layers: 4
[2026-04-01 09:50:51]     - final_layer.1.bias
[2026-04-01 09:50:51]     - final_layer.1.weight
[2026-04-01 09:50:51]     - spatial_conv.1.bias
[2026-04-01 09:50:51]     - spatial_conv.1.weight
[2026-04-01 09:50:51]     Train generator seeded: True
[2026-04-01 09:50:52]     Stopped epoch:            51
[2026-04-01 09:50:52]     Best epoch (valid_loss):  1
[2026-04-01 09:50:52]     Best valid_loss:          1.3890217542648315
[2026-04-01 09:50:52]     Test accuracy (primary):  0.3000
[2026-04-01 09:50:52]     Test balanced acc:        0.3000
[2026-04-01 09:50:52]     Confusion matrix:         [[0, 1, 4, 0], [0, 1, 3, 1], [0, 0, 5, 0], [0, 1, 4, 0]]
[2026-04-01 09:50:52]     Prediction histogram:     [0, 3, 16, 1]
[2026-04-01 09:50:52]     fold_acc=0.3000 fold_bal_acc=0.3000 cm=[[0, 1, 4, 0], [0, 1, 3, 1], [0, 0, 5, 0], [0, 1, 4, 0]]
[2026-04-01 09:50:52]   Subject 51 Fold 3 seed: 6121
[2026-04-01 09:50:52]   Subject 51 Fold 3: n_train=64 n_val=16 n_test=20
[2026-04-01 09:50:52]     Train class counts: [16, 16, 16, 16]
[2026-04-01 09:50:52]     Val class counts:   [4, 4, 4, 4]
[2026-04-01 09:50:52]     Test class counts:  [5, 5, 5, 5]
[2026-04-01 09:50:52] Building model with input window duration: 4.1875 s
[2026-04-01 09:50:52] Pretrained weight loading:
[2026-04-01 09:50:52]   Downloaded keys:        179
[2026-04-01 09:50:52]   Filtered (transformer): 172
[2026-04-01 09:50:52]   Filtered (pos_encoder): 0
[2026-04-01 09:50:52]   Keys to load:           7
[2026-04-01 09:50:52]   Missing keys:           4
[2026-04-01 09:50:52]   Unexpected keys:        0
[2026-04-01 09:50:52]   Missing preview:        ['spatial_conv.1.weight', 'spatial_conv.1.bias', 'final_layer.1.weight', 'final_layer.1.bias']
[2026-04-01 09:50:52]   Unexpected preview:     []
[2026-04-01 09:50:52] Encoder freeze configuration:
[2026-04-01 09:50:52]   Total parameters:        18,192
[2026-04-01 09:50:52]   Trainable parameters:    4,352
[2026-04-01 09:50:52]   Training percentage:     23.9%
[2026-04-01 09:50:52]   Trainable layers: 4
[2026-04-01 09:50:52]     - final_layer.1.bias
[2026-04-01 09:50:52]     - final_layer.1.weight
[2026-04-01 09:50:52]     - spatial_conv.1.bias
[2026-04-01 09:50:52]     - spatial_conv.1.weight
[2026-04-01 09:50:52]     Train generator seeded: True
[2026-04-01 09:50:54]     Stopped epoch:            121
[2026-04-01 09:50:54]     Best epoch (valid_loss):  71
[2026-04-01 09:50:54]     Best valid_loss:          1.3072094917297363
[2026-04-01 09:50:54]     Test accuracy (primary):  0.2000
[2026-04-01 09:50:54]     Test balanced acc:        0.2000
[2026-04-01 09:50:54]     Confusion matrix:         [[0, 0, 4, 1], [1, 1, 1, 2], [1, 1, 1, 2], [3, 0, 0, 2]]
[2026-04-01 09:50:54]     Prediction histogram:     [5, 2, 6, 7]
[2026-04-01 09:50:54]     fold_acc=0.2000 fold_bal_acc=0.2000 cm=[[0, 0, 4, 1], [1, 1, 1, 2], [1, 1, 1, 2], [3, 0, 0, 2]]
[2026-04-01 09:50:54]   Subject 51 Fold 4 seed: 6122
[2026-04-01 09:50:54]   Subject 51 Fold 4: n_train=64 n_val=16 n_test=20
[2026-04-01 09:50:54]     Train class counts: [16, 16, 16, 16]
[2026-04-01 09:50:54]     Val class counts:   [4, 4, 4, 4]
[2026-04-01 09:50:54]     Test class counts:  [5, 5, 5, 5]
[2026-04-01 09:50:54] Building model with input window duration: 4.1875 s
[2026-04-01 09:50:54] Pretrained weight loading:
[2026-04-01 09:50:54]   Downloaded keys:        179
[2026-04-01 09:50:54]   Filtered (transformer): 172
[2026-04-01 09:50:54]   Filtered (pos_encoder): 0
[2026-04-01 09:50:54]   Keys to load:           7
[2026-04-01 09:50:54]   Missing keys:           4
[2026-04-01 09:50:54]   Unexpected keys:        0
[2026-04-01 09:50:54]   Missing preview:        ['spatial_conv.1.weight', 'spatial_conv.1.bias', 'final_layer.1.weight', 'final_layer.1.bias']
[2026-04-01 09:50:54]   Unexpected preview:     []
[2026-04-01 09:50:54] Encoder freeze configuration:
[2026-04-01 09:50:54]   Total parameters:        18,192
[2026-04-01 09:50:54]   Trainable parameters:    4,352
[2026-04-01 09:50:54]   Training percentage:     23.9%
[2026-04-01 09:50:54]   Trainable layers: 4
[2026-04-01 09:50:54]     - final_layer.1.bias
[2026-04-01 09:50:54]     - final_layer.1.weight
[2026-04-01 09:50:54]     - spatial_conv.1.bias
[2026-04-01 09:50:54]     - spatial_conv.1.weight
[2026-04-01 09:50:54]     Train generator seeded: True
[2026-04-01 09:50:55]     Stopped epoch:            152
[2026-04-01 09:50:55]     Best epoch (valid_loss):  111
[2026-04-01 09:50:55]     Best valid_loss:          1.3436020612716675
[2026-04-01 09:50:55]     Test accuracy (primary):  0.3000
[2026-04-01 09:50:55]     Test balanced acc:        0.3000
[2026-04-01 09:50:55]     Confusion matrix:         [[2, 0, 2, 1], [0, 3, 1, 1], [0, 3, 0, 2], [2, 2, 0, 1]]
[2026-04-01 09:50:55]     Prediction histogram:     [4, 8, 3, 5]
[2026-04-01 09:50:55]     fold_acc=0.3000 fold_bal_acc=0.3000 cm=[[2, 0, 2, 1], [0, 3, 1, 1], [0, 3, 0, 2], [2, 2, 0, 1]]
[2026-04-01 09:50:55]   Subject 51 Fold 5 seed: 6123
[2026-04-01 09:50:55]   Subject 51 Fold 5: n_train=64 n_val=16 n_test=20
[2026-04-01 09:50:55]     Train class counts: [16, 16, 16, 16]
[2026-04-01 09:50:55]     Val class counts:   [4, 4, 4, 4]
[2026-04-01 09:50:55]     Test class counts:  [5, 5, 5, 5]
[2026-04-01 09:50:55] Building model with input window duration: 4.1875 s
[2026-04-01 09:50:55] Pretrained weight loading:
[2026-04-01 09:50:55]   Downloaded keys:        179
[2026-04-01 09:50:55]   Filtered (transformer): 172
[2026-04-01 09:50:55]   Filtered (pos_encoder): 0
[2026-04-01 09:50:55]   Keys to load:           7
[2026-04-01 09:50:55]   Missing keys:           4
[2026-04-01 09:50:55]   Unexpected keys:        0
[2026-04-01 09:50:55]   Missing preview:        ['spatial_conv.1.weight', 'spatial_conv.1.bias', 'final_layer.1.weight', 'final_layer.1.bias']
[2026-04-01 09:50:55]   Unexpected preview:     []
[2026-04-01 09:50:55] Encoder freeze configuration:
[2026-04-01 09:50:55]   Total parameters:        18,192
[2026-04-01 09:50:55]   Trainable parameters:    4,352
[2026-04-01 09:50:55]   Training percentage:     23.9%
[2026-04-01 09:50:55]   Trainable layers: 4
[2026-04-01 09:50:55]     - final_layer.1.bias
[2026-04-01 09:50:55]     - final_layer.1.weight
[2026-04-01 09:50:55]     - spatial_conv.1.bias
[2026-04-01 09:50:55]     - spatial_conv.1.weight
[2026-04-01 09:50:55]     Train generator seeded: True
[2026-04-01 09:50:56]     Stopped epoch:            76
[2026-04-01 09:50:56]     Best epoch (valid_loss):  26
[2026-04-01 09:50:56]     Best valid_loss:          1.3776133060455322
[2026-04-01 09:50:56]     Test accuracy (primary):  0.2000
[2026-04-01 09:50:56]     Test balanced acc:        0.2000
[2026-04-01 09:50:56]     Confusion matrix:         [[1, 1, 3, 0], [3, 0, 1, 1], [1, 0, 2, 2], [2, 0, 2, 1]]
[2026-04-01 09:50:56]     Prediction histogram:     [7, 1, 8, 4]
[2026-04-01 09:50:56]     fold_acc=0.2000 fold_bal_acc=0.2000 cm=[[1, 1, 3, 0], [3, 0, 1, 1], [1, 0, 2, 2], [2, 0, 2, 1]]
[2026-04-01 09:50:56]   Subject 51 mean accuracy: 0.2500

[2026-04-01 09:50:56] Total folds completed: 5
[2026-04-01 09:50:56] ======================================================================
[2026-04-01 09:50:56] AGGREGATED RESULTS
[2026-04-01 09:50:56] ======================================================================
[2026-04-01 09:50:56]   Subject 51:  acc=0.2500±0.0447  bal_acc=0.2500±0.0447
[2026-04-01 09:50:56] ----------------------------------------------------------------------
[2026-04-01 09:50:56]   OVERALL:      acc=0.2500±0.0447  bal_acc=0.2500±0.0447
[2026-04-01 09:50:56] ======================================================================
[2026-04-01 09:50:56] CV results saved to:      /home/vegorov/Repos/eeg_jepa_research/artifacts/lee-2019-fine-tuning/SSVEP/20260401_0950_e7696780/cv_results.json
[2026-04-01 09:50:56] Subject metrics saved to: /home/vegorov/Repos/eeg_jepa_research/artifacts/lee-2019-fine-tuning/SSVEP/20260401_0950_e7696780/subject_metrics.json
[2026-04-01 09:50:56] Global metrics saved to:  /home/vegorov/Repos/eeg_jepa_research/artifacts/lee-2019-fine-tuning/SSVEP/20260401_0950_e7696780/global_metrics.json
[2026-04-01 09:50:56] Run metadata saved to:    /home/vegorov/Repos/eeg_jepa_research/artifacts/lee-2019-fine-tuning/SSVEP/20260401_0950_e7696780/run_metadata.json

[2026-04-01 09:50:56] All artifacts in: /home/vegorov/Repos/eeg_jepa_research/artifacts/lee-2019-fine-tuning/SSVEP/20260401_0950_e7696780

[2026-04-01 09:50:56] ======================================================================
[2026-04-01 09:50:56] EXPERIMENT SUMMARY
[2026-04-01 09:50:56] ======================================================================
[2026-04-01 09:50:56] Run ID:    20260401_0950_e7696780
[2026-04-01 09:50:56] Artifacts: /home/vegorov/Repos/eeg_jepa_research/artifacts/lee-2019-fine-tuning/SSVEP/20260401_0950_e7696780

[2026-04-01 09:50:56] Configuration:
[2026-04-01 09:50:56]   Subjects:          [51]
[2026-04-01 09:50:56]   Bandpass:          0.5-40.0 Hz
[2026-04-01 09:50:56]   Resample:          128 Hz
[2026-04-01 09:50:56]   CV folds:          5
[2026-04-01 09:50:56]   Learning rate:     0.001
[2026-04-01 09:50:56]   Batch size:        16
[2026-04-01 09:50:56]   Max epochs:        5000

[2026-04-01 09:50:56] Results:
[2026-04-01 09:50:56]   Mean Accuracy:          0.2500 ± 0.0447
[2026-04-01 09:50:56]   Mean Balanced Accuracy: 0.2500 ± 0.0447
