[2026-03-31 17:24:53] Using device: cpu
[2026-03-31 17:24:53] Seed control enabled: True
[2026-03-31 17:24:53] Base seed: 303
[2026-03-31 17:24:54] Seed initialized: 303
[2026-03-31 17:24:54] ======================================================================
[2026-03-31 17:24:54] CONFIGURATION
[2026-03-31 17:24:54] ======================================================================
[2026-03-31 17:24:54]   artifact_dir: /home/vegorov/Repos/eeg_jepa_research/artifacts/lee-2019-fine-tuning
[2026-03-31 17:24:54]   bandpass_high: 40.0
[2026-03-31 17:24:54]   bandpass_low: 0.5
[2026-03-31 17:24:54]   batch_size: 16
[2026-03-31 17:24:54]   convert_to_uV: False
[2026-03-31 17:24:54]   cv_folds: 5
[2026-03-31 17:24:54]   device: auto
[2026-03-31 17:24:54]   early_stopping_patience: 50
[2026-03-31 17:24:54]   learning_rate: 0.001
[2026-03-31 17:24:54]   n_epochs: 5000
[2026-03-31 17:24:54]   normalization_method: None
[2026-03-31 17:24:54]   normalize: False
[2026-03-31 17:24:54]   paradigm: SSVEP
[2026-03-31 17:24:54]   pretrained_url: https://huggingface.co/braindecode/SignalJEPA/resolve/main/signal-jepa_16s-60_adeuwv4s.pth
[2026-03-31 17:24:54]   seed: 303
[2026-03-31 17:24:54]   set_seed: True
[2026-03-31 17:24:54]   sfreq: 128
[2026-03-31 17:24:54]   subjects_to_use: [51, 54]
[2026-03-31 17:24:54]   val_split: 0.2
[2026-03-31 17:24:54] ======================================================================
[2026-03-31 17:24:54] Config saved to: /home/vegorov/Repos/eeg_jepa_research/artifacts/lee-2019-fine-tuning/SSVEP/20260331_1724_1c9cbf3d/config.json
[2026-03-31 17:24:54] Epoch window configuration:
[2026-03-31 17:24:54]   Target sfreq:                128 Hz
[2026-03-31 17:24:54]   Target duration:             4.190000 s
[2026-03-31 17:24:54]   Window samples (rounded):    536
[2026-03-31 17:24:54]   Base trial samples (4.0 s):  512
[2026-03-31 17:24:54]   Trial stop offset samples:   24
[2026-03-31 17:24:54]   Effective window duration:   4.187500 s
[2026-03-31 17:24:54] Using specified subjects from config: [51, 54]
[2026-03-31 17:24:54] Selected subjects: [51, 54]
[2026-03-31 17:24:54] Expected evaluation folds: 10

[2026-03-31 17:24:54] Building MOABBDataset for Lee2019_SSVEP...
