[2026-04-01 10:03:25] Using device: cpu
[2026-04-01 10:03:25] Seed control enabled: True
[2026-04-01 10:03:25] Base seed: 3005
[2026-04-01 10:03:25] Seed initialized: 3005
[2026-04-01 10:03:25] ======================================================================
[2026-04-01 10:03:25] CONFIGURATION
[2026-04-01 10:03:25] ======================================================================
[2026-04-01 10:03:25]   artifact_dir: /home/vegorov/Repos/eeg_jepa_research/artifacts/lee-2019-fine-tuning
[2026-04-01 10:03:25]   bandpass_high: 40.0
[2026-04-01 10:03:25]   bandpass_low: 0.5
[2026-04-01 10:03:25]   batch_size: 8
[2026-04-01 10:03:25]   convert_to_uV: True
[2026-04-01 10:03:25]   cv_folds: 5
[2026-04-01 10:03:25]   device: auto
[2026-04-01 10:03:25]   early_stopping_patience: 50
[2026-04-01 10:03:25]   learning_rate: 0.001
[2026-04-01 10:03:25]   n_epochs: 5000
[2026-04-01 10:03:25]   normalization_method: robust
[2026-04-01 10:03:25]   normalize: True
[2026-04-01 10:03:25]   paradigm: SSVEP
[2026-04-01 10:03:25]   pretrained_url: https://huggingface.co/braindecode/SignalJEPA/resolve/main/signal-jepa_16s-60_adeuwv4s.pth
[2026-04-01 10:03:25]   seed: 3005
[2026-04-01 10:03:25]   set_seed: True
[2026-04-01 10:03:25]   sfreq: 128
[2026-04-01 10:03:25]   subjects_to_use: [51]
[2026-04-01 10:03:25]   val_split: 0.2
[2026-04-01 10:03:25] ======================================================================
[2026-04-01 10:03:25] Config saved to: /home/vegorov/Repos/eeg_jepa_research/artifacts/lee-2019-fine-tuning/SSVEP/20260401_1003_5e8d58dc/config.json
[2026-04-01 10:03:25] Epoch window configuration:
[2026-04-01 10:03:25]   Target sfreq:                128 Hz
[2026-04-01 10:03:25]   Target duration:             4.190000 s
[2026-04-01 10:03:25]   Window samples (rounded):    536
[2026-04-01 10:03:25]   Base trial samples (4.0 s):  512
[2026-04-01 10:03:25]   Trial stop offset samples:   24
[2026-04-01 10:03:25]   Effective window duration:   4.187500 s
[2026-04-01 10:03:25] Using specified subjects from config: [51]
[2026-04-01 10:03:25] Selected subjects: [51]
[2026-04-01 10:03:25] Expected evaluation folds: 5

[2026-04-01 10:03:25] Building MOABBDataset for Lee2019_SSVEP...
[2026-04-01 10:03:34] MOABBDataset recordings loaded: 1
[2026-04-01 10:03:34] Discovered annotation descriptions (first recording): [np.str_('12.0'), np.str_('5.45'), np.str_('6.67'), np.str_('8.57')]
[2026-04-01 10:03:34] Dataset event_id mapping: {'12.0': 1, '8.57': 2, '6.67': 3, '5.45': 4}
[2026-04-01 10:03:34] Label map (event_code -> class_index): {1: 0, 2: 1, 3: 2, 4: 3}
[2026-04-01 10:03:34] Applying Braindecode preprocessors to MOABBDataset...
[2026-04-01 10:03:37] Preprocessing complete.

[2026-04-01 10:03:37] Post-preprocessing validation
[2026-04-01 10:03:37]   Recordings in DATASET: 1
[2026-04-01 10:03:37]   Unique subject IDs:    ['51']
[2026-04-01 10:03:37]   sfreq (first rec):     128.0 Hz
[2026-04-01 10:03:37]   EEG channel count:     62
[2026-04-01 10:03:37]   First 10 channels:     ['Fp1', 'Fp2', 'F7', 'F3', 'Fz', 'F4', 'F8', 'FC5', 'FC1', 'FC2']
[2026-04-01 10:03:37] Channel consistency summary:
[2026-04-01 10:03:37]   Checked runs: 1
[2026-04-01 10:03:37]   Unique channel counts: [62]
[2026-04-01 10:03:37]   Channel order consistent: True
[2026-04-01 10:03:37] Validated EEG channels: 62
[2026-04-01 10:03:37] First 10 EEG channels: ['Fp1', 'Fp2', 'F7', 'F3', 'Fz', 'F4', 'F8', 'FC5', 'FC1', 'FC2']
[2026-04-01 10:03:37] raw mean_abs=1.622080e+00
[2026-04-01 10:03:37] raw std=6.561666e+00
[2026-04-01 10:03:37] raw first5 channel std= [4.2722204  4.05786443 2.59206901 2.20099952 2.01741192]
[2026-04-01 10:03:37] Requested window samples: 536
[2026-04-01 10:03:37] Base trial samples:       512
[2026-04-01 10:03:37] Stop offset samples:      24
[2026-04-01 10:03:37] Global class counts: [25, 25, 25, 25]
[2026-04-01 10:03:37] Chance level (4-class): 0.25
[2026-04-01 10:03:37] One window shape: (62, 536)
[2026-04-01 10:03:37] One window label: 1
[2026-04-01 10:03:37] Window sample length expected=536, got=536
[2026-04-01 10:03:37] Subjects in window split: [51]
[2026-04-01 10:03:37] Summarizing per-subject windows...
[2026-04-01 10:03:37]   Subject 51: n_windows=100, window_shape=(62, 536), class_counts=[25, 25, 25, 25]
[2026-04-01 10:03:37]    subject_id  n_windows  n_channels  n_times      class_counts
0          51        100          62      536  [25, 25, 25, 25]
[2026-04-01 10:03:37] Window validation summary:
[2026-04-01 10:03:37]   Subject 51: n_windows=100 class_counts=[25, 25, 25, 25]

[2026-04-01 10:03:37] Validated sampling rate target: 128 Hz
[2026-04-01 10:03:37] Validated window sample count:   536
[2026-04-01 10:03:37] Validated window duration:       4.1875 s
[2026-04-01 10:03:37] Validated channel count:         62
[2026-04-01 10:03:37] Total windows retained:          100
[2026-04-01 10:03:37] Preprocessing sanity checks:
[2026-04-01 10:03:37]   One sample label: 1
[2026-04-01 10:03:37]   One sample shape: (62, 536)
[2026-04-01 10:03:37]   Mean(abs(signal)): 7.903458e-01
[2026-04-01 10:03:37]   Mean(signal):      5.807917e-03
[2026-04-01 10:03:37]   Std(signal):       1.030406e+00
[2026-04-01 10:03:37] Building model with input window duration: 4.1875 s
[2026-04-01 10:03:37] SignalJEPA_PreLocal instantiated successfully.
[2026-04-01 10:03:37]   Total parameters:     18,192
[2026-04-01 10:03:37]   Trainable parameters: 18,192
[2026-04-01 10:03:37] ======================================================================================================================================================
Layer (type (var_name):depth-idx)                  Input Shape               Output Shape              Param #                   Kernel Shape
======================================================================================================================================================
SignalJEPA_PreLocal (SignalJEPA_PreLocal)          [1, 62, 536]              [1, 4]                    --                        --
├─Sequential (spatial_conv): 1-1                   [1, 62, 536]              [1, 4, 536]               --                        --
│    └─Rearrange (0): 2-1                          [1, 62, 536]              [1, 1, 62, 536]           --                        --
│    └─Conv2d (1): 2-2                             [1, 1, 62, 536]           [1, 4, 1, 536]            252                       [62, 1]
│    └─Rearrange (2): 2-3                          [1, 4, 1, 536]            [1, 4, 536]               --                        --
├─_ConvFeatureEncoder (feature_encoder): 1-2       [1, 4, 536]               [1, 16, 64]               --                        --
│    └─Rearrange (0): 2-4                          [1, 4, 536]               [4, 1, 536]               --                        --
│    └─Sequential (1): 2-5                         [4, 1, 536]               [4, 8, 64]                --                        --
│    │    └─Conv1d (0): 3-1                        [4, 1, 536]               [4, 8, 64]                256                       [32]
│    │    └─Dropout (1): 3-2                       [4, 8, 64]                [4, 8, 64]                --                        --
│    │    └─GroupNorm (2): 3-3                     [4, 8, 64]                [4, 8, 64]                16                        --
│    │    └─GELU (3): 3-4                          [4, 8, 64]                [4, 8, 64]                --                        --
│    └─Sequential (2): 2-6                         [4, 8, 64]                [4, 16, 32]               --                        --
│    │    └─Conv1d (0): 3-5                        [4, 8, 64]                [4, 16, 32]               256                       [2]
│    │    └─Dropout (1): 3-6                       [4, 16, 32]               [4, 16, 32]               --                        --
│    │    └─GELU (2): 3-7                          [4, 16, 32]               [4, 16, 32]               --                        --
│    └─Sequential (3): 2-7                         [4, 16, 32]               [4, 32, 16]               --                        --
│    │    └─Conv1d (0): 3-8                        [4, 16, 32]               [4, 32, 16]               1,024                     [2]
│    │    └─Dropout (1): 3-9                       [4, 32, 16]               [4, 32, 16]               --                        --
│    │    └─GELU (2): 3-10                         [4, 32, 16]               [4, 32, 16]               --                        --
│    └─Sequential (4): 2-8                         [4, 32, 16]               [4, 64, 8]                --                        --
│    │    └─Conv1d (0): 3-11                       [4, 32, 16]               [4, 64, 8]                4,096                     [2]
│    │    └─Dropout (1): 3-12                      [4, 64, 8]                [4, 64, 8]                --                        --
│    │    └─GELU (2): 3-13                         [4, 64, 8]                [4, 64, 8]                --                        --
│    └─Sequential (5): 2-9                         [4, 64, 8]                [4, 64, 4]                --                        --
│    │    └─Conv1d (0): 3-14                       [4, 64, 8]                [4, 64, 4]                8,192                     [2]
│    │    └─Dropout (1): 3-15                      [4, 64, 4]                [4, 64, 4]                --                        --
│    │    └─GELU (2): 3-16                         [4, 64, 4]                [4, 64, 4]                --                        --
│    └─Rearrange (6): 2-10                         [4, 64, 4]                [1, 16, 64]               --                        --
├─Sequential (final_layer): 1-3                    [1, 16, 64]               [1, 4]                    --                        --
│    └─Flatten (0): 2-11                           [1, 16, 64]               [1, 1024]                 --                        --
│    └─Linear (1): 2-12                            [1, 1024]                 [1, 4]                    4,100                     --
======================================================================================================================================================
Total params: 18,192
Trainable params: 18,192
Non-trainable params: 0
Total mult-adds (Units.MEGABYTES): 0.57
======================================================================================================================================================
Input size (MB): 0.13
Forward/backward pass size (MB): 0.11
Params size (MB): 0.07
Estimated Total Size (MB): 0.31
======================================================================================================================================================
[2026-04-01 10:03:37] Initializing from 16s-60 pretrained checkpoint (Hugging Face):
[2026-04-01 10:03:37]   https://huggingface.co/braindecode/SignalJEPA/resolve/main/signal-jepa_16s-60_adeuwv4s.pth
[2026-04-01 10:03:37]   Downloaded 179 keys
[2026-04-01 10:03:37] ======================================================================
[2026-04-01 10:03:37] STARTING CROSS-VALIDATION
[2026-04-01 10:03:37] ======================================================================
[2026-04-01 10:03:37] Subjects:      [51]
[2026-04-01 10:03:37] CV folds:      5
[2026-04-01 10:03:37] Batch size:    8
[2026-04-01 10:03:37] Max epochs:    5000
[2026-04-01 10:03:37] Device:        cpu
[2026-04-01 10:03:37] Seed control:  True
[2026-04-01 10:03:37] Base seed:     3005
[2026-04-01 10:03:37] ======================================================================

[2026-04-01 10:03:37] Subject 51: 100 windows class_counts=[25, 25, 25, 25]
[2026-04-01 10:03:37]   Fold 1 split seed: 3006
[2026-04-01 10:03:37]   Fold 1 split class counts:
[2026-04-01 10:03:37]     train=[16, 16, 16, 16] val=[4, 4, 4, 4] test=[5, 5, 5, 5]
[2026-04-01 10:03:37]   Fold 2 split seed: 3007
[2026-04-01 10:03:37]   Fold 2 split class counts:
[2026-04-01 10:03:37]     train=[16, 16, 16, 16] val=[4, 4, 4, 4] test=[5, 5, 5, 5]
[2026-04-01 10:03:37]   Fold 3 split seed: 3008
[2026-04-01 10:03:37]   Fold 3 split class counts:
[2026-04-01 10:03:37]     train=[16, 16, 16, 16] val=[4, 4, 4, 4] test=[5, 5, 5, 5]
[2026-04-01 10:03:37]   Fold 4 split seed: 3009
[2026-04-01 10:03:37]   Fold 4 split class counts:
[2026-04-01 10:03:37]     train=[16, 16, 16, 16] val=[4, 4, 4, 4] test=[5, 5, 5, 5]
[2026-04-01 10:03:37]   Fold 5 split seed: 3010
[2026-04-01 10:03:37]   Fold 5 split class counts:
[2026-04-01 10:03:37]     train=[16, 16, 16, 16] val=[4, 4, 4, 4] test=[5, 5, 5, 5]
[2026-04-01 10:03:37]   Subject 51 Fold 1 seed: 8106
[2026-04-01 10:03:37]   Subject 51 Fold 1: n_train=64 n_val=16 n_test=20
[2026-04-01 10:03:37]     Train class counts: [16, 16, 16, 16]
[2026-04-01 10:03:37]     Val class counts:   [4, 4, 4, 4]
[2026-04-01 10:03:37]     Test class counts:  [5, 5, 5, 5]
[2026-04-01 10:03:37] Building model with input window duration: 4.1875 s
[2026-04-01 10:03:37] Pretrained weight loading:
[2026-04-01 10:03:37]   Downloaded keys:        179
[2026-04-01 10:03:37]   Filtered (transformer): 172
[2026-04-01 10:03:37]   Filtered (pos_encoder): 0
[2026-04-01 10:03:37]   Keys to load:           7
[2026-04-01 10:03:37]   Missing keys:           4
[2026-04-01 10:03:37]   Unexpected keys:        0
[2026-04-01 10:03:37]   Missing preview:        ['spatial_conv.1.weight', 'spatial_conv.1.bias', 'final_layer.1.weight', 'final_layer.1.bias']
[2026-04-01 10:03:37]   Unexpected preview:     []
[2026-04-01 10:03:37] Encoder freeze configuration:
[2026-04-01 10:03:37]   Total parameters:        18,192
[2026-04-01 10:03:37]   Trainable parameters:    4,352
[2026-04-01 10:03:37]   Training percentage:     23.9%
[2026-04-01 10:03:37]   Trainable layers: 4
[2026-04-01 10:03:37]     - final_layer.1.bias
[2026-04-01 10:03:37]     - final_layer.1.weight
[2026-04-01 10:03:37]     - spatial_conv.1.bias
[2026-04-01 10:03:37]     - spatial_conv.1.weight
[2026-04-01 10:03:37]     Train generator seeded: True
[2026-04-01 10:03:40]     Stopped epoch:            125
[2026-04-01 10:03:40]     Best epoch (valid_loss):  75
[2026-04-01 10:03:40]     Best valid_loss:          1.358477234840393
[2026-04-01 10:03:40]     Test accuracy (primary):  0.2000
[2026-04-01 10:03:40]     Test balanced acc:        0.2000
[2026-04-01 10:03:40]     Confusion matrix:         [[2, 2, 1, 0], [1, 1, 1, 2], [3, 0, 1, 1], [0, 3, 2, 0]]
[2026-04-01 10:03:40]     Prediction histogram:     [6, 6, 5, 3]
[2026-04-01 10:03:40]     fold_acc=0.2000 fold_bal_acc=0.2000 cm=[[2, 2, 1, 0], [1, 1, 1, 2], [3, 0, 1, 1], [0, 3, 2, 0]]
[2026-04-01 10:03:40]   Subject 51 Fold 2 seed: 8107
[2026-04-01 10:03:40]   Subject 51 Fold 2: n_train=64 n_val=16 n_test=20
[2026-04-01 10:03:40]     Train class counts: [16, 16, 16, 16]
[2026-04-01 10:03:40]     Val class counts:   [4, 4, 4, 4]
[2026-04-01 10:03:40]     Test class counts:  [5, 5, 5, 5]
[2026-04-01 10:03:40] Building model with input window duration: 4.1875 s
[2026-04-01 10:03:40] Pretrained weight loading:
[2026-04-01 10:03:40]   Downloaded keys:        179
[2026-04-01 10:03:40]   Filtered (transformer): 172
[2026-04-01 10:03:40]   Filtered (pos_encoder): 0
[2026-04-01 10:03:40]   Keys to load:           7
[2026-04-01 10:03:40]   Missing keys:           4
[2026-04-01 10:03:40]   Unexpected keys:        0
[2026-04-01 10:03:40]   Missing preview:        ['spatial_conv.1.weight', 'spatial_conv.1.bias', 'final_layer.1.weight', 'final_layer.1.bias']
[2026-04-01 10:03:40]   Unexpected preview:     []
[2026-04-01 10:03:40] Encoder freeze configuration:
[2026-04-01 10:03:40]   Total parameters:        18,192
[2026-04-01 10:03:40]   Trainable parameters:    4,352
[2026-04-01 10:03:40]   Training percentage:     23.9%
[2026-04-01 10:03:40]   Trainable layers: 4
[2026-04-01 10:03:40]     - final_layer.1.bias
[2026-04-01 10:03:40]     - final_layer.1.weight
[2026-04-01 10:03:40]     - spatial_conv.1.bias
[2026-04-01 10:03:40]     - spatial_conv.1.weight
[2026-04-01 10:03:40]     Train generator seeded: True
[2026-04-01 10:03:41]     Stopped epoch:            69
[2026-04-01 10:03:41]     Best epoch (valid_loss):  19
[2026-04-01 10:03:41]     Best valid_loss:          1.3709034323692322
[2026-04-01 10:03:41]     Test accuracy (primary):  0.4500
[2026-04-01 10:03:41]     Test balanced acc:        0.4500
[2026-04-01 10:03:41]     Confusion matrix:         [[2, 0, 1, 2], [1, 3, 1, 0], [1, 1, 3, 0], [1, 1, 2, 1]]
[2026-04-01 10:03:41]     Prediction histogram:     [5, 5, 7, 3]
[2026-04-01 10:03:41]     fold_acc=0.4500 fold_bal_acc=0.4500 cm=[[2, 0, 1, 2], [1, 3, 1, 0], [1, 1, 3, 0], [1, 1, 2, 1]]
[2026-04-01 10:03:41]   Subject 51 Fold 3 seed: 8108
[2026-04-01 10:03:41]   Subject 51 Fold 3: n_train=64 n_val=16 n_test=20
[2026-04-01 10:03:41]     Train class counts: [16, 16, 16, 16]
[2026-04-01 10:03:41]     Val class counts:   [4, 4, 4, 4]
[2026-04-01 10:03:41]     Test class counts:  [5, 5, 5, 5]
[2026-04-01 10:03:41] Building model with input window duration: 4.1875 s
[2026-04-01 10:03:41] Pretrained weight loading:
[2026-04-01 10:03:41]   Downloaded keys:        179
[2026-04-01 10:03:41]   Filtered (transformer): 172
[2026-04-01 10:03:41]   Filtered (pos_encoder): 0
[2026-04-01 10:03:41]   Keys to load:           7
[2026-04-01 10:03:41]   Missing keys:           4
[2026-04-01 10:03:41]   Unexpected keys:        0
[2026-04-01 10:03:41]   Missing preview:        ['spatial_conv.1.weight', 'spatial_conv.1.bias', 'final_layer.1.weight', 'final_layer.1.bias']
[2026-04-01 10:03:41]   Unexpected preview:     []
[2026-04-01 10:03:41] Encoder freeze configuration:
[2026-04-01 10:03:41]   Total parameters:        18,192
[2026-04-01 10:03:41]   Trainable parameters:    4,352
[2026-04-01 10:03:41]   Training percentage:     23.9%
[2026-04-01 10:03:41]   Trainable layers: 4
[2026-04-01 10:03:41]     - final_layer.1.bias
[2026-04-01 10:03:41]     - final_layer.1.weight
[2026-04-01 10:03:41]     - spatial_conv.1.bias
[2026-04-01 10:03:41]     - spatial_conv.1.weight
[2026-04-01 10:03:41]     Train generator seeded: True
[2026-04-01 10:03:43]     Stopped epoch:            64
[2026-04-01 10:03:43]     Best epoch (valid_loss):  14
[2026-04-01 10:03:43]     Best valid_loss:          1.3859757781028748
[2026-04-01 10:03:43]     Test accuracy (primary):  0.4500
[2026-04-01 10:03:43]     Test balanced acc:        0.4500
[2026-04-01 10:03:43]     Confusion matrix:         [[3, 0, 1, 1], [1, 2, 0, 2], [0, 1, 2, 2], [2, 1, 0, 2]]
[2026-04-01 10:03:43]     Prediction histogram:     [6, 4, 3, 7]
[2026-04-01 10:03:43]     fold_acc=0.4500 fold_bal_acc=0.4500 cm=[[3, 0, 1, 1], [1, 2, 0, 2], [0, 1, 2, 2], [2, 1, 0, 2]]
[2026-04-01 10:03:43]   Subject 51 Fold 4 seed: 8109
[2026-04-01 10:03:43]   Subject 51 Fold 4: n_train=64 n_val=16 n_test=20
[2026-04-01 10:03:43]     Train class counts: [16, 16, 16, 16]
[2026-04-01 10:03:43]     Val class counts:   [4, 4, 4, 4]
[2026-04-01 10:03:43]     Test class counts:  [5, 5, 5, 5]
[2026-04-01 10:03:43] Building model with input window duration: 4.1875 s
[2026-04-01 10:03:43] Pretrained weight loading:
[2026-04-01 10:03:43]   Downloaded keys:        179
[2026-04-01 10:03:43]   Filtered (transformer): 172
[2026-04-01 10:03:43]   Filtered (pos_encoder): 0
[2026-04-01 10:03:43]   Keys to load:           7
[2026-04-01 10:03:43]   Missing keys:           4
[2026-04-01 10:03:43]   Unexpected keys:        0
[2026-04-01 10:03:43]   Missing preview:        ['spatial_conv.1.weight', 'spatial_conv.1.bias', 'final_layer.1.weight', 'final_layer.1.bias']
[2026-04-01 10:03:43]   Unexpected preview:     []
[2026-04-01 10:03:43] Encoder freeze configuration:
[2026-04-01 10:03:43]   Total parameters:        18,192
[2026-04-01 10:03:43]   Trainable parameters:    4,352
[2026-04-01 10:03:43]   Training percentage:     23.9%
[2026-04-01 10:03:43]   Trainable layers: 4
[2026-04-01 10:03:43]     - final_layer.1.bias
[2026-04-01 10:03:43]     - final_layer.1.weight
[2026-04-01 10:03:43]     - spatial_conv.1.bias
[2026-04-01 10:03:43]     - spatial_conv.1.weight
[2026-04-01 10:03:43]     Train generator seeded: True
[2026-04-01 10:03:44]     Stopped epoch:            51
[2026-04-01 10:03:44]     Best epoch (valid_loss):  1
[2026-04-01 10:03:44]     Best valid_loss:          1.3868489265441895
[2026-04-01 10:03:44]     Test accuracy (primary):  0.3000
[2026-04-01 10:03:44]     Test balanced acc:        0.3000
[2026-04-01 10:03:44]     Confusion matrix:         [[0, 2, 1, 2], [0, 3, 2, 0], [0, 2, 2, 1], [0, 4, 0, 1]]
[2026-04-01 10:03:44]     Prediction histogram:     [0, 11, 5, 4]
[2026-04-01 10:03:44]     fold_acc=0.3000 fold_bal_acc=0.3000 cm=[[0, 2, 1, 2], [0, 3, 2, 0], [0, 2, 2, 1], [0, 4, 0, 1]]
[2026-04-01 10:03:44]   Subject 51 Fold 5 seed: 8110
[2026-04-01 10:03:44]   Subject 51 Fold 5: n_train=64 n_val=16 n_test=20
[2026-04-01 10:03:44]     Train class counts: [16, 16, 16, 16]
[2026-04-01 10:03:44]     Val class counts:   [4, 4, 4, 4]
[2026-04-01 10:03:44]     Test class counts:  [5, 5, 5, 5]
[2026-04-01 10:03:44] Building model with input window duration: 4.1875 s
[2026-04-01 10:03:44] Pretrained weight loading:
[2026-04-01 10:03:44]   Downloaded keys:        179
[2026-04-01 10:03:44]   Filtered (transformer): 172
[2026-04-01 10:03:44]   Filtered (pos_encoder): 0
[2026-04-01 10:03:44]   Keys to load:           7
[2026-04-01 10:03:44]   Missing keys:           4
[2026-04-01 10:03:44]   Unexpected keys:        0
[2026-04-01 10:03:44]   Missing preview:        ['spatial_conv.1.weight', 'spatial_conv.1.bias', 'final_layer.1.weight', 'final_layer.1.bias']
[2026-04-01 10:03:44]   Unexpected preview:     []
[2026-04-01 10:03:44] Encoder freeze configuration:
[2026-04-01 10:03:44]   Total parameters:        18,192
[2026-04-01 10:03:44]   Trainable parameters:    4,352
[2026-04-01 10:03:44]   Training percentage:     23.9%
[2026-04-01 10:03:44]   Trainable layers: 4
[2026-04-01 10:03:44]     - final_layer.1.bias
[2026-04-01 10:03:44]     - final_layer.1.weight
[2026-04-01 10:03:44]     - spatial_conv.1.bias
[2026-04-01 10:03:44]     - spatial_conv.1.weight
[2026-04-01 10:03:44]     Train generator seeded: True
[2026-04-01 10:03:45]     Stopped epoch:            69
[2026-04-01 10:03:45]     Best epoch (valid_loss):  19
[2026-04-01 10:03:45]     Best valid_loss:          1.3754158020019531
[2026-04-01 10:03:45]     Test accuracy (primary):  0.2000
[2026-04-01 10:03:45]     Test balanced acc:        0.2000
[2026-04-01 10:03:45]     Confusion matrix:         [[1, 1, 1, 2], [2, 0, 2, 1], [3, 0, 1, 1], [2, 0, 1, 2]]
[2026-04-01 10:03:45]     Prediction histogram:     [8, 1, 5, 6]
[2026-04-01 10:03:45]     fold_acc=0.2000 fold_bal_acc=0.2000 cm=[[1, 1, 1, 2], [2, 0, 2, 1], [3, 0, 1, 1], [2, 0, 1, 2]]
[2026-04-01 10:03:45]   Subject 51 mean accuracy: 0.3200

[2026-04-01 10:03:45] Total folds completed: 5
[2026-04-01 10:03:45] ======================================================================
[2026-04-01 10:03:45] AGGREGATED RESULTS
[2026-04-01 10:03:45] ======================================================================
[2026-04-01 10:03:45]   Subject 51:  acc=0.3200±0.1122  bal_acc=0.3200±0.1122
[2026-04-01 10:03:45] ----------------------------------------------------------------------
[2026-04-01 10:03:45]   OVERALL:      acc=0.3200±0.1122  bal_acc=0.3200±0.1122
[2026-04-01 10:03:45] ======================================================================
[2026-04-01 10:03:45] CV results saved to:      /home/vegorov/Repos/eeg_jepa_research/artifacts/lee-2019-fine-tuning/SSVEP/20260401_1003_5e8d58dc/cv_results.json
[2026-04-01 10:03:45] Subject metrics saved to: /home/vegorov/Repos/eeg_jepa_research/artifacts/lee-2019-fine-tuning/SSVEP/20260401_1003_5e8d58dc/subject_metrics.json
[2026-04-01 10:03:45] Global metrics saved to:  /home/vegorov/Repos/eeg_jepa_research/artifacts/lee-2019-fine-tuning/SSVEP/20260401_1003_5e8d58dc/global_metrics.json
[2026-04-01 10:03:45] Run metadata saved to:    /home/vegorov/Repos/eeg_jepa_research/artifacts/lee-2019-fine-tuning/SSVEP/20260401_1003_5e8d58dc/run_metadata.json

[2026-04-01 10:03:45] All artifacts in: /home/vegorov/Repos/eeg_jepa_research/artifacts/lee-2019-fine-tuning/SSVEP/20260401_1003_5e8d58dc

[2026-04-01 10:03:45] ======================================================================
[2026-04-01 10:03:45] EXPERIMENT SUMMARY
[2026-04-01 10:03:45] ======================================================================
[2026-04-01 10:03:45] Run ID:    20260401_1003_5e8d58dc
[2026-04-01 10:03:45] Artifacts: /home/vegorov/Repos/eeg_jepa_research/artifacts/lee-2019-fine-tuning/SSVEP/20260401_1003_5e8d58dc

[2026-04-01 10:03:45] Configuration:
[2026-04-01 10:03:45]   Subjects:          [51]
[2026-04-01 10:03:45]   Bandpass:          0.5-40.0 Hz
[2026-04-01 10:03:45]   Resample:          128 Hz
[2026-04-01 10:03:45]   CV folds:          5
[2026-04-01 10:03:45]   Learning rate:     0.001
[2026-04-01 10:03:45]   Batch size:        8
[2026-04-01 10:03:45]   Max epochs:        5000

[2026-04-01 10:03:45] Results:
[2026-04-01 10:03:45]   Mean Accuracy:          0.3200 ± 0.1122
[2026-04-01 10:03:45]   Mean Balanced Accuracy: 0.3200 ± 0.1122
