[2026-04-01 10:09:49] Using device: cpu
[2026-04-01 10:09:49] Seed control enabled: True
[2026-04-01 10:09:49] Base seed: 3020
[2026-04-01 10:09:49] Seed initialized: 3020
[2026-04-01 10:09:49] ======================================================================
[2026-04-01 10:09:49] CONFIGURATION
[2026-04-01 10:09:49] ======================================================================
[2026-04-01 10:09:49]   artifact_dir: /home/vegorov/Repos/eeg_jepa_research/artifacts/lee-2019-fine-tuning
[2026-04-01 10:09:49]   bandpass_high: 40.0
[2026-04-01 10:09:49]   bandpass_low: 0.5
[2026-04-01 10:09:49]   batch_size: 24
[2026-04-01 10:09:49]   convert_to_uV: False
[2026-04-01 10:09:49]   cv_folds: 5
[2026-04-01 10:09:49]   device: auto
[2026-04-01 10:09:49]   early_stopping_patience: 50
[2026-04-01 10:09:49]   learning_rate: 0.001
[2026-04-01 10:09:49]   n_epochs: 5000
[2026-04-01 10:09:49]   normalization_method: zscore
[2026-04-01 10:09:49]   normalize: True
[2026-04-01 10:09:49]   paradigm: SSVEP
[2026-04-01 10:09:49]   pretrained_url: https://huggingface.co/braindecode/SignalJEPA/resolve/main/signal-jepa_16s-60_adeuwv4s.pth
[2026-04-01 10:09:49]   seed: 3020
[2026-04-01 10:09:49]   set_seed: True
[2026-04-01 10:09:49]   sfreq: 128
[2026-04-01 10:09:49]   subjects_to_use: [51]
[2026-04-01 10:09:49]   val_split: 0.2
[2026-04-01 10:09:49] ======================================================================
[2026-04-01 10:09:49] Config saved to: /home/vegorov/Repos/eeg_jepa_research/artifacts/lee-2019-fine-tuning/SSVEP/20260401_1009_a40b4aee/config.json
[2026-04-01 10:09:49] Epoch window configuration:
[2026-04-01 10:09:49]   Target sfreq:                128 Hz
[2026-04-01 10:09:49]   Target duration:             4.190000 s
[2026-04-01 10:09:49]   Window samples (rounded):    536
[2026-04-01 10:09:49]   Base trial samples (4.0 s):  512
[2026-04-01 10:09:49]   Trial stop offset samples:   24
[2026-04-01 10:09:49]   Effective window duration:   4.187500 s
[2026-04-01 10:09:49] Using specified subjects from config: [51]
[2026-04-01 10:09:49] Selected subjects: [51]
[2026-04-01 10:09:49] Expected evaluation folds: 5

[2026-04-01 10:09:49] Building MOABBDataset for Lee2019_SSVEP...
[2026-04-01 10:09:58] MOABBDataset recordings loaded: 1
[2026-04-01 10:09:58] Discovered annotation descriptions (first recording): [np.str_('12.0'), np.str_('5.45'), np.str_('6.67'), np.str_('8.57')]
[2026-04-01 10:09:58] Dataset event_id mapping: {'12.0': 1, '8.57': 2, '6.67': 3, '5.45': 4}
[2026-04-01 10:09:58] Label map (event_code -> class_index): {1: 0, 2: 1, 3: 2, 4: 3}
[2026-04-01 10:09:58] Applying Braindecode preprocessors to MOABBDataset...
[2026-04-01 10:10:01] Preprocessing complete.

[2026-04-01 10:10:01] Post-preprocessing validation
[2026-04-01 10:10:01]   Recordings in DATASET: 1
[2026-04-01 10:10:01]   Unique subject IDs:    ['51']
[2026-04-01 10:10:01]   sfreq (first rec):     128.0 Hz
[2026-04-01 10:10:01]   EEG channel count:     62
[2026-04-01 10:10:01]   First 10 channels:     ['Fp1', 'Fp2', 'F7', 'F3', 'Fz', 'F4', 'F8', 'FC5', 'FC1', 'FC2']
[2026-04-01 10:10:01] Channel consistency summary:
[2026-04-01 10:10:01]   Checked runs: 1
[2026-04-01 10:10:01]   Unique channel counts: [62]
[2026-04-01 10:10:01]   Channel order consistent: True
[2026-04-01 10:10:01] Validated EEG channels: 62
[2026-04-01 10:10:01] First 10 EEG channels: ['Fp1', 'Fp2', 'F7', 'F3', 'Fz', 'F4', 'F8', 'FC5', 'FC1', 'FC2']
[2026-04-01 10:10:01] raw mean_abs=6.326511e-01
[2026-04-01 10:10:01] raw std=9.990611e-01
[2026-04-01 10:10:01] raw first5 channel std= [0.99978371 0.999817   0.99941067 0.9992774  0.9991114 ]
[2026-04-01 10:10:01] Requested window samples: 536
[2026-04-01 10:10:01] Base trial samples:       512
[2026-04-01 10:10:01] Stop offset samples:      24
[2026-04-01 10:10:01] Global class counts: [25, 25, 25, 25]
[2026-04-01 10:10:01] Chance level (4-class): 0.25
[2026-04-01 10:10:01] One window shape: (62, 536)
[2026-04-01 10:10:01] One window label: 1
[2026-04-01 10:10:01] Window sample length expected=536, got=536
[2026-04-01 10:10:01] Subjects in window split: [51]
[2026-04-01 10:10:01] Summarizing per-subject windows...
[2026-04-01 10:10:01]   Subject 51: n_windows=100, window_shape=(62, 536), class_counts=[25, 25, 25, 25]
[2026-04-01 10:10:01]    subject_id  n_windows  n_channels  n_times      class_counts
0          51        100          62      536  [25, 25, 25, 25]
[2026-04-01 10:10:01] Window validation summary:
[2026-04-01 10:10:01]   Subject 51: n_windows=100 class_counts=[25, 25, 25, 25]

[2026-04-01 10:10:01] Validated sampling rate target: 128 Hz
[2026-04-01 10:10:01] Validated window sample count:   536
[2026-04-01 10:10:01] Validated window duration:       4.1875 s
[2026-04-01 10:10:01] Validated channel count:         62
[2026-04-01 10:10:01] Total windows retained:          100
[2026-04-01 10:10:01] Preprocessing sanity checks:
[2026-04-01 10:10:01]   One sample label: 1
[2026-04-01 10:10:01]   One sample shape: (62, 536)
[2026-04-01 10:10:01]   Mean(abs(signal)): 3.405296e-01
[2026-04-01 10:10:01]   Mean(signal):      -3.798668e-03
[2026-04-01 10:10:01]   Std(signal):       4.496962e-01
[2026-04-01 10:10:01] Building model with input window duration: 4.1875 s
[2026-04-01 10:10:01] SignalJEPA_PreLocal instantiated successfully.
[2026-04-01 10:10:01]   Total parameters:     18,192
[2026-04-01 10:10:01]   Trainable parameters: 18,192
[2026-04-01 10:10:01] ======================================================================================================================================================
Layer (type (var_name):depth-idx)                  Input Shape               Output Shape              Param #                   Kernel Shape
======================================================================================================================================================
SignalJEPA_PreLocal (SignalJEPA_PreLocal)          [1, 62, 536]              [1, 4]                    --                        --
├─Sequential (spatial_conv): 1-1                   [1, 62, 536]              [1, 4, 536]               --                        --
│    └─Rearrange (0): 2-1                          [1, 62, 536]              [1, 1, 62, 536]           --                        --
│    └─Conv2d (1): 2-2                             [1, 1, 62, 536]           [1, 4, 1, 536]            252                       [62, 1]
│    └─Rearrange (2): 2-3                          [1, 4, 1, 536]            [1, 4, 536]               --                        --
├─_ConvFeatureEncoder (feature_encoder): 1-2       [1, 4, 536]               [1, 16, 64]               --                        --
│    └─Rearrange (0): 2-4                          [1, 4, 536]               [4, 1, 536]               --                        --
│    └─Sequential (1): 2-5                         [4, 1, 536]               [4, 8, 64]                --                        --
│    │    └─Conv1d (0): 3-1                        [4, 1, 536]               [4, 8, 64]                256                       [32]
│    │    └─Dropout (1): 3-2                       [4, 8, 64]                [4, 8, 64]                --                        --
│    │    └─GroupNorm (2): 3-3                     [4, 8, 64]                [4, 8, 64]                16                        --
│    │    └─GELU (3): 3-4                          [4, 8, 64]                [4, 8, 64]                --                        --
│    └─Sequential (2): 2-6                         [4, 8, 64]                [4, 16, 32]               --                        --
│    │    └─Conv1d (0): 3-5                        [4, 8, 64]                [4, 16, 32]               256                       [2]
│    │    └─Dropout (1): 3-6                       [4, 16, 32]               [4, 16, 32]               --                        --
│    │    └─GELU (2): 3-7                          [4, 16, 32]               [4, 16, 32]               --                        --
│    └─Sequential (3): 2-7                         [4, 16, 32]               [4, 32, 16]               --                        --
│    │    └─Conv1d (0): 3-8                        [4, 16, 32]               [4, 32, 16]               1,024                     [2]
│    │    └─Dropout (1): 3-9                       [4, 32, 16]               [4, 32, 16]               --                        --
│    │    └─GELU (2): 3-10                         [4, 32, 16]               [4, 32, 16]               --                        --
│    └─Sequential (4): 2-8                         [4, 32, 16]               [4, 64, 8]                --                        --
│    │    └─Conv1d (0): 3-11                       [4, 32, 16]               [4, 64, 8]                4,096                     [2]
│    │    └─Dropout (1): 3-12                      [4, 64, 8]                [4, 64, 8]                --                        --
│    │    └─GELU (2): 3-13                         [4, 64, 8]                [4, 64, 8]                --                        --
│    └─Sequential (5): 2-9                         [4, 64, 8]                [4, 64, 4]                --                        --
│    │    └─Conv1d (0): 3-14                       [4, 64, 8]                [4, 64, 4]                8,192                     [2]
│    │    └─Dropout (1): 3-15                      [4, 64, 4]                [4, 64, 4]                --                        --
│    │    └─GELU (2): 3-16                         [4, 64, 4]                [4, 64, 4]                --                        --
│    └─Rearrange (6): 2-10                         [4, 64, 4]                [1, 16, 64]               --                        --
├─Sequential (final_layer): 1-3                    [1, 16, 64]               [1, 4]                    --                        --
│    └─Flatten (0): 2-11                           [1, 16, 64]               [1, 1024]                 --                        --
│    └─Linear (1): 2-12                            [1, 1024]                 [1, 4]                    4,100                     --
======================================================================================================================================================
Total params: 18,192
Trainable params: 18,192
Non-trainable params: 0
Total mult-adds (Units.MEGABYTES): 0.57
======================================================================================================================================================
Input size (MB): 0.13
Forward/backward pass size (MB): 0.11
Params size (MB): 0.07
Estimated Total Size (MB): 0.31
======================================================================================================================================================
[2026-04-01 10:10:01] Initializing from 16s-60 pretrained checkpoint (Hugging Face):
[2026-04-01 10:10:01]   https://huggingface.co/braindecode/SignalJEPA/resolve/main/signal-jepa_16s-60_adeuwv4s.pth
[2026-04-01 10:10:01]   Downloaded 179 keys
[2026-04-01 10:10:01] ======================================================================
[2026-04-01 10:10:01] STARTING CROSS-VALIDATION
[2026-04-01 10:10:01] ======================================================================
[2026-04-01 10:10:01] Subjects:      [51]
[2026-04-01 10:10:01] CV folds:      5
[2026-04-01 10:10:01] Batch size:    24
[2026-04-01 10:10:01] Max epochs:    5000
[2026-04-01 10:10:01] Device:        cpu
[2026-04-01 10:10:01] Seed control:  True
[2026-04-01 10:10:01] Base seed:     3020
[2026-04-01 10:10:01] ======================================================================

[2026-04-01 10:10:01] Subject 51: 100 windows class_counts=[25, 25, 25, 25]
[2026-04-01 10:10:01]   Fold 1 split seed: 3021
[2026-04-01 10:10:01]   Fold 1 split class counts:
[2026-04-01 10:10:01]     train=[16, 16, 16, 16] val=[4, 4, 4, 4] test=[5, 5, 5, 5]
[2026-04-01 10:10:01]   Fold 2 split seed: 3022
[2026-04-01 10:10:01]   Fold 2 split class counts:
[2026-04-01 10:10:01]     train=[16, 16, 16, 16] val=[4, 4, 4, 4] test=[5, 5, 5, 5]
[2026-04-01 10:10:01]   Fold 3 split seed: 3023
[2026-04-01 10:10:01]   Fold 3 split class counts:
[2026-04-01 10:10:01]     train=[16, 16, 16, 16] val=[4, 4, 4, 4] test=[5, 5, 5, 5]
[2026-04-01 10:10:01]   Fold 4 split seed: 3024
[2026-04-01 10:10:01]   Fold 4 split class counts:
[2026-04-01 10:10:01]     train=[16, 16, 16, 16] val=[4, 4, 4, 4] test=[5, 5, 5, 5]
[2026-04-01 10:10:01]   Fold 5 split seed: 3025
[2026-04-01 10:10:01]   Fold 5 split class counts:
[2026-04-01 10:10:01]     train=[16, 16, 16, 16] val=[4, 4, 4, 4] test=[5, 5, 5, 5]
[2026-04-01 10:10:01]   Subject 51 Fold 1 seed: 8121
[2026-04-01 10:10:01]   Subject 51 Fold 1: n_train=64 n_val=16 n_test=20
[2026-04-01 10:10:01]     Train class counts: [16, 16, 16, 16]
[2026-04-01 10:10:01]     Val class counts:   [4, 4, 4, 4]
[2026-04-01 10:10:01]     Test class counts:  [5, 5, 5, 5]
[2026-04-01 10:10:01] Building model with input window duration: 4.1875 s
[2026-04-01 10:10:01] Pretrained weight loading:
[2026-04-01 10:10:01]   Downloaded keys:        179
[2026-04-01 10:10:01]   Filtered (transformer): 172
[2026-04-01 10:10:01]   Filtered (pos_encoder): 0
[2026-04-01 10:10:01]   Keys to load:           7
[2026-04-01 10:10:01]   Missing keys:           4
[2026-04-01 10:10:01]   Unexpected keys:        0
[2026-04-01 10:10:01]   Missing preview:        ['spatial_conv.1.weight', 'spatial_conv.1.bias', 'final_layer.1.weight', 'final_layer.1.bias']
[2026-04-01 10:10:01]   Unexpected preview:     []
[2026-04-01 10:10:01] Encoder freeze configuration:
[2026-04-01 10:10:01]   Total parameters:        18,192
[2026-04-01 10:10:01]   Trainable parameters:    4,352
[2026-04-01 10:10:01]   Training percentage:     23.9%
[2026-04-01 10:10:01]   Trainable layers: 4
[2026-04-01 10:10:01]     - final_layer.1.bias
[2026-04-01 10:10:01]     - final_layer.1.weight
[2026-04-01 10:10:01]     - spatial_conv.1.bias
[2026-04-01 10:10:01]     - spatial_conv.1.weight
[2026-04-01 10:10:01]     Train generator seeded: True
[2026-04-01 10:10:02]     Stopped epoch:            100
[2026-04-01 10:10:02]     Best epoch (valid_loss):  50
[2026-04-01 10:10:02]     Best valid_loss:          1.3853271007537842
[2026-04-01 10:10:02]     Test accuracy (primary):  0.3500
[2026-04-01 10:10:02]     Test balanced acc:        0.3500
[2026-04-01 10:10:02]     Confusion matrix:         [[3, 2, 0, 0], [1, 2, 1, 1], [1, 2, 1, 1], [2, 2, 0, 1]]
[2026-04-01 10:10:02]     Prediction histogram:     [7, 8, 2, 3]
[2026-04-01 10:10:02]     fold_acc=0.3500 fold_bal_acc=0.3500 cm=[[3, 2, 0, 0], [1, 2, 1, 1], [1, 2, 1, 1], [2, 2, 0, 1]]
[2026-04-01 10:10:02]   Subject 51 Fold 2 seed: 8122
[2026-04-01 10:10:02]   Subject 51 Fold 2: n_train=64 n_val=16 n_test=20
[2026-04-01 10:10:02]     Train class counts: [16, 16, 16, 16]
[2026-04-01 10:10:02]     Val class counts:   [4, 4, 4, 4]
[2026-04-01 10:10:02]     Test class counts:  [5, 5, 5, 5]
[2026-04-01 10:10:02] Building model with input window duration: 4.1875 s
[2026-04-01 10:10:02] Pretrained weight loading:
[2026-04-01 10:10:02]   Downloaded keys:        179
[2026-04-01 10:10:02]   Filtered (transformer): 172
[2026-04-01 10:10:02]   Filtered (pos_encoder): 0
[2026-04-01 10:10:02]   Keys to load:           7
[2026-04-01 10:10:02]   Missing keys:           4
[2026-04-01 10:10:02]   Unexpected keys:        0
[2026-04-01 10:10:02]   Missing preview:        ['spatial_conv.1.weight', 'spatial_conv.1.bias', 'final_layer.1.weight', 'final_layer.1.bias']
[2026-04-01 10:10:02]   Unexpected preview:     []
[2026-04-01 10:10:02] Encoder freeze configuration:
[2026-04-01 10:10:02]   Total parameters:        18,192
[2026-04-01 10:10:02]   Trainable parameters:    4,352
[2026-04-01 10:10:02]   Training percentage:     23.9%
[2026-04-01 10:10:02]   Trainable layers: 4
[2026-04-01 10:10:02]     - final_layer.1.bias
[2026-04-01 10:10:02]     - final_layer.1.weight
[2026-04-01 10:10:02]     - spatial_conv.1.bias
[2026-04-01 10:10:02]     - spatial_conv.1.weight
[2026-04-01 10:10:02]     Train generator seeded: True
[2026-04-01 10:10:03]     Stopped epoch:            53
[2026-04-01 10:10:03]     Best epoch (valid_loss):  5
[2026-04-01 10:10:03]     Best valid_loss:          1.3884607553482056
[2026-04-01 10:10:03]     Test accuracy (primary):  0.2500
[2026-04-01 10:10:03]     Test balanced acc:        0.2500
[2026-04-01 10:10:03]     Confusion matrix:         [[0, 1, 4, 0], [0, 1, 2, 2], [0, 1, 4, 0], [0, 2, 3, 0]]
[2026-04-01 10:10:03]     Prediction histogram:     [0, 5, 13, 2]
[2026-04-01 10:10:03]     fold_acc=0.2500 fold_bal_acc=0.2500 cm=[[0, 1, 4, 0], [0, 1, 2, 2], [0, 1, 4, 0], [0, 2, 3, 0]]
[2026-04-01 10:10:03]   Subject 51 Fold 3 seed: 8123
[2026-04-01 10:10:03]   Subject 51 Fold 3: n_train=64 n_val=16 n_test=20
[2026-04-01 10:10:03]     Train class counts: [16, 16, 16, 16]
[2026-04-01 10:10:03]     Val class counts:   [4, 4, 4, 4]
[2026-04-01 10:10:03]     Test class counts:  [5, 5, 5, 5]
[2026-04-01 10:10:03] Building model with input window duration: 4.1875 s
[2026-04-01 10:10:03] Pretrained weight loading:
[2026-04-01 10:10:03]   Downloaded keys:        179
[2026-04-01 10:10:03]   Filtered (transformer): 172
[2026-04-01 10:10:03]   Filtered (pos_encoder): 0
[2026-04-01 10:10:03]   Keys to load:           7
[2026-04-01 10:10:03]   Missing keys:           4
[2026-04-01 10:10:03]   Unexpected keys:        0
[2026-04-01 10:10:03]   Missing preview:        ['spatial_conv.1.weight', 'spatial_conv.1.bias', 'final_layer.1.weight', 'final_layer.1.bias']
[2026-04-01 10:10:03]   Unexpected preview:     []
[2026-04-01 10:10:03] Encoder freeze configuration:
[2026-04-01 10:10:03]   Total parameters:        18,192
[2026-04-01 10:10:03]   Trainable parameters:    4,352
[2026-04-01 10:10:03]   Training percentage:     23.9%
[2026-04-01 10:10:03]   Trainable layers: 4
[2026-04-01 10:10:03]     - final_layer.1.bias
[2026-04-01 10:10:03]     - final_layer.1.weight
[2026-04-01 10:10:03]     - spatial_conv.1.bias
[2026-04-01 10:10:03]     - spatial_conv.1.weight
[2026-04-01 10:10:03]     Train generator seeded: True
[2026-04-01 10:10:06]     Stopped epoch:            502
[2026-04-01 10:10:06]     Best epoch (valid_loss):  452
[2026-04-01 10:10:06]     Best valid_loss:          1.2168247699737549
[2026-04-01 10:10:06]     Test accuracy (primary):  0.3000
[2026-04-01 10:10:06]     Test balanced acc:        0.3000
[2026-04-01 10:10:06]     Confusion matrix:         [[2, 0, 1, 2], [0, 1, 1, 3], [2, 1, 2, 0], [1, 2, 1, 1]]
[2026-04-01 10:10:06]     Prediction histogram:     [5, 4, 5, 6]
[2026-04-01 10:10:06]     fold_acc=0.3000 fold_bal_acc=0.3000 cm=[[2, 0, 1, 2], [0, 1, 1, 3], [2, 1, 2, 0], [1, 2, 1, 1]]
[2026-04-01 10:10:06]   Subject 51 Fold 4 seed: 8124
[2026-04-01 10:10:06]   Subject 51 Fold 4: n_train=64 n_val=16 n_test=20
[2026-04-01 10:10:06]     Train class counts: [16, 16, 16, 16]
[2026-04-01 10:10:06]     Val class counts:   [4, 4, 4, 4]
[2026-04-01 10:10:06]     Test class counts:  [5, 5, 5, 5]
[2026-04-01 10:10:06] Building model with input window duration: 4.1875 s
[2026-04-01 10:10:06] Pretrained weight loading:
[2026-04-01 10:10:06]   Downloaded keys:        179
[2026-04-01 10:10:06]   Filtered (transformer): 172
[2026-04-01 10:10:06]   Filtered (pos_encoder): 0
[2026-04-01 10:10:06]   Keys to load:           7
[2026-04-01 10:10:06]   Missing keys:           4
[2026-04-01 10:10:06]   Unexpected keys:        0
[2026-04-01 10:10:06]   Missing preview:        ['spatial_conv.1.weight', 'spatial_conv.1.bias', 'final_layer.1.weight', 'final_layer.1.bias']
[2026-04-01 10:10:06]   Unexpected preview:     []
[2026-04-01 10:10:06] Encoder freeze configuration:
[2026-04-01 10:10:06]   Total parameters:        18,192
[2026-04-01 10:10:06]   Trainable parameters:    4,352
[2026-04-01 10:10:06]   Training percentage:     23.9%
[2026-04-01 10:10:06]   Trainable layers: 4
[2026-04-01 10:10:06]     - final_layer.1.bias
[2026-04-01 10:10:06]     - final_layer.1.weight
[2026-04-01 10:10:06]     - spatial_conv.1.bias
[2026-04-01 10:10:06]     - spatial_conv.1.weight
[2026-04-01 10:10:06]     Train generator seeded: True
[2026-04-01 10:10:07]     Stopped epoch:            51
[2026-04-01 10:10:07]     Best epoch (valid_loss):  1
[2026-04-01 10:10:07]     Best valid_loss:          1.3894487619400024
[2026-04-01 10:10:07]     Test accuracy (primary):  0.2500
[2026-04-01 10:10:07]     Test balanced acc:        0.2500
[2026-04-01 10:10:07]     Confusion matrix:         [[5, 0, 0, 0], [5, 0, 0, 0], [5, 0, 0, 0], [5, 0, 0, 0]]
[2026-04-01 10:10:07]     Prediction histogram:     [20, 0, 0, 0]
[2026-04-01 10:10:07]     fold_acc=0.2500 fold_bal_acc=0.2500 cm=[[5, 0, 0, 0], [5, 0, 0, 0], [5, 0, 0, 0], [5, 0, 0, 0]]
[2026-04-01 10:10:07]   Subject 51 Fold 5 seed: 8125
[2026-04-01 10:10:07]   Subject 51 Fold 5: n_train=64 n_val=16 n_test=20
[2026-04-01 10:10:07]     Train class counts: [16, 16, 16, 16]
[2026-04-01 10:10:07]     Val class counts:   [4, 4, 4, 4]
[2026-04-01 10:10:07]     Test class counts:  [5, 5, 5, 5]
[2026-04-01 10:10:07] Building model with input window duration: 4.1875 s
[2026-04-01 10:10:07] Pretrained weight loading:
[2026-04-01 10:10:07]   Downloaded keys:        179
[2026-04-01 10:10:07]   Filtered (transformer): 172
[2026-04-01 10:10:07]   Filtered (pos_encoder): 0
[2026-04-01 10:10:07]   Keys to load:           7
[2026-04-01 10:10:07]   Missing keys:           4
[2026-04-01 10:10:07]   Unexpected keys:        0
[2026-04-01 10:10:07]   Missing preview:        ['spatial_conv.1.weight', 'spatial_conv.1.bias', 'final_layer.1.weight', 'final_layer.1.bias']
[2026-04-01 10:10:07]   Unexpected preview:     []
[2026-04-01 10:10:07] Encoder freeze configuration:
[2026-04-01 10:10:07]   Total parameters:        18,192
[2026-04-01 10:10:07]   Trainable parameters:    4,352
[2026-04-01 10:10:07]   Training percentage:     23.9%
[2026-04-01 10:10:07]   Trainable layers: 4
[2026-04-01 10:10:07]     - final_layer.1.bias
[2026-04-01 10:10:07]     - final_layer.1.weight
[2026-04-01 10:10:07]     - spatial_conv.1.bias
[2026-04-01 10:10:07]     - spatial_conv.1.weight
[2026-04-01 10:10:07]     Train generator seeded: True
[2026-04-01 10:10:08]     Stopped epoch:            82
[2026-04-01 10:10:08]     Best epoch (valid_loss):  33
[2026-04-01 10:10:08]     Best valid_loss:          1.3812729120254517
[2026-04-01 10:10:08]     Test accuracy (primary):  0.4500
[2026-04-01 10:10:08]     Test balanced acc:        0.4500
[2026-04-01 10:10:08]     Confusion matrix:         [[2, 1, 2, 0], [2, 3, 0, 0], [1, 1, 2, 1], [1, 2, 0, 2]]
[2026-04-01 10:10:08]     Prediction histogram:     [6, 7, 4, 3]
[2026-04-01 10:10:08]     fold_acc=0.4500 fold_bal_acc=0.4500 cm=[[2, 1, 2, 0], [2, 3, 0, 0], [1, 1, 2, 1], [1, 2, 0, 2]]
[2026-04-01 10:10:08]   Subject 51 mean accuracy: 0.3200

[2026-04-01 10:10:08] Total folds completed: 5
[2026-04-01 10:10:08] ======================================================================
[2026-04-01 10:10:08] AGGREGATED RESULTS
[2026-04-01 10:10:08] ======================================================================
[2026-04-01 10:10:08]   Subject 51:  acc=0.3200±0.0748  bal_acc=0.3200±0.0748
[2026-04-01 10:10:08] ----------------------------------------------------------------------
[2026-04-01 10:10:08]   OVERALL:      acc=0.3200±0.0748  bal_acc=0.3200±0.0748
[2026-04-01 10:10:08] ======================================================================
[2026-04-01 10:10:08] CV results saved to:      /home/vegorov/Repos/eeg_jepa_research/artifacts/lee-2019-fine-tuning/SSVEP/20260401_1009_a40b4aee/cv_results.json
[2026-04-01 10:10:08] Subject metrics saved to: /home/vegorov/Repos/eeg_jepa_research/artifacts/lee-2019-fine-tuning/SSVEP/20260401_1009_a40b4aee/subject_metrics.json
[2026-04-01 10:10:08] Global metrics saved to:  /home/vegorov/Repos/eeg_jepa_research/artifacts/lee-2019-fine-tuning/SSVEP/20260401_1009_a40b4aee/global_metrics.json
[2026-04-01 10:10:08] Run metadata saved to:    /home/vegorov/Repos/eeg_jepa_research/artifacts/lee-2019-fine-tuning/SSVEP/20260401_1009_a40b4aee/run_metadata.json

[2026-04-01 10:10:08] All artifacts in: /home/vegorov/Repos/eeg_jepa_research/artifacts/lee-2019-fine-tuning/SSVEP/20260401_1009_a40b4aee

[2026-04-01 10:10:08] ======================================================================
[2026-04-01 10:10:08] EXPERIMENT SUMMARY
[2026-04-01 10:10:08] ======================================================================
[2026-04-01 10:10:08] Run ID:    20260401_1009_a40b4aee
[2026-04-01 10:10:08] Artifacts: /home/vegorov/Repos/eeg_jepa_research/artifacts/lee-2019-fine-tuning/SSVEP/20260401_1009_a40b4aee

[2026-04-01 10:10:08] Configuration:
[2026-04-01 10:10:08]   Subjects:          [51]
[2026-04-01 10:10:08]   Bandpass:          0.5-40.0 Hz
[2026-04-01 10:10:08]   Resample:          128 Hz
[2026-04-01 10:10:08]   CV folds:          5
[2026-04-01 10:10:08]   Learning rate:     0.001
[2026-04-01 10:10:08]   Batch size:        24
[2026-04-01 10:10:08]   Max epochs:        5000

[2026-04-01 10:10:08] Results:
[2026-04-01 10:10:08]   Mean Accuracy:          0.3200 ± 0.0748
[2026-04-01 10:10:08]   Mean Balanced Accuracy: 0.3200 ± 0.0748
