[2026-04-01 10:07:51] Using device: cpu
[2026-04-01 10:07:51] Seed control enabled: True
[2026-04-01 10:07:51] Base seed: 3015
[2026-04-01 10:07:51] Seed initialized: 3015
[2026-04-01 10:07:51] ======================================================================
[2026-04-01 10:07:51] CONFIGURATION
[2026-04-01 10:07:51] ======================================================================
[2026-04-01 10:07:51]   artifact_dir: /home/vegorov/Repos/eeg_jepa_research/artifacts/lee-2019-fine-tuning
[2026-04-01 10:07:51]   bandpass_high: 40.0
[2026-04-01 10:07:51]   bandpass_low: 0.5
[2026-04-01 10:07:51]   batch_size: 8
[2026-04-01 10:07:51]   convert_to_uV: False
[2026-04-01 10:07:51]   cv_folds: 5
[2026-04-01 10:07:51]   device: auto
[2026-04-01 10:07:51]   early_stopping_patience: 50
[2026-04-01 10:07:51]   learning_rate: 0.001
[2026-04-01 10:07:51]   n_epochs: 5000
[2026-04-01 10:07:51]   normalization_method: exponential_moving_slow
[2026-04-01 10:07:51]   normalize: True
[2026-04-01 10:07:51]   paradigm: SSVEP
[2026-04-01 10:07:51]   pretrained_url: https://huggingface.co/braindecode/SignalJEPA/resolve/main/signal-jepa_16s-60_adeuwv4s.pth
[2026-04-01 10:07:51]   seed: 3015
[2026-04-01 10:07:51]   set_seed: True
[2026-04-01 10:07:51]   sfreq: 128
[2026-04-01 10:07:51]   subjects_to_use: [51]
[2026-04-01 10:07:51]   val_split: 0.2
[2026-04-01 10:07:51] ======================================================================
[2026-04-01 10:07:51] Config saved to: /home/vegorov/Repos/eeg_jepa_research/artifacts/lee-2019-fine-tuning/SSVEP/20260401_1007_cfaef121/config.json
[2026-04-01 10:07:51] Epoch window configuration:
[2026-04-01 10:07:51]   Target sfreq:                128 Hz
[2026-04-01 10:07:51]   Target duration:             4.190000 s
[2026-04-01 10:07:51]   Window samples (rounded):    536
[2026-04-01 10:07:51]   Base trial samples (4.0 s):  512
[2026-04-01 10:07:51]   Trial stop offset samples:   24
[2026-04-01 10:07:51]   Effective window duration:   4.187500 s
[2026-04-01 10:07:51] Using specified subjects from config: [51]
[2026-04-01 10:07:51] Selected subjects: [51]
[2026-04-01 10:07:51] Expected evaluation folds: 5

[2026-04-01 10:07:51] Building MOABBDataset for Lee2019_SSVEP...
[2026-04-01 10:08:00] MOABBDataset recordings loaded: 1
[2026-04-01 10:08:00] Discovered annotation descriptions (first recording): [np.str_('12.0'), np.str_('5.45'), np.str_('6.67'), np.str_('8.57')]
[2026-04-01 10:08:00] Dataset event_id mapping: {'12.0': 1, '8.57': 2, '6.67': 3, '5.45': 4}
[2026-04-01 10:08:00] Label map (event_code -> class_index): {1: 0, 2: 1, 3: 2, 4: 3}
[2026-04-01 10:08:00] Applying Braindecode preprocessors to MOABBDataset...
[2026-04-01 10:08:03] Preprocessing complete.

[2026-04-01 10:08:03] Post-preprocessing validation
[2026-04-01 10:08:03]   Recordings in DATASET: 1
[2026-04-01 10:08:03]   Unique subject IDs:    ['51']
[2026-04-01 10:08:03]   sfreq (first rec):     128.0 Hz
[2026-04-01 10:08:03]   EEG channel count:     62
[2026-04-01 10:08:03]   First 10 channels:     ['Fp1', 'Fp2', 'F7', 'F3', 'Fz', 'F4', 'F8', 'FC5', 'FC1', 'FC2']
[2026-04-01 10:08:03] Channel consistency summary:
[2026-04-01 10:08:03]   Checked runs: 1
[2026-04-01 10:08:03]   Unique channel counts: [62]
[2026-04-01 10:08:03]   Channel order consistent: True
[2026-04-01 10:08:03] Validated EEG channels: 62
[2026-04-01 10:08:03] First 10 EEG channels: ['Fp1', 'Fp2', 'F7', 'F3', 'Fz', 'F4', 'F8', 'FC5', 'FC1', 'FC2']
[2026-04-01 10:08:03] raw mean_abs=8.162297e-02
[2026-04-01 10:08:03] raw std=1.936473e-01
[2026-04-01 10:08:03] raw first5 channel std= [0.44241861 0.49394675 0.16956928 0.13827781 0.11242729]
[2026-04-01 10:08:03] Requested window samples: 536
[2026-04-01 10:08:03] Base trial samples:       512
[2026-04-01 10:08:03] Stop offset samples:      24
[2026-04-01 10:08:03] Global class counts: [25, 25, 25, 25]
[2026-04-01 10:08:03] Chance level (4-class): 0.25
[2026-04-01 10:08:03] One window shape: (62, 536)
[2026-04-01 10:08:03] One window label: 1
[2026-04-01 10:08:03] Window sample length expected=536, got=536
[2026-04-01 10:08:03] Subjects in window split: [51]
[2026-04-01 10:08:03] Summarizing per-subject windows...
[2026-04-01 10:08:03]   Subject 51: n_windows=100, window_shape=(62, 536), class_counts=[25, 25, 25, 25]
[2026-04-01 10:08:03]    subject_id  n_windows  n_channels  n_times      class_counts
0          51        100          62      536  [25, 25, 25, 25]
[2026-04-01 10:08:03] Window validation summary:
[2026-04-01 10:08:03]   Subject 51: n_windows=100 class_counts=[25, 25, 25, 25]

[2026-04-01 10:08:03] Validated sampling rate target: 128 Hz
[2026-04-01 10:08:03] Validated window sample count:   536
[2026-04-01 10:08:03] Validated window duration:       4.1875 s
[2026-04-01 10:08:03] Validated channel count:         62
[2026-04-01 10:08:03] Total windows retained:          100
[2026-04-01 10:08:03] Preprocessing sanity checks:
[2026-04-01 10:08:03]   One sample label: 1
[2026-04-01 10:08:03]   One sample shape: (62, 536)
[2026-04-01 10:08:03]   Mean(abs(signal)): 4.093453e-02
[2026-04-01 10:08:03]   Mean(signal):      1.147899e-10
[2026-04-01 10:08:03]   Std(signal):       5.859829e-02
[2026-04-01 10:08:03] Building model with input window duration: 4.1875 s
[2026-04-01 10:08:03] SignalJEPA_PreLocal instantiated successfully.
[2026-04-01 10:08:03]   Total parameters:     18,192
[2026-04-01 10:08:03]   Trainable parameters: 18,192
[2026-04-01 10:08:03] ======================================================================================================================================================
Layer (type (var_name):depth-idx)                  Input Shape               Output Shape              Param #                   Kernel Shape
======================================================================================================================================================
SignalJEPA_PreLocal (SignalJEPA_PreLocal)          [1, 62, 536]              [1, 4]                    --                        --
├─Sequential (spatial_conv): 1-1                   [1, 62, 536]              [1, 4, 536]               --                        --
│    └─Rearrange (0): 2-1                          [1, 62, 536]              [1, 1, 62, 536]           --                        --
│    └─Conv2d (1): 2-2                             [1, 1, 62, 536]           [1, 4, 1, 536]            252                       [62, 1]
│    └─Rearrange (2): 2-3                          [1, 4, 1, 536]            [1, 4, 536]               --                        --
├─_ConvFeatureEncoder (feature_encoder): 1-2       [1, 4, 536]               [1, 16, 64]               --                        --
│    └─Rearrange (0): 2-4                          [1, 4, 536]               [4, 1, 536]               --                        --
│    └─Sequential (1): 2-5                         [4, 1, 536]               [4, 8, 64]                --                        --
│    │    └─Conv1d (0): 3-1                        [4, 1, 536]               [4, 8, 64]                256                       [32]
│    │    └─Dropout (1): 3-2                       [4, 8, 64]                [4, 8, 64]                --                        --
│    │    └─GroupNorm (2): 3-3                     [4, 8, 64]                [4, 8, 64]                16                        --
│    │    └─GELU (3): 3-4                          [4, 8, 64]                [4, 8, 64]                --                        --
│    └─Sequential (2): 2-6                         [4, 8, 64]                [4, 16, 32]               --                        --
│    │    └─Conv1d (0): 3-5                        [4, 8, 64]                [4, 16, 32]               256                       [2]
│    │    └─Dropout (1): 3-6                       [4, 16, 32]               [4, 16, 32]               --                        --
│    │    └─GELU (2): 3-7                          [4, 16, 32]               [4, 16, 32]               --                        --
│    └─Sequential (3): 2-7                         [4, 16, 32]               [4, 32, 16]               --                        --
│    │    └─Conv1d (0): 3-8                        [4, 16, 32]               [4, 32, 16]               1,024                     [2]
│    │    └─Dropout (1): 3-9                       [4, 32, 16]               [4, 32, 16]               --                        --
│    │    └─GELU (2): 3-10                         [4, 32, 16]               [4, 32, 16]               --                        --
│    └─Sequential (4): 2-8                         [4, 32, 16]               [4, 64, 8]                --                        --
│    │    └─Conv1d (0): 3-11                       [4, 32, 16]               [4, 64, 8]                4,096                     [2]
│    │    └─Dropout (1): 3-12                      [4, 64, 8]                [4, 64, 8]                --                        --
│    │    └─GELU (2): 3-13                         [4, 64, 8]                [4, 64, 8]                --                        --
│    └─Sequential (5): 2-9                         [4, 64, 8]                [4, 64, 4]                --                        --
│    │    └─Conv1d (0): 3-14                       [4, 64, 8]                [4, 64, 4]                8,192                     [2]
│    │    └─Dropout (1): 3-15                      [4, 64, 4]                [4, 64, 4]                --                        --
│    │    └─GELU (2): 3-16                         [4, 64, 4]                [4, 64, 4]                --                        --
│    └─Rearrange (6): 2-10                         [4, 64, 4]                [1, 16, 64]               --                        --
├─Sequential (final_layer): 1-3                    [1, 16, 64]               [1, 4]                    --                        --
│    └─Flatten (0): 2-11                           [1, 16, 64]               [1, 1024]                 --                        --
│    └─Linear (1): 2-12                            [1, 1024]                 [1, 4]                    4,100                     --
======================================================================================================================================================
Total params: 18,192
Trainable params: 18,192
Non-trainable params: 0
Total mult-adds (Units.MEGABYTES): 0.57
======================================================================================================================================================
Input size (MB): 0.13
Forward/backward pass size (MB): 0.11
Params size (MB): 0.07
Estimated Total Size (MB): 0.31
======================================================================================================================================================
[2026-04-01 10:08:03] Initializing from 16s-60 pretrained checkpoint (Hugging Face):
[2026-04-01 10:08:03]   https://huggingface.co/braindecode/SignalJEPA/resolve/main/signal-jepa_16s-60_adeuwv4s.pth
[2026-04-01 10:08:03]   Downloaded 179 keys
[2026-04-01 10:08:03] ======================================================================
[2026-04-01 10:08:03] STARTING CROSS-VALIDATION
[2026-04-01 10:08:03] ======================================================================
[2026-04-01 10:08:03] Subjects:      [51]
[2026-04-01 10:08:03] CV folds:      5
[2026-04-01 10:08:03] Batch size:    8
[2026-04-01 10:08:03] Max epochs:    5000
[2026-04-01 10:08:03] Device:        cpu
[2026-04-01 10:08:03] Seed control:  True
[2026-04-01 10:08:03] Base seed:     3015
[2026-04-01 10:08:03] ======================================================================

[2026-04-01 10:08:03] Subject 51: 100 windows class_counts=[25, 25, 25, 25]
[2026-04-01 10:08:03]   Fold 1 split seed: 3016
[2026-04-01 10:08:03]   Fold 1 split class counts:
[2026-04-01 10:08:03]     train=[16, 16, 16, 16] val=[4, 4, 4, 4] test=[5, 5, 5, 5]
[2026-04-01 10:08:03]   Fold 2 split seed: 3017
[2026-04-01 10:08:03]   Fold 2 split class counts:
[2026-04-01 10:08:03]     train=[16, 16, 16, 16] val=[4, 4, 4, 4] test=[5, 5, 5, 5]
[2026-04-01 10:08:03]   Fold 3 split seed: 3018
[2026-04-01 10:08:03]   Fold 3 split class counts:
[2026-04-01 10:08:03]     train=[16, 16, 16, 16] val=[4, 4, 4, 4] test=[5, 5, 5, 5]
[2026-04-01 10:08:03]   Fold 4 split seed: 3019
[2026-04-01 10:08:03]   Fold 4 split class counts:
[2026-04-01 10:08:03]     train=[16, 16, 16, 16] val=[4, 4, 4, 4] test=[5, 5, 5, 5]
[2026-04-01 10:08:03]   Fold 5 split seed: 3020
[2026-04-01 10:08:03]   Fold 5 split class counts:
[2026-04-01 10:08:03]     train=[16, 16, 16, 16] val=[4, 4, 4, 4] test=[5, 5, 5, 5]
[2026-04-01 10:08:03]   Subject 51 Fold 1 seed: 8116
[2026-04-01 10:08:03]   Subject 51 Fold 1: n_train=64 n_val=16 n_test=20
[2026-04-01 10:08:03]     Train class counts: [16, 16, 16, 16]
[2026-04-01 10:08:03]     Val class counts:   [4, 4, 4, 4]
[2026-04-01 10:08:03]     Test class counts:  [5, 5, 5, 5]
[2026-04-01 10:08:03] Building model with input window duration: 4.1875 s
[2026-04-01 10:08:03] Pretrained weight loading:
[2026-04-01 10:08:03]   Downloaded keys:        179
[2026-04-01 10:08:03]   Filtered (transformer): 172
[2026-04-01 10:08:03]   Filtered (pos_encoder): 0
[2026-04-01 10:08:03]   Keys to load:           7
[2026-04-01 10:08:03]   Missing keys:           4
[2026-04-01 10:08:03]   Unexpected keys:        0
[2026-04-01 10:08:03]   Missing preview:        ['spatial_conv.1.weight', 'spatial_conv.1.bias', 'final_layer.1.weight', 'final_layer.1.bias']
[2026-04-01 10:08:03]   Unexpected preview:     []
[2026-04-01 10:08:03] Encoder freeze configuration:
[2026-04-01 10:08:03]   Total parameters:        18,192
[2026-04-01 10:08:03]   Trainable parameters:    4,352
[2026-04-01 10:08:03]   Training percentage:     23.9%
[2026-04-01 10:08:03]   Trainable layers: 4
[2026-04-01 10:08:03]     - final_layer.1.bias
[2026-04-01 10:08:03]     - final_layer.1.weight
[2026-04-01 10:08:03]     - spatial_conv.1.bias
[2026-04-01 10:08:03]     - spatial_conv.1.weight
[2026-04-01 10:08:03]     Train generator seeded: True
[2026-04-01 10:08:05]     Stopped epoch:            85
[2026-04-01 10:08:05]     Best epoch (valid_loss):  35
[2026-04-01 10:08:05]     Best valid_loss:          1.3648225665092468
[2026-04-01 10:08:05]     Test accuracy (primary):  0.2500
[2026-04-01 10:08:05]     Test balanced acc:        0.2500
[2026-04-01 10:08:05]     Confusion matrix:         [[0, 1, 2, 2], [2, 0, 0, 3], [1, 1, 2, 1], [1, 0, 1, 3]]
[2026-04-01 10:08:05]     Prediction histogram:     [4, 2, 5, 9]
[2026-04-01 10:08:05]     fold_acc=0.2500 fold_bal_acc=0.2500 cm=[[0, 1, 2, 2], [2, 0, 0, 3], [1, 1, 2, 1], [1, 0, 1, 3]]
[2026-04-01 10:08:05]   Subject 51 Fold 2 seed: 8117
[2026-04-01 10:08:05]   Subject 51 Fold 2: n_train=64 n_val=16 n_test=20
[2026-04-01 10:08:05]     Train class counts: [16, 16, 16, 16]
[2026-04-01 10:08:05]     Val class counts:   [4, 4, 4, 4]
[2026-04-01 10:08:05]     Test class counts:  [5, 5, 5, 5]
[2026-04-01 10:08:05] Building model with input window duration: 4.1875 s
[2026-04-01 10:08:05] Pretrained weight loading:
[2026-04-01 10:08:05]   Downloaded keys:        179
[2026-04-01 10:08:05]   Filtered (transformer): 172
[2026-04-01 10:08:05]   Filtered (pos_encoder): 0
[2026-04-01 10:08:05]   Keys to load:           7
[2026-04-01 10:08:05]   Missing keys:           4
[2026-04-01 10:08:05]   Unexpected keys:        0
[2026-04-01 10:08:05]   Missing preview:        ['spatial_conv.1.weight', 'spatial_conv.1.bias', 'final_layer.1.weight', 'final_layer.1.bias']
[2026-04-01 10:08:05]   Unexpected preview:     []
[2026-04-01 10:08:05] Encoder freeze configuration:
[2026-04-01 10:08:05]   Total parameters:        18,192
[2026-04-01 10:08:05]   Trainable parameters:    4,352
[2026-04-01 10:08:05]   Training percentage:     23.9%
[2026-04-01 10:08:05]   Trainable layers: 4
[2026-04-01 10:08:05]     - final_layer.1.bias
[2026-04-01 10:08:05]     - final_layer.1.weight
[2026-04-01 10:08:05]     - spatial_conv.1.bias
[2026-04-01 10:08:05]     - spatial_conv.1.weight
[2026-04-01 10:08:05]     Train generator seeded: True
[2026-04-01 10:08:07]     Stopped epoch:            76
[2026-04-01 10:08:07]     Best epoch (valid_loss):  27
[2026-04-01 10:08:07]     Best valid_loss:          1.3828802704811096
[2026-04-01 10:08:07]     Test accuracy (primary):  0.3000
[2026-04-01 10:08:07]     Test balanced acc:        0.3000
[2026-04-01 10:08:07]     Confusion matrix:         [[2, 0, 3, 0], [1, 2, 1, 1], [2, 1, 1, 1], [1, 2, 1, 1]]
[2026-04-01 10:08:07]     Prediction histogram:     [6, 5, 6, 3]
[2026-04-01 10:08:07]     fold_acc=0.3000 fold_bal_acc=0.3000 cm=[[2, 0, 3, 0], [1, 2, 1, 1], [2, 1, 1, 1], [1, 2, 1, 1]]
[2026-04-01 10:08:07]   Subject 51 Fold 3 seed: 8118
[2026-04-01 10:08:07]   Subject 51 Fold 3: n_train=64 n_val=16 n_test=20
[2026-04-01 10:08:07]     Train class counts: [16, 16, 16, 16]
[2026-04-01 10:08:07]     Val class counts:   [4, 4, 4, 4]
[2026-04-01 10:08:07]     Test class counts:  [5, 5, 5, 5]
[2026-04-01 10:08:07] Building model with input window duration: 4.1875 s
[2026-04-01 10:08:07] Pretrained weight loading:
[2026-04-01 10:08:07]   Downloaded keys:        179
[2026-04-01 10:08:07]   Filtered (transformer): 172
[2026-04-01 10:08:07]   Filtered (pos_encoder): 0
[2026-04-01 10:08:07]   Keys to load:           7
[2026-04-01 10:08:07]   Missing keys:           4
[2026-04-01 10:08:07]   Unexpected keys:        0
[2026-04-01 10:08:07]   Missing preview:        ['spatial_conv.1.weight', 'spatial_conv.1.bias', 'final_layer.1.weight', 'final_layer.1.bias']
[2026-04-01 10:08:07]   Unexpected preview:     []
[2026-04-01 10:08:07] Encoder freeze configuration:
[2026-04-01 10:08:07]   Total parameters:        18,192
[2026-04-01 10:08:07]   Trainable parameters:    4,352
[2026-04-01 10:08:07]   Training percentage:     23.9%
[2026-04-01 10:08:07]   Trainable layers: 4
[2026-04-01 10:08:07]     - final_layer.1.bias
[2026-04-01 10:08:07]     - final_layer.1.weight
[2026-04-01 10:08:07]     - spatial_conv.1.bias
[2026-04-01 10:08:07]     - spatial_conv.1.weight
[2026-04-01 10:08:07]     Train generator seeded: True
[2026-04-01 10:08:08]     Stopped epoch:            75
[2026-04-01 10:08:08]     Best epoch (valid_loss):  25
[2026-04-01 10:08:08]     Best valid_loss:          1.3819198608398438
[2026-04-01 10:08:08]     Test accuracy (primary):  0.1500
[2026-04-01 10:08:08]     Test balanced acc:        0.1500
[2026-04-01 10:08:08]     Confusion matrix:         [[0, 3, 1, 1], [1, 0, 2, 2], [0, 1, 3, 1], [0, 3, 2, 0]]
[2026-04-01 10:08:08]     Prediction histogram:     [1, 7, 8, 4]
[2026-04-01 10:08:08]     fold_acc=0.1500 fold_bal_acc=0.1500 cm=[[0, 3, 1, 1], [1, 0, 2, 2], [0, 1, 3, 1], [0, 3, 2, 0]]
[2026-04-01 10:08:08]   Subject 51 Fold 4 seed: 8119
[2026-04-01 10:08:08]   Subject 51 Fold 4: n_train=64 n_val=16 n_test=20
[2026-04-01 10:08:08]     Train class counts: [16, 16, 16, 16]
[2026-04-01 10:08:08]     Val class counts:   [4, 4, 4, 4]
[2026-04-01 10:08:08]     Test class counts:  [5, 5, 5, 5]
[2026-04-01 10:08:08] Building model with input window duration: 4.1875 s
[2026-04-01 10:08:08] Pretrained weight loading:
[2026-04-01 10:08:08]   Downloaded keys:        179
[2026-04-01 10:08:08]   Filtered (transformer): 172
[2026-04-01 10:08:08]   Filtered (pos_encoder): 0
[2026-04-01 10:08:08]   Keys to load:           7
[2026-04-01 10:08:08]   Missing keys:           4
[2026-04-01 10:08:08]   Unexpected keys:        0
[2026-04-01 10:08:08]   Missing preview:        ['spatial_conv.1.weight', 'spatial_conv.1.bias', 'final_layer.1.weight', 'final_layer.1.bias']
[2026-04-01 10:08:08]   Unexpected preview:     []
[2026-04-01 10:08:08] Encoder freeze configuration:
[2026-04-01 10:08:08]   Total parameters:        18,192
[2026-04-01 10:08:08]   Trainable parameters:    4,352
[2026-04-01 10:08:08]   Training percentage:     23.9%
[2026-04-01 10:08:08]   Trainable layers: 4
[2026-04-01 10:08:08]     - final_layer.1.bias
[2026-04-01 10:08:08]     - final_layer.1.weight
[2026-04-01 10:08:08]     - spatial_conv.1.bias
[2026-04-01 10:08:08]     - spatial_conv.1.weight
[2026-04-01 10:08:08]     Train generator seeded: True
[2026-04-01 10:08:09]     Stopped epoch:            51
[2026-04-01 10:08:09]     Best epoch (valid_loss):  1
[2026-04-01 10:08:09]     Best valid_loss:          1.3851612210273743
[2026-04-01 10:08:09]     Test accuracy (primary):  0.2000
[2026-04-01 10:08:09]     Test balanced acc:        0.2000
[2026-04-01 10:08:09]     Confusion matrix:         [[0, 4, 0, 1], [1, 3, 0, 1], [0, 5, 0, 0], [0, 4, 0, 1]]
[2026-04-01 10:08:09]     Prediction histogram:     [1, 16, 0, 3]
[2026-04-01 10:08:09]     fold_acc=0.2000 fold_bal_acc=0.2000 cm=[[0, 4, 0, 1], [1, 3, 0, 1], [0, 5, 0, 0], [0, 4, 0, 1]]
[2026-04-01 10:08:09]   Subject 51 Fold 5 seed: 8120
[2026-04-01 10:08:09]   Subject 51 Fold 5: n_train=64 n_val=16 n_test=20
[2026-04-01 10:08:09]     Train class counts: [16, 16, 16, 16]
[2026-04-01 10:08:09]     Val class counts:   [4, 4, 4, 4]
[2026-04-01 10:08:09]     Test class counts:  [5, 5, 5, 5]
[2026-04-01 10:08:09] Building model with input window duration: 4.1875 s
[2026-04-01 10:08:09] Pretrained weight loading:
[2026-04-01 10:08:09]   Downloaded keys:        179
[2026-04-01 10:08:09]   Filtered (transformer): 172
[2026-04-01 10:08:09]   Filtered (pos_encoder): 0
[2026-04-01 10:08:09]   Keys to load:           7
[2026-04-01 10:08:09]   Missing keys:           4
[2026-04-01 10:08:09]   Unexpected keys:        0
[2026-04-01 10:08:09]   Missing preview:        ['spatial_conv.1.weight', 'spatial_conv.1.bias', 'final_layer.1.weight', 'final_layer.1.bias']
[2026-04-01 10:08:09]   Unexpected preview:     []
[2026-04-01 10:08:09] Encoder freeze configuration:
[2026-04-01 10:08:09]   Total parameters:        18,192
[2026-04-01 10:08:09]   Trainable parameters:    4,352
[2026-04-01 10:08:09]   Training percentage:     23.9%
[2026-04-01 10:08:09]   Trainable layers: 4
[2026-04-01 10:08:09]     - final_layer.1.bias
[2026-04-01 10:08:09]     - final_layer.1.weight
[2026-04-01 10:08:09]     - spatial_conv.1.bias
[2026-04-01 10:08:09]     - spatial_conv.1.weight
[2026-04-01 10:08:09]     Train generator seeded: True
[2026-04-01 10:08:14]     Stopped epoch:            256
[2026-04-01 10:08:14]     Best epoch (valid_loss):  206
[2026-04-01 10:08:14]     Best valid_loss:          1.1701456308364868
[2026-04-01 10:08:14]     Test accuracy (primary):  0.3500
[2026-04-01 10:08:14]     Test balanced acc:        0.3500
[2026-04-01 10:08:14]     Confusion matrix:         [[1, 1, 1, 2], [0, 1, 1, 3], [2, 1, 2, 0], [0, 0, 2, 3]]
[2026-04-01 10:08:14]     Prediction histogram:     [3, 3, 6, 8]
[2026-04-01 10:08:14]     fold_acc=0.3500 fold_bal_acc=0.3500 cm=[[1, 1, 1, 2], [0, 1, 1, 3], [2, 1, 2, 0], [0, 0, 2, 3]]
[2026-04-01 10:08:14]   Subject 51 mean accuracy: 0.2500

[2026-04-01 10:08:14] Total folds completed: 5
[2026-04-01 10:08:14] ======================================================================
[2026-04-01 10:08:14] AGGREGATED RESULTS
[2026-04-01 10:08:14] ======================================================================
[2026-04-01 10:08:14]   Subject 51:  acc=0.2500±0.0707  bal_acc=0.2500±0.0707
[2026-04-01 10:08:14] ----------------------------------------------------------------------
[2026-04-01 10:08:14]   OVERALL:      acc=0.2500±0.0707  bal_acc=0.2500±0.0707
[2026-04-01 10:08:14] ======================================================================
[2026-04-01 10:08:14] CV results saved to:      /home/vegorov/Repos/eeg_jepa_research/artifacts/lee-2019-fine-tuning/SSVEP/20260401_1007_cfaef121/cv_results.json
[2026-04-01 10:08:14] Subject metrics saved to: /home/vegorov/Repos/eeg_jepa_research/artifacts/lee-2019-fine-tuning/SSVEP/20260401_1007_cfaef121/subject_metrics.json
[2026-04-01 10:08:14] Global metrics saved to:  /home/vegorov/Repos/eeg_jepa_research/artifacts/lee-2019-fine-tuning/SSVEP/20260401_1007_cfaef121/global_metrics.json
[2026-04-01 10:08:14] Run metadata saved to:    /home/vegorov/Repos/eeg_jepa_research/artifacts/lee-2019-fine-tuning/SSVEP/20260401_1007_cfaef121/run_metadata.json

[2026-04-01 10:08:14] All artifacts in: /home/vegorov/Repos/eeg_jepa_research/artifacts/lee-2019-fine-tuning/SSVEP/20260401_1007_cfaef121

[2026-04-01 10:08:14] ======================================================================
[2026-04-01 10:08:14] EXPERIMENT SUMMARY
[2026-04-01 10:08:14] ======================================================================
[2026-04-01 10:08:14] Run ID:    20260401_1007_cfaef121
[2026-04-01 10:08:14] Artifacts: /home/vegorov/Repos/eeg_jepa_research/artifacts/lee-2019-fine-tuning/SSVEP/20260401_1007_cfaef121

[2026-04-01 10:08:14] Configuration:
[2026-04-01 10:08:14]   Subjects:          [51]
[2026-04-01 10:08:14]   Bandpass:          0.5-40.0 Hz
[2026-04-01 10:08:14]   Resample:          128 Hz
[2026-04-01 10:08:14]   CV folds:          5
[2026-04-01 10:08:14]   Learning rate:     0.001
[2026-04-01 10:08:14]   Batch size:        8
[2026-04-01 10:08:14]   Max epochs:        5000

[2026-04-01 10:08:14] Results:
[2026-04-01 10:08:14]   Mean Accuracy:          0.2500 ± 0.0707
[2026-04-01 10:08:14]   Mean Balanced Accuracy: 0.2500 ± 0.0707
