[2026-03-31 18:10:15] Using device: cpu
[2026-03-31 18:10:15] Seed control enabled: True
[2026-03-31 18:10:15] Base seed: 306
[2026-03-31 18:10:16] Seed initialized: 306
[2026-03-31 18:10:16] ======================================================================
[2026-03-31 18:10:16] CONFIGURATION
[2026-03-31 18:10:16] ======================================================================
[2026-03-31 18:10:16]   artifact_dir: /home/vegorov/Repos/eeg_jepa_research/artifacts/lee-2019-fine-tuning
[2026-03-31 18:10:16]   bandpass_high: 40.0
[2026-03-31 18:10:16]   bandpass_low: 0.5
[2026-03-31 18:10:16]   batch_size: 48
[2026-03-31 18:10:16]   convert_to_uV: True
[2026-03-31 18:10:16]   cv_folds: 5
[2026-03-31 18:10:16]   device: auto
[2026-03-31 18:10:16]   early_stopping_patience: 50
[2026-03-31 18:10:16]   learning_rate: 0.001
[2026-03-31 18:10:16]   n_epochs: 5000
[2026-03-31 18:10:16]   normalization_method: None
[2026-03-31 18:10:16]   normalize: False
[2026-03-31 18:10:16]   paradigm: SSVEP
[2026-03-31 18:10:16]   pretrained_url: https://huggingface.co/braindecode/SignalJEPA/resolve/main/signal-jepa_16s-60_adeuwv4s.pth
[2026-03-31 18:10:16]   seed: 306
[2026-03-31 18:10:16]   set_seed: True
[2026-03-31 18:10:16]   sfreq: 128
[2026-03-31 18:10:16]   subjects_to_use: [51]
[2026-03-31 18:10:16]   val_split: 0.2
[2026-03-31 18:10:16] ======================================================================
[2026-03-31 18:10:16] Config saved to: /home/vegorov/Repos/eeg_jepa_research/artifacts/lee-2019-fine-tuning/SSVEP/20260331_1810_82a43922/config.json
[2026-03-31 18:10:16] Epoch window configuration:
[2026-03-31 18:10:16]   Target sfreq:                128 Hz
[2026-03-31 18:10:16]   Target duration:             4.190000 s
[2026-03-31 18:10:16]   Window samples (rounded):    536
[2026-03-31 18:10:16]   Base trial samples (4.0 s):  512
[2026-03-31 18:10:16]   Trial stop offset samples:   24
[2026-03-31 18:10:16]   Effective window duration:   4.187500 s
[2026-03-31 18:10:16] Using specified subjects from config: [51]
[2026-03-31 18:10:16] Selected subjects: [51]
[2026-03-31 18:10:16] Expected evaluation folds: 5

[2026-03-31 18:10:16] Building MOABBDataset for Lee2019_SSVEP...
[2026-03-31 18:10:25] MOABBDataset recordings loaded: 1
[2026-03-31 18:10:25] Discovered annotation descriptions (first recording): [np.str_('12.0'), np.str_('5.45'), np.str_('6.67'), np.str_('8.57')]
[2026-03-31 18:10:25] Dataset event_id mapping: {'12.0': 1, '8.57': 2, '6.67': 3, '5.45': 4}
[2026-03-31 18:10:25] Label map (event_code -> class_index): {1: 0, 2: 1, 3: 2, 4: 3}
[2026-03-31 18:10:25] Applying Braindecode preprocessors to MOABBDataset...
[2026-03-31 18:10:28] Preprocessing complete.

[2026-03-31 18:10:28] Post-preprocessing validation
[2026-03-31 18:10:28]   Recordings in DATASET: 1
[2026-03-31 18:10:28]   Unique subject IDs:    ['51']
[2026-03-31 18:10:28]   sfreq (first rec):     128.0 Hz
[2026-03-31 18:10:28]   EEG channel count:     62
[2026-03-31 18:10:28]   First 10 channels:     ['Fp1', 'Fp2', 'F7', 'F3', 'Fz', 'F4', 'F8', 'FC5', 'FC1', 'FC2']
[2026-03-31 18:10:28] Channel consistency summary:
[2026-03-31 18:10:28]   Checked runs: 1
[2026-03-31 18:10:28]   Unique channel counts: [62]
[2026-03-31 18:10:28]   Channel order consistent: True
[2026-03-31 18:10:28] Validated EEG channels: 62
[2026-03-31 18:10:28] First 10 EEG channels: ['Fp1', 'Fp2', 'F7', 'F3', 'Fz', 'F4', 'F8', 'FC5', 'FC1', 'FC2']
[2026-03-31 18:10:28] raw mean_abs=8.654730e+00
[2026-03-31 18:10:28] raw std=3.494582e+01
[2026-03-31 18:10:28] raw first5 channel std= [46.22404553 54.63339771 16.95830183 13.82897057 11.24366025]
[2026-03-31 18:10:28] Requested window samples: 536
[2026-03-31 18:10:28] Base trial samples:       512
[2026-03-31 18:10:28] Stop offset samples:      24
[2026-03-31 18:10:28] Global class counts: [25, 25, 25, 25]
[2026-03-31 18:10:28] Chance level (4-class): 0.25
[2026-03-31 18:10:28] One window shape: (62, 536)
[2026-03-31 18:10:28] One window label: 1
[2026-03-31 18:10:28] Window sample length expected=536, got=536
[2026-03-31 18:10:28] Subjects in window split: [51]
[2026-03-31 18:10:28] Summarizing per-subject windows...
[2026-03-31 18:10:28]   Subject 51: n_windows=100, window_shape=(62, 536), class_counts=[25, 25, 25, 25]
[2026-03-31 18:10:28]    subject_id  n_windows  n_channels  n_times      class_counts
0          51        100          62      536  [25, 25, 25, 25]
[2026-03-31 18:10:28] Window validation summary:
[2026-03-31 18:10:28]   Subject 51: n_windows=100 class_counts=[25, 25, 25, 25]

[2026-03-31 18:10:28] Validated sampling rate target: 128 Hz
[2026-03-31 18:10:28] Validated window sample count:   536
[2026-03-31 18:10:28] Validated window duration:       4.1875 s
[2026-03-31 18:10:28] Validated channel count:         62
[2026-03-31 18:10:28] Total windows retained:          100
[2026-03-31 18:10:28] Preprocessing sanity checks:
[2026-03-31 18:10:28]   One sample label: 1
[2026-03-31 18:10:28]   One sample shape: (62, 536)
[2026-03-31 18:10:28]   Mean(abs(signal)): 4.094026e+00
[2026-03-31 18:10:28]   Mean(signal):      7.346552e-09
[2026-03-31 18:10:28]   Std(signal):       5.860601e+00
[2026-03-31 18:10:28] Building model with input window duration: 4.1875 s
[2026-03-31 18:10:28] SignalJEPA_PreLocal instantiated successfully.
[2026-03-31 18:10:28]   Total parameters:     18,192
[2026-03-31 18:10:28]   Trainable parameters: 18,192
[2026-03-31 18:10:28] ======================================================================================================================================================
Layer (type (var_name):depth-idx)                  Input Shape               Output Shape              Param #                   Kernel Shape
======================================================================================================================================================
SignalJEPA_PreLocal (SignalJEPA_PreLocal)          [1, 62, 536]              [1, 4]                    --                        --
├─Sequential (spatial_conv): 1-1                   [1, 62, 536]              [1, 4, 536]               --                        --
│    └─Rearrange (0): 2-1                          [1, 62, 536]              [1, 1, 62, 536]           --                        --
│    └─Conv2d (1): 2-2                             [1, 1, 62, 536]           [1, 4, 1, 536]            252                       [62, 1]
│    └─Rearrange (2): 2-3                          [1, 4, 1, 536]            [1, 4, 536]               --                        --
├─_ConvFeatureEncoder (feature_encoder): 1-2       [1, 4, 536]               [1, 16, 64]               --                        --
│    └─Rearrange (0): 2-4                          [1, 4, 536]               [4, 1, 536]               --                        --
│    └─Sequential (1): 2-5                         [4, 1, 536]               [4, 8, 64]                --                        --
│    │    └─Conv1d (0): 3-1                        [4, 1, 536]               [4, 8, 64]                256                       [32]
│    │    └─Dropout (1): 3-2                       [4, 8, 64]                [4, 8, 64]                --                        --
│    │    └─GroupNorm (2): 3-3                     [4, 8, 64]                [4, 8, 64]                16                        --
│    │    └─GELU (3): 3-4                          [4, 8, 64]                [4, 8, 64]                --                        --
│    └─Sequential (2): 2-6                         [4, 8, 64]                [4, 16, 32]               --                        --
│    │    └─Conv1d (0): 3-5                        [4, 8, 64]                [4, 16, 32]               256                       [2]
│    │    └─Dropout (1): 3-6                       [4, 16, 32]               [4, 16, 32]               --                        --
│    │    └─GELU (2): 3-7                          [4, 16, 32]               [4, 16, 32]               --                        --
│    └─Sequential (3): 2-7                         [4, 16, 32]               [4, 32, 16]               --                        --
│    │    └─Conv1d (0): 3-8                        [4, 16, 32]               [4, 32, 16]               1,024                     [2]
│    │    └─Dropout (1): 3-9                       [4, 32, 16]               [4, 32, 16]               --                        --
│    │    └─GELU (2): 3-10                         [4, 32, 16]               [4, 32, 16]               --                        --
│    └─Sequential (4): 2-8                         [4, 32, 16]               [4, 64, 8]                --                        --
│    │    └─Conv1d (0): 3-11                       [4, 32, 16]               [4, 64, 8]                4,096                     [2]
│    │    └─Dropout (1): 3-12                      [4, 64, 8]                [4, 64, 8]                --                        --
│    │    └─GELU (2): 3-13                         [4, 64, 8]                [4, 64, 8]                --                        --
│    └─Sequential (5): 2-9                         [4, 64, 8]                [4, 64, 4]                --                        --
│    │    └─Conv1d (0): 3-14                       [4, 64, 8]                [4, 64, 4]                8,192                     [2]
│    │    └─Dropout (1): 3-15                      [4, 64, 4]                [4, 64, 4]                --                        --
│    │    └─GELU (2): 3-16                         [4, 64, 4]                [4, 64, 4]                --                        --
│    └─Rearrange (6): 2-10                         [4, 64, 4]                [1, 16, 64]               --                        --
├─Sequential (final_layer): 1-3                    [1, 16, 64]               [1, 4]                    --                        --
│    └─Flatten (0): 2-11                           [1, 16, 64]               [1, 1024]                 --                        --
│    └─Linear (1): 2-12                            [1, 1024]                 [1, 4]                    4,100                     --
======================================================================================================================================================
Total params: 18,192
Trainable params: 18,192
Non-trainable params: 0
Total mult-adds (Units.MEGABYTES): 0.57
======================================================================================================================================================
Input size (MB): 0.13
Forward/backward pass size (MB): 0.11
Params size (MB): 0.07
Estimated Total Size (MB): 0.31
======================================================================================================================================================
[2026-03-31 18:10:28] Initializing from 16s-60 pretrained checkpoint (Hugging Face):
[2026-03-31 18:10:28]   https://huggingface.co/braindecode/SignalJEPA/resolve/main/signal-jepa_16s-60_adeuwv4s.pth
[2026-03-31 18:10:28]   Downloaded 179 keys
[2026-03-31 18:10:28] ======================================================================
[2026-03-31 18:10:28] STARTING CROSS-VALIDATION
[2026-03-31 18:10:28] ======================================================================
[2026-03-31 18:10:28] Subjects:      [51]
[2026-03-31 18:10:28] CV folds:      5
[2026-03-31 18:10:28] Batch size:    48
[2026-03-31 18:10:28] Max epochs:    5000
[2026-03-31 18:10:28] Device:        cpu
[2026-03-31 18:10:28] Seed control:  True
[2026-03-31 18:10:28] Base seed:     306
[2026-03-31 18:10:28] ======================================================================

[2026-03-31 18:10:28] Subject 51: 100 windows class_counts=[25, 25, 25, 25]
[2026-03-31 18:10:28]   Fold 1 split seed: 307
[2026-03-31 18:10:28]   Fold 1 split class counts:
[2026-03-31 18:10:28]     train=[16, 16, 16, 16] val=[4, 4, 4, 4] test=[5, 5, 5, 5]
[2026-03-31 18:10:28]   Fold 2 split seed: 308
[2026-03-31 18:10:28]   Fold 2 split class counts:
[2026-03-31 18:10:28]     train=[16, 16, 16, 16] val=[4, 4, 4, 4] test=[5, 5, 5, 5]
[2026-03-31 18:10:28]   Fold 3 split seed: 309
[2026-03-31 18:10:28]   Fold 3 split class counts:
[2026-03-31 18:10:28]     train=[16, 16, 16, 16] val=[4, 4, 4, 4] test=[5, 5, 5, 5]
[2026-03-31 18:10:28]   Fold 4 split seed: 310
[2026-03-31 18:10:28]   Fold 4 split class counts:
[2026-03-31 18:10:28]     train=[16, 16, 16, 16] val=[4, 4, 4, 4] test=[5, 5, 5, 5]
[2026-03-31 18:10:28]   Fold 5 split seed: 311
[2026-03-31 18:10:28]   Fold 5 split class counts:
[2026-03-31 18:10:28]     train=[16, 16, 16, 16] val=[4, 4, 4, 4] test=[5, 5, 5, 5]
[2026-03-31 18:10:28]   Subject 51 Fold 1 seed: 5407
[2026-03-31 18:10:28]   Subject 51 Fold 1: n_train=64 n_val=16 n_test=20
[2026-03-31 18:10:28]     Train class counts: [16, 16, 16, 16]
[2026-03-31 18:10:28]     Val class counts:   [4, 4, 4, 4]
[2026-03-31 18:10:28]     Test class counts:  [5, 5, 5, 5]
[2026-03-31 18:10:28] Building model with input window duration: 4.1875 s
[2026-03-31 18:10:28] Pretrained weight loading:
[2026-03-31 18:10:28]   Downloaded keys:        179
[2026-03-31 18:10:28]   Filtered (transformer): 172
[2026-03-31 18:10:28]   Filtered (pos_encoder): 0
[2026-03-31 18:10:28]   Keys to load:           7
[2026-03-31 18:10:28]   Missing keys:           4
[2026-03-31 18:10:28]   Unexpected keys:        0
[2026-03-31 18:10:28]   Missing preview:        ['spatial_conv.1.weight', 'spatial_conv.1.bias', 'final_layer.1.weight', 'final_layer.1.bias']
[2026-03-31 18:10:28]   Unexpected preview:     []
[2026-03-31 18:10:28] Encoder freeze configuration:
[2026-03-31 18:10:28]   Total parameters:        18,192
[2026-03-31 18:10:28]   Trainable parameters:    4,352
[2026-03-31 18:10:28]   Training percentage:     23.9%
[2026-03-31 18:10:28]   Trainable layers: 4
[2026-03-31 18:10:28]     - final_layer.1.bias
[2026-03-31 18:10:28]     - final_layer.1.weight
[2026-03-31 18:10:28]     - spatial_conv.1.bias
[2026-03-31 18:10:28]     - spatial_conv.1.weight
[2026-03-31 18:10:28]     Train generator seeded: True
[2026-03-31 18:10:29]     Stopped epoch:            103
[2026-03-31 18:10:29]     Best epoch (valid_loss):  54
[2026-03-31 18:10:29]     Best valid_loss:          1.3772474527359009
[2026-03-31 18:10:29]     Test accuracy (primary):  0.1500
[2026-03-31 18:10:29]     Test balanced acc:        0.1500
[2026-03-31 18:10:29]     Confusion matrix:         [[1, 0, 2, 2], [1, 0, 1, 3], [3, 0, 1, 1], [1, 2, 1, 1]]
[2026-03-31 18:10:29]     Prediction histogram:     [6, 2, 5, 7]
[2026-03-31 18:10:29]     fold_acc=0.1500 fold_bal_acc=0.1500 cm=[[1, 0, 2, 2], [1, 0, 1, 3], [3, 0, 1, 1], [1, 2, 1, 1]]
[2026-03-31 18:10:29]   Subject 51 Fold 2 seed: 5408
[2026-03-31 18:10:29]   Subject 51 Fold 2: n_train=64 n_val=16 n_test=20
[2026-03-31 18:10:29]     Train class counts: [16, 16, 16, 16]
[2026-03-31 18:10:29]     Val class counts:   [4, 4, 4, 4]
[2026-03-31 18:10:29]     Test class counts:  [5, 5, 5, 5]
[2026-03-31 18:10:29] Building model with input window duration: 4.1875 s
[2026-03-31 18:10:29] Pretrained weight loading:
[2026-03-31 18:10:29]   Downloaded keys:        179
[2026-03-31 18:10:29]   Filtered (transformer): 172
[2026-03-31 18:10:29]   Filtered (pos_encoder): 0
[2026-03-31 18:10:29]   Keys to load:           7
[2026-03-31 18:10:29]   Missing keys:           4
[2026-03-31 18:10:29]   Unexpected keys:        0
[2026-03-31 18:10:29]   Missing preview:        ['spatial_conv.1.weight', 'spatial_conv.1.bias', 'final_layer.1.weight', 'final_layer.1.bias']
[2026-03-31 18:10:29]   Unexpected preview:     []
[2026-03-31 18:10:29] Encoder freeze configuration:
[2026-03-31 18:10:29]   Total parameters:        18,192
[2026-03-31 18:10:29]   Trainable parameters:    4,352
[2026-03-31 18:10:29]   Training percentage:     23.9%
[2026-03-31 18:10:29]   Trainable layers: 4
[2026-03-31 18:10:29]     - final_layer.1.bias
[2026-03-31 18:10:29]     - final_layer.1.weight
[2026-03-31 18:10:29]     - spatial_conv.1.bias
[2026-03-31 18:10:29]     - spatial_conv.1.weight
[2026-03-31 18:10:29]     Train generator seeded: True
[2026-03-31 18:10:30]     Stopped epoch:            114
[2026-03-31 18:10:30]     Best epoch (valid_loss):  65
[2026-03-31 18:10:30]     Best valid_loss:          1.373191475868225
[2026-03-31 18:10:30]     Test accuracy (primary):  0.5000
[2026-03-31 18:10:30]     Test balanced acc:        0.5000
[2026-03-31 18:10:30]     Confusion matrix:         [[2, 1, 1, 1], [1, 1, 1, 2], [0, 1, 2, 2], [0, 0, 0, 5]]
[2026-03-31 18:10:30]     Prediction histogram:     [3, 3, 4, 10]
[2026-03-31 18:10:30]     fold_acc=0.5000 fold_bal_acc=0.5000 cm=[[2, 1, 1, 1], [1, 1, 1, 2], [0, 1, 2, 2], [0, 0, 0, 5]]
[2026-03-31 18:10:30]   Subject 51 Fold 3 seed: 5409
[2026-03-31 18:10:30]   Subject 51 Fold 3: n_train=64 n_val=16 n_test=20
[2026-03-31 18:10:30]     Train class counts: [16, 16, 16, 16]
[2026-03-31 18:10:30]     Val class counts:   [4, 4, 4, 4]
[2026-03-31 18:10:30]     Test class counts:  [5, 5, 5, 5]
[2026-03-31 18:10:30] Building model with input window duration: 4.1875 s
[2026-03-31 18:10:30] Pretrained weight loading:
[2026-03-31 18:10:30]   Downloaded keys:        179
[2026-03-31 18:10:30]   Filtered (transformer): 172
[2026-03-31 18:10:30]   Filtered (pos_encoder): 0
[2026-03-31 18:10:30]   Keys to load:           7
[2026-03-31 18:10:30]   Missing keys:           4
[2026-03-31 18:10:30]   Unexpected keys:        0
[2026-03-31 18:10:30]   Missing preview:        ['spatial_conv.1.weight', 'spatial_conv.1.bias', 'final_layer.1.weight', 'final_layer.1.bias']
[2026-03-31 18:10:30]   Unexpected preview:     []
[2026-03-31 18:10:30] Encoder freeze configuration:
[2026-03-31 18:10:30]   Total parameters:        18,192
[2026-03-31 18:10:30]   Trainable parameters:    4,352
[2026-03-31 18:10:30]   Training percentage:     23.9%
[2026-03-31 18:10:30]   Trainable layers: 4
[2026-03-31 18:10:30]     - final_layer.1.bias
[2026-03-31 18:10:30]     - final_layer.1.weight
[2026-03-31 18:10:30]     - spatial_conv.1.bias
[2026-03-31 18:10:30]     - spatial_conv.1.weight
[2026-03-31 18:10:30]     Train generator seeded: True
[2026-03-31 18:10:30]     Stopped epoch:            51
[2026-03-31 18:10:30]     Best epoch (valid_loss):  1
[2026-03-31 18:10:30]     Best valid_loss:          1.3849074840545654
[2026-03-31 18:10:30]     Test accuracy (primary):  0.2000
[2026-03-31 18:10:30]     Test balanced acc:        0.2000
[2026-03-31 18:10:30]     Confusion matrix:         [[4, 1, 0, 0], [5, 0, 0, 0], [3, 0, 0, 2], [3, 2, 0, 0]]
[2026-03-31 18:10:30]     Prediction histogram:     [15, 3, 0, 2]
[2026-03-31 18:10:30]     fold_acc=0.2000 fold_bal_acc=0.2000 cm=[[4, 1, 0, 0], [5, 0, 0, 0], [3, 0, 0, 2], [3, 2, 0, 0]]
[2026-03-31 18:10:30]   Subject 51 Fold 4 seed: 5410
[2026-03-31 18:10:30]   Subject 51 Fold 4: n_train=64 n_val=16 n_test=20
[2026-03-31 18:10:30]     Train class counts: [16, 16, 16, 16]
[2026-03-31 18:10:30]     Val class counts:   [4, 4, 4, 4]
[2026-03-31 18:10:30]     Test class counts:  [5, 5, 5, 5]
[2026-03-31 18:10:30] Building model with input window duration: 4.1875 s
[2026-03-31 18:10:30] Pretrained weight loading:
[2026-03-31 18:10:30]   Downloaded keys:        179
[2026-03-31 18:10:30]   Filtered (transformer): 172
[2026-03-31 18:10:30]   Filtered (pos_encoder): 0
[2026-03-31 18:10:30]   Keys to load:           7
[2026-03-31 18:10:30]   Missing keys:           4
[2026-03-31 18:10:30]   Unexpected keys:        0
[2026-03-31 18:10:30]   Missing preview:        ['spatial_conv.1.weight', 'spatial_conv.1.bias', 'final_layer.1.weight', 'final_layer.1.bias']
[2026-03-31 18:10:30]   Unexpected preview:     []
[2026-03-31 18:10:30] Encoder freeze configuration:
[2026-03-31 18:10:30]   Total parameters:        18,192
[2026-03-31 18:10:30]   Trainable parameters:    4,352
[2026-03-31 18:10:30]   Training percentage:     23.9%
[2026-03-31 18:10:30]   Trainable layers: 4
[2026-03-31 18:10:30]     - final_layer.1.bias
[2026-03-31 18:10:30]     - final_layer.1.weight
[2026-03-31 18:10:30]     - spatial_conv.1.bias
[2026-03-31 18:10:30]     - spatial_conv.1.weight
[2026-03-31 18:10:30]     Train generator seeded: True
[2026-03-31 18:10:30]     Stopped epoch:            55
[2026-03-31 18:10:30]     Best epoch (valid_loss):  8
[2026-03-31 18:10:30]     Best valid_loss:          1.384843349456787
[2026-03-31 18:10:30]     Test accuracy (primary):  0.2500
[2026-03-31 18:10:30]     Test balanced acc:        0.2500
[2026-03-31 18:10:30]     Confusion matrix:         [[0, 0, 5, 0], [0, 1, 3, 1], [0, 0, 4, 1], [0, 0, 5, 0]]
[2026-03-31 18:10:30]     Prediction histogram:     [0, 1, 17, 2]
[2026-03-31 18:10:30]     fold_acc=0.2500 fold_bal_acc=0.2500 cm=[[0, 0, 5, 0], [0, 1, 3, 1], [0, 0, 4, 1], [0, 0, 5, 0]]
[2026-03-31 18:10:30]   Subject 51 Fold 5 seed: 5411
[2026-03-31 18:10:30]   Subject 51 Fold 5: n_train=64 n_val=16 n_test=20
[2026-03-31 18:10:30]     Train class counts: [16, 16, 16, 16]
[2026-03-31 18:10:30]     Val class counts:   [4, 4, 4, 4]
[2026-03-31 18:10:30]     Test class counts:  [5, 5, 5, 5]
[2026-03-31 18:10:30] Building model with input window duration: 4.1875 s
[2026-03-31 18:10:30] Pretrained weight loading:
[2026-03-31 18:10:30]   Downloaded keys:        179
[2026-03-31 18:10:30]   Filtered (transformer): 172
[2026-03-31 18:10:30]   Filtered (pos_encoder): 0
[2026-03-31 18:10:30]   Keys to load:           7
[2026-03-31 18:10:30]   Missing keys:           4
[2026-03-31 18:10:30]   Unexpected keys:        0
[2026-03-31 18:10:30]   Missing preview:        ['spatial_conv.1.weight', 'spatial_conv.1.bias', 'final_layer.1.weight', 'final_layer.1.bias']
[2026-03-31 18:10:30]   Unexpected preview:     []
[2026-03-31 18:10:30] Encoder freeze configuration:
[2026-03-31 18:10:30]   Total parameters:        18,192
[2026-03-31 18:10:30]   Trainable parameters:    4,352
[2026-03-31 18:10:30]   Training percentage:     23.9%
[2026-03-31 18:10:30]   Trainable layers: 4
[2026-03-31 18:10:30]     - final_layer.1.bias
[2026-03-31 18:10:30]     - final_layer.1.weight
[2026-03-31 18:10:30]     - spatial_conv.1.bias
[2026-03-31 18:10:30]     - spatial_conv.1.weight
[2026-03-31 18:10:30]     Train generator seeded: True
[2026-03-31 18:10:32]     Stopped epoch:            179
[2026-03-31 18:10:32]     Best epoch (valid_loss):  129
[2026-03-31 18:10:32]     Best valid_loss:          1.3671900033950806
[2026-03-31 18:10:32]     Test accuracy (primary):  0.3500
[2026-03-31 18:10:32]     Test balanced acc:        0.3500
[2026-03-31 18:10:32]     Confusion matrix:         [[2, 0, 0, 3], [2, 2, 1, 0], [2, 1, 0, 2], [2, 0, 0, 3]]
[2026-03-31 18:10:32]     Prediction histogram:     [8, 3, 1, 8]
[2026-03-31 18:10:32]     fold_acc=0.3500 fold_bal_acc=0.3500 cm=[[2, 0, 0, 3], [2, 2, 1, 0], [2, 1, 0, 2], [2, 0, 0, 3]]
[2026-03-31 18:10:32]   Subject 51 mean accuracy: 0.2900

[2026-03-31 18:10:32] Total folds completed: 5
[2026-03-31 18:10:32] ======================================================================
[2026-03-31 18:10:32] AGGREGATED RESULTS
[2026-03-31 18:10:32] ======================================================================
[2026-03-31 18:10:32]   Subject 51:  acc=0.2900±0.1241  bal_acc=0.2900±0.1241
[2026-03-31 18:10:32] ----------------------------------------------------------------------
[2026-03-31 18:10:32]   OVERALL:      acc=0.2900±0.1241  bal_acc=0.2900±0.1241
[2026-03-31 18:10:32] ======================================================================
[2026-03-31 18:10:32] CV results saved to:      /home/vegorov/Repos/eeg_jepa_research/artifacts/lee-2019-fine-tuning/SSVEP/20260331_1810_82a43922/cv_results.json
[2026-03-31 18:10:32] Subject metrics saved to: /home/vegorov/Repos/eeg_jepa_research/artifacts/lee-2019-fine-tuning/SSVEP/20260331_1810_82a43922/subject_metrics.json
[2026-03-31 18:10:32] Global metrics saved to:  /home/vegorov/Repos/eeg_jepa_research/artifacts/lee-2019-fine-tuning/SSVEP/20260331_1810_82a43922/global_metrics.json
[2026-03-31 18:10:32] Run metadata saved to:    /home/vegorov/Repos/eeg_jepa_research/artifacts/lee-2019-fine-tuning/SSVEP/20260331_1810_82a43922/run_metadata.json

[2026-03-31 18:10:32] All artifacts in: /home/vegorov/Repos/eeg_jepa_research/artifacts/lee-2019-fine-tuning/SSVEP/20260331_1810_82a43922

[2026-03-31 18:10:32] ======================================================================
[2026-03-31 18:10:32] EXPERIMENT SUMMARY
[2026-03-31 18:10:32] ======================================================================
[2026-03-31 18:10:32] Run ID:    20260331_1810_82a43922
[2026-03-31 18:10:32] Artifacts: /home/vegorov/Repos/eeg_jepa_research/artifacts/lee-2019-fine-tuning/SSVEP/20260331_1810_82a43922

[2026-03-31 18:10:32] Configuration:
[2026-03-31 18:10:32]   Subjects:          [51]
[2026-03-31 18:10:32]   Bandpass:          0.5-40.0 Hz
[2026-03-31 18:10:32]   Resample:          128 Hz
[2026-03-31 18:10:32]   CV folds:          5
[2026-03-31 18:10:32]   Learning rate:     0.001
[2026-03-31 18:10:32]   Batch size:        48
[2026-03-31 18:10:32]   Max epochs:        5000

[2026-03-31 18:10:32] Results:
[2026-03-31 18:10:32]   Mean Accuracy:          0.2900 ± 0.1241
[2026-03-31 18:10:32]   Mean Balanced Accuracy: 0.2900 ± 0.1241
