[2026-03-31 17:08:01] Using device: cpu
[2026-03-31 17:08:01] Seed control enabled: True
[2026-03-31 17:08:01] Base seed: 108
[2026-03-31 17:08:02] Seed initialized: 108
[2026-03-31 17:08:02] ======================================================================
[2026-03-31 17:08:02] CONFIGURATION
[2026-03-31 17:08:02] ======================================================================
[2026-03-31 17:08:02]   artifact_dir: /home/vegorov/Repos/eeg_jepa_research/artifacts/lee-2019-fine-tuning
[2026-03-31 17:08:02]   bandpass_high: 40.0
[2026-03-31 17:08:02]   bandpass_low: 0.5
[2026-03-31 17:08:02]   batch_size: 16
[2026-03-31 17:08:02]   convert_to_uV: True
[2026-03-31 17:08:02]   cv_folds: 5
[2026-03-31 17:08:02]   device: auto
[2026-03-31 17:08:02]   early_stopping_patience: 50
[2026-03-31 17:08:02]   learning_rate: 0.001
[2026-03-31 17:08:02]   n_epochs: 5000
[2026-03-31 17:08:02]   normalization_method: zscore
[2026-03-31 17:08:02]   normalize: True
[2026-03-31 17:08:02]   paradigm: SSVEP
[2026-03-31 17:08:02]   pretrained_url: https://huggingface.co/braindecode/SignalJEPA/resolve/main/signal-jepa_16s-60_adeuwv4s.pth
[2026-03-31 17:08:02]   seed: 108
[2026-03-31 17:08:02]   set_seed: True
[2026-03-31 17:08:02]   sfreq: 128
[2026-03-31 17:08:02]   subjects_to_use: [51]
[2026-03-31 17:08:02]   val_split: 0.2
[2026-03-31 17:08:02] ======================================================================
[2026-03-31 17:08:02] Config saved to: /home/vegorov/Repos/eeg_jepa_research/artifacts/lee-2019-fine-tuning/SSVEP/20260331_1708_f8cb456b/config.json
[2026-03-31 17:08:02] Epoch window configuration:
[2026-03-31 17:08:02]   Target sfreq:                128 Hz
[2026-03-31 17:08:02]   Target duration:             4.190000 s
[2026-03-31 17:08:02]   Window samples (rounded):    536
[2026-03-31 17:08:02]   Base trial samples (4.0 s):  512
[2026-03-31 17:08:02]   Trial stop offset samples:   24
[2026-03-31 17:08:02]   Effective window duration:   4.187500 s
[2026-03-31 17:08:02] Using specified subjects from config: [51]
[2026-03-31 17:08:02] Selected subjects: [51]
[2026-03-31 17:08:02] Expected evaluation folds: 5

[2026-03-31 17:08:02] Building MOABBDataset for Lee2019_SSVEP...
[2026-03-31 17:08:10] MOABBDataset recordings loaded: 1
[2026-03-31 17:08:10] Discovered annotation descriptions (first recording): [np.str_('12.0'), np.str_('5.45'), np.str_('6.67'), np.str_('8.57')]
[2026-03-31 17:08:10] Dataset event_id mapping: {'12.0': 1, '8.57': 2, '6.67': 3, '5.45': 4}
[2026-03-31 17:08:10] Label map (event_code -> class_index): {1: 0, 2: 1, 3: 2, 4: 3}
[2026-03-31 17:08:10] Applying Braindecode preprocessors to MOABBDataset...
[2026-03-31 17:08:13] Preprocessing complete.

[2026-03-31 17:08:13] Post-preprocessing validation
[2026-03-31 17:08:13]   Recordings in DATASET: 1
[2026-03-31 17:08:13]   Unique subject IDs:    ['51']
[2026-03-31 17:08:13]   sfreq (first rec):     128.0 Hz
[2026-03-31 17:08:13]   EEG channel count:     62
[2026-03-31 17:08:13]   First 10 channels:     ['Fp1', 'Fp2', 'F7', 'F3', 'Fz', 'F4', 'F8', 'FC5', 'FC1', 'FC2']
[2026-03-31 17:08:13] Channel consistency summary:
[2026-03-31 17:08:13]   Checked runs: 1
[2026-03-31 17:08:13]   Unique channel counts: [62]
[2026-03-31 17:08:13]   Channel order consistent: True
[2026-03-31 17:08:13] Validated EEG channels: 62
[2026-03-31 17:08:13] First 10 EEG channels: ['Fp1', 'Fp2', 'F7', 'F3', 'Fz', 'F4', 'F8', 'FC5', 'FC1', 'FC2']
[2026-03-31 17:08:14] raw mean_abs=6.332631e-01
[2026-03-31 17:08:14] raw std=1.000000e+00
[2026-03-31 17:08:14] raw first5 channel std= [1. 1. 1. 1. 1.]
[2026-03-31 17:08:14] Requested window samples: 536
[2026-03-31 17:08:14] Base trial samples:       512
[2026-03-31 17:08:14] Stop offset samples:      24
[2026-03-31 17:08:14] Global class counts: [25, 25, 25, 25]
[2026-03-31 17:08:14] Chance level (4-class): 0.25
[2026-03-31 17:08:14] One window shape: (62, 536)
[2026-03-31 17:08:14] One window label: 1
[2026-03-31 17:08:14] Window sample length expected=536, got=536
[2026-03-31 17:08:14] Subjects in window split: [51]
[2026-03-31 17:08:14] Summarizing per-subject windows...
[2026-03-31 17:08:14]   Subject 51: n_windows=100, window_shape=(62, 536), class_counts=[25, 25, 25, 25]
[2026-03-31 17:08:14]    subject_id  n_windows  n_channels  n_times      class_counts
0          51        100          62      536  [25, 25, 25, 25]
[2026-03-31 17:08:14] Window validation summary:
[2026-03-31 17:08:14]   Subject 51: n_windows=100 class_counts=[25, 25, 25, 25]

[2026-03-31 17:08:14] Validated sampling rate target: 128 Hz
[2026-03-31 17:08:14] Validated window sample count:   536
[2026-03-31 17:08:14] Validated window duration:       4.1875 s
[2026-03-31 17:08:14] Validated channel count:         62
[2026-03-31 17:08:14] Total windows retained:          100
[2026-03-31 17:08:14] Preprocessing sanity checks:
[2026-03-31 17:08:14]   One sample label: 1
[2026-03-31 17:08:14]   One sample shape: (62, 536)
[2026-03-31 17:08:14]   Mean(abs(signal)): 3.408678e-01
[2026-03-31 17:08:14]   Mean(signal):      -3.805435e-03
[2026-03-31 17:08:14]   Std(signal):       4.501492e-01
[2026-03-31 17:08:14] Building model with input window duration: 4.1875 s
[2026-03-31 17:08:14] SignalJEPA_PreLocal instantiated successfully.
[2026-03-31 17:08:14]   Total parameters:     18,192
[2026-03-31 17:08:14]   Trainable parameters: 18,192
[2026-03-31 17:08:14] ======================================================================================================================================================
Layer (type (var_name):depth-idx)                  Input Shape               Output Shape              Param #                   Kernel Shape
======================================================================================================================================================
SignalJEPA_PreLocal (SignalJEPA_PreLocal)          [1, 62, 536]              [1, 4]                    --                        --
├─Sequential (spatial_conv): 1-1                   [1, 62, 536]              [1, 4, 536]               --                        --
│    └─Rearrange (0): 2-1                          [1, 62, 536]              [1, 1, 62, 536]           --                        --
│    └─Conv2d (1): 2-2                             [1, 1, 62, 536]           [1, 4, 1, 536]            252                       [62, 1]
│    └─Rearrange (2): 2-3                          [1, 4, 1, 536]            [1, 4, 536]               --                        --
├─_ConvFeatureEncoder (feature_encoder): 1-2       [1, 4, 536]               [1, 16, 64]               --                        --
│    └─Rearrange (0): 2-4                          [1, 4, 536]               [4, 1, 536]               --                        --
│    └─Sequential (1): 2-5                         [4, 1, 536]               [4, 8, 64]                --                        --
│    │    └─Conv1d (0): 3-1                        [4, 1, 536]               [4, 8, 64]                256                       [32]
│    │    └─Dropout (1): 3-2                       [4, 8, 64]                [4, 8, 64]                --                        --
│    │    └─GroupNorm (2): 3-3                     [4, 8, 64]                [4, 8, 64]                16                        --
│    │    └─GELU (3): 3-4                          [4, 8, 64]                [4, 8, 64]                --                        --
│    └─Sequential (2): 2-6                         [4, 8, 64]                [4, 16, 32]               --                        --
│    │    └─Conv1d (0): 3-5                        [4, 8, 64]                [4, 16, 32]               256                       [2]
│    │    └─Dropout (1): 3-6                       [4, 16, 32]               [4, 16, 32]               --                        --
│    │    └─GELU (2): 3-7                          [4, 16, 32]               [4, 16, 32]               --                        --
│    └─Sequential (3): 2-7                         [4, 16, 32]               [4, 32, 16]               --                        --
│    │    └─Conv1d (0): 3-8                        [4, 16, 32]               [4, 32, 16]               1,024                     [2]
│    │    └─Dropout (1): 3-9                       [4, 32, 16]               [4, 32, 16]               --                        --
│    │    └─GELU (2): 3-10                         [4, 32, 16]               [4, 32, 16]               --                        --
│    └─Sequential (4): 2-8                         [4, 32, 16]               [4, 64, 8]                --                        --
│    │    └─Conv1d (0): 3-11                       [4, 32, 16]               [4, 64, 8]                4,096                     [2]
│    │    └─Dropout (1): 3-12                      [4, 64, 8]                [4, 64, 8]                --                        --
│    │    └─GELU (2): 3-13                         [4, 64, 8]                [4, 64, 8]                --                        --
│    └─Sequential (5): 2-9                         [4, 64, 8]                [4, 64, 4]                --                        --
│    │    └─Conv1d (0): 3-14                       [4, 64, 8]                [4, 64, 4]                8,192                     [2]
│    │    └─Dropout (1): 3-15                      [4, 64, 4]                [4, 64, 4]                --                        --
│    │    └─GELU (2): 3-16                         [4, 64, 4]                [4, 64, 4]                --                        --
│    └─Rearrange (6): 2-10                         [4, 64, 4]                [1, 16, 64]               --                        --
├─Sequential (final_layer): 1-3                    [1, 16, 64]               [1, 4]                    --                        --
│    └─Flatten (0): 2-11                           [1, 16, 64]               [1, 1024]                 --                        --
│    └─Linear (1): 2-12                            [1, 1024]                 [1, 4]                    4,100                     --
======================================================================================================================================================
Total params: 18,192
Trainable params: 18,192
Non-trainable params: 0
Total mult-adds (Units.MEGABYTES): 0.57
======================================================================================================================================================
Input size (MB): 0.13
Forward/backward pass size (MB): 0.11
Params size (MB): 0.07
Estimated Total Size (MB): 0.31
======================================================================================================================================================
[2026-03-31 17:08:14] Initializing from 16s-60 pretrained checkpoint (Hugging Face):
[2026-03-31 17:08:14]   https://huggingface.co/braindecode/SignalJEPA/resolve/main/signal-jepa_16s-60_adeuwv4s.pth
[2026-03-31 17:08:14]   Downloaded 179 keys
[2026-03-31 17:08:14] ======================================================================
[2026-03-31 17:08:14] STARTING CROSS-VALIDATION
[2026-03-31 17:08:14] ======================================================================
[2026-03-31 17:08:14] Subjects:      [51]
[2026-03-31 17:08:14] CV folds:      5
[2026-03-31 17:08:14] Batch size:    16
[2026-03-31 17:08:14] Max epochs:    5000
[2026-03-31 17:08:14] Device:        cpu
[2026-03-31 17:08:14] Seed control:  True
[2026-03-31 17:08:14] Base seed:     108
[2026-03-31 17:08:14] ======================================================================

[2026-03-31 17:08:14] Subject 51: 100 windows class_counts=[25, 25, 25, 25]
[2026-03-31 17:08:14]   Fold 1 split seed: 109
[2026-03-31 17:08:14]   Fold 1 split class counts:
[2026-03-31 17:08:14]     train=[16, 16, 16, 16] val=[4, 4, 4, 4] test=[5, 5, 5, 5]
[2026-03-31 17:08:14]   Fold 2 split seed: 110
[2026-03-31 17:08:14]   Fold 2 split class counts:
[2026-03-31 17:08:14]     train=[16, 16, 16, 16] val=[4, 4, 4, 4] test=[5, 5, 5, 5]
[2026-03-31 17:08:14]   Fold 3 split seed: 111
[2026-03-31 17:08:14]   Fold 3 split class counts:
[2026-03-31 17:08:14]     train=[16, 16, 16, 16] val=[4, 4, 4, 4] test=[5, 5, 5, 5]
[2026-03-31 17:08:14]   Fold 4 split seed: 112
[2026-03-31 17:08:14]   Fold 4 split class counts:
[2026-03-31 17:08:14]     train=[16, 16, 16, 16] val=[4, 4, 4, 4] test=[5, 5, 5, 5]
[2026-03-31 17:08:14]   Fold 5 split seed: 113
[2026-03-31 17:08:14]   Fold 5 split class counts:
[2026-03-31 17:08:14]     train=[16, 16, 16, 16] val=[4, 4, 4, 4] test=[5, 5, 5, 5]
[2026-03-31 17:08:14]   Subject 51 Fold 1 seed: 5209
[2026-03-31 17:08:14]   Subject 51 Fold 1: n_train=64 n_val=16 n_test=20
[2026-03-31 17:08:14]     Train class counts: [16, 16, 16, 16]
[2026-03-31 17:08:14]     Val class counts:   [4, 4, 4, 4]
[2026-03-31 17:08:14]     Test class counts:  [5, 5, 5, 5]
[2026-03-31 17:08:14] Building model with input window duration: 4.1875 s
[2026-03-31 17:08:14] Pretrained weight loading:
[2026-03-31 17:08:14]   Downloaded keys:        179
[2026-03-31 17:08:14]   Filtered (transformer): 172
[2026-03-31 17:08:14]   Filtered (pos_encoder): 0
[2026-03-31 17:08:14]   Keys to load:           7
[2026-03-31 17:08:14]   Missing keys:           4
[2026-03-31 17:08:14]   Unexpected keys:        0
[2026-03-31 17:08:14]   Missing preview:        ['spatial_conv.1.weight', 'spatial_conv.1.bias', 'final_layer.1.weight', 'final_layer.1.bias']
[2026-03-31 17:08:14]   Unexpected preview:     []
[2026-03-31 17:08:14] Encoder freeze configuration:
[2026-03-31 17:08:14]   Total parameters:        18,192
[2026-03-31 17:08:14]   Trainable parameters:    4,352
[2026-03-31 17:08:14]   Training percentage:     23.9%
[2026-03-31 17:08:14]   Trainable layers: 4
[2026-03-31 17:08:14]     - final_layer.1.bias
[2026-03-31 17:08:14]     - final_layer.1.weight
[2026-03-31 17:08:14]     - spatial_conv.1.bias
[2026-03-31 17:08:14]     - spatial_conv.1.weight
[2026-03-31 17:08:14]     Train generator seeded: True
[2026-03-31 17:08:14]     Stopped epoch:            51
[2026-03-31 17:08:14]     Best epoch (valid_loss):  1
[2026-03-31 17:08:14]     Best valid_loss:          1.3895026445388794
[2026-03-31 17:08:14]     Test accuracy (primary):  0.2500
[2026-03-31 17:08:14]     Test balanced acc:        0.2500
[2026-03-31 17:08:14]     Confusion matrix:         [[0, 0, 0, 5], [0, 0, 0, 5], [0, 0, 0, 5], [0, 0, 0, 5]]
[2026-03-31 17:08:14]     Prediction histogram:     [0, 0, 0, 20]
[2026-03-31 17:08:14]     fold_acc=0.2500 fold_bal_acc=0.2500 cm=[[0, 0, 0, 5], [0, 0, 0, 5], [0, 0, 0, 5], [0, 0, 0, 5]]
[2026-03-31 17:08:14]   Subject 51 Fold 2 seed: 5210
[2026-03-31 17:08:14]   Subject 51 Fold 2: n_train=64 n_val=16 n_test=20
[2026-03-31 17:08:14]     Train class counts: [16, 16, 16, 16]
[2026-03-31 17:08:14]     Val class counts:   [4, 4, 4, 4]
[2026-03-31 17:08:14]     Test class counts:  [5, 5, 5, 5]
[2026-03-31 17:08:14] Building model with input window duration: 4.1875 s
[2026-03-31 17:08:14] Pretrained weight loading:
[2026-03-31 17:08:14]   Downloaded keys:        179
[2026-03-31 17:08:14]   Filtered (transformer): 172
[2026-03-31 17:08:14]   Filtered (pos_encoder): 0
[2026-03-31 17:08:14]   Keys to load:           7
[2026-03-31 17:08:14]   Missing keys:           4
[2026-03-31 17:08:14]   Unexpected keys:        0
[2026-03-31 17:08:14]   Missing preview:        ['spatial_conv.1.weight', 'spatial_conv.1.bias', 'final_layer.1.weight', 'final_layer.1.bias']
[2026-03-31 17:08:14]   Unexpected preview:     []
[2026-03-31 17:08:14] Encoder freeze configuration:
[2026-03-31 17:08:14]   Total parameters:        18,192
[2026-03-31 17:08:14]   Trainable parameters:    4,352
[2026-03-31 17:08:14]   Training percentage:     23.9%
[2026-03-31 17:08:14]   Trainable layers: 4
[2026-03-31 17:08:14]     - final_layer.1.bias
[2026-03-31 17:08:14]     - final_layer.1.weight
[2026-03-31 17:08:14]     - spatial_conv.1.bias
[2026-03-31 17:08:14]     - spatial_conv.1.weight
[2026-03-31 17:08:14]     Train generator seeded: True
[2026-03-31 17:08:15]     Stopped epoch:            51
[2026-03-31 17:08:15]     Best epoch (valid_loss):  1
[2026-03-31 17:08:15]     Best valid_loss:          1.3852382898330688
[2026-03-31 17:08:15]     Test accuracy (primary):  0.2500
[2026-03-31 17:08:15]     Test balanced acc:        0.2500
[2026-03-31 17:08:15]     Confusion matrix:         [[0, 5, 0, 0], [0, 5, 0, 0], [0, 4, 0, 1], [0, 5, 0, 0]]
[2026-03-31 17:08:15]     Prediction histogram:     [0, 19, 0, 1]
[2026-03-31 17:08:15]     fold_acc=0.2500 fold_bal_acc=0.2500 cm=[[0, 5, 0, 0], [0, 5, 0, 0], [0, 4, 0, 1], [0, 5, 0, 0]]
[2026-03-31 17:08:15]   Subject 51 Fold 3 seed: 5211
[2026-03-31 17:08:15]   Subject 51 Fold 3: n_train=64 n_val=16 n_test=20
[2026-03-31 17:08:15]     Train class counts: [16, 16, 16, 16]
[2026-03-31 17:08:15]     Val class counts:   [4, 4, 4, 4]
[2026-03-31 17:08:15]     Test class counts:  [5, 5, 5, 5]
[2026-03-31 17:08:15] Building model with input window duration: 4.1875 s
[2026-03-31 17:08:15] Pretrained weight loading:
[2026-03-31 17:08:15]   Downloaded keys:        179
[2026-03-31 17:08:15]   Filtered (transformer): 172
[2026-03-31 17:08:15]   Filtered (pos_encoder): 0
[2026-03-31 17:08:15]   Keys to load:           7
[2026-03-31 17:08:15]   Missing keys:           4
[2026-03-31 17:08:15]   Unexpected keys:        0
[2026-03-31 17:08:15]   Missing preview:        ['spatial_conv.1.weight', 'spatial_conv.1.bias', 'final_layer.1.weight', 'final_layer.1.bias']
[2026-03-31 17:08:15]   Unexpected preview:     []
[2026-03-31 17:08:15] Encoder freeze configuration:
[2026-03-31 17:08:15]   Total parameters:        18,192
[2026-03-31 17:08:15]   Trainable parameters:    4,352
[2026-03-31 17:08:15]   Training percentage:     23.9%
[2026-03-31 17:08:15]   Trainable layers: 4
[2026-03-31 17:08:15]     - final_layer.1.bias
[2026-03-31 17:08:15]     - final_layer.1.weight
[2026-03-31 17:08:15]     - spatial_conv.1.bias
[2026-03-31 17:08:15]     - spatial_conv.1.weight
[2026-03-31 17:08:15]     Train generator seeded: True
[2026-03-31 17:08:17]     Stopped epoch:            113
[2026-03-31 17:08:17]     Best epoch (valid_loss):  63
[2026-03-31 17:08:17]     Best valid_loss:          1.3723992109298706
[2026-03-31 17:08:17]     Test accuracy (primary):  0.3000
[2026-03-31 17:08:17]     Test balanced acc:        0.3000
[2026-03-31 17:08:17]     Confusion matrix:         [[1, 2, 0, 2], [2, 1, 2, 0], [1, 1, 3, 0], [2, 1, 1, 1]]
[2026-03-31 17:08:17]     Prediction histogram:     [6, 5, 6, 3]
[2026-03-31 17:08:17]     fold_acc=0.3000 fold_bal_acc=0.3000 cm=[[1, 2, 0, 2], [2, 1, 2, 0], [1, 1, 3, 0], [2, 1, 1, 1]]
[2026-03-31 17:08:17]   Subject 51 Fold 4 seed: 5212
[2026-03-31 17:08:17]   Subject 51 Fold 4: n_train=64 n_val=16 n_test=20
[2026-03-31 17:08:17]     Train class counts: [16, 16, 16, 16]
[2026-03-31 17:08:17]     Val class counts:   [4, 4, 4, 4]
[2026-03-31 17:08:17]     Test class counts:  [5, 5, 5, 5]
[2026-03-31 17:08:17] Building model with input window duration: 4.1875 s
[2026-03-31 17:08:17] Pretrained weight loading:
[2026-03-31 17:08:17]   Downloaded keys:        179
[2026-03-31 17:08:17]   Filtered (transformer): 172
[2026-03-31 17:08:17]   Filtered (pos_encoder): 0
[2026-03-31 17:08:17]   Keys to load:           7
[2026-03-31 17:08:17]   Missing keys:           4
[2026-03-31 17:08:17]   Unexpected keys:        0
[2026-03-31 17:08:17]   Missing preview:        ['spatial_conv.1.weight', 'spatial_conv.1.bias', 'final_layer.1.weight', 'final_layer.1.bias']
[2026-03-31 17:08:17]   Unexpected preview:     []
[2026-03-31 17:08:17] Encoder freeze configuration:
[2026-03-31 17:08:17]   Total parameters:        18,192
[2026-03-31 17:08:17]   Trainable parameters:    4,352
[2026-03-31 17:08:17]   Training percentage:     23.9%
[2026-03-31 17:08:17]   Trainable layers: 4
[2026-03-31 17:08:17]     - final_layer.1.bias
[2026-03-31 17:08:17]     - final_layer.1.weight
[2026-03-31 17:08:17]     - spatial_conv.1.bias
[2026-03-31 17:08:17]     - spatial_conv.1.weight
[2026-03-31 17:08:17]     Train generator seeded: True
[2026-03-31 17:08:18]     Stopped epoch:            115
[2026-03-31 17:08:18]     Best epoch (valid_loss):  65
[2026-03-31 17:08:18]     Best valid_loss:          1.3428049087524414
[2026-03-31 17:08:18]     Test accuracy (primary):  0.2000
[2026-03-31 17:08:18]     Test balanced acc:        0.2000
[2026-03-31 17:08:18]     Confusion matrix:         [[2, 0, 1, 2], [2, 1, 2, 0], [1, 1, 1, 2], [0, 1, 4, 0]]
[2026-03-31 17:08:18]     Prediction histogram:     [5, 3, 8, 4]
[2026-03-31 17:08:18]     fold_acc=0.2000 fold_bal_acc=0.2000 cm=[[2, 0, 1, 2], [2, 1, 2, 0], [1, 1, 1, 2], [0, 1, 4, 0]]
[2026-03-31 17:08:18]   Subject 51 Fold 5 seed: 5213
[2026-03-31 17:08:18]   Subject 51 Fold 5: n_train=64 n_val=16 n_test=20
[2026-03-31 17:08:18]     Train class counts: [16, 16, 16, 16]
[2026-03-31 17:08:18]     Val class counts:   [4, 4, 4, 4]
[2026-03-31 17:08:18]     Test class counts:  [5, 5, 5, 5]
[2026-03-31 17:08:18] Building model with input window duration: 4.1875 s
[2026-03-31 17:08:18] Pretrained weight loading:
[2026-03-31 17:08:18]   Downloaded keys:        179
[2026-03-31 17:08:18]   Filtered (transformer): 172
[2026-03-31 17:08:18]   Filtered (pos_encoder): 0
[2026-03-31 17:08:18]   Keys to load:           7
[2026-03-31 17:08:18]   Missing keys:           4
[2026-03-31 17:08:18]   Unexpected keys:        0
[2026-03-31 17:08:18]   Missing preview:        ['spatial_conv.1.weight', 'spatial_conv.1.bias', 'final_layer.1.weight', 'final_layer.1.bias']
[2026-03-31 17:08:18]   Unexpected preview:     []
[2026-03-31 17:08:18] Encoder freeze configuration:
[2026-03-31 17:08:18]   Total parameters:        18,192
[2026-03-31 17:08:18]   Trainable parameters:    4,352
[2026-03-31 17:08:18]   Training percentage:     23.9%
[2026-03-31 17:08:18]   Trainable layers: 4
[2026-03-31 17:08:18]     - final_layer.1.bias
[2026-03-31 17:08:18]     - final_layer.1.weight
[2026-03-31 17:08:18]     - spatial_conv.1.bias
[2026-03-31 17:08:18]     - spatial_conv.1.weight
[2026-03-31 17:08:18]     Train generator seeded: True
[2026-03-31 17:08:24]     Stopped epoch:            482
[2026-03-31 17:08:24]     Best epoch (valid_loss):  432
[2026-03-31 17:08:24]     Best valid_loss:          1.13567054271698
[2026-03-31 17:08:24]     Test accuracy (primary):  0.2000
[2026-03-31 17:08:24]     Test balanced acc:        0.2000
[2026-03-31 17:08:24]     Confusion matrix:         [[1, 1, 1, 2], [2, 0, 1, 2], [2, 1, 1, 1], [0, 1, 2, 2]]
[2026-03-31 17:08:24]     Prediction histogram:     [5, 3, 5, 7]
[2026-03-31 17:08:24]     fold_acc=0.2000 fold_bal_acc=0.2000 cm=[[1, 1, 1, 2], [2, 0, 1, 2], [2, 1, 1, 1], [0, 1, 2, 2]]
[2026-03-31 17:08:24]   Subject 51 mean accuracy: 0.2400

[2026-03-31 17:08:24] Total folds completed: 5
[2026-03-31 17:08:24] ======================================================================
[2026-03-31 17:08:24] AGGREGATED RESULTS
[2026-03-31 17:08:24] ======================================================================
[2026-03-31 17:08:24]   Subject 51:  acc=0.2400±0.0374  bal_acc=0.2400±0.0374
[2026-03-31 17:08:24] ----------------------------------------------------------------------
[2026-03-31 17:08:24]   OVERALL:      acc=0.2400±0.0374  bal_acc=0.2400±0.0374
[2026-03-31 17:08:24] ======================================================================
[2026-03-31 17:08:24] CV results saved to:      /home/vegorov/Repos/eeg_jepa_research/artifacts/lee-2019-fine-tuning/SSVEP/20260331_1708_f8cb456b/cv_results.json
[2026-03-31 17:08:24] Subject metrics saved to: /home/vegorov/Repos/eeg_jepa_research/artifacts/lee-2019-fine-tuning/SSVEP/20260331_1708_f8cb456b/subject_metrics.json
[2026-03-31 17:08:24] Global metrics saved to:  /home/vegorov/Repos/eeg_jepa_research/artifacts/lee-2019-fine-tuning/SSVEP/20260331_1708_f8cb456b/global_metrics.json
[2026-03-31 17:08:24] Run metadata saved to:    /home/vegorov/Repos/eeg_jepa_research/artifacts/lee-2019-fine-tuning/SSVEP/20260331_1708_f8cb456b/run_metadata.json

[2026-03-31 17:08:24] All artifacts in: /home/vegorov/Repos/eeg_jepa_research/artifacts/lee-2019-fine-tuning/SSVEP/20260331_1708_f8cb456b

[2026-03-31 17:08:24] ======================================================================
[2026-03-31 17:08:24] EXPERIMENT SUMMARY
[2026-03-31 17:08:24] ======================================================================
[2026-03-31 17:08:24] Run ID:    20260331_1708_f8cb456b
[2026-03-31 17:08:24] Artifacts: /home/vegorov/Repos/eeg_jepa_research/artifacts/lee-2019-fine-tuning/SSVEP/20260331_1708_f8cb456b

[2026-03-31 17:08:24] Configuration:
[2026-03-31 17:08:24]   Subjects:          [51]
[2026-03-31 17:08:24]   Bandpass:          0.5-40.0 Hz
[2026-03-31 17:08:24]   Resample:          128 Hz
[2026-03-31 17:08:24]   CV folds:          5
[2026-03-31 17:08:24]   Learning rate:     0.001
[2026-03-31 17:08:24]   Batch size:        16
[2026-03-31 17:08:24]   Max epochs:        5000

[2026-03-31 17:08:24] Results:
[2026-03-31 17:08:24]   Mean Accuracy:          0.2400 ± 0.0374
[2026-03-31 17:08:24]   Mean Balanced Accuracy: 0.2400 ± 0.0374
