[2026-03-31 18:14:53] Using device: cpu
[2026-03-31 18:14:53] Seed control enabled: True
[2026-03-31 18:14:53] Base seed: 601
[2026-03-31 18:14:54] Seed initialized: 601
[2026-03-31 18:14:54] ======================================================================
[2026-03-31 18:14:54] CONFIGURATION
[2026-03-31 18:14:54] ======================================================================
[2026-03-31 18:14:54]   artifact_dir: /home/vegorov/Repos/eeg_jepa_research/artifacts/lee-2019-fine-tuning
[2026-03-31 18:14:54]   bandpass_high: 40.0
[2026-03-31 18:14:54]   bandpass_low: 0.5
[2026-03-31 18:14:54]   batch_size: 16
[2026-03-31 18:14:54]   convert_to_uV: False
[2026-03-31 18:14:54]   cv_folds: 5
[2026-03-31 18:14:54]   device: auto
[2026-03-31 18:14:54]   early_stopping_patience: 50
[2026-03-31 18:14:54]   learning_rate: 0.001
[2026-03-31 18:14:54]   n_epochs: 5000
[2026-03-31 18:14:54]   normalization_method: None
[2026-03-31 18:14:54]   normalize: False
[2026-03-31 18:14:54]   paradigm: SSVEP
[2026-03-31 18:14:54]   pretrained_url: https://huggingface.co/braindecode/SignalJEPA/resolve/main/signal-jepa_16s-60_adeuwv4s.pth
[2026-03-31 18:14:54]   seed: 601
[2026-03-31 18:14:54]   set_seed: True
[2026-03-31 18:14:54]   sfreq: 128
[2026-03-31 18:14:54]   subjects_to_use: [51]
[2026-03-31 18:14:54]   val_split: 0.2
[2026-03-31 18:14:54] ======================================================================
[2026-03-31 18:14:54] Config saved to: /home/vegorov/Repos/eeg_jepa_research/artifacts/lee-2019-fine-tuning/SSVEP/20260331_1814_746d28b5/config.json
[2026-03-31 18:14:54] Epoch window configuration:
[2026-03-31 18:14:54]   Target sfreq:                128 Hz
[2026-03-31 18:14:54]   Target duration:             4.190000 s
[2026-03-31 18:14:54]   Window samples (rounded):    536
[2026-03-31 18:14:54]   Base trial samples (4.0 s):  512
[2026-03-31 18:14:54]   Trial stop offset samples:   24
[2026-03-31 18:14:54]   Effective window duration:   4.187500 s
[2026-03-31 18:14:54] Using specified subjects from config: [51]
[2026-03-31 18:14:54] Selected subjects: [51]
[2026-03-31 18:14:54] Expected evaluation folds: 5

[2026-03-31 18:14:54] Building MOABBDataset for Lee2019_SSVEP...
[2026-03-31 18:15:02] MOABBDataset recordings loaded: 1
[2026-03-31 18:15:02] Discovered annotation descriptions (first recording): [np.str_('12.0'), np.str_('5.45'), np.str_('6.67'), np.str_('8.57')]
[2026-03-31 18:15:02] Dataset event_id mapping: {'12.0': 1, '8.57': 2, '6.67': 3, '5.45': 4}
[2026-03-31 18:15:02] Label map (event_code -> class_index): {1: 0, 2: 1, 3: 2, 4: 3}
[2026-03-31 18:15:02] Applying Braindecode preprocessors to MOABBDataset...
[2026-03-31 18:15:05] Preprocessing complete.

[2026-03-31 18:15:05] Post-preprocessing validation
[2026-03-31 18:15:05]   Recordings in DATASET: 1
[2026-03-31 18:15:05]   Unique subject IDs:    ['51']
[2026-03-31 18:15:05]   sfreq (first rec):     128.0 Hz
[2026-03-31 18:15:05]   EEG channel count:     62
[2026-03-31 18:15:05]   First 10 channels:     ['Fp1', 'Fp2', 'F7', 'F3', 'Fz', 'F4', 'F8', 'FC5', 'FC1', 'FC2']
[2026-03-31 18:15:05] Channel consistency summary:
[2026-03-31 18:15:05]   Checked runs: 1
[2026-03-31 18:15:05]   Unique channel counts: [62]
[2026-03-31 18:15:05]   Channel order consistent: True
[2026-03-31 18:15:05] Validated EEG channels: 62
[2026-03-31 18:15:05] First 10 EEG channels: ['Fp1', 'Fp2', 'F7', 'F3', 'Fz', 'F4', 'F8', 'FC5', 'FC1', 'FC2']
[2026-03-31 18:15:05] raw mean_abs=8.654730e-06
[2026-03-31 18:15:05] raw std=3.494582e-05
[2026-03-31 18:15:05] raw first5 channel std= [4.62240455e-05 5.46333977e-05 1.69583018e-05 1.38289706e-05
 1.12436602e-05]
[2026-03-31 18:15:05] Requested window samples: 536
[2026-03-31 18:15:05] Base trial samples:       512
[2026-03-31 18:15:05] Stop offset samples:      24
[2026-03-31 18:15:05] Global class counts: [25, 25, 25, 25]
[2026-03-31 18:15:05] Chance level (4-class): 0.25
[2026-03-31 18:15:05] One window shape: (62, 536)
[2026-03-31 18:15:05] One window label: 1
[2026-03-31 18:15:05] Window sample length expected=536, got=536
[2026-03-31 18:15:05] Subjects in window split: [51]
[2026-03-31 18:15:05] Summarizing per-subject windows...
[2026-03-31 18:15:05]   Subject 51: n_windows=100, window_shape=(62, 536), class_counts=[25, 25, 25, 25]
[2026-03-31 18:15:05]    subject_id  n_windows  n_channels  n_times      class_counts
0          51        100          62      536  [25, 25, 25, 25]
[2026-03-31 18:15:05] Window validation summary:
[2026-03-31 18:15:05]   Subject 51: n_windows=100 class_counts=[25, 25, 25, 25]

[2026-03-31 18:15:05] Validated sampling rate target: 128 Hz
[2026-03-31 18:15:05] Validated window sample count:   536
[2026-03-31 18:15:05] Validated window duration:       4.1875 s
[2026-03-31 18:15:05] Validated channel count:         62
[2026-03-31 18:15:05] Total windows retained:          100
[2026-03-31 18:15:05] Preprocessing sanity checks:
[2026-03-31 18:15:05]   One sample label: 1
[2026-03-31 18:15:05]   One sample shape: (62, 536)
[2026-03-31 18:15:05]   Mean(abs(signal)): 4.094026e-06
[2026-03-31 18:15:05]   Mean(signal):      -7.006218e-15
[2026-03-31 18:15:05]   Std(signal):       5.860602e-06
[2026-03-31 18:15:05] Building model with input window duration: 4.1875 s
[2026-03-31 18:15:05] SignalJEPA_PreLocal instantiated successfully.
[2026-03-31 18:15:05]   Total parameters:     18,192
[2026-03-31 18:15:05]   Trainable parameters: 18,192
[2026-03-31 18:15:05] ======================================================================================================================================================
Layer (type (var_name):depth-idx)                  Input Shape               Output Shape              Param #                   Kernel Shape
======================================================================================================================================================
SignalJEPA_PreLocal (SignalJEPA_PreLocal)          [1, 62, 536]              [1, 4]                    --                        --
├─Sequential (spatial_conv): 1-1                   [1, 62, 536]              [1, 4, 536]               --                        --
│    └─Rearrange (0): 2-1                          [1, 62, 536]              [1, 1, 62, 536]           --                        --
│    └─Conv2d (1): 2-2                             [1, 1, 62, 536]           [1, 4, 1, 536]            252                       [62, 1]
│    └─Rearrange (2): 2-3                          [1, 4, 1, 536]            [1, 4, 536]               --                        --
├─_ConvFeatureEncoder (feature_encoder): 1-2       [1, 4, 536]               [1, 16, 64]               --                        --
│    └─Rearrange (0): 2-4                          [1, 4, 536]               [4, 1, 536]               --                        --
│    └─Sequential (1): 2-5                         [4, 1, 536]               [4, 8, 64]                --                        --
│    │    └─Conv1d (0): 3-1                        [4, 1, 536]               [4, 8, 64]                256                       [32]
│    │    └─Dropout (1): 3-2                       [4, 8, 64]                [4, 8, 64]                --                        --
│    │    └─GroupNorm (2): 3-3                     [4, 8, 64]                [4, 8, 64]                16                        --
│    │    └─GELU (3): 3-4                          [4, 8, 64]                [4, 8, 64]                --                        --
│    └─Sequential (2): 2-6                         [4, 8, 64]                [4, 16, 32]               --                        --
│    │    └─Conv1d (0): 3-5                        [4, 8, 64]                [4, 16, 32]               256                       [2]
│    │    └─Dropout (1): 3-6                       [4, 16, 32]               [4, 16, 32]               --                        --
│    │    └─GELU (2): 3-7                          [4, 16, 32]               [4, 16, 32]               --                        --
│    └─Sequential (3): 2-7                         [4, 16, 32]               [4, 32, 16]               --                        --
│    │    └─Conv1d (0): 3-8                        [4, 16, 32]               [4, 32, 16]               1,024                     [2]
│    │    └─Dropout (1): 3-9                       [4, 32, 16]               [4, 32, 16]               --                        --
│    │    └─GELU (2): 3-10                         [4, 32, 16]               [4, 32, 16]               --                        --
│    └─Sequential (4): 2-8                         [4, 32, 16]               [4, 64, 8]                --                        --
│    │    └─Conv1d (0): 3-11                       [4, 32, 16]               [4, 64, 8]                4,096                     [2]
│    │    └─Dropout (1): 3-12                      [4, 64, 8]                [4, 64, 8]                --                        --
│    │    └─GELU (2): 3-13                         [4, 64, 8]                [4, 64, 8]                --                        --
│    └─Sequential (5): 2-9                         [4, 64, 8]                [4, 64, 4]                --                        --
│    │    └─Conv1d (0): 3-14                       [4, 64, 8]                [4, 64, 4]                8,192                     [2]
│    │    └─Dropout (1): 3-15                      [4, 64, 4]                [4, 64, 4]                --                        --
│    │    └─GELU (2): 3-16                         [4, 64, 4]                [4, 64, 4]                --                        --
│    └─Rearrange (6): 2-10                         [4, 64, 4]                [1, 16, 64]               --                        --
├─Sequential (final_layer): 1-3                    [1, 16, 64]               [1, 4]                    --                        --
│    └─Flatten (0): 2-11                           [1, 16, 64]               [1, 1024]                 --                        --
│    └─Linear (1): 2-12                            [1, 1024]                 [1, 4]                    4,100                     --
======================================================================================================================================================
Total params: 18,192
Trainable params: 18,192
Non-trainable params: 0
Total mult-adds (Units.MEGABYTES): 0.57
======================================================================================================================================================
Input size (MB): 0.13
Forward/backward pass size (MB): 0.11
Params size (MB): 0.07
Estimated Total Size (MB): 0.31
======================================================================================================================================================
[2026-03-31 18:15:05] Initializing from 16s-60 pretrained checkpoint (Hugging Face):
[2026-03-31 18:15:05]   https://huggingface.co/braindecode/SignalJEPA/resolve/main/signal-jepa_16s-60_adeuwv4s.pth
[2026-03-31 18:15:05]   Downloaded 179 keys
[2026-03-31 18:15:05] ======================================================================
[2026-03-31 18:15:05] STARTING CROSS-VALIDATION
[2026-03-31 18:15:05] ======================================================================
[2026-03-31 18:15:05] Subjects:      [51]
[2026-03-31 18:15:05] CV folds:      5
[2026-03-31 18:15:05] Batch size:    16
[2026-03-31 18:15:05] Max epochs:    5000
[2026-03-31 18:15:05] Device:        cpu
[2026-03-31 18:15:05] Seed control:  True
[2026-03-31 18:15:05] Base seed:     601
[2026-03-31 18:15:05] ======================================================================

[2026-03-31 18:15:05] Subject 51: 100 windows class_counts=[25, 25, 25, 25]
[2026-03-31 18:15:05]   Fold 1 split seed: 602
[2026-03-31 18:15:05]   Fold 1 split class counts:
[2026-03-31 18:15:05]     train=[16, 16, 16, 16] val=[4, 4, 4, 4] test=[5, 5, 5, 5]
[2026-03-31 18:15:05]   Fold 2 split seed: 603
[2026-03-31 18:15:05]   Fold 2 split class counts:
[2026-03-31 18:15:05]     train=[16, 16, 16, 16] val=[4, 4, 4, 4] test=[5, 5, 5, 5]
[2026-03-31 18:15:05]   Fold 3 split seed: 604
[2026-03-31 18:15:05]   Fold 3 split class counts:
[2026-03-31 18:15:05]     train=[16, 16, 16, 16] val=[4, 4, 4, 4] test=[5, 5, 5, 5]
[2026-03-31 18:15:05]   Fold 4 split seed: 605
[2026-03-31 18:15:05]   Fold 4 split class counts:
[2026-03-31 18:15:05]     train=[16, 16, 16, 16] val=[4, 4, 4, 4] test=[5, 5, 5, 5]
[2026-03-31 18:15:05]   Fold 5 split seed: 606
[2026-03-31 18:15:05]   Fold 5 split class counts:
[2026-03-31 18:15:05]     train=[16, 16, 16, 16] val=[4, 4, 4, 4] test=[5, 5, 5, 5]
[2026-03-31 18:15:05]   Subject 51 Fold 1 seed: 5702
[2026-03-31 18:15:05]   Subject 51 Fold 1: n_train=64 n_val=16 n_test=20
[2026-03-31 18:15:05]     Train class counts: [16, 16, 16, 16]
[2026-03-31 18:15:05]     Val class counts:   [4, 4, 4, 4]
[2026-03-31 18:15:05]     Test class counts:  [5, 5, 5, 5]
[2026-03-31 18:15:05] Building model with input window duration: 4.1875 s
[2026-03-31 18:15:05] Pretrained weight loading:
[2026-03-31 18:15:05]   Downloaded keys:        179
[2026-03-31 18:15:05]   Filtered (transformer): 172
[2026-03-31 18:15:05]   Filtered (pos_encoder): 0
[2026-03-31 18:15:05]   Keys to load:           7
[2026-03-31 18:15:05]   Missing keys:           4
[2026-03-31 18:15:05]   Unexpected keys:        0
[2026-03-31 18:15:05]   Missing preview:        ['spatial_conv.1.weight', 'spatial_conv.1.bias', 'final_layer.1.weight', 'final_layer.1.bias']
[2026-03-31 18:15:05]   Unexpected preview:     []
[2026-03-31 18:15:05] Encoder freeze configuration:
[2026-03-31 18:15:05]   Total parameters:        18,192
[2026-03-31 18:15:05]   Trainable parameters:    4,352
[2026-03-31 18:15:05]   Training percentage:     23.9%
[2026-03-31 18:15:05]   Trainable layers: 4
[2026-03-31 18:15:05]     - final_layer.1.bias
[2026-03-31 18:15:05]     - final_layer.1.weight
[2026-03-31 18:15:05]     - spatial_conv.1.bias
[2026-03-31 18:15:05]     - spatial_conv.1.weight
[2026-03-31 18:15:05]     Train generator seeded: True
[2026-03-31 18:15:12]     Stopped epoch:            559
[2026-03-31 18:15:12]     Best epoch (valid_loss):  520
[2026-03-31 18:15:12]     Best valid_loss:          1.3163950443267822
[2026-03-31 18:15:12]     Test accuracy (primary):  0.3500
[2026-03-31 18:15:12]     Test balanced acc:        0.3500
[2026-03-31 18:15:12]     Confusion matrix:         [[2, 1, 1, 1], [0, 3, 1, 1], [0, 5, 0, 0], [0, 2, 1, 2]]
[2026-03-31 18:15:12]     Prediction histogram:     [2, 11, 3, 4]
[2026-03-31 18:15:12]     fold_acc=0.3500 fold_bal_acc=0.3500 cm=[[2, 1, 1, 1], [0, 3, 1, 1], [0, 5, 0, 0], [0, 2, 1, 2]]
[2026-03-31 18:15:12]   Subject 51 Fold 2 seed: 5703
[2026-03-31 18:15:12]   Subject 51 Fold 2: n_train=64 n_val=16 n_test=20
[2026-03-31 18:15:12]     Train class counts: [16, 16, 16, 16]
[2026-03-31 18:15:12]     Val class counts:   [4, 4, 4, 4]
[2026-03-31 18:15:12]     Test class counts:  [5, 5, 5, 5]
[2026-03-31 18:15:12] Building model with input window duration: 4.1875 s
[2026-03-31 18:15:12] Pretrained weight loading:
[2026-03-31 18:15:12]   Downloaded keys:        179
[2026-03-31 18:15:12]   Filtered (transformer): 172
[2026-03-31 18:15:12]   Filtered (pos_encoder): 0
[2026-03-31 18:15:12]   Keys to load:           7
[2026-03-31 18:15:12]   Missing keys:           4
[2026-03-31 18:15:12]   Unexpected keys:        0
[2026-03-31 18:15:12]   Missing preview:        ['spatial_conv.1.weight', 'spatial_conv.1.bias', 'final_layer.1.weight', 'final_layer.1.bias']
[2026-03-31 18:15:12]   Unexpected preview:     []
[2026-03-31 18:15:12] Encoder freeze configuration:
[2026-03-31 18:15:12]   Total parameters:        18,192
[2026-03-31 18:15:12]   Trainable parameters:    4,352
[2026-03-31 18:15:12]   Training percentage:     23.9%
[2026-03-31 18:15:12]   Trainable layers: 4
[2026-03-31 18:15:12]     - final_layer.1.bias
[2026-03-31 18:15:12]     - final_layer.1.weight
[2026-03-31 18:15:12]     - spatial_conv.1.bias
[2026-03-31 18:15:12]     - spatial_conv.1.weight
[2026-03-31 18:15:12]     Train generator seeded: True
[2026-03-31 18:15:13]     Stopped epoch:            51
[2026-03-31 18:15:13]     Best epoch (valid_loss):  8
[2026-03-31 18:15:13]     Best valid_loss:          1.386399745941162
[2026-03-31 18:15:13]     Test accuracy (primary):  0.2500
[2026-03-31 18:15:13]     Test balanced acc:        0.2500
[2026-03-31 18:15:13]     Confusion matrix:         [[0, 0, 5, 0], [0, 0, 5, 0], [0, 0, 5, 0], [0, 0, 5, 0]]
[2026-03-31 18:15:13]     Prediction histogram:     [0, 0, 20, 0]
[2026-03-31 18:15:13]     fold_acc=0.2500 fold_bal_acc=0.2500 cm=[[0, 0, 5, 0], [0, 0, 5, 0], [0, 0, 5, 0], [0, 0, 5, 0]]
[2026-03-31 18:15:13]   Subject 51 Fold 3 seed: 5704
[2026-03-31 18:15:13]   Subject 51 Fold 3: n_train=64 n_val=16 n_test=20
[2026-03-31 18:15:13]     Train class counts: [16, 16, 16, 16]
[2026-03-31 18:15:13]     Val class counts:   [4, 4, 4, 4]
[2026-03-31 18:15:13]     Test class counts:  [5, 5, 5, 5]
[2026-03-31 18:15:13] Building model with input window duration: 4.1875 s
[2026-03-31 18:15:13] Pretrained weight loading:
[2026-03-31 18:15:13]   Downloaded keys:        179
[2026-03-31 18:15:13]   Filtered (transformer): 172
[2026-03-31 18:15:13]   Filtered (pos_encoder): 0
[2026-03-31 18:15:13]   Keys to load:           7
[2026-03-31 18:15:13]   Missing keys:           4
[2026-03-31 18:15:13]   Unexpected keys:        0
[2026-03-31 18:15:13]   Missing preview:        ['spatial_conv.1.weight', 'spatial_conv.1.bias', 'final_layer.1.weight', 'final_layer.1.bias']
[2026-03-31 18:15:13]   Unexpected preview:     []
[2026-03-31 18:15:13] Encoder freeze configuration:
[2026-03-31 18:15:13]   Total parameters:        18,192
[2026-03-31 18:15:13]   Trainable parameters:    4,352
[2026-03-31 18:15:13]   Training percentage:     23.9%
[2026-03-31 18:15:13]   Trainable layers: 4
[2026-03-31 18:15:13]     - final_layer.1.bias
[2026-03-31 18:15:13]     - final_layer.1.weight
[2026-03-31 18:15:13]     - spatial_conv.1.bias
[2026-03-31 18:15:13]     - spatial_conv.1.weight
[2026-03-31 18:15:13]     Train generator seeded: True
[2026-03-31 18:15:14]     Stopped epoch:            51
[2026-03-31 18:15:14]     Best epoch (valid_loss):  37
[2026-03-31 18:15:14]     Best valid_loss:          1.386279821395874
[2026-03-31 18:15:14]     Test accuracy (primary):  0.2500
[2026-03-31 18:15:14]     Test balanced acc:        0.2500
[2026-03-31 18:15:14]     Confusion matrix:         [[5, 0, 0, 0], [5, 0, 0, 0], [5, 0, 0, 0], [5, 0, 0, 0]]
[2026-03-31 18:15:14]     Prediction histogram:     [20, 0, 0, 0]
[2026-03-31 18:15:14]     fold_acc=0.2500 fold_bal_acc=0.2500 cm=[[5, 0, 0, 0], [5, 0, 0, 0], [5, 0, 0, 0], [5, 0, 0, 0]]
[2026-03-31 18:15:14]   Subject 51 Fold 4 seed: 5705
[2026-03-31 18:15:14]   Subject 51 Fold 4: n_train=64 n_val=16 n_test=20
[2026-03-31 18:15:14]     Train class counts: [16, 16, 16, 16]
[2026-03-31 18:15:14]     Val class counts:   [4, 4, 4, 4]
[2026-03-31 18:15:14]     Test class counts:  [5, 5, 5, 5]
[2026-03-31 18:15:14] Building model with input window duration: 4.1875 s
[2026-03-31 18:15:14] Pretrained weight loading:
[2026-03-31 18:15:14]   Downloaded keys:        179
[2026-03-31 18:15:14]   Filtered (transformer): 172
[2026-03-31 18:15:14]   Filtered (pos_encoder): 0
[2026-03-31 18:15:14]   Keys to load:           7
[2026-03-31 18:15:14]   Missing keys:           4
[2026-03-31 18:15:14]   Unexpected keys:        0
[2026-03-31 18:15:14]   Missing preview:        ['spatial_conv.1.weight', 'spatial_conv.1.bias', 'final_layer.1.weight', 'final_layer.1.bias']
[2026-03-31 18:15:14]   Unexpected preview:     []
[2026-03-31 18:15:14] Encoder freeze configuration:
[2026-03-31 18:15:14]   Total parameters:        18,192
[2026-03-31 18:15:14]   Trainable parameters:    4,352
[2026-03-31 18:15:14]   Training percentage:     23.9%
[2026-03-31 18:15:14]   Trainable layers: 4
[2026-03-31 18:15:14]     - final_layer.1.bias
[2026-03-31 18:15:14]     - final_layer.1.weight
[2026-03-31 18:15:14]     - spatial_conv.1.bias
[2026-03-31 18:15:14]     - spatial_conv.1.weight
[2026-03-31 18:15:14]     Train generator seeded: True
[2026-03-31 18:15:14]     Stopped epoch:            51
[2026-03-31 18:15:14]     Best epoch (valid_loss):  1
[2026-03-31 18:15:14]     Best valid_loss:          1.3863229751586914
[2026-03-31 18:15:14]     Test accuracy (primary):  0.2500
[2026-03-31 18:15:14]     Test balanced acc:        0.2500
[2026-03-31 18:15:14]     Confusion matrix:         [[0, 0, 0, 5], [0, 0, 0, 5], [0, 0, 0, 5], [0, 0, 0, 5]]
[2026-03-31 18:15:14]     Prediction histogram:     [0, 0, 0, 20]
[2026-03-31 18:15:14]     fold_acc=0.2500 fold_bal_acc=0.2500 cm=[[0, 0, 0, 5], [0, 0, 0, 5], [0, 0, 0, 5], [0, 0, 0, 5]]
[2026-03-31 18:15:14]   Subject 51 Fold 5 seed: 5706
[2026-03-31 18:15:14]   Subject 51 Fold 5: n_train=64 n_val=16 n_test=20
[2026-03-31 18:15:14]     Train class counts: [16, 16, 16, 16]
[2026-03-31 18:15:14]     Val class counts:   [4, 4, 4, 4]
[2026-03-31 18:15:14]     Test class counts:  [5, 5, 5, 5]
[2026-03-31 18:15:14] Building model with input window duration: 4.1875 s
[2026-03-31 18:15:14] Pretrained weight loading:
[2026-03-31 18:15:14]   Downloaded keys:        179
[2026-03-31 18:15:14]   Filtered (transformer): 172
[2026-03-31 18:15:14]   Filtered (pos_encoder): 0
[2026-03-31 18:15:14]   Keys to load:           7
[2026-03-31 18:15:14]   Missing keys:           4
[2026-03-31 18:15:14]   Unexpected keys:        0
[2026-03-31 18:15:14]   Missing preview:        ['spatial_conv.1.weight', 'spatial_conv.1.bias', 'final_layer.1.weight', 'final_layer.1.bias']
[2026-03-31 18:15:14]   Unexpected preview:     []
[2026-03-31 18:15:14] Encoder freeze configuration:
[2026-03-31 18:15:14]   Total parameters:        18,192
[2026-03-31 18:15:14]   Trainable parameters:    4,352
[2026-03-31 18:15:14]   Training percentage:     23.9%
[2026-03-31 18:15:14]   Trainable layers: 4
[2026-03-31 18:15:14]     - final_layer.1.bias
[2026-03-31 18:15:14]     - final_layer.1.weight
[2026-03-31 18:15:14]     - spatial_conv.1.bias
[2026-03-31 18:15:14]     - spatial_conv.1.weight
[2026-03-31 18:15:14]     Train generator seeded: True
[2026-03-31 18:15:17]     Stopped epoch:            250
[2026-03-31 18:15:17]     Best epoch (valid_loss):  200
[2026-03-31 18:15:17]     Best valid_loss:          1.3819376230239868
[2026-03-31 18:15:17]     Test accuracy (primary):  0.4000
[2026-03-31 18:15:17]     Test balanced acc:        0.4000
[2026-03-31 18:15:17]     Confusion matrix:         [[2, 1, 0, 2], [1, 3, 0, 1], [2, 1, 1, 1], [1, 2, 0, 2]]
[2026-03-31 18:15:17]     Prediction histogram:     [6, 7, 1, 6]
[2026-03-31 18:15:17]     fold_acc=0.4000 fold_bal_acc=0.4000 cm=[[2, 1, 0, 2], [1, 3, 0, 1], [2, 1, 1, 1], [1, 2, 0, 2]]
[2026-03-31 18:15:17]   Subject 51 mean accuracy: 0.3000

[2026-03-31 18:15:17] Total folds completed: 5
[2026-03-31 18:15:17] ======================================================================
[2026-03-31 18:15:17] AGGREGATED RESULTS
[2026-03-31 18:15:17] ======================================================================
[2026-03-31 18:15:17]   Subject 51:  acc=0.3000±0.0632  bal_acc=0.3000±0.0632
[2026-03-31 18:15:17] ----------------------------------------------------------------------
[2026-03-31 18:15:17]   OVERALL:      acc=0.3000±0.0632  bal_acc=0.3000±0.0632
[2026-03-31 18:15:17] ======================================================================
[2026-03-31 18:15:17] CV results saved to:      /home/vegorov/Repos/eeg_jepa_research/artifacts/lee-2019-fine-tuning/SSVEP/20260331_1814_746d28b5/cv_results.json
[2026-03-31 18:15:17] Subject metrics saved to: /home/vegorov/Repos/eeg_jepa_research/artifacts/lee-2019-fine-tuning/SSVEP/20260331_1814_746d28b5/subject_metrics.json
[2026-03-31 18:15:17] Global metrics saved to:  /home/vegorov/Repos/eeg_jepa_research/artifacts/lee-2019-fine-tuning/SSVEP/20260331_1814_746d28b5/global_metrics.json
[2026-03-31 18:15:17] Run metadata saved to:    /home/vegorov/Repos/eeg_jepa_research/artifacts/lee-2019-fine-tuning/SSVEP/20260331_1814_746d28b5/run_metadata.json

[2026-03-31 18:15:17] All artifacts in: /home/vegorov/Repos/eeg_jepa_research/artifacts/lee-2019-fine-tuning/SSVEP/20260331_1814_746d28b5

[2026-03-31 18:15:17] ======================================================================
[2026-03-31 18:15:17] EXPERIMENT SUMMARY
[2026-03-31 18:15:17] ======================================================================
[2026-03-31 18:15:17] Run ID:    20260331_1814_746d28b5
[2026-03-31 18:15:17] Artifacts: /home/vegorov/Repos/eeg_jepa_research/artifacts/lee-2019-fine-tuning/SSVEP/20260331_1814_746d28b5

[2026-03-31 18:15:17] Configuration:
[2026-03-31 18:15:17]   Subjects:          [51]
[2026-03-31 18:15:17]   Bandpass:          0.5-40.0 Hz
[2026-03-31 18:15:17]   Resample:          128 Hz
[2026-03-31 18:15:17]   CV folds:          5
[2026-03-31 18:15:17]   Learning rate:     0.001
[2026-03-31 18:15:17]   Batch size:        16
[2026-03-31 18:15:17]   Max epochs:        5000

[2026-03-31 18:15:17] Results:
[2026-03-31 18:15:17]   Mean Accuracy:          0.3000 ± 0.0632
[2026-03-31 18:15:17]   Mean Balanced Accuracy: 0.3000 ± 0.0632
