[2026-04-01 10:19:04] Using device: cpu
[2026-04-01 10:19:04] Seed control enabled: True
[2026-04-01 10:19:04] Base seed: 4022
[2026-04-01 10:19:05] Seed initialized: 4022
[2026-04-01 10:19:05] ======================================================================
[2026-04-01 10:19:05] CONFIGURATION
[2026-04-01 10:19:05] ======================================================================
[2026-04-01 10:19:05]   artifact_dir: /home/vegorov/Repos/eeg_jepa_research/artifacts/lee-2019-fine-tuning
[2026-04-01 10:19:05]   bandpass_high: 40.0
[2026-04-01 10:19:05]   bandpass_low: 0.5
[2026-04-01 10:19:05]   batch_size: 16
[2026-04-01 10:19:05]   convert_to_uV: True
[2026-04-01 10:19:05]   cv_folds: 5
[2026-04-01 10:19:05]   device: auto
[2026-04-01 10:19:05]   early_stopping_patience: 100
[2026-04-01 10:19:05]   learning_rate: 0.001
[2026-04-01 10:19:05]   n_epochs: 5000
[2026-04-01 10:19:05]   normalization_method: None
[2026-04-01 10:19:05]   normalize: False
[2026-04-01 10:19:05]   paradigm: SSVEP
[2026-04-01 10:19:05]   pretrained_url: https://huggingface.co/braindecode/SignalJEPA/resolve/main/signal-jepa_16s-60_adeuwv4s.pth
[2026-04-01 10:19:05]   seed: 4022
[2026-04-01 10:19:05]   set_seed: True
[2026-04-01 10:19:05]   sfreq: 128
[2026-04-01 10:19:05]   subjects_to_use: [51]
[2026-04-01 10:19:05]   val_split: 0.15
[2026-04-01 10:19:05] ======================================================================
[2026-04-01 10:19:05] Config saved to: /home/vegorov/Repos/eeg_jepa_research/artifacts/lee-2019-fine-tuning/SSVEP/20260401_1019_b9dcc666/config.json
[2026-04-01 10:19:05] Epoch window configuration:
[2026-04-01 10:19:05]   Target sfreq:                128 Hz
[2026-04-01 10:19:05]   Target duration:             4.190000 s
[2026-04-01 10:19:05]   Window samples (rounded):    536
[2026-04-01 10:19:05]   Base trial samples (4.0 s):  512
[2026-04-01 10:19:05]   Trial stop offset samples:   24
[2026-04-01 10:19:05]   Effective window duration:   4.187500 s
[2026-04-01 10:19:05] Using specified subjects from config: [51]
[2026-04-01 10:19:05] Selected subjects: [51]
[2026-04-01 10:19:05] Expected evaluation folds: 5

[2026-04-01 10:19:05] Building MOABBDataset for Lee2019_SSVEP...
[2026-04-01 10:19:14] MOABBDataset recordings loaded: 1
[2026-04-01 10:19:14] Discovered annotation descriptions (first recording): [np.str_('12.0'), np.str_('5.45'), np.str_('6.67'), np.str_('8.57')]
[2026-04-01 10:19:14] Dataset event_id mapping: {'12.0': 1, '8.57': 2, '6.67': 3, '5.45': 4}
[2026-04-01 10:19:14] Label map (event_code -> class_index): {1: 0, 2: 1, 3: 2, 4: 3}
[2026-04-01 10:19:14] Applying Braindecode preprocessors to MOABBDataset...
[2026-04-01 10:19:17] Preprocessing complete.

[2026-04-01 10:19:17] Post-preprocessing validation
[2026-04-01 10:19:17]   Recordings in DATASET: 1
[2026-04-01 10:19:17]   Unique subject IDs:    ['51']
[2026-04-01 10:19:17]   sfreq (first rec):     128.0 Hz
[2026-04-01 10:19:17]   EEG channel count:     62
[2026-04-01 10:19:17]   First 10 channels:     ['Fp1', 'Fp2', 'F7', 'F3', 'Fz', 'F4', 'F8', 'FC5', 'FC1', 'FC2']
[2026-04-01 10:19:17] Channel consistency summary:
[2026-04-01 10:19:17]   Checked runs: 1
[2026-04-01 10:19:17]   Unique channel counts: [62]
[2026-04-01 10:19:17]   Channel order consistent: True
[2026-04-01 10:19:17] Validated EEG channels: 62
[2026-04-01 10:19:17] First 10 EEG channels: ['Fp1', 'Fp2', 'F7', 'F3', 'Fz', 'F4', 'F8', 'FC5', 'FC1', 'FC2']
[2026-04-01 10:19:17] raw mean_abs=8.654730e+00
[2026-04-01 10:19:17] raw std=3.494582e+01
[2026-04-01 10:19:17] raw first5 channel std= [46.22404553 54.63339771 16.95830183 13.82897057 11.24366025]
[2026-04-01 10:19:17] Requested window samples: 536
[2026-04-01 10:19:17] Base trial samples:       512
[2026-04-01 10:19:17] Stop offset samples:      24
[2026-04-01 10:19:17] Global class counts: [25, 25, 25, 25]
[2026-04-01 10:19:17] Chance level (4-class): 0.25
[2026-04-01 10:19:17] One window shape: (62, 536)
[2026-04-01 10:19:17] One window label: 1
[2026-04-01 10:19:17] Window sample length expected=536, got=536
[2026-04-01 10:19:17] Subjects in window split: [51]
[2026-04-01 10:19:17] Summarizing per-subject windows...
[2026-04-01 10:19:17]   Subject 51: n_windows=100, window_shape=(62, 536), class_counts=[25, 25, 25, 25]
[2026-04-01 10:19:17]    subject_id  n_windows  n_channels  n_times      class_counts
0          51        100          62      536  [25, 25, 25, 25]
[2026-04-01 10:19:17] Window validation summary:
[2026-04-01 10:19:17]   Subject 51: n_windows=100 class_counts=[25, 25, 25, 25]

[2026-04-01 10:19:17] Validated sampling rate target: 128 Hz
[2026-04-01 10:19:17] Validated window sample count:   536
[2026-04-01 10:19:17] Validated window duration:       4.1875 s
[2026-04-01 10:19:17] Validated channel count:         62
[2026-04-01 10:19:17] Total windows retained:          100
[2026-04-01 10:19:17] Preprocessing sanity checks:
[2026-04-01 10:19:17]   One sample label: 1
[2026-04-01 10:19:17]   One sample shape: (62, 536)
[2026-04-01 10:19:17]   Mean(abs(signal)): 4.094026e+00
[2026-04-01 10:19:17]   Mean(signal):      7.346552e-09
[2026-04-01 10:19:17]   Std(signal):       5.860601e+00
[2026-04-01 10:19:17] Building model with input window duration: 4.1875 s
[2026-04-01 10:19:17] SignalJEPA_PreLocal instantiated successfully.
[2026-04-01 10:19:17]   Total parameters:     18,192
[2026-04-01 10:19:17]   Trainable parameters: 18,192
[2026-04-01 10:19:17] ======================================================================================================================================================
Layer (type (var_name):depth-idx)                  Input Shape               Output Shape              Param #                   Kernel Shape
======================================================================================================================================================
SignalJEPA_PreLocal (SignalJEPA_PreLocal)          [1, 62, 536]              [1, 4]                    --                        --
├─Sequential (spatial_conv): 1-1                   [1, 62, 536]              [1, 4, 536]               --                        --
│    └─Rearrange (0): 2-1                          [1, 62, 536]              [1, 1, 62, 536]           --                        --
│    └─Conv2d (1): 2-2                             [1, 1, 62, 536]           [1, 4, 1, 536]            252                       [62, 1]
│    └─Rearrange (2): 2-3                          [1, 4, 1, 536]            [1, 4, 536]               --                        --
├─_ConvFeatureEncoder (feature_encoder): 1-2       [1, 4, 536]               [1, 16, 64]               --                        --
│    └─Rearrange (0): 2-4                          [1, 4, 536]               [4, 1, 536]               --                        --
│    └─Sequential (1): 2-5                         [4, 1, 536]               [4, 8, 64]                --                        --
│    │    └─Conv1d (0): 3-1                        [4, 1, 536]               [4, 8, 64]                256                       [32]
│    │    └─Dropout (1): 3-2                       [4, 8, 64]                [4, 8, 64]                --                        --
│    │    └─GroupNorm (2): 3-3                     [4, 8, 64]                [4, 8, 64]                16                        --
│    │    └─GELU (3): 3-4                          [4, 8, 64]                [4, 8, 64]                --                        --
│    └─Sequential (2): 2-6                         [4, 8, 64]                [4, 16, 32]               --                        --
│    │    └─Conv1d (0): 3-5                        [4, 8, 64]                [4, 16, 32]               256                       [2]
│    │    └─Dropout (1): 3-6                       [4, 16, 32]               [4, 16, 32]               --                        --
│    │    └─GELU (2): 3-7                          [4, 16, 32]               [4, 16, 32]               --                        --
│    └─Sequential (3): 2-7                         [4, 16, 32]               [4, 32, 16]               --                        --
│    │    └─Conv1d (0): 3-8                        [4, 16, 32]               [4, 32, 16]               1,024                     [2]
│    │    └─Dropout (1): 3-9                       [4, 32, 16]               [4, 32, 16]               --                        --
│    │    └─GELU (2): 3-10                         [4, 32, 16]               [4, 32, 16]               --                        --
│    └─Sequential (4): 2-8                         [4, 32, 16]               [4, 64, 8]                --                        --
│    │    └─Conv1d (0): 3-11                       [4, 32, 16]               [4, 64, 8]                4,096                     [2]
│    │    └─Dropout (1): 3-12                      [4, 64, 8]                [4, 64, 8]                --                        --
│    │    └─GELU (2): 3-13                         [4, 64, 8]                [4, 64, 8]                --                        --
│    └─Sequential (5): 2-9                         [4, 64, 8]                [4, 64, 4]                --                        --
│    │    └─Conv1d (0): 3-14                       [4, 64, 8]                [4, 64, 4]                8,192                     [2]
│    │    └─Dropout (1): 3-15                      [4, 64, 4]                [4, 64, 4]                --                        --
│    │    └─GELU (2): 3-16                         [4, 64, 4]                [4, 64, 4]                --                        --
│    └─Rearrange (6): 2-10                         [4, 64, 4]                [1, 16, 64]               --                        --
├─Sequential (final_layer): 1-3                    [1, 16, 64]               [1, 4]                    --                        --
│    └─Flatten (0): 2-11                           [1, 16, 64]               [1, 1024]                 --                        --
│    └─Linear (1): 2-12                            [1, 1024]                 [1, 4]                    4,100                     --
======================================================================================================================================================
Total params: 18,192
Trainable params: 18,192
Non-trainable params: 0
Total mult-adds (Units.MEGABYTES): 0.57
======================================================================================================================================================
Input size (MB): 0.13
Forward/backward pass size (MB): 0.11
Params size (MB): 0.07
Estimated Total Size (MB): 0.31
======================================================================================================================================================
[2026-04-01 10:19:17] Initializing from 16s-60 pretrained checkpoint (Hugging Face):
[2026-04-01 10:19:17]   https://huggingface.co/braindecode/SignalJEPA/resolve/main/signal-jepa_16s-60_adeuwv4s.pth
[2026-04-01 10:19:17]   Downloaded 179 keys
[2026-04-01 10:19:17] ======================================================================
[2026-04-01 10:19:17] STARTING CROSS-VALIDATION
[2026-04-01 10:19:17] ======================================================================
[2026-04-01 10:19:17] Subjects:      [51]
[2026-04-01 10:19:17] CV folds:      5
[2026-04-01 10:19:17] Batch size:    16
[2026-04-01 10:19:17] Max epochs:    5000
[2026-04-01 10:19:17] Device:        cpu
[2026-04-01 10:19:17] Seed control:  True
[2026-04-01 10:19:17] Base seed:     4022
[2026-04-01 10:19:17] ======================================================================

[2026-04-01 10:19:17] Subject 51: 100 windows class_counts=[25, 25, 25, 25]
[2026-04-01 10:19:17]   Fold 1 split seed: 4023
[2026-04-01 10:19:17]   Fold 1 split class counts:
[2026-04-01 10:19:17]     train=[17, 17, 17, 17] val=[3, 3, 3, 3] test=[5, 5, 5, 5]
[2026-04-01 10:19:17]   Fold 2 split seed: 4024
[2026-04-01 10:19:17]   Fold 2 split class counts:
[2026-04-01 10:19:17]     train=[17, 17, 17, 17] val=[3, 3, 3, 3] test=[5, 5, 5, 5]
[2026-04-01 10:19:17]   Fold 3 split seed: 4025
[2026-04-01 10:19:17]   Fold 3 split class counts:
[2026-04-01 10:19:17]     train=[17, 17, 17, 17] val=[3, 3, 3, 3] test=[5, 5, 5, 5]
[2026-04-01 10:19:17]   Fold 4 split seed: 4026
[2026-04-01 10:19:17]   Fold 4 split class counts:
[2026-04-01 10:19:17]     train=[17, 17, 17, 17] val=[3, 3, 3, 3] test=[5, 5, 5, 5]
[2026-04-01 10:19:17]   Fold 5 split seed: 4027
[2026-04-01 10:19:17]   Fold 5 split class counts:
[2026-04-01 10:19:17]     train=[17, 17, 17, 17] val=[3, 3, 3, 3] test=[5, 5, 5, 5]
[2026-04-01 10:19:17]   Subject 51 Fold 1 seed: 9123
[2026-04-01 10:19:17]   Subject 51 Fold 1: n_train=68 n_val=12 n_test=20
[2026-04-01 10:19:17]     Train class counts: [17, 17, 17, 17]
[2026-04-01 10:19:17]     Val class counts:   [3, 3, 3, 3]
[2026-04-01 10:19:17]     Test class counts:  [5, 5, 5, 5]
[2026-04-01 10:19:17] Building model with input window duration: 4.1875 s
[2026-04-01 10:19:17] Pretrained weight loading:
[2026-04-01 10:19:17]   Downloaded keys:        179
[2026-04-01 10:19:17]   Filtered (transformer): 172
[2026-04-01 10:19:17]   Filtered (pos_encoder): 0
[2026-04-01 10:19:17]   Keys to load:           7
[2026-04-01 10:19:17]   Missing keys:           4
[2026-04-01 10:19:17]   Unexpected keys:        0
[2026-04-01 10:19:17]   Missing preview:        ['spatial_conv.1.weight', 'spatial_conv.1.bias', 'final_layer.1.weight', 'final_layer.1.bias']
[2026-04-01 10:19:17]   Unexpected preview:     []
[2026-04-01 10:19:17] Encoder freeze configuration:
[2026-04-01 10:19:17]   Total parameters:        18,192
[2026-04-01 10:19:17]   Trainable parameters:    4,352
[2026-04-01 10:19:17]   Training percentage:     23.9%
[2026-04-01 10:19:17]   Trainable layers: 4
[2026-04-01 10:19:17]     - final_layer.1.bias
[2026-04-01 10:19:17]     - final_layer.1.weight
[2026-04-01 10:19:17]     - spatial_conv.1.bias
[2026-04-01 10:19:17]     - spatial_conv.1.weight
[2026-04-01 10:19:17]     Train generator seeded: True
[2026-04-01 10:19:18]     Stopped epoch:            101
[2026-04-01 10:19:18]     Best epoch (valid_loss):  1
[2026-04-01 10:19:18]     Best valid_loss:          1.3841668367385864
[2026-04-01 10:19:18]     Test accuracy (primary):  0.3500
[2026-04-01 10:19:18]     Test balanced acc:        0.3500
[2026-04-01 10:19:18]     Confusion matrix:         [[3, 2, 0, 0], [3, 0, 0, 2], [2, 0, 0, 3], [0, 1, 0, 4]]
[2026-04-01 10:19:18]     Prediction histogram:     [8, 3, 0, 9]
[2026-04-01 10:19:18]     fold_acc=0.3500 fold_bal_acc=0.3500 cm=[[3, 2, 0, 0], [3, 0, 0, 2], [2, 0, 0, 3], [0, 1, 0, 4]]
[2026-04-01 10:19:18]   Subject 51 Fold 2 seed: 9124
[2026-04-01 10:19:18]   Subject 51 Fold 2: n_train=68 n_val=12 n_test=20
[2026-04-01 10:19:18]     Train class counts: [17, 17, 17, 17]
[2026-04-01 10:19:18]     Val class counts:   [3, 3, 3, 3]
[2026-04-01 10:19:18]     Test class counts:  [5, 5, 5, 5]
[2026-04-01 10:19:18] Building model with input window duration: 4.1875 s
[2026-04-01 10:19:18] Pretrained weight loading:
[2026-04-01 10:19:18]   Downloaded keys:        179
[2026-04-01 10:19:18]   Filtered (transformer): 172
[2026-04-01 10:19:18]   Filtered (pos_encoder): 0
[2026-04-01 10:19:18]   Keys to load:           7
[2026-04-01 10:19:18]   Missing keys:           4
[2026-04-01 10:19:18]   Unexpected keys:        0
[2026-04-01 10:19:18]   Missing preview:        ['spatial_conv.1.weight', 'spatial_conv.1.bias', 'final_layer.1.weight', 'final_layer.1.bias']
[2026-04-01 10:19:18]   Unexpected preview:     []
[2026-04-01 10:19:18] Encoder freeze configuration:
[2026-04-01 10:19:18]   Total parameters:        18,192
[2026-04-01 10:19:18]   Trainable parameters:    4,352
[2026-04-01 10:19:18]   Training percentage:     23.9%
[2026-04-01 10:19:18]   Trainable layers: 4
[2026-04-01 10:19:18]     - final_layer.1.bias
[2026-04-01 10:19:18]     - final_layer.1.weight
[2026-04-01 10:19:18]     - spatial_conv.1.bias
[2026-04-01 10:19:18]     - spatial_conv.1.weight
[2026-04-01 10:19:18]     Train generator seeded: True
[2026-04-01 10:19:19]     Stopped epoch:            108
[2026-04-01 10:19:19]     Best epoch (valid_loss):  9
[2026-04-01 10:19:19]     Best valid_loss:          1.3859323263168335
[2026-04-01 10:19:19]     Test accuracy (primary):  0.4000
[2026-04-01 10:19:19]     Test balanced acc:        0.4000
[2026-04-01 10:19:19]     Confusion matrix:         [[1, 2, 2, 0], [1, 2, 2, 0], [1, 0, 4, 0], [0, 1, 3, 1]]
[2026-04-01 10:19:19]     Prediction histogram:     [3, 5, 11, 1]
[2026-04-01 10:19:19]     fold_acc=0.4000 fold_bal_acc=0.4000 cm=[[1, 2, 2, 0], [1, 2, 2, 0], [1, 0, 4, 0], [0, 1, 3, 1]]
[2026-04-01 10:19:19]   Subject 51 Fold 3 seed: 9125
[2026-04-01 10:19:19]   Subject 51 Fold 3: n_train=68 n_val=12 n_test=20
[2026-04-01 10:19:19]     Train class counts: [17, 17, 17, 17]
[2026-04-01 10:19:19]     Val class counts:   [3, 3, 3, 3]
[2026-04-01 10:19:19]     Test class counts:  [5, 5, 5, 5]
[2026-04-01 10:19:19] Building model with input window duration: 4.1875 s
[2026-04-01 10:19:19] Pretrained weight loading:
[2026-04-01 10:19:19]   Downloaded keys:        179
[2026-04-01 10:19:19]   Filtered (transformer): 172
[2026-04-01 10:19:19]   Filtered (pos_encoder): 0
[2026-04-01 10:19:19]   Keys to load:           7
[2026-04-01 10:19:19]   Missing keys:           4
[2026-04-01 10:19:19]   Unexpected keys:        0
[2026-04-01 10:19:19]   Missing preview:        ['spatial_conv.1.weight', 'spatial_conv.1.bias', 'final_layer.1.weight', 'final_layer.1.bias']
[2026-04-01 10:19:19]   Unexpected preview:     []
[2026-04-01 10:19:19] Encoder freeze configuration:
[2026-04-01 10:19:19]   Total parameters:        18,192
[2026-04-01 10:19:19]   Trainable parameters:    4,352
[2026-04-01 10:19:19]   Training percentage:     23.9%
[2026-04-01 10:19:19]   Trainable layers: 4
[2026-04-01 10:19:19]     - final_layer.1.bias
[2026-04-01 10:19:19]     - final_layer.1.weight
[2026-04-01 10:19:19]     - spatial_conv.1.bias
[2026-04-01 10:19:19]     - spatial_conv.1.weight
[2026-04-01 10:19:19]     Train generator seeded: True
[2026-04-01 10:19:21]     Stopped epoch:            163
[2026-04-01 10:19:21]     Best epoch (valid_loss):  64
[2026-04-01 10:19:21]     Best valid_loss:          1.3608046770095825
[2026-04-01 10:19:21]     Test accuracy (primary):  0.3500
[2026-04-01 10:19:21]     Test balanced acc:        0.3500
[2026-04-01 10:19:21]     Confusion matrix:         [[1, 1, 2, 1], [1, 1, 2, 1], [2, 0, 2, 1], [2, 0, 0, 3]]
[2026-04-01 10:19:21]     Prediction histogram:     [6, 2, 6, 6]
[2026-04-01 10:19:21]     fold_acc=0.3500 fold_bal_acc=0.3500 cm=[[1, 1, 2, 1], [1, 1, 2, 1], [2, 0, 2, 1], [2, 0, 0, 3]]
[2026-04-01 10:19:21]   Subject 51 Fold 4 seed: 9126
[2026-04-01 10:19:21]   Subject 51 Fold 4: n_train=68 n_val=12 n_test=20
[2026-04-01 10:19:21]     Train class counts: [17, 17, 17, 17]
[2026-04-01 10:19:21]     Val class counts:   [3, 3, 3, 3]
[2026-04-01 10:19:21]     Test class counts:  [5, 5, 5, 5]
[2026-04-01 10:19:21] Building model with input window duration: 4.1875 s
[2026-04-01 10:19:21] Pretrained weight loading:
[2026-04-01 10:19:21]   Downloaded keys:        179
[2026-04-01 10:19:21]   Filtered (transformer): 172
[2026-04-01 10:19:21]   Filtered (pos_encoder): 0
[2026-04-01 10:19:21]   Keys to load:           7
[2026-04-01 10:19:21]   Missing keys:           4
[2026-04-01 10:19:21]   Unexpected keys:        0
[2026-04-01 10:19:21]   Missing preview:        ['spatial_conv.1.weight', 'spatial_conv.1.bias', 'final_layer.1.weight', 'final_layer.1.bias']
[2026-04-01 10:19:21]   Unexpected preview:     []
[2026-04-01 10:19:21] Encoder freeze configuration:
[2026-04-01 10:19:21]   Total parameters:        18,192
[2026-04-01 10:19:21]   Trainable parameters:    4,352
[2026-04-01 10:19:21]   Training percentage:     23.9%
[2026-04-01 10:19:21]   Trainable layers: 4
[2026-04-01 10:19:21]     - final_layer.1.bias
[2026-04-01 10:19:21]     - final_layer.1.weight
[2026-04-01 10:19:21]     - spatial_conv.1.bias
[2026-04-01 10:19:21]     - spatial_conv.1.weight
[2026-04-01 10:19:21]     Train generator seeded: True
[2026-04-01 10:19:24]     Stopped epoch:            211
[2026-04-01 10:19:24]     Best epoch (valid_loss):  111
[2026-04-01 10:19:24]     Best valid_loss:          1.341169834136963
[2026-04-01 10:19:24]     Test accuracy (primary):  0.3000
[2026-04-01 10:19:24]     Test balanced acc:        0.3000
[2026-04-01 10:19:24]     Confusion matrix:         [[1, 0, 0, 4], [1, 2, 1, 1], [0, 1, 2, 2], [0, 1, 3, 1]]
[2026-04-01 10:19:24]     Prediction histogram:     [2, 4, 6, 8]
[2026-04-01 10:19:24]     fold_acc=0.3000 fold_bal_acc=0.3000 cm=[[1, 0, 0, 4], [1, 2, 1, 1], [0, 1, 2, 2], [0, 1, 3, 1]]
[2026-04-01 10:19:24]   Subject 51 Fold 5 seed: 9127
[2026-04-01 10:19:24]   Subject 51 Fold 5: n_train=68 n_val=12 n_test=20
[2026-04-01 10:19:24]     Train class counts: [17, 17, 17, 17]
[2026-04-01 10:19:24]     Val class counts:   [3, 3, 3, 3]
[2026-04-01 10:19:24]     Test class counts:  [5, 5, 5, 5]
[2026-04-01 10:19:24] Building model with input window duration: 4.1875 s
[2026-04-01 10:19:24] Pretrained weight loading:
[2026-04-01 10:19:24]   Downloaded keys:        179
[2026-04-01 10:19:24]   Filtered (transformer): 172
[2026-04-01 10:19:24]   Filtered (pos_encoder): 0
[2026-04-01 10:19:24]   Keys to load:           7
[2026-04-01 10:19:24]   Missing keys:           4
[2026-04-01 10:19:24]   Unexpected keys:        0
[2026-04-01 10:19:24]   Missing preview:        ['spatial_conv.1.weight', 'spatial_conv.1.bias', 'final_layer.1.weight', 'final_layer.1.bias']
[2026-04-01 10:19:24]   Unexpected preview:     []
[2026-04-01 10:19:24] Encoder freeze configuration:
[2026-04-01 10:19:24]   Total parameters:        18,192
[2026-04-01 10:19:24]   Trainable parameters:    4,352
[2026-04-01 10:19:24]   Training percentage:     23.9%
[2026-04-01 10:19:24]   Trainable layers: 4
[2026-04-01 10:19:24]     - final_layer.1.bias
[2026-04-01 10:19:24]     - final_layer.1.weight
[2026-04-01 10:19:24]     - spatial_conv.1.bias
[2026-04-01 10:19:24]     - spatial_conv.1.weight
[2026-04-01 10:19:24]     Train generator seeded: True
[2026-04-01 10:19:28]     Stopped epoch:            317
[2026-04-01 10:19:28]     Best epoch (valid_loss):  217
[2026-04-01 10:19:28]     Best valid_loss:          1.3042666912078857
[2026-04-01 10:19:28]     Test accuracy (primary):  0.1500
[2026-04-01 10:19:28]     Test balanced acc:        0.1500
[2026-04-01 10:19:28]     Confusion matrix:         [[0, 1, 2, 2], [3, 1, 0, 1], [0, 2, 1, 2], [0, 3, 1, 1]]
[2026-04-01 10:19:28]     Prediction histogram:     [3, 7, 4, 6]
[2026-04-01 10:19:28]     fold_acc=0.1500 fold_bal_acc=0.1500 cm=[[0, 1, 2, 2], [3, 1, 0, 1], [0, 2, 1, 2], [0, 3, 1, 1]]
[2026-04-01 10:19:28]   Subject 51 mean accuracy: 0.3100

[2026-04-01 10:19:28] Total folds completed: 5
[2026-04-01 10:19:28] ======================================================================
[2026-04-01 10:19:28] AGGREGATED RESULTS
[2026-04-01 10:19:28] ======================================================================
[2026-04-01 10:19:28]   Subject 51:  acc=0.3100±0.0860  bal_acc=0.3100±0.0860
[2026-04-01 10:19:28] ----------------------------------------------------------------------
[2026-04-01 10:19:28]   OVERALL:      acc=0.3100±0.0860  bal_acc=0.3100±0.0860
[2026-04-01 10:19:28] ======================================================================
[2026-04-01 10:19:28] CV results saved to:      /home/vegorov/Repos/eeg_jepa_research/artifacts/lee-2019-fine-tuning/SSVEP/20260401_1019_b9dcc666/cv_results.json
[2026-04-01 10:19:28] Subject metrics saved to: /home/vegorov/Repos/eeg_jepa_research/artifacts/lee-2019-fine-tuning/SSVEP/20260401_1019_b9dcc666/subject_metrics.json
[2026-04-01 10:19:28] Global metrics saved to:  /home/vegorov/Repos/eeg_jepa_research/artifacts/lee-2019-fine-tuning/SSVEP/20260401_1019_b9dcc666/global_metrics.json
[2026-04-01 10:19:28] Run metadata saved to:    /home/vegorov/Repos/eeg_jepa_research/artifacts/lee-2019-fine-tuning/SSVEP/20260401_1019_b9dcc666/run_metadata.json

[2026-04-01 10:19:28] All artifacts in: /home/vegorov/Repos/eeg_jepa_research/artifacts/lee-2019-fine-tuning/SSVEP/20260401_1019_b9dcc666

[2026-04-01 10:19:28] ======================================================================
[2026-04-01 10:19:28] EXPERIMENT SUMMARY
[2026-04-01 10:19:28] ======================================================================
[2026-04-01 10:19:28] Run ID:    20260401_1019_b9dcc666
[2026-04-01 10:19:28] Artifacts: /home/vegorov/Repos/eeg_jepa_research/artifacts/lee-2019-fine-tuning/SSVEP/20260401_1019_b9dcc666

[2026-04-01 10:19:28] Configuration:
[2026-04-01 10:19:28]   Subjects:          [51]
[2026-04-01 10:19:28]   Bandpass:          0.5-40.0 Hz
[2026-04-01 10:19:28]   Resample:          128 Hz
[2026-04-01 10:19:28]   CV folds:          5
[2026-04-01 10:19:28]   Learning rate:     0.001
[2026-04-01 10:19:28]   Batch size:        16
[2026-04-01 10:19:28]   Max epochs:        5000

[2026-04-01 10:19:28] Results:
[2026-04-01 10:19:28]   Mean Accuracy:          0.3100 ± 0.0860
[2026-04-01 10:19:28]   Mean Balanced Accuracy: 0.3100 ± 0.0860
