[2026-04-03 11:51:02] Using device: mps
[2026-04-03 11:51:02] Seed control enabled: True
[2026-04-03 11:51:02] Base seed: 42
[2026-04-03 11:51:03] Seed initialized: 42
[2026-04-03 11:51:03] ======================================================================
[2026-04-03 11:51:03] CONFIGURATION
[2026-04-03 11:51:03] ======================================================================
[2026-04-03 11:51:03]   artifact_dir: /Users/vadim/Documents/School/Spring 2026/CSCE A698 Individual Research/EEG_JEPA/artifacts/lee-2019-fine-tuning
[2026-04-03 11:51:03]   bandpass_high: 40.0
[2026-04-03 11:51:03]   bandpass_low: 0.5
[2026-04-03 11:51:03]   batch_size: 32
[2026-04-03 11:51:03]   convert_to_uV: True
[2026-04-03 11:51:03]   criterion: CrossEntropyLoss
[2026-04-03 11:51:03]   cv_folds: 5
[2026-04-03 11:51:03]   device: auto
[2026-04-03 11:51:03]   early_stopping_patience: 50
[2026-04-03 11:51:03]   learning_rate: 0.001
[2026-04-03 11:51:03]   n_epochs: 5000
[2026-04-03 11:51:03]   normalization_method: None
[2026-04-03 11:51:03]   normalize: False
[2026-04-03 11:51:03]   optimizer: Adam
[2026-04-03 11:51:03]   paradigm: SSVEP
[2026-04-03 11:51:03]   pretrained_url: https://huggingface.co/braindecode/SignalJEPA/resolve/main/signal-jepa_16s-60_adeuwv4s.pth
[2026-04-03 11:51:03]   seed: 42
[2026-04-03 11:51:03]   set_eeg_reference: False
[2026-04-03 11:51:03]   set_seed: True
[2026-04-03 11:51:03]   sfreq: 128
[2026-04-03 11:51:03]   subjects_to_use: [51]
[2026-04-03 11:51:03]   val_split: 0.2
[2026-04-03 11:51:03] ======================================================================
[2026-04-03 11:51:03] Config saved to: /Users/vadim/Documents/School/Spring 2026/CSCE A698 Individual Research/EEG_JEPA/artifacts/lee-2019-fine-tuning/SSVEP/20260403_1151_47dfd8b8/config.json
[2026-04-03 11:51:03] Epoch window configuration:
[2026-04-03 11:51:03]   Target sfreq:                128 Hz
[2026-04-03 11:51:03]   Target duration:             4.190000 s
[2026-04-03 11:51:03]   Window samples (rounded):    536
[2026-04-03 11:51:03]   Base trial samples (4.0 s):  512
[2026-04-03 11:51:03]   Trial stop offset samples:   24
[2026-04-03 11:51:03]   Effective window duration:   4.187500 s
[2026-04-03 11:51:03] Using specified subjects from config: [51]
[2026-04-03 11:51:03] Selected subjects: [51]
[2026-04-03 11:51:03] Expected evaluation folds: 5

[2026-04-03 11:51:03] Building MOABBDataset for Lee2019_SSVEP...
[2026-04-03 11:51:15] MOABBDataset recordings loaded: 2
[2026-04-03 11:51:15] Discovered annotation descriptions (first recording): [np.str_('12.0'), np.str_('5.45'), np.str_('6.67'), np.str_('8.57')]
[2026-04-03 11:51:15] Dataset event_id mapping: {'12.0': 1, '8.57': 2, '6.67': 3, '5.45': 4}
[2026-04-03 11:51:15] Label map (event_code -> class_index): {1: 0, 2: 1, 3: 2, 4: 3}
[2026-04-03 11:51:15] Applying Braindecode preprocessors to MOABBDataset...
[2026-04-03 11:51:22] Preprocessing complete.

[2026-04-03 11:51:22] Post-preprocessing validation
[2026-04-03 11:51:22]   Recordings in DATASET: 2
[2026-04-03 11:51:22]   Unique subject IDs:    ['51']
[2026-04-03 11:51:22]   sfreq (first rec):     128.0 Hz
[2026-04-03 11:51:22]   EEG channel count:     62
[2026-04-03 11:51:22]   First 10 channels:     ['Fp1', 'Fp2', 'F7', 'F3', 'Fz', 'F4', 'F8', 'FC5', 'FC1', 'FC2']
[2026-04-03 11:51:22] Channel consistency summary:
[2026-04-03 11:51:22]   Checked runs: 2
[2026-04-03 11:51:22]   Unique channel counts: [62]
[2026-04-03 11:51:22]   Channel order consistent: True
[2026-04-03 11:51:22] Validated EEG channels: 62
[2026-04-03 11:51:22] First 10 EEG channels: ['Fp1', 'Fp2', 'F7', 'F3', 'Fz', 'F4', 'F8', 'FC5', 'FC1', 'FC2']
[2026-04-03 11:51:22] raw mean_abs=1.210105e+01
[2026-04-03 11:51:22] raw std=3.577291e+01
[2026-04-03 11:51:22] raw first5 channel std= [43.63214183 66.58406981 26.39887872 26.1447231  26.16118027]
[2026-04-03 11:51:22] Requested window samples: 536
[2026-04-03 11:51:22] Base trial samples:       512
[2026-04-03 11:51:22] Stop offset samples:      24
[2026-04-03 11:51:22] Global class counts: [50, 50, 50, 50]
[2026-04-03 11:51:22] Chance level (4-class): 0.25
[2026-04-03 11:51:22] One window shape: (62, 536)
[2026-04-03 11:51:22] One window label: 2
[2026-04-03 11:51:22] Window sample length expected=536, got=536
[2026-04-03 11:51:22] Subjects in window split: [51]
[2026-04-03 11:51:22] Summarizing per-subject windows...
[2026-04-03 11:51:22]   Subject 51: n_windows=200, window_shape=(62, 536), class_counts=[50, 50, 50, 50]
[2026-04-03 11:51:22]    subject_id  n_windows  n_channels  n_times      class_counts
0          51        200          62      536  [50, 50, 50, 50]
[2026-04-03 11:51:22] Window validation summary:
[2026-04-03 11:51:22]   Subject 51: n_windows=200 class_counts=[50, 50, 50, 50]

[2026-04-03 11:51:22] Validated sampling rate target: 128 Hz
[2026-04-03 11:51:22] Validated window sample count:   536
[2026-04-03 11:51:22] Validated window duration:       4.1875 s
[2026-04-03 11:51:22] Validated channel count:         62
[2026-04-03 11:51:22] Total windows retained:          200
[2026-04-03 11:51:22] Preprocessing sanity checks:
[2026-04-03 11:51:22]   One sample label: 2
[2026-04-03 11:51:22]   One sample shape: (62, 536)
[2026-04-03 11:51:22]   Mean(abs(signal)): 1.289700e+01
[2026-04-03 11:51:22]   Mean(signal):      -1.325163e+00
[2026-04-03 11:51:22]   Std(signal):       1.614011e+01
[2026-04-03 11:51:22] Building model with input window duration: 4.1875 s
[2026-04-03 11:51:22] SignalJEPA_PreLocal instantiated successfully.
[2026-04-03 11:51:22]   Total parameters:     18,192
[2026-04-03 11:51:22]   Trainable parameters: 18,192
[2026-04-03 11:51:22] ======================================================================================================================================================
Layer (type (var_name):depth-idx)                  Input Shape               Output Shape              Param #                   Kernel Shape
======================================================================================================================================================
SignalJEPA_PreLocal (SignalJEPA_PreLocal)          [1, 62, 536]              [1, 4]                    --                        --
├─Sequential (spatial_conv): 1-1                   [1, 62, 536]              [1, 4, 536]               --                        --
│    └─Rearrange (0): 2-1                          [1, 62, 536]              [1, 1, 62, 536]           --                        --
│    └─Conv2d (1): 2-2                             [1, 1, 62, 536]           [1, 4, 1, 536]            252                       [62, 1]
│    └─Rearrange (2): 2-3                          [1, 4, 1, 536]            [1, 4, 536]               --                        --
├─_ConvFeatureEncoder (feature_encoder): 1-2       [1, 4, 536]               [1, 16, 64]               --                        --
│    └─Rearrange (0): 2-4                          [1, 4, 536]               [4, 1, 536]               --                        --
│    └─Sequential (1): 2-5                         [4, 1, 536]               [4, 8, 64]                --                        --
│    │    └─Conv1d (0): 3-1                        [4, 1, 536]               [4, 8, 64]                256                       [32]
│    │    └─Dropout (1): 3-2                       [4, 8, 64]                [4, 8, 64]                --                        --
│    │    └─GroupNorm (2): 3-3                     [4, 8, 64]                [4, 8, 64]                16                        --
│    │    └─GELU (3): 3-4                          [4, 8, 64]                [4, 8, 64]                --                        --
│    └─Sequential (2): 2-6                         [4, 8, 64]                [4, 16, 32]               --                        --
│    │    └─Conv1d (0): 3-5                        [4, 8, 64]                [4, 16, 32]               256                       [2]
│    │    └─Dropout (1): 3-6                       [4, 16, 32]               [4, 16, 32]               --                        --
│    │    └─GELU (2): 3-7                          [4, 16, 32]               [4, 16, 32]               --                        --
│    └─Sequential (3): 2-7                         [4, 16, 32]               [4, 32, 16]               --                        --
│    │    └─Conv1d (0): 3-8                        [4, 16, 32]               [4, 32, 16]               1,024                     [2]
│    │    └─Dropout (1): 3-9                       [4, 32, 16]               [4, 32, 16]               --                        --
│    │    └─GELU (2): 3-10                         [4, 32, 16]               [4, 32, 16]               --                        --
│    └─Sequential (4): 2-8                         [4, 32, 16]               [4, 64, 8]                --                        --
│    │    └─Conv1d (0): 3-11                       [4, 32, 16]               [4, 64, 8]                4,096                     [2]
│    │    └─Dropout (1): 3-12                      [4, 64, 8]                [4, 64, 8]                --                        --
│    │    └─GELU (2): 3-13                         [4, 64, 8]                [4, 64, 8]                --                        --
│    └─Sequential (5): 2-9                         [4, 64, 8]                [4, 64, 4]                --                        --
│    │    └─Conv1d (0): 3-14                       [4, 64, 8]                [4, 64, 4]                8,192                     [2]
│    │    └─Dropout (1): 3-15                      [4, 64, 4]                [4, 64, 4]                --                        --
│    │    └─GELU (2): 3-16                         [4, 64, 4]                [4, 64, 4]                --                        --
│    └─Rearrange (6): 2-10                         [4, 64, 4]                [1, 16, 64]               --                        --
├─Sequential (final_layer): 1-3                    [1, 16, 64]               [1, 4]                    --                        --
│    └─Flatten (0): 2-11                           [1, 16, 64]               [1, 1024]                 --                        --
│    └─Linear (1): 2-12                            [1, 1024]                 [1, 4]                    4,100                     --
======================================================================================================================================================
Total params: 18,192
Trainable params: 18,192
Non-trainable params: 0
Total mult-adds (Units.MEGABYTES): 0.57
======================================================================================================================================================
Input size (MB): 0.13
Forward/backward pass size (MB): 0.11
Params size (MB): 0.07
Estimated Total Size (MB): 0.31
======================================================================================================================================================
[2026-04-03 11:51:22] Initializing from 16s-60 pretrained checkpoint (Hugging Face):
[2026-04-03 11:51:22]   https://huggingface.co/braindecode/SignalJEPA/resolve/main/signal-jepa_16s-60_adeuwv4s.pth
[2026-04-03 11:51:22]   Downloaded 179 keys
[2026-04-03 11:51:22] ======================================================================
[2026-04-03 11:51:22] STARTING CROSS-VALIDATION
[2026-04-03 11:51:22] ======================================================================
[2026-04-03 11:51:22] Subjects:      [51]
[2026-04-03 11:51:22] CV folds:      5
[2026-04-03 11:51:22] Batch size:    32
[2026-04-03 11:51:22] Max epochs:    5000
[2026-04-03 11:51:22] Device:        mps
[2026-04-03 11:51:22] Seed control:  True
[2026-04-03 11:51:22] Base seed:     42
[2026-04-03 11:51:22] ======================================================================

[2026-04-03 11:51:22] Subject 51: 200 windows | class_counts=[50, 50, 50, 50]
[2026-04-03 11:51:22]   Fold 1 class counts: train=[32, 32, 32, 32] val=[8, 8, 8, 8] test=[10, 10, 10, 10]
[2026-04-03 11:51:22]   Fold 2 class counts: train=[32, 32, 32, 32] val=[8, 8, 8, 8] test=[10, 10, 10, 10]
[2026-04-03 11:51:22]   Fold 3 class counts: train=[32, 32, 32, 32] val=[8, 8, 8, 8] test=[10, 10, 10, 10]
[2026-04-03 11:51:22]   Fold 4 class counts: train=[32, 32, 32, 32] val=[8, 8, 8, 8] test=[10, 10, 10, 10]
[2026-04-03 11:51:22]   Fold 5 class counts: train=[32, 32, 32, 32] val=[8, 8, 8, 8] test=[10, 10, 10, 10]
[2026-04-03 11:51:22]     Train class counts: [32, 32, 32, 32]
[2026-04-03 11:51:22]     Val class counts:   [8, 8, 8, 8]
[2026-04-03 11:51:22]     Test class counts:  [10, 10, 10, 10]
[2026-04-03 11:51:22] Building model with input window duration: 4.1875 s
[2026-04-03 11:51:22] Pretrained weight loading:
[2026-04-03 11:51:22]   Downloaded keys:        179
[2026-04-03 11:51:22]   Filtered (transformer): 172
[2026-04-03 11:51:22]   Filtered (pos_encoder): 0
[2026-04-03 11:51:22]   Keys to load:           7
[2026-04-03 11:51:22]   Missing keys:           4
[2026-04-03 11:51:22]   Unexpected keys:        0
[2026-04-03 11:51:22]   Missing preview:        ['spatial_conv.1.weight', 'spatial_conv.1.bias', 'final_layer.1.weight', 'final_layer.1.bias']
[2026-04-03 11:51:22]   Unexpected preview:     []
[2026-04-03 11:51:22] Trainable modules: spatial_conv + final_layer (4,352 / 18,192 params, 23.9%)
[2026-04-03 11:51:22]   - final_layer.1.bias
[2026-04-03 11:51:22]   - final_layer.1.weight
[2026-04-03 11:51:22]   - spatial_conv.1.bias
[2026-04-03 11:51:22]   - spatial_conv.1.weight
[2026-04-03 11:51:39]   Fold 1/5 | best_epoch=255 | stop=305 | val_loss=1.3432 | acc=0.4500 | bal_acc=0.4500
[2026-04-03 11:51:39]     Train class counts: [32, 32, 32, 32]
[2026-04-03 11:51:39]     Val class counts:   [8, 8, 8, 8]
[2026-04-03 11:51:39]     Test class counts:  [10, 10, 10, 10]
[2026-04-03 11:51:39] Building model with input window duration: 4.1875 s
[2026-04-03 11:51:39] Pretrained weight loading:
[2026-04-03 11:51:39]   Downloaded keys:        179
[2026-04-03 11:51:39]   Filtered (transformer): 172
[2026-04-03 11:51:39]   Filtered (pos_encoder): 0
[2026-04-03 11:51:39]   Keys to load:           7
[2026-04-03 11:51:39]   Missing keys:           4
[2026-04-03 11:51:39]   Unexpected keys:        0
[2026-04-03 11:51:39]   Missing preview:        ['spatial_conv.1.weight', 'spatial_conv.1.bias', 'final_layer.1.weight', 'final_layer.1.bias']
[2026-04-03 11:51:39]   Unexpected preview:     []
[2026-04-03 11:51:50]   Fold 2/5 | best_epoch=159 | stop=209 | val_loss=1.2605 | acc=0.3000 | bal_acc=0.3000
[2026-04-03 11:51:50]     Train class counts: [32, 32, 32, 32]
[2026-04-03 11:51:50]     Val class counts:   [8, 8, 8, 8]
[2026-04-03 11:51:50]     Test class counts:  [10, 10, 10, 10]
[2026-04-03 11:51:50] Building model with input window duration: 4.1875 s
[2026-04-03 11:51:50] Pretrained weight loading:
[2026-04-03 11:51:50]   Downloaded keys:        179
[2026-04-03 11:51:50]   Filtered (transformer): 172
[2026-04-03 11:51:50]   Filtered (pos_encoder): 0
[2026-04-03 11:51:50]   Keys to load:           7
[2026-04-03 11:51:50]   Missing keys:           4
[2026-04-03 11:51:50]   Unexpected keys:        0
[2026-04-03 11:51:50]   Missing preview:        ['spatial_conv.1.weight', 'spatial_conv.1.bias', 'final_layer.1.weight', 'final_layer.1.bias']
[2026-04-03 11:51:50]   Unexpected preview:     []
[2026-04-03 11:52:11]   Fold 3/5 | best_epoch=343 | stop=393 | val_loss=1.2353 | acc=0.3750 | bal_acc=0.3750
[2026-04-03 11:52:11]     Train class counts: [32, 32, 32, 32]
[2026-04-03 11:52:11]     Val class counts:   [8, 8, 8, 8]
[2026-04-03 11:52:11]     Test class counts:  [10, 10, 10, 10]
[2026-04-03 11:52:11] Building model with input window duration: 4.1875 s
[2026-04-03 11:52:11] Pretrained weight loading:
[2026-04-03 11:52:11]   Downloaded keys:        179
[2026-04-03 11:52:11]   Filtered (transformer): 172
[2026-04-03 11:52:11]   Filtered (pos_encoder): 0
[2026-04-03 11:52:11]   Keys to load:           7
[2026-04-03 11:52:11]   Missing keys:           4
[2026-04-03 11:52:11]   Unexpected keys:        0
[2026-04-03 11:52:11]   Missing preview:        ['spatial_conv.1.weight', 'spatial_conv.1.bias', 'final_layer.1.weight', 'final_layer.1.bias']
[2026-04-03 11:52:11]   Unexpected preview:     []
[2026-04-03 11:52:16]   Fold 4/5 | best_epoch=57 | stop=107 | val_loss=1.3798 | acc=0.3500 | bal_acc=0.3500
[2026-04-03 11:52:16]     Train class counts: [32, 32, 32, 32]
[2026-04-03 11:52:16]     Val class counts:   [8, 8, 8, 8]
[2026-04-03 11:52:16]     Test class counts:  [10, 10, 10, 10]
[2026-04-03 11:52:16] Building model with input window duration: 4.1875 s
[2026-04-03 11:52:16] Pretrained weight loading:
[2026-04-03 11:52:16]   Downloaded keys:        179
[2026-04-03 11:52:16]   Filtered (transformer): 172
[2026-04-03 11:52:16]   Filtered (pos_encoder): 0
[2026-04-03 11:52:16]   Keys to load:           7
[2026-04-03 11:52:16]   Missing keys:           4
[2026-04-03 11:52:16]   Unexpected keys:        0
[2026-04-03 11:52:16]   Missing preview:        ['spatial_conv.1.weight', 'spatial_conv.1.bias', 'final_layer.1.weight', 'final_layer.1.bias']
[2026-04-03 11:52:16]   Unexpected preview:     []
[2026-04-03 11:52:19]   Fold 5/5 | best_epoch=1 | stop=51 | val_loss=1.3874 | acc=0.2750 | bal_acc=0.2750
[2026-04-03 11:52:19]   Subject 51 summary: acc=0.3500±0.0612  bal_acc=0.3500±0.0612

[2026-04-03 11:52:19] Total folds completed: 5
[2026-04-03 11:52:19] ======================================================================
[2026-04-03 11:52:19] AGGREGATED RESULTS
[2026-04-03 11:52:19] ======================================================================
[2026-04-03 11:52:19]   Subject 51:  acc=0.3500±0.0612  bal_acc=0.3500±0.0612
[2026-04-03 11:52:19] ----------------------------------------------------------------------
[2026-04-03 11:52:19]   OVERALL:      acc=0.3500±0.0612  bal_acc=0.3500±0.0612
[2026-04-03 11:52:19] ======================================================================
[2026-04-03 11:52:19] CV results saved to:      /Users/vadim/Documents/School/Spring 2026/CSCE A698 Individual Research/EEG_JEPA/artifacts/lee-2019-fine-tuning/SSVEP/20260403_1151_47dfd8b8/cv_results.json
[2026-04-03 11:52:19] Subject metrics saved to: /Users/vadim/Documents/School/Spring 2026/CSCE A698 Individual Research/EEG_JEPA/artifacts/lee-2019-fine-tuning/SSVEP/20260403_1151_47dfd8b8/subject_metrics.json
[2026-04-03 11:52:19] Global metrics saved to:  /Users/vadim/Documents/School/Spring 2026/CSCE A698 Individual Research/EEG_JEPA/artifacts/lee-2019-fine-tuning/SSVEP/20260403_1151_47dfd8b8/global_metrics.json
[2026-04-03 11:52:19] Run metadata saved to:    /Users/vadim/Documents/School/Spring 2026/CSCE A698 Individual Research/EEG_JEPA/artifacts/lee-2019-fine-tuning/SSVEP/20260403_1151_47dfd8b8/run_metadata.json

[2026-04-03 11:52:19] All artifacts in: /Users/vadim/Documents/School/Spring 2026/CSCE A698 Individual Research/EEG_JEPA/artifacts/lee-2019-fine-tuning/SSVEP/20260403_1151_47dfd8b8

[2026-04-03 11:52:19] ======================================================================
[2026-04-03 11:52:19] EXPERIMENT SUMMARY
[2026-04-03 11:52:19] ======================================================================
[2026-04-03 11:52:19] Run ID:    20260403_1151_47dfd8b8
[2026-04-03 11:52:19] Artifacts: /Users/vadim/Documents/School/Spring 2026/CSCE A698 Individual Research/EEG_JEPA/artifacts/lee-2019-fine-tuning/SSVEP/20260403_1151_47dfd8b8

[2026-04-03 11:52:19] Configuration:
[2026-04-03 11:52:19]   Subjects:          [51]
[2026-04-03 11:52:19]   Bandpass:          0.5-40.0 Hz
[2026-04-03 11:52:19]   Resample:          128 Hz
[2026-04-03 11:52:19]   CV folds:          5
[2026-04-03 11:52:19]   Learning rate:     0.001
[2026-04-03 11:52:19]   Batch size:        32
[2026-04-03 11:52:19]   Max epochs:        5000

[2026-04-03 11:52:19] Results:
[2026-04-03 11:52:19]   Mean Accuracy:          0.3500 ± 0.0612
[2026-04-03 11:52:19]   Mean Balanced Accuracy: 0.3500 ± 0.0612
