[2026-04-03 11:50:11] Using device: mps
[2026-04-03 11:50:11] Seed control enabled: True
[2026-04-03 11:50:11] Base seed: 42
[2026-04-03 11:50:12] Seed initialized: 42
[2026-04-03 11:50:12] ======================================================================
[2026-04-03 11:50:12] CONFIGURATION
[2026-04-03 11:50:12] ======================================================================
[2026-04-03 11:50:12]   artifact_dir: /Users/vadim/Documents/School/Spring 2026/CSCE A698 Individual Research/EEG_JEPA/artifacts/lee-2019-fine-tuning
[2026-04-03 11:50:12]   bandpass_high: 40.0
[2026-04-03 11:50:12]   bandpass_low: 0.5
[2026-04-03 11:50:12]   batch_size: 32
[2026-04-03 11:50:12]   convert_to_uV: False
[2026-04-03 11:50:12]   criterion: CrossEntropyLoss
[2026-04-03 11:50:12]   cv_folds: 5
[2026-04-03 11:50:12]   device: auto
[2026-04-03 11:50:12]   early_stopping_patience: 50
[2026-04-03 11:50:12]   learning_rate: 0.001
[2026-04-03 11:50:12]   n_epochs: 5000
[2026-04-03 11:50:12]   normalization_method: None
[2026-04-03 11:50:12]   normalize: False
[2026-04-03 11:50:12]   optimizer: Adam
[2026-04-03 11:50:12]   paradigm: SSVEP
[2026-04-03 11:50:12]   pretrained_url: https://huggingface.co/braindecode/SignalJEPA/resolve/main/signal-jepa_16s-60_adeuwv4s.pth
[2026-04-03 11:50:12]   seed: 42
[2026-04-03 11:50:12]   set_eeg_reference: True
[2026-04-03 11:50:12]   set_seed: True
[2026-04-03 11:50:12]   sfreq: 128
[2026-04-03 11:50:12]   subjects_to_use: [51]
[2026-04-03 11:50:12]   val_split: 0.2
[2026-04-03 11:50:12] ======================================================================
[2026-04-03 11:50:12] Config saved to: /Users/vadim/Documents/School/Spring 2026/CSCE A698 Individual Research/EEG_JEPA/artifacts/lee-2019-fine-tuning/SSVEP/20260403_1150_a2ffe774/config.json
[2026-04-03 11:50:12] Epoch window configuration:
[2026-04-03 11:50:12]   Target sfreq:                128 Hz
[2026-04-03 11:50:12]   Target duration:             4.190000 s
[2026-04-03 11:50:12]   Window samples (rounded):    536
[2026-04-03 11:50:12]   Base trial samples (4.0 s):  512
[2026-04-03 11:50:12]   Trial stop offset samples:   24
[2026-04-03 11:50:12]   Effective window duration:   4.187500 s
[2026-04-03 11:50:12] Using specified subjects from config: [51]
[2026-04-03 11:50:12] Selected subjects: [51]
[2026-04-03 11:50:12] Expected evaluation folds: 5

[2026-04-03 11:50:12] Building MOABBDataset for Lee2019_SSVEP...
[2026-04-03 11:50:24] MOABBDataset recordings loaded: 2
[2026-04-03 11:50:24] Discovered annotation descriptions (first recording): [np.str_('12.0'), np.str_('5.45'), np.str_('6.67'), np.str_('8.57')]
[2026-04-03 11:50:24] Dataset event_id mapping: {'12.0': 1, '8.57': 2, '6.67': 3, '5.45': 4}
[2026-04-03 11:50:24] Label map (event_code -> class_index): {1: 0, 2: 1, 3: 2, 4: 3}
[2026-04-03 11:50:24] Applying Braindecode preprocessors to MOABBDataset...
[2026-04-03 11:50:31] Preprocessing complete.

[2026-04-03 11:50:31] Post-preprocessing validation
[2026-04-03 11:50:31]   Recordings in DATASET: 2
[2026-04-03 11:50:31]   Unique subject IDs:    ['51']
[2026-04-03 11:50:31]   sfreq (first rec):     128.0 Hz
[2026-04-03 11:50:31]   EEG channel count:     62
[2026-04-03 11:50:31]   First 10 channels:     ['Fp1', 'Fp2', 'F7', 'F3', 'Fz', 'F4', 'F8', 'FC5', 'FC1', 'FC2']
[2026-04-03 11:50:31] Channel consistency summary:
[2026-04-03 11:50:31]   Checked runs: 2
[2026-04-03 11:50:31]   Unique channel counts: [62]
[2026-04-03 11:50:31]   Channel order consistent: True
[2026-04-03 11:50:31] Validated EEG channels: 62
[2026-04-03 11:50:31] First 10 EEG channels: ['Fp1', 'Fp2', 'F7', 'F3', 'Fz', 'F4', 'F8', 'FC5', 'FC1', 'FC2']
[2026-04-03 11:50:31] raw mean_abs=6.206608e-06
[2026-04-03 11:50:31] raw std=2.712803e-05
[2026-04-03 11:50:31] raw first5 channel std= [3.02759563e-05 5.65681340e-05 1.37571412e-05 8.89857459e-06
 7.91183515e-06]
[2026-04-03 11:50:31] Requested window samples: 536
[2026-04-03 11:50:31] Base trial samples:       512
[2026-04-03 11:50:31] Stop offset samples:      24
[2026-04-03 11:50:31] Global class counts: [50, 50, 50, 50]
[2026-04-03 11:50:31] Chance level (4-class): 0.25
[2026-04-03 11:50:31] One window shape: (62, 536)
[2026-04-03 11:50:31] One window label: 2
[2026-04-03 11:50:31] Window sample length expected=536, got=536
[2026-04-03 11:50:31] Subjects in window split: [51]
[2026-04-03 11:50:31] Summarizing per-subject windows...
[2026-04-03 11:50:31]   Subject 51: n_windows=200, window_shape=(62, 536), class_counts=[50, 50, 50, 50]
[2026-04-03 11:50:31]    subject_id  n_windows  n_channels  n_times      class_counts
0          51        200          62      536  [50, 50, 50, 50]
[2026-04-03 11:50:31] Window validation summary:
[2026-04-03 11:50:31]   Subject 51: n_windows=200 class_counts=[50, 50, 50, 50]

[2026-04-03 11:50:31] Validated sampling rate target: 128 Hz
[2026-04-03 11:50:31] Validated window sample count:   536
[2026-04-03 11:50:31] Validated window duration:       4.1875 s
[2026-04-03 11:50:31] Validated channel count:         62
[2026-04-03 11:50:31] Total windows retained:          200
[2026-04-03 11:50:31] Preprocessing sanity checks:
[2026-04-03 11:50:31]   One sample label: 2
[2026-04-03 11:50:31]   One sample shape: (62, 536)
[2026-04-03 11:50:31]   Mean(abs(signal)): 7.808386e-06
[2026-04-03 11:50:31]   Mean(signal):      -4.203731e-14
[2026-04-03 11:50:31]   Std(signal):       1.102899e-05
[2026-04-03 11:50:31] Building model with input window duration: 4.1875 s
[2026-04-03 11:50:31] SignalJEPA_PreLocal instantiated successfully.
[2026-04-03 11:50:31]   Total parameters:     18,192
[2026-04-03 11:50:31]   Trainable parameters: 18,192
[2026-04-03 11:50:32] ======================================================================================================================================================
Layer (type (var_name):depth-idx)                  Input Shape               Output Shape              Param #                   Kernel Shape
======================================================================================================================================================
SignalJEPA_PreLocal (SignalJEPA_PreLocal)          [1, 62, 536]              [1, 4]                    --                        --
├─Sequential (spatial_conv): 1-1                   [1, 62, 536]              [1, 4, 536]               --                        --
│    └─Rearrange (0): 2-1                          [1, 62, 536]              [1, 1, 62, 536]           --                        --
│    └─Conv2d (1): 2-2                             [1, 1, 62, 536]           [1, 4, 1, 536]            252                       [62, 1]
│    └─Rearrange (2): 2-3                          [1, 4, 1, 536]            [1, 4, 536]               --                        --
├─_ConvFeatureEncoder (feature_encoder): 1-2       [1, 4, 536]               [1, 16, 64]               --                        --
│    └─Rearrange (0): 2-4                          [1, 4, 536]               [4, 1, 536]               --                        --
│    └─Sequential (1): 2-5                         [4, 1, 536]               [4, 8, 64]                --                        --
│    │    └─Conv1d (0): 3-1                        [4, 1, 536]               [4, 8, 64]                256                       [32]
│    │    └─Dropout (1): 3-2                       [4, 8, 64]                [4, 8, 64]                --                        --
│    │    └─GroupNorm (2): 3-3                     [4, 8, 64]                [4, 8, 64]                16                        --
│    │    └─GELU (3): 3-4                          [4, 8, 64]                [4, 8, 64]                --                        --
│    └─Sequential (2): 2-6                         [4, 8, 64]                [4, 16, 32]               --                        --
│    │    └─Conv1d (0): 3-5                        [4, 8, 64]                [4, 16, 32]               256                       [2]
│    │    └─Dropout (1): 3-6                       [4, 16, 32]               [4, 16, 32]               --                        --
│    │    └─GELU (2): 3-7                          [4, 16, 32]               [4, 16, 32]               --                        --
│    └─Sequential (3): 2-7                         [4, 16, 32]               [4, 32, 16]               --                        --
│    │    └─Conv1d (0): 3-8                        [4, 16, 32]               [4, 32, 16]               1,024                     [2]
│    │    └─Dropout (1): 3-9                       [4, 32, 16]               [4, 32, 16]               --                        --
│    │    └─GELU (2): 3-10                         [4, 32, 16]               [4, 32, 16]               --                        --
│    └─Sequential (4): 2-8                         [4, 32, 16]               [4, 64, 8]                --                        --
│    │    └─Conv1d (0): 3-11                       [4, 32, 16]               [4, 64, 8]                4,096                     [2]
│    │    └─Dropout (1): 3-12                      [4, 64, 8]                [4, 64, 8]                --                        --
│    │    └─GELU (2): 3-13                         [4, 64, 8]                [4, 64, 8]                --                        --
│    └─Sequential (5): 2-9                         [4, 64, 8]                [4, 64, 4]                --                        --
│    │    └─Conv1d (0): 3-14                       [4, 64, 8]                [4, 64, 4]                8,192                     [2]
│    │    └─Dropout (1): 3-15                      [4, 64, 4]                [4, 64, 4]                --                        --
│    │    └─GELU (2): 3-16                         [4, 64, 4]                [4, 64, 4]                --                        --
│    └─Rearrange (6): 2-10                         [4, 64, 4]                [1, 16, 64]               --                        --
├─Sequential (final_layer): 1-3                    [1, 16, 64]               [1, 4]                    --                        --
│    └─Flatten (0): 2-11                           [1, 16, 64]               [1, 1024]                 --                        --
│    └─Linear (1): 2-12                            [1, 1024]                 [1, 4]                    4,100                     --
======================================================================================================================================================
Total params: 18,192
Trainable params: 18,192
Non-trainable params: 0
Total mult-adds (Units.MEGABYTES): 0.57
======================================================================================================================================================
Input size (MB): 0.13
Forward/backward pass size (MB): 0.11
Params size (MB): 0.07
Estimated Total Size (MB): 0.31
======================================================================================================================================================
[2026-04-03 11:50:32] Initializing from 16s-60 pretrained checkpoint (Hugging Face):
[2026-04-03 11:50:32]   https://huggingface.co/braindecode/SignalJEPA/resolve/main/signal-jepa_16s-60_adeuwv4s.pth
[2026-04-03 11:50:32]   Downloaded 179 keys
[2026-04-03 11:50:32] ======================================================================
[2026-04-03 11:50:32] STARTING CROSS-VALIDATION
[2026-04-03 11:50:32] ======================================================================
[2026-04-03 11:50:32] Subjects:      [51]
[2026-04-03 11:50:32] CV folds:      5
[2026-04-03 11:50:32] Batch size:    32
[2026-04-03 11:50:32] Max epochs:    5000
[2026-04-03 11:50:32] Device:        mps
[2026-04-03 11:50:32] Seed control:  True
[2026-04-03 11:50:32] Base seed:     42
[2026-04-03 11:50:32] ======================================================================

[2026-04-03 11:50:32] Subject 51: 200 windows | class_counts=[50, 50, 50, 50]
[2026-04-03 11:50:32]   Fold 1 class counts: train=[32, 32, 32, 32] val=[8, 8, 8, 8] test=[10, 10, 10, 10]
[2026-04-03 11:50:32]   Fold 2 class counts: train=[32, 32, 32, 32] val=[8, 8, 8, 8] test=[10, 10, 10, 10]
[2026-04-03 11:50:32]   Fold 3 class counts: train=[32, 32, 32, 32] val=[8, 8, 8, 8] test=[10, 10, 10, 10]
[2026-04-03 11:50:32]   Fold 4 class counts: train=[32, 32, 32, 32] val=[8, 8, 8, 8] test=[10, 10, 10, 10]
[2026-04-03 11:50:32]   Fold 5 class counts: train=[32, 32, 32, 32] val=[8, 8, 8, 8] test=[10, 10, 10, 10]
[2026-04-03 11:50:32]     Train class counts: [32, 32, 32, 32]
[2026-04-03 11:50:32]     Val class counts:   [8, 8, 8, 8]
[2026-04-03 11:50:32]     Test class counts:  [10, 10, 10, 10]
[2026-04-03 11:50:32] Building model with input window duration: 4.1875 s
[2026-04-03 11:50:32] Pretrained weight loading:
[2026-04-03 11:50:32]   Downloaded keys:        179
[2026-04-03 11:50:32]   Filtered (transformer): 172
[2026-04-03 11:50:32]   Filtered (pos_encoder): 0
[2026-04-03 11:50:32]   Keys to load:           7
[2026-04-03 11:50:32]   Missing keys:           4
[2026-04-03 11:50:32]   Unexpected keys:        0
[2026-04-03 11:50:32]   Missing preview:        ['spatial_conv.1.weight', 'spatial_conv.1.bias', 'final_layer.1.weight', 'final_layer.1.bias']
[2026-04-03 11:50:32]   Unexpected preview:     []
[2026-04-03 11:50:32] Trainable modules: spatial_conv + final_layer (4,352 / 18,192 params, 23.9%)
[2026-04-03 11:50:32]   - final_layer.1.bias
[2026-04-03 11:50:32]   - final_layer.1.weight
[2026-04-03 11:50:32]   - spatial_conv.1.bias
[2026-04-03 11:50:32]   - spatial_conv.1.weight
[2026-04-03 11:50:35]   Fold 1/5 | best_epoch=3 | stop=51 | val_loss=1.3863 | acc=0.2500 | bal_acc=0.2500
[2026-04-03 11:50:35]     Train class counts: [32, 32, 32, 32]
[2026-04-03 11:50:35]     Val class counts:   [8, 8, 8, 8]
[2026-04-03 11:50:35]     Test class counts:  [10, 10, 10, 10]
[2026-04-03 11:50:35] Building model with input window duration: 4.1875 s
[2026-04-03 11:50:35] Pretrained weight loading:
[2026-04-03 11:50:35]   Downloaded keys:        179
[2026-04-03 11:50:35]   Filtered (transformer): 172
[2026-04-03 11:50:35]   Filtered (pos_encoder): 0
[2026-04-03 11:50:35]   Keys to load:           7
[2026-04-03 11:50:35]   Missing keys:           4
[2026-04-03 11:50:35]   Unexpected keys:        0
[2026-04-03 11:50:35]   Missing preview:        ['spatial_conv.1.weight', 'spatial_conv.1.bias', 'final_layer.1.weight', 'final_layer.1.bias']
[2026-04-03 11:50:35]   Unexpected preview:     []
[2026-04-03 11:50:41]   Fold 2/5 | best_epoch=113 | stop=116 | val_loss=1.3862 | acc=0.2500 | bal_acc=0.2500
[2026-04-03 11:50:41]     Train class counts: [32, 32, 32, 32]
[2026-04-03 11:50:41]     Val class counts:   [8, 8, 8, 8]
[2026-04-03 11:50:41]     Test class counts:  [10, 10, 10, 10]
[2026-04-03 11:50:41] Building model with input window duration: 4.1875 s
[2026-04-03 11:50:41] Pretrained weight loading:
[2026-04-03 11:50:41]   Downloaded keys:        179
[2026-04-03 11:50:41]   Filtered (transformer): 172
[2026-04-03 11:50:41]   Filtered (pos_encoder): 0
[2026-04-03 11:50:41]   Keys to load:           7
[2026-04-03 11:50:41]   Missing keys:           4
[2026-04-03 11:50:41]   Unexpected keys:        0
[2026-04-03 11:50:41]   Missing preview:        ['spatial_conv.1.weight', 'spatial_conv.1.bias', 'final_layer.1.weight', 'final_layer.1.bias']
[2026-04-03 11:50:41]   Unexpected preview:     []
[2026-04-03 11:50:52]   Fold 3/5 | best_epoch=181 | stop=212 | val_loss=1.3825 | acc=0.2500 | bal_acc=0.2500
[2026-04-03 11:50:52]     Train class counts: [32, 32, 32, 32]
[2026-04-03 11:50:52]     Val class counts:   [8, 8, 8, 8]
[2026-04-03 11:50:52]     Test class counts:  [10, 10, 10, 10]
[2026-04-03 11:50:52] Building model with input window duration: 4.1875 s
[2026-04-03 11:50:52] Pretrained weight loading:
[2026-04-03 11:50:52]   Downloaded keys:        179
[2026-04-03 11:50:52]   Filtered (transformer): 172
[2026-04-03 11:50:52]   Filtered (pos_encoder): 0
[2026-04-03 11:50:52]   Keys to load:           7
[2026-04-03 11:50:52]   Missing keys:           4
[2026-04-03 11:50:52]   Unexpected keys:        0
[2026-04-03 11:50:52]   Missing preview:        ['spatial_conv.1.weight', 'spatial_conv.1.bias', 'final_layer.1.weight', 'final_layer.1.bias']
[2026-04-03 11:50:52]   Unexpected preview:     []
[2026-04-03 11:50:55]   Fold 4/5 | best_epoch=14 | stop=51 | val_loss=1.3865 | acc=0.2500 | bal_acc=0.2500
[2026-04-03 11:50:55]     Train class counts: [32, 32, 32, 32]
[2026-04-03 11:50:55]     Val class counts:   [8, 8, 8, 8]
[2026-04-03 11:50:55]     Test class counts:  [10, 10, 10, 10]
[2026-04-03 11:50:55] Building model with input window duration: 4.1875 s
[2026-04-03 11:50:55] Pretrained weight loading:
[2026-04-03 11:50:55]   Downloaded keys:        179
[2026-04-03 11:50:55]   Filtered (transformer): 172
[2026-04-03 11:50:55]   Filtered (pos_encoder): 0
[2026-04-03 11:50:55]   Keys to load:           7
[2026-04-03 11:50:55]   Missing keys:           4
[2026-04-03 11:50:55]   Unexpected keys:        0
[2026-04-03 11:50:55]   Missing preview:        ['spatial_conv.1.weight', 'spatial_conv.1.bias', 'final_layer.1.weight', 'final_layer.1.bias']
[2026-04-03 11:50:55]   Unexpected preview:     []
[2026-04-03 11:50:57]   Fold 5/5 | best_epoch=32 | stop=51 | val_loss=1.3864 | acc=0.2500 | bal_acc=0.2500
[2026-04-03 11:50:57]   Subject 51 summary: acc=0.2500±0.0000  bal_acc=0.2500±0.0000

[2026-04-03 11:50:57] Total folds completed: 5
[2026-04-03 11:50:57] ======================================================================
[2026-04-03 11:50:57] AGGREGATED RESULTS
[2026-04-03 11:50:57] ======================================================================
[2026-04-03 11:50:57]   Subject 51:  acc=0.2500±0.0000  bal_acc=0.2500±0.0000
[2026-04-03 11:50:57] ----------------------------------------------------------------------
[2026-04-03 11:50:57]   OVERALL:      acc=0.2500±0.0000  bal_acc=0.2500±0.0000
[2026-04-03 11:50:57] ======================================================================
[2026-04-03 11:50:57] CV results saved to:      /Users/vadim/Documents/School/Spring 2026/CSCE A698 Individual Research/EEG_JEPA/artifacts/lee-2019-fine-tuning/SSVEP/20260403_1150_a2ffe774/cv_results.json
[2026-04-03 11:50:57] Subject metrics saved to: /Users/vadim/Documents/School/Spring 2026/CSCE A698 Individual Research/EEG_JEPA/artifacts/lee-2019-fine-tuning/SSVEP/20260403_1150_a2ffe774/subject_metrics.json
[2026-04-03 11:50:57] Global metrics saved to:  /Users/vadim/Documents/School/Spring 2026/CSCE A698 Individual Research/EEG_JEPA/artifacts/lee-2019-fine-tuning/SSVEP/20260403_1150_a2ffe774/global_metrics.json
[2026-04-03 11:50:57] Run metadata saved to:    /Users/vadim/Documents/School/Spring 2026/CSCE A698 Individual Research/EEG_JEPA/artifacts/lee-2019-fine-tuning/SSVEP/20260403_1150_a2ffe774/run_metadata.json

[2026-04-03 11:50:57] All artifacts in: /Users/vadim/Documents/School/Spring 2026/CSCE A698 Individual Research/EEG_JEPA/artifacts/lee-2019-fine-tuning/SSVEP/20260403_1150_a2ffe774

[2026-04-03 11:50:57] ======================================================================
[2026-04-03 11:50:57] EXPERIMENT SUMMARY
[2026-04-03 11:50:57] ======================================================================
[2026-04-03 11:50:57] Run ID:    20260403_1150_a2ffe774
[2026-04-03 11:50:57] Artifacts: /Users/vadim/Documents/School/Spring 2026/CSCE A698 Individual Research/EEG_JEPA/artifacts/lee-2019-fine-tuning/SSVEP/20260403_1150_a2ffe774

[2026-04-03 11:50:57] Configuration:
[2026-04-03 11:50:57]   Subjects:          [51]
[2026-04-03 11:50:57]   Bandpass:          0.5-40.0 Hz
[2026-04-03 11:50:57]   Resample:          128 Hz
[2026-04-03 11:50:57]   CV folds:          5
[2026-04-03 11:50:57]   Learning rate:     0.001
[2026-04-03 11:50:57]   Batch size:        32
[2026-04-03 11:50:57]   Max epochs:        5000

[2026-04-03 11:50:57] Results:
[2026-04-03 11:50:57]   Mean Accuracy:          0.2500 ± 0.0000
[2026-04-03 11:50:57]   Mean Balanced Accuracy: 0.2500 ± 0.0000
