[2026-04-04 12:32:19] Using device: mps
[2026-04-04 12:32:19] Seed control enabled: True
[2026-04-04 12:32:19] Base seed: 6105
[2026-04-04 12:32:20] Seed initialized: 6105
[2026-04-04 12:32:20] ======================================================================
[2026-04-04 12:32:20] CONFIGURATION
[2026-04-04 12:32:20] ======================================================================
[2026-04-04 12:32:20]   artifact_dir: /Users/vadim/Documents/School/Spring 2026/CSCE A698 Individual Research/EEG_JEPA/artifacts/lee-2019-fine-tuning
[2026-04-04 12:32:20]   bandpass_high: 40.0
[2026-04-04 12:32:20]   bandpass_low: 0.5
[2026-04-04 12:32:20]   batch_size: 16
[2026-04-04 12:32:20]   convert_to_uV: True
[2026-04-04 12:32:20]   criterion: None
[2026-04-04 12:32:20]   cv_folds: 5
[2026-04-04 12:32:20]   device: auto
[2026-04-04 12:32:20]   early_stopping_patience: 50
[2026-04-04 12:32:20]   learning_rate: 0.0001
[2026-04-04 12:32:20]   n_epochs: 5000
[2026-04-04 12:32:20]   normalization_method: None
[2026-04-04 12:32:20]   normalize: False
[2026-04-04 12:32:20]   optimizer: Adam
[2026-04-04 12:32:20]   paradigm: SSVEP
[2026-04-04 12:32:20]   pretrained_url: https://huggingface.co/braindecode/SignalJEPA/resolve/main/signal-jepa_16s-60_adeuwv4s.pth
[2026-04-04 12:32:20]   requested_trial_duration_s: 4.19
[2026-04-04 12:32:20]   seed: 6105
[2026-04-04 12:32:20]   set_eeg_reference: True
[2026-04-04 12:32:20]   set_seed: True
[2026-04-04 12:32:20]   sfreq: 128
[2026-04-04 12:32:20]   subjects_to_use: [51, 54]
[2026-04-04 12:32:20]   val_split: 0.2
[2026-04-04 12:32:20] ======================================================================
[2026-04-04 12:32:20] Config saved to: /Users/vadim/Documents/School/Spring 2026/CSCE A698 Individual Research/EEG_JEPA/artifacts/lee-2019-fine-tuning/SSVEP/20260404_1232_356dba24/config.json
[2026-04-04 12:32:20] Epoch window configuration:
[2026-04-04 12:32:20]   Target sfreq:                128 Hz
[2026-04-04 12:32:20]   Target duration:             4.190000 s
[2026-04-04 12:32:20]   Window samples (rounded):    536
[2026-04-04 12:32:20]   Base trial samples (4.0 s):  512
[2026-04-04 12:32:20]   Trial stop offset samples:   24
[2026-04-04 12:32:20]   Effective window duration:   4.187500 s
[2026-04-04 12:32:20] Using specified subjects from config: [51, 54]
[2026-04-04 12:32:20] Selected subjects: [51, 54]
[2026-04-04 12:32:20] Expected evaluation folds: 10

[2026-04-04 12:32:20] Building MOABBDataset for Lee2019_SSVEP...
[2026-04-04 12:32:44] MOABBDataset recordings loaded: 4
[2026-04-04 12:32:44] Discovered annotation descriptions (first recording): [np.str_('12.0'), np.str_('5.45'), np.str_('6.67'), np.str_('8.57')]
[2026-04-04 12:32:44] Dataset event_id mapping: {'12.0': 1, '8.57': 2, '6.67': 3, '5.45': 4}
[2026-04-04 12:32:44] Label map (event_code -> class_index): {1: 0, 2: 1, 3: 2, 4: 3}
[2026-04-04 12:32:44] Applying Braindecode preprocessors to MOABBDataset...
[2026-04-04 12:33:00] Preprocessing complete.

[2026-04-04 12:33:00] Post-preprocessing validation
[2026-04-04 12:33:00]   Recordings in DATASET: 4
[2026-04-04 12:33:00]   Unique subject IDs:    ['51', '54']
[2026-04-04 12:33:00]   sfreq (first rec):     128.0 Hz
[2026-04-04 12:33:00]   EEG channel count:     62
[2026-04-04 12:33:00]   First 10 channels:     ['Fp1', 'Fp2', 'F7', 'F3', 'Fz', 'F4', 'F8', 'FC5', 'FC1', 'FC2']
[2026-04-04 12:33:00] Channel consistency summary:
[2026-04-04 12:33:00]   Checked runs: 4
[2026-04-04 12:33:00]   Unique channel counts: [62]
[2026-04-04 12:33:00]   Channel order consistent: True
[2026-04-04 12:33:00] Validated EEG channels: 62
[2026-04-04 12:33:00] First 10 EEG channels: ['Fp1', 'Fp2', 'F7', 'F3', 'Fz', 'F4', 'F8', 'FC5', 'FC1', 'FC2']
[2026-04-04 12:33:00] raw mean_abs=6.206608e+00
[2026-04-04 12:33:00] raw std=2.712803e+01
[2026-04-04 12:33:00] raw first5 channel std= [30.27595633 56.56813395 13.75714116  8.89857459  7.91183515]
[2026-04-04 12:33:00] Requested window samples: 536
[2026-04-04 12:33:00] Base trial samples:       512
[2026-04-04 12:33:00] Stop offset samples:      24
[2026-04-04 12:33:00] Global class counts: [100, 100, 100, 100]
[2026-04-04 12:33:00] Chance level (4-class): 0.25
[2026-04-04 12:33:00] One window shape: (62, 536)
[2026-04-04 12:33:00] One window label: 2
[2026-04-04 12:33:00] Window sample length expected=536, got=536
[2026-04-04 12:33:00] Subjects in window split: [51, 54]
[2026-04-04 12:33:00] Summarizing per-subject windows...
[2026-04-04 12:33:00]   Subject 51: n_windows=200, window_shape=(62, 536), class_counts=[50, 50, 50, 50]
[2026-04-04 12:33:00]   Subject 54: n_windows=200, window_shape=(62, 536), class_counts=[50, 50, 50, 50]
[2026-04-04 12:33:00]    subject_id  n_windows  n_channels  n_times      class_counts
0          51        200          62      536  [50, 50, 50, 50]
1          54        200          62      536  [50, 50, 50, 50]
[2026-04-04 12:33:00] Window validation summary:
[2026-04-04 12:33:00]   Subject 51: n_windows=200 class_counts=[50, 50, 50, 50]
[2026-04-04 12:33:00]   Subject 54: n_windows=200 class_counts=[50, 50, 50, 50]

[2026-04-04 12:33:00] Validated sampling rate target: 128 Hz
[2026-04-04 12:33:00] Validated window sample count:   536
[2026-04-04 12:33:00] Validated window duration:       4.1875 s
[2026-04-04 12:33:00] Validated channel count:         62
[2026-04-04 12:33:00] Total windows retained:          400
[2026-04-04 12:33:00] Preprocessing sanity checks:
[2026-04-04 12:33:00]   One sample label: 2
[2026-04-04 12:33:00]   One sample shape: (62, 536)
[2026-04-04 12:33:00]   Mean(abs(signal)): 7.808386e+00
[2026-04-04 12:33:00]   Mean(signal):      -1.469310e-08
[2026-04-04 12:33:00]   Std(signal):       1.102899e+01
[2026-04-04 12:33:00] Building model with input window duration: 4.1875 s
[2026-04-04 12:33:00] SignalJEPA_PreLocal instantiated successfully.
[2026-04-04 12:33:00]   Total parameters:     18,192
[2026-04-04 12:33:00]   Trainable parameters: 18,192
[2026-04-04 12:33:00] ======================================================================================================================================================
Layer (type (var_name):depth-idx)                  Input Shape               Output Shape              Param #                   Kernel Shape
======================================================================================================================================================
SignalJEPA_PreLocal (SignalJEPA_PreLocal)          [1, 62, 536]              [1, 4]                    --                        --
├─Sequential (spatial_conv): 1-1                   [1, 62, 536]              [1, 4, 536]               --                        --
│    └─Rearrange (0): 2-1                          [1, 62, 536]              [1, 1, 62, 536]           --                        --
│    └─Conv2d (1): 2-2                             [1, 1, 62, 536]           [1, 4, 1, 536]            252                       [62, 1]
│    └─Rearrange (2): 2-3                          [1, 4, 1, 536]            [1, 4, 536]               --                        --
├─_ConvFeatureEncoder (feature_encoder): 1-2       [1, 4, 536]               [1, 16, 64]               --                        --
│    └─Rearrange (0): 2-4                          [1, 4, 536]               [4, 1, 536]               --                        --
│    └─Sequential (1): 2-5                         [4, 1, 536]               [4, 8, 64]                --                        --
│    │    └─Conv1d (0): 3-1                        [4, 1, 536]               [4, 8, 64]                256                       [32]
│    │    └─Dropout (1): 3-2                       [4, 8, 64]                [4, 8, 64]                --                        --
│    │    └─GroupNorm (2): 3-3                     [4, 8, 64]                [4, 8, 64]                16                        --
│    │    └─GELU (3): 3-4                          [4, 8, 64]                [4, 8, 64]                --                        --
│    └─Sequential (2): 2-6                         [4, 8, 64]                [4, 16, 32]               --                        --
│    │    └─Conv1d (0): 3-5                        [4, 8, 64]                [4, 16, 32]               256                       [2]
│    │    └─Dropout (1): 3-6                       [4, 16, 32]               [4, 16, 32]               --                        --
│    │    └─GELU (2): 3-7                          [4, 16, 32]               [4, 16, 32]               --                        --
│    └─Sequential (3): 2-7                         [4, 16, 32]               [4, 32, 16]               --                        --
│    │    └─Conv1d (0): 3-8                        [4, 16, 32]               [4, 32, 16]               1,024                     [2]
│    │    └─Dropout (1): 3-9                       [4, 32, 16]               [4, 32, 16]               --                        --
│    │    └─GELU (2): 3-10                         [4, 32, 16]               [4, 32, 16]               --                        --
│    └─Sequential (4): 2-8                         [4, 32, 16]               [4, 64, 8]                --                        --
│    │    └─Conv1d (0): 3-11                       [4, 32, 16]               [4, 64, 8]                4,096                     [2]
│    │    └─Dropout (1): 3-12                      [4, 64, 8]                [4, 64, 8]                --                        --
│    │    └─GELU (2): 3-13                         [4, 64, 8]                [4, 64, 8]                --                        --
│    └─Sequential (5): 2-9                         [4, 64, 8]                [4, 64, 4]                --                        --
│    │    └─Conv1d (0): 3-14                       [4, 64, 8]                [4, 64, 4]                8,192                     [2]
│    │    └─Dropout (1): 3-15                      [4, 64, 4]                [4, 64, 4]                --                        --
│    │    └─GELU (2): 3-16                         [4, 64, 4]                [4, 64, 4]                --                        --
│    └─Rearrange (6): 2-10                         [4, 64, 4]                [1, 16, 64]               --                        --
├─Sequential (final_layer): 1-3                    [1, 16, 64]               [1, 4]                    --                        --
│    └─Flatten (0): 2-11                           [1, 16, 64]               [1, 1024]                 --                        --
│    └─Linear (1): 2-12                            [1, 1024]                 [1, 4]                    4,100                     --
======================================================================================================================================================
Total params: 18,192
Trainable params: 18,192
Non-trainable params: 0
Total mult-adds (Units.MEGABYTES): 0.57
======================================================================================================================================================
Input size (MB): 0.13
Forward/backward pass size (MB): 0.11
Params size (MB): 0.07
Estimated Total Size (MB): 0.31
======================================================================================================================================================
[2026-04-04 12:33:00] Initializing from 16s-60 pretrained checkpoint (Hugging Face):
[2026-04-04 12:33:00]   https://huggingface.co/braindecode/SignalJEPA/resolve/main/signal-jepa_16s-60_adeuwv4s.pth
[2026-04-04 12:33:00]   Downloaded 179 keys
[2026-04-04 12:33:00] ======================================================================
[2026-04-04 12:33:00] STARTING CROSS-VALIDATION
[2026-04-04 12:33:00] ======================================================================
[2026-04-04 12:33:00] Subjects:      [51, 54]
[2026-04-04 12:33:00] CV folds:      5
[2026-04-04 12:33:00] Batch size:    16
[2026-04-04 12:33:00] Max epochs:    5000
[2026-04-04 12:33:00] Device:        mps
[2026-04-04 12:33:00] Seed control:  True
[2026-04-04 12:33:00] Base seed:     6105
[2026-04-04 12:33:00] ======================================================================

[2026-04-04 12:33:00] Subject 51: 200 windows | class_counts=[50, 50, 50, 50]
[2026-04-04 12:33:00]   Fold 1 class counts: train=[32, 32, 32, 32] val=[8, 8, 8, 8] test=[10, 10, 10, 10]
[2026-04-04 12:33:00]   Fold 2 class counts: train=[32, 32, 32, 32] val=[8, 8, 8, 8] test=[10, 10, 10, 10]
[2026-04-04 12:33:00]   Fold 3 class counts: train=[32, 32, 32, 32] val=[8, 8, 8, 8] test=[10, 10, 10, 10]
[2026-04-04 12:33:00]   Fold 4 class counts: train=[32, 32, 32, 32] val=[8, 8, 8, 8] test=[10, 10, 10, 10]
[2026-04-04 12:33:00]   Fold 5 class counts: train=[32, 32, 32, 32] val=[8, 8, 8, 8] test=[10, 10, 10, 10]
[2026-04-04 12:33:00]     Train class counts: [32, 32, 32, 32]
[2026-04-04 12:33:00]     Val class counts:   [8, 8, 8, 8]
[2026-04-04 12:33:00]     Test class counts:  [10, 10, 10, 10]
[2026-04-04 12:33:00] Building model with input window duration: 4.1875 s
[2026-04-04 12:33:00] Pretrained weight loading:
[2026-04-04 12:33:00]   Downloaded keys:        179
[2026-04-04 12:33:00]   Filtered (transformer): 172
[2026-04-04 12:33:00]   Filtered (pos_encoder): 0
[2026-04-04 12:33:00]   Keys to load:           7
[2026-04-04 12:33:00]   Missing keys:           4
[2026-04-04 12:33:00]   Unexpected keys:        0
[2026-04-04 12:33:00]   Missing preview:        ['spatial_conv.1.weight', 'spatial_conv.1.bias', 'final_layer.1.weight', 'final_layer.1.bias']
[2026-04-04 12:33:00]   Unexpected preview:     []
[2026-04-04 12:33:00] Trainable modules: spatial_conv + final_layer (4,352 / 18,192 params, 23.9%)
[2026-04-04 12:33:00]   - final_layer.1.bias
[2026-04-04 12:33:00]   - final_layer.1.weight
[2026-04-04 12:33:00]   - spatial_conv.1.bias
[2026-04-04 12:33:00]   - spatial_conv.1.weight
[2026-04-04 12:35:42]   Fold 1/5 | best_epoch=1885 | stop=1890 | val_loss=1.1656 | acc=0.3500 | bal_acc=0.3500
[2026-04-04 12:35:42]     Train class counts: [32, 32, 32, 32]
[2026-04-04 12:35:42]     Val class counts:   [8, 8, 8, 8]
[2026-04-04 12:35:42]     Test class counts:  [10, 10, 10, 10]
[2026-04-04 12:35:42] Building model with input window duration: 4.1875 s
[2026-04-04 12:35:42] Pretrained weight loading:
[2026-04-04 12:35:42]   Downloaded keys:        179
[2026-04-04 12:35:42]   Filtered (transformer): 172
[2026-04-04 12:35:42]   Filtered (pos_encoder): 0
[2026-04-04 12:35:42]   Keys to load:           7
[2026-04-04 12:35:42]   Missing keys:           4
[2026-04-04 12:35:42]   Unexpected keys:        0
[2026-04-04 12:35:42]   Missing preview:        ['spatial_conv.1.weight', 'spatial_conv.1.bias', 'final_layer.1.weight', 'final_layer.1.bias']
[2026-04-04 12:35:42]   Unexpected preview:     []
[2026-04-04 12:35:46]   Fold 2/5 | best_epoch=1 | stop=51 | val_loss=1.3864 | acc=0.2250 | bal_acc=0.2250
[2026-04-04 12:35:46]     Train class counts: [32, 32, 32, 32]
[2026-04-04 12:35:46]     Val class counts:   [8, 8, 8, 8]
[2026-04-04 12:35:46]     Test class counts:  [10, 10, 10, 10]
[2026-04-04 12:35:46] Building model with input window duration: 4.1875 s
[2026-04-04 12:35:46] Pretrained weight loading:
[2026-04-04 12:35:46]   Downloaded keys:        179
[2026-04-04 12:35:46]   Filtered (transformer): 172
[2026-04-04 12:35:46]   Filtered (pos_encoder): 0
[2026-04-04 12:35:46]   Keys to load:           7
[2026-04-04 12:35:46]   Missing keys:           4
[2026-04-04 12:35:46]   Unexpected keys:        0
[2026-04-04 12:35:46]   Missing preview:        ['spatial_conv.1.weight', 'spatial_conv.1.bias', 'final_layer.1.weight', 'final_layer.1.bias']
[2026-04-04 12:35:46]   Unexpected preview:     []
[2026-04-04 12:38:51]   Fold 3/5 | best_epoch=2185 | stop=2188 | val_loss=1.1902 | acc=0.6500 | bal_acc=0.6500
[2026-04-04 12:38:51]     Train class counts: [32, 32, 32, 32]
[2026-04-04 12:38:51]     Val class counts:   [8, 8, 8, 8]
[2026-04-04 12:38:51]     Test class counts:  [10, 10, 10, 10]
[2026-04-04 12:38:51] Building model with input window duration: 4.1875 s
[2026-04-04 12:38:51] Pretrained weight loading:
[2026-04-04 12:38:51]   Downloaded keys:        179
[2026-04-04 12:38:51]   Filtered (transformer): 172
[2026-04-04 12:38:51]   Filtered (pos_encoder): 0
[2026-04-04 12:38:51]   Keys to load:           7
[2026-04-04 12:38:51]   Missing keys:           4
[2026-04-04 12:38:51]   Unexpected keys:        0
[2026-04-04 12:38:51]   Missing preview:        ['spatial_conv.1.weight', 'spatial_conv.1.bias', 'final_layer.1.weight', 'final_layer.1.bias']
[2026-04-04 12:38:51]   Unexpected preview:     []
[2026-04-04 12:41:23]   Fold 4/5 | best_epoch=1750 | stop=1800 | val_loss=1.1506 | acc=0.3250 | bal_acc=0.3250
[2026-04-04 12:41:23]     Train class counts: [32, 32, 32, 32]
[2026-04-04 12:41:23]     Val class counts:   [8, 8, 8, 8]
[2026-04-04 12:41:23]     Test class counts:  [10, 10, 10, 10]
[2026-04-04 12:41:23] Building model with input window duration: 4.1875 s
[2026-04-04 12:41:23] Pretrained weight loading:
[2026-04-04 12:41:23]   Downloaded keys:        179
[2026-04-04 12:41:23]   Filtered (transformer): 172
[2026-04-04 12:41:23]   Filtered (pos_encoder): 0
[2026-04-04 12:41:23]   Keys to load:           7
[2026-04-04 12:41:23]   Missing keys:           4
[2026-04-04 12:41:23]   Unexpected keys:        0
[2026-04-04 12:41:23]   Missing preview:        ['spatial_conv.1.weight', 'spatial_conv.1.bias', 'final_layer.1.weight', 'final_layer.1.bias']
[2026-04-04 12:41:23]   Unexpected preview:     []
[2026-04-04 12:45:52]   Fold 5/5 | best_epoch=3135 | stop=3185 | val_loss=1.0977 | acc=0.3500 | bal_acc=0.3500
[2026-04-04 12:45:52]   Subject 51 summary: acc=0.3800±0.1427  bal_acc=0.3800±0.1427

[2026-04-04 12:45:52] Subject 54: 200 windows | class_counts=[50, 50, 50, 50]
[2026-04-04 12:45:52]   Fold 1 class counts: train=[32, 32, 32, 32] val=[8, 8, 8, 8] test=[10, 10, 10, 10]
[2026-04-04 12:45:52]   Fold 2 class counts: train=[32, 32, 32, 32] val=[8, 8, 8, 8] test=[10, 10, 10, 10]
[2026-04-04 12:45:52]   Fold 3 class counts: train=[32, 32, 32, 32] val=[8, 8, 8, 8] test=[10, 10, 10, 10]
[2026-04-04 12:45:52]   Fold 4 class counts: train=[32, 32, 32, 32] val=[8, 8, 8, 8] test=[10, 10, 10, 10]
[2026-04-04 12:45:52]   Fold 5 class counts: train=[32, 32, 32, 32] val=[8, 8, 8, 8] test=[10, 10, 10, 10]
[2026-04-04 12:45:52]     Train class counts: [32, 32, 32, 32]
[2026-04-04 12:45:52]     Val class counts:   [8, 8, 8, 8]
[2026-04-04 12:45:52]     Test class counts:  [10, 10, 10, 10]
[2026-04-04 12:45:52] Building model with input window duration: 4.1875 s
[2026-04-04 12:45:52] Pretrained weight loading:
[2026-04-04 12:45:52]   Downloaded keys:        179
[2026-04-04 12:45:52]   Filtered (transformer): 172
[2026-04-04 12:45:52]   Filtered (pos_encoder): 0
[2026-04-04 12:45:52]   Keys to load:           7
[2026-04-04 12:45:52]   Missing keys:           4
[2026-04-04 12:45:52]   Unexpected keys:        0
[2026-04-04 12:45:52]   Missing preview:        ['spatial_conv.1.weight', 'spatial_conv.1.bias', 'final_layer.1.weight', 'final_layer.1.bias']
[2026-04-04 12:45:52]   Unexpected preview:     []
[2026-04-04 12:49:47]   Fold 1/5 | best_epoch=2723 | stop=2773 | val_loss=0.8549 | acc=0.4750 | bal_acc=0.4750
[2026-04-04 12:49:47]     Train class counts: [32, 32, 32, 32]
[2026-04-04 12:49:47]     Val class counts:   [8, 8, 8, 8]
[2026-04-04 12:49:47]     Test class counts:  [10, 10, 10, 10]
[2026-04-04 12:49:47] Building model with input window duration: 4.1875 s
[2026-04-04 12:49:47] Pretrained weight loading:
[2026-04-04 12:49:47]   Downloaded keys:        179
[2026-04-04 12:49:47]   Filtered (transformer): 172
[2026-04-04 12:49:47]   Filtered (pos_encoder): 0
[2026-04-04 12:49:47]   Keys to load:           7
[2026-04-04 12:49:47]   Missing keys:           4
[2026-04-04 12:49:47]   Unexpected keys:        0
[2026-04-04 12:49:47]   Missing preview:        ['spatial_conv.1.weight', 'spatial_conv.1.bias', 'final_layer.1.weight', 'final_layer.1.bias']
[2026-04-04 12:49:47]   Unexpected preview:     []
[2026-04-04 12:53:18]   Fold 2/5 | best_epoch=2450 | stop=2500 | val_loss=0.6345 | acc=0.7000 | bal_acc=0.7000
[2026-04-04 12:53:18]     Train class counts: [32, 32, 32, 32]
[2026-04-04 12:53:18]     Val class counts:   [8, 8, 8, 8]
[2026-04-04 12:53:18]     Test class counts:  [10, 10, 10, 10]
[2026-04-04 12:53:18] Building model with input window duration: 4.1875 s
[2026-04-04 12:53:18] Pretrained weight loading:
[2026-04-04 12:53:18]   Downloaded keys:        179
[2026-04-04 12:53:18]   Filtered (transformer): 172
[2026-04-04 12:53:18]   Filtered (pos_encoder): 0
[2026-04-04 12:53:18]   Keys to load:           7
[2026-04-04 12:53:18]   Missing keys:           4
[2026-04-04 12:53:18]   Unexpected keys:        0
[2026-04-04 12:53:18]   Missing preview:        ['spatial_conv.1.weight', 'spatial_conv.1.bias', 'final_layer.1.weight', 'final_layer.1.bias']
[2026-04-04 12:53:18]   Unexpected preview:     []
[2026-04-04 12:58:24]   Fold 3/5 | best_epoch=3561 | stop=3611 | val_loss=0.5434 | acc=0.6250 | bal_acc=0.6250
[2026-04-04 12:58:24]     Train class counts: [32, 32, 32, 32]
[2026-04-04 12:58:24]     Val class counts:   [8, 8, 8, 8]
[2026-04-04 12:58:24]     Test class counts:  [10, 10, 10, 10]
[2026-04-04 12:58:24] Building model with input window duration: 4.1875 s
[2026-04-04 12:58:24] Pretrained weight loading:
[2026-04-04 12:58:24]   Downloaded keys:        179
[2026-04-04 12:58:24]   Filtered (transformer): 172
[2026-04-04 12:58:24]   Filtered (pos_encoder): 0
[2026-04-04 12:58:24]   Keys to load:           7
[2026-04-04 12:58:24]   Missing keys:           4
[2026-04-04 12:58:24]   Unexpected keys:        0
[2026-04-04 12:58:24]   Missing preview:        ['spatial_conv.1.weight', 'spatial_conv.1.bias', 'final_layer.1.weight', 'final_layer.1.bias']
[2026-04-04 12:58:24]   Unexpected preview:     []
[2026-04-04 12:58:29]   Fold 4/5 | best_epoch=1 | stop=51 | val_loss=1.3857 | acc=0.2500 | bal_acc=0.2500
[2026-04-04 12:58:29]     Train class counts: [32, 32, 32, 32]
[2026-04-04 12:58:29]     Val class counts:   [8, 8, 8, 8]
[2026-04-04 12:58:29]     Test class counts:  [10, 10, 10, 10]
[2026-04-04 12:58:29] Building model with input window duration: 4.1875 s
[2026-04-04 12:58:29] Pretrained weight loading:
[2026-04-04 12:58:29]   Downloaded keys:        179
[2026-04-04 12:58:29]   Filtered (transformer): 172
[2026-04-04 12:58:29]   Filtered (pos_encoder): 0
[2026-04-04 12:58:29]   Keys to load:           7
[2026-04-04 12:58:29]   Missing keys:           4
[2026-04-04 12:58:29]   Unexpected keys:        0
[2026-04-04 12:58:29]   Missing preview:        ['spatial_conv.1.weight', 'spatial_conv.1.bias', 'final_layer.1.weight', 'final_layer.1.bias']
[2026-04-04 12:58:29]   Unexpected preview:     []
[2026-04-04 13:02:11]   Fold 5/5 | best_epoch=2653 | stop=2703 | val_loss=0.6873 | acc=0.7750 | bal_acc=0.7750
[2026-04-04 13:02:11]   Subject 54 summary: acc=0.5650±0.1861  bal_acc=0.5650±0.1861

[2026-04-04 13:02:11] Total folds completed: 10
[2026-04-04 13:02:11] ======================================================================
[2026-04-04 13:02:11] AGGREGATED RESULTS
[2026-04-04 13:02:11] ======================================================================
[2026-04-04 13:02:11]   Subject 51:  acc=0.3800±0.1427  bal_acc=0.3800±0.1427
[2026-04-04 13:02:11]   Subject 54:  acc=0.5650±0.1861  bal_acc=0.5650±0.1861
[2026-04-04 13:02:11] ----------------------------------------------------------------------
[2026-04-04 13:02:11]   OVERALL:      acc=0.4725±0.1899  bal_acc=0.4725±0.1899
[2026-04-04 13:02:11] ======================================================================
[2026-04-04 13:02:11] CV results saved to:      /Users/vadim/Documents/School/Spring 2026/CSCE A698 Individual Research/EEG_JEPA/artifacts/lee-2019-fine-tuning/SSVEP/20260404_1232_356dba24/cv_results.json
[2026-04-04 13:02:11] Subject metrics saved to: /Users/vadim/Documents/School/Spring 2026/CSCE A698 Individual Research/EEG_JEPA/artifacts/lee-2019-fine-tuning/SSVEP/20260404_1232_356dba24/subject_metrics.json
[2026-04-04 13:02:11] Global metrics saved to:  /Users/vadim/Documents/School/Spring 2026/CSCE A698 Individual Research/EEG_JEPA/artifacts/lee-2019-fine-tuning/SSVEP/20260404_1232_356dba24/global_metrics.json
[2026-04-04 13:02:11] Run metadata saved to:    /Users/vadim/Documents/School/Spring 2026/CSCE A698 Individual Research/EEG_JEPA/artifacts/lee-2019-fine-tuning/SSVEP/20260404_1232_356dba24/run_metadata.json

[2026-04-04 13:02:11] All artifacts in: /Users/vadim/Documents/School/Spring 2026/CSCE A698 Individual Research/EEG_JEPA/artifacts/lee-2019-fine-tuning/SSVEP/20260404_1232_356dba24

[2026-04-04 13:02:11] ======================================================================
[2026-04-04 13:02:11] EXPERIMENT SUMMARY
[2026-04-04 13:02:11] ======================================================================
[2026-04-04 13:02:11] Run ID:    20260404_1232_356dba24
[2026-04-04 13:02:11] Artifacts: /Users/vadim/Documents/School/Spring 2026/CSCE A698 Individual Research/EEG_JEPA/artifacts/lee-2019-fine-tuning/SSVEP/20260404_1232_356dba24

[2026-04-04 13:02:11] Configuration:
[2026-04-04 13:02:11]   Subjects:          [51, 54]
[2026-04-04 13:02:11]   Bandpass:          0.5-40.0 Hz
[2026-04-04 13:02:11]   Resample:          128 Hz
[2026-04-04 13:02:11]   CV folds:          5
[2026-04-04 13:02:11]   Learning rate:     0.0001
[2026-04-04 13:02:11]   Batch size:        16
[2026-04-04 13:02:11]   Max epochs:        5000

[2026-04-04 13:02:11] Results:
[2026-04-04 13:02:11]   Mean Accuracy:          0.4725 ± 0.1899
[2026-04-04 13:02:11]   Mean Balanced Accuracy: 0.4725 ± 0.1899
