[2026-03-31 17:09:21] Using device: cpu
[2026-03-31 17:09:21] Seed control enabled: True
[2026-03-31 17:09:21] Base seed: 201
[2026-03-31 17:09:21] Seed initialized: 201
[2026-03-31 17:09:21] ======================================================================
[2026-03-31 17:09:21] CONFIGURATION
[2026-03-31 17:09:21] ======================================================================
[2026-03-31 17:09:21]   artifact_dir: /home/vegorov/Repos/eeg_jepa_research/artifacts/lee-2019-fine-tuning
[2026-03-31 17:09:21]   bandpass_high: 40.0
[2026-03-31 17:09:21]   bandpass_low: 0.5
[2026-03-31 17:09:21]   batch_size: 16
[2026-03-31 17:09:21]   convert_to_uV: True
[2026-03-31 17:09:21]   cv_folds: 5
[2026-03-31 17:09:21]   device: auto
[2026-03-31 17:09:21]   early_stopping_patience: 50
[2026-03-31 17:09:21]   learning_rate: 0.001
[2026-03-31 17:09:21]   n_epochs: 5000
[2026-03-31 17:09:21]   normalization_method: None
[2026-03-31 17:09:21]   normalize: False
[2026-03-31 17:09:21]   paradigm: SSVEP
[2026-03-31 17:09:21]   pretrained_url: https://huggingface.co/braindecode/SignalJEPA/resolve/main/signal-jepa_16s-60_adeuwv4s.pth
[2026-03-31 17:09:21]   seed: 201
[2026-03-31 17:09:21]   set_seed: True
[2026-03-31 17:09:21]   sfreq: 128
[2026-03-31 17:09:21]   subjects_to_use: [54]
[2026-03-31 17:09:21]   val_split: 0.2
[2026-03-31 17:09:21] ======================================================================
[2026-03-31 17:09:21] Config saved to: /home/vegorov/Repos/eeg_jepa_research/artifacts/lee-2019-fine-tuning/SSVEP/20260331_1709_192f8aee/config.json
[2026-03-31 17:09:21] Epoch window configuration:
[2026-03-31 17:09:21]   Target sfreq:                128 Hz
[2026-03-31 17:09:21]   Target duration:             4.190000 s
[2026-03-31 17:09:21]   Window samples (rounded):    536
[2026-03-31 17:09:21]   Base trial samples (4.0 s):  512
[2026-03-31 17:09:21]   Trial stop offset samples:   24
[2026-03-31 17:09:21]   Effective window duration:   4.187500 s
[2026-03-31 17:09:21] Using specified subjects from config: [54]
[2026-03-31 17:09:21] Selected subjects: [54]
[2026-03-31 17:09:21] Expected evaluation folds: 5

[2026-03-31 17:09:21] Building MOABBDataset for Lee2019_SSVEP...
[2026-03-31 17:09:31] MOABBDataset recordings loaded: 1
[2026-03-31 17:09:31] Discovered annotation descriptions (first recording): [np.str_('12.0'), np.str_('5.45'), np.str_('6.67'), np.str_('8.57')]
[2026-03-31 17:09:31] Dataset event_id mapping: {'12.0': 1, '8.57': 2, '6.67': 3, '5.45': 4}
[2026-03-31 17:09:31] Label map (event_code -> class_index): {1: 0, 2: 1, 3: 2, 4: 3}
[2026-03-31 17:09:31] Applying Braindecode preprocessors to MOABBDataset...
[2026-03-31 17:09:34] Preprocessing complete.

[2026-03-31 17:09:34] Post-preprocessing validation
[2026-03-31 17:09:34]   Recordings in DATASET: 1
[2026-03-31 17:09:34]   Unique subject IDs:    ['54']
[2026-03-31 17:09:34]   sfreq (first rec):     128.0 Hz
[2026-03-31 17:09:34]   EEG channel count:     62
[2026-03-31 17:09:34]   First 10 channels:     ['Fp1', 'Fp2', 'F7', 'F3', 'Fz', 'F4', 'F8', 'FC5', 'FC1', 'FC2']
[2026-03-31 17:09:34] Channel consistency summary:
[2026-03-31 17:09:34]   Checked runs: 1
[2026-03-31 17:09:34]   Unique channel counts: [62]
[2026-03-31 17:09:34]   Channel order consistent: True
[2026-03-31 17:09:34] Validated EEG channels: 62
[2026-03-31 17:09:34] First 10 EEG channels: ['Fp1', 'Fp2', 'F7', 'F3', 'Fz', 'F4', 'F8', 'FC5', 'FC1', 'FC2']
[2026-03-31 17:09:34] raw mean_abs=1.120330e+01
[2026-03-31 17:09:34] raw std=2.207442e+01
[2026-03-31 17:09:34] raw first5 channel std= [66.77397308 81.39217593 25.04253361 17.94161419 14.84598907]
[2026-03-31 17:09:34] Requested window samples: 536
[2026-03-31 17:09:34] Base trial samples:       512
[2026-03-31 17:09:34] Stop offset samples:      24
[2026-03-31 17:09:34] Global class counts: [25, 25, 25, 25]
[2026-03-31 17:09:34] Chance level (4-class): 0.25
[2026-03-31 17:09:34] One window shape: (62, 536)
[2026-03-31 17:09:34] One window label: 1
[2026-03-31 17:09:34] Window sample length expected=536, got=536
[2026-03-31 17:09:34] Subjects in window split: [54]
[2026-03-31 17:09:34] Summarizing per-subject windows...
[2026-03-31 17:09:34]   Subject 54: n_windows=100, window_shape=(62, 536), class_counts=[25, 25, 25, 25]
[2026-03-31 17:09:34]    subject_id  n_windows  n_channels  n_times      class_counts
0          54        100          62      536  [25, 25, 25, 25]
[2026-03-31 17:09:34] Window validation summary:
[2026-03-31 17:09:34]   Subject 54: n_windows=100 class_counts=[25, 25, 25, 25]

[2026-03-31 17:09:34] Validated sampling rate target: 128 Hz
[2026-03-31 17:09:34] Validated window sample count:   536
[2026-03-31 17:09:34] Validated window duration:       4.1875 s
[2026-03-31 17:09:34] Validated channel count:         62
[2026-03-31 17:09:34] Total windows retained:          100
[2026-03-31 17:09:34] Preprocessing sanity checks:
[2026-03-31 17:09:34]   One sample label: 1
[2026-03-31 17:09:34]   One sample shape: (62, 536)
[2026-03-31 17:09:34]   Mean(abs(signal)): 3.854891e+00
[2026-03-31 17:09:34]   Mean(signal):      -3.673276e-09
[2026-03-31 17:09:34]   Std(signal):       5.098353e+00
[2026-03-31 17:09:34] Building model with input window duration: 4.1875 s
[2026-03-31 17:09:34] SignalJEPA_PreLocal instantiated successfully.
[2026-03-31 17:09:34]   Total parameters:     18,192
[2026-03-31 17:09:34]   Trainable parameters: 18,192
[2026-03-31 17:09:34] ======================================================================================================================================================
Layer (type (var_name):depth-idx)                  Input Shape               Output Shape              Param #                   Kernel Shape
======================================================================================================================================================
SignalJEPA_PreLocal (SignalJEPA_PreLocal)          [1, 62, 536]              [1, 4]                    --                        --
├─Sequential (spatial_conv): 1-1                   [1, 62, 536]              [1, 4, 536]               --                        --
│    └─Rearrange (0): 2-1                          [1, 62, 536]              [1, 1, 62, 536]           --                        --
│    └─Conv2d (1): 2-2                             [1, 1, 62, 536]           [1, 4, 1, 536]            252                       [62, 1]
│    └─Rearrange (2): 2-3                          [1, 4, 1, 536]            [1, 4, 536]               --                        --
├─_ConvFeatureEncoder (feature_encoder): 1-2       [1, 4, 536]               [1, 16, 64]               --                        --
│    └─Rearrange (0): 2-4                          [1, 4, 536]               [4, 1, 536]               --                        --
│    └─Sequential (1): 2-5                         [4, 1, 536]               [4, 8, 64]                --                        --
│    │    └─Conv1d (0): 3-1                        [4, 1, 536]               [4, 8, 64]                256                       [32]
│    │    └─Dropout (1): 3-2                       [4, 8, 64]                [4, 8, 64]                --                        --
│    │    └─GroupNorm (2): 3-3                     [4, 8, 64]                [4, 8, 64]                16                        --
│    │    └─GELU (3): 3-4                          [4, 8, 64]                [4, 8, 64]                --                        --
│    └─Sequential (2): 2-6                         [4, 8, 64]                [4, 16, 32]               --                        --
│    │    └─Conv1d (0): 3-5                        [4, 8, 64]                [4, 16, 32]               256                       [2]
│    │    └─Dropout (1): 3-6                       [4, 16, 32]               [4, 16, 32]               --                        --
│    │    └─GELU (2): 3-7                          [4, 16, 32]               [4, 16, 32]               --                        --
│    └─Sequential (3): 2-7                         [4, 16, 32]               [4, 32, 16]               --                        --
│    │    └─Conv1d (0): 3-8                        [4, 16, 32]               [4, 32, 16]               1,024                     [2]
│    │    └─Dropout (1): 3-9                       [4, 32, 16]               [4, 32, 16]               --                        --
│    │    └─GELU (2): 3-10                         [4, 32, 16]               [4, 32, 16]               --                        --
│    └─Sequential (4): 2-8                         [4, 32, 16]               [4, 64, 8]                --                        --
│    │    └─Conv1d (0): 3-11                       [4, 32, 16]               [4, 64, 8]                4,096                     [2]
│    │    └─Dropout (1): 3-12                      [4, 64, 8]                [4, 64, 8]                --                        --
│    │    └─GELU (2): 3-13                         [4, 64, 8]                [4, 64, 8]                --                        --
│    └─Sequential (5): 2-9                         [4, 64, 8]                [4, 64, 4]                --                        --
│    │    └─Conv1d (0): 3-14                       [4, 64, 8]                [4, 64, 4]                8,192                     [2]
│    │    └─Dropout (1): 3-15                      [4, 64, 4]                [4, 64, 4]                --                        --
│    │    └─GELU (2): 3-16                         [4, 64, 4]                [4, 64, 4]                --                        --
│    └─Rearrange (6): 2-10                         [4, 64, 4]                [1, 16, 64]               --                        --
├─Sequential (final_layer): 1-3                    [1, 16, 64]               [1, 4]                    --                        --
│    └─Flatten (0): 2-11                           [1, 16, 64]               [1, 1024]                 --                        --
│    └─Linear (1): 2-12                            [1, 1024]                 [1, 4]                    4,100                     --
======================================================================================================================================================
Total params: 18,192
Trainable params: 18,192
Non-trainable params: 0
Total mult-adds (Units.MEGABYTES): 0.57
======================================================================================================================================================
Input size (MB): 0.13
Forward/backward pass size (MB): 0.11
Params size (MB): 0.07
Estimated Total Size (MB): 0.31
======================================================================================================================================================
[2026-03-31 17:09:34] Initializing from 16s-60 pretrained checkpoint (Hugging Face):
[2026-03-31 17:09:34]   https://huggingface.co/braindecode/SignalJEPA/resolve/main/signal-jepa_16s-60_adeuwv4s.pth
[2026-03-31 17:09:34]   Downloaded 179 keys
[2026-03-31 17:09:34] ======================================================================
[2026-03-31 17:09:34] STARTING CROSS-VALIDATION
[2026-03-31 17:09:34] ======================================================================
[2026-03-31 17:09:34] Subjects:      [54]
[2026-03-31 17:09:34] CV folds:      5
[2026-03-31 17:09:34] Batch size:    16
[2026-03-31 17:09:34] Max epochs:    5000
[2026-03-31 17:09:34] Device:        cpu
[2026-03-31 17:09:34] Seed control:  True
[2026-03-31 17:09:34] Base seed:     201
[2026-03-31 17:09:34] ======================================================================

[2026-03-31 17:09:34] Subject 54: 100 windows class_counts=[25, 25, 25, 25]
[2026-03-31 17:09:34]   Fold 1 split seed: 202
[2026-03-31 17:09:34]   Fold 1 split class counts:
[2026-03-31 17:09:34]     train=[16, 16, 16, 16] val=[4, 4, 4, 4] test=[5, 5, 5, 5]
[2026-03-31 17:09:34]   Fold 2 split seed: 203
[2026-03-31 17:09:34]   Fold 2 split class counts:
[2026-03-31 17:09:34]     train=[16, 16, 16, 16] val=[4, 4, 4, 4] test=[5, 5, 5, 5]
[2026-03-31 17:09:34]   Fold 3 split seed: 204
[2026-03-31 17:09:34]   Fold 3 split class counts:
[2026-03-31 17:09:34]     train=[16, 16, 16, 16] val=[4, 4, 4, 4] test=[5, 5, 5, 5]
[2026-03-31 17:09:34]   Fold 4 split seed: 205
[2026-03-31 17:09:34]   Fold 4 split class counts:
[2026-03-31 17:09:34]     train=[16, 16, 16, 16] val=[4, 4, 4, 4] test=[5, 5, 5, 5]
[2026-03-31 17:09:34]   Fold 5 split seed: 206
[2026-03-31 17:09:34]   Fold 5 split class counts:
[2026-03-31 17:09:34]     train=[16, 16, 16, 16] val=[4, 4, 4, 4] test=[5, 5, 5, 5]
[2026-03-31 17:09:34]   Subject 54 Fold 1 seed: 5602
[2026-03-31 17:09:34]   Subject 54 Fold 1: n_train=64 n_val=16 n_test=20
[2026-03-31 17:09:34]     Train class counts: [16, 16, 16, 16]
[2026-03-31 17:09:34]     Val class counts:   [4, 4, 4, 4]
[2026-03-31 17:09:34]     Test class counts:  [5, 5, 5, 5]
[2026-03-31 17:09:34] Building model with input window duration: 4.1875 s
[2026-03-31 17:09:34] Pretrained weight loading:
[2026-03-31 17:09:34]   Downloaded keys:        179
[2026-03-31 17:09:34]   Filtered (transformer): 172
[2026-03-31 17:09:34]   Filtered (pos_encoder): 0
[2026-03-31 17:09:34]   Keys to load:           7
[2026-03-31 17:09:34]   Missing keys:           4
[2026-03-31 17:09:34]   Unexpected keys:        0
[2026-03-31 17:09:34]   Missing preview:        ['spatial_conv.1.weight', 'spatial_conv.1.bias', 'final_layer.1.weight', 'final_layer.1.bias']
[2026-03-31 17:09:34]   Unexpected preview:     []
[2026-03-31 17:09:34] Encoder freeze configuration:
[2026-03-31 17:09:34]   Total parameters:        18,192
[2026-03-31 17:09:34]   Trainable parameters:    4,352
[2026-03-31 17:09:34]   Training percentage:     23.9%
[2026-03-31 17:09:34]   Trainable layers: 4
[2026-03-31 17:09:34]     - final_layer.1.bias
[2026-03-31 17:09:34]     - final_layer.1.weight
[2026-03-31 17:09:34]     - spatial_conv.1.bias
[2026-03-31 17:09:34]     - spatial_conv.1.weight
[2026-03-31 17:09:34]     Train generator seeded: True
[2026-03-31 17:09:53]     Stopped epoch:            1519
[2026-03-31 17:09:53]     Best epoch (valid_loss):  1469
[2026-03-31 17:09:53]     Best valid_loss:          0.45810121297836304
[2026-03-31 17:09:53]     Test accuracy (primary):  0.6500
[2026-03-31 17:09:53]     Test balanced acc:        0.6500
[2026-03-31 17:09:53]     Confusion matrix:         [[5, 0, 0, 0], [1, 2, 2, 0], [0, 2, 3, 0], [0, 1, 1, 3]]
[2026-03-31 17:09:53]     Prediction histogram:     [6, 5, 6, 3]
[2026-03-31 17:09:53]     fold_acc=0.6500 fold_bal_acc=0.6500 cm=[[5, 0, 0, 0], [1, 2, 2, 0], [0, 2, 3, 0], [0, 1, 1, 3]]
[2026-03-31 17:09:53]   Subject 54 Fold 2 seed: 5603
[2026-03-31 17:09:53]   Subject 54 Fold 2: n_train=64 n_val=16 n_test=20
[2026-03-31 17:09:53]     Train class counts: [16, 16, 16, 16]
[2026-03-31 17:09:53]     Val class counts:   [4, 4, 4, 4]
[2026-03-31 17:09:53]     Test class counts:  [5, 5, 5, 5]
[2026-03-31 17:09:53] Building model with input window duration: 4.1875 s
[2026-03-31 17:09:53] Pretrained weight loading:
[2026-03-31 17:09:53]   Downloaded keys:        179
[2026-03-31 17:09:53]   Filtered (transformer): 172
[2026-03-31 17:09:53]   Filtered (pos_encoder): 0
[2026-03-31 17:09:53]   Keys to load:           7
[2026-03-31 17:09:53]   Missing keys:           4
[2026-03-31 17:09:53]   Unexpected keys:        0
[2026-03-31 17:09:53]   Missing preview:        ['spatial_conv.1.weight', 'spatial_conv.1.bias', 'final_layer.1.weight', 'final_layer.1.bias']
[2026-03-31 17:09:53]   Unexpected preview:     []
[2026-03-31 17:09:53] Encoder freeze configuration:
[2026-03-31 17:09:53]   Total parameters:        18,192
[2026-03-31 17:09:53]   Trainable parameters:    4,352
[2026-03-31 17:09:53]   Training percentage:     23.9%
[2026-03-31 17:09:53]   Trainable layers: 4
[2026-03-31 17:09:53]     - final_layer.1.bias
[2026-03-31 17:09:53]     - final_layer.1.weight
[2026-03-31 17:09:53]     - spatial_conv.1.bias
[2026-03-31 17:09:53]     - spatial_conv.1.weight
[2026-03-31 17:09:53]     Train generator seeded: True
[2026-03-31 17:09:54]     Stopped epoch:            53
[2026-03-31 17:09:54]     Best epoch (valid_loss):  3
[2026-03-31 17:09:54]     Best valid_loss:          1.3851853609085083
[2026-03-31 17:09:54]     Test accuracy (primary):  0.3000
[2026-03-31 17:09:54]     Test balanced acc:        0.3000
[2026-03-31 17:09:54]     Confusion matrix:         [[4, 1, 0, 0], [2, 1, 1, 1], [2, 1, 1, 1], [3, 2, 0, 0]]
[2026-03-31 17:09:54]     Prediction histogram:     [11, 5, 2, 2]
[2026-03-31 17:09:54]     fold_acc=0.3000 fold_bal_acc=0.3000 cm=[[4, 1, 0, 0], [2, 1, 1, 1], [2, 1, 1, 1], [3, 2, 0, 0]]
[2026-03-31 17:09:54]   Subject 54 Fold 3 seed: 5604
[2026-03-31 17:09:54]   Subject 54 Fold 3: n_train=64 n_val=16 n_test=20
[2026-03-31 17:09:54]     Train class counts: [16, 16, 16, 16]
[2026-03-31 17:09:54]     Val class counts:   [4, 4, 4, 4]
[2026-03-31 17:09:54]     Test class counts:  [5, 5, 5, 5]
[2026-03-31 17:09:54] Building model with input window duration: 4.1875 s
[2026-03-31 17:09:54] Pretrained weight loading:
[2026-03-31 17:09:54]   Downloaded keys:        179
[2026-03-31 17:09:54]   Filtered (transformer): 172
[2026-03-31 17:09:54]   Filtered (pos_encoder): 0
[2026-03-31 17:09:54]   Keys to load:           7
[2026-03-31 17:09:54]   Missing keys:           4
[2026-03-31 17:09:54]   Unexpected keys:        0
[2026-03-31 17:09:54]   Missing preview:        ['spatial_conv.1.weight', 'spatial_conv.1.bias', 'final_layer.1.weight', 'final_layer.1.bias']
[2026-03-31 17:09:54]   Unexpected preview:     []
[2026-03-31 17:09:54] Encoder freeze configuration:
[2026-03-31 17:09:54]   Total parameters:        18,192
[2026-03-31 17:09:54]   Trainable parameters:    4,352
[2026-03-31 17:09:54]   Training percentage:     23.9%
[2026-03-31 17:09:54]   Trainable layers: 4
[2026-03-31 17:09:54]     - final_layer.1.bias
[2026-03-31 17:09:54]     - final_layer.1.weight
[2026-03-31 17:09:54]     - spatial_conv.1.bias
[2026-03-31 17:09:54]     - spatial_conv.1.weight
[2026-03-31 17:09:54]     Train generator seeded: True
[2026-03-31 17:10:11]     Stopped epoch:            1450
[2026-03-31 17:10:11]     Best epoch (valid_loss):  1400
[2026-03-31 17:10:11]     Best valid_loss:          0.5247032046318054
[2026-03-31 17:10:11]     Test accuracy (primary):  0.7000
[2026-03-31 17:10:11]     Test balanced acc:        0.7000
[2026-03-31 17:10:11]     Confusion matrix:         [[4, 1, 0, 0], [0, 4, 0, 1], [0, 0, 3, 2], [1, 1, 0, 3]]
[2026-03-31 17:10:11]     Prediction histogram:     [5, 6, 3, 6]
[2026-03-31 17:10:11]     fold_acc=0.7000 fold_bal_acc=0.7000 cm=[[4, 1, 0, 0], [0, 4, 0, 1], [0, 0, 3, 2], [1, 1, 0, 3]]
[2026-03-31 17:10:11]   Subject 54 Fold 4 seed: 5605
[2026-03-31 17:10:11]   Subject 54 Fold 4: n_train=64 n_val=16 n_test=20
[2026-03-31 17:10:11]     Train class counts: [16, 16, 16, 16]
[2026-03-31 17:10:11]     Val class counts:   [4, 4, 4, 4]
[2026-03-31 17:10:11]     Test class counts:  [5, 5, 5, 5]
[2026-03-31 17:10:11] Building model with input window duration: 4.1875 s
[2026-03-31 17:10:11] Pretrained weight loading:
[2026-03-31 17:10:11]   Downloaded keys:        179
[2026-03-31 17:10:11]   Filtered (transformer): 172
[2026-03-31 17:10:11]   Filtered (pos_encoder): 0
[2026-03-31 17:10:11]   Keys to load:           7
[2026-03-31 17:10:11]   Missing keys:           4
[2026-03-31 17:10:11]   Unexpected keys:        0
[2026-03-31 17:10:11]   Missing preview:        ['spatial_conv.1.weight', 'spatial_conv.1.bias', 'final_layer.1.weight', 'final_layer.1.bias']
[2026-03-31 17:10:11]   Unexpected preview:     []
[2026-03-31 17:10:11] Encoder freeze configuration:
[2026-03-31 17:10:11]   Total parameters:        18,192
[2026-03-31 17:10:11]   Trainable parameters:    4,352
[2026-03-31 17:10:11]   Training percentage:     23.9%
[2026-03-31 17:10:11]   Trainable layers: 4
[2026-03-31 17:10:11]     - final_layer.1.bias
[2026-03-31 17:10:11]     - final_layer.1.weight
[2026-03-31 17:10:11]     - spatial_conv.1.bias
[2026-03-31 17:10:11]     - spatial_conv.1.weight
[2026-03-31 17:10:11]     Train generator seeded: True
[2026-03-31 17:10:16]     Stopped epoch:            400
[2026-03-31 17:10:16]     Best epoch (valid_loss):  350
[2026-03-31 17:10:16]     Best valid_loss:          1.1702122688293457
[2026-03-31 17:10:16]     Test accuracy (primary):  0.7000
[2026-03-31 17:10:16]     Test balanced acc:        0.7000
[2026-03-31 17:10:16]     Confusion matrix:         [[4, 0, 1, 0], [0, 5, 0, 0], [0, 1, 4, 0], [0, 2, 2, 1]]
[2026-03-31 17:10:16]     Prediction histogram:     [4, 8, 7, 1]
[2026-03-31 17:10:16]     fold_acc=0.7000 fold_bal_acc=0.7000 cm=[[4, 0, 1, 0], [0, 5, 0, 0], [0, 1, 4, 0], [0, 2, 2, 1]]
[2026-03-31 17:10:16]   Subject 54 Fold 5 seed: 5606
[2026-03-31 17:10:16]   Subject 54 Fold 5: n_train=64 n_val=16 n_test=20
[2026-03-31 17:10:16]     Train class counts: [16, 16, 16, 16]
[2026-03-31 17:10:16]     Val class counts:   [4, 4, 4, 4]
[2026-03-31 17:10:16]     Test class counts:  [5, 5, 5, 5]
[2026-03-31 17:10:16] Building model with input window duration: 4.1875 s
[2026-03-31 17:10:16] Pretrained weight loading:
[2026-03-31 17:10:16]   Downloaded keys:        179
[2026-03-31 17:10:16]   Filtered (transformer): 172
[2026-03-31 17:10:16]   Filtered (pos_encoder): 0
[2026-03-31 17:10:16]   Keys to load:           7
[2026-03-31 17:10:16]   Missing keys:           4
[2026-03-31 17:10:16]   Unexpected keys:        0
[2026-03-31 17:10:16]   Missing preview:        ['spatial_conv.1.weight', 'spatial_conv.1.bias', 'final_layer.1.weight', 'final_layer.1.bias']
[2026-03-31 17:10:16]   Unexpected preview:     []
[2026-03-31 17:10:16] Encoder freeze configuration:
[2026-03-31 17:10:16]   Total parameters:        18,192
[2026-03-31 17:10:16]   Trainable parameters:    4,352
[2026-03-31 17:10:16]   Training percentage:     23.9%
[2026-03-31 17:10:16]   Trainable layers: 4
[2026-03-31 17:10:16]     - final_layer.1.bias
[2026-03-31 17:10:16]     - final_layer.1.weight
[2026-03-31 17:10:16]     - spatial_conv.1.bias
[2026-03-31 17:10:16]     - spatial_conv.1.weight
[2026-03-31 17:10:16]     Train generator seeded: True
[2026-03-31 17:10:22]     Stopped epoch:            448
[2026-03-31 17:10:22]     Best epoch (valid_loss):  398
[2026-03-31 17:10:22]     Best valid_loss:          0.8544758558273315
[2026-03-31 17:10:22]     Test accuracy (primary):  0.7500
[2026-03-31 17:10:22]     Test balanced acc:        0.7500
[2026-03-31 17:10:22]     Confusion matrix:         [[5, 0, 0, 0], [1, 3, 1, 0], [1, 1, 3, 0], [0, 0, 1, 4]]
[2026-03-31 17:10:22]     Prediction histogram:     [7, 4, 5, 4]
[2026-03-31 17:10:22]     fold_acc=0.7500 fold_bal_acc=0.7500 cm=[[5, 0, 0, 0], [1, 3, 1, 0], [1, 1, 3, 0], [0, 0, 1, 4]]
[2026-03-31 17:10:22]   Subject 54 mean accuracy: 0.6200

[2026-03-31 17:10:22] Total folds completed: 5
[2026-03-31 17:10:22] ======================================================================
[2026-03-31 17:10:22] AGGREGATED RESULTS
[2026-03-31 17:10:22] ======================================================================
[2026-03-31 17:10:22]   Subject 54:  acc=0.6200±0.1631  bal_acc=0.6200±0.1631
[2026-03-31 17:10:22] ----------------------------------------------------------------------
[2026-03-31 17:10:22]   OVERALL:      acc=0.6200±0.1631  bal_acc=0.6200±0.1631
[2026-03-31 17:10:22] ======================================================================
[2026-03-31 17:10:22] CV results saved to:      /home/vegorov/Repos/eeg_jepa_research/artifacts/lee-2019-fine-tuning/SSVEP/20260331_1709_192f8aee/cv_results.json
[2026-03-31 17:10:22] Subject metrics saved to: /home/vegorov/Repos/eeg_jepa_research/artifacts/lee-2019-fine-tuning/SSVEP/20260331_1709_192f8aee/subject_metrics.json
[2026-03-31 17:10:22] Global metrics saved to:  /home/vegorov/Repos/eeg_jepa_research/artifacts/lee-2019-fine-tuning/SSVEP/20260331_1709_192f8aee/global_metrics.json
[2026-03-31 17:10:22] Run metadata saved to:    /home/vegorov/Repos/eeg_jepa_research/artifacts/lee-2019-fine-tuning/SSVEP/20260331_1709_192f8aee/run_metadata.json

[2026-03-31 17:10:22] All artifacts in: /home/vegorov/Repos/eeg_jepa_research/artifacts/lee-2019-fine-tuning/SSVEP/20260331_1709_192f8aee

[2026-03-31 17:10:22] ======================================================================
[2026-03-31 17:10:22] EXPERIMENT SUMMARY
[2026-03-31 17:10:22] ======================================================================
[2026-03-31 17:10:22] Run ID:    20260331_1709_192f8aee
[2026-03-31 17:10:22] Artifacts: /home/vegorov/Repos/eeg_jepa_research/artifacts/lee-2019-fine-tuning/SSVEP/20260331_1709_192f8aee

[2026-03-31 17:10:22] Configuration:
[2026-03-31 17:10:22]   Subjects:          [54]
[2026-03-31 17:10:22]   Bandpass:          0.5-40.0 Hz
[2026-03-31 17:10:22]   Resample:          128 Hz
[2026-03-31 17:10:22]   CV folds:          5
[2026-03-31 17:10:22]   Learning rate:     0.001
[2026-03-31 17:10:22]   Batch size:        16
[2026-03-31 17:10:22]   Max epochs:        5000

[2026-03-31 17:10:22] Results:
[2026-03-31 17:10:22]   Mean Accuracy:          0.6200 ± 0.1631
[2026-03-31 17:10:22]   Mean Balanced Accuracy: 0.6200 ± 0.1631
