[2026-04-01 09:59:56] Using device: cpu
[2026-04-01 09:59:56] Seed control enabled: True
[2026-04-01 09:59:56] Base seed: 2021
[2026-04-01 09:59:56] Seed initialized: 2021
[2026-04-01 09:59:56] ======================================================================
[2026-04-01 09:59:56] CONFIGURATION
[2026-04-01 09:59:56] ======================================================================
[2026-04-01 09:59:56]   artifact_dir: /home/vegorov/Repos/eeg_jepa_research/artifacts/lee-2019-fine-tuning
[2026-04-01 09:59:56]   bandpass_high: 40.0
[2026-04-01 09:59:56]   bandpass_low: 0.5
[2026-04-01 09:59:56]   batch_size: 8
[2026-04-01 09:59:56]   convert_to_uV: True
[2026-04-01 09:59:56]   cv_folds: 5
[2026-04-01 09:59:56]   device: auto
[2026-04-01 09:59:56]   early_stopping_patience: 50
[2026-04-01 09:59:56]   learning_rate: 0.0025
[2026-04-01 09:59:56]   n_epochs: 5000
[2026-04-01 09:59:56]   normalization_method: None
[2026-04-01 09:59:56]   normalize: False
[2026-04-01 09:59:56]   paradigm: SSVEP
[2026-04-01 09:59:56]   pretrained_url: https://huggingface.co/braindecode/SignalJEPA/resolve/main/signal-jepa_16s-60_adeuwv4s.pth
[2026-04-01 09:59:56]   seed: 2021
[2026-04-01 09:59:56]   set_seed: True
[2026-04-01 09:59:56]   sfreq: 128
[2026-04-01 09:59:56]   subjects_to_use: [51]
[2026-04-01 09:59:56]   val_split: 0.2
[2026-04-01 09:59:56] ======================================================================
[2026-04-01 09:59:56] Config saved to: /home/vegorov/Repos/eeg_jepa_research/artifacts/lee-2019-fine-tuning/SSVEP/20260401_0959_e7f2cf3f/config.json
[2026-04-01 09:59:56] Epoch window configuration:
[2026-04-01 09:59:56]   Target sfreq:                128 Hz
[2026-04-01 09:59:56]   Target duration:             4.190000 s
[2026-04-01 09:59:56]   Window samples (rounded):    536
[2026-04-01 09:59:56]   Base trial samples (4.0 s):  512
[2026-04-01 09:59:56]   Trial stop offset samples:   24
[2026-04-01 09:59:56]   Effective window duration:   4.187500 s
[2026-04-01 09:59:56] Using specified subjects from config: [51]
[2026-04-01 09:59:56] Selected subjects: [51]
[2026-04-01 09:59:56] Expected evaluation folds: 5

[2026-04-01 09:59:56] Building MOABBDataset for Lee2019_SSVEP...
[2026-04-01 10:00:05] MOABBDataset recordings loaded: 1
[2026-04-01 10:00:05] Discovered annotation descriptions (first recording): [np.str_('12.0'), np.str_('5.45'), np.str_('6.67'), np.str_('8.57')]
[2026-04-01 10:00:05] Dataset event_id mapping: {'12.0': 1, '8.57': 2, '6.67': 3, '5.45': 4}
[2026-04-01 10:00:05] Label map (event_code -> class_index): {1: 0, 2: 1, 3: 2, 4: 3}
[2026-04-01 10:00:05] Applying Braindecode preprocessors to MOABBDataset...
[2026-04-01 10:00:08] Preprocessing complete.

[2026-04-01 10:00:08] Post-preprocessing validation
[2026-04-01 10:00:08]   Recordings in DATASET: 1
[2026-04-01 10:00:08]   Unique subject IDs:    ['51']
[2026-04-01 10:00:08]   sfreq (first rec):     128.0 Hz
[2026-04-01 10:00:08]   EEG channel count:     62
[2026-04-01 10:00:08]   First 10 channels:     ['Fp1', 'Fp2', 'F7', 'F3', 'Fz', 'F4', 'F8', 'FC5', 'FC1', 'FC2']
[2026-04-01 10:00:08] Channel consistency summary:
[2026-04-01 10:00:08]   Checked runs: 1
[2026-04-01 10:00:08]   Unique channel counts: [62]
[2026-04-01 10:00:08]   Channel order consistent: True
[2026-04-01 10:00:08] Validated EEG channels: 62
[2026-04-01 10:00:08] First 10 EEG channels: ['Fp1', 'Fp2', 'F7', 'F3', 'Fz', 'F4', 'F8', 'FC5', 'FC1', 'FC2']
[2026-04-01 10:00:08] raw mean_abs=8.654730e+00
[2026-04-01 10:00:08] raw std=3.494582e+01
[2026-04-01 10:00:08] raw first5 channel std= [46.22404553 54.63339771 16.95830183 13.82897057 11.24366025]
[2026-04-01 10:00:08] Requested window samples: 536
[2026-04-01 10:00:08] Base trial samples:       512
[2026-04-01 10:00:08] Stop offset samples:      24
[2026-04-01 10:00:08] Global class counts: [25, 25, 25, 25]
[2026-04-01 10:00:08] Chance level (4-class): 0.25
[2026-04-01 10:00:08] One window shape: (62, 536)
[2026-04-01 10:00:08] One window label: 1
[2026-04-01 10:00:08] Window sample length expected=536, got=536
[2026-04-01 10:00:08] Subjects in window split: [51]
[2026-04-01 10:00:08] Summarizing per-subject windows...
[2026-04-01 10:00:08]   Subject 51: n_windows=100, window_shape=(62, 536), class_counts=[25, 25, 25, 25]
[2026-04-01 10:00:08]    subject_id  n_windows  n_channels  n_times      class_counts
0          51        100          62      536  [25, 25, 25, 25]
[2026-04-01 10:00:08] Window validation summary:
[2026-04-01 10:00:08]   Subject 51: n_windows=100 class_counts=[25, 25, 25, 25]

[2026-04-01 10:00:08] Validated sampling rate target: 128 Hz
[2026-04-01 10:00:08] Validated window sample count:   536
[2026-04-01 10:00:08] Validated window duration:       4.1875 s
[2026-04-01 10:00:08] Validated channel count:         62
[2026-04-01 10:00:08] Total windows retained:          100
[2026-04-01 10:00:08] Preprocessing sanity checks:
[2026-04-01 10:00:08]   One sample label: 1
[2026-04-01 10:00:08]   One sample shape: (62, 536)
[2026-04-01 10:00:08]   Mean(abs(signal)): 4.094026e+00
[2026-04-01 10:00:08]   Mean(signal):      7.346552e-09
[2026-04-01 10:00:08]   Std(signal):       5.860601e+00
[2026-04-01 10:00:08] Building model with input window duration: 4.1875 s
[2026-04-01 10:00:08] SignalJEPA_PreLocal instantiated successfully.
[2026-04-01 10:00:08]   Total parameters:     18,192
[2026-04-01 10:00:08]   Trainable parameters: 18,192
[2026-04-01 10:00:08] ======================================================================================================================================================
Layer (type (var_name):depth-idx)                  Input Shape               Output Shape              Param #                   Kernel Shape
======================================================================================================================================================
SignalJEPA_PreLocal (SignalJEPA_PreLocal)          [1, 62, 536]              [1, 4]                    --                        --
├─Sequential (spatial_conv): 1-1                   [1, 62, 536]              [1, 4, 536]               --                        --
│    └─Rearrange (0): 2-1                          [1, 62, 536]              [1, 1, 62, 536]           --                        --
│    └─Conv2d (1): 2-2                             [1, 1, 62, 536]           [1, 4, 1, 536]            252                       [62, 1]
│    └─Rearrange (2): 2-3                          [1, 4, 1, 536]            [1, 4, 536]               --                        --
├─_ConvFeatureEncoder (feature_encoder): 1-2       [1, 4, 536]               [1, 16, 64]               --                        --
│    └─Rearrange (0): 2-4                          [1, 4, 536]               [4, 1, 536]               --                        --
│    └─Sequential (1): 2-5                         [4, 1, 536]               [4, 8, 64]                --                        --
│    │    └─Conv1d (0): 3-1                        [4, 1, 536]               [4, 8, 64]                256                       [32]
│    │    └─Dropout (1): 3-2                       [4, 8, 64]                [4, 8, 64]                --                        --
│    │    └─GroupNorm (2): 3-3                     [4, 8, 64]                [4, 8, 64]                16                        --
│    │    └─GELU (3): 3-4                          [4, 8, 64]                [4, 8, 64]                --                        --
│    └─Sequential (2): 2-6                         [4, 8, 64]                [4, 16, 32]               --                        --
│    │    └─Conv1d (0): 3-5                        [4, 8, 64]                [4, 16, 32]               256                       [2]
│    │    └─Dropout (1): 3-6                       [4, 16, 32]               [4, 16, 32]               --                        --
│    │    └─GELU (2): 3-7                          [4, 16, 32]               [4, 16, 32]               --                        --
│    └─Sequential (3): 2-7                         [4, 16, 32]               [4, 32, 16]               --                        --
│    │    └─Conv1d (0): 3-8                        [4, 16, 32]               [4, 32, 16]               1,024                     [2]
│    │    └─Dropout (1): 3-9                       [4, 32, 16]               [4, 32, 16]               --                        --
│    │    └─GELU (2): 3-10                         [4, 32, 16]               [4, 32, 16]               --                        --
│    └─Sequential (4): 2-8                         [4, 32, 16]               [4, 64, 8]                --                        --
│    │    └─Conv1d (0): 3-11                       [4, 32, 16]               [4, 64, 8]                4,096                     [2]
│    │    └─Dropout (1): 3-12                      [4, 64, 8]                [4, 64, 8]                --                        --
│    │    └─GELU (2): 3-13                         [4, 64, 8]                [4, 64, 8]                --                        --
│    └─Sequential (5): 2-9                         [4, 64, 8]                [4, 64, 4]                --                        --
│    │    └─Conv1d (0): 3-14                       [4, 64, 8]                [4, 64, 4]                8,192                     [2]
│    │    └─Dropout (1): 3-15                      [4, 64, 4]                [4, 64, 4]                --                        --
│    │    └─GELU (2): 3-16                         [4, 64, 4]                [4, 64, 4]                --                        --
│    └─Rearrange (6): 2-10                         [4, 64, 4]                [1, 16, 64]               --                        --
├─Sequential (final_layer): 1-3                    [1, 16, 64]               [1, 4]                    --                        --
│    └─Flatten (0): 2-11                           [1, 16, 64]               [1, 1024]                 --                        --
│    └─Linear (1): 2-12                            [1, 1024]                 [1, 4]                    4,100                     --
======================================================================================================================================================
Total params: 18,192
Trainable params: 18,192
Non-trainable params: 0
Total mult-adds (Units.MEGABYTES): 0.57
======================================================================================================================================================
Input size (MB): 0.13
Forward/backward pass size (MB): 0.11
Params size (MB): 0.07
Estimated Total Size (MB): 0.31
======================================================================================================================================================
[2026-04-01 10:00:08] Initializing from 16s-60 pretrained checkpoint (Hugging Face):
[2026-04-01 10:00:08]   https://huggingface.co/braindecode/SignalJEPA/resolve/main/signal-jepa_16s-60_adeuwv4s.pth
[2026-04-01 10:00:08]   Downloaded 179 keys
[2026-04-01 10:00:08] ======================================================================
[2026-04-01 10:00:08] STARTING CROSS-VALIDATION
[2026-04-01 10:00:08] ======================================================================
[2026-04-01 10:00:08] Subjects:      [51]
[2026-04-01 10:00:08] CV folds:      5
[2026-04-01 10:00:08] Batch size:    8
[2026-04-01 10:00:08] Max epochs:    5000
[2026-04-01 10:00:08] Device:        cpu
[2026-04-01 10:00:08] Seed control:  True
[2026-04-01 10:00:08] Base seed:     2021
[2026-04-01 10:00:08] ======================================================================

[2026-04-01 10:00:08] Subject 51: 100 windows class_counts=[25, 25, 25, 25]
[2026-04-01 10:00:08]   Fold 1 split seed: 2022
[2026-04-01 10:00:08]   Fold 1 split class counts:
[2026-04-01 10:00:08]     train=[16, 16, 16, 16] val=[4, 4, 4, 4] test=[5, 5, 5, 5]
[2026-04-01 10:00:08]   Fold 2 split seed: 2023
[2026-04-01 10:00:08]   Fold 2 split class counts:
[2026-04-01 10:00:08]     train=[16, 16, 16, 16] val=[4, 4, 4, 4] test=[5, 5, 5, 5]
[2026-04-01 10:00:08]   Fold 3 split seed: 2024
[2026-04-01 10:00:08]   Fold 3 split class counts:
[2026-04-01 10:00:08]     train=[16, 16, 16, 16] val=[4, 4, 4, 4] test=[5, 5, 5, 5]
[2026-04-01 10:00:08]   Fold 4 split seed: 2025
[2026-04-01 10:00:08]   Fold 4 split class counts:
[2026-04-01 10:00:08]     train=[16, 16, 16, 16] val=[4, 4, 4, 4] test=[5, 5, 5, 5]
[2026-04-01 10:00:08]   Fold 5 split seed: 2026
[2026-04-01 10:00:08]   Fold 5 split class counts:
[2026-04-01 10:00:08]     train=[16, 16, 16, 16] val=[4, 4, 4, 4] test=[5, 5, 5, 5]
[2026-04-01 10:00:08]   Subject 51 Fold 1 seed: 7122
[2026-04-01 10:00:08]   Subject 51 Fold 1: n_train=64 n_val=16 n_test=20
[2026-04-01 10:00:08]     Train class counts: [16, 16, 16, 16]
[2026-04-01 10:00:08]     Val class counts:   [4, 4, 4, 4]
[2026-04-01 10:00:08]     Test class counts:  [5, 5, 5, 5]
[2026-04-01 10:00:08] Building model with input window duration: 4.1875 s
[2026-04-01 10:00:08] Pretrained weight loading:
[2026-04-01 10:00:08]   Downloaded keys:        179
[2026-04-01 10:00:08]   Filtered (transformer): 172
[2026-04-01 10:00:08]   Filtered (pos_encoder): 0
[2026-04-01 10:00:08]   Keys to load:           7
[2026-04-01 10:00:08]   Missing keys:           4
[2026-04-01 10:00:08]   Unexpected keys:        0
[2026-04-01 10:00:08]   Missing preview:        ['spatial_conv.1.weight', 'spatial_conv.1.bias', 'final_layer.1.weight', 'final_layer.1.bias']
[2026-04-01 10:00:08]   Unexpected preview:     []
[2026-04-01 10:00:08] Encoder freeze configuration:
[2026-04-01 10:00:08]   Total parameters:        18,192
[2026-04-01 10:00:08]   Trainable parameters:    4,352
[2026-04-01 10:00:08]   Training percentage:     23.9%
[2026-04-01 10:00:08]   Trainable layers: 4
[2026-04-01 10:00:08]     - final_layer.1.bias
[2026-04-01 10:00:08]     - final_layer.1.weight
[2026-04-01 10:00:08]     - spatial_conv.1.bias
[2026-04-01 10:00:08]     - spatial_conv.1.weight
[2026-04-01 10:00:08]     Train generator seeded: True
[2026-04-01 10:00:10]     Stopped epoch:            66
[2026-04-01 10:00:10]     Best epoch (valid_loss):  16
[2026-04-01 10:00:10]     Best valid_loss:          1.3798988461494446
[2026-04-01 10:00:10]     Test accuracy (primary):  0.3000
[2026-04-01 10:00:10]     Test balanced acc:        0.3000
[2026-04-01 10:00:10]     Confusion matrix:         [[1, 2, 1, 1], [0, 0, 2, 3], [0, 2, 2, 1], [2, 0, 0, 3]]
[2026-04-01 10:00:10]     Prediction histogram:     [3, 4, 5, 8]
[2026-04-01 10:00:10]     fold_acc=0.3000 fold_bal_acc=0.3000 cm=[[1, 2, 1, 1], [0, 0, 2, 3], [0, 2, 2, 1], [2, 0, 0, 3]]
[2026-04-01 10:00:10]   Subject 51 Fold 2 seed: 7123
[2026-04-01 10:00:10]   Subject 51 Fold 2: n_train=64 n_val=16 n_test=20
[2026-04-01 10:00:10]     Train class counts: [16, 16, 16, 16]
[2026-04-01 10:00:10]     Val class counts:   [4, 4, 4, 4]
[2026-04-01 10:00:10]     Test class counts:  [5, 5, 5, 5]
[2026-04-01 10:00:10] Building model with input window duration: 4.1875 s
[2026-04-01 10:00:10] Pretrained weight loading:
[2026-04-01 10:00:10]   Downloaded keys:        179
[2026-04-01 10:00:10]   Filtered (transformer): 172
[2026-04-01 10:00:10]   Filtered (pos_encoder): 0
[2026-04-01 10:00:10]   Keys to load:           7
[2026-04-01 10:00:10]   Missing keys:           4
[2026-04-01 10:00:10]   Unexpected keys:        0
[2026-04-01 10:00:10]   Missing preview:        ['spatial_conv.1.weight', 'spatial_conv.1.bias', 'final_layer.1.weight', 'final_layer.1.bias']
[2026-04-01 10:00:10]   Unexpected preview:     []
[2026-04-01 10:00:10] Encoder freeze configuration:
[2026-04-01 10:00:10]   Total parameters:        18,192
[2026-04-01 10:00:10]   Trainable parameters:    4,352
[2026-04-01 10:00:10]   Training percentage:     23.9%
[2026-04-01 10:00:10]   Trainable layers: 4
[2026-04-01 10:00:10]     - final_layer.1.bias
[2026-04-01 10:00:10]     - final_layer.1.weight
[2026-04-01 10:00:10]     - spatial_conv.1.bias
[2026-04-01 10:00:10]     - spatial_conv.1.weight
[2026-04-01 10:00:10]     Train generator seeded: True
[2026-04-01 10:00:11]     Stopped epoch:            54
[2026-04-01 10:00:11]     Best epoch (valid_loss):  4
[2026-04-01 10:00:11]     Best valid_loss:          1.3807106018066406
[2026-04-01 10:00:11]     Test accuracy (primary):  0.4000
[2026-04-01 10:00:11]     Test balanced acc:        0.4000
[2026-04-01 10:00:11]     Confusion matrix:         [[3, 0, 2, 0], [1, 1, 3, 0], [1, 1, 3, 0], [0, 3, 1, 1]]
[2026-04-01 10:00:11]     Prediction histogram:     [5, 5, 9, 1]
[2026-04-01 10:00:11]     fold_acc=0.4000 fold_bal_acc=0.4000 cm=[[3, 0, 2, 0], [1, 1, 3, 0], [1, 1, 3, 0], [0, 3, 1, 1]]
[2026-04-01 10:00:11]   Subject 51 Fold 3 seed: 7124
[2026-04-01 10:00:11]   Subject 51 Fold 3: n_train=64 n_val=16 n_test=20
[2026-04-01 10:00:11]     Train class counts: [16, 16, 16, 16]
[2026-04-01 10:00:11]     Val class counts:   [4, 4, 4, 4]
[2026-04-01 10:00:11]     Test class counts:  [5, 5, 5, 5]
[2026-04-01 10:00:11] Building model with input window duration: 4.1875 s
[2026-04-01 10:00:11] Pretrained weight loading:
[2026-04-01 10:00:11]   Downloaded keys:        179
[2026-04-01 10:00:11]   Filtered (transformer): 172
[2026-04-01 10:00:11]   Filtered (pos_encoder): 0
[2026-04-01 10:00:11]   Keys to load:           7
[2026-04-01 10:00:11]   Missing keys:           4
[2026-04-01 10:00:11]   Unexpected keys:        0
[2026-04-01 10:00:11]   Missing preview:        ['spatial_conv.1.weight', 'spatial_conv.1.bias', 'final_layer.1.weight', 'final_layer.1.bias']
[2026-04-01 10:00:11]   Unexpected preview:     []
[2026-04-01 10:00:11] Encoder freeze configuration:
[2026-04-01 10:00:11]   Total parameters:        18,192
[2026-04-01 10:00:11]   Trainable parameters:    4,352
[2026-04-01 10:00:11]   Training percentage:     23.9%
[2026-04-01 10:00:11]   Trainable layers: 4
[2026-04-01 10:00:11]     - final_layer.1.bias
[2026-04-01 10:00:11]     - final_layer.1.weight
[2026-04-01 10:00:11]     - spatial_conv.1.bias
[2026-04-01 10:00:11]     - spatial_conv.1.weight
[2026-04-01 10:00:11]     Train generator seeded: True
[2026-04-01 10:00:12]     Stopped epoch:            66
[2026-04-01 10:00:12]     Best epoch (valid_loss):  16
[2026-04-01 10:00:12]     Best valid_loss:          1.3487130999565125
[2026-04-01 10:00:12]     Test accuracy (primary):  0.2000
[2026-04-01 10:00:12]     Test balanced acc:        0.2000
[2026-04-01 10:00:12]     Confusion matrix:         [[1, 1, 1, 2], [2, 1, 1, 1], [2, 1, 1, 1], [0, 4, 0, 1]]
[2026-04-01 10:00:12]     Prediction histogram:     [5, 7, 3, 5]
[2026-04-01 10:00:12]     fold_acc=0.2000 fold_bal_acc=0.2000 cm=[[1, 1, 1, 2], [2, 1, 1, 1], [2, 1, 1, 1], [0, 4, 0, 1]]
[2026-04-01 10:00:12]   Subject 51 Fold 4 seed: 7125
[2026-04-01 10:00:12]   Subject 51 Fold 4: n_train=64 n_val=16 n_test=20
[2026-04-01 10:00:12]     Train class counts: [16, 16, 16, 16]
[2026-04-01 10:00:12]     Val class counts:   [4, 4, 4, 4]
[2026-04-01 10:00:12]     Test class counts:  [5, 5, 5, 5]
[2026-04-01 10:00:12] Building model with input window duration: 4.1875 s
[2026-04-01 10:00:12] Pretrained weight loading:
[2026-04-01 10:00:12]   Downloaded keys:        179
[2026-04-01 10:00:12]   Filtered (transformer): 172
[2026-04-01 10:00:12]   Filtered (pos_encoder): 0
[2026-04-01 10:00:12]   Keys to load:           7
[2026-04-01 10:00:12]   Missing keys:           4
[2026-04-01 10:00:12]   Unexpected keys:        0
[2026-04-01 10:00:12]   Missing preview:        ['spatial_conv.1.weight', 'spatial_conv.1.bias', 'final_layer.1.weight', 'final_layer.1.bias']
[2026-04-01 10:00:12]   Unexpected preview:     []
[2026-04-01 10:00:12] Encoder freeze configuration:
[2026-04-01 10:00:12]   Total parameters:        18,192
[2026-04-01 10:00:12]   Trainable parameters:    4,352
[2026-04-01 10:00:12]   Training percentage:     23.9%
[2026-04-01 10:00:12]   Trainable layers: 4
[2026-04-01 10:00:12]     - final_layer.1.bias
[2026-04-01 10:00:12]     - final_layer.1.weight
[2026-04-01 10:00:12]     - spatial_conv.1.bias
[2026-04-01 10:00:12]     - spatial_conv.1.weight
[2026-04-01 10:00:12]     Train generator seeded: True
[2026-04-01 10:00:13]     Stopped epoch:            51
[2026-04-01 10:00:13]     Best epoch (valid_loss):  1
[2026-04-01 10:00:13]     Best valid_loss:          1.390236735343933
[2026-04-01 10:00:13]     Test accuracy (primary):  0.2500
[2026-04-01 10:00:13]     Test balanced acc:        0.2500
[2026-04-01 10:00:13]     Confusion matrix:         [[0, 4, 1, 0], [0, 4, 1, 0], [0, 4, 1, 0], [0, 4, 1, 0]]
[2026-04-01 10:00:13]     Prediction histogram:     [0, 16, 4, 0]
[2026-04-01 10:00:13]     fold_acc=0.2500 fold_bal_acc=0.2500 cm=[[0, 4, 1, 0], [0, 4, 1, 0], [0, 4, 1, 0], [0, 4, 1, 0]]
[2026-04-01 10:00:13]   Subject 51 Fold 5 seed: 7126
[2026-04-01 10:00:13]   Subject 51 Fold 5: n_train=64 n_val=16 n_test=20
[2026-04-01 10:00:13]     Train class counts: [16, 16, 16, 16]
[2026-04-01 10:00:13]     Val class counts:   [4, 4, 4, 4]
[2026-04-01 10:00:13]     Test class counts:  [5, 5, 5, 5]
[2026-04-01 10:00:13] Building model with input window duration: 4.1875 s
[2026-04-01 10:00:13] Pretrained weight loading:
[2026-04-01 10:00:13]   Downloaded keys:        179
[2026-04-01 10:00:13]   Filtered (transformer): 172
[2026-04-01 10:00:13]   Filtered (pos_encoder): 0
[2026-04-01 10:00:13]   Keys to load:           7
[2026-04-01 10:00:13]   Missing keys:           4
[2026-04-01 10:00:13]   Unexpected keys:        0
[2026-04-01 10:00:13]   Missing preview:        ['spatial_conv.1.weight', 'spatial_conv.1.bias', 'final_layer.1.weight', 'final_layer.1.bias']
[2026-04-01 10:00:13]   Unexpected preview:     []
[2026-04-01 10:00:13] Encoder freeze configuration:
[2026-04-01 10:00:13]   Total parameters:        18,192
[2026-04-01 10:00:13]   Trainable parameters:    4,352
[2026-04-01 10:00:13]   Training percentage:     23.9%
[2026-04-01 10:00:13]   Trainable layers: 4
[2026-04-01 10:00:13]     - final_layer.1.bias
[2026-04-01 10:00:13]     - final_layer.1.weight
[2026-04-01 10:00:13]     - spatial_conv.1.bias
[2026-04-01 10:00:13]     - spatial_conv.1.weight
[2026-04-01 10:00:13]     Train generator seeded: True
[2026-04-01 10:00:14]     Stopped epoch:            71
[2026-04-01 10:00:14]     Best epoch (valid_loss):  21
[2026-04-01 10:00:14]     Best valid_loss:          1.3014732003211975
[2026-04-01 10:00:14]     Test accuracy (primary):  0.3500
[2026-04-01 10:00:14]     Test balanced acc:        0.3500
[2026-04-01 10:00:14]     Confusion matrix:         [[0, 4, 0, 1], [2, 2, 0, 1], [0, 0, 4, 1], [3, 1, 0, 1]]
[2026-04-01 10:00:14]     Prediction histogram:     [5, 7, 4, 4]
[2026-04-01 10:00:14]     fold_acc=0.3500 fold_bal_acc=0.3500 cm=[[0, 4, 0, 1], [2, 2, 0, 1], [0, 0, 4, 1], [3, 1, 0, 1]]
[2026-04-01 10:00:14]   Subject 51 mean accuracy: 0.3000

[2026-04-01 10:00:14] Total folds completed: 5
[2026-04-01 10:00:14] ======================================================================
[2026-04-01 10:00:14] AGGREGATED RESULTS
[2026-04-01 10:00:14] ======================================================================
[2026-04-01 10:00:14]   Subject 51:  acc=0.3000±0.0707  bal_acc=0.3000±0.0707
[2026-04-01 10:00:14] ----------------------------------------------------------------------
[2026-04-01 10:00:14]   OVERALL:      acc=0.3000±0.0707  bal_acc=0.3000±0.0707
[2026-04-01 10:00:14] ======================================================================
[2026-04-01 10:00:15] CV results saved to:      /home/vegorov/Repos/eeg_jepa_research/artifacts/lee-2019-fine-tuning/SSVEP/20260401_0959_e7f2cf3f/cv_results.json
[2026-04-01 10:00:15] Subject metrics saved to: /home/vegorov/Repos/eeg_jepa_research/artifacts/lee-2019-fine-tuning/SSVEP/20260401_0959_e7f2cf3f/subject_metrics.json
[2026-04-01 10:00:15] Global metrics saved to:  /home/vegorov/Repos/eeg_jepa_research/artifacts/lee-2019-fine-tuning/SSVEP/20260401_0959_e7f2cf3f/global_metrics.json
[2026-04-01 10:00:15] Run metadata saved to:    /home/vegorov/Repos/eeg_jepa_research/artifacts/lee-2019-fine-tuning/SSVEP/20260401_0959_e7f2cf3f/run_metadata.json

[2026-04-01 10:00:15] All artifacts in: /home/vegorov/Repos/eeg_jepa_research/artifacts/lee-2019-fine-tuning/SSVEP/20260401_0959_e7f2cf3f

[2026-04-01 10:00:15] ======================================================================
[2026-04-01 10:00:15] EXPERIMENT SUMMARY
[2026-04-01 10:00:15] ======================================================================
[2026-04-01 10:00:15] Run ID:    20260401_0959_e7f2cf3f
[2026-04-01 10:00:15] Artifacts: /home/vegorov/Repos/eeg_jepa_research/artifacts/lee-2019-fine-tuning/SSVEP/20260401_0959_e7f2cf3f

[2026-04-01 10:00:15] Configuration:
[2026-04-01 10:00:15]   Subjects:          [51]
[2026-04-01 10:00:15]   Bandpass:          0.5-40.0 Hz
[2026-04-01 10:00:15]   Resample:          128 Hz
[2026-04-01 10:00:15]   CV folds:          5
[2026-04-01 10:00:15]   Learning rate:     0.0025
[2026-04-01 10:00:15]   Batch size:        8
[2026-04-01 10:00:15]   Max epochs:        5000

[2026-04-01 10:00:15] Results:
[2026-04-01 10:00:15]   Mean Accuracy:          0.3000 ± 0.0707
[2026-04-01 10:00:15]   Mean Balanced Accuracy: 0.3000 ± 0.0707
