[2026-03-31 17:23:27] Using device: cpu
[2026-03-31 17:23:27] Seed control enabled: True
[2026-03-31 17:23:27] Base seed: 302
[2026-03-31 17:23:27] Seed initialized: 302
[2026-03-31 17:23:27] ======================================================================
[2026-03-31 17:23:27] CONFIGURATION
[2026-03-31 17:23:27] ======================================================================
[2026-03-31 17:23:27]   artifact_dir: /home/vegorov/Repos/eeg_jepa_research/artifacts/lee-2019-fine-tuning
[2026-03-31 17:23:27]   bandpass_high: 40.0
[2026-03-31 17:23:27]   bandpass_low: 0.5
[2026-03-31 17:23:27]   batch_size: 16
[2026-03-31 17:23:27]   convert_to_uV: True
[2026-03-31 17:23:27]   cv_folds: 5
[2026-03-31 17:23:27]   device: auto
[2026-03-31 17:23:27]   early_stopping_patience: 50
[2026-03-31 17:23:27]   learning_rate: 0.001
[2026-03-31 17:23:27]   n_epochs: 5000
[2026-03-31 17:23:27]   normalization_method: zscore
[2026-03-31 17:23:27]   normalize: True
[2026-03-31 17:23:27]   paradigm: SSVEP
[2026-03-31 17:23:27]   pretrained_url: https://huggingface.co/braindecode/SignalJEPA/resolve/main/signal-jepa_16s-60_adeuwv4s.pth
[2026-03-31 17:23:27]   seed: 302
[2026-03-31 17:23:27]   set_seed: True
[2026-03-31 17:23:27]   sfreq: 128
[2026-03-31 17:23:27]   subjects_to_use: [51, 54]
[2026-03-31 17:23:27]   val_split: 0.2
[2026-03-31 17:23:27] ======================================================================
[2026-03-31 17:23:27] Config saved to: /home/vegorov/Repos/eeg_jepa_research/artifacts/lee-2019-fine-tuning/SSVEP/20260331_1723_0b5f0dae/config.json
[2026-03-31 17:23:27] Epoch window configuration:
[2026-03-31 17:23:27]   Target sfreq:                128 Hz
[2026-03-31 17:23:27]   Target duration:             4.190000 s
[2026-03-31 17:23:27]   Window samples (rounded):    536
[2026-03-31 17:23:27]   Base trial samples (4.0 s):  512
[2026-03-31 17:23:27]   Trial stop offset samples:   24
[2026-03-31 17:23:27]   Effective window duration:   4.187500 s
[2026-03-31 17:23:27] Using specified subjects from config: [51, 54]
[2026-03-31 17:23:27] Selected subjects: [51, 54]
[2026-03-31 17:23:27] Expected evaluation folds: 10

[2026-03-31 17:23:27] Building MOABBDataset for Lee2019_SSVEP...
[2026-03-31 17:23:45] MOABBDataset recordings loaded: 2
[2026-03-31 17:23:45] Discovered annotation descriptions (first recording): [np.str_('12.0'), np.str_('5.45'), np.str_('6.67'), np.str_('8.57')]
[2026-03-31 17:23:45] Dataset event_id mapping: {'12.0': 1, '8.57': 2, '6.67': 3, '5.45': 4}
[2026-03-31 17:23:45] Label map (event_code -> class_index): {1: 0, 2: 1, 3: 2, 4: 3}
[2026-03-31 17:23:45] Applying Braindecode preprocessors to MOABBDataset...
[2026-03-31 17:23:52] Preprocessing complete.

[2026-03-31 17:23:52] Post-preprocessing validation
[2026-03-31 17:23:52]   Recordings in DATASET: 2
[2026-03-31 17:23:52]   Unique subject IDs:    ['51', '54']
[2026-03-31 17:23:52]   sfreq (first rec):     128.0 Hz
[2026-03-31 17:23:52]   EEG channel count:     62
[2026-03-31 17:23:52]   First 10 channels:     ['Fp1', 'Fp2', 'F7', 'F3', 'Fz', 'F4', 'F8', 'FC5', 'FC1', 'FC2']
[2026-03-31 17:23:52] Channel consistency summary:
[2026-03-31 17:23:52]   Checked runs: 2
[2026-03-31 17:23:52]   Unique channel counts: [62]
[2026-03-31 17:23:52]   Channel order consistent: True
[2026-03-31 17:23:52] Validated EEG channels: 62
[2026-03-31 17:23:52] First 10 EEG channels: ['Fp1', 'Fp2', 'F7', 'F3', 'Fz', 'F4', 'F8', 'FC5', 'FC1', 'FC2']
[2026-03-31 17:23:52] raw mean_abs=6.332631e-01
[2026-03-31 17:23:52] raw std=1.000000e+00
[2026-03-31 17:23:52] raw first5 channel std= [1. 1. 1. 1. 1.]
[2026-03-31 17:23:52] Requested window samples: 536
[2026-03-31 17:23:52] Base trial samples:       512
[2026-03-31 17:23:52] Stop offset samples:      24
[2026-03-31 17:23:52] Global class counts: [50, 50, 50, 50]
[2026-03-31 17:23:52] Chance level (4-class): 0.25
[2026-03-31 17:23:52] One window shape: (62, 536)
[2026-03-31 17:23:52] One window label: 1
[2026-03-31 17:23:52] Window sample length expected=536, got=536
[2026-03-31 17:23:52] Subjects in window split: [51, 54]
[2026-03-31 17:23:52] Summarizing per-subject windows...
[2026-03-31 17:23:52]   Subject 51: n_windows=100, window_shape=(62, 536), class_counts=[25, 25, 25, 25]
[2026-03-31 17:23:52]   Subject 54: n_windows=100, window_shape=(62, 536), class_counts=[25, 25, 25, 25]
[2026-03-31 17:23:52]    subject_id  n_windows  n_channels  n_times      class_counts
0          51        100          62      536  [25, 25, 25, 25]
1          54        100          62      536  [25, 25, 25, 25]
[2026-03-31 17:23:52] Window validation summary:
[2026-03-31 17:23:52]   Subject 51: n_windows=100 class_counts=[25, 25, 25, 25]
[2026-03-31 17:23:52]   Subject 54: n_windows=100 class_counts=[25, 25, 25, 25]

[2026-03-31 17:23:52] Validated sampling rate target: 128 Hz
[2026-03-31 17:23:52] Validated window sample count:   536
[2026-03-31 17:23:52] Validated window duration:       4.1875 s
[2026-03-31 17:23:52] Validated channel count:         62
[2026-03-31 17:23:52] Total windows retained:          200
[2026-03-31 17:23:52] Preprocessing sanity checks:
[2026-03-31 17:23:52]   One sample label: 1
[2026-03-31 17:23:52]   One sample shape: (62, 536)
[2026-03-31 17:23:52]   Mean(abs(signal)): 3.408678e-01
[2026-03-31 17:23:52]   Mean(signal):      -3.805435e-03
[2026-03-31 17:23:52]   Std(signal):       4.501492e-01
[2026-03-31 17:23:52] Building model with input window duration: 4.1875 s
[2026-03-31 17:23:52] SignalJEPA_PreLocal instantiated successfully.
[2026-03-31 17:23:52]   Total parameters:     18,192
[2026-03-31 17:23:52]   Trainable parameters: 18,192
[2026-03-31 17:23:52] ======================================================================================================================================================
Layer (type (var_name):depth-idx)                  Input Shape               Output Shape              Param #                   Kernel Shape
======================================================================================================================================================
SignalJEPA_PreLocal (SignalJEPA_PreLocal)          [1, 62, 536]              [1, 4]                    --                        --
├─Sequential (spatial_conv): 1-1                   [1, 62, 536]              [1, 4, 536]               --                        --
│    └─Rearrange (0): 2-1                          [1, 62, 536]              [1, 1, 62, 536]           --                        --
│    └─Conv2d (1): 2-2                             [1, 1, 62, 536]           [1, 4, 1, 536]            252                       [62, 1]
│    └─Rearrange (2): 2-3                          [1, 4, 1, 536]            [1, 4, 536]               --                        --
├─_ConvFeatureEncoder (feature_encoder): 1-2       [1, 4, 536]               [1, 16, 64]               --                        --
│    └─Rearrange (0): 2-4                          [1, 4, 536]               [4, 1, 536]               --                        --
│    └─Sequential (1): 2-5                         [4, 1, 536]               [4, 8, 64]                --                        --
│    │    └─Conv1d (0): 3-1                        [4, 1, 536]               [4, 8, 64]                256                       [32]
│    │    └─Dropout (1): 3-2                       [4, 8, 64]                [4, 8, 64]                --                        --
│    │    └─GroupNorm (2): 3-3                     [4, 8, 64]                [4, 8, 64]                16                        --
│    │    └─GELU (3): 3-4                          [4, 8, 64]                [4, 8, 64]                --                        --
│    └─Sequential (2): 2-6                         [4, 8, 64]                [4, 16, 32]               --                        --
│    │    └─Conv1d (0): 3-5                        [4, 8, 64]                [4, 16, 32]               256                       [2]
│    │    └─Dropout (1): 3-6                       [4, 16, 32]               [4, 16, 32]               --                        --
│    │    └─GELU (2): 3-7                          [4, 16, 32]               [4, 16, 32]               --                        --
│    └─Sequential (3): 2-7                         [4, 16, 32]               [4, 32, 16]               --                        --
│    │    └─Conv1d (0): 3-8                        [4, 16, 32]               [4, 32, 16]               1,024                     [2]
│    │    └─Dropout (1): 3-9                       [4, 32, 16]               [4, 32, 16]               --                        --
│    │    └─GELU (2): 3-10                         [4, 32, 16]               [4, 32, 16]               --                        --
│    └─Sequential (4): 2-8                         [4, 32, 16]               [4, 64, 8]                --                        --
│    │    └─Conv1d (0): 3-11                       [4, 32, 16]               [4, 64, 8]                4,096                     [2]
│    │    └─Dropout (1): 3-12                      [4, 64, 8]                [4, 64, 8]                --                        --
│    │    └─GELU (2): 3-13                         [4, 64, 8]                [4, 64, 8]                --                        --
│    └─Sequential (5): 2-9                         [4, 64, 8]                [4, 64, 4]                --                        --
│    │    └─Conv1d (0): 3-14                       [4, 64, 8]                [4, 64, 4]                8,192                     [2]
│    │    └─Dropout (1): 3-15                      [4, 64, 4]                [4, 64, 4]                --                        --
│    │    └─GELU (2): 3-16                         [4, 64, 4]                [4, 64, 4]                --                        --
│    └─Rearrange (6): 2-10                         [4, 64, 4]                [1, 16, 64]               --                        --
├─Sequential (final_layer): 1-3                    [1, 16, 64]               [1, 4]                    --                        --
│    └─Flatten (0): 2-11                           [1, 16, 64]               [1, 1024]                 --                        --
│    └─Linear (1): 2-12                            [1, 1024]                 [1, 4]                    4,100                     --
======================================================================================================================================================
Total params: 18,192
Trainable params: 18,192
Non-trainable params: 0
Total mult-adds (Units.MEGABYTES): 0.57
======================================================================================================================================================
Input size (MB): 0.13
Forward/backward pass size (MB): 0.11
Params size (MB): 0.07
Estimated Total Size (MB): 0.31
======================================================================================================================================================
[2026-03-31 17:23:52] Initializing from 16s-60 pretrained checkpoint (Hugging Face):
[2026-03-31 17:23:52]   https://huggingface.co/braindecode/SignalJEPA/resolve/main/signal-jepa_16s-60_adeuwv4s.pth
[2026-03-31 17:23:52]   Downloaded 179 keys
[2026-03-31 17:23:52] ======================================================================
[2026-03-31 17:23:52] STARTING CROSS-VALIDATION
[2026-03-31 17:23:52] ======================================================================
[2026-03-31 17:23:52] Subjects:      [51, 54]
[2026-03-31 17:23:52] CV folds:      5
[2026-03-31 17:23:52] Batch size:    16
[2026-03-31 17:23:52] Max epochs:    5000
[2026-03-31 17:23:52] Device:        cpu
[2026-03-31 17:23:52] Seed control:  True
[2026-03-31 17:23:52] Base seed:     302
[2026-03-31 17:23:52] ======================================================================

[2026-03-31 17:23:52] Subject 51: 100 windows class_counts=[25, 25, 25, 25]
[2026-03-31 17:23:52]   Fold 1 split seed: 303
[2026-03-31 17:23:52]   Fold 1 split class counts:
[2026-03-31 17:23:52]     train=[16, 16, 16, 16] val=[4, 4, 4, 4] test=[5, 5, 5, 5]
[2026-03-31 17:23:52]   Fold 2 split seed: 304
[2026-03-31 17:23:52]   Fold 2 split class counts:
[2026-03-31 17:23:52]     train=[16, 16, 16, 16] val=[4, 4, 4, 4] test=[5, 5, 5, 5]
[2026-03-31 17:23:52]   Fold 3 split seed: 305
[2026-03-31 17:23:52]   Fold 3 split class counts:
[2026-03-31 17:23:52]     train=[16, 16, 16, 16] val=[4, 4, 4, 4] test=[5, 5, 5, 5]
[2026-03-31 17:23:52]   Fold 4 split seed: 306
[2026-03-31 17:23:52]   Fold 4 split class counts:
[2026-03-31 17:23:52]     train=[16, 16, 16, 16] val=[4, 4, 4, 4] test=[5, 5, 5, 5]
[2026-03-31 17:23:52]   Fold 5 split seed: 307
[2026-03-31 17:23:52]   Fold 5 split class counts:
[2026-03-31 17:23:52]     train=[16, 16, 16, 16] val=[4, 4, 4, 4] test=[5, 5, 5, 5]
[2026-03-31 17:23:52]   Subject 51 Fold 1 seed: 5403
[2026-03-31 17:23:52]   Subject 51 Fold 1: n_train=64 n_val=16 n_test=20
[2026-03-31 17:23:52]     Train class counts: [16, 16, 16, 16]
[2026-03-31 17:23:52]     Val class counts:   [4, 4, 4, 4]
[2026-03-31 17:23:52]     Test class counts:  [5, 5, 5, 5]
[2026-03-31 17:23:52] Building model with input window duration: 4.1875 s
[2026-03-31 17:23:52] Pretrained weight loading:
[2026-03-31 17:23:52]   Downloaded keys:        179
[2026-03-31 17:23:52]   Filtered (transformer): 172
[2026-03-31 17:23:52]   Filtered (pos_encoder): 0
[2026-03-31 17:23:52]   Keys to load:           7
[2026-03-31 17:23:52]   Missing keys:           4
[2026-03-31 17:23:52]   Unexpected keys:        0
[2026-03-31 17:23:52]   Missing preview:        ['spatial_conv.1.weight', 'spatial_conv.1.bias', 'final_layer.1.weight', 'final_layer.1.bias']
[2026-03-31 17:23:52]   Unexpected preview:     []
[2026-03-31 17:23:52] Encoder freeze configuration:
[2026-03-31 17:23:52]   Total parameters:        18,192
[2026-03-31 17:23:52]   Trainable parameters:    4,352
[2026-03-31 17:23:52]   Training percentage:     23.9%
[2026-03-31 17:23:52]   Trainable layers: 4
[2026-03-31 17:23:52]     - final_layer.1.bias
[2026-03-31 17:23:52]     - final_layer.1.weight
[2026-03-31 17:23:52]     - spatial_conv.1.bias
[2026-03-31 17:23:52]     - spatial_conv.1.weight
[2026-03-31 17:23:52]     Train generator seeded: True
[2026-03-31 17:23:53]     Stopped epoch:            54
[2026-03-31 17:23:53]     Best epoch (valid_loss):  4
[2026-03-31 17:23:53]     Best valid_loss:          1.3861967325210571
[2026-03-31 17:23:53]     Test accuracy (primary):  0.2500
[2026-03-31 17:23:53]     Test balanced acc:        0.2500
[2026-03-31 17:23:53]     Confusion matrix:         [[4, 0, 1, 0], [4, 1, 0, 0], [4, 1, 0, 0], [5, 0, 0, 0]]
[2026-03-31 17:23:53]     Prediction histogram:     [17, 2, 1, 0]
[2026-03-31 17:23:53]     fold_acc=0.2500 fold_bal_acc=0.2500 cm=[[4, 0, 1, 0], [4, 1, 0, 0], [4, 1, 0, 0], [5, 0, 0, 0]]
[2026-03-31 17:23:53]   Subject 51 Fold 2 seed: 5404
[2026-03-31 17:23:53]   Subject 51 Fold 2: n_train=64 n_val=16 n_test=20
[2026-03-31 17:23:53]     Train class counts: [16, 16, 16, 16]
[2026-03-31 17:23:53]     Val class counts:   [4, 4, 4, 4]
[2026-03-31 17:23:53]     Test class counts:  [5, 5, 5, 5]
[2026-03-31 17:23:53] Building model with input window duration: 4.1875 s
[2026-03-31 17:23:53] Pretrained weight loading:
[2026-03-31 17:23:53]   Downloaded keys:        179
[2026-03-31 17:23:53]   Filtered (transformer): 172
[2026-03-31 17:23:53]   Filtered (pos_encoder): 0
[2026-03-31 17:23:53]   Keys to load:           7
[2026-03-31 17:23:53]   Missing keys:           4
[2026-03-31 17:23:53]   Unexpected keys:        0
[2026-03-31 17:23:53]   Missing preview:        ['spatial_conv.1.weight', 'spatial_conv.1.bias', 'final_layer.1.weight', 'final_layer.1.bias']
[2026-03-31 17:23:53]   Unexpected preview:     []
[2026-03-31 17:23:53] Encoder freeze configuration:
[2026-03-31 17:23:53]   Total parameters:        18,192
[2026-03-31 17:23:53]   Trainable parameters:    4,352
[2026-03-31 17:23:53]   Training percentage:     23.9%
[2026-03-31 17:23:53]   Trainable layers: 4
[2026-03-31 17:23:53]     - final_layer.1.bias
[2026-03-31 17:23:53]     - final_layer.1.weight
[2026-03-31 17:23:53]     - spatial_conv.1.bias
[2026-03-31 17:23:53]     - spatial_conv.1.weight
[2026-03-31 17:23:53]     Train generator seeded: True
[2026-03-31 17:23:56]     Stopped epoch:            203
[2026-03-31 17:23:56]     Best epoch (valid_loss):  153
[2026-03-31 17:23:56]     Best valid_loss:          1.2231359481811523
[2026-03-31 17:23:56]     Test accuracy (primary):  0.1500
[2026-03-31 17:23:56]     Test balanced acc:        0.1500
[2026-03-31 17:23:56]     Confusion matrix:         [[1, 1, 2, 1], [1, 1, 1, 2], [2, 1, 1, 1], [4, 0, 1, 0]]
[2026-03-31 17:23:56]     Prediction histogram:     [8, 3, 5, 4]
[2026-03-31 17:23:56]     fold_acc=0.1500 fold_bal_acc=0.1500 cm=[[1, 1, 2, 1], [1, 1, 1, 2], [2, 1, 1, 1], [4, 0, 1, 0]]
[2026-03-31 17:23:56]   Subject 51 Fold 3 seed: 5405
[2026-03-31 17:23:56]   Subject 51 Fold 3: n_train=64 n_val=16 n_test=20
[2026-03-31 17:23:56]     Train class counts: [16, 16, 16, 16]
[2026-03-31 17:23:56]     Val class counts:   [4, 4, 4, 4]
[2026-03-31 17:23:56]     Test class counts:  [5, 5, 5, 5]
[2026-03-31 17:23:56] Building model with input window duration: 4.1875 s
[2026-03-31 17:23:56] Pretrained weight loading:
[2026-03-31 17:23:56]   Downloaded keys:        179
[2026-03-31 17:23:56]   Filtered (transformer): 172
[2026-03-31 17:23:56]   Filtered (pos_encoder): 0
[2026-03-31 17:23:56]   Keys to load:           7
[2026-03-31 17:23:56]   Missing keys:           4
[2026-03-31 17:23:56]   Unexpected keys:        0
[2026-03-31 17:23:56]   Missing preview:        ['spatial_conv.1.weight', 'spatial_conv.1.bias', 'final_layer.1.weight', 'final_layer.1.bias']
[2026-03-31 17:23:56]   Unexpected preview:     []
[2026-03-31 17:23:56] Encoder freeze configuration:
[2026-03-31 17:23:56]   Total parameters:        18,192
[2026-03-31 17:23:56]   Trainable parameters:    4,352
[2026-03-31 17:23:56]   Training percentage:     23.9%
[2026-03-31 17:23:56]   Trainable layers: 4
[2026-03-31 17:23:56]     - final_layer.1.bias
[2026-03-31 17:23:56]     - final_layer.1.weight
[2026-03-31 17:23:56]     - spatial_conv.1.bias
[2026-03-31 17:23:56]     - spatial_conv.1.weight
[2026-03-31 17:23:56]     Train generator seeded: True
[2026-03-31 17:23:57]     Stopped epoch:            114
[2026-03-31 17:23:57]     Best epoch (valid_loss):  64
[2026-03-31 17:23:57]     Best valid_loss:          1.3163162469863892
[2026-03-31 17:23:57]     Test accuracy (primary):  0.3000
[2026-03-31 17:23:57]     Test balanced acc:        0.3000
[2026-03-31 17:23:57]     Confusion matrix:         [[1, 2, 1, 1], [3, 1, 0, 1], [1, 0, 1, 3], [1, 1, 0, 3]]
[2026-03-31 17:23:57]     Prediction histogram:     [6, 4, 2, 8]
[2026-03-31 17:23:57]     fold_acc=0.3000 fold_bal_acc=0.3000 cm=[[1, 2, 1, 1], [3, 1, 0, 1], [1, 0, 1, 3], [1, 1, 0, 3]]
[2026-03-31 17:23:57]   Subject 51 Fold 4 seed: 5406
[2026-03-31 17:23:57]   Subject 51 Fold 4: n_train=64 n_val=16 n_test=20
[2026-03-31 17:23:57]     Train class counts: [16, 16, 16, 16]
[2026-03-31 17:23:57]     Val class counts:   [4, 4, 4, 4]
[2026-03-31 17:23:57]     Test class counts:  [5, 5, 5, 5]
[2026-03-31 17:23:57] Building model with input window duration: 4.1875 s
[2026-03-31 17:23:57] Pretrained weight loading:
[2026-03-31 17:23:57]   Downloaded keys:        179
[2026-03-31 17:23:57]   Filtered (transformer): 172
[2026-03-31 17:23:57]   Filtered (pos_encoder): 0
[2026-03-31 17:23:57]   Keys to load:           7
[2026-03-31 17:23:57]   Missing keys:           4
[2026-03-31 17:23:57]   Unexpected keys:        0
[2026-03-31 17:23:57]   Missing preview:        ['spatial_conv.1.weight', 'spatial_conv.1.bias', 'final_layer.1.weight', 'final_layer.1.bias']
[2026-03-31 17:23:57]   Unexpected preview:     []
[2026-03-31 17:23:57] Encoder freeze configuration:
[2026-03-31 17:23:57]   Total parameters:        18,192
[2026-03-31 17:23:57]   Trainable parameters:    4,352
[2026-03-31 17:23:57]   Training percentage:     23.9%
[2026-03-31 17:23:57]   Trainable layers: 4
[2026-03-31 17:23:57]     - final_layer.1.bias
[2026-03-31 17:23:57]     - final_layer.1.weight
[2026-03-31 17:23:57]     - spatial_conv.1.bias
[2026-03-31 17:23:57]     - spatial_conv.1.weight
[2026-03-31 17:23:57]     Train generator seeded: True
[2026-03-31 17:23:58]     Stopped epoch:            82
[2026-03-31 17:23:58]     Best epoch (valid_loss):  32
[2026-03-31 17:23:58]     Best valid_loss:          1.3772122859954834
[2026-03-31 17:23:58]     Test accuracy (primary):  0.4000
[2026-03-31 17:23:58]     Test balanced acc:        0.4000
[2026-03-31 17:23:58]     Confusion matrix:         [[2, 0, 0, 3], [0, 4, 1, 0], [1, 1, 2, 1], [2, 1, 2, 0]]
[2026-03-31 17:23:58]     Prediction histogram:     [5, 6, 5, 4]
[2026-03-31 17:23:58]     fold_acc=0.4000 fold_bal_acc=0.4000 cm=[[2, 0, 0, 3], [0, 4, 1, 0], [1, 1, 2, 1], [2, 1, 2, 0]]
[2026-03-31 17:23:58]   Subject 51 Fold 5 seed: 5407
[2026-03-31 17:23:58]   Subject 51 Fold 5: n_train=64 n_val=16 n_test=20
[2026-03-31 17:23:58]     Train class counts: [16, 16, 16, 16]
[2026-03-31 17:23:58]     Val class counts:   [4, 4, 4, 4]
[2026-03-31 17:23:58]     Test class counts:  [5, 5, 5, 5]
[2026-03-31 17:23:58] Building model with input window duration: 4.1875 s
[2026-03-31 17:23:58] Pretrained weight loading:
[2026-03-31 17:23:58]   Downloaded keys:        179
[2026-03-31 17:23:58]   Filtered (transformer): 172
[2026-03-31 17:23:58]   Filtered (pos_encoder): 0
[2026-03-31 17:23:58]   Keys to load:           7
[2026-03-31 17:23:58]   Missing keys:           4
[2026-03-31 17:23:58]   Unexpected keys:        0
[2026-03-31 17:23:58]   Missing preview:        ['spatial_conv.1.weight', 'spatial_conv.1.bias', 'final_layer.1.weight', 'final_layer.1.bias']
[2026-03-31 17:23:58]   Unexpected preview:     []
[2026-03-31 17:23:58] Encoder freeze configuration:
[2026-03-31 17:23:58]   Total parameters:        18,192
[2026-03-31 17:23:58]   Trainable parameters:    4,352
[2026-03-31 17:23:58]   Training percentage:     23.9%
[2026-03-31 17:23:58]   Trainable layers: 4
[2026-03-31 17:23:58]     - final_layer.1.bias
[2026-03-31 17:23:58]     - final_layer.1.weight
[2026-03-31 17:23:58]     - spatial_conv.1.bias
[2026-03-31 17:23:58]     - spatial_conv.1.weight
[2026-03-31 17:23:58]     Train generator seeded: True
[2026-03-31 17:24:00]     Stopped epoch:            139
[2026-03-31 17:24:00]     Best epoch (valid_loss):  89
[2026-03-31 17:24:00]     Best valid_loss:          1.3574882745742798
[2026-03-31 17:24:00]     Test accuracy (primary):  0.2000
[2026-03-31 17:24:00]     Test balanced acc:        0.2000
[2026-03-31 17:24:00]     Confusion matrix:         [[1, 2, 2, 0], [0, 1, 1, 3], [2, 2, 1, 0], [2, 1, 1, 1]]
[2026-03-31 17:24:00]     Prediction histogram:     [5, 6, 5, 4]
[2026-03-31 17:24:00]     fold_acc=0.2000 fold_bal_acc=0.2000 cm=[[1, 2, 2, 0], [0, 1, 1, 3], [2, 2, 1, 0], [2, 1, 1, 1]]
[2026-03-31 17:24:00]   Subject 51 mean accuracy: 0.2600

[2026-03-31 17:24:00] Subject 54: 100 windows class_counts=[25, 25, 25, 25]
[2026-03-31 17:24:00]   Fold 1 split seed: 303
[2026-03-31 17:24:00]   Fold 1 split class counts:
[2026-03-31 17:24:00]     train=[16, 16, 16, 16] val=[4, 4, 4, 4] test=[5, 5, 5, 5]
[2026-03-31 17:24:00]   Fold 2 split seed: 304
[2026-03-31 17:24:00]   Fold 2 split class counts:
[2026-03-31 17:24:00]     train=[16, 16, 16, 16] val=[4, 4, 4, 4] test=[5, 5, 5, 5]
[2026-03-31 17:24:00]   Fold 3 split seed: 305
[2026-03-31 17:24:00]   Fold 3 split class counts:
[2026-03-31 17:24:00]     train=[16, 16, 16, 16] val=[4, 4, 4, 4] test=[5, 5, 5, 5]
[2026-03-31 17:24:00]   Fold 4 split seed: 306
[2026-03-31 17:24:00]   Fold 4 split class counts:
[2026-03-31 17:24:00]     train=[16, 16, 16, 16] val=[4, 4, 4, 4] test=[5, 5, 5, 5]
[2026-03-31 17:24:00]   Fold 5 split seed: 307
[2026-03-31 17:24:00]   Fold 5 split class counts:
[2026-03-31 17:24:00]     train=[16, 16, 16, 16] val=[4, 4, 4, 4] test=[5, 5, 5, 5]
[2026-03-31 17:24:00]   Subject 54 Fold 1 seed: 5703
[2026-03-31 17:24:00]   Subject 54 Fold 1: n_train=64 n_val=16 n_test=20
[2026-03-31 17:24:00]     Train class counts: [16, 16, 16, 16]
[2026-03-31 17:24:00]     Val class counts:   [4, 4, 4, 4]
[2026-03-31 17:24:00]     Test class counts:  [5, 5, 5, 5]
[2026-03-31 17:24:00] Building model with input window duration: 4.1875 s
[2026-03-31 17:24:00] Pretrained weight loading:
[2026-03-31 17:24:00]   Downloaded keys:        179
[2026-03-31 17:24:00]   Filtered (transformer): 172
[2026-03-31 17:24:00]   Filtered (pos_encoder): 0
[2026-03-31 17:24:00]   Keys to load:           7
[2026-03-31 17:24:00]   Missing keys:           4
[2026-03-31 17:24:00]   Unexpected keys:        0
[2026-03-31 17:24:00]   Missing preview:        ['spatial_conv.1.weight', 'spatial_conv.1.bias', 'final_layer.1.weight', 'final_layer.1.bias']
[2026-03-31 17:24:00]   Unexpected preview:     []
[2026-03-31 17:24:00] Encoder freeze configuration:
[2026-03-31 17:24:00]   Total parameters:        18,192
[2026-03-31 17:24:00]   Trainable parameters:    4,352
[2026-03-31 17:24:00]   Training percentage:     23.9%
[2026-03-31 17:24:00]   Trainable layers: 4
[2026-03-31 17:24:00]     - final_layer.1.bias
[2026-03-31 17:24:00]     - final_layer.1.weight
[2026-03-31 17:24:00]     - spatial_conv.1.bias
[2026-03-31 17:24:00]     - spatial_conv.1.weight
[2026-03-31 17:24:00]     Train generator seeded: True
[2026-03-31 17:24:12]     Stopped epoch:            929
[2026-03-31 17:24:12]     Best epoch (valid_loss):  879
[2026-03-31 17:24:12]     Best valid_loss:          0.7786006331443787
[2026-03-31 17:24:12]     Test accuracy (primary):  0.6500
[2026-03-31 17:24:12]     Test balanced acc:        0.6500
[2026-03-31 17:24:12]     Confusion matrix:         [[5, 0, 0, 0], [0, 3, 1, 1], [0, 2, 2, 1], [1, 0, 1, 3]]
[2026-03-31 17:24:12]     Prediction histogram:     [6, 5, 4, 5]
[2026-03-31 17:24:12]     fold_acc=0.6500 fold_bal_acc=0.6500 cm=[[5, 0, 0, 0], [0, 3, 1, 1], [0, 2, 2, 1], [1, 0, 1, 3]]
[2026-03-31 17:24:12]   Subject 54 Fold 2 seed: 5704
[2026-03-31 17:24:12]   Subject 54 Fold 2: n_train=64 n_val=16 n_test=20
[2026-03-31 17:24:12]     Train class counts: [16, 16, 16, 16]
[2026-03-31 17:24:12]     Val class counts:   [4, 4, 4, 4]
[2026-03-31 17:24:12]     Test class counts:  [5, 5, 5, 5]
[2026-03-31 17:24:12] Building model with input window duration: 4.1875 s
[2026-03-31 17:24:12] Pretrained weight loading:
[2026-03-31 17:24:12]   Downloaded keys:        179
[2026-03-31 17:24:12]   Filtered (transformer): 172
[2026-03-31 17:24:12]   Filtered (pos_encoder): 0
[2026-03-31 17:24:12]   Keys to load:           7
[2026-03-31 17:24:12]   Missing keys:           4
[2026-03-31 17:24:12]   Unexpected keys:        0
[2026-03-31 17:24:12]   Missing preview:        ['spatial_conv.1.weight', 'spatial_conv.1.bias', 'final_layer.1.weight', 'final_layer.1.bias']
[2026-03-31 17:24:12]   Unexpected preview:     []
[2026-03-31 17:24:12] Encoder freeze configuration:
[2026-03-31 17:24:12]   Total parameters:        18,192
[2026-03-31 17:24:12]   Trainable parameters:    4,352
[2026-03-31 17:24:12]   Training percentage:     23.9%
[2026-03-31 17:24:12]   Trainable layers: 4
[2026-03-31 17:24:12]     - final_layer.1.bias
[2026-03-31 17:24:12]     - final_layer.1.weight
[2026-03-31 17:24:12]     - spatial_conv.1.bias
[2026-03-31 17:24:12]     - spatial_conv.1.weight
[2026-03-31 17:24:12]     Train generator seeded: True
[2026-03-31 17:24:23]     Stopped epoch:            818
[2026-03-31 17:24:23]     Best epoch (valid_loss):  797
[2026-03-31 17:24:23]     Best valid_loss:          0.792349636554718
[2026-03-31 17:24:23]     Test accuracy (primary):  0.5000
[2026-03-31 17:24:23]     Test balanced acc:        0.5000
[2026-03-31 17:24:23]     Confusion matrix:         [[3, 0, 0, 2], [0, 1, 4, 0], [0, 2, 3, 0], [1, 0, 1, 3]]
[2026-03-31 17:24:23]     Prediction histogram:     [4, 3, 8, 5]
[2026-03-31 17:24:23]     fold_acc=0.5000 fold_bal_acc=0.5000 cm=[[3, 0, 0, 2], [0, 1, 4, 0], [0, 2, 3, 0], [1, 0, 1, 3]]
[2026-03-31 17:24:23]   Subject 54 Fold 3 seed: 5705
[2026-03-31 17:24:23]   Subject 54 Fold 3: n_train=64 n_val=16 n_test=20
[2026-03-31 17:24:23]     Train class counts: [16, 16, 16, 16]
[2026-03-31 17:24:23]     Val class counts:   [4, 4, 4, 4]
[2026-03-31 17:24:23]     Test class counts:  [5, 5, 5, 5]
[2026-03-31 17:24:23] Building model with input window duration: 4.1875 s
[2026-03-31 17:24:23] Pretrained weight loading:
[2026-03-31 17:24:23]   Downloaded keys:        179
[2026-03-31 17:24:23]   Filtered (transformer): 172
[2026-03-31 17:24:23]   Filtered (pos_encoder): 0
[2026-03-31 17:24:23]   Keys to load:           7
[2026-03-31 17:24:23]   Missing keys:           4
[2026-03-31 17:24:23]   Unexpected keys:        0
[2026-03-31 17:24:23]   Missing preview:        ['spatial_conv.1.weight', 'spatial_conv.1.bias', 'final_layer.1.weight', 'final_layer.1.bias']
[2026-03-31 17:24:23]   Unexpected preview:     []
[2026-03-31 17:24:23] Encoder freeze configuration:
[2026-03-31 17:24:23]   Total parameters:        18,192
[2026-03-31 17:24:23]   Trainable parameters:    4,352
[2026-03-31 17:24:23]   Training percentage:     23.9%
[2026-03-31 17:24:23]   Trainable layers: 4
[2026-03-31 17:24:23]     - final_layer.1.bias
[2026-03-31 17:24:23]     - final_layer.1.weight
[2026-03-31 17:24:23]     - spatial_conv.1.bias
[2026-03-31 17:24:23]     - spatial_conv.1.weight
[2026-03-31 17:24:23]     Train generator seeded: True
[2026-03-31 17:24:24]     Stopped epoch:            51
[2026-03-31 17:24:24]     Best epoch (valid_loss):  1
[2026-03-31 17:24:24]     Best valid_loss:          1.3862069845199585
[2026-03-31 17:24:24]     Test accuracy (primary):  0.0000
[2026-03-31 17:24:24]     Test balanced acc:        0.0000
[2026-03-31 17:24:24]     Confusion matrix:         [[0, 0, 1, 4], [0, 0, 5, 0], [0, 2, 0, 3], [0, 0, 5, 0]]
[2026-03-31 17:24:24]     Prediction histogram:     [0, 2, 11, 7]
[2026-03-31 17:24:24]     fold_acc=0.0000 fold_bal_acc=0.0000 cm=[[0, 0, 1, 4], [0, 0, 5, 0], [0, 2, 0, 3], [0, 0, 5, 0]]
[2026-03-31 17:24:24]   Subject 54 Fold 4 seed: 5706
[2026-03-31 17:24:24]   Subject 54 Fold 4: n_train=64 n_val=16 n_test=20
[2026-03-31 17:24:24]     Train class counts: [16, 16, 16, 16]
[2026-03-31 17:24:24]     Val class counts:   [4, 4, 4, 4]
[2026-03-31 17:24:24]     Test class counts:  [5, 5, 5, 5]
[2026-03-31 17:24:24] Building model with input window duration: 4.1875 s
[2026-03-31 17:24:24] Pretrained weight loading:
[2026-03-31 17:24:24]   Downloaded keys:        179
[2026-03-31 17:24:24]   Filtered (transformer): 172
[2026-03-31 17:24:24]   Filtered (pos_encoder): 0
[2026-03-31 17:24:24]   Keys to load:           7
[2026-03-31 17:24:24]   Missing keys:           4
[2026-03-31 17:24:24]   Unexpected keys:        0
[2026-03-31 17:24:24]   Missing preview:        ['spatial_conv.1.weight', 'spatial_conv.1.bias', 'final_layer.1.weight', 'final_layer.1.bias']
[2026-03-31 17:24:24]   Unexpected preview:     []
[2026-03-31 17:24:24] Encoder freeze configuration:
[2026-03-31 17:24:24]   Total parameters:        18,192
[2026-03-31 17:24:24]   Trainable parameters:    4,352
[2026-03-31 17:24:24]   Training percentage:     23.9%
[2026-03-31 17:24:24]   Trainable layers: 4
[2026-03-31 17:24:24]     - final_layer.1.bias
[2026-03-31 17:24:24]     - final_layer.1.weight
[2026-03-31 17:24:24]     - spatial_conv.1.bias
[2026-03-31 17:24:24]     - spatial_conv.1.weight
[2026-03-31 17:24:24]     Train generator seeded: True
[2026-03-31 17:24:38]     Stopped epoch:            795
[2026-03-31 17:24:38]     Best epoch (valid_loss):  745
[2026-03-31 17:24:38]     Best valid_loss:          0.6783188581466675
[2026-03-31 17:24:38]     Test accuracy (primary):  0.8000
[2026-03-31 17:24:38]     Test balanced acc:        0.8000
[2026-03-31 17:24:38]     Confusion matrix:         [[4, 0, 1, 0], [0, 4, 1, 0], [0, 1, 3, 1], [0, 0, 0, 5]]
[2026-03-31 17:24:38]     Prediction histogram:     [4, 5, 5, 6]
[2026-03-31 17:24:38]     fold_acc=0.8000 fold_bal_acc=0.8000 cm=[[4, 0, 1, 0], [0, 4, 1, 0], [0, 1, 3, 1], [0, 0, 0, 5]]
[2026-03-31 17:24:38]   Subject 54 Fold 5 seed: 5707
[2026-03-31 17:24:38]   Subject 54 Fold 5: n_train=64 n_val=16 n_test=20
[2026-03-31 17:24:38]     Train class counts: [16, 16, 16, 16]
[2026-03-31 17:24:38]     Val class counts:   [4, 4, 4, 4]
[2026-03-31 17:24:38]     Test class counts:  [5, 5, 5, 5]
[2026-03-31 17:24:38] Building model with input window duration: 4.1875 s
[2026-03-31 17:24:38] Pretrained weight loading:
[2026-03-31 17:24:38]   Downloaded keys:        179
[2026-03-31 17:24:38]   Filtered (transformer): 172
[2026-03-31 17:24:38]   Filtered (pos_encoder): 0
[2026-03-31 17:24:38]   Keys to load:           7
[2026-03-31 17:24:38]   Missing keys:           4
[2026-03-31 17:24:38]   Unexpected keys:        0
[2026-03-31 17:24:38]   Missing preview:        ['spatial_conv.1.weight', 'spatial_conv.1.bias', 'final_layer.1.weight', 'final_layer.1.bias']
[2026-03-31 17:24:38]   Unexpected preview:     []
[2026-03-31 17:24:38] Encoder freeze configuration:
[2026-03-31 17:24:38]   Total parameters:        18,192
[2026-03-31 17:24:38]   Trainable parameters:    4,352
[2026-03-31 17:24:38]   Training percentage:     23.9%
[2026-03-31 17:24:38]   Trainable layers: 4
[2026-03-31 17:24:38]     - final_layer.1.bias
[2026-03-31 17:24:38]     - final_layer.1.weight
[2026-03-31 17:24:38]     - spatial_conv.1.bias
[2026-03-31 17:24:38]     - spatial_conv.1.weight
[2026-03-31 17:24:38]     Train generator seeded: True
[2026-03-31 17:24:46]     Stopped epoch:            467
[2026-03-31 17:24:46]     Best epoch (valid_loss):  417
[2026-03-31 17:24:46]     Best valid_loss:          0.9307572841644287
[2026-03-31 17:24:46]     Test accuracy (primary):  0.6500
[2026-03-31 17:24:46]     Test balanced acc:        0.6500
[2026-03-31 17:24:46]     Confusion matrix:         [[3, 2, 0, 0], [0, 2, 0, 3], [0, 0, 4, 1], [1, 0, 0, 4]]
[2026-03-31 17:24:46]     Prediction histogram:     [4, 4, 4, 8]
[2026-03-31 17:24:46]     fold_acc=0.6500 fold_bal_acc=0.6500 cm=[[3, 2, 0, 0], [0, 2, 0, 3], [0, 0, 4, 1], [1, 0, 0, 4]]
[2026-03-31 17:24:46]   Subject 54 mean accuracy: 0.5200

[2026-03-31 17:24:46] Total folds completed: 10
[2026-03-31 17:24:46] ======================================================================
[2026-03-31 17:24:46] AGGREGATED RESULTS
[2026-03-31 17:24:46] ======================================================================
[2026-03-31 17:24:46]   Subject 51:  acc=0.2600±0.0860  bal_acc=0.2600±0.0860
[2026-03-31 17:24:46]   Subject 54:  acc=0.5200±0.2768  bal_acc=0.5200±0.2768
[2026-03-31 17:24:46] ----------------------------------------------------------------------
[2026-03-31 17:24:46]   OVERALL:      acc=0.3900±0.2427  bal_acc=0.3900±0.2427
[2026-03-31 17:24:46] ======================================================================
[2026-03-31 17:24:46] CV results saved to:      /home/vegorov/Repos/eeg_jepa_research/artifacts/lee-2019-fine-tuning/SSVEP/20260331_1723_0b5f0dae/cv_results.json
[2026-03-31 17:24:46] Subject metrics saved to: /home/vegorov/Repos/eeg_jepa_research/artifacts/lee-2019-fine-tuning/SSVEP/20260331_1723_0b5f0dae/subject_metrics.json
[2026-03-31 17:24:46] Global metrics saved to:  /home/vegorov/Repos/eeg_jepa_research/artifacts/lee-2019-fine-tuning/SSVEP/20260331_1723_0b5f0dae/global_metrics.json
[2026-03-31 17:24:46] Run metadata saved to:    /home/vegorov/Repos/eeg_jepa_research/artifacts/lee-2019-fine-tuning/SSVEP/20260331_1723_0b5f0dae/run_metadata.json

[2026-03-31 17:24:46] All artifacts in: /home/vegorov/Repos/eeg_jepa_research/artifacts/lee-2019-fine-tuning/SSVEP/20260331_1723_0b5f0dae

[2026-03-31 17:24:46] ======================================================================
[2026-03-31 17:24:46] EXPERIMENT SUMMARY
[2026-03-31 17:24:46] ======================================================================
[2026-03-31 17:24:46] Run ID:    20260331_1723_0b5f0dae
[2026-03-31 17:24:46] Artifacts: /home/vegorov/Repos/eeg_jepa_research/artifacts/lee-2019-fine-tuning/SSVEP/20260331_1723_0b5f0dae

[2026-03-31 17:24:46] Configuration:
[2026-03-31 17:24:46]   Subjects:          [51, 54]
[2026-03-31 17:24:46]   Bandpass:          0.5-40.0 Hz
[2026-03-31 17:24:46]   Resample:          128 Hz
[2026-03-31 17:24:46]   CV folds:          5
[2026-03-31 17:24:46]   Learning rate:     0.001
[2026-03-31 17:24:46]   Batch size:        16
[2026-03-31 17:24:46]   Max epochs:        5000

[2026-03-31 17:24:46] Results:
[2026-03-31 17:24:46]   Mean Accuracy:          0.3900 ± 0.2427
[2026-03-31 17:24:46]   Mean Balanced Accuracy: 0.3900 ± 0.2427
