[2026-04-10 11:45:06] Using device: cpu
[2026-04-10 11:45:06] Seed control disabled (CONFIG['set_seed'] = False)
[2026-04-10 11:45:06] ======================================================================
[2026-04-10 11:45:06] CONFIGURATION
[2026-04-10 11:45:06] ======================================================================
[2026-04-10 11:45:06]   artifact_dir: /home/vegorov/Repos/eeg_jepa_research/artifacts/lee-2019-fine-tuning
[2026-04-10 11:45:06]   bandpass_high: 40.0
[2026-04-10 11:45:06]   bandpass_low: 0.5
[2026-04-10 11:45:06]   batch_size: 32
[2026-04-10 11:45:06]   convert_to_uV: True
[2026-04-10 11:45:06]   criterion: None
[2026-04-10 11:45:06]   cv_folds: 5
[2026-04-10 11:45:06]   device: auto
[2026-04-10 11:45:06]   early_stopping_patience: 50
[2026-04-10 11:45:06]   learning_rate: None
[2026-04-10 11:45:06]   n_epochs: 5000
[2026-04-10 11:45:06]   normalization_method: None
[2026-04-10 11:45:06]   normalize: False
[2026-04-10 11:45:06]   optimizer: Adam
[2026-04-10 11:45:06]   paradigm: ERP
[2026-04-10 11:45:06]   pretrained_url: https://huggingface.co/braindecode/SignalJEPA/resolve/main/signal-jepa_16s-60_adeuwv4s.pth
[2026-04-10 11:45:06]   seed: None
[2026-04-10 11:45:06]   set_eeg_reference: True
[2026-04-10 11:45:06]   set_seed: False
[2026-04-10 11:45:06]   sfreq: 128
[2026-04-10 11:45:06]   subjects_to_use: None
[2026-04-10 11:45:06]   val_split: 0.2
[2026-04-10 11:45:06] ======================================================================
[2026-04-10 11:45:06] Config saved to: /home/vegorov/Repos/eeg_jepa_research/artifacts/lee-2019-fine-tuning/ERP/20260410_1145_e773995a/config.json
[2026-04-10 11:45:06] Epoch window configuration:
[2026-04-10 11:45:06]   Target sfreq:                128 Hz
[2026-04-10 11:45:06]   Target duration:             1.190000 s
[2026-04-10 11:45:06]   Window samples (rounded):    152
[2026-04-10 11:45:06]   Base trial samples (1.0 s):  128
[2026-04-10 11:45:06]   Trial stop offset samples:   24
[2026-04-10 11:45:06]   Effective window duration:   1.187500 s
[2026-04-10 11:45:06] Dataset code: Lee2019-ERP
[2026-04-10 11:45:06] Subjects Total: 54
[2026-04-10 11:45:06] Events: {'Target': 1, 'NonTarget': 2}
[2026-04-10 11:45:06] Interval: [0.0, 1.0]
[2026-04-10 11:45:06] Paradigm: p300
[2026-04-10 11:45:06] Selected subjects: [48, 49, 50, 51, 52, 53, 54]
[2026-04-10 11:45:06] Expected evaluation folds: 35

[2026-04-10 11:45:06] Building MOABBDataset for Lee2019_ERP...
[2026-04-10 11:46:51] MOABBDataset recordings loaded: 14
[2026-04-10 11:46:51] Discovered annotation descriptions (first recording): [np.str_('NonTarget'), np.str_('Target')]
[2026-04-10 11:46:51] Dataset event_id mapping: {'Target': 1, 'NonTarget': 2}
[2026-04-10 11:46:51] Label map (event_code -> class_index): {1: 0, 2: 1}
[2026-04-10 11:46:51] Applying Braindecode preprocessors to MOABBDataset...
[2026-04-10 11:47:19] Preprocessing complete.

[2026-04-10 11:47:19] Post-preprocessing validation
[2026-04-10 11:47:19]   Recordings in DATASET: 14
[2026-04-10 11:47:19]   Unique subject IDs:    ['48', '49', '50', '51', '52', '53', '54']
[2026-04-10 11:47:19]   sfreq (first rec):     128.0 Hz
[2026-04-10 11:47:19]   EEG channel count:     62
[2026-04-10 11:47:19]   First 10 channels:     ['Fp1', 'Fp2', 'F7', 'F3', 'Fz', 'F4', 'F8', 'FC5', 'FC1', 'FC2']
[2026-04-10 11:47:19] EEG channel #: 62
[2026-04-10 11:47:19] First 10 EEG channels: ['Fp1', 'Fp2', 'F7', 'F3', 'Fz', 'F4', 'F8', 'FC5', 'FC1', 'FC2']
[2026-04-10 11:47:19] Requested window samples: 152
[2026-04-10 11:47:19] Base trial samples:       128
[2026-04-10 11:47:19] Stop offset samples:      24
[2026-04-10 11:47:19] Global class counts: [23100, 4620]
[2026-04-10 11:47:19] Chance level (2-class): 0.50
[2026-04-10 11:47:19] One window shape: (62, 152)
[2026-04-10 11:47:19] One window label: 0
[2026-04-10 11:47:19] Window sample length expected=152, got=152
[2026-04-10 11:47:19] Subjects in window split: [48, 49, 50, 51, 52, 53, 54]
[2026-04-10 11:47:19] Summarizing per-subject windows...
[2026-04-10 11:47:19]   Subject 48: n_windows=3960, window_shape=(62, 152), class_counts=[3300, 660]
[2026-04-10 11:47:19]   Subject 49: n_windows=3960, window_shape=(62, 152), class_counts=[3300, 660]
[2026-04-10 11:47:19]   Subject 50: n_windows=3960, window_shape=(62, 152), class_counts=[3300, 660]
[2026-04-10 11:47:19]   Subject 51: n_windows=3960, window_shape=(62, 152), class_counts=[3300, 660]
[2026-04-10 11:47:19]   Subject 52: n_windows=3960, window_shape=(62, 152), class_counts=[3300, 660]
[2026-04-10 11:47:19]   Subject 53: n_windows=3960, window_shape=(62, 152), class_counts=[3300, 660]
[2026-04-10 11:47:19]   Subject 54: n_windows=3960, window_shape=(62, 152), class_counts=[3300, 660]
[2026-04-10 11:47:19]    subject_id  n_windows  n_channels  n_times class_counts
0          48       3960          62      152  [3300, 660]
1          49       3960          62      152  [3300, 660]
2          50       3960          62      152  [3300, 660]
3          51       3960          62      152  [3300, 660]
4          52       3960          62      152  [3300, 660]
5          53       3960          62      152  [3300, 660]
6          54       3960          62      152  [3300, 660]
[2026-04-10 11:47:20] Window validation summary:
[2026-04-10 11:47:20]   Subject 48: n_windows=3960 class_counts=[3300, 660]
[2026-04-10 11:47:20]   Subject 49: n_windows=3960 class_counts=[3300, 660]
[2026-04-10 11:47:20]   Subject 50: n_windows=3960 class_counts=[3300, 660]
[2026-04-10 11:47:20]   Subject 51: n_windows=3960 class_counts=[3300, 660]
[2026-04-10 11:47:20]   Subject 52: n_windows=3960 class_counts=[3300, 660]
[2026-04-10 11:47:20]   Subject 53: n_windows=3960 class_counts=[3300, 660]
[2026-04-10 11:47:20]   Subject 54: n_windows=3960 class_counts=[3300, 660]

[2026-04-10 11:47:20] Validated sampling rate target: 128 Hz
[2026-04-10 11:47:20] Validated window sample count:   152
[2026-04-10 11:47:20] Validated window duration:       1.1875 s
[2026-04-10 11:47:20] Validated channel count:         62
[2026-04-10 11:47:20] Total windows retained:          27720
[2026-04-10 11:47:20] Preprocessing sanity checks:
[2026-04-10 11:47:20]   One sample label: 0
[2026-04-10 11:47:20]   One sample shape: (62, 152)
[2026-04-10 11:47:20]   Mean(abs(signal)): 3.551250e+00
[2026-04-10 11:47:20]   Mean(signal):      -9.714848e-09
[2026-04-10 11:47:20]   Std(signal):       4.623938e+00
[2026-04-10 11:47:20] Building model with input window duration: 1.1875 s
[2026-04-10 11:47:20] SignalJEPA_PreLocal instantiated successfully.
[2026-04-10 11:47:20]   Total parameters:     14,606
[2026-04-10 11:47:20]   Trainable parameters: 14,606
[2026-04-10 11:47:20] ======================================================================================================================================================
Layer (type (var_name):depth-idx)                  Input Shape               Output Shape              Param #                   Kernel Shape
======================================================================================================================================================
SignalJEPA_PreLocal (SignalJEPA_PreLocal)          [1, 62, 152]              [1, 2]                    --                        --
├─Sequential (spatial_conv): 1-1                   [1, 62, 152]              [1, 4, 152]               --                        --
│    └─Rearrange (0): 2-1                          [1, 62, 152]              [1, 1, 62, 152]           --                        --
│    └─Conv2d (1): 2-2                             [1, 1, 62, 152]           [1, 4, 1, 152]            252                       [62, 1]
│    └─Rearrange (2): 2-3                          [1, 4, 1, 152]            [1, 4, 152]               --                        --
├─_ConvFeatureEncoder (feature_encoder): 1-2       [1, 4, 152]               [1, 4, 64]                --                        --
│    └─Rearrange (0): 2-4                          [1, 4, 152]               [4, 1, 152]               --                        --
│    └─Sequential (1): 2-5                         [4, 1, 152]               [4, 8, 16]                --                        --
│    │    └─Conv1d (0): 3-1                        [4, 1, 152]               [4, 8, 16]                256                       [32]
│    │    └─Dropout (1): 3-2                       [4, 8, 16]                [4, 8, 16]                --                        --
│    │    └─GroupNorm (2): 3-3                     [4, 8, 16]                [4, 8, 16]                16                        --
│    │    └─GELU (3): 3-4                          [4, 8, 16]                [4, 8, 16]                --                        --
│    └─Sequential (2): 2-6                         [4, 8, 16]                [4, 16, 8]                --                        --
│    │    └─Conv1d (0): 3-5                        [4, 8, 16]                [4, 16, 8]                256                       [2]
│    │    └─Dropout (1): 3-6                       [4, 16, 8]                [4, 16, 8]                --                        --
│    │    └─GELU (2): 3-7                          [4, 16, 8]                [4, 16, 8]                --                        --
│    └─Sequential (3): 2-7                         [4, 16, 8]                [4, 32, 4]                --                        --
│    │    └─Conv1d (0): 3-8                        [4, 16, 8]                [4, 32, 4]                1,024                     [2]
│    │    └─Dropout (1): 3-9                       [4, 32, 4]                [4, 32, 4]                --                        --
│    │    └─GELU (2): 3-10                         [4, 32, 4]                [4, 32, 4]                --                        --
│    └─Sequential (4): 2-8                         [4, 32, 4]                [4, 64, 2]                --                        --
│    │    └─Conv1d (0): 3-11                       [4, 32, 4]                [4, 64, 2]                4,096                     [2]
│    │    └─Dropout (1): 3-12                      [4, 64, 2]                [4, 64, 2]                --                        --
│    │    └─GELU (2): 3-13                         [4, 64, 2]                [4, 64, 2]                --                        --
│    └─Sequential (5): 2-9                         [4, 64, 2]                [4, 64, 1]                --                        --
│    │    └─Conv1d (0): 3-14                       [4, 64, 2]                [4, 64, 1]                8,192                     [2]
│    │    └─Dropout (1): 3-15                      [4, 64, 1]                [4, 64, 1]                --                        --
│    │    └─GELU (2): 3-16                         [4, 64, 1]                [4, 64, 1]                --                        --
│    └─Rearrange (6): 2-10                         [4, 64, 1]                [1, 4, 64]                --                        --
├─Sequential (final_layer): 1-3                    [1, 4, 64]                [1, 2]                    --                        --
│    └─Flatten (0): 2-11                           [1, 4, 64]                [1, 256]                  --                        --
│    └─Linear (1): 2-12                            [1, 256]                  [1, 2]                    514                       --
======================================================================================================================================================
Total params: 14,606
Trainable params: 14,606
Non-trainable params: 0
Total mult-adds (Units.MEGABYTES): 0.15
======================================================================================================================================================
Input size (MB): 0.04
Forward/backward pass size (MB): 0.03
Params size (MB): 0.06
Estimated Total Size (MB): 0.12
======================================================================================================================================================
[2026-04-10 11:47:20] Initializing from 16s-60 pretrained checkpoint (Hugging Face):
[2026-04-10 11:47:20]   https://huggingface.co/braindecode/SignalJEPA/resolve/main/signal-jepa_16s-60_adeuwv4s.pth
[2026-04-10 11:47:20]   Downloaded 179 keys
[2026-04-10 11:47:20] ======================================================================
[2026-04-10 11:47:20] STARTING CROSS-VALIDATION
[2026-04-10 11:47:20] ======================================================================
[2026-04-10 11:47:20] Subjects:      [48, 49, 50, 51, 52, 53, 54]
[2026-04-10 11:47:20] CV folds:      5
[2026-04-10 11:47:20] Batch size:    32
[2026-04-10 11:47:20] Max epochs:    5000
[2026-04-10 11:47:20] Device:        cpu
[2026-04-10 11:47:20] Seed control:  False
[2026-04-10 11:47:20] Base seed:     None
[2026-04-10 11:47:20] ======================================================================

[2026-04-10 11:47:20] Subject 48: 3960 windows | class_counts=[3300, 660]
[2026-04-10 11:47:20]   Fold 1 class counts: train=[2112, 422] val=[528, 106] test=[660, 132]
[2026-04-10 11:47:20]   Fold 2 class counts: train=[2112, 422] val=[528, 106] test=[660, 132]
[2026-04-10 11:47:20]   Fold 3 class counts: train=[2112, 422] val=[528, 106] test=[660, 132]
[2026-04-10 11:47:20]   Fold 4 class counts: train=[2112, 422] val=[528, 106] test=[660, 132]
[2026-04-10 11:47:20]   Fold 5 class counts: train=[2112, 422] val=[528, 106] test=[660, 132]
[2026-04-10 11:47:20]     Train class counts: [2112, 422]
[2026-04-10 11:47:20]     Val class counts:   [528, 106]
[2026-04-10 11:47:20]     Test class counts:  [660, 132]
[2026-04-10 11:47:20] Building model with input window duration: 1.1875 s
[2026-04-10 11:47:20] Pretrained weight loading:
[2026-04-10 11:47:20]   Downloaded keys:        179
[2026-04-10 11:47:20]   Filtered (transformer): 172
[2026-04-10 11:47:20]   Filtered (pos_encoder): 0
[2026-04-10 11:47:20]   Keys to load:           7
[2026-04-10 11:47:20]   Missing keys:           4
[2026-04-10 11:47:20]   Unexpected keys:        0
[2026-04-10 11:47:20]   Missing preview:        ['spatial_conv.1.weight', 'spatial_conv.1.bias', 'final_layer.1.weight', 'final_layer.1.bias']
[2026-04-10 11:47:20]   Unexpected preview:     []
[2026-04-10 11:47:20] Trainable modules: spatial_conv + final_layer (766 / 14,606 params, 5.2%)
[2026-04-10 11:47:20]   - final_layer.1.bias
[2026-04-10 11:47:20]   - final_layer.1.weight
[2026-04-10 11:47:20]   - spatial_conv.1.bias
[2026-04-10 11:47:20]   - spatial_conv.1.weight
[2026-04-10 11:47:44]   Fold 1/5 | best_epoch=69 | stop=119 | val_loss=0.2065 | acc=0.9179 | bal_acc=0.8356
[2026-04-10 11:47:44]     Train class counts: [2112, 422]
[2026-04-10 11:47:44]     Val class counts:   [528, 106]
[2026-04-10 11:47:44]     Test class counts:  [660, 132]
[2026-04-10 11:47:44] Building model with input window duration: 1.1875 s
[2026-04-10 11:47:44] Pretrained weight loading:
[2026-04-10 11:47:44]   Downloaded keys:        179
[2026-04-10 11:47:44]   Filtered (transformer): 172
[2026-04-10 11:47:44]   Filtered (pos_encoder): 0
[2026-04-10 11:47:44]   Keys to load:           7
[2026-04-10 11:47:44]   Missing keys:           4
[2026-04-10 11:47:44]   Unexpected keys:        0
[2026-04-10 11:47:44]   Missing preview:        ['spatial_conv.1.weight', 'spatial_conv.1.bias', 'final_layer.1.weight', 'final_layer.1.bias']
[2026-04-10 11:47:44]   Unexpected preview:     []
[2026-04-10 11:48:05]   Fold 2/5 | best_epoch=56 | stop=106 | val_loss=0.2298 | acc=0.9230 | bal_acc=0.8326
[2026-04-10 11:48:05]     Train class counts: [2112, 422]
[2026-04-10 11:48:05]     Val class counts:   [528, 106]
[2026-04-10 11:48:05]     Test class counts:  [660, 132]
[2026-04-10 11:48:05] Building model with input window duration: 1.1875 s
[2026-04-10 11:48:05] Pretrained weight loading:
[2026-04-10 11:48:05]   Downloaded keys:        179
[2026-04-10 11:48:05]   Filtered (transformer): 172
[2026-04-10 11:48:05]   Filtered (pos_encoder): 0
[2026-04-10 11:48:05]   Keys to load:           7
[2026-04-10 11:48:05]   Missing keys:           4
[2026-04-10 11:48:05]   Unexpected keys:        0
[2026-04-10 11:48:05]   Missing preview:        ['spatial_conv.1.weight', 'spatial_conv.1.bias', 'final_layer.1.weight', 'final_layer.1.bias']
[2026-04-10 11:48:05]   Unexpected preview:     []
[2026-04-10 11:48:23]   Fold 3/5 | best_epoch=46 | stop=96 | val_loss=0.1809 | acc=0.9028 | bal_acc=0.8023
[2026-04-10 11:48:23]     Train class counts: [2112, 422]
[2026-04-10 11:48:23]     Val class counts:   [528, 106]
[2026-04-10 11:48:23]     Test class counts:  [660, 132]
[2026-04-10 11:48:23] Building model with input window duration: 1.1875 s
[2026-04-10 11:48:23] Pretrained weight loading:
[2026-04-10 11:48:23]   Downloaded keys:        179
[2026-04-10 11:48:23]   Filtered (transformer): 172
[2026-04-10 11:48:23]   Filtered (pos_encoder): 0
[2026-04-10 11:48:23]   Keys to load:           7
[2026-04-10 11:48:23]   Missing keys:           4
[2026-04-10 11:48:23]   Unexpected keys:        0
[2026-04-10 11:48:23]   Missing preview:        ['spatial_conv.1.weight', 'spatial_conv.1.bias', 'final_layer.1.weight', 'final_layer.1.bias']
[2026-04-10 11:48:23]   Unexpected preview:     []
[2026-04-10 11:48:44]   Fold 4/5 | best_epoch=58 | stop=108 | val_loss=0.2280 | acc=0.9306 | bal_acc=0.8432
[2026-04-10 11:48:44]     Train class counts: [2112, 422]
[2026-04-10 11:48:44]     Val class counts:   [528, 106]
[2026-04-10 11:48:44]     Test class counts:  [660, 132]
[2026-04-10 11:48:44] Building model with input window duration: 1.1875 s
[2026-04-10 11:48:44] Pretrained weight loading:
[2026-04-10 11:48:44]   Downloaded keys:        179
[2026-04-10 11:48:44]   Filtered (transformer): 172
[2026-04-10 11:48:44]   Filtered (pos_encoder): 0
[2026-04-10 11:48:44]   Keys to load:           7
[2026-04-10 11:48:44]   Missing keys:           4
[2026-04-10 11:48:44]   Unexpected keys:        0
[2026-04-10 11:48:44]   Missing preview:        ['spatial_conv.1.weight', 'spatial_conv.1.bias', 'final_layer.1.weight', 'final_layer.1.bias']
[2026-04-10 11:48:44]   Unexpected preview:     []
[2026-04-10 11:49:00]   Fold 5/5 | best_epoch=34 | stop=84 | val_loss=0.2067 | acc=0.8927 | bal_acc=0.7629
[2026-04-10 11:49:00]   Subject 48 summary: acc=0.9134±0.0138  bal_acc=0.8153±0.0297

[2026-04-10 11:49:00] Subject 49: 3960 windows | class_counts=[3300, 660]
[2026-04-10 11:49:00]   Fold 1 class counts: train=[2112, 422] val=[528, 106] test=[660, 132]
[2026-04-10 11:49:00]   Fold 2 class counts: train=[2112, 422] val=[528, 106] test=[660, 132]
[2026-04-10 11:49:00]   Fold 3 class counts: train=[2112, 422] val=[528, 106] test=[660, 132]
[2026-04-10 11:49:00]   Fold 4 class counts: train=[2112, 422] val=[528, 106] test=[660, 132]
[2026-04-10 11:49:00]   Fold 5 class counts: train=[2112, 422] val=[528, 106] test=[660, 132]
[2026-04-10 11:49:01]     Train class counts: [2112, 422]
[2026-04-10 11:49:01]     Val class counts:   [528, 106]
[2026-04-10 11:49:01]     Test class counts:  [660, 132]
[2026-04-10 11:49:01] Building model with input window duration: 1.1875 s
[2026-04-10 11:49:01] Pretrained weight loading:
[2026-04-10 11:49:01]   Downloaded keys:        179
[2026-04-10 11:49:01]   Filtered (transformer): 172
[2026-04-10 11:49:01]   Filtered (pos_encoder): 0
[2026-04-10 11:49:01]   Keys to load:           7
[2026-04-10 11:49:01]   Missing keys:           4
[2026-04-10 11:49:01]   Unexpected keys:        0
[2026-04-10 11:49:01]   Missing preview:        ['spatial_conv.1.weight', 'spatial_conv.1.bias', 'final_layer.1.weight', 'final_layer.1.bias']
[2026-04-10 11:49:01]   Unexpected preview:     []
[2026-04-10 11:49:20]   Fold 1/5 | best_epoch=54 | stop=104 | val_loss=0.2602 | acc=0.9078 | bal_acc=0.8053
[2026-04-10 11:49:20]     Train class counts: [2112, 422]
[2026-04-10 11:49:20]     Val class counts:   [528, 106]
[2026-04-10 11:49:20]     Test class counts:  [660, 132]
[2026-04-10 11:49:20] Building model with input window duration: 1.1875 s
[2026-04-10 11:49:20] Pretrained weight loading:
[2026-04-10 11:49:20]   Downloaded keys:        179
[2026-04-10 11:49:20]   Filtered (transformer): 172
[2026-04-10 11:49:20]   Filtered (pos_encoder): 0
[2026-04-10 11:49:20]   Keys to load:           7
[2026-04-10 11:49:20]   Missing keys:           4
[2026-04-10 11:49:20]   Unexpected keys:        0
[2026-04-10 11:49:20]   Missing preview:        ['spatial_conv.1.weight', 'spatial_conv.1.bias', 'final_layer.1.weight', 'final_layer.1.bias']
[2026-04-10 11:49:20]   Unexpected preview:     []
[2026-04-10 11:49:40]   Fold 2/5 | best_epoch=50 | stop=100 | val_loss=0.2091 | acc=0.8990 | bal_acc=0.7848
[2026-04-10 11:49:40]     Train class counts: [2112, 422]
[2026-04-10 11:49:40]     Val class counts:   [528, 106]
[2026-04-10 11:49:40]     Test class counts:  [660, 132]
[2026-04-10 11:49:40] Building model with input window duration: 1.1875 s
[2026-04-10 11:49:40] Pretrained weight loading:
[2026-04-10 11:49:40]   Downloaded keys:        179
[2026-04-10 11:49:40]   Filtered (transformer): 172
[2026-04-10 11:49:40]   Filtered (pos_encoder): 0
[2026-04-10 11:49:40]   Keys to load:           7
[2026-04-10 11:49:40]   Missing keys:           4
[2026-04-10 11:49:40]   Unexpected keys:        0
[2026-04-10 11:49:40]   Missing preview:        ['spatial_conv.1.weight', 'spatial_conv.1.bias', 'final_layer.1.weight', 'final_layer.1.bias']
[2026-04-10 11:49:40]   Unexpected preview:     []
[2026-04-10 11:50:00]   Fold 3/5 | best_epoch=57 | stop=107 | val_loss=0.2529 | acc=0.9318 | bal_acc=0.8500
[2026-04-10 11:50:00]     Train class counts: [2112, 422]
[2026-04-10 11:50:00]     Val class counts:   [528, 106]
[2026-04-10 11:50:00]     Test class counts:  [660, 132]
[2026-04-10 11:50:00] Building model with input window duration: 1.1875 s
[2026-04-10 11:50:00] Pretrained weight loading:
[2026-04-10 11:50:00]   Downloaded keys:        179
[2026-04-10 11:50:00]   Filtered (transformer): 172
[2026-04-10 11:50:00]   Filtered (pos_encoder): 0
[2026-04-10 11:50:00]   Keys to load:           7
[2026-04-10 11:50:00]   Missing keys:           4
[2026-04-10 11:50:00]   Unexpected keys:        0
[2026-04-10 11:50:00]   Missing preview:        ['spatial_conv.1.weight', 'spatial_conv.1.bias', 'final_layer.1.weight', 'final_layer.1.bias']
[2026-04-10 11:50:00]   Unexpected preview:     []
[2026-04-10 11:50:26]   Fold 4/5 | best_epoch=83 | stop=133 | val_loss=0.2037 | acc=0.9104 | bal_acc=0.8250
[2026-04-10 11:50:26]     Train class counts: [2112, 422]
[2026-04-10 11:50:26]     Val class counts:   [528, 106]
[2026-04-10 11:50:26]     Test class counts:  [660, 132]
[2026-04-10 11:50:26] Building model with input window duration: 1.1875 s
[2026-04-10 11:50:26] Pretrained weight loading:
[2026-04-10 11:50:26]   Downloaded keys:        179
[2026-04-10 11:50:26]   Filtered (transformer): 172
[2026-04-10 11:50:26]   Filtered (pos_encoder): 0
[2026-04-10 11:50:26]   Keys to load:           7
[2026-04-10 11:50:26]   Missing keys:           4
[2026-04-10 11:50:26]   Unexpected keys:        0
[2026-04-10 11:50:26]   Missing preview:        ['spatial_conv.1.weight', 'spatial_conv.1.bias', 'final_layer.1.weight', 'final_layer.1.bias']
[2026-04-10 11:50:26]   Unexpected preview:     []
[2026-04-10 11:50:45]   Fold 5/5 | best_epoch=52 | stop=102 | val_loss=0.2318 | acc=0.9141 | bal_acc=0.8152
[2026-04-10 11:50:45]   Subject 49 summary: acc=0.9126±0.0108  bal_acc=0.8161±0.0216

[2026-04-10 11:50:45] Subject 50: 3960 windows | class_counts=[3300, 660]
[2026-04-10 11:50:45]   Fold 1 class counts: train=[2112, 422] val=[528, 106] test=[660, 132]
[2026-04-10 11:50:45]   Fold 2 class counts: train=[2112, 422] val=[528, 106] test=[660, 132]
[2026-04-10 11:50:45]   Fold 3 class counts: train=[2112, 422] val=[528, 106] test=[660, 132]
[2026-04-10 11:50:45]   Fold 4 class counts: train=[2112, 422] val=[528, 106] test=[660, 132]
[2026-04-10 11:50:45]   Fold 5 class counts: train=[2112, 422] val=[528, 106] test=[660, 132]
[2026-04-10 11:50:45]     Train class counts: [2112, 422]
[2026-04-10 11:50:45]     Val class counts:   [528, 106]
[2026-04-10 11:50:45]     Test class counts:  [660, 132]
[2026-04-10 11:50:45] Building model with input window duration: 1.1875 s
[2026-04-10 11:50:45] Pretrained weight loading:
[2026-04-10 11:50:45]   Downloaded keys:        179
[2026-04-10 11:50:45]   Filtered (transformer): 172
[2026-04-10 11:50:45]   Filtered (pos_encoder): 0
[2026-04-10 11:50:45]   Keys to load:           7
[2026-04-10 11:50:45]   Missing keys:           4
[2026-04-10 11:50:45]   Unexpected keys:        0
[2026-04-10 11:50:45]   Missing preview:        ['spatial_conv.1.weight', 'spatial_conv.1.bias', 'final_layer.1.weight', 'final_layer.1.bias']
[2026-04-10 11:50:45]   Unexpected preview:     []
[2026-04-10 11:51:01]   Fold 1/5 | best_epoch=33 | stop=83 | val_loss=0.2704 | acc=0.8838 | bal_acc=0.7333
[2026-04-10 11:51:01]     Train class counts: [2112, 422]
[2026-04-10 11:51:01]     Val class counts:   [528, 106]
[2026-04-10 11:51:01]     Test class counts:  [660, 132]
[2026-04-10 11:51:01] Building model with input window duration: 1.1875 s
[2026-04-10 11:51:01] Pretrained weight loading:
[2026-04-10 11:51:01]   Downloaded keys:        179
[2026-04-10 11:51:01]   Filtered (transformer): 172
[2026-04-10 11:51:01]   Filtered (pos_encoder): 0
[2026-04-10 11:51:01]   Keys to load:           7
[2026-04-10 11:51:01]   Missing keys:           4
[2026-04-10 11:51:01]   Unexpected keys:        0
[2026-04-10 11:51:01]   Missing preview:        ['spatial_conv.1.weight', 'spatial_conv.1.bias', 'final_layer.1.weight', 'final_layer.1.bias']
[2026-04-10 11:51:01]   Unexpected preview:     []
[2026-04-10 11:51:17]   Fold 2/5 | best_epoch=36 | stop=86 | val_loss=0.2661 | acc=0.8914 | bal_acc=0.7409
[2026-04-10 11:51:17]     Train class counts: [2112, 422]
[2026-04-10 11:51:17]     Val class counts:   [528, 106]
[2026-04-10 11:51:17]     Test class counts:  [660, 132]
[2026-04-10 11:51:17] Building model with input window duration: 1.1875 s
[2026-04-10 11:51:17] Pretrained weight loading:
[2026-04-10 11:51:17]   Downloaded keys:        179
[2026-04-10 11:51:17]   Filtered (transformer): 172
[2026-04-10 11:51:17]   Filtered (pos_encoder): 0
[2026-04-10 11:51:17]   Keys to load:           7
[2026-04-10 11:51:17]   Missing keys:           4
[2026-04-10 11:51:17]   Unexpected keys:        0
[2026-04-10 11:51:17]   Missing preview:        ['spatial_conv.1.weight', 'spatial_conv.1.bias', 'final_layer.1.weight', 'final_layer.1.bias']
[2026-04-10 11:51:17]   Unexpected preview:     []
[2026-04-10 11:51:32]   Fold 3/5 | best_epoch=26 | stop=76 | val_loss=0.2760 | acc=0.8864 | bal_acc=0.7318
[2026-04-10 11:51:32]     Train class counts: [2112, 422]
[2026-04-10 11:51:32]     Val class counts:   [528, 106]
[2026-04-10 11:51:32]     Test class counts:  [660, 132]
[2026-04-10 11:51:32] Building model with input window duration: 1.1875 s
[2026-04-10 11:51:32] Pretrained weight loading:
[2026-04-10 11:51:32]   Downloaded keys:        179
[2026-04-10 11:51:32]   Filtered (transformer): 172
[2026-04-10 11:51:32]   Filtered (pos_encoder): 0
[2026-04-10 11:51:32]   Keys to load:           7
[2026-04-10 11:51:32]   Missing keys:           4
[2026-04-10 11:51:32]   Unexpected keys:        0
[2026-04-10 11:51:32]   Missing preview:        ['spatial_conv.1.weight', 'spatial_conv.1.bias', 'final_layer.1.weight', 'final_layer.1.bias']
[2026-04-10 11:51:32]   Unexpected preview:     []
[2026-04-10 11:51:46]   Fold 4/5 | best_epoch=22 | stop=72 | val_loss=0.2936 | acc=0.8977 | bal_acc=0.7386
[2026-04-10 11:51:46]     Train class counts: [2112, 422]
[2026-04-10 11:51:46]     Val class counts:   [528, 106]
[2026-04-10 11:51:46]     Test class counts:  [660, 132]
[2026-04-10 11:51:46] Building model with input window duration: 1.1875 s
[2026-04-10 11:51:46] Pretrained weight loading:
[2026-04-10 11:51:46]   Downloaded keys:        179
[2026-04-10 11:51:46]   Filtered (transformer): 172
[2026-04-10 11:51:46]   Filtered (pos_encoder): 0
[2026-04-10 11:51:46]   Keys to load:           7
[2026-04-10 11:51:46]   Missing keys:           4
[2026-04-10 11:51:46]   Unexpected keys:        0
[2026-04-10 11:51:46]   Missing preview:        ['spatial_conv.1.weight', 'spatial_conv.1.bias', 'final_layer.1.weight', 'final_layer.1.bias']
[2026-04-10 11:51:46]   Unexpected preview:     []
[2026-04-10 11:52:03]   Fold 5/5 | best_epoch=38 | stop=88 | val_loss=0.2641 | acc=0.8851 | bal_acc=0.7402
[2026-04-10 11:52:03]   Subject 50 summary: acc=0.8889±0.0051  bal_acc=0.7370±0.0037

[2026-04-10 11:52:03] Subject 51: 3960 windows | class_counts=[3300, 660]
[2026-04-10 11:52:03]   Fold 1 class counts: train=[2112, 422] val=[528, 106] test=[660, 132]
[2026-04-10 11:52:03]   Fold 2 class counts: train=[2112, 422] val=[528, 106] test=[660, 132]
[2026-04-10 11:52:03]   Fold 3 class counts: train=[2112, 422] val=[528, 106] test=[660, 132]
[2026-04-10 11:52:03]   Fold 4 class counts: train=[2112, 422] val=[528, 106] test=[660, 132]
[2026-04-10 11:52:03]   Fold 5 class counts: train=[2112, 422] val=[528, 106] test=[660, 132]
[2026-04-10 11:52:03]     Train class counts: [2112, 422]
[2026-04-10 11:52:03]     Val class counts:   [528, 106]
[2026-04-10 11:52:03]     Test class counts:  [660, 132]
[2026-04-10 11:52:03] Building model with input window duration: 1.1875 s
[2026-04-10 11:52:03] Pretrained weight loading:
[2026-04-10 11:52:03]   Downloaded keys:        179
[2026-04-10 11:52:03]   Filtered (transformer): 172
[2026-04-10 11:52:03]   Filtered (pos_encoder): 0
[2026-04-10 11:52:03]   Keys to load:           7
[2026-04-10 11:52:03]   Missing keys:           4
[2026-04-10 11:52:03]   Unexpected keys:        0
[2026-04-10 11:52:03]   Missing preview:        ['spatial_conv.1.weight', 'spatial_conv.1.bias', 'final_layer.1.weight', 'final_layer.1.bias']
[2026-04-10 11:52:03]   Unexpected preview:     []
[2026-04-10 11:52:15]   Fold 1/5 | best_epoch=12 | stop=62 | val_loss=0.3825 | acc=0.8497 | bal_acc=0.5917
[2026-04-10 11:52:15]     Train class counts: [2112, 422]
[2026-04-10 11:52:15]     Val class counts:   [528, 106]
[2026-04-10 11:52:15]     Test class counts:  [660, 132]
[2026-04-10 11:52:15] Building model with input window duration: 1.1875 s
[2026-04-10 11:52:15] Pretrained weight loading:
[2026-04-10 11:52:15]   Downloaded keys:        179
[2026-04-10 11:52:15]   Filtered (transformer): 172
[2026-04-10 11:52:15]   Filtered (pos_encoder): 0
[2026-04-10 11:52:15]   Keys to load:           7
[2026-04-10 11:52:15]   Missing keys:           4
[2026-04-10 11:52:15]   Unexpected keys:        0
[2026-04-10 11:52:15]   Missing preview:        ['spatial_conv.1.weight', 'spatial_conv.1.bias', 'final_layer.1.weight', 'final_layer.1.bias']
[2026-04-10 11:52:15]   Unexpected preview:     []
[2026-04-10 11:52:28]   Fold 2/5 | best_epoch=17 | stop=67 | val_loss=0.3551 | acc=0.8434 | bal_acc=0.5909
[2026-04-10 11:52:28]     Train class counts: [2112, 422]
[2026-04-10 11:52:28]     Val class counts:   [528, 106]
[2026-04-10 11:52:28]     Test class counts:  [660, 132]
[2026-04-10 11:52:28] Building model with input window duration: 1.1875 s
[2026-04-10 11:52:28] Pretrained weight loading:
[2026-04-10 11:52:28]   Downloaded keys:        179
[2026-04-10 11:52:28]   Filtered (transformer): 172
[2026-04-10 11:52:28]   Filtered (pos_encoder): 0
[2026-04-10 11:52:28]   Keys to load:           7
[2026-04-10 11:52:28]   Missing keys:           4
[2026-04-10 11:52:28]   Unexpected keys:        0
[2026-04-10 11:52:28]   Missing preview:        ['spatial_conv.1.weight', 'spatial_conv.1.bias', 'final_layer.1.weight', 'final_layer.1.bias']
[2026-04-10 11:52:28]   Unexpected preview:     []
[2026-04-10 11:52:41]   Fold 3/5 | best_epoch=19 | stop=69 | val_loss=0.3749 | acc=0.8485 | bal_acc=0.6061
[2026-04-10 11:52:41]     Train class counts: [2112, 422]
[2026-04-10 11:52:41]     Val class counts:   [528, 106]
[2026-04-10 11:52:41]     Test class counts:  [660, 132]
[2026-04-10 11:52:41] Building model with input window duration: 1.1875 s
[2026-04-10 11:52:41] Pretrained weight loading:
[2026-04-10 11:52:41]   Downloaded keys:        179
[2026-04-10 11:52:41]   Filtered (transformer): 172
[2026-04-10 11:52:41]   Filtered (pos_encoder): 0
[2026-04-10 11:52:41]   Keys to load:           7
[2026-04-10 11:52:41]   Missing keys:           4
[2026-04-10 11:52:41]   Unexpected keys:        0
[2026-04-10 11:52:41]   Missing preview:        ['spatial_conv.1.weight', 'spatial_conv.1.bias', 'final_layer.1.weight', 'final_layer.1.bias']
[2026-04-10 11:52:41]   Unexpected preview:     []
[2026-04-10 11:52:55]   Fold 4/5 | best_epoch=18 | stop=68 | val_loss=0.3813 | acc=0.8523 | bal_acc=0.6023
[2026-04-10 11:52:55]     Train class counts: [2112, 422]
[2026-04-10 11:52:55]     Val class counts:   [528, 106]
[2026-04-10 11:52:55]     Test class counts:  [660, 132]
[2026-04-10 11:52:55] Building model with input window duration: 1.1875 s
[2026-04-10 11:52:55] Pretrained weight loading:
[2026-04-10 11:52:55]   Downloaded keys:        179
[2026-04-10 11:52:55]   Filtered (transformer): 172
[2026-04-10 11:52:55]   Filtered (pos_encoder): 0
[2026-04-10 11:52:55]   Keys to load:           7
[2026-04-10 11:52:55]   Missing keys:           4
[2026-04-10 11:52:55]   Unexpected keys:        0
[2026-04-10 11:52:55]   Missing preview:        ['spatial_conv.1.weight', 'spatial_conv.1.bias', 'final_layer.1.weight', 'final_layer.1.bias']
[2026-04-10 11:52:55]   Unexpected preview:     []
[2026-04-10 11:53:08]   Fold 5/5 | best_epoch=22 | stop=72 | val_loss=0.3534 | acc=0.8548 | bal_acc=0.6311
[2026-04-10 11:53:09]   Subject 51 summary: acc=0.8497±0.0038  bal_acc=0.6044±0.0146

[2026-04-10 11:53:09] Subject 52: 3960 windows | class_counts=[3300, 660]
[2026-04-10 11:53:09]   Fold 1 class counts: train=[2112, 422] val=[528, 106] test=[660, 132]
[2026-04-10 11:53:09]   Fold 2 class counts: train=[2112, 422] val=[528, 106] test=[660, 132]
[2026-04-10 11:53:09]   Fold 3 class counts: train=[2112, 422] val=[528, 106] test=[660, 132]
[2026-04-10 11:53:09]   Fold 4 class counts: train=[2112, 422] val=[528, 106] test=[660, 132]
[2026-04-10 11:53:09]   Fold 5 class counts: train=[2112, 422] val=[528, 106] test=[660, 132]
[2026-04-10 11:53:09]     Train class counts: [2112, 422]
[2026-04-10 11:53:09]     Val class counts:   [528, 106]
[2026-04-10 11:53:09]     Test class counts:  [660, 132]
[2026-04-10 11:53:09] Building model with input window duration: 1.1875 s
[2026-04-10 11:53:09] Pretrained weight loading:
[2026-04-10 11:53:09]   Downloaded keys:        179
[2026-04-10 11:53:09]   Filtered (transformer): 172
[2026-04-10 11:53:09]   Filtered (pos_encoder): 0
[2026-04-10 11:53:09]   Keys to load:           7
[2026-04-10 11:53:09]   Missing keys:           4
[2026-04-10 11:53:09]   Unexpected keys:        0
[2026-04-10 11:53:09]   Missing preview:        ['spatial_conv.1.weight', 'spatial_conv.1.bias', 'final_layer.1.weight', 'final_layer.1.bias']
[2026-04-10 11:53:09]   Unexpected preview:     []
[2026-04-10 11:53:28]   Fold 1/5 | best_epoch=49 | stop=99 | val_loss=0.2291 | acc=0.9066 | bal_acc=0.7803
[2026-04-10 11:53:28]     Train class counts: [2112, 422]
[2026-04-10 11:53:28]     Val class counts:   [528, 106]
[2026-04-10 11:53:28]     Test class counts:  [660, 132]
[2026-04-10 11:53:28] Building model with input window duration: 1.1875 s
[2026-04-10 11:53:28] Pretrained weight loading:
[2026-04-10 11:53:28]   Downloaded keys:        179
[2026-04-10 11:53:28]   Filtered (transformer): 172
[2026-04-10 11:53:28]   Filtered (pos_encoder): 0
[2026-04-10 11:53:28]   Keys to load:           7
[2026-04-10 11:53:28]   Missing keys:           4
[2026-04-10 11:53:28]   Unexpected keys:        0
[2026-04-10 11:53:28]   Missing preview:        ['spatial_conv.1.weight', 'spatial_conv.1.bias', 'final_layer.1.weight', 'final_layer.1.bias']
[2026-04-10 11:53:28]   Unexpected preview:     []
[2026-04-10 11:53:46]   Fold 2/5 | best_epoch=45 | stop=95 | val_loss=0.2439 | acc=0.9255 | bal_acc=0.8311
[2026-04-10 11:53:46]     Train class counts: [2112, 422]
[2026-04-10 11:53:46]     Val class counts:   [528, 106]
[2026-04-10 11:53:46]     Test class counts:  [660, 132]
[2026-04-10 11:53:46] Building model with input window duration: 1.1875 s
[2026-04-10 11:53:46] Pretrained weight loading:
[2026-04-10 11:53:46]   Downloaded keys:        179
[2026-04-10 11:53:46]   Filtered (transformer): 172
[2026-04-10 11:53:46]   Filtered (pos_encoder): 0
[2026-04-10 11:53:46]   Keys to load:           7
[2026-04-10 11:53:46]   Missing keys:           4
[2026-04-10 11:53:46]   Unexpected keys:        0
[2026-04-10 11:53:46]   Missing preview:        ['spatial_conv.1.weight', 'spatial_conv.1.bias', 'final_layer.1.weight', 'final_layer.1.bias']
[2026-04-10 11:53:46]   Unexpected preview:     []
[2026-04-10 11:54:06]   Fold 3/5 | best_epoch=54 | stop=104 | val_loss=0.2050 | acc=0.9179 | bal_acc=0.8053
[2026-04-10 11:54:06]     Train class counts: [2112, 422]
[2026-04-10 11:54:06]     Val class counts:   [528, 106]
[2026-04-10 11:54:06]     Test class counts:  [660, 132]
[2026-04-10 11:54:06] Building model with input window duration: 1.1875 s
[2026-04-10 11:54:06] Pretrained weight loading:
[2026-04-10 11:54:06]   Downloaded keys:        179
[2026-04-10 11:54:06]   Filtered (transformer): 172
[2026-04-10 11:54:06]   Filtered (pos_encoder): 0
[2026-04-10 11:54:06]   Keys to load:           7
[2026-04-10 11:54:06]   Missing keys:           4
[2026-04-10 11:54:06]   Unexpected keys:        0
[2026-04-10 11:54:06]   Missing preview:        ['spatial_conv.1.weight', 'spatial_conv.1.bias', 'final_layer.1.weight', 'final_layer.1.bias']
[2026-04-10 11:54:06]   Unexpected preview:     []
[2026-04-10 11:54:22]   Fold 4/5 | best_epoch=36 | stop=86 | val_loss=0.2287 | acc=0.8977 | bal_acc=0.7689
[2026-04-10 11:54:22]     Train class counts: [2112, 422]
[2026-04-10 11:54:22]     Val class counts:   [528, 106]
[2026-04-10 11:54:22]     Test class counts:  [660, 132]
[2026-04-10 11:54:22] Building model with input window duration: 1.1875 s
[2026-04-10 11:54:22] Pretrained weight loading:
[2026-04-10 11:54:22]   Downloaded keys:        179
[2026-04-10 11:54:22]   Filtered (transformer): 172
[2026-04-10 11:54:22]   Filtered (pos_encoder): 0
[2026-04-10 11:54:22]   Keys to load:           7
[2026-04-10 11:54:22]   Missing keys:           4
[2026-04-10 11:54:22]   Unexpected keys:        0
[2026-04-10 11:54:22]   Missing preview:        ['spatial_conv.1.weight', 'spatial_conv.1.bias', 'final_layer.1.weight', 'final_layer.1.bias']
[2026-04-10 11:54:22]   Unexpected preview:     []
[2026-04-10 11:54:43]   Fold 5/5 | best_epoch=58 | stop=108 | val_loss=0.2096 | acc=0.9116 | bal_acc=0.8136
[2026-04-10 11:54:43]   Subject 52 summary: acc=0.9119±0.0095  bal_acc=0.7998±0.0225

[2026-04-10 11:54:43] Subject 53: 3960 windows | class_counts=[3300, 660]
[2026-04-10 11:54:43]   Fold 1 class counts: train=[2112, 422] val=[528, 106] test=[660, 132]
[2026-04-10 11:54:43]   Fold 2 class counts: train=[2112, 422] val=[528, 106] test=[660, 132]
[2026-04-10 11:54:43]   Fold 3 class counts: train=[2112, 422] val=[528, 106] test=[660, 132]
[2026-04-10 11:54:43]   Fold 4 class counts: train=[2112, 422] val=[528, 106] test=[660, 132]
[2026-04-10 11:54:43]   Fold 5 class counts: train=[2112, 422] val=[528, 106] test=[660, 132]
[2026-04-10 11:54:43]     Train class counts: [2112, 422]
[2026-04-10 11:54:43]     Val class counts:   [528, 106]
[2026-04-10 11:54:43]     Test class counts:  [660, 132]
[2026-04-10 11:54:43] Building model with input window duration: 1.1875 s
[2026-04-10 11:54:43] Pretrained weight loading:
[2026-04-10 11:54:43]   Downloaded keys:        179
[2026-04-10 11:54:43]   Filtered (transformer): 172
[2026-04-10 11:54:43]   Filtered (pos_encoder): 0
[2026-04-10 11:54:43]   Keys to load:           7
[2026-04-10 11:54:43]   Missing keys:           4
[2026-04-10 11:54:43]   Unexpected keys:        0
[2026-04-10 11:54:43]   Missing preview:        ['spatial_conv.1.weight', 'spatial_conv.1.bias', 'final_layer.1.weight', 'final_layer.1.bias']
[2026-04-10 11:54:43]   Unexpected preview:     []
[2026-04-10 11:55:04]   Fold 1/5 | best_epoch=59 | stop=109 | val_loss=0.2239 | acc=0.9003 | bal_acc=0.7917
[2026-04-10 11:55:04]     Train class counts: [2112, 422]
[2026-04-10 11:55:04]     Val class counts:   [528, 106]
[2026-04-10 11:55:04]     Test class counts:  [660, 132]
[2026-04-10 11:55:04] Building model with input window duration: 1.1875 s
[2026-04-10 11:55:04] Pretrained weight loading:
[2026-04-10 11:55:04]   Downloaded keys:        179
[2026-04-10 11:55:04]   Filtered (transformer): 172
[2026-04-10 11:55:04]   Filtered (pos_encoder): 0
[2026-04-10 11:55:04]   Keys to load:           7
[2026-04-10 11:55:04]   Missing keys:           4
[2026-04-10 11:55:04]   Unexpected keys:        0
[2026-04-10 11:55:04]   Missing preview:        ['spatial_conv.1.weight', 'spatial_conv.1.bias', 'final_layer.1.weight', 'final_layer.1.bias']
[2026-04-10 11:55:04]   Unexpected preview:     []
[2026-04-10 11:55:24]   Fold 2/5 | best_epoch=57 | stop=107 | val_loss=0.2218 | acc=0.9078 | bal_acc=0.7871
[2026-04-10 11:55:24]     Train class counts: [2112, 422]
[2026-04-10 11:55:24]     Val class counts:   [528, 106]
[2026-04-10 11:55:24]     Test class counts:  [660, 132]
[2026-04-10 11:55:24] Building model with input window duration: 1.1875 s
[2026-04-10 11:55:24] Pretrained weight loading:
[2026-04-10 11:55:24]   Downloaded keys:        179
[2026-04-10 11:55:24]   Filtered (transformer): 172
[2026-04-10 11:55:24]   Filtered (pos_encoder): 0
[2026-04-10 11:55:24]   Keys to load:           7
[2026-04-10 11:55:24]   Missing keys:           4
[2026-04-10 11:55:24]   Unexpected keys:        0
[2026-04-10 11:55:24]   Missing preview:        ['spatial_conv.1.weight', 'spatial_conv.1.bias', 'final_layer.1.weight', 'final_layer.1.bias']
[2026-04-10 11:55:24]   Unexpected preview:     []
[2026-04-10 11:55:45]   Fold 3/5 | best_epoch=61 | stop=111 | val_loss=0.2519 | acc=0.8965 | bal_acc=0.7742
[2026-04-10 11:55:45]     Train class counts: [2112, 422]
[2026-04-10 11:55:45]     Val class counts:   [528, 106]
[2026-04-10 11:55:45]     Test class counts:  [660, 132]
[2026-04-10 11:55:45] Building model with input window duration: 1.1875 s
[2026-04-10 11:55:45] Pretrained weight loading:
[2026-04-10 11:55:45]   Downloaded keys:        179
[2026-04-10 11:55:45]   Filtered (transformer): 172
[2026-04-10 11:55:45]   Filtered (pos_encoder): 0
[2026-04-10 11:55:45]   Keys to load:           7
[2026-04-10 11:55:45]   Missing keys:           4
[2026-04-10 11:55:45]   Unexpected keys:        0
[2026-04-10 11:55:45]   Missing preview:        ['spatial_conv.1.weight', 'spatial_conv.1.bias', 'final_layer.1.weight', 'final_layer.1.bias']
[2026-04-10 11:55:45]   Unexpected preview:     []
[2026-04-10 11:56:06]   Fold 4/5 | best_epoch=56 | stop=106 | val_loss=0.2173 | acc=0.9242 | bal_acc=0.8182
[2026-04-10 11:56:06]     Train class counts: [2112, 422]
[2026-04-10 11:56:06]     Val class counts:   [528, 106]
[2026-04-10 11:56:06]     Test class counts:  [660, 132]
[2026-04-10 11:56:06] Building model with input window duration: 1.1875 s
[2026-04-10 11:56:06] Pretrained weight loading:
[2026-04-10 11:56:06]   Downloaded keys:        179
[2026-04-10 11:56:06]   Filtered (transformer): 172
[2026-04-10 11:56:06]   Filtered (pos_encoder): 0
[2026-04-10 11:56:06]   Keys to load:           7
[2026-04-10 11:56:06]   Missing keys:           4
[2026-04-10 11:56:06]   Unexpected keys:        0
[2026-04-10 11:56:06]   Missing preview:        ['spatial_conv.1.weight', 'spatial_conv.1.bias', 'final_layer.1.weight', 'final_layer.1.bias']
[2026-04-10 11:56:06]   Unexpected preview:     []
[2026-04-10 11:56:28]   Fold 5/5 | best_epoch=70 | stop=120 | val_loss=0.2396 | acc=0.9217 | bal_acc=0.8379
[2026-04-10 11:56:28]   Subject 53 summary: acc=0.9101±0.0112  bal_acc=0.8018±0.0230

[2026-04-10 11:56:28] Subject 54: 3960 windows | class_counts=[3300, 660]
[2026-04-10 11:56:28]   Fold 1 class counts: train=[2112, 422] val=[528, 106] test=[660, 132]
[2026-04-10 11:56:28]   Fold 2 class counts: train=[2112, 422] val=[528, 106] test=[660, 132]
[2026-04-10 11:56:28]   Fold 3 class counts: train=[2112, 422] val=[528, 106] test=[660, 132]
[2026-04-10 11:56:28]   Fold 4 class counts: train=[2112, 422] val=[528, 106] test=[660, 132]
[2026-04-10 11:56:28]   Fold 5 class counts: train=[2112, 422] val=[528, 106] test=[660, 132]
[2026-04-10 11:56:28]     Train class counts: [2112, 422]
[2026-04-10 11:56:28]     Val class counts:   [528, 106]
[2026-04-10 11:56:28]     Test class counts:  [660, 132]
[2026-04-10 11:56:28] Building model with input window duration: 1.1875 s
[2026-04-10 11:56:28] Pretrained weight loading:
[2026-04-10 11:56:28]   Downloaded keys:        179
[2026-04-10 11:56:28]   Filtered (transformer): 172
[2026-04-10 11:56:28]   Filtered (pos_encoder): 0
[2026-04-10 11:56:28]   Keys to load:           7
[2026-04-10 11:56:28]   Missing keys:           4
[2026-04-10 11:56:28]   Unexpected keys:        0
[2026-04-10 11:56:28]   Missing preview:        ['spatial_conv.1.weight', 'spatial_conv.1.bias', 'final_layer.1.weight', 'final_layer.1.bias']
[2026-04-10 11:56:28]   Unexpected preview:     []
[2026-04-10 11:56:46]   Fold 1/5 | best_epoch=47 | stop=97 | val_loss=0.2739 | acc=0.8952 | bal_acc=0.7795
[2026-04-10 11:56:47]     Train class counts: [2112, 422]
[2026-04-10 11:56:47]     Val class counts:   [528, 106]
[2026-04-10 11:56:47]     Test class counts:  [660, 132]
[2026-04-10 11:56:47] Building model with input window duration: 1.1875 s
[2026-04-10 11:56:47] Pretrained weight loading:
[2026-04-10 11:56:47]   Downloaded keys:        179
[2026-04-10 11:56:47]   Filtered (transformer): 172
[2026-04-10 11:56:47]   Filtered (pos_encoder): 0
[2026-04-10 11:56:47]   Keys to load:           7
[2026-04-10 11:56:47]   Missing keys:           4
[2026-04-10 11:56:47]   Unexpected keys:        0
[2026-04-10 11:56:47]   Missing preview:        ['spatial_conv.1.weight', 'spatial_conv.1.bias', 'final_layer.1.weight', 'final_layer.1.bias']
[2026-04-10 11:56:47]   Unexpected preview:     []
[2026-04-10 11:57:02]   Fold 2/5 | best_epoch=33 | stop=83 | val_loss=0.2600 | acc=0.8927 | bal_acc=0.7598
[2026-04-10 11:57:02]     Train class counts: [2112, 422]
[2026-04-10 11:57:02]     Val class counts:   [528, 106]
[2026-04-10 11:57:02]     Test class counts:  [660, 132]
[2026-04-10 11:57:02] Building model with input window duration: 1.1875 s
[2026-04-10 11:57:02] Pretrained weight loading:
[2026-04-10 11:57:02]   Downloaded keys:        179
[2026-04-10 11:57:02]   Filtered (transformer): 172
[2026-04-10 11:57:02]   Filtered (pos_encoder): 0
[2026-04-10 11:57:02]   Keys to load:           7
[2026-04-10 11:57:02]   Missing keys:           4
[2026-04-10 11:57:02]   Unexpected keys:        0
[2026-04-10 11:57:02]   Missing preview:        ['spatial_conv.1.weight', 'spatial_conv.1.bias', 'final_layer.1.weight', 'final_layer.1.bias']
[2026-04-10 11:57:02]   Unexpected preview:     []
[2026-04-10 11:57:22]   Fold 3/5 | best_epoch=53 | stop=103 | val_loss=0.2617 | acc=0.8927 | bal_acc=0.7629
[2026-04-10 11:57:22]     Train class counts: [2112, 422]
[2026-04-10 11:57:22]     Val class counts:   [528, 106]
[2026-04-10 11:57:22]     Test class counts:  [660, 132]
[2026-04-10 11:57:22] Building model with input window duration: 1.1875 s
[2026-04-10 11:57:22] Pretrained weight loading:
[2026-04-10 11:57:22]   Downloaded keys:        179
[2026-04-10 11:57:22]   Filtered (transformer): 172
[2026-04-10 11:57:22]   Filtered (pos_encoder): 0
[2026-04-10 11:57:22]   Keys to load:           7
[2026-04-10 11:57:22]   Missing keys:           4
[2026-04-10 11:57:22]   Unexpected keys:        0
[2026-04-10 11:57:22]   Missing preview:        ['spatial_conv.1.weight', 'spatial_conv.1.bias', 'final_layer.1.weight', 'final_layer.1.bias']
[2026-04-10 11:57:22]   Unexpected preview:     []
[2026-04-10 11:57:37]   Fold 4/5 | best_epoch=28 | stop=78 | val_loss=0.2873 | acc=0.8775 | bal_acc=0.7386
[2026-04-10 11:57:37]     Train class counts: [2112, 422]
[2026-04-10 11:57:37]     Val class counts:   [528, 106]
[2026-04-10 11:57:37]     Test class counts:  [660, 132]
[2026-04-10 11:57:37] Building model with input window duration: 1.1875 s
[2026-04-10 11:57:37] Pretrained weight loading:
[2026-04-10 11:57:37]   Downloaded keys:        179
[2026-04-10 11:57:37]   Filtered (transformer): 172
[2026-04-10 11:57:37]   Filtered (pos_encoder): 0
[2026-04-10 11:57:37]   Keys to load:           7
[2026-04-10 11:57:37]   Missing keys:           4
[2026-04-10 11:57:37]   Unexpected keys:        0
[2026-04-10 11:57:37]   Missing preview:        ['spatial_conv.1.weight', 'spatial_conv.1.bias', 'final_layer.1.weight', 'final_layer.1.bias']
[2026-04-10 11:57:37]   Unexpected preview:     []
[2026-04-10 11:57:53]   Fold 5/5 | best_epoch=33 | stop=83 | val_loss=0.2752 | acc=0.8750 | bal_acc=0.7341
[2026-04-10 11:57:53]   Subject 54 summary: acc=0.8866±0.0085  bal_acc=0.7550±0.0167

[2026-04-10 11:57:53] Total folds completed: 35
[2026-04-10 11:57:53] ======================================================================
[2026-04-10 11:57:53] AGGREGATED RESULTS
[2026-04-10 11:57:53] ======================================================================
[2026-04-10 11:57:53]   Subject 48:  acc=0.9134±0.0138  bal_acc=0.8153±0.0297
[2026-04-10 11:57:53]   Subject 49:  acc=0.9126±0.0108  bal_acc=0.8161±0.0216
[2026-04-10 11:57:53]   Subject 50:  acc=0.8889±0.0051  bal_acc=0.7370±0.0037
[2026-04-10 11:57:53]   Subject 51:  acc=0.8497±0.0038  bal_acc=0.6044±0.0146
[2026-04-10 11:57:53]   Subject 52:  acc=0.9119±0.0095  bal_acc=0.7998±0.0225
[2026-04-10 11:57:53]   Subject 53:  acc=0.9101±0.0112  bal_acc=0.8018±0.0230
[2026-04-10 11:57:53]   Subject 54:  acc=0.8866±0.0085  bal_acc=0.7550±0.0167
[2026-04-10 11:57:53] ----------------------------------------------------------------------
[2026-04-10 11:57:53]   OVERALL:      acc=0.8962±0.0237  bal_acc=0.7613±0.0729
[2026-04-10 11:57:53] ======================================================================
[2026-04-10 11:57:53] CV results saved to:      /home/vegorov/Repos/eeg_jepa_research/artifacts/lee-2019-fine-tuning/ERP/20260410_1145_e773995a/cv_results.json
[2026-04-10 11:57:53] Subject metrics saved to: /home/vegorov/Repos/eeg_jepa_research/artifacts/lee-2019-fine-tuning/ERP/20260410_1145_e773995a/subject_metrics.json
[2026-04-10 11:57:53] Global metrics saved to:  /home/vegorov/Repos/eeg_jepa_research/artifacts/lee-2019-fine-tuning/ERP/20260410_1145_e773995a/global_metrics.json
[2026-04-10 11:57:53] Run metadata saved to:    /home/vegorov/Repos/eeg_jepa_research/artifacts/lee-2019-fine-tuning/ERP/20260410_1145_e773995a/run_metadata.json

[2026-04-10 11:57:53] All artifacts in: /home/vegorov/Repos/eeg_jepa_research/artifacts/lee-2019-fine-tuning/ERP/20260410_1145_e773995a

[2026-04-10 11:57:53] ======================================================================
[2026-04-10 11:57:53] EXPERIMENT SUMMARY
[2026-04-10 11:57:53] ======================================================================
[2026-04-10 11:57:53] Run ID:    20260410_1145_e773995a
[2026-04-10 11:57:53] Artifacts: /home/vegorov/Repos/eeg_jepa_research/artifacts/lee-2019-fine-tuning/ERP/20260410_1145_e773995a

[2026-04-10 11:57:53] Configuration:
[2026-04-10 11:57:53]   Subjects:          [48, 49, 50, 51, 52, 53, 54]
[2026-04-10 11:57:53]   Bandpass:          0.5-40.0 Hz
[2026-04-10 11:57:53]   Resample:          128 Hz
[2026-04-10 11:57:53]   CV folds:          5
[2026-04-10 11:57:53]   Learning rate:     None
[2026-04-10 11:57:53]   Batch size:        32
[2026-04-10 11:57:53]   Max epochs:        5000

[2026-04-10 11:57:53] Results:
[2026-04-10 11:57:53]   Mean Accuracy:          0.8962 ± 0.0237
[2026-04-10 11:57:53]   Mean Balanced Accuracy: 0.7613 ± 0.0729
