[2026-04-01 10:06:39] Using device: cpu
[2026-04-01 10:06:39] Seed control enabled: True
[2026-04-01 10:06:39] Base seed: 3012
[2026-04-01 10:06:40] Seed initialized: 3012
[2026-04-01 10:06:40] ======================================================================
[2026-04-01 10:06:40] CONFIGURATION
[2026-04-01 10:06:40] ======================================================================
[2026-04-01 10:06:40]   artifact_dir: /home/vegorov/Repos/eeg_jepa_research/artifacts/lee-2019-fine-tuning
[2026-04-01 10:06:40]   bandpass_high: 40.0
[2026-04-01 10:06:40]   bandpass_low: 0.5
[2026-04-01 10:06:40]   batch_size: 24
[2026-04-01 10:06:40]   convert_to_uV: False
[2026-04-01 10:06:40]   cv_folds: 5
[2026-04-01 10:06:40]   device: auto
[2026-04-01 10:06:40]   early_stopping_patience: 50
[2026-04-01 10:06:40]   learning_rate: 0.001
[2026-04-01 10:06:40]   n_epochs: 5000
[2026-04-01 10:06:40]   normalization_method: exponential_moving
[2026-04-01 10:06:40]   normalize: True
[2026-04-01 10:06:40]   paradigm: SSVEP
[2026-04-01 10:06:40]   pretrained_url: https://huggingface.co/braindecode/SignalJEPA/resolve/main/signal-jepa_16s-60_adeuwv4s.pth
[2026-04-01 10:06:40]   seed: 3012
[2026-04-01 10:06:40]   set_seed: True
[2026-04-01 10:06:40]   sfreq: 128
[2026-04-01 10:06:40]   subjects_to_use: [51]
[2026-04-01 10:06:40]   val_split: 0.2
[2026-04-01 10:06:40] ======================================================================
[2026-04-01 10:06:40] Config saved to: /home/vegorov/Repos/eeg_jepa_research/artifacts/lee-2019-fine-tuning/SSVEP/20260401_1006_6fe8e055/config.json
[2026-04-01 10:06:40] Epoch window configuration:
[2026-04-01 10:06:40]   Target sfreq:                128 Hz
[2026-04-01 10:06:40]   Target duration:             4.190000 s
[2026-04-01 10:06:40]   Window samples (rounded):    536
[2026-04-01 10:06:40]   Base trial samples (4.0 s):  512
[2026-04-01 10:06:40]   Trial stop offset samples:   24
[2026-04-01 10:06:40]   Effective window duration:   4.187500 s
[2026-04-01 10:06:40] Using specified subjects from config: [51]
[2026-04-01 10:06:40] Selected subjects: [51]
[2026-04-01 10:06:40] Expected evaluation folds: 5

[2026-04-01 10:06:40] Building MOABBDataset for Lee2019_SSVEP...
[2026-04-01 10:06:49] MOABBDataset recordings loaded: 1
[2026-04-01 10:06:49] Discovered annotation descriptions (first recording): [np.str_('12.0'), np.str_('5.45'), np.str_('6.67'), np.str_('8.57')]
[2026-04-01 10:06:49] Dataset event_id mapping: {'12.0': 1, '8.57': 2, '6.67': 3, '5.45': 4}
[2026-04-01 10:06:49] Label map (event_code -> class_index): {1: 0, 2: 1, 3: 2, 4: 3}
[2026-04-01 10:06:49] Applying Braindecode preprocessors to MOABBDataset...
[2026-04-01 10:06:52] Preprocessing complete.

[2026-04-01 10:06:52] Post-preprocessing validation
[2026-04-01 10:06:52]   Recordings in DATASET: 1
[2026-04-01 10:06:52]   Unique subject IDs:    ['51']
[2026-04-01 10:06:52]   sfreq (first rec):     128.0 Hz
[2026-04-01 10:06:52]   EEG channel count:     62
[2026-04-01 10:06:52]   First 10 channels:     ['Fp1', 'Fp2', 'F7', 'F3', 'Fz', 'F4', 'F8', 'FC5', 'FC1', 'FC2']
[2026-04-01 10:06:52] Channel consistency summary:
[2026-04-01 10:06:52]   Checked runs: 1
[2026-04-01 10:06:52]   Unique channel counts: [62]
[2026-04-01 10:06:52]   Channel order consistent: True
[2026-04-01 10:06:52] Validated EEG channels: 62
[2026-04-01 10:06:52] First 10 EEG channels: ['Fp1', 'Fp2', 'F7', 'F3', 'Fz', 'F4', 'F8', 'FC5', 'FC1', 'FC2']
[2026-04-01 10:06:52] raw mean_abs=8.062158e-02
[2026-04-01 10:06:52] raw std=1.626997e-01
[2026-04-01 10:06:52] raw first5 channel std= [0.35648788 0.39953794 0.16920951 0.13800089 0.1122562 ]
[2026-04-01 10:06:52] Requested window samples: 536
[2026-04-01 10:06:52] Base trial samples:       512
[2026-04-01 10:06:52] Stop offset samples:      24
[2026-04-01 10:06:52] Global class counts: [25, 25, 25, 25]
[2026-04-01 10:06:52] Chance level (4-class): 0.25
[2026-04-01 10:06:52] One window shape: (62, 536)
[2026-04-01 10:06:52] One window label: 1
[2026-04-01 10:06:52] Window sample length expected=536, got=536
[2026-04-01 10:06:52] Subjects in window split: [51]
[2026-04-01 10:06:52] Summarizing per-subject windows...
[2026-04-01 10:06:52]   Subject 51: n_windows=100, window_shape=(62, 536), class_counts=[25, 25, 25, 25]
[2026-04-01 10:06:52]    subject_id  n_windows  n_channels  n_times      class_counts
0          51        100          62      536  [25, 25, 25, 25]
[2026-04-01 10:06:52] Window validation summary:
[2026-04-01 10:06:52]   Subject 51: n_windows=100 class_counts=[25, 25, 25, 25]

[2026-04-01 10:06:52] Validated sampling rate target: 128 Hz
[2026-04-01 10:06:52] Validated window sample count:   536
[2026-04-01 10:06:52] Validated window duration:       4.1875 s
[2026-04-01 10:06:52] Validated channel count:         62
[2026-04-01 10:06:52] Total windows retained:          100
[2026-04-01 10:06:52] Preprocessing sanity checks:
[2026-04-01 10:06:52]   One sample label: 1
[2026-04-01 10:06:52]   One sample shape: (62, 536)
[2026-04-01 10:06:52]   Mean(abs(signal)): 4.090348e-02
[2026-04-01 10:06:52]   Mean(signal):      1.011500e-06
[2026-04-01 10:06:52]   Std(signal):       5.853879e-02
[2026-04-01 10:06:52] Building model with input window duration: 4.1875 s
[2026-04-01 10:06:52] SignalJEPA_PreLocal instantiated successfully.
[2026-04-01 10:06:52]   Total parameters:     18,192
[2026-04-01 10:06:52]   Trainable parameters: 18,192
[2026-04-01 10:06:52] ======================================================================================================================================================
Layer (type (var_name):depth-idx)                  Input Shape               Output Shape              Param #                   Kernel Shape
======================================================================================================================================================
SignalJEPA_PreLocal (SignalJEPA_PreLocal)          [1, 62, 536]              [1, 4]                    --                        --
├─Sequential (spatial_conv): 1-1                   [1, 62, 536]              [1, 4, 536]               --                        --
│    └─Rearrange (0): 2-1                          [1, 62, 536]              [1, 1, 62, 536]           --                        --
│    └─Conv2d (1): 2-2                             [1, 1, 62, 536]           [1, 4, 1, 536]            252                       [62, 1]
│    └─Rearrange (2): 2-3                          [1, 4, 1, 536]            [1, 4, 536]               --                        --
├─_ConvFeatureEncoder (feature_encoder): 1-2       [1, 4, 536]               [1, 16, 64]               --                        --
│    └─Rearrange (0): 2-4                          [1, 4, 536]               [4, 1, 536]               --                        --
│    └─Sequential (1): 2-5                         [4, 1, 536]               [4, 8, 64]                --                        --
│    │    └─Conv1d (0): 3-1                        [4, 1, 536]               [4, 8, 64]                256                       [32]
│    │    └─Dropout (1): 3-2                       [4, 8, 64]                [4, 8, 64]                --                        --
│    │    └─GroupNorm (2): 3-3                     [4, 8, 64]                [4, 8, 64]                16                        --
│    │    └─GELU (3): 3-4                          [4, 8, 64]                [4, 8, 64]                --                        --
│    └─Sequential (2): 2-6                         [4, 8, 64]                [4, 16, 32]               --                        --
│    │    └─Conv1d (0): 3-5                        [4, 8, 64]                [4, 16, 32]               256                       [2]
│    │    └─Dropout (1): 3-6                       [4, 16, 32]               [4, 16, 32]               --                        --
│    │    └─GELU (2): 3-7                          [4, 16, 32]               [4, 16, 32]               --                        --
│    └─Sequential (3): 2-7                         [4, 16, 32]               [4, 32, 16]               --                        --
│    │    └─Conv1d (0): 3-8                        [4, 16, 32]               [4, 32, 16]               1,024                     [2]
│    │    └─Dropout (1): 3-9                       [4, 32, 16]               [4, 32, 16]               --                        --
│    │    └─GELU (2): 3-10                         [4, 32, 16]               [4, 32, 16]               --                        --
│    └─Sequential (4): 2-8                         [4, 32, 16]               [4, 64, 8]                --                        --
│    │    └─Conv1d (0): 3-11                       [4, 32, 16]               [4, 64, 8]                4,096                     [2]
│    │    └─Dropout (1): 3-12                      [4, 64, 8]                [4, 64, 8]                --                        --
│    │    └─GELU (2): 3-13                         [4, 64, 8]                [4, 64, 8]                --                        --
│    └─Sequential (5): 2-9                         [4, 64, 8]                [4, 64, 4]                --                        --
│    │    └─Conv1d (0): 3-14                       [4, 64, 8]                [4, 64, 4]                8,192                     [2]
│    │    └─Dropout (1): 3-15                      [4, 64, 4]                [4, 64, 4]                --                        --
│    │    └─GELU (2): 3-16                         [4, 64, 4]                [4, 64, 4]                --                        --
│    └─Rearrange (6): 2-10                         [4, 64, 4]                [1, 16, 64]               --                        --
├─Sequential (final_layer): 1-3                    [1, 16, 64]               [1, 4]                    --                        --
│    └─Flatten (0): 2-11                           [1, 16, 64]               [1, 1024]                 --                        --
│    └─Linear (1): 2-12                            [1, 1024]                 [1, 4]                    4,100                     --
======================================================================================================================================================
Total params: 18,192
Trainable params: 18,192
Non-trainable params: 0
Total mult-adds (Units.MEGABYTES): 0.57
======================================================================================================================================================
Input size (MB): 0.13
Forward/backward pass size (MB): 0.11
Params size (MB): 0.07
Estimated Total Size (MB): 0.31
======================================================================================================================================================
[2026-04-01 10:06:52] Initializing from 16s-60 pretrained checkpoint (Hugging Face):
[2026-04-01 10:06:52]   https://huggingface.co/braindecode/SignalJEPA/resolve/main/signal-jepa_16s-60_adeuwv4s.pth
[2026-04-01 10:06:52]   Downloaded 179 keys
[2026-04-01 10:06:52] ======================================================================
[2026-04-01 10:06:52] STARTING CROSS-VALIDATION
[2026-04-01 10:06:52] ======================================================================
[2026-04-01 10:06:52] Subjects:      [51]
[2026-04-01 10:06:52] CV folds:      5
[2026-04-01 10:06:52] Batch size:    24
[2026-04-01 10:06:52] Max epochs:    5000
[2026-04-01 10:06:52] Device:        cpu
[2026-04-01 10:06:52] Seed control:  True
[2026-04-01 10:06:52] Base seed:     3012
[2026-04-01 10:06:52] ======================================================================

[2026-04-01 10:06:52] Subject 51: 100 windows class_counts=[25, 25, 25, 25]
[2026-04-01 10:06:52]   Fold 1 split seed: 3013
[2026-04-01 10:06:52]   Fold 1 split class counts:
[2026-04-01 10:06:52]     train=[16, 16, 16, 16] val=[4, 4, 4, 4] test=[5, 5, 5, 5]
[2026-04-01 10:06:52]   Fold 2 split seed: 3014
[2026-04-01 10:06:52]   Fold 2 split class counts:
[2026-04-01 10:06:52]     train=[16, 16, 16, 16] val=[4, 4, 4, 4] test=[5, 5, 5, 5]
[2026-04-01 10:06:52]   Fold 3 split seed: 3015
[2026-04-01 10:06:52]   Fold 3 split class counts:
[2026-04-01 10:06:52]     train=[16, 16, 16, 16] val=[4, 4, 4, 4] test=[5, 5, 5, 5]
[2026-04-01 10:06:52]   Fold 4 split seed: 3016
[2026-04-01 10:06:52]   Fold 4 split class counts:
[2026-04-01 10:06:52]     train=[16, 16, 16, 16] val=[4, 4, 4, 4] test=[5, 5, 5, 5]
[2026-04-01 10:06:52]   Fold 5 split seed: 3017
[2026-04-01 10:06:52]   Fold 5 split class counts:
[2026-04-01 10:06:52]     train=[16, 16, 16, 16] val=[4, 4, 4, 4] test=[5, 5, 5, 5]
[2026-04-01 10:06:52]   Subject 51 Fold 1 seed: 8113
[2026-04-01 10:06:52]   Subject 51 Fold 1: n_train=64 n_val=16 n_test=20
[2026-04-01 10:06:52]     Train class counts: [16, 16, 16, 16]
[2026-04-01 10:06:52]     Val class counts:   [4, 4, 4, 4]
[2026-04-01 10:06:52]     Test class counts:  [5, 5, 5, 5]
[2026-04-01 10:06:52] Building model with input window duration: 4.1875 s
[2026-04-01 10:06:52] Pretrained weight loading:
[2026-04-01 10:06:52]   Downloaded keys:        179
[2026-04-01 10:06:52]   Filtered (transformer): 172
[2026-04-01 10:06:52]   Filtered (pos_encoder): 0
[2026-04-01 10:06:52]   Keys to load:           7
[2026-04-01 10:06:52]   Missing keys:           4
[2026-04-01 10:06:52]   Unexpected keys:        0
[2026-04-01 10:06:52]   Missing preview:        ['spatial_conv.1.weight', 'spatial_conv.1.bias', 'final_layer.1.weight', 'final_layer.1.bias']
[2026-04-01 10:06:52]   Unexpected preview:     []
[2026-04-01 10:06:52] Encoder freeze configuration:
[2026-04-01 10:06:52]   Total parameters:        18,192
[2026-04-01 10:06:52]   Trainable parameters:    4,352
[2026-04-01 10:06:52]   Training percentage:     23.9%
[2026-04-01 10:06:52]   Trainable layers: 4
[2026-04-01 10:06:52]     - final_layer.1.bias
[2026-04-01 10:06:52]     - final_layer.1.weight
[2026-04-01 10:06:52]     - spatial_conv.1.bias
[2026-04-01 10:06:52]     - spatial_conv.1.weight
[2026-04-01 10:06:52]     Train generator seeded: True
[2026-04-01 10:06:53]     Stopped epoch:            81
[2026-04-01 10:06:53]     Best epoch (valid_loss):  31
[2026-04-01 10:06:53]     Best valid_loss:          1.385667085647583
[2026-04-01 10:06:53]     Test accuracy (primary):  0.2000
[2026-04-01 10:06:53]     Test balanced acc:        0.2000
[2026-04-01 10:06:53]     Confusion matrix:         [[1, 1, 1, 2], [1, 2, 0, 2], [0, 4, 0, 1], [2, 0, 2, 1]]
[2026-04-01 10:06:53]     Prediction histogram:     [4, 7, 3, 6]
[2026-04-01 10:06:53]     fold_acc=0.2000 fold_bal_acc=0.2000 cm=[[1, 1, 1, 2], [1, 2, 0, 2], [0, 4, 0, 1], [2, 0, 2, 1]]
[2026-04-01 10:06:53]   Subject 51 Fold 2 seed: 8114
[2026-04-01 10:06:53]   Subject 51 Fold 2: n_train=64 n_val=16 n_test=20
[2026-04-01 10:06:53]     Train class counts: [16, 16, 16, 16]
[2026-04-01 10:06:53]     Val class counts:   [4, 4, 4, 4]
[2026-04-01 10:06:53]     Test class counts:  [5, 5, 5, 5]
[2026-04-01 10:06:53] Building model with input window duration: 4.1875 s
[2026-04-01 10:06:53] Pretrained weight loading:
[2026-04-01 10:06:53]   Downloaded keys:        179
[2026-04-01 10:06:53]   Filtered (transformer): 172
[2026-04-01 10:06:53]   Filtered (pos_encoder): 0
[2026-04-01 10:06:53]   Keys to load:           7
[2026-04-01 10:06:53]   Missing keys:           4
[2026-04-01 10:06:53]   Unexpected keys:        0
[2026-04-01 10:06:53]   Missing preview:        ['spatial_conv.1.weight', 'spatial_conv.1.bias', 'final_layer.1.weight', 'final_layer.1.bias']
[2026-04-01 10:06:53]   Unexpected preview:     []
[2026-04-01 10:06:53] Encoder freeze configuration:
[2026-04-01 10:06:53]   Total parameters:        18,192
[2026-04-01 10:06:53]   Trainable parameters:    4,352
[2026-04-01 10:06:53]   Training percentage:     23.9%
[2026-04-01 10:06:53]   Trainable layers: 4
[2026-04-01 10:06:53]     - final_layer.1.bias
[2026-04-01 10:06:53]     - final_layer.1.weight
[2026-04-01 10:06:53]     - spatial_conv.1.bias
[2026-04-01 10:06:53]     - spatial_conv.1.weight
[2026-04-01 10:06:53]     Train generator seeded: True
[2026-04-01 10:06:55]     Stopped epoch:            225
[2026-04-01 10:06:55]     Best epoch (valid_loss):  219
[2026-04-01 10:06:55]     Best valid_loss:          1.3347134590148926
[2026-04-01 10:06:55]     Test accuracy (primary):  0.2500
[2026-04-01 10:06:55]     Test balanced acc:        0.2500
[2026-04-01 10:06:55]     Confusion matrix:         [[3, 1, 0, 1], [2, 0, 1, 2], [3, 1, 1, 0], [2, 2, 0, 1]]
[2026-04-01 10:06:55]     Prediction histogram:     [10, 4, 2, 4]
[2026-04-01 10:06:55]     fold_acc=0.2500 fold_bal_acc=0.2500 cm=[[3, 1, 0, 1], [2, 0, 1, 2], [3, 1, 1, 0], [2, 2, 0, 1]]
[2026-04-01 10:06:55]   Subject 51 Fold 3 seed: 8115
[2026-04-01 10:06:55]   Subject 51 Fold 3: n_train=64 n_val=16 n_test=20
[2026-04-01 10:06:55]     Train class counts: [16, 16, 16, 16]
[2026-04-01 10:06:55]     Val class counts:   [4, 4, 4, 4]
[2026-04-01 10:06:55]     Test class counts:  [5, 5, 5, 5]
[2026-04-01 10:06:55] Building model with input window duration: 4.1875 s
[2026-04-01 10:06:55] Pretrained weight loading:
[2026-04-01 10:06:55]   Downloaded keys:        179
[2026-04-01 10:06:55]   Filtered (transformer): 172
[2026-04-01 10:06:55]   Filtered (pos_encoder): 0
[2026-04-01 10:06:55]   Keys to load:           7
[2026-04-01 10:06:55]   Missing keys:           4
[2026-04-01 10:06:55]   Unexpected keys:        0
[2026-04-01 10:06:55]   Missing preview:        ['spatial_conv.1.weight', 'spatial_conv.1.bias', 'final_layer.1.weight', 'final_layer.1.bias']
[2026-04-01 10:06:55]   Unexpected preview:     []
[2026-04-01 10:06:55] Encoder freeze configuration:
[2026-04-01 10:06:55]   Total parameters:        18,192
[2026-04-01 10:06:55]   Trainable parameters:    4,352
[2026-04-01 10:06:55]   Training percentage:     23.9%
[2026-04-01 10:06:55]   Trainable layers: 4
[2026-04-01 10:06:55]     - final_layer.1.bias
[2026-04-01 10:06:55]     - final_layer.1.weight
[2026-04-01 10:06:55]     - spatial_conv.1.bias
[2026-04-01 10:06:55]     - spatial_conv.1.weight
[2026-04-01 10:06:55]     Train generator seeded: True
[2026-04-01 10:06:55]     Stopped epoch:            95
[2026-04-01 10:06:55]     Best epoch (valid_loss):  45
[2026-04-01 10:06:55]     Best valid_loss:          1.3773728609085083
[2026-04-01 10:06:55]     Test accuracy (primary):  0.2500
[2026-04-01 10:06:55]     Test balanced acc:        0.2500
[2026-04-01 10:06:55]     Confusion matrix:         [[1, 1, 3, 0], [2, 1, 0, 2], [1, 1, 2, 1], [1, 2, 1, 1]]
[2026-04-01 10:06:55]     Prediction histogram:     [5, 5, 6, 4]
[2026-04-01 10:06:55]     fold_acc=0.2500 fold_bal_acc=0.2500 cm=[[1, 1, 3, 0], [2, 1, 0, 2], [1, 1, 2, 1], [1, 2, 1, 1]]
[2026-04-01 10:06:55]   Subject 51 Fold 4 seed: 8116
[2026-04-01 10:06:55]   Subject 51 Fold 4: n_train=64 n_val=16 n_test=20
[2026-04-01 10:06:55]     Train class counts: [16, 16, 16, 16]
[2026-04-01 10:06:55]     Val class counts:   [4, 4, 4, 4]
[2026-04-01 10:06:55]     Test class counts:  [5, 5, 5, 5]
[2026-04-01 10:06:55] Building model with input window duration: 4.1875 s
[2026-04-01 10:06:55] Pretrained weight loading:
[2026-04-01 10:06:55]   Downloaded keys:        179
[2026-04-01 10:06:55]   Filtered (transformer): 172
[2026-04-01 10:06:55]   Filtered (pos_encoder): 0
[2026-04-01 10:06:55]   Keys to load:           7
[2026-04-01 10:06:55]   Missing keys:           4
[2026-04-01 10:06:55]   Unexpected keys:        0
[2026-04-01 10:06:55]   Missing preview:        ['spatial_conv.1.weight', 'spatial_conv.1.bias', 'final_layer.1.weight', 'final_layer.1.bias']
[2026-04-01 10:06:55]   Unexpected preview:     []
[2026-04-01 10:06:55] Encoder freeze configuration:
[2026-04-01 10:06:55]   Total parameters:        18,192
[2026-04-01 10:06:55]   Trainable parameters:    4,352
[2026-04-01 10:06:55]   Training percentage:     23.9%
[2026-04-01 10:06:55]   Trainable layers: 4
[2026-04-01 10:06:55]     - final_layer.1.bias
[2026-04-01 10:06:55]     - final_layer.1.weight
[2026-04-01 10:06:55]     - spatial_conv.1.bias
[2026-04-01 10:06:55]     - spatial_conv.1.weight
[2026-04-01 10:06:55]     Train generator seeded: True
[2026-04-01 10:06:57]     Stopped epoch:            224
[2026-04-01 10:06:57]     Best epoch (valid_loss):  174
[2026-04-01 10:06:57]     Best valid_loss:          1.3376133441925049
[2026-04-01 10:06:57]     Test accuracy (primary):  0.4500
[2026-04-01 10:06:57]     Test balanced acc:        0.4500
[2026-04-01 10:06:57]     Confusion matrix:         [[1, 2, 1, 1], [1, 2, 1, 1], [0, 2, 2, 1], [0, 1, 0, 4]]
[2026-04-01 10:06:57]     Prediction histogram:     [2, 7, 4, 7]
[2026-04-01 10:06:57]     fold_acc=0.4500 fold_bal_acc=0.4500 cm=[[1, 2, 1, 1], [1, 2, 1, 1], [0, 2, 2, 1], [0, 1, 0, 4]]
[2026-04-01 10:06:57]   Subject 51 Fold 5 seed: 8117
[2026-04-01 10:06:57]   Subject 51 Fold 5: n_train=64 n_val=16 n_test=20
[2026-04-01 10:06:57]     Train class counts: [16, 16, 16, 16]
[2026-04-01 10:06:57]     Val class counts:   [4, 4, 4, 4]
[2026-04-01 10:06:57]     Test class counts:  [5, 5, 5, 5]
[2026-04-01 10:06:57] Building model with input window duration: 4.1875 s
[2026-04-01 10:06:57] Pretrained weight loading:
[2026-04-01 10:06:57]   Downloaded keys:        179
[2026-04-01 10:06:57]   Filtered (transformer): 172
[2026-04-01 10:06:57]   Filtered (pos_encoder): 0
[2026-04-01 10:06:57]   Keys to load:           7
[2026-04-01 10:06:57]   Missing keys:           4
[2026-04-01 10:06:57]   Unexpected keys:        0
[2026-04-01 10:06:57]   Missing preview:        ['spatial_conv.1.weight', 'spatial_conv.1.bias', 'final_layer.1.weight', 'final_layer.1.bias']
[2026-04-01 10:06:57]   Unexpected preview:     []
[2026-04-01 10:06:57] Encoder freeze configuration:
[2026-04-01 10:06:57]   Total parameters:        18,192
[2026-04-01 10:06:57]   Trainable parameters:    4,352
[2026-04-01 10:06:57]   Training percentage:     23.9%
[2026-04-01 10:06:57]   Trainable layers: 4
[2026-04-01 10:06:57]     - final_layer.1.bias
[2026-04-01 10:06:57]     - final_layer.1.weight
[2026-04-01 10:06:57]     - spatial_conv.1.bias
[2026-04-01 10:06:57]     - spatial_conv.1.weight
[2026-04-01 10:06:57]     Train generator seeded: True
[2026-04-01 10:06:58]     Stopped epoch:            51
[2026-04-01 10:06:58]     Best epoch (valid_loss):  3
[2026-04-01 10:06:58]     Best valid_loss:          1.386205792427063
[2026-04-01 10:06:58]     Test accuracy (primary):  0.2500
[2026-04-01 10:06:58]     Test balanced acc:        0.2500
[2026-04-01 10:06:58]     Confusion matrix:         [[0, 0, 5, 0], [0, 0, 5, 0], [0, 0, 5, 0], [0, 0, 5, 0]]
[2026-04-01 10:06:58]     Prediction histogram:     [0, 0, 20, 0]
[2026-04-01 10:06:58]     fold_acc=0.2500 fold_bal_acc=0.2500 cm=[[0, 0, 5, 0], [0, 0, 5, 0], [0, 0, 5, 0], [0, 0, 5, 0]]
[2026-04-01 10:06:58]   Subject 51 mean accuracy: 0.2800

[2026-04-01 10:06:58] Total folds completed: 5
[2026-04-01 10:06:58] ======================================================================
[2026-04-01 10:06:58] AGGREGATED RESULTS
[2026-04-01 10:06:58] ======================================================================
[2026-04-01 10:06:58]   Subject 51:  acc=0.2800±0.0872  bal_acc=0.2800±0.0872
[2026-04-01 10:06:58] ----------------------------------------------------------------------
[2026-04-01 10:06:58]   OVERALL:      acc=0.2800±0.0872  bal_acc=0.2800±0.0872
[2026-04-01 10:06:58] ======================================================================
[2026-04-01 10:06:58] CV results saved to:      /home/vegorov/Repos/eeg_jepa_research/artifacts/lee-2019-fine-tuning/SSVEP/20260401_1006_6fe8e055/cv_results.json
[2026-04-01 10:06:58] Subject metrics saved to: /home/vegorov/Repos/eeg_jepa_research/artifacts/lee-2019-fine-tuning/SSVEP/20260401_1006_6fe8e055/subject_metrics.json
[2026-04-01 10:06:58] Global metrics saved to:  /home/vegorov/Repos/eeg_jepa_research/artifacts/lee-2019-fine-tuning/SSVEP/20260401_1006_6fe8e055/global_metrics.json
[2026-04-01 10:06:58] Run metadata saved to:    /home/vegorov/Repos/eeg_jepa_research/artifacts/lee-2019-fine-tuning/SSVEP/20260401_1006_6fe8e055/run_metadata.json

[2026-04-01 10:06:58] All artifacts in: /home/vegorov/Repos/eeg_jepa_research/artifacts/lee-2019-fine-tuning/SSVEP/20260401_1006_6fe8e055

[2026-04-01 10:06:58] ======================================================================
[2026-04-01 10:06:58] EXPERIMENT SUMMARY
[2026-04-01 10:06:58] ======================================================================
[2026-04-01 10:06:58] Run ID:    20260401_1006_6fe8e055
[2026-04-01 10:06:58] Artifacts: /home/vegorov/Repos/eeg_jepa_research/artifacts/lee-2019-fine-tuning/SSVEP/20260401_1006_6fe8e055

[2026-04-01 10:06:58] Configuration:
[2026-04-01 10:06:58]   Subjects:          [51]
[2026-04-01 10:06:58]   Bandpass:          0.5-40.0 Hz
[2026-04-01 10:06:58]   Resample:          128 Hz
[2026-04-01 10:06:58]   CV folds:          5
[2026-04-01 10:06:58]   Learning rate:     0.001
[2026-04-01 10:06:58]   Batch size:        24
[2026-04-01 10:06:58]   Max epochs:        5000

[2026-04-01 10:06:58] Results:
[2026-04-01 10:06:58]   Mean Accuracy:          0.2800 ± 0.0872
[2026-04-01 10:06:58]   Mean Balanced Accuracy: 0.2800 ± 0.0872
