[2026-04-22 16:13:02] Using device: cpu
[2026-04-22 16:13:02] Seed control disabled (CONFIG['set_seed'] = False)
[2026-04-22 16:13:02] ======================================================================
[2026-04-22 16:13:02] CONFIGURATION
[2026-04-22 16:13:02] ======================================================================
[2026-04-22 16:13:02]   artifact_dir: /home/vegorov/Repos/eeg_jepa_research/artifacts/lee-2019-fine-tuning
[2026-04-22 16:13:02]   bandpass_high: 40.0
[2026-04-22 16:13:02]   bandpass_low: 0.5
[2026-04-22 16:13:02]   batch_size: 32
[2026-04-22 16:13:02]   cv_folds: 5
[2026-04-22 16:13:02]   early_stopping_patience: 50
[2026-04-22 16:13:02]   learning_rate: 0.001
[2026-04-22 16:13:02]   model_name: SignalJEPA_Contextual
[2026-04-22 16:13:02]   n_epochs: 5000
[2026-04-22 16:13:02]   paradigm: ERP
[2026-04-22 16:13:02]   seed: 12
[2026-04-22 16:13:02]   set_seed: False
[2026-04-22 16:13:02]   sfreq: 128
[2026-04-22 16:13:02]   strategy: new
[2026-04-22 16:13:02]   subjects_to_use: None
[2026-04-22 16:13:02]   val_split: 0.2
[2026-04-22 16:13:02]   warmup_epochs: 10
[2026-04-22 16:13:02] ======================================================================
[2026-04-22 16:13:02] Config saved to: /home/vegorov/Repos/eeg_jepa_research/artifacts/lee-2019-fine-tuning/ERP/20260422_1613_68589e42/config.json
[2026-04-22 16:13:02] Epoch window configuration:
[2026-04-22 16:13:02]   Target sfreq:                128 Hz
[2026-04-22 16:13:02]   Requested duration:          1.19 s
[2026-04-22 16:13:02]   Expected window samples:     152

[2026-04-22 16:13:02] Preprocessed concat dataset exists: True (checked at: /home/vegorov/Repos/eeg_jepa_research/preprocessed_concat_datasets/ERP_subjects_48_49_50_51_52_53_54)
[2026-04-22 16:13:03] Loaded raw concat dataset from: /home/vegorov/Repos/eeg_jepa_research/preprocessed_concat_datasets/ERP_subjects_48_49_50_51_52_53_54

[2026-04-22 16:13:03] Post-load raw validation
[2026-04-22 16:13:03]   Recordings in LOADED_DATASET:   28
[2026-04-22 16:13:03]   Unique subject IDs:             ['48', '49', '50', '51', '52', '53', '54']
[2026-04-22 16:13:03]   sfreq (first rec):              128.0 Hz
[2026-04-22 16:13:03]   EEG channel count:              62
[2026-04-22 16:13:03] Window shape: (62, 152)
[2026-04-22 16:13:03] Window sample length expected=152, got=152
[2026-04-22 16:13:04] Global class counts: [48300, 9660]
[2026-04-22 16:13:04] Chance level (2-class): 0.50
[2026-04-22 16:13:04] Summarizing per-subject windows...
[2026-04-22 16:13:04]   Subject 48: n_windows=8280, window_shape=(62, 152), class_counts=[6900, 1380]
[2026-04-22 16:13:04]   Subject 49: n_windows=8280, window_shape=(62, 152), class_counts=[6900, 1380]
[2026-04-22 16:13:04]   Subject 50: n_windows=8280, window_shape=(62, 152), class_counts=[6900, 1380]
[2026-04-22 16:13:04]   Subject 51: n_windows=8280, window_shape=(62, 152), class_counts=[6900, 1380]
[2026-04-22 16:13:04]   Subject 52: n_windows=8280, window_shape=(62, 152), class_counts=[6900, 1380]
[2026-04-22 16:13:04]   Subject 53: n_windows=8280, window_shape=(62, 152), class_counts=[6900, 1380]
[2026-04-22 16:13:04]   Subject 54: n_windows=8280, window_shape=(62, 152), class_counts=[6900, 1380]
[2026-04-22 16:13:05] SignalJEPA_Contextual instantiated successfully from braindecode/signal-jepa.
[2026-04-22 16:13:05]   Total parameters:     3,457,618
[2026-04-22 16:13:05]   Trainable parameters: 3,457,618
[2026-04-22 16:13:05] ======================================================================
[2026-04-22 16:13:05] STARTING CROSS-VALIDATION
[2026-04-22 16:13:05] ======================================================================
[2026-04-22 16:13:05] Subjects:      [48, 49, 50, 51, 52, 53, 54]
[2026-04-22 16:13:05] Paradigm:      ERP
[2026-04-22 16:13:05] Model:         SignalJEPA_Contextual
[2026-04-22 16:13:05] Strategy:      new
[2026-04-22 16:13:05] Warm-up epochs:10
[2026-04-22 16:13:05] CV folds:      5
[2026-04-22 16:13:05] Batch size:    32
[2026-04-22 16:13:05] Learning rate: 0.001
[2026-04-22 16:13:05] Max epochs:    5000
[2026-04-22 16:13:05] Device:        cpu
[2026-04-22 16:13:05] Seed control:  False
[2026-04-22 16:13:05] CV seed:       12
[2026-04-22 16:13:05] ======================================================================

[2026-04-22 16:13:05] Subject 48: 8280 windows | class_counts=[6900, 1380]
[2026-04-22 16:13:06]     Downstream model:        SignalJEPA_Contextual
[2026-04-22 16:13:06]     Fine-tune strategy:      new
[2026-04-22 16:13:06]     Pretrained loading path: from_pretrained
[2026-04-22 16:13:06]     Pretrained repo:         braindecode/signal-jepa
[2026-04-22 16:13:06]       Trainable groups: ['pos_encoder.', 'final_layer.']
[2026-04-22 16:13:06]       Total params:     3,457,618
[2026-04-22 16:13:06]       Trainable params: 2,626
[2026-04-22 16:13:06]       Trainable pct:    0.08%
[2026-04-22 16:13:06]       Trainable parameter names: ['pos_encoder.pos_encoder_spat.weight', 'final_layer.spat_conv.weight', 'final_layer.spat_conv.bias', 'final_layer.linear.weight', 'final_layer.linear.bias']
[2026-04-22 16:51:02]   Fold 1/5 | best_epoch=32 | stop=53 | val_loss=0.4508 | acc=0.8333 | bal_acc=0.5000 | roc_auc=0.4477
[2026-04-22 16:51:03]     Downstream model:        SignalJEPA_Contextual
[2026-04-22 16:51:03]     Fine-tune strategy:      new
[2026-04-22 16:51:03]     Pretrained loading path: from_pretrained
[2026-04-22 16:51:03]     Pretrained repo:         braindecode/signal-jepa
[2026-04-22 16:51:03]       Trainable groups: ['pos_encoder.', 'final_layer.']
[2026-04-22 16:51:03]       Total params:     3,457,618
[2026-04-22 16:51:03]       Trainable params: 2,626
[2026-04-22 16:51:03]       Trainable pct:    0.08%
[2026-04-22 16:51:03]       Trainable parameter names: ['pos_encoder.pos_encoder_spat.weight', 'final_layer.spat_conv.weight', 'final_layer.spat_conv.bias', 'final_layer.linear.weight', 'final_layer.linear.bias']
[2026-04-22 17:36:55]   Fold 2/5 | best_epoch=22 | stop=64 | val_loss=0.4508 | acc=0.8333 | bal_acc=0.5000 | roc_auc=0.5114
[2026-04-22 17:36:56]     Downstream model:        SignalJEPA_Contextual
[2026-04-22 17:36:56]     Fine-tune strategy:      new
[2026-04-22 17:36:56]     Pretrained loading path: from_pretrained
[2026-04-22 17:36:56]     Pretrained repo:         braindecode/signal-jepa
[2026-04-22 17:36:56]       Trainable groups: ['pos_encoder.', 'final_layer.']
[2026-04-22 17:36:56]       Total params:     3,457,618
[2026-04-22 17:36:56]       Trainable params: 2,626
[2026-04-22 17:36:56]       Trainable pct:    0.08%
[2026-04-22 17:36:56]       Trainable parameter names: ['pos_encoder.pos_encoder_spat.weight', 'final_layer.spat_conv.weight', 'final_layer.spat_conv.bias', 'final_layer.linear.weight', 'final_layer.linear.bias']
[2026-04-22 18:18:30]   Fold 3/5 | best_epoch=57 | stop=58 | val_loss=0.4508 | acc=0.8333 | bal_acc=0.5000 | roc_auc=0.5113
[2026-04-22 18:18:31]     Downstream model:        SignalJEPA_Contextual
[2026-04-22 18:18:31]     Fine-tune strategy:      new
[2026-04-22 18:18:31]     Pretrained loading path: from_pretrained
[2026-04-22 18:18:31]     Pretrained repo:         braindecode/signal-jepa
[2026-04-22 18:18:31]       Trainable groups: ['pos_encoder.', 'final_layer.']
[2026-04-22 18:18:31]       Total params:     3,457,618
[2026-04-22 18:18:31]       Trainable params: 2,626
[2026-04-22 18:18:31]       Trainable pct:    0.08%
[2026-04-22 18:18:31]       Trainable parameter names: ['pos_encoder.pos_encoder_spat.weight', 'final_layer.spat_conv.weight', 'final_layer.spat_conv.bias', 'final_layer.linear.weight', 'final_layer.linear.bias']
[2026-04-22 18:58:40]   Fold 4/5 | best_epoch=32 | stop=56 | val_loss=0.4508 | acc=0.8333 | bal_acc=0.5000 | roc_auc=0.4588
[2026-04-22 18:58:41]     Downstream model:        SignalJEPA_Contextual
[2026-04-22 18:58:41]     Fine-tune strategy:      new
[2026-04-22 18:58:41]     Pretrained loading path: from_pretrained
[2026-04-22 18:58:41]     Pretrained repo:         braindecode/signal-jepa
[2026-04-22 18:58:41]       Trainable groups: ['pos_encoder.', 'final_layer.']
[2026-04-22 18:58:41]       Total params:     3,457,618
[2026-04-22 18:58:41]       Trainable params: 2,626
[2026-04-22 18:58:41]       Trainable pct:    0.08%
[2026-04-22 18:58:41]       Trainable parameter names: ['pos_encoder.pos_encoder_spat.weight', 'final_layer.spat_conv.weight', 'final_layer.spat_conv.bias', 'final_layer.linear.weight', 'final_layer.linear.bias']
[2026-04-22 19:41:36]   Fold 5/5 | best_epoch=26 | stop=60 | val_loss=0.4508 | acc=0.8333 | bal_acc=0.5000 | roc_auc=0.5195
[2026-04-22 19:41:36]   Subject 48 summary: acc=0.8333±0.0000  bal_acc=0.5000±0.0000  roc_auc=0.4897±0.0302

[2026-04-22 19:41:36] Subject 49: 8280 windows | class_counts=[6900, 1380]
[2026-04-22 19:41:37]     Downstream model:        SignalJEPA_Contextual
[2026-04-22 19:41:37]     Fine-tune strategy:      new
[2026-04-22 19:41:37]     Pretrained loading path: from_pretrained
[2026-04-22 19:41:37]     Pretrained repo:         braindecode/signal-jepa
[2026-04-22 19:41:37]       Trainable groups: ['pos_encoder.', 'final_layer.']
[2026-04-22 19:41:37]       Total params:     3,457,618
[2026-04-22 19:41:37]       Trainable params: 2,626
[2026-04-22 19:41:37]       Trainable pct:    0.08%
[2026-04-22 19:41:37]       Trainable parameter names: ['pos_encoder.pos_encoder_spat.weight', 'final_layer.spat_conv.weight', 'final_layer.spat_conv.bias', 'final_layer.linear.weight', 'final_layer.linear.bias']
[2026-04-22 20:23:13]   Fold 1/5 | best_epoch=8 | stop=58 | val_loss=0.4508 | acc=0.8333 | bal_acc=0.5000 | roc_auc=0.4885
[2026-04-22 20:23:13]     Downstream model:        SignalJEPA_Contextual
[2026-04-22 20:23:13]     Fine-tune strategy:      new
[2026-04-22 20:23:13]     Pretrained loading path: from_pretrained
[2026-04-22 20:23:13]     Pretrained repo:         braindecode/signal-jepa
[2026-04-22 20:23:13]       Trainable groups: ['pos_encoder.', 'final_layer.']
[2026-04-22 20:23:13]       Total params:     3,457,618
[2026-04-22 20:23:13]       Trainable params: 2,626
[2026-04-22 20:23:13]       Trainable pct:    0.08%
[2026-04-22 20:23:13]       Trainable parameter names: ['pos_encoder.pos_encoder_spat.weight', 'final_layer.spat_conv.weight', 'final_layer.spat_conv.bias', 'final_layer.linear.weight', 'final_layer.linear.bias']
[2026-04-22 21:01:56]   Fold 2/5 | best_epoch=4 | stop=54 | val_loss=0.4508 | acc=0.8333 | bal_acc=0.5000 | roc_auc=0.4768
[2026-04-22 21:01:57]     Downstream model:        SignalJEPA_Contextual
[2026-04-22 21:01:57]     Fine-tune strategy:      new
[2026-04-22 21:01:57]     Pretrained loading path: from_pretrained
[2026-04-22 21:01:57]     Pretrained repo:         braindecode/signal-jepa
[2026-04-22 21:01:57]       Trainable groups: ['pos_encoder.', 'final_layer.']
[2026-04-22 21:01:57]       Total params:     3,457,618
[2026-04-22 21:01:57]       Trainable params: 2,626
[2026-04-22 21:01:57]       Trainable pct:    0.08%
[2026-04-22 21:01:57]       Trainable parameter names: ['pos_encoder.pos_encoder_spat.weight', 'final_layer.spat_conv.weight', 'final_layer.spat_conv.bias', 'final_layer.linear.weight', 'final_layer.linear.bias']
[2026-04-22 21:41:23]   Fold 3/5 | best_epoch=40 | stop=55 | val_loss=0.4508 | acc=0.8333 | bal_acc=0.5000 | roc_auc=0.5010
[2026-04-22 21:41:23]     Downstream model:        SignalJEPA_Contextual
[2026-04-22 21:41:23]     Fine-tune strategy:      new
[2026-04-22 21:41:23]     Pretrained loading path: from_pretrained
[2026-04-22 21:41:23]     Pretrained repo:         braindecode/signal-jepa
[2026-04-22 21:41:23]       Trainable groups: ['pos_encoder.', 'final_layer.']
[2026-04-22 21:41:23]       Total params:     3,457,618
[2026-04-22 21:41:23]       Trainable params: 2,626
[2026-04-22 21:41:23]       Trainable pct:    0.08%
[2026-04-22 21:41:23]       Trainable parameter names: ['pos_encoder.pos_encoder_spat.weight', 'final_layer.spat_conv.weight', 'final_layer.spat_conv.bias', 'final_layer.linear.weight', 'final_layer.linear.bias']
[2026-04-22 22:20:03]   Fold 4/5 | best_epoch=38 | stop=54 | val_loss=0.4508 | acc=0.8333 | bal_acc=0.5000 | roc_auc=0.5019
[2026-04-22 22:20:03]     Downstream model:        SignalJEPA_Contextual
[2026-04-22 22:20:03]     Fine-tune strategy:      new
[2026-04-22 22:20:03]     Pretrained loading path: from_pretrained
[2026-04-22 22:20:03]     Pretrained repo:         braindecode/signal-jepa
[2026-04-22 22:20:03]       Trainable groups: ['pos_encoder.', 'final_layer.']
[2026-04-22 22:20:03]       Total params:     3,457,618
[2026-04-22 22:20:03]       Trainable params: 2,626
[2026-04-22 22:20:03]       Trainable pct:    0.08%
[2026-04-22 22:20:03]       Trainable parameter names: ['pos_encoder.pos_encoder_spat.weight', 'final_layer.spat_conv.weight', 'final_layer.spat_conv.bias', 'final_layer.linear.weight', 'final_layer.linear.bias']
[2026-04-22 23:00:07]   Fold 5/5 | best_epoch=26 | stop=56 | val_loss=0.4508 | acc=0.8333 | bal_acc=0.5000 | roc_auc=0.4782
[2026-04-22 23:00:07]   Subject 49 summary: acc=0.8333±0.0000  bal_acc=0.5000±0.0000  roc_auc=0.4893±0.0107

[2026-04-22 23:00:07] Subject 50: 8280 windows | class_counts=[6900, 1380]
[2026-04-22 23:00:08]     Downstream model:        SignalJEPA_Contextual
[2026-04-22 23:00:08]     Fine-tune strategy:      new
[2026-04-22 23:00:08]     Pretrained loading path: from_pretrained
[2026-04-22 23:00:08]     Pretrained repo:         braindecode/signal-jepa
[2026-04-22 23:00:08]       Trainable groups: ['pos_encoder.', 'final_layer.']
[2026-04-22 23:00:08]       Total params:     3,457,618
[2026-04-22 23:00:08]       Trainable params: 2,626
[2026-04-22 23:00:08]       Trainable pct:    0.08%
[2026-04-22 23:00:08]       Trainable parameter names: ['pos_encoder.pos_encoder_spat.weight', 'final_layer.spat_conv.weight', 'final_layer.spat_conv.bias', 'final_layer.linear.weight', 'final_layer.linear.bias']
[2026-04-22 23:40:14]   Fold 1/5 | best_epoch=6 | stop=56 | val_loss=0.4508 | acc=0.8333 | bal_acc=0.5000 | roc_auc=0.4909
[2026-04-22 23:40:14]     Downstream model:        SignalJEPA_Contextual
[2026-04-22 23:40:14]     Fine-tune strategy:      new
[2026-04-22 23:40:14]     Pretrained loading path: from_pretrained
[2026-04-22 23:40:14]     Pretrained repo:         braindecode/signal-jepa
[2026-04-22 23:40:14]       Trainable groups: ['pos_encoder.', 'final_layer.']
[2026-04-22 23:40:14]       Total params:     3,457,618
[2026-04-22 23:40:14]       Trainable params: 2,626
[2026-04-22 23:40:14]       Trainable pct:    0.08%
[2026-04-22 23:40:14]       Trainable parameter names: ['pos_encoder.pos_encoder_spat.weight', 'final_layer.spat_conv.weight', 'final_layer.spat_conv.bias', 'final_layer.linear.weight', 'final_layer.linear.bias']
[2026-04-23 00:19:01]   Fold 2/5 | best_epoch=24 | stop=54 | val_loss=0.4508 | acc=0.8333 | bal_acc=0.5000 | roc_auc=0.5044
[2026-04-23 00:19:01]     Downstream model:        SignalJEPA_Contextual
[2026-04-23 00:19:01]     Fine-tune strategy:      new
[2026-04-23 00:19:01]     Pretrained loading path: from_pretrained
[2026-04-23 00:19:01]     Pretrained repo:         braindecode/signal-jepa
[2026-04-23 00:19:01]       Trainable groups: ['pos_encoder.', 'final_layer.']
[2026-04-23 00:19:01]       Total params:     3,457,618
[2026-04-23 00:19:01]       Trainable params: 2,626
[2026-04-23 00:19:01]       Trainable pct:    0.08%
[2026-04-23 00:19:01]       Trainable parameter names: ['pos_encoder.pos_encoder_spat.weight', 'final_layer.spat_conv.weight', 'final_layer.spat_conv.bias', 'final_layer.linear.weight', 'final_layer.linear.bias']
[2026-04-23 01:04:56]   Fold 3/5 | best_epoch=14 | stop=64 | val_loss=0.4508 | acc=0.8333 | bal_acc=0.5000 | roc_auc=0.4774
[2026-04-23 01:04:57]     Downstream model:        SignalJEPA_Contextual
[2026-04-23 01:04:57]     Fine-tune strategy:      new
[2026-04-23 01:04:57]     Pretrained loading path: from_pretrained
[2026-04-23 01:04:57]     Pretrained repo:         braindecode/signal-jepa
[2026-04-23 01:04:57]       Trainable groups: ['pos_encoder.', 'final_layer.']
[2026-04-23 01:04:57]       Total params:     3,457,618
[2026-04-23 01:04:57]       Trainable params: 2,626
[2026-04-23 01:04:57]       Trainable pct:    0.08%
[2026-04-23 01:04:57]       Trainable parameter names: ['pos_encoder.pos_encoder_spat.weight', 'final_layer.spat_conv.weight', 'final_layer.spat_conv.bias', 'final_layer.linear.weight', 'final_layer.linear.bias']
[2026-04-23 01:59:31]   Fold 4/5 | best_epoch=70 | stop=76 | val_loss=0.4508 | acc=0.8333 | bal_acc=0.5000 | roc_auc=0.5704
[2026-04-23 01:59:32]     Downstream model:        SignalJEPA_Contextual
[2026-04-23 01:59:32]     Fine-tune strategy:      new
[2026-04-23 01:59:32]     Pretrained loading path: from_pretrained
[2026-04-23 01:59:32]     Pretrained repo:         braindecode/signal-jepa
[2026-04-23 01:59:32]       Trainable groups: ['pos_encoder.', 'final_layer.']
[2026-04-23 01:59:32]       Total params:     3,457,618
[2026-04-23 01:59:32]       Trainable params: 2,626
[2026-04-23 01:59:32]       Trainable pct:    0.08%
[2026-04-23 01:59:32]       Trainable parameter names: ['pos_encoder.pos_encoder_spat.weight', 'final_layer.spat_conv.weight', 'final_layer.spat_conv.bias', 'final_layer.linear.weight', 'final_layer.linear.bias']
[2026-04-23 02:38:56]   Fold 5/5 | best_epoch=40 | stop=55 | val_loss=0.4508 | acc=0.8333 | bal_acc=0.5000 | roc_auc=0.4832
[2026-04-23 02:38:56]   Subject 50 summary: acc=0.8333±0.0000  bal_acc=0.5000±0.0000  roc_auc=0.5052±0.0338

[2026-04-23 02:38:56] Subject 51: 8280 windows | class_counts=[6900, 1380]
[2026-04-23 02:38:57]     Downstream model:        SignalJEPA_Contextual
[2026-04-23 02:38:57]     Fine-tune strategy:      new
[2026-04-23 02:38:57]     Pretrained loading path: from_pretrained
[2026-04-23 02:38:57]     Pretrained repo:         braindecode/signal-jepa
[2026-04-23 02:38:57]       Trainable groups: ['pos_encoder.', 'final_layer.']
[2026-04-23 02:38:57]       Total params:     3,457,618
[2026-04-23 02:38:57]       Trainable params: 2,626
[2026-04-23 02:38:57]       Trainable pct:    0.08%
[2026-04-23 02:38:57]       Trainable parameter names: ['pos_encoder.pos_encoder_spat.weight', 'final_layer.spat_conv.weight', 'final_layer.spat_conv.bias', 'final_layer.linear.weight', 'final_layer.linear.bias']
[2026-04-23 03:23:27]   Fold 1/5 | best_epoch=39 | stop=62 | val_loss=0.4508 | acc=0.8333 | bal_acc=0.5000 | roc_auc=0.5165
[2026-04-23 03:23:28]     Downstream model:        SignalJEPA_Contextual
[2026-04-23 03:23:28]     Fine-tune strategy:      new
[2026-04-23 03:23:28]     Pretrained loading path: from_pretrained
[2026-04-23 03:23:28]     Pretrained repo:         braindecode/signal-jepa
[2026-04-23 03:23:28]       Trainable groups: ['pos_encoder.', 'final_layer.']
[2026-04-23 03:23:28]       Total params:     3,457,618
[2026-04-23 03:23:28]       Trainable params: 2,626
[2026-04-23 03:23:28]       Trainable pct:    0.08%
[2026-04-23 03:23:28]       Trainable parameter names: ['pos_encoder.pos_encoder_spat.weight', 'final_layer.spat_conv.weight', 'final_layer.spat_conv.bias', 'final_layer.linear.weight', 'final_layer.linear.bias']
[2026-04-23 04:05:08]   Fold 2/5 | best_epoch=43 | stop=58 | val_loss=0.4508 | acc=0.8333 | bal_acc=0.5000 | roc_auc=0.4989
[2026-04-23 04:05:09]     Downstream model:        SignalJEPA_Contextual
[2026-04-23 04:05:09]     Fine-tune strategy:      new
[2026-04-23 04:05:09]     Pretrained loading path: from_pretrained
[2026-04-23 04:05:09]     Pretrained repo:         braindecode/signal-jepa
[2026-04-23 04:05:09]       Trainable groups: ['pos_encoder.', 'final_layer.']
[2026-04-23 04:05:09]       Total params:     3,457,618
[2026-04-23 04:05:09]       Trainable params: 2,626
[2026-04-23 04:05:09]       Trainable pct:    0.08%
[2026-04-23 04:05:09]       Trainable parameter names: ['pos_encoder.pos_encoder_spat.weight', 'final_layer.spat_conv.weight', 'final_layer.spat_conv.bias', 'final_layer.linear.weight', 'final_layer.linear.bias']
[2026-04-23 04:43:04]   Fold 3/5 | best_epoch=46 | stop=53 | val_loss=0.4508 | acc=0.8333 | bal_acc=0.5000 | roc_auc=0.5563
[2026-04-23 04:43:05]     Downstream model:        SignalJEPA_Contextual
[2026-04-23 04:43:05]     Fine-tune strategy:      new
[2026-04-23 04:43:05]     Pretrained loading path: from_pretrained
[2026-04-23 04:43:05]     Pretrained repo:         braindecode/signal-jepa
[2026-04-23 04:43:05]       Trainable groups: ['pos_encoder.', 'final_layer.']
[2026-04-23 04:43:05]       Total params:     3,457,618
[2026-04-23 04:43:05]       Trainable params: 2,626
[2026-04-23 04:43:05]       Trainable pct:    0.08%
[2026-04-23 04:43:05]       Trainable parameter names: ['pos_encoder.pos_encoder_spat.weight', 'final_layer.spat_conv.weight', 'final_layer.spat_conv.bias', 'final_layer.linear.weight', 'final_layer.linear.bias']
[2026-04-23 05:25:26]   Fold 4/5 | best_epoch=39 | stop=59 | val_loss=0.4508 | acc=0.8333 | bal_acc=0.5000 | roc_auc=0.4921
[2026-04-23 05:25:27]     Downstream model:        SignalJEPA_Contextual
[2026-04-23 05:25:27]     Fine-tune strategy:      new
[2026-04-23 05:25:27]     Pretrained loading path: from_pretrained
[2026-04-23 05:25:27]     Pretrained repo:         braindecode/signal-jepa
[2026-04-23 05:25:27]       Trainable groups: ['pos_encoder.', 'final_layer.']
[2026-04-23 05:25:27]       Total params:     3,457,618
[2026-04-23 05:25:27]       Trainable params: 2,626
[2026-04-23 05:25:27]       Trainable pct:    0.08%
[2026-04-23 05:25:27]       Trainable parameter names: ['pos_encoder.pos_encoder_spat.weight', 'final_layer.spat_conv.weight', 'final_layer.spat_conv.bias', 'final_layer.linear.weight', 'final_layer.linear.bias']
[2026-04-23 06:11:22]   Fold 5/5 | best_epoch=32 | stop=64 | val_loss=0.4508 | acc=0.8333 | bal_acc=0.5000 | roc_auc=0.4599
[2026-04-23 06:11:22]   Subject 51 summary: acc=0.8333±0.0000  bal_acc=0.5000±0.0000  roc_auc=0.5047±0.0316

[2026-04-23 06:11:22] Subject 52: 8280 windows | class_counts=[6900, 1380]
[2026-04-23 06:11:23]     Downstream model:        SignalJEPA_Contextual
[2026-04-23 06:11:23]     Fine-tune strategy:      new
[2026-04-23 06:11:23]     Pretrained loading path: from_pretrained
[2026-04-23 06:11:23]     Pretrained repo:         braindecode/signal-jepa
[2026-04-23 06:11:23]       Trainable groups: ['pos_encoder.', 'final_layer.']
[2026-04-23 06:11:23]       Total params:     3,457,618
[2026-04-23 06:11:23]       Trainable params: 2,626
[2026-04-23 06:11:23]       Trainable pct:    0.08%
[2026-04-23 06:11:23]       Trainable parameter names: ['pos_encoder.pos_encoder_spat.weight', 'final_layer.spat_conv.weight', 'final_layer.spat_conv.bias', 'final_layer.linear.weight', 'final_layer.linear.bias']
[2026-04-23 06:57:15]   Fold 1/5 | best_epoch=14 | stop=64 | val_loss=0.4508 | acc=0.8333 | bal_acc=0.5000 | roc_auc=0.5283
[2026-04-23 06:57:16]     Downstream model:        SignalJEPA_Contextual
[2026-04-23 06:57:16]     Fine-tune strategy:      new
[2026-04-23 06:57:16]     Pretrained loading path: from_pretrained
[2026-04-23 06:57:16]     Pretrained repo:         braindecode/signal-jepa
[2026-04-23 06:57:16]       Trainable groups: ['pos_encoder.', 'final_layer.']
[2026-04-23 06:57:16]       Total params:     3,457,618
[2026-04-23 06:57:16]       Trainable params: 2,626
[2026-04-23 06:57:16]       Trainable pct:    0.08%
[2026-04-23 06:57:16]       Trainable parameter names: ['pos_encoder.pos_encoder_spat.weight', 'final_layer.spat_conv.weight', 'final_layer.spat_conv.bias', 'final_layer.linear.weight', 'final_layer.linear.bias']
[2026-04-23 07:43:17]   Fold 2/5 | best_epoch=50 | stop=64 | val_loss=0.4508 | acc=0.8333 | bal_acc=0.5000 | roc_auc=0.5059
[2026-04-23 07:43:18]     Downstream model:        SignalJEPA_Contextual
[2026-04-23 07:43:18]     Fine-tune strategy:      new
[2026-04-23 07:43:18]     Pretrained loading path: from_pretrained
[2026-04-23 07:43:18]     Pretrained repo:         braindecode/signal-jepa
[2026-04-23 07:43:18]       Trainable groups: ['pos_encoder.', 'final_layer.']
[2026-04-23 07:43:18]       Total params:     3,457,618
[2026-04-23 07:43:18]       Trainable params: 2,626
[2026-04-23 07:43:18]       Trainable pct:    0.08%
[2026-04-23 07:43:18]       Trainable parameter names: ['pos_encoder.pos_encoder_spat.weight', 'final_layer.spat_conv.weight', 'final_layer.spat_conv.bias', 'final_layer.linear.weight', 'final_layer.linear.bias']
[2026-04-23 08:22:44]   Fold 3/5 | best_epoch=6 | stop=55 | val_loss=0.4508 | acc=0.8333 | bal_acc=0.5000 | roc_auc=0.4854
[2026-04-23 08:22:45]     Downstream model:        SignalJEPA_Contextual
[2026-04-23 08:22:45]     Fine-tune strategy:      new
[2026-04-23 08:22:45]     Pretrained loading path: from_pretrained
[2026-04-23 08:22:45]     Pretrained repo:         braindecode/signal-jepa
[2026-04-23 08:22:45]       Trainable groups: ['pos_encoder.', 'final_layer.']
[2026-04-23 08:22:45]       Total params:     3,457,618
[2026-04-23 08:22:45]       Trainable params: 2,626
[2026-04-23 08:22:45]       Trainable pct:    0.08%
[2026-04-23 08:22:45]       Trainable parameter names: ['pos_encoder.pos_encoder_spat.weight', 'final_layer.spat_conv.weight', 'final_layer.spat_conv.bias', 'final_layer.linear.weight', 'final_layer.linear.bias']
[2026-04-23 09:02:53]   Fold 4/5 | best_epoch=26 | stop=56 | val_loss=0.4508 | acc=0.8333 | bal_acc=0.5000 | roc_auc=0.5132
[2026-04-23 09:02:54]     Downstream model:        SignalJEPA_Contextual
[2026-04-23 09:02:54]     Fine-tune strategy:      new
[2026-04-23 09:02:54]     Pretrained loading path: from_pretrained
[2026-04-23 09:02:54]     Pretrained repo:         braindecode/signal-jepa
[2026-04-23 09:02:54]       Trainable groups: ['pos_encoder.', 'final_layer.']
[2026-04-23 09:02:54]       Total params:     3,457,618
[2026-04-23 09:02:54]       Trainable params: 2,626
[2026-04-23 09:02:54]       Trainable pct:    0.08%
[2026-04-23 09:02:54]       Trainable parameter names: ['pos_encoder.pos_encoder_spat.weight', 'final_layer.spat_conv.weight', 'final_layer.spat_conv.bias', 'final_layer.linear.weight', 'final_layer.linear.bias']
[2026-04-23 09:45:56]   Fold 5/5 | best_epoch=10 | stop=60 | val_loss=0.4508 | acc=0.8333 | bal_acc=0.5000 | roc_auc=0.4916
[2026-04-23 09:45:56]   Subject 52 summary: acc=0.8333±0.0000  bal_acc=0.5000±0.0000  roc_auc=0.5049±0.0153

[2026-04-23 09:45:56] Subject 53: 8280 windows | class_counts=[6900, 1380]
[2026-04-23 09:45:57]     Downstream model:        SignalJEPA_Contextual
[2026-04-23 09:45:57]     Fine-tune strategy:      new
[2026-04-23 09:45:57]     Pretrained loading path: from_pretrained
[2026-04-23 09:45:57]     Pretrained repo:         braindecode/signal-jepa
[2026-04-23 09:45:57]       Trainable groups: ['pos_encoder.', 'final_layer.']
[2026-04-23 09:45:57]       Total params:     3,457,618
[2026-04-23 09:45:57]       Trainable params: 2,626
[2026-04-23 09:45:57]       Trainable pct:    0.08%
[2026-04-23 09:45:57]       Trainable parameter names: ['pos_encoder.pos_encoder_spat.weight', 'final_layer.spat_conv.weight', 'final_layer.spat_conv.bias', 'final_layer.linear.weight', 'final_layer.linear.bias']
[2026-04-23 10:28:53]   Fold 1/5 | best_epoch=10 | stop=60 | val_loss=0.4508 | acc=0.8333 | bal_acc=0.5000 | roc_auc=0.4442
[2026-04-23 10:28:54]     Downstream model:        SignalJEPA_Contextual
[2026-04-23 10:28:54]     Fine-tune strategy:      new
[2026-04-23 10:28:54]     Pretrained loading path: from_pretrained
[2026-04-23 10:28:54]     Pretrained repo:         braindecode/signal-jepa
[2026-04-23 10:28:54]       Trainable groups: ['pos_encoder.', 'final_layer.']
[2026-04-23 10:28:54]       Total params:     3,457,618
[2026-04-23 10:28:54]       Trainable params: 2,626
[2026-04-23 10:28:54]       Trainable pct:    0.08%
[2026-04-23 10:28:54]       Trainable parameter names: ['pos_encoder.pos_encoder_spat.weight', 'final_layer.spat_conv.weight', 'final_layer.spat_conv.bias', 'final_layer.linear.weight', 'final_layer.linear.bias']
[2026-04-23 11:06:52]   Fold 2/5 | best_epoch=46 | stop=53 | val_loss=0.4508 | acc=0.8333 | bal_acc=0.5000 | roc_auc=0.5187
[2026-04-23 11:06:53]     Downstream model:        SignalJEPA_Contextual
[2026-04-23 11:06:53]     Fine-tune strategy:      new
[2026-04-23 11:06:53]     Pretrained loading path: from_pretrained
[2026-04-23 11:06:53]     Pretrained repo:         braindecode/signal-jepa
[2026-04-23 11:06:53]       Trainable groups: ['pos_encoder.', 'final_layer.']
[2026-04-23 11:06:53]       Total params:     3,457,618
[2026-04-23 11:06:53]       Trainable params: 2,626
[2026-04-23 11:06:53]       Trainable pct:    0.08%
[2026-04-23 11:06:53]       Trainable parameter names: ['pos_encoder.pos_encoder_spat.weight', 'final_layer.spat_conv.weight', 'final_layer.spat_conv.bias', 'final_layer.linear.weight', 'final_layer.linear.bias']
[2026-04-23 11:46:07]   Fold 3/5 | best_epoch=46 | stop=55 | val_loss=0.4508 | acc=0.8333 | bal_acc=0.5000 | roc_auc=0.4531
[2026-04-23 11:46:08]     Downstream model:        SignalJEPA_Contextual
[2026-04-23 11:46:08]     Fine-tune strategy:      new
[2026-04-23 11:46:08]     Pretrained loading path: from_pretrained
[2026-04-23 11:46:08]     Pretrained repo:         braindecode/signal-jepa
[2026-04-23 11:46:08]       Trainable groups: ['pos_encoder.', 'final_layer.']
[2026-04-23 11:46:08]       Total params:     3,457,618
[2026-04-23 11:46:08]       Trainable params: 2,626
[2026-04-23 11:46:08]       Trainable pct:    0.08%
[2026-04-23 11:46:08]       Trainable parameter names: ['pos_encoder.pos_encoder_spat.weight', 'final_layer.spat_conv.weight', 'final_layer.spat_conv.bias', 'final_layer.linear.weight', 'final_layer.linear.bias']
[2026-04-23 12:23:58]   Fold 4/5 | best_epoch=40 | stop=53 | val_loss=0.4508 | acc=0.8333 | bal_acc=0.5000 | roc_auc=0.4938
[2026-04-23 12:23:59]     Downstream model:        SignalJEPA_Contextual
[2026-04-23 12:23:59]     Fine-tune strategy:      new
[2026-04-23 12:23:59]     Pretrained loading path: from_pretrained
[2026-04-23 12:23:59]     Pretrained repo:         braindecode/signal-jepa
[2026-04-23 12:23:59]       Trainable groups: ['pos_encoder.', 'final_layer.']
[2026-04-23 12:23:59]       Total params:     3,457,618
[2026-04-23 12:23:59]       Trainable params: 2,626
[2026-04-23 12:23:59]       Trainable pct:    0.08%
[2026-04-23 12:23:59]       Trainable parameter names: ['pos_encoder.pos_encoder_spat.weight', 'final_layer.spat_conv.weight', 'final_layer.spat_conv.bias', 'final_layer.linear.weight', 'final_layer.linear.bias']
[2026-04-23 13:06:11]   Fold 5/5 | best_epoch=26 | stop=59 | val_loss=0.4508 | acc=0.8333 | bal_acc=0.5000 | roc_auc=0.5017
[2026-04-23 13:06:11]   Subject 53 summary: acc=0.8333±0.0000  bal_acc=0.5000±0.0000  roc_auc=0.4823±0.0288

[2026-04-23 13:06:11] Subject 54: 8280 windows | class_counts=[6900, 1380]
[2026-04-23 13:06:12]     Downstream model:        SignalJEPA_Contextual
[2026-04-23 13:06:12]     Fine-tune strategy:      new
[2026-04-23 13:06:12]     Pretrained loading path: from_pretrained
[2026-04-23 13:06:12]     Pretrained repo:         braindecode/signal-jepa
[2026-04-23 13:06:12]       Trainable groups: ['pos_encoder.', 'final_layer.']
[2026-04-23 13:06:12]       Total params:     3,457,618
[2026-04-23 13:06:12]       Trainable params: 2,626
[2026-04-23 13:06:12]       Trainable pct:    0.08%
[2026-04-23 13:06:12]       Trainable parameter names: ['pos_encoder.pos_encoder_spat.weight', 'final_layer.spat_conv.weight', 'final_layer.spat_conv.bias', 'final_layer.linear.weight', 'final_layer.linear.bias']
[2026-04-23 13:46:11]   Fold 1/5 | best_epoch=46 | stop=56 | val_loss=0.4508 | acc=0.8333 | bal_acc=0.5000 | roc_auc=0.5128
[2026-04-23 13:46:12]     Downstream model:        SignalJEPA_Contextual
[2026-04-23 13:46:12]     Fine-tune strategy:      new
[2026-04-23 13:46:12]     Pretrained loading path: from_pretrained
[2026-04-23 13:46:12]     Pretrained repo:         braindecode/signal-jepa
[2026-04-23 13:46:12]       Trainable groups: ['pos_encoder.', 'final_layer.']
[2026-04-23 13:46:12]       Total params:     3,457,618
[2026-04-23 13:46:12]       Trainable params: 2,626
[2026-04-23 13:46:12]       Trainable pct:    0.08%
[2026-04-23 13:46:12]       Trainable parameter names: ['pos_encoder.pos_encoder_spat.weight', 'final_layer.spat_conv.weight', 'final_layer.spat_conv.bias', 'final_layer.linear.weight', 'final_layer.linear.bias']
