[2026-04-01 10:15:19] Using device: cpu
[2026-04-01 10:15:19] Seed control enabled: True
[2026-04-01 10:15:19] Base seed: 4013
[2026-04-01 10:15:20] Seed initialized: 4013
[2026-04-01 10:15:20] ======================================================================
[2026-04-01 10:15:20] CONFIGURATION
[2026-04-01 10:15:20] ======================================================================
[2026-04-01 10:15:20]   artifact_dir: /home/vegorov/Repos/eeg_jepa_research/artifacts/lee-2019-fine-tuning
[2026-04-01 10:15:20]   bandpass_high: 40.0
[2026-04-01 10:15:20]   bandpass_low: 1.0
[2026-04-01 10:15:20]   batch_size: 16
[2026-04-01 10:15:20]   convert_to_uV: True
[2026-04-01 10:15:20]   cv_folds: 5
[2026-04-01 10:15:20]   device: auto
[2026-04-01 10:15:20]   early_stopping_patience: 50
[2026-04-01 10:15:20]   learning_rate: 0.001
[2026-04-01 10:15:20]   n_epochs: 5000
[2026-04-01 10:15:20]   normalization_method: None
[2026-04-01 10:15:20]   normalize: False
[2026-04-01 10:15:20]   paradigm: SSVEP
[2026-04-01 10:15:20]   pretrained_url: https://huggingface.co/braindecode/SignalJEPA/resolve/main/signal-jepa_16s-60_adeuwv4s.pth
[2026-04-01 10:15:20]   seed: 4013
[2026-04-01 10:15:20]   set_seed: True
[2026-04-01 10:15:20]   sfreq: 128
[2026-04-01 10:15:20]   subjects_to_use: [51]
[2026-04-01 10:15:20]   val_split: 0.2
[2026-04-01 10:15:20] ======================================================================
[2026-04-01 10:15:20] Config saved to: /home/vegorov/Repos/eeg_jepa_research/artifacts/lee-2019-fine-tuning/SSVEP/20260401_1015_089a3ccb/config.json
[2026-04-01 10:15:20] Epoch window configuration:
[2026-04-01 10:15:20]   Target sfreq:                128 Hz
[2026-04-01 10:15:20]   Target duration:             4.190000 s
[2026-04-01 10:15:20]   Window samples (rounded):    536
[2026-04-01 10:15:20]   Base trial samples (4.0 s):  512
[2026-04-01 10:15:20]   Trial stop offset samples:   24
[2026-04-01 10:15:20]   Effective window duration:   4.187500 s
[2026-04-01 10:15:20] Using specified subjects from config: [51]
[2026-04-01 10:15:20] Selected subjects: [51]
[2026-04-01 10:15:20] Expected evaluation folds: 5

[2026-04-01 10:15:20] Building MOABBDataset for Lee2019_SSVEP...
[2026-04-01 10:15:28] MOABBDataset recordings loaded: 1
[2026-04-01 10:15:28] Discovered annotation descriptions (first recording): [np.str_('12.0'), np.str_('5.45'), np.str_('6.67'), np.str_('8.57')]
[2026-04-01 10:15:28] Dataset event_id mapping: {'12.0': 1, '8.57': 2, '6.67': 3, '5.45': 4}
[2026-04-01 10:15:28] Label map (event_code -> class_index): {1: 0, 2: 1, 3: 2, 4: 3}
[2026-04-01 10:15:28] Applying Braindecode preprocessors to MOABBDataset...
[2026-04-01 10:15:31] Preprocessing complete.

[2026-04-01 10:15:31] Post-preprocessing validation
[2026-04-01 10:15:31]   Recordings in DATASET: 1
[2026-04-01 10:15:31]   Unique subject IDs:    ['51']
[2026-04-01 10:15:31]   sfreq (first rec):     128.0 Hz
[2026-04-01 10:15:31]   EEG channel count:     62
[2026-04-01 10:15:31]   First 10 channels:     ['Fp1', 'Fp2', 'F7', 'F3', 'Fz', 'F4', 'F8', 'FC5', 'FC1', 'FC2']
[2026-04-01 10:15:31] Channel consistency summary:
[2026-04-01 10:15:31]   Checked runs: 1
[2026-04-01 10:15:31]   Unique channel counts: [62]
[2026-04-01 10:15:31]   Channel order consistent: True
[2026-04-01 10:15:31] Validated EEG channels: 62
[2026-04-01 10:15:31] First 10 EEG channels: ['Fp1', 'Fp2', 'F7', 'F3', 'Fz', 'F4', 'F8', 'FC5', 'FC1', 'FC2']
[2026-04-01 10:15:31] raw mean_abs=6.244628e+00
[2026-04-01 10:15:31] raw std=2.709630e+01
[2026-04-01 10:15:31] raw first5 channel std= [26.81433425 34.79387627 10.93836705  9.7518839   8.8506369 ]
[2026-04-01 10:15:31] Requested window samples: 536
[2026-04-01 10:15:31] Base trial samples:       512
[2026-04-01 10:15:31] Stop offset samples:      24
[2026-04-01 10:15:31] Global class counts: [25, 25, 25, 25]
[2026-04-01 10:15:31] Chance level (4-class): 0.25
[2026-04-01 10:15:31] One window shape: (62, 536)
[2026-04-01 10:15:31] One window label: 1
[2026-04-01 10:15:31] Window sample length expected=536, got=536
[2026-04-01 10:15:31] Subjects in window split: [51]
[2026-04-01 10:15:31] Summarizing per-subject windows...
[2026-04-01 10:15:31]   Subject 51: n_windows=100, window_shape=(62, 536), class_counts=[25, 25, 25, 25]
[2026-04-01 10:15:31]    subject_id  n_windows  n_channels  n_times      class_counts
0          51        100          62      536  [25, 25, 25, 25]
[2026-04-01 10:15:31] Window validation summary:
[2026-04-01 10:15:31]   Subject 51: n_windows=100 class_counts=[25, 25, 25, 25]

[2026-04-01 10:15:31] Validated sampling rate target: 128 Hz
[2026-04-01 10:15:31] Validated window sample count:   536
[2026-04-01 10:15:31] Validated window duration:       4.1875 s
[2026-04-01 10:15:31] Validated channel count:         62
[2026-04-01 10:15:31] Total windows retained:          100
[2026-04-01 10:15:31] Preprocessing sanity checks:
[2026-04-01 10:15:31]   One sample label: 1
[2026-04-01 10:15:31]   One sample shape: (62, 536)
[2026-04-01 10:15:31]   Mean(abs(signal)): 3.653574e+00
[2026-04-01 10:15:31]   Mean(signal):      -5.509914e-09
[2026-04-01 10:15:31]   Std(signal):       5.264706e+00
[2026-04-01 10:15:31] Building model with input window duration: 4.1875 s
[2026-04-01 10:15:31] SignalJEPA_PreLocal instantiated successfully.
[2026-04-01 10:15:31]   Total parameters:     18,192
[2026-04-01 10:15:31]   Trainable parameters: 18,192
[2026-04-01 10:15:31] ======================================================================================================================================================
Layer (type (var_name):depth-idx)                  Input Shape               Output Shape              Param #                   Kernel Shape
======================================================================================================================================================
SignalJEPA_PreLocal (SignalJEPA_PreLocal)          [1, 62, 536]              [1, 4]                    --                        --
├─Sequential (spatial_conv): 1-1                   [1, 62, 536]              [1, 4, 536]               --                        --
│    └─Rearrange (0): 2-1                          [1, 62, 536]              [1, 1, 62, 536]           --                        --
│    └─Conv2d (1): 2-2                             [1, 1, 62, 536]           [1, 4, 1, 536]            252                       [62, 1]
│    └─Rearrange (2): 2-3                          [1, 4, 1, 536]            [1, 4, 536]               --                        --
├─_ConvFeatureEncoder (feature_encoder): 1-2       [1, 4, 536]               [1, 16, 64]               --                        --
│    └─Rearrange (0): 2-4                          [1, 4, 536]               [4, 1, 536]               --                        --
│    └─Sequential (1): 2-5                         [4, 1, 536]               [4, 8, 64]                --                        --
│    │    └─Conv1d (0): 3-1                        [4, 1, 536]               [4, 8, 64]                256                       [32]
│    │    └─Dropout (1): 3-2                       [4, 8, 64]                [4, 8, 64]                --                        --
│    │    └─GroupNorm (2): 3-3                     [4, 8, 64]                [4, 8, 64]                16                        --
│    │    └─GELU (3): 3-4                          [4, 8, 64]                [4, 8, 64]                --                        --
│    └─Sequential (2): 2-6                         [4, 8, 64]                [4, 16, 32]               --                        --
│    │    └─Conv1d (0): 3-5                        [4, 8, 64]                [4, 16, 32]               256                       [2]
│    │    └─Dropout (1): 3-6                       [4, 16, 32]               [4, 16, 32]               --                        --
│    │    └─GELU (2): 3-7                          [4, 16, 32]               [4, 16, 32]               --                        --
│    └─Sequential (3): 2-7                         [4, 16, 32]               [4, 32, 16]               --                        --
│    │    └─Conv1d (0): 3-8                        [4, 16, 32]               [4, 32, 16]               1,024                     [2]
│    │    └─Dropout (1): 3-9                       [4, 32, 16]               [4, 32, 16]               --                        --
│    │    └─GELU (2): 3-10                         [4, 32, 16]               [4, 32, 16]               --                        --
│    └─Sequential (4): 2-8                         [4, 32, 16]               [4, 64, 8]                --                        --
│    │    └─Conv1d (0): 3-11                       [4, 32, 16]               [4, 64, 8]                4,096                     [2]
│    │    └─Dropout (1): 3-12                      [4, 64, 8]                [4, 64, 8]                --                        --
│    │    └─GELU (2): 3-13                         [4, 64, 8]                [4, 64, 8]                --                        --
│    └─Sequential (5): 2-9                         [4, 64, 8]                [4, 64, 4]                --                        --
│    │    └─Conv1d (0): 3-14                       [4, 64, 8]                [4, 64, 4]                8,192                     [2]
│    │    └─Dropout (1): 3-15                      [4, 64, 4]                [4, 64, 4]                --                        --
│    │    └─GELU (2): 3-16                         [4, 64, 4]                [4, 64, 4]                --                        --
│    └─Rearrange (6): 2-10                         [4, 64, 4]                [1, 16, 64]               --                        --
├─Sequential (final_layer): 1-3                    [1, 16, 64]               [1, 4]                    --                        --
│    └─Flatten (0): 2-11                           [1, 16, 64]               [1, 1024]                 --                        --
│    └─Linear (1): 2-12                            [1, 1024]                 [1, 4]                    4,100                     --
======================================================================================================================================================
Total params: 18,192
Trainable params: 18,192
Non-trainable params: 0
Total mult-adds (Units.MEGABYTES): 0.57
======================================================================================================================================================
Input size (MB): 0.13
Forward/backward pass size (MB): 0.11
Params size (MB): 0.07
Estimated Total Size (MB): 0.31
======================================================================================================================================================
[2026-04-01 10:15:31] Initializing from 16s-60 pretrained checkpoint (Hugging Face):
[2026-04-01 10:15:31]   https://huggingface.co/braindecode/SignalJEPA/resolve/main/signal-jepa_16s-60_adeuwv4s.pth
[2026-04-01 10:15:31]   Downloaded 179 keys
[2026-04-01 10:15:31] ======================================================================
[2026-04-01 10:15:31] STARTING CROSS-VALIDATION
[2026-04-01 10:15:31] ======================================================================
[2026-04-01 10:15:31] Subjects:      [51]
[2026-04-01 10:15:31] CV folds:      5
[2026-04-01 10:15:31] Batch size:    16
[2026-04-01 10:15:31] Max epochs:    5000
[2026-04-01 10:15:31] Device:        cpu
[2026-04-01 10:15:31] Seed control:  True
[2026-04-01 10:15:31] Base seed:     4013
[2026-04-01 10:15:31] ======================================================================

[2026-04-01 10:15:31] Subject 51: 100 windows class_counts=[25, 25, 25, 25]
[2026-04-01 10:15:31]   Fold 1 split seed: 4014
[2026-04-01 10:15:31]   Fold 1 split class counts:
[2026-04-01 10:15:31]     train=[16, 16, 16, 16] val=[4, 4, 4, 4] test=[5, 5, 5, 5]
[2026-04-01 10:15:31]   Fold 2 split seed: 4015
[2026-04-01 10:15:31]   Fold 2 split class counts:
[2026-04-01 10:15:31]     train=[16, 16, 16, 16] val=[4, 4, 4, 4] test=[5, 5, 5, 5]
[2026-04-01 10:15:31]   Fold 3 split seed: 4016
[2026-04-01 10:15:31]   Fold 3 split class counts:
[2026-04-01 10:15:31]     train=[16, 16, 16, 16] val=[4, 4, 4, 4] test=[5, 5, 5, 5]
[2026-04-01 10:15:31]   Fold 4 split seed: 4017
[2026-04-01 10:15:31]   Fold 4 split class counts:
[2026-04-01 10:15:31]     train=[16, 16, 16, 16] val=[4, 4, 4, 4] test=[5, 5, 5, 5]
[2026-04-01 10:15:31]   Fold 5 split seed: 4018
[2026-04-01 10:15:31]   Fold 5 split class counts:
[2026-04-01 10:15:31]     train=[16, 16, 16, 16] val=[4, 4, 4, 4] test=[5, 5, 5, 5]
[2026-04-01 10:15:31]   Subject 51 Fold 1 seed: 9114
[2026-04-01 10:15:31]   Subject 51 Fold 1: n_train=64 n_val=16 n_test=20
[2026-04-01 10:15:31]     Train class counts: [16, 16, 16, 16]
[2026-04-01 10:15:31]     Val class counts:   [4, 4, 4, 4]
[2026-04-01 10:15:31]     Test class counts:  [5, 5, 5, 5]
[2026-04-01 10:15:31] Building model with input window duration: 4.1875 s
[2026-04-01 10:15:31] Pretrained weight loading:
[2026-04-01 10:15:31]   Downloaded keys:        179
[2026-04-01 10:15:31]   Filtered (transformer): 172
[2026-04-01 10:15:31]   Filtered (pos_encoder): 0
[2026-04-01 10:15:31]   Keys to load:           7
[2026-04-01 10:15:31]   Missing keys:           4
[2026-04-01 10:15:31]   Unexpected keys:        0
[2026-04-01 10:15:31]   Missing preview:        ['spatial_conv.1.weight', 'spatial_conv.1.bias', 'final_layer.1.weight', 'final_layer.1.bias']
[2026-04-01 10:15:31]   Unexpected preview:     []
[2026-04-01 10:15:31] Encoder freeze configuration:
[2026-04-01 10:15:31]   Total parameters:        18,192
[2026-04-01 10:15:31]   Trainable parameters:    4,352
[2026-04-01 10:15:31]   Training percentage:     23.9%
[2026-04-01 10:15:31]   Trainable layers: 4
[2026-04-01 10:15:31]     - final_layer.1.bias
[2026-04-01 10:15:31]     - final_layer.1.weight
[2026-04-01 10:15:31]     - spatial_conv.1.bias
[2026-04-01 10:15:31]     - spatial_conv.1.weight
[2026-04-01 10:15:31]     Train generator seeded: True
[2026-04-01 10:15:33]     Stopped epoch:            99
[2026-04-01 10:15:33]     Best epoch (valid_loss):  49
[2026-04-01 10:15:33]     Best valid_loss:          1.3486552238464355
[2026-04-01 10:15:33]     Test accuracy (primary):  0.4500
[2026-04-01 10:15:33]     Test balanced acc:        0.4500
[2026-04-01 10:15:33]     Confusion matrix:         [[1, 1, 1, 2], [1, 2, 1, 1], [0, 1, 3, 1], [0, 2, 0, 3]]
[2026-04-01 10:15:33]     Prediction histogram:     [2, 6, 5, 7]
[2026-04-01 10:15:33]     fold_acc=0.4500 fold_bal_acc=0.4500 cm=[[1, 1, 1, 2], [1, 2, 1, 1], [0, 1, 3, 1], [0, 2, 0, 3]]
[2026-04-01 10:15:33]   Subject 51 Fold 2 seed: 9115
[2026-04-01 10:15:33]   Subject 51 Fold 2: n_train=64 n_val=16 n_test=20
[2026-04-01 10:15:33]     Train class counts: [16, 16, 16, 16]
[2026-04-01 10:15:33]     Val class counts:   [4, 4, 4, 4]
[2026-04-01 10:15:33]     Test class counts:  [5, 5, 5, 5]
[2026-04-01 10:15:33] Building model with input window duration: 4.1875 s
[2026-04-01 10:15:33] Pretrained weight loading:
[2026-04-01 10:15:33]   Downloaded keys:        179
[2026-04-01 10:15:33]   Filtered (transformer): 172
[2026-04-01 10:15:33]   Filtered (pos_encoder): 0
[2026-04-01 10:15:33]   Keys to load:           7
[2026-04-01 10:15:33]   Missing keys:           4
[2026-04-01 10:15:33]   Unexpected keys:        0
[2026-04-01 10:15:33]   Missing preview:        ['spatial_conv.1.weight', 'spatial_conv.1.bias', 'final_layer.1.weight', 'final_layer.1.bias']
[2026-04-01 10:15:33]   Unexpected preview:     []
[2026-04-01 10:15:33] Encoder freeze configuration:
[2026-04-01 10:15:33]   Total parameters:        18,192
[2026-04-01 10:15:33]   Trainable parameters:    4,352
[2026-04-01 10:15:33]   Training percentage:     23.9%
[2026-04-01 10:15:33]   Trainable layers: 4
[2026-04-01 10:15:33]     - final_layer.1.bias
[2026-04-01 10:15:33]     - final_layer.1.weight
[2026-04-01 10:15:33]     - spatial_conv.1.bias
[2026-04-01 10:15:33]     - spatial_conv.1.weight
[2026-04-01 10:15:33]     Train generator seeded: True
[2026-04-01 10:15:34]     Stopped epoch:            89
[2026-04-01 10:15:34]     Best epoch (valid_loss):  39
[2026-04-01 10:15:34]     Best valid_loss:          1.385603904724121
[2026-04-01 10:15:34]     Test accuracy (primary):  0.4000
[2026-04-01 10:15:34]     Test balanced acc:        0.4000
[2026-04-01 10:15:34]     Confusion matrix:         [[4, 0, 0, 1], [1, 1, 1, 2], [2, 1, 0, 2], [0, 1, 1, 3]]
[2026-04-01 10:15:34]     Prediction histogram:     [7, 3, 2, 8]
[2026-04-01 10:15:34]     fold_acc=0.4000 fold_bal_acc=0.4000 cm=[[4, 0, 0, 1], [1, 1, 1, 2], [2, 1, 0, 2], [0, 1, 1, 3]]
[2026-04-01 10:15:34]   Subject 51 Fold 3 seed: 9116
[2026-04-01 10:15:34]   Subject 51 Fold 3: n_train=64 n_val=16 n_test=20
[2026-04-01 10:15:34]     Train class counts: [16, 16, 16, 16]
[2026-04-01 10:15:34]     Val class counts:   [4, 4, 4, 4]
[2026-04-01 10:15:34]     Test class counts:  [5, 5, 5, 5]
[2026-04-01 10:15:34] Building model with input window duration: 4.1875 s
[2026-04-01 10:15:34] Pretrained weight loading:
[2026-04-01 10:15:34]   Downloaded keys:        179
[2026-04-01 10:15:34]   Filtered (transformer): 172
[2026-04-01 10:15:34]   Filtered (pos_encoder): 0
[2026-04-01 10:15:34]   Keys to load:           7
[2026-04-01 10:15:34]   Missing keys:           4
[2026-04-01 10:15:34]   Unexpected keys:        0
[2026-04-01 10:15:34]   Missing preview:        ['spatial_conv.1.weight', 'spatial_conv.1.bias', 'final_layer.1.weight', 'final_layer.1.bias']
[2026-04-01 10:15:34]   Unexpected preview:     []
[2026-04-01 10:15:34] Encoder freeze configuration:
[2026-04-01 10:15:34]   Total parameters:        18,192
[2026-04-01 10:15:34]   Trainable parameters:    4,352
[2026-04-01 10:15:34]   Training percentage:     23.9%
[2026-04-01 10:15:34]   Trainable layers: 4
[2026-04-01 10:15:34]     - final_layer.1.bias
[2026-04-01 10:15:34]     - final_layer.1.weight
[2026-04-01 10:15:34]     - spatial_conv.1.bias
[2026-04-01 10:15:34]     - spatial_conv.1.weight
[2026-04-01 10:15:34]     Train generator seeded: True
[2026-04-01 10:15:40]     Stopped epoch:            503
[2026-04-01 10:15:40]     Best epoch (valid_loss):  453
[2026-04-01 10:15:40]     Best valid_loss:          1.236284613609314
[2026-04-01 10:15:40]     Test accuracy (primary):  0.3000
[2026-04-01 10:15:40]     Test balanced acc:        0.3000
[2026-04-01 10:15:40]     Confusion matrix:         [[1, 1, 1, 2], [2, 2, 0, 1], [2, 0, 3, 0], [3, 1, 1, 0]]
[2026-04-01 10:15:40]     Prediction histogram:     [8, 4, 5, 3]
[2026-04-01 10:15:40]     fold_acc=0.3000 fold_bal_acc=0.3000 cm=[[1, 1, 1, 2], [2, 2, 0, 1], [2, 0, 3, 0], [3, 1, 1, 0]]
[2026-04-01 10:15:40]   Subject 51 Fold 4 seed: 9117
[2026-04-01 10:15:40]   Subject 51 Fold 4: n_train=64 n_val=16 n_test=20
[2026-04-01 10:15:40]     Train class counts: [16, 16, 16, 16]
[2026-04-01 10:15:40]     Val class counts:   [4, 4, 4, 4]
[2026-04-01 10:15:40]     Test class counts:  [5, 5, 5, 5]
[2026-04-01 10:15:40] Building model with input window duration: 4.1875 s
[2026-04-01 10:15:40] Pretrained weight loading:
[2026-04-01 10:15:40]   Downloaded keys:        179
[2026-04-01 10:15:40]   Filtered (transformer): 172
[2026-04-01 10:15:40]   Filtered (pos_encoder): 0
[2026-04-01 10:15:40]   Keys to load:           7
[2026-04-01 10:15:40]   Missing keys:           4
[2026-04-01 10:15:40]   Unexpected keys:        0
[2026-04-01 10:15:40]   Missing preview:        ['spatial_conv.1.weight', 'spatial_conv.1.bias', 'final_layer.1.weight', 'final_layer.1.bias']
[2026-04-01 10:15:40]   Unexpected preview:     []
[2026-04-01 10:15:40] Encoder freeze configuration:
[2026-04-01 10:15:40]   Total parameters:        18,192
[2026-04-01 10:15:40]   Trainable parameters:    4,352
[2026-04-01 10:15:40]   Training percentage:     23.9%
[2026-04-01 10:15:40]   Trainable layers: 4
[2026-04-01 10:15:40]     - final_layer.1.bias
[2026-04-01 10:15:40]     - final_layer.1.weight
[2026-04-01 10:15:40]     - spatial_conv.1.bias
[2026-04-01 10:15:40]     - spatial_conv.1.weight
[2026-04-01 10:15:40]     Train generator seeded: True
[2026-04-01 10:15:52]     Stopped epoch:            985
[2026-04-01 10:15:52]     Best epoch (valid_loss):  935
[2026-04-01 10:15:52]     Best valid_loss:          0.9718408584594727
[2026-04-01 10:15:52]     Test accuracy (primary):  0.5000
[2026-04-01 10:15:52]     Test balanced acc:        0.5000
[2026-04-01 10:15:52]     Confusion matrix:         [[2, 1, 2, 0], [0, 3, 1, 1], [1, 1, 2, 1], [2, 0, 0, 3]]
[2026-04-01 10:15:52]     Prediction histogram:     [5, 5, 5, 5]
[2026-04-01 10:15:52]     fold_acc=0.5000 fold_bal_acc=0.5000 cm=[[2, 1, 2, 0], [0, 3, 1, 1], [1, 1, 2, 1], [2, 0, 0, 3]]
[2026-04-01 10:15:52]   Subject 51 Fold 5 seed: 9118
[2026-04-01 10:15:52]   Subject 51 Fold 5: n_train=64 n_val=16 n_test=20
[2026-04-01 10:15:52]     Train class counts: [16, 16, 16, 16]
[2026-04-01 10:15:52]     Val class counts:   [4, 4, 4, 4]
[2026-04-01 10:15:52]     Test class counts:  [5, 5, 5, 5]
[2026-04-01 10:15:52] Building model with input window duration: 4.1875 s
[2026-04-01 10:15:52] Pretrained weight loading:
[2026-04-01 10:15:52]   Downloaded keys:        179
[2026-04-01 10:15:52]   Filtered (transformer): 172
[2026-04-01 10:15:52]   Filtered (pos_encoder): 0
[2026-04-01 10:15:52]   Keys to load:           7
[2026-04-01 10:15:52]   Missing keys:           4
[2026-04-01 10:15:52]   Unexpected keys:        0
[2026-04-01 10:15:52]   Missing preview:        ['spatial_conv.1.weight', 'spatial_conv.1.bias', 'final_layer.1.weight', 'final_layer.1.bias']
[2026-04-01 10:15:52]   Unexpected preview:     []
[2026-04-01 10:15:52] Encoder freeze configuration:
[2026-04-01 10:15:52]   Total parameters:        18,192
[2026-04-01 10:15:52]   Trainable parameters:    4,352
[2026-04-01 10:15:52]   Training percentage:     23.9%
[2026-04-01 10:15:52]   Trainable layers: 4
[2026-04-01 10:15:52]     - final_layer.1.bias
[2026-04-01 10:15:52]     - final_layer.1.weight
[2026-04-01 10:15:52]     - spatial_conv.1.bias
[2026-04-01 10:15:52]     - spatial_conv.1.weight
[2026-04-01 10:15:52]     Train generator seeded: True
[2026-04-01 10:15:53]     Stopped epoch:            51
[2026-04-01 10:15:53]     Best epoch (valid_loss):  1
[2026-04-01 10:15:53]     Best valid_loss:          1.38446044921875
[2026-04-01 10:15:53]     Test accuracy (primary):  0.3000
[2026-04-01 10:15:53]     Test balanced acc:        0.3000
[2026-04-01 10:15:53]     Confusion matrix:         [[4, 0, 1, 0], [4, 0, 1, 0], [4, 0, 1, 0], [3, 0, 1, 1]]
[2026-04-01 10:15:53]     Prediction histogram:     [15, 0, 4, 1]
[2026-04-01 10:15:53]     fold_acc=0.3000 fold_bal_acc=0.3000 cm=[[4, 0, 1, 0], [4, 0, 1, 0], [4, 0, 1, 0], [3, 0, 1, 1]]
[2026-04-01 10:15:53]   Subject 51 mean accuracy: 0.3900

[2026-04-01 10:15:53] Total folds completed: 5
[2026-04-01 10:15:53] ======================================================================
[2026-04-01 10:15:53] AGGREGATED RESULTS
[2026-04-01 10:15:53] ======================================================================
[2026-04-01 10:15:53]   Subject 51:  acc=0.3900±0.0800  bal_acc=0.3900±0.0800
[2026-04-01 10:15:53] ----------------------------------------------------------------------
[2026-04-01 10:15:53]   OVERALL:      acc=0.3900±0.0800  bal_acc=0.3900±0.0800
[2026-04-01 10:15:53] ======================================================================
[2026-04-01 10:15:53] CV results saved to:      /home/vegorov/Repos/eeg_jepa_research/artifacts/lee-2019-fine-tuning/SSVEP/20260401_1015_089a3ccb/cv_results.json
[2026-04-01 10:15:53] Subject metrics saved to: /home/vegorov/Repos/eeg_jepa_research/artifacts/lee-2019-fine-tuning/SSVEP/20260401_1015_089a3ccb/subject_metrics.json
[2026-04-01 10:15:53] Global metrics saved to:  /home/vegorov/Repos/eeg_jepa_research/artifacts/lee-2019-fine-tuning/SSVEP/20260401_1015_089a3ccb/global_metrics.json
[2026-04-01 10:15:53] Run metadata saved to:    /home/vegorov/Repos/eeg_jepa_research/artifacts/lee-2019-fine-tuning/SSVEP/20260401_1015_089a3ccb/run_metadata.json

[2026-04-01 10:15:53] All artifacts in: /home/vegorov/Repos/eeg_jepa_research/artifacts/lee-2019-fine-tuning/SSVEP/20260401_1015_089a3ccb

[2026-04-01 10:15:53] ======================================================================
[2026-04-01 10:15:53] EXPERIMENT SUMMARY
[2026-04-01 10:15:53] ======================================================================
[2026-04-01 10:15:53] Run ID:    20260401_1015_089a3ccb
[2026-04-01 10:15:53] Artifacts: /home/vegorov/Repos/eeg_jepa_research/artifacts/lee-2019-fine-tuning/SSVEP/20260401_1015_089a3ccb

[2026-04-01 10:15:53] Configuration:
[2026-04-01 10:15:53]   Subjects:          [51]
[2026-04-01 10:15:53]   Bandpass:          1.0-40.0 Hz
[2026-04-01 10:15:53]   Resample:          128 Hz
[2026-04-01 10:15:53]   CV folds:          5
[2026-04-01 10:15:53]   Learning rate:     0.001
[2026-04-01 10:15:53]   Batch size:        16
[2026-04-01 10:15:53]   Max epochs:        5000

[2026-04-01 10:15:53] Results:
[2026-04-01 10:15:53]   Mean Accuracy:          0.3900 ± 0.0800
[2026-04-01 10:15:53]   Mean Balanced Accuracy: 0.3900 ± 0.0800
