[2026-03-31 18:06:13] Using device: cpu
[2026-03-31 18:06:13] Seed control enabled: True
[2026-03-31 18:06:13] Base seed: 202
[2026-03-31 18:06:14] Seed initialized: 202
[2026-03-31 18:06:14] ======================================================================
[2026-03-31 18:06:14] CONFIGURATION
[2026-03-31 18:06:14] ======================================================================
[2026-03-31 18:06:14]   artifact_dir: /home/vegorov/Repos/eeg_jepa_research/artifacts/lee-2019-fine-tuning
[2026-03-31 18:06:14]   bandpass_high: 40.0
[2026-03-31 18:06:14]   bandpass_low: 0.5
[2026-03-31 18:06:14]   batch_size: 16
[2026-03-31 18:06:14]   convert_to_uV: True
[2026-03-31 18:06:14]   cv_folds: 5
[2026-03-31 18:06:14]   device: auto
[2026-03-31 18:06:14]   early_stopping_patience: 50
[2026-03-31 18:06:14]   learning_rate: 0.0003
[2026-03-31 18:06:14]   n_epochs: 5000
[2026-03-31 18:06:14]   normalization_method: None
[2026-03-31 18:06:14]   normalize: False
[2026-03-31 18:06:14]   paradigm: SSVEP
[2026-03-31 18:06:14]   pretrained_url: https://huggingface.co/braindecode/SignalJEPA/resolve/main/signal-jepa_16s-60_adeuwv4s.pth
[2026-03-31 18:06:14]   seed: 202
[2026-03-31 18:06:14]   set_seed: True
[2026-03-31 18:06:14]   sfreq: 128
[2026-03-31 18:06:14]   subjects_to_use: [51]
[2026-03-31 18:06:14]   val_split: 0.2
[2026-03-31 18:06:14] ======================================================================
[2026-03-31 18:06:14] Config saved to: /home/vegorov/Repos/eeg_jepa_research/artifacts/lee-2019-fine-tuning/SSVEP/20260331_1806_d6e6941a/config.json
[2026-03-31 18:06:14] Epoch window configuration:
[2026-03-31 18:06:14]   Target sfreq:                128 Hz
[2026-03-31 18:06:14]   Target duration:             4.190000 s
[2026-03-31 18:06:14]   Window samples (rounded):    536
[2026-03-31 18:06:14]   Base trial samples (4.0 s):  512
[2026-03-31 18:06:14]   Trial stop offset samples:   24
[2026-03-31 18:06:14]   Effective window duration:   4.187500 s
[2026-03-31 18:06:14] Using specified subjects from config: [51]
[2026-03-31 18:06:14] Selected subjects: [51]
[2026-03-31 18:06:14] Expected evaluation folds: 5

[2026-03-31 18:06:14] Building MOABBDataset for Lee2019_SSVEP...
[2026-03-31 18:06:22] MOABBDataset recordings loaded: 1
[2026-03-31 18:06:22] Discovered annotation descriptions (first recording): [np.str_('12.0'), np.str_('5.45'), np.str_('6.67'), np.str_('8.57')]
[2026-03-31 18:06:22] Dataset event_id mapping: {'12.0': 1, '8.57': 2, '6.67': 3, '5.45': 4}
[2026-03-31 18:06:22] Label map (event_code -> class_index): {1: 0, 2: 1, 3: 2, 4: 3}
[2026-03-31 18:06:22] Applying Braindecode preprocessors to MOABBDataset...
[2026-03-31 18:06:25] Preprocessing complete.

[2026-03-31 18:06:25] Post-preprocessing validation
[2026-03-31 18:06:25]   Recordings in DATASET: 1
[2026-03-31 18:06:25]   Unique subject IDs:    ['51']
[2026-03-31 18:06:25]   sfreq (first rec):     128.0 Hz
[2026-03-31 18:06:25]   EEG channel count:     62
[2026-03-31 18:06:25]   First 10 channels:     ['Fp1', 'Fp2', 'F7', 'F3', 'Fz', 'F4', 'F8', 'FC5', 'FC1', 'FC2']
[2026-03-31 18:06:25] Channel consistency summary:
[2026-03-31 18:06:25]   Checked runs: 1
[2026-03-31 18:06:25]   Unique channel counts: [62]
[2026-03-31 18:06:25]   Channel order consistent: True
[2026-03-31 18:06:25] Validated EEG channels: 62
[2026-03-31 18:06:25] First 10 EEG channels: ['Fp1', 'Fp2', 'F7', 'F3', 'Fz', 'F4', 'F8', 'FC5', 'FC1', 'FC2']
[2026-03-31 18:06:25] raw mean_abs=8.654730e+00
[2026-03-31 18:06:25] raw std=3.494582e+01
[2026-03-31 18:06:25] raw first5 channel std= [46.22404553 54.63339771 16.95830183 13.82897057 11.24366025]
[2026-03-31 18:06:25] Requested window samples: 536
[2026-03-31 18:06:25] Base trial samples:       512
[2026-03-31 18:06:25] Stop offset samples:      24
[2026-03-31 18:06:25] Global class counts: [25, 25, 25, 25]
[2026-03-31 18:06:25] Chance level (4-class): 0.25
[2026-03-31 18:06:25] One window shape: (62, 536)
[2026-03-31 18:06:25] One window label: 1
[2026-03-31 18:06:25] Window sample length expected=536, got=536
[2026-03-31 18:06:25] Subjects in window split: [51]
[2026-03-31 18:06:25] Summarizing per-subject windows...
[2026-03-31 18:06:25]   Subject 51: n_windows=100, window_shape=(62, 536), class_counts=[25, 25, 25, 25]
[2026-03-31 18:06:25]    subject_id  n_windows  n_channels  n_times      class_counts
0          51        100          62      536  [25, 25, 25, 25]
[2026-03-31 18:06:25] Window validation summary:
[2026-03-31 18:06:25]   Subject 51: n_windows=100 class_counts=[25, 25, 25, 25]

[2026-03-31 18:06:25] Validated sampling rate target: 128 Hz
[2026-03-31 18:06:25] Validated window sample count:   536
[2026-03-31 18:06:25] Validated window duration:       4.1875 s
[2026-03-31 18:06:25] Validated channel count:         62
[2026-03-31 18:06:25] Total windows retained:          100
[2026-03-31 18:06:25] Preprocessing sanity checks:
[2026-03-31 18:06:25]   One sample label: 1
[2026-03-31 18:06:25]   One sample shape: (62, 536)
[2026-03-31 18:06:25]   Mean(abs(signal)): 4.094026e+00
[2026-03-31 18:06:25]   Mean(signal):      7.346552e-09
[2026-03-31 18:06:25]   Std(signal):       5.860601e+00
[2026-03-31 18:06:25] Building model with input window duration: 4.1875 s
[2026-03-31 18:06:25] SignalJEPA_PreLocal instantiated successfully.
[2026-03-31 18:06:25]   Total parameters:     18,192
[2026-03-31 18:06:25]   Trainable parameters: 18,192
[2026-03-31 18:06:25] ======================================================================================================================================================
Layer (type (var_name):depth-idx)                  Input Shape               Output Shape              Param #                   Kernel Shape
======================================================================================================================================================
SignalJEPA_PreLocal (SignalJEPA_PreLocal)          [1, 62, 536]              [1, 4]                    --                        --
├─Sequential (spatial_conv): 1-1                   [1, 62, 536]              [1, 4, 536]               --                        --
│    └─Rearrange (0): 2-1                          [1, 62, 536]              [1, 1, 62, 536]           --                        --
│    └─Conv2d (1): 2-2                             [1, 1, 62, 536]           [1, 4, 1, 536]            252                       [62, 1]
│    └─Rearrange (2): 2-3                          [1, 4, 1, 536]            [1, 4, 536]               --                        --
├─_ConvFeatureEncoder (feature_encoder): 1-2       [1, 4, 536]               [1, 16, 64]               --                        --
│    └─Rearrange (0): 2-4                          [1, 4, 536]               [4, 1, 536]               --                        --
│    └─Sequential (1): 2-5                         [4, 1, 536]               [4, 8, 64]                --                        --
│    │    └─Conv1d (0): 3-1                        [4, 1, 536]               [4, 8, 64]                256                       [32]
│    │    └─Dropout (1): 3-2                       [4, 8, 64]                [4, 8, 64]                --                        --
│    │    └─GroupNorm (2): 3-3                     [4, 8, 64]                [4, 8, 64]                16                        --
│    │    └─GELU (3): 3-4                          [4, 8, 64]                [4, 8, 64]                --                        --
│    └─Sequential (2): 2-6                         [4, 8, 64]                [4, 16, 32]               --                        --
│    │    └─Conv1d (0): 3-5                        [4, 8, 64]                [4, 16, 32]               256                       [2]
│    │    └─Dropout (1): 3-6                       [4, 16, 32]               [4, 16, 32]               --                        --
│    │    └─GELU (2): 3-7                          [4, 16, 32]               [4, 16, 32]               --                        --
│    └─Sequential (3): 2-7                         [4, 16, 32]               [4, 32, 16]               --                        --
│    │    └─Conv1d (0): 3-8                        [4, 16, 32]               [4, 32, 16]               1,024                     [2]
│    │    └─Dropout (1): 3-9                       [4, 32, 16]               [4, 32, 16]               --                        --
│    │    └─GELU (2): 3-10                         [4, 32, 16]               [4, 32, 16]               --                        --
│    └─Sequential (4): 2-8                         [4, 32, 16]               [4, 64, 8]                --                        --
│    │    └─Conv1d (0): 3-11                       [4, 32, 16]               [4, 64, 8]                4,096                     [2]
│    │    └─Dropout (1): 3-12                      [4, 64, 8]                [4, 64, 8]                --                        --
│    │    └─GELU (2): 3-13                         [4, 64, 8]                [4, 64, 8]                --                        --
│    └─Sequential (5): 2-9                         [4, 64, 8]                [4, 64, 4]                --                        --
│    │    └─Conv1d (0): 3-14                       [4, 64, 8]                [4, 64, 4]                8,192                     [2]
│    │    └─Dropout (1): 3-15                      [4, 64, 4]                [4, 64, 4]                --                        --
│    │    └─GELU (2): 3-16                         [4, 64, 4]                [4, 64, 4]                --                        --
│    └─Rearrange (6): 2-10                         [4, 64, 4]                [1, 16, 64]               --                        --
├─Sequential (final_layer): 1-3                    [1, 16, 64]               [1, 4]                    --                        --
│    └─Flatten (0): 2-11                           [1, 16, 64]               [1, 1024]                 --                        --
│    └─Linear (1): 2-12                            [1, 1024]                 [1, 4]                    4,100                     --
======================================================================================================================================================
Total params: 18,192
Trainable params: 18,192
Non-trainable params: 0
Total mult-adds (Units.MEGABYTES): 0.57
======================================================================================================================================================
Input size (MB): 0.13
Forward/backward pass size (MB): 0.11
Params size (MB): 0.07
Estimated Total Size (MB): 0.31
======================================================================================================================================================
[2026-03-31 18:06:25] Initializing from 16s-60 pretrained checkpoint (Hugging Face):
[2026-03-31 18:06:25]   https://huggingface.co/braindecode/SignalJEPA/resolve/main/signal-jepa_16s-60_adeuwv4s.pth
[2026-03-31 18:06:25]   Downloaded 179 keys
[2026-03-31 18:06:25] ======================================================================
[2026-03-31 18:06:25] STARTING CROSS-VALIDATION
[2026-03-31 18:06:25] ======================================================================
[2026-03-31 18:06:25] Subjects:      [51]
[2026-03-31 18:06:25] CV folds:      5
[2026-03-31 18:06:25] Batch size:    16
[2026-03-31 18:06:25] Max epochs:    5000
[2026-03-31 18:06:25] Device:        cpu
[2026-03-31 18:06:25] Seed control:  True
[2026-03-31 18:06:25] Base seed:     202
[2026-03-31 18:06:25] ======================================================================

[2026-03-31 18:06:25] Subject 51: 100 windows class_counts=[25, 25, 25, 25]
[2026-03-31 18:06:25]   Fold 1 split seed: 203
[2026-03-31 18:06:25]   Fold 1 split class counts:
[2026-03-31 18:06:25]     train=[16, 16, 16, 16] val=[4, 4, 4, 4] test=[5, 5, 5, 5]
[2026-03-31 18:06:25]   Fold 2 split seed: 204
[2026-03-31 18:06:25]   Fold 2 split class counts:
[2026-03-31 18:06:25]     train=[16, 16, 16, 16] val=[4, 4, 4, 4] test=[5, 5, 5, 5]
[2026-03-31 18:06:25]   Fold 3 split seed: 205
[2026-03-31 18:06:25]   Fold 3 split class counts:
[2026-03-31 18:06:25]     train=[16, 16, 16, 16] val=[4, 4, 4, 4] test=[5, 5, 5, 5]
[2026-03-31 18:06:25]   Fold 4 split seed: 206
[2026-03-31 18:06:25]   Fold 4 split class counts:
[2026-03-31 18:06:25]     train=[16, 16, 16, 16] val=[4, 4, 4, 4] test=[5, 5, 5, 5]
[2026-03-31 18:06:25]   Fold 5 split seed: 207
[2026-03-31 18:06:25]   Fold 5 split class counts:
[2026-03-31 18:06:25]     train=[16, 16, 16, 16] val=[4, 4, 4, 4] test=[5, 5, 5, 5]
[2026-03-31 18:06:25]   Subject 51 Fold 1 seed: 5303
[2026-03-31 18:06:25]   Subject 51 Fold 1: n_train=64 n_val=16 n_test=20
[2026-03-31 18:06:25]     Train class counts: [16, 16, 16, 16]
[2026-03-31 18:06:25]     Val class counts:   [4, 4, 4, 4]
[2026-03-31 18:06:25]     Test class counts:  [5, 5, 5, 5]
[2026-03-31 18:06:25] Building model with input window duration: 4.1875 s
[2026-03-31 18:06:25] Pretrained weight loading:
[2026-03-31 18:06:25]   Downloaded keys:        179
[2026-03-31 18:06:25]   Filtered (transformer): 172
[2026-03-31 18:06:25]   Filtered (pos_encoder): 0
[2026-03-31 18:06:25]   Keys to load:           7
[2026-03-31 18:06:25]   Missing keys:           4
[2026-03-31 18:06:25]   Unexpected keys:        0
[2026-03-31 18:06:25]   Missing preview:        ['spatial_conv.1.weight', 'spatial_conv.1.bias', 'final_layer.1.weight', 'final_layer.1.bias']
[2026-03-31 18:06:25]   Unexpected preview:     []
[2026-03-31 18:06:25] Encoder freeze configuration:
[2026-03-31 18:06:25]   Total parameters:        18,192
[2026-03-31 18:06:25]   Trainable parameters:    4,352
[2026-03-31 18:06:25]   Training percentage:     23.9%
[2026-03-31 18:06:25]   Trainable layers: 4
[2026-03-31 18:06:25]     - final_layer.1.bias
[2026-03-31 18:06:25]     - final_layer.1.weight
[2026-03-31 18:06:25]     - spatial_conv.1.bias
[2026-03-31 18:06:25]     - spatial_conv.1.weight
[2026-03-31 18:06:25]     Train generator seeded: True
[2026-03-31 18:06:28]     Stopped epoch:            133
[2026-03-31 18:06:28]     Best epoch (valid_loss):  83
[2026-03-31 18:06:28]     Best valid_loss:          1.3836437463760376
[2026-03-31 18:06:28]     Test accuracy (primary):  0.5000
[2026-03-31 18:06:28]     Test balanced acc:        0.5000
[2026-03-31 18:06:28]     Confusion matrix:         [[2, 1, 1, 1], [1, 4, 0, 0], [2, 1, 2, 0], [0, 2, 1, 2]]
[2026-03-31 18:06:28]     Prediction histogram:     [5, 8, 4, 3]
[2026-03-31 18:06:28]     fold_acc=0.5000 fold_bal_acc=0.5000 cm=[[2, 1, 1, 1], [1, 4, 0, 0], [2, 1, 2, 0], [0, 2, 1, 2]]
[2026-03-31 18:06:28]   Subject 51 Fold 2 seed: 5304
[2026-03-31 18:06:28]   Subject 51 Fold 2: n_train=64 n_val=16 n_test=20
[2026-03-31 18:06:28]     Train class counts: [16, 16, 16, 16]
[2026-03-31 18:06:28]     Val class counts:   [4, 4, 4, 4]
[2026-03-31 18:06:28]     Test class counts:  [5, 5, 5, 5]
[2026-03-31 18:06:28] Building model with input window duration: 4.1875 s
[2026-03-31 18:06:28] Pretrained weight loading:
[2026-03-31 18:06:28]   Downloaded keys:        179
[2026-03-31 18:06:28]   Filtered (transformer): 172
[2026-03-31 18:06:28]   Filtered (pos_encoder): 0
[2026-03-31 18:06:28]   Keys to load:           7
[2026-03-31 18:06:28]   Missing keys:           4
[2026-03-31 18:06:28]   Unexpected keys:        0
[2026-03-31 18:06:28]   Missing preview:        ['spatial_conv.1.weight', 'spatial_conv.1.bias', 'final_layer.1.weight', 'final_layer.1.bias']
[2026-03-31 18:06:28]   Unexpected preview:     []
[2026-03-31 18:06:28] Encoder freeze configuration:
[2026-03-31 18:06:28]   Total parameters:        18,192
[2026-03-31 18:06:28]   Trainable parameters:    4,352
[2026-03-31 18:06:28]   Training percentage:     23.9%
[2026-03-31 18:06:28]   Trainable layers: 4
[2026-03-31 18:06:28]     - final_layer.1.bias
[2026-03-31 18:06:28]     - final_layer.1.weight
[2026-03-31 18:06:28]     - spatial_conv.1.bias
[2026-03-31 18:06:28]     - spatial_conv.1.weight
[2026-03-31 18:06:28]     Train generator seeded: True
[2026-03-31 18:06:33]     Stopped epoch:            490
[2026-03-31 18:06:33]     Best epoch (valid_loss):  442
[2026-03-31 18:06:33]     Best valid_loss:          1.3069850206375122
[2026-03-31 18:06:33]     Test accuracy (primary):  0.1500
[2026-03-31 18:06:33]     Test balanced acc:        0.1500
[2026-03-31 18:06:33]     Confusion matrix:         [[1, 1, 1, 2], [2, 0, 1, 2], [1, 0, 1, 3], [2, 1, 1, 1]]
[2026-03-31 18:06:33]     Prediction histogram:     [6, 2, 4, 8]
[2026-03-31 18:06:34]     fold_acc=0.1500 fold_bal_acc=0.1500 cm=[[1, 1, 1, 2], [2, 0, 1, 2], [1, 0, 1, 3], [2, 1, 1, 1]]
[2026-03-31 18:06:34]   Subject 51 Fold 3 seed: 5305
[2026-03-31 18:06:34]   Subject 51 Fold 3: n_train=64 n_val=16 n_test=20
[2026-03-31 18:06:34]     Train class counts: [16, 16, 16, 16]
[2026-03-31 18:06:34]     Val class counts:   [4, 4, 4, 4]
[2026-03-31 18:06:34]     Test class counts:  [5, 5, 5, 5]
[2026-03-31 18:06:34] Building model with input window duration: 4.1875 s
[2026-03-31 18:06:34] Pretrained weight loading:
[2026-03-31 18:06:34]   Downloaded keys:        179
[2026-03-31 18:06:34]   Filtered (transformer): 172
[2026-03-31 18:06:34]   Filtered (pos_encoder): 0
[2026-03-31 18:06:34]   Keys to load:           7
[2026-03-31 18:06:34]   Missing keys:           4
[2026-03-31 18:06:34]   Unexpected keys:        0
[2026-03-31 18:06:34]   Missing preview:        ['spatial_conv.1.weight', 'spatial_conv.1.bias', 'final_layer.1.weight', 'final_layer.1.bias']
[2026-03-31 18:06:34]   Unexpected preview:     []
[2026-03-31 18:06:34] Encoder freeze configuration:
[2026-03-31 18:06:34]   Total parameters:        18,192
[2026-03-31 18:06:34]   Trainable parameters:    4,352
[2026-03-31 18:06:34]   Training percentage:     23.9%
[2026-03-31 18:06:34]   Trainable layers: 4
[2026-03-31 18:06:34]     - final_layer.1.bias
[2026-03-31 18:06:34]     - final_layer.1.weight
[2026-03-31 18:06:34]     - spatial_conv.1.bias
[2026-03-31 18:06:34]     - spatial_conv.1.weight
[2026-03-31 18:06:34]     Train generator seeded: True
[2026-03-31 18:06:34]     Stopped epoch:            51
[2026-03-31 18:06:34]     Best epoch (valid_loss):  1
[2026-03-31 18:06:34]     Best valid_loss:          1.3865054845809937
[2026-03-31 18:06:34]     Test accuracy (primary):  0.2500
[2026-03-31 18:06:34]     Test balanced acc:        0.2500
[2026-03-31 18:06:34]     Confusion matrix:         [[0, 0, 5, 0], [0, 0, 5, 0], [0, 0, 5, 0], [0, 0, 5, 0]]
[2026-03-31 18:06:34]     Prediction histogram:     [0, 0, 20, 0]
[2026-03-31 18:06:34]     fold_acc=0.2500 fold_bal_acc=0.2500 cm=[[0, 0, 5, 0], [0, 0, 5, 0], [0, 0, 5, 0], [0, 0, 5, 0]]
[2026-03-31 18:06:34]   Subject 51 Fold 4 seed: 5306
[2026-03-31 18:06:34]   Subject 51 Fold 4: n_train=64 n_val=16 n_test=20
[2026-03-31 18:06:34]     Train class counts: [16, 16, 16, 16]
[2026-03-31 18:06:34]     Val class counts:   [4, 4, 4, 4]
[2026-03-31 18:06:34]     Test class counts:  [5, 5, 5, 5]
[2026-03-31 18:06:34] Building model with input window duration: 4.1875 s
[2026-03-31 18:06:34] Pretrained weight loading:
[2026-03-31 18:06:34]   Downloaded keys:        179
[2026-03-31 18:06:34]   Filtered (transformer): 172
[2026-03-31 18:06:34]   Filtered (pos_encoder): 0
[2026-03-31 18:06:34]   Keys to load:           7
[2026-03-31 18:06:34]   Missing keys:           4
[2026-03-31 18:06:34]   Unexpected keys:        0
[2026-03-31 18:06:34]   Missing preview:        ['spatial_conv.1.weight', 'spatial_conv.1.bias', 'final_layer.1.weight', 'final_layer.1.bias']
[2026-03-31 18:06:34]   Unexpected preview:     []
[2026-03-31 18:06:34] Encoder freeze configuration:
[2026-03-31 18:06:34]   Total parameters:        18,192
[2026-03-31 18:06:34]   Trainable parameters:    4,352
[2026-03-31 18:06:34]   Training percentage:     23.9%
[2026-03-31 18:06:34]   Trainable layers: 4
[2026-03-31 18:06:34]     - final_layer.1.bias
[2026-03-31 18:06:34]     - final_layer.1.weight
[2026-03-31 18:06:34]     - spatial_conv.1.bias
[2026-03-31 18:06:34]     - spatial_conv.1.weight
[2026-03-31 18:06:34]     Train generator seeded: True
[2026-03-31 18:06:35]     Stopped epoch:            51
[2026-03-31 18:06:35]     Best epoch (valid_loss):  1
[2026-03-31 18:06:35]     Best valid_loss:          1.3884879350662231
[2026-03-31 18:06:35]     Test accuracy (primary):  0.2500
[2026-03-31 18:06:35]     Test balanced acc:        0.2500
[2026-03-31 18:06:35]     Confusion matrix:         [[1, 4, 0, 0], [1, 4, 0, 0], [2, 3, 0, 0], [4, 1, 0, 0]]
[2026-03-31 18:06:35]     Prediction histogram:     [8, 12, 0, 0]
[2026-03-31 18:06:35]     fold_acc=0.2500 fold_bal_acc=0.2500 cm=[[1, 4, 0, 0], [1, 4, 0, 0], [2, 3, 0, 0], [4, 1, 0, 0]]
[2026-03-31 18:06:35]   Subject 51 Fold 5 seed: 5307
[2026-03-31 18:06:35]   Subject 51 Fold 5: n_train=64 n_val=16 n_test=20
[2026-03-31 18:06:35]     Train class counts: [16, 16, 16, 16]
[2026-03-31 18:06:35]     Val class counts:   [4, 4, 4, 4]
[2026-03-31 18:06:35]     Test class counts:  [5, 5, 5, 5]
[2026-03-31 18:06:35] Building model with input window duration: 4.1875 s
[2026-03-31 18:06:35] Pretrained weight loading:
[2026-03-31 18:06:35]   Downloaded keys:        179
[2026-03-31 18:06:35]   Filtered (transformer): 172
[2026-03-31 18:06:35]   Filtered (pos_encoder): 0
[2026-03-31 18:06:35]   Keys to load:           7
[2026-03-31 18:06:35]   Missing keys:           4
[2026-03-31 18:06:35]   Unexpected keys:        0
[2026-03-31 18:06:35]   Missing preview:        ['spatial_conv.1.weight', 'spatial_conv.1.bias', 'final_layer.1.weight', 'final_layer.1.bias']
[2026-03-31 18:06:35]   Unexpected preview:     []
[2026-03-31 18:06:35] Encoder freeze configuration:
[2026-03-31 18:06:35]   Total parameters:        18,192
[2026-03-31 18:06:35]   Trainable parameters:    4,352
[2026-03-31 18:06:35]   Training percentage:     23.9%
[2026-03-31 18:06:35]   Trainable layers: 4
[2026-03-31 18:06:35]     - final_layer.1.bias
[2026-03-31 18:06:35]     - final_layer.1.weight
[2026-03-31 18:06:35]     - spatial_conv.1.bias
[2026-03-31 18:06:35]     - spatial_conv.1.weight
[2026-03-31 18:06:35]     Train generator seeded: True
[2026-03-31 18:06:39]     Stopped epoch:            383
[2026-03-31 18:06:39]     Best epoch (valid_loss):  333
[2026-03-31 18:06:39]     Best valid_loss:          1.3180243968963623
[2026-03-31 18:06:39]     Test accuracy (primary):  0.3000
[2026-03-31 18:06:39]     Test balanced acc:        0.3000
[2026-03-31 18:06:39]     Confusion matrix:         [[3, 1, 0, 1], [3, 1, 1, 0], [1, 3, 1, 0], [1, 1, 2, 1]]
[2026-03-31 18:06:39]     Prediction histogram:     [8, 6, 4, 2]
[2026-03-31 18:06:39]     fold_acc=0.3000 fold_bal_acc=0.3000 cm=[[3, 1, 0, 1], [3, 1, 1, 0], [1, 3, 1, 0], [1, 1, 2, 1]]
[2026-03-31 18:06:39]   Subject 51 mean accuracy: 0.2900

[2026-03-31 18:06:39] Total folds completed: 5
[2026-03-31 18:06:39] ======================================================================
[2026-03-31 18:06:39] AGGREGATED RESULTS
[2026-03-31 18:06:39] ======================================================================
[2026-03-31 18:06:39]   Subject 51:  acc=0.2900±0.1158  bal_acc=0.2900±0.1158
[2026-03-31 18:06:39] ----------------------------------------------------------------------
[2026-03-31 18:06:39]   OVERALL:      acc=0.2900±0.1158  bal_acc=0.2900±0.1158
[2026-03-31 18:06:39] ======================================================================
[2026-03-31 18:06:39] CV results saved to:      /home/vegorov/Repos/eeg_jepa_research/artifacts/lee-2019-fine-tuning/SSVEP/20260331_1806_d6e6941a/cv_results.json
[2026-03-31 18:06:39] Subject metrics saved to: /home/vegorov/Repos/eeg_jepa_research/artifacts/lee-2019-fine-tuning/SSVEP/20260331_1806_d6e6941a/subject_metrics.json
[2026-03-31 18:06:39] Global metrics saved to:  /home/vegorov/Repos/eeg_jepa_research/artifacts/lee-2019-fine-tuning/SSVEP/20260331_1806_d6e6941a/global_metrics.json
[2026-03-31 18:06:39] Run metadata saved to:    /home/vegorov/Repos/eeg_jepa_research/artifacts/lee-2019-fine-tuning/SSVEP/20260331_1806_d6e6941a/run_metadata.json

[2026-03-31 18:06:39] All artifacts in: /home/vegorov/Repos/eeg_jepa_research/artifacts/lee-2019-fine-tuning/SSVEP/20260331_1806_d6e6941a

[2026-03-31 18:06:39] ======================================================================
[2026-03-31 18:06:39] EXPERIMENT SUMMARY
[2026-03-31 18:06:39] ======================================================================
[2026-03-31 18:06:39] Run ID:    20260331_1806_d6e6941a
[2026-03-31 18:06:39] Artifacts: /home/vegorov/Repos/eeg_jepa_research/artifacts/lee-2019-fine-tuning/SSVEP/20260331_1806_d6e6941a

[2026-03-31 18:06:39] Configuration:
[2026-03-31 18:06:39]   Subjects:          [51]
[2026-03-31 18:06:39]   Bandpass:          0.5-40.0 Hz
[2026-03-31 18:06:39]   Resample:          128 Hz
[2026-03-31 18:06:39]   CV folds:          5
[2026-03-31 18:06:39]   Learning rate:     0.0003
[2026-03-31 18:06:39]   Batch size:        16
[2026-03-31 18:06:39]   Max epochs:        5000

[2026-03-31 18:06:39] Results:
[2026-03-31 18:06:39]   Mean Accuracy:          0.2900 ± 0.1158
[2026-03-31 18:06:39]   Mean Balanced Accuracy: 0.2900 ± 0.1158
