[2026-04-03 12:35:25] Using device: mps
[2026-04-03 12:35:25] Seed control enabled: True
[2026-04-03 12:35:25] Base seed: 5
[2026-04-03 12:35:26] Seed initialized: 5
[2026-04-03 12:35:26] ======================================================================
[2026-04-03 12:35:26] CONFIGURATION
[2026-04-03 12:35:26] ======================================================================
[2026-04-03 12:35:26]   artifact_dir: /Users/vadim/Documents/School/Spring 2026/CSCE A698 Individual Research/EEG_JEPA/artifacts/lee-2019-fine-tuning
[2026-04-03 12:35:26]   bandpass_high: 40.0
[2026-04-03 12:35:26]   bandpass_low: 0.5
[2026-04-03 12:35:26]   batch_size: 16
[2026-04-03 12:35:26]   convert_to_uV: True
[2026-04-03 12:35:26]   criterion: CrossEntropyLoss
[2026-04-03 12:35:26]   cv_folds: 5
[2026-04-03 12:35:26]   device: auto
[2026-04-03 12:35:26]   early_stopping_patience: 50
[2026-04-03 12:35:26]   learning_rate: 0.005
[2026-04-03 12:35:26]   n_epochs: 5000
[2026-04-03 12:35:26]   normalization_method: None
[2026-04-03 12:35:26]   normalize: False
[2026-04-03 12:35:26]   optimizer: Adam
[2026-04-03 12:35:26]   paradigm: SSVEP
[2026-04-03 12:35:26]   pretrained_url: https://huggingface.co/braindecode/SignalJEPA/resolve/main/signal-jepa_16s-60_adeuwv4s.pth
[2026-04-03 12:35:26]   seed: 5
[2026-04-03 12:35:26]   set_eeg_reference: True
[2026-04-03 12:35:26]   set_seed: True
[2026-04-03 12:35:26]   sfreq: 128
[2026-04-03 12:35:26]   subjects_to_use: [51]
[2026-04-03 12:35:26]   val_split: 0.2
[2026-04-03 12:35:26] ======================================================================
[2026-04-03 12:35:26] Config saved to: /Users/vadim/Documents/School/Spring 2026/CSCE A698 Individual Research/EEG_JEPA/artifacts/lee-2019-fine-tuning/SSVEP/20260403_1235_49e9430f/config.json
[2026-04-03 12:35:26] Epoch window configuration:
[2026-04-03 12:35:26]   Target sfreq:                128 Hz
[2026-04-03 12:35:26]   Target duration:             4.190000 s
[2026-04-03 12:35:26]   Window samples (rounded):    536
[2026-04-03 12:35:26]   Base trial samples (4.0 s):  512
[2026-04-03 12:35:26]   Trial stop offset samples:   24
[2026-04-03 12:35:26]   Effective window duration:   4.187500 s
[2026-04-03 12:35:26] Using specified subjects from config: [51]
[2026-04-03 12:35:26] Selected subjects: [51]
[2026-04-03 12:35:26] Expected evaluation folds: 5

[2026-04-03 12:35:26] Building MOABBDataset for Lee2019_SSVEP...
[2026-04-03 12:35:38] MOABBDataset recordings loaded: 2
[2026-04-03 12:35:38] Discovered annotation descriptions (first recording): [np.str_('12.0'), np.str_('5.45'), np.str_('6.67'), np.str_('8.57')]
[2026-04-03 12:35:38] Dataset event_id mapping: {'12.0': 1, '8.57': 2, '6.67': 3, '5.45': 4}
[2026-04-03 12:35:38] Label map (event_code -> class_index): {1: 0, 2: 1, 3: 2, 4: 3}
[2026-04-03 12:35:38] Applying Braindecode preprocessors to MOABBDataset...
[2026-04-03 12:35:46] Preprocessing complete.

[2026-04-03 12:35:46] Post-preprocessing validation
[2026-04-03 12:35:46]   Recordings in DATASET: 2
[2026-04-03 12:35:46]   Unique subject IDs:    ['51']
[2026-04-03 12:35:46]   sfreq (first rec):     128.0 Hz
[2026-04-03 12:35:46]   EEG channel count:     62
[2026-04-03 12:35:46]   First 10 channels:     ['Fp1', 'Fp2', 'F7', 'F3', 'Fz', 'F4', 'F8', 'FC5', 'FC1', 'FC2']
[2026-04-03 12:35:46] Channel consistency summary:
[2026-04-03 12:35:46]   Checked runs: 2
[2026-04-03 12:35:46]   Unique channel counts: [62]
[2026-04-03 12:35:46]   Channel order consistent: True
[2026-04-03 12:35:46] Validated EEG channels: 62
[2026-04-03 12:35:46] First 10 EEG channels: ['Fp1', 'Fp2', 'F7', 'F3', 'Fz', 'F4', 'F8', 'FC5', 'FC1', 'FC2']
[2026-04-03 12:35:46] raw mean_abs=6.206608e+00
[2026-04-03 12:35:46] raw std=2.712803e+01
[2026-04-03 12:35:46] raw first5 channel std= [30.27595633 56.56813395 13.75714116  8.89857459  7.91183515]
[2026-04-03 12:35:46] Requested window samples: 536
[2026-04-03 12:35:46] Base trial samples:       512
[2026-04-03 12:35:46] Stop offset samples:      24
[2026-04-03 12:35:46] Global class counts: [50, 50, 50, 50]
[2026-04-03 12:35:46] Chance level (4-class): 0.25
[2026-04-03 12:35:46] One window shape: (62, 536)
[2026-04-03 12:35:46] One window label: 2
[2026-04-03 12:35:46] Window sample length expected=536, got=536
[2026-04-03 12:35:46] Subjects in window split: [51]
[2026-04-03 12:35:46] Summarizing per-subject windows...
[2026-04-03 12:35:46]   Subject 51: n_windows=200, window_shape=(62, 536), class_counts=[50, 50, 50, 50]
[2026-04-03 12:35:46]    subject_id  n_windows  n_channels  n_times      class_counts
0          51        200          62      536  [50, 50, 50, 50]
[2026-04-03 12:35:46] Window validation summary:
[2026-04-03 12:35:46]   Subject 51: n_windows=200 class_counts=[50, 50, 50, 50]

[2026-04-03 12:35:46] Validated sampling rate target: 128 Hz
[2026-04-03 12:35:46] Validated window sample count:   536
[2026-04-03 12:35:46] Validated window duration:       4.1875 s
[2026-04-03 12:35:46] Validated channel count:         62
[2026-04-03 12:35:46] Total windows retained:          200
[2026-04-03 12:35:46] Preprocessing sanity checks:
[2026-04-03 12:35:46]   One sample label: 2
[2026-04-03 12:35:46]   One sample shape: (62, 536)
[2026-04-03 12:35:46]   Mean(abs(signal)): 7.808386e+00
[2026-04-03 12:35:46]   Mean(signal):      -1.469310e-08
[2026-04-03 12:35:46]   Std(signal):       1.102899e+01
[2026-04-03 12:35:46] Building model with input window duration: 4.1875 s
[2026-04-03 12:35:46] SignalJEPA_PreLocal instantiated successfully.
[2026-04-03 12:35:46]   Total parameters:     18,192
[2026-04-03 12:35:46]   Trainable parameters: 18,192
[2026-04-03 12:35:46] ======================================================================================================================================================
Layer (type (var_name):depth-idx)                  Input Shape               Output Shape              Param #                   Kernel Shape
======================================================================================================================================================
SignalJEPA_PreLocal (SignalJEPA_PreLocal)          [1, 62, 536]              [1, 4]                    --                        --
├─Sequential (spatial_conv): 1-1                   [1, 62, 536]              [1, 4, 536]               --                        --
│    └─Rearrange (0): 2-1                          [1, 62, 536]              [1, 1, 62, 536]           --                        --
│    └─Conv2d (1): 2-2                             [1, 1, 62, 536]           [1, 4, 1, 536]            252                       [62, 1]
│    └─Rearrange (2): 2-3                          [1, 4, 1, 536]            [1, 4, 536]               --                        --
├─_ConvFeatureEncoder (feature_encoder): 1-2       [1, 4, 536]               [1, 16, 64]               --                        --
│    └─Rearrange (0): 2-4                          [1, 4, 536]               [4, 1, 536]               --                        --
│    └─Sequential (1): 2-5                         [4, 1, 536]               [4, 8, 64]                --                        --
│    │    └─Conv1d (0): 3-1                        [4, 1, 536]               [4, 8, 64]                256                       [32]
│    │    └─Dropout (1): 3-2                       [4, 8, 64]                [4, 8, 64]                --                        --
│    │    └─GroupNorm (2): 3-3                     [4, 8, 64]                [4, 8, 64]                16                        --
│    │    └─GELU (3): 3-4                          [4, 8, 64]                [4, 8, 64]                --                        --
│    └─Sequential (2): 2-6                         [4, 8, 64]                [4, 16, 32]               --                        --
│    │    └─Conv1d (0): 3-5                        [4, 8, 64]                [4, 16, 32]               256                       [2]
│    │    └─Dropout (1): 3-6                       [4, 16, 32]               [4, 16, 32]               --                        --
│    │    └─GELU (2): 3-7                          [4, 16, 32]               [4, 16, 32]               --                        --
│    └─Sequential (3): 2-7                         [4, 16, 32]               [4, 32, 16]               --                        --
│    │    └─Conv1d (0): 3-8                        [4, 16, 32]               [4, 32, 16]               1,024                     [2]
│    │    └─Dropout (1): 3-9                       [4, 32, 16]               [4, 32, 16]               --                        --
│    │    └─GELU (2): 3-10                         [4, 32, 16]               [4, 32, 16]               --                        --
│    └─Sequential (4): 2-8                         [4, 32, 16]               [4, 64, 8]                --                        --
│    │    └─Conv1d (0): 3-11                       [4, 32, 16]               [4, 64, 8]                4,096                     [2]
│    │    └─Dropout (1): 3-12                      [4, 64, 8]                [4, 64, 8]                --                        --
│    │    └─GELU (2): 3-13                         [4, 64, 8]                [4, 64, 8]                --                        --
│    └─Sequential (5): 2-9                         [4, 64, 8]                [4, 64, 4]                --                        --
│    │    └─Conv1d (0): 3-14                       [4, 64, 8]                [4, 64, 4]                8,192                     [2]
│    │    └─Dropout (1): 3-15                      [4, 64, 4]                [4, 64, 4]                --                        --
│    │    └─GELU (2): 3-16                         [4, 64, 4]                [4, 64, 4]                --                        --
│    └─Rearrange (6): 2-10                         [4, 64, 4]                [1, 16, 64]               --                        --
├─Sequential (final_layer): 1-3                    [1, 16, 64]               [1, 4]                    --                        --
│    └─Flatten (0): 2-11                           [1, 16, 64]               [1, 1024]                 --                        --
│    └─Linear (1): 2-12                            [1, 1024]                 [1, 4]                    4,100                     --
======================================================================================================================================================
Total params: 18,192
Trainable params: 18,192
Non-trainable params: 0
Total mult-adds (Units.MEGABYTES): 0.57
======================================================================================================================================================
Input size (MB): 0.13
Forward/backward pass size (MB): 0.11
Params size (MB): 0.07
Estimated Total Size (MB): 0.31
======================================================================================================================================================
[2026-04-03 12:35:46] Initializing from 16s-60 pretrained checkpoint (Hugging Face):
[2026-04-03 12:35:46]   https://huggingface.co/braindecode/SignalJEPA/resolve/main/signal-jepa_16s-60_adeuwv4s.pth
[2026-04-03 12:35:46]   Downloaded 179 keys
[2026-04-03 12:35:46] ======================================================================
[2026-04-03 12:35:46] STARTING CROSS-VALIDATION
[2026-04-03 12:35:46] ======================================================================
[2026-04-03 12:35:46] Subjects:      [51]
[2026-04-03 12:35:46] CV folds:      5
[2026-04-03 12:35:46] Batch size:    16
[2026-04-03 12:35:46] Max epochs:    5000
[2026-04-03 12:35:46] Device:        mps
[2026-04-03 12:35:46] Seed control:  True
[2026-04-03 12:35:46] Base seed:     5
[2026-04-03 12:35:46] ======================================================================

[2026-04-03 12:35:46] Subject 51: 200 windows | class_counts=[50, 50, 50, 50]
[2026-04-03 12:35:46]   Fold 1 class counts: train=[32, 32, 32, 32] val=[8, 8, 8, 8] test=[10, 10, 10, 10]
[2026-04-03 12:35:46]   Fold 2 class counts: train=[32, 32, 32, 32] val=[8, 8, 8, 8] test=[10, 10, 10, 10]
[2026-04-03 12:35:46]   Fold 3 class counts: train=[32, 32, 32, 32] val=[8, 8, 8, 8] test=[10, 10, 10, 10]
[2026-04-03 12:35:46]   Fold 4 class counts: train=[32, 32, 32, 32] val=[8, 8, 8, 8] test=[10, 10, 10, 10]
[2026-04-03 12:35:46]   Fold 5 class counts: train=[32, 32, 32, 32] val=[8, 8, 8, 8] test=[10, 10, 10, 10]
[2026-04-03 12:35:46]     Train class counts: [32, 32, 32, 32]
[2026-04-03 12:35:46]     Val class counts:   [8, 8, 8, 8]
[2026-04-03 12:35:46]     Test class counts:  [10, 10, 10, 10]
[2026-04-03 12:35:46] Building model with input window duration: 4.1875 s
[2026-04-03 12:35:46] Pretrained weight loading:
[2026-04-03 12:35:46]   Downloaded keys:        179
[2026-04-03 12:35:46]   Filtered (transformer): 172
[2026-04-03 12:35:46]   Filtered (pos_encoder): 0
[2026-04-03 12:35:46]   Keys to load:           7
[2026-04-03 12:35:46]   Missing keys:           4
[2026-04-03 12:35:46]   Unexpected keys:        0
[2026-04-03 12:35:46]   Missing preview:        ['spatial_conv.1.weight', 'spatial_conv.1.bias', 'final_layer.1.weight', 'final_layer.1.bias']
[2026-04-03 12:35:46]   Unexpected preview:     []
[2026-04-03 12:35:46] Trainable modules: spatial_conv + final_layer (4,352 / 18,192 params, 23.9%)
[2026-04-03 12:35:46]   - final_layer.1.bias
[2026-04-03 12:35:46]   - final_layer.1.weight
[2026-04-03 12:35:46]   - spatial_conv.1.bias
[2026-04-03 12:35:46]   - spatial_conv.1.weight
[2026-04-03 12:35:54]   Fold 1/5 | best_epoch=28 | stop=78 | val_loss=1.2731 | acc=0.3500 | bal_acc=0.3500
[2026-04-03 12:35:54]     Train class counts: [32, 32, 32, 32]
[2026-04-03 12:35:54]     Val class counts:   [8, 8, 8, 8]
[2026-04-03 12:35:54]     Test class counts:  [10, 10, 10, 10]
[2026-04-03 12:35:54] Building model with input window duration: 4.1875 s
[2026-04-03 12:35:54] Pretrained weight loading:
[2026-04-03 12:35:54]   Downloaded keys:        179
[2026-04-03 12:35:54]   Filtered (transformer): 172
[2026-04-03 12:35:54]   Filtered (pos_encoder): 0
[2026-04-03 12:35:54]   Keys to load:           7
[2026-04-03 12:35:54]   Missing keys:           4
[2026-04-03 12:35:54]   Unexpected keys:        0
[2026-04-03 12:35:54]   Missing preview:        ['spatial_conv.1.weight', 'spatial_conv.1.bias', 'final_layer.1.weight', 'final_layer.1.bias']
[2026-04-03 12:35:54]   Unexpected preview:     []
[2026-04-03 12:36:03]   Fold 2/5 | best_epoch=38 | stop=88 | val_loss=1.2281 | acc=0.5500 | bal_acc=0.5500
[2026-04-03 12:36:03]     Train class counts: [32, 32, 32, 32]
[2026-04-03 12:36:03]     Val class counts:   [8, 8, 8, 8]
[2026-04-03 12:36:03]     Test class counts:  [10, 10, 10, 10]
[2026-04-03 12:36:03] Building model with input window duration: 4.1875 s
[2026-04-03 12:36:03] Pretrained weight loading:
[2026-04-03 12:36:03]   Downloaded keys:        179
[2026-04-03 12:36:03]   Filtered (transformer): 172
[2026-04-03 12:36:03]   Filtered (pos_encoder): 0
[2026-04-03 12:36:03]   Keys to load:           7
[2026-04-03 12:36:03]   Missing keys:           4
[2026-04-03 12:36:03]   Unexpected keys:        0
[2026-04-03 12:36:03]   Missing preview:        ['spatial_conv.1.weight', 'spatial_conv.1.bias', 'final_layer.1.weight', 'final_layer.1.bias']
[2026-04-03 12:36:03]   Unexpected preview:     []
[2026-04-03 12:36:10]   Fold 3/5 | best_epoch=25 | stop=75 | val_loss=1.3238 | acc=0.3250 | bal_acc=0.3250
[2026-04-03 12:36:10]     Train class counts: [32, 32, 32, 32]
[2026-04-03 12:36:10]     Val class counts:   [8, 8, 8, 8]
[2026-04-03 12:36:10]     Test class counts:  [10, 10, 10, 10]
[2026-04-03 12:36:10] Building model with input window duration: 4.1875 s
[2026-04-03 12:36:10] Pretrained weight loading:
[2026-04-03 12:36:10]   Downloaded keys:        179
[2026-04-03 12:36:10]   Filtered (transformer): 172
[2026-04-03 12:36:10]   Filtered (pos_encoder): 0
[2026-04-03 12:36:10]   Keys to load:           7
[2026-04-03 12:36:10]   Missing keys:           4
[2026-04-03 12:36:10]   Unexpected keys:        0
[2026-04-03 12:36:10]   Missing preview:        ['spatial_conv.1.weight', 'spatial_conv.1.bias', 'final_layer.1.weight', 'final_layer.1.bias']
[2026-04-03 12:36:10]   Unexpected preview:     []
[2026-04-03 12:36:24]   Fold 4/5 | best_epoch=101 | stop=151 | val_loss=1.2113 | acc=0.5000 | bal_acc=0.5000
[2026-04-03 12:36:24]     Train class counts: [32, 32, 32, 32]
[2026-04-03 12:36:24]     Val class counts:   [8, 8, 8, 8]
[2026-04-03 12:36:24]     Test class counts:  [10, 10, 10, 10]
[2026-04-03 12:36:24] Building model with input window duration: 4.1875 s
[2026-04-03 12:36:24] Pretrained weight loading:
[2026-04-03 12:36:24]   Downloaded keys:        179
[2026-04-03 12:36:24]   Filtered (transformer): 172
[2026-04-03 12:36:24]   Filtered (pos_encoder): 0
[2026-04-03 12:36:24]   Keys to load:           7
[2026-04-03 12:36:24]   Missing keys:           4
[2026-04-03 12:36:24]   Unexpected keys:        0
[2026-04-03 12:36:24]   Missing preview:        ['spatial_conv.1.weight', 'spatial_conv.1.bias', 'final_layer.1.weight', 'final_layer.1.bias']
[2026-04-03 12:36:24]   Unexpected preview:     []
[2026-04-03 12:36:32]   Fold 5/5 | best_epoch=33 | stop=83 | val_loss=1.3523 | acc=0.4000 | bal_acc=0.4000
[2026-04-03 12:36:32]   Subject 51 summary: acc=0.4250±0.0866  bal_acc=0.4250±0.0866

[2026-04-03 12:36:32] Total folds completed: 5
[2026-04-03 12:36:32] ======================================================================
[2026-04-03 12:36:32] AGGREGATED RESULTS
[2026-04-03 12:36:32] ======================================================================
[2026-04-03 12:36:32]   Subject 51:  acc=0.4250±0.0866  bal_acc=0.4250±0.0866
[2026-04-03 12:36:32] ----------------------------------------------------------------------
[2026-04-03 12:36:32]   OVERALL:      acc=0.4250±0.0866  bal_acc=0.4250±0.0866
[2026-04-03 12:36:32] ======================================================================
[2026-04-03 12:36:32] CV results saved to:      /Users/vadim/Documents/School/Spring 2026/CSCE A698 Individual Research/EEG_JEPA/artifacts/lee-2019-fine-tuning/SSVEP/20260403_1235_49e9430f/cv_results.json
[2026-04-03 12:36:32] Subject metrics saved to: /Users/vadim/Documents/School/Spring 2026/CSCE A698 Individual Research/EEG_JEPA/artifacts/lee-2019-fine-tuning/SSVEP/20260403_1235_49e9430f/subject_metrics.json
[2026-04-03 12:36:32] Global metrics saved to:  /Users/vadim/Documents/School/Spring 2026/CSCE A698 Individual Research/EEG_JEPA/artifacts/lee-2019-fine-tuning/SSVEP/20260403_1235_49e9430f/global_metrics.json
[2026-04-03 12:36:32] Run metadata saved to:    /Users/vadim/Documents/School/Spring 2026/CSCE A698 Individual Research/EEG_JEPA/artifacts/lee-2019-fine-tuning/SSVEP/20260403_1235_49e9430f/run_metadata.json

[2026-04-03 12:36:32] All artifacts in: /Users/vadim/Documents/School/Spring 2026/CSCE A698 Individual Research/EEG_JEPA/artifacts/lee-2019-fine-tuning/SSVEP/20260403_1235_49e9430f

[2026-04-03 12:36:32] ======================================================================
[2026-04-03 12:36:32] EXPERIMENT SUMMARY
[2026-04-03 12:36:32] ======================================================================
[2026-04-03 12:36:32] Run ID:    20260403_1235_49e9430f
[2026-04-03 12:36:32] Artifacts: /Users/vadim/Documents/School/Spring 2026/CSCE A698 Individual Research/EEG_JEPA/artifacts/lee-2019-fine-tuning/SSVEP/20260403_1235_49e9430f

[2026-04-03 12:36:32] Configuration:
[2026-04-03 12:36:32]   Subjects:          [51]
[2026-04-03 12:36:32]   Bandpass:          0.5-40.0 Hz
[2026-04-03 12:36:32]   Resample:          128 Hz
[2026-04-03 12:36:32]   CV folds:          5
[2026-04-03 12:36:32]   Learning rate:     0.005
[2026-04-03 12:36:32]   Batch size:        16
[2026-04-03 12:36:32]   Max epochs:        5000

[2026-04-03 12:36:32] Results:
[2026-04-03 12:36:32]   Mean Accuracy:          0.4250 ± 0.0866
[2026-04-03 12:36:32]   Mean Balanced Accuracy: 0.4250 ± 0.0866
