[2026-04-01 10:08:39] Using device: cpu
[2026-04-01 10:08:39] Seed control enabled: True
[2026-04-01 10:08:39] Base seed: 3017
[2026-04-01 10:08:39] Seed initialized: 3017
[2026-04-01 10:08:39] ======================================================================
[2026-04-01 10:08:39] CONFIGURATION
[2026-04-01 10:08:39] ======================================================================
[2026-04-01 10:08:39]   artifact_dir: /home/vegorov/Repos/eeg_jepa_research/artifacts/lee-2019-fine-tuning
[2026-04-01 10:08:39]   bandpass_high: 40.0
[2026-04-01 10:08:39]   bandpass_low: 0.5
[2026-04-01 10:08:39]   batch_size: 8
[2026-04-01 10:08:39]   convert_to_uV: True
[2026-04-01 10:08:39]   cv_folds: 5
[2026-04-01 10:08:39]   device: auto
[2026-04-01 10:08:39]   early_stopping_patience: 50
[2026-04-01 10:08:39]   learning_rate: 0.001
[2026-04-01 10:08:39]   n_epochs: 5000
[2026-04-01 10:08:39]   normalization_method: zscore
[2026-04-01 10:08:39]   normalize: True
[2026-04-01 10:08:39]   paradigm: SSVEP
[2026-04-01 10:08:39]   pretrained_url: https://huggingface.co/braindecode/SignalJEPA/resolve/main/signal-jepa_16s-60_adeuwv4s.pth
[2026-04-01 10:08:39]   seed: 3017
[2026-04-01 10:08:39]   set_seed: True
[2026-04-01 10:08:39]   sfreq: 128
[2026-04-01 10:08:39]   subjects_to_use: [51]
[2026-04-01 10:08:39]   val_split: 0.2
[2026-04-01 10:08:39] ======================================================================
[2026-04-01 10:08:39] Config saved to: /home/vegorov/Repos/eeg_jepa_research/artifacts/lee-2019-fine-tuning/SSVEP/20260401_1008_b72d8e39/config.json
[2026-04-01 10:08:39] Epoch window configuration:
[2026-04-01 10:08:39]   Target sfreq:                128 Hz
[2026-04-01 10:08:39]   Target duration:             4.190000 s
[2026-04-01 10:08:39]   Window samples (rounded):    536
[2026-04-01 10:08:39]   Base trial samples (4.0 s):  512
[2026-04-01 10:08:39]   Trial stop offset samples:   24
[2026-04-01 10:08:39]   Effective window duration:   4.187500 s
[2026-04-01 10:08:39] Using specified subjects from config: [51]
[2026-04-01 10:08:39] Selected subjects: [51]
[2026-04-01 10:08:39] Expected evaluation folds: 5

[2026-04-01 10:08:39] Building MOABBDataset for Lee2019_SSVEP...
[2026-04-01 10:08:48] MOABBDataset recordings loaded: 1
[2026-04-01 10:08:48] Discovered annotation descriptions (first recording): [np.str_('12.0'), np.str_('5.45'), np.str_('6.67'), np.str_('8.57')]
[2026-04-01 10:08:48] Dataset event_id mapping: {'12.0': 1, '8.57': 2, '6.67': 3, '5.45': 4}
[2026-04-01 10:08:48] Label map (event_code -> class_index): {1: 0, 2: 1, 3: 2, 4: 3}
[2026-04-01 10:08:48] Applying Braindecode preprocessors to MOABBDataset...
[2026-04-01 10:08:51] Preprocessing complete.

[2026-04-01 10:08:51] Post-preprocessing validation
[2026-04-01 10:08:51]   Recordings in DATASET: 1
[2026-04-01 10:08:51]   Unique subject IDs:    ['51']
[2026-04-01 10:08:51]   sfreq (first rec):     128.0 Hz
[2026-04-01 10:08:51]   EEG channel count:     62
[2026-04-01 10:08:51]   First 10 channels:     ['Fp1', 'Fp2', 'F7', 'F3', 'Fz', 'F4', 'F8', 'FC5', 'FC1', 'FC2']
[2026-04-01 10:08:51] Channel consistency summary:
[2026-04-01 10:08:51]   Checked runs: 1
[2026-04-01 10:08:51]   Unique channel counts: [62]
[2026-04-01 10:08:51]   Channel order consistent: True
[2026-04-01 10:08:51] Validated EEG channels: 62
[2026-04-01 10:08:51] First 10 EEG channels: ['Fp1', 'Fp2', 'F7', 'F3', 'Fz', 'F4', 'F8', 'FC5', 'FC1', 'FC2']
[2026-04-01 10:08:51] raw mean_abs=6.332631e-01
[2026-04-01 10:08:51] raw std=1.000000e+00
[2026-04-01 10:08:51] raw first5 channel std= [1. 1. 1. 1. 1.]
[2026-04-01 10:08:51] Requested window samples: 536
[2026-04-01 10:08:51] Base trial samples:       512
[2026-04-01 10:08:51] Stop offset samples:      24
[2026-04-01 10:08:51] Global class counts: [25, 25, 25, 25]
[2026-04-01 10:08:51] Chance level (4-class): 0.25
[2026-04-01 10:08:51] One window shape: (62, 536)
[2026-04-01 10:08:51] One window label: 1
[2026-04-01 10:08:51] Window sample length expected=536, got=536
[2026-04-01 10:08:51] Subjects in window split: [51]
[2026-04-01 10:08:51] Summarizing per-subject windows...
[2026-04-01 10:08:51]   Subject 51: n_windows=100, window_shape=(62, 536), class_counts=[25, 25, 25, 25]
[2026-04-01 10:08:51]    subject_id  n_windows  n_channels  n_times      class_counts
0          51        100          62      536  [25, 25, 25, 25]
[2026-04-01 10:08:51] Window validation summary:
[2026-04-01 10:08:51]   Subject 51: n_windows=100 class_counts=[25, 25, 25, 25]

[2026-04-01 10:08:51] Validated sampling rate target: 128 Hz
[2026-04-01 10:08:51] Validated window sample count:   536
[2026-04-01 10:08:51] Validated window duration:       4.1875 s
[2026-04-01 10:08:51] Validated channel count:         62
[2026-04-01 10:08:51] Total windows retained:          100
[2026-04-01 10:08:51] Preprocessing sanity checks:
[2026-04-01 10:08:51]   One sample label: 1
[2026-04-01 10:08:51]   One sample shape: (62, 536)
[2026-04-01 10:08:51]   Mean(abs(signal)): 3.408678e-01
[2026-04-01 10:08:51]   Mean(signal):      -3.805435e-03
[2026-04-01 10:08:51]   Std(signal):       4.501492e-01
[2026-04-01 10:08:51] Building model with input window duration: 4.1875 s
[2026-04-01 10:08:51] SignalJEPA_PreLocal instantiated successfully.
[2026-04-01 10:08:51]   Total parameters:     18,192
[2026-04-01 10:08:51]   Trainable parameters: 18,192
[2026-04-01 10:08:51] ======================================================================================================================================================
Layer (type (var_name):depth-idx)                  Input Shape               Output Shape              Param #                   Kernel Shape
======================================================================================================================================================
SignalJEPA_PreLocal (SignalJEPA_PreLocal)          [1, 62, 536]              [1, 4]                    --                        --
├─Sequential (spatial_conv): 1-1                   [1, 62, 536]              [1, 4, 536]               --                        --
│    └─Rearrange (0): 2-1                          [1, 62, 536]              [1, 1, 62, 536]           --                        --
│    └─Conv2d (1): 2-2                             [1, 1, 62, 536]           [1, 4, 1, 536]            252                       [62, 1]
│    └─Rearrange (2): 2-3                          [1, 4, 1, 536]            [1, 4, 536]               --                        --
├─_ConvFeatureEncoder (feature_encoder): 1-2       [1, 4, 536]               [1, 16, 64]               --                        --
│    └─Rearrange (0): 2-4                          [1, 4, 536]               [4, 1, 536]               --                        --
│    └─Sequential (1): 2-5                         [4, 1, 536]               [4, 8, 64]                --                        --
│    │    └─Conv1d (0): 3-1                        [4, 1, 536]               [4, 8, 64]                256                       [32]
│    │    └─Dropout (1): 3-2                       [4, 8, 64]                [4, 8, 64]                --                        --
│    │    └─GroupNorm (2): 3-3                     [4, 8, 64]                [4, 8, 64]                16                        --
│    │    └─GELU (3): 3-4                          [4, 8, 64]                [4, 8, 64]                --                        --
│    └─Sequential (2): 2-6                         [4, 8, 64]                [4, 16, 32]               --                        --
│    │    └─Conv1d (0): 3-5                        [4, 8, 64]                [4, 16, 32]               256                       [2]
│    │    └─Dropout (1): 3-6                       [4, 16, 32]               [4, 16, 32]               --                        --
│    │    └─GELU (2): 3-7                          [4, 16, 32]               [4, 16, 32]               --                        --
│    └─Sequential (3): 2-7                         [4, 16, 32]               [4, 32, 16]               --                        --
│    │    └─Conv1d (0): 3-8                        [4, 16, 32]               [4, 32, 16]               1,024                     [2]
│    │    └─Dropout (1): 3-9                       [4, 32, 16]               [4, 32, 16]               --                        --
│    │    └─GELU (2): 3-10                         [4, 32, 16]               [4, 32, 16]               --                        --
│    └─Sequential (4): 2-8                         [4, 32, 16]               [4, 64, 8]                --                        --
│    │    └─Conv1d (0): 3-11                       [4, 32, 16]               [4, 64, 8]                4,096                     [2]
│    │    └─Dropout (1): 3-12                      [4, 64, 8]                [4, 64, 8]                --                        --
│    │    └─GELU (2): 3-13                         [4, 64, 8]                [4, 64, 8]                --                        --
│    └─Sequential (5): 2-9                         [4, 64, 8]                [4, 64, 4]                --                        --
│    │    └─Conv1d (0): 3-14                       [4, 64, 8]                [4, 64, 4]                8,192                     [2]
│    │    └─Dropout (1): 3-15                      [4, 64, 4]                [4, 64, 4]                --                        --
│    │    └─GELU (2): 3-16                         [4, 64, 4]                [4, 64, 4]                --                        --
│    └─Rearrange (6): 2-10                         [4, 64, 4]                [1, 16, 64]               --                        --
├─Sequential (final_layer): 1-3                    [1, 16, 64]               [1, 4]                    --                        --
│    └─Flatten (0): 2-11                           [1, 16, 64]               [1, 1024]                 --                        --
│    └─Linear (1): 2-12                            [1, 1024]                 [1, 4]                    4,100                     --
======================================================================================================================================================
Total params: 18,192
Trainable params: 18,192
Non-trainable params: 0
Total mult-adds (Units.MEGABYTES): 0.57
======================================================================================================================================================
Input size (MB): 0.13
Forward/backward pass size (MB): 0.11
Params size (MB): 0.07
Estimated Total Size (MB): 0.31
======================================================================================================================================================
[2026-04-01 10:08:51] Initializing from 16s-60 pretrained checkpoint (Hugging Face):
[2026-04-01 10:08:51]   https://huggingface.co/braindecode/SignalJEPA/resolve/main/signal-jepa_16s-60_adeuwv4s.pth
[2026-04-01 10:08:51]   Downloaded 179 keys
[2026-04-01 10:08:51] ======================================================================
[2026-04-01 10:08:51] STARTING CROSS-VALIDATION
[2026-04-01 10:08:51] ======================================================================
[2026-04-01 10:08:51] Subjects:      [51]
[2026-04-01 10:08:51] CV folds:      5
[2026-04-01 10:08:51] Batch size:    8
[2026-04-01 10:08:51] Max epochs:    5000
[2026-04-01 10:08:51] Device:        cpu
[2026-04-01 10:08:51] Seed control:  True
[2026-04-01 10:08:51] Base seed:     3017
[2026-04-01 10:08:51] ======================================================================

[2026-04-01 10:08:51] Subject 51: 100 windows class_counts=[25, 25, 25, 25]
[2026-04-01 10:08:51]   Fold 1 split seed: 3018
[2026-04-01 10:08:51]   Fold 1 split class counts:
[2026-04-01 10:08:51]     train=[16, 16, 16, 16] val=[4, 4, 4, 4] test=[5, 5, 5, 5]
[2026-04-01 10:08:51]   Fold 2 split seed: 3019
[2026-04-01 10:08:51]   Fold 2 split class counts:
[2026-04-01 10:08:51]     train=[16, 16, 16, 16] val=[4, 4, 4, 4] test=[5, 5, 5, 5]
[2026-04-01 10:08:51]   Fold 3 split seed: 3020
[2026-04-01 10:08:51]   Fold 3 split class counts:
[2026-04-01 10:08:51]     train=[16, 16, 16, 16] val=[4, 4, 4, 4] test=[5, 5, 5, 5]
[2026-04-01 10:08:51]   Fold 4 split seed: 3021
[2026-04-01 10:08:51]   Fold 4 split class counts:
[2026-04-01 10:08:51]     train=[16, 16, 16, 16] val=[4, 4, 4, 4] test=[5, 5, 5, 5]
[2026-04-01 10:08:51]   Fold 5 split seed: 3022
[2026-04-01 10:08:51]   Fold 5 split class counts:
[2026-04-01 10:08:51]     train=[16, 16, 16, 16] val=[4, 4, 4, 4] test=[5, 5, 5, 5]
[2026-04-01 10:08:51]   Subject 51 Fold 1 seed: 8118
[2026-04-01 10:08:51]   Subject 51 Fold 1: n_train=64 n_val=16 n_test=20
[2026-04-01 10:08:51]     Train class counts: [16, 16, 16, 16]
[2026-04-01 10:08:51]     Val class counts:   [4, 4, 4, 4]
[2026-04-01 10:08:51]     Test class counts:  [5, 5, 5, 5]
[2026-04-01 10:08:51] Building model with input window duration: 4.1875 s
[2026-04-01 10:08:51] Pretrained weight loading:
[2026-04-01 10:08:51]   Downloaded keys:        179
[2026-04-01 10:08:51]   Filtered (transformer): 172
[2026-04-01 10:08:51]   Filtered (pos_encoder): 0
[2026-04-01 10:08:51]   Keys to load:           7
[2026-04-01 10:08:51]   Missing keys:           4
[2026-04-01 10:08:51]   Unexpected keys:        0
[2026-04-01 10:08:51]   Missing preview:        ['spatial_conv.1.weight', 'spatial_conv.1.bias', 'final_layer.1.weight', 'final_layer.1.bias']
[2026-04-01 10:08:51]   Unexpected preview:     []
[2026-04-01 10:08:51] Encoder freeze configuration:
[2026-04-01 10:08:51]   Total parameters:        18,192
[2026-04-01 10:08:51]   Trainable parameters:    4,352
[2026-04-01 10:08:51]   Training percentage:     23.9%
[2026-04-01 10:08:51]   Trainable layers: 4
[2026-04-01 10:08:51]     - final_layer.1.bias
[2026-04-01 10:08:51]     - final_layer.1.weight
[2026-04-01 10:08:51]     - spatial_conv.1.bias
[2026-04-01 10:08:51]     - spatial_conv.1.weight
[2026-04-01 10:08:51]     Train generator seeded: True
[2026-04-01 10:08:54]     Stopped epoch:            117
[2026-04-01 10:08:54]     Best epoch (valid_loss):  67
[2026-04-01 10:08:54]     Best valid_loss:          1.370163381099701
[2026-04-01 10:08:54]     Test accuracy (primary):  0.3500
[2026-04-01 10:08:54]     Test balanced acc:        0.3500
[2026-04-01 10:08:54]     Confusion matrix:         [[3, 0, 0, 2], [3, 2, 0, 0], [2, 0, 1, 2], [2, 0, 2, 1]]
[2026-04-01 10:08:54]     Prediction histogram:     [10, 2, 3, 5]
[2026-04-01 10:08:54]     fold_acc=0.3500 fold_bal_acc=0.3500 cm=[[3, 0, 0, 2], [3, 2, 0, 0], [2, 0, 1, 2], [2, 0, 2, 1]]
[2026-04-01 10:08:54]   Subject 51 Fold 2 seed: 8119
[2026-04-01 10:08:54]   Subject 51 Fold 2: n_train=64 n_val=16 n_test=20
[2026-04-01 10:08:54]     Train class counts: [16, 16, 16, 16]
[2026-04-01 10:08:54]     Val class counts:   [4, 4, 4, 4]
[2026-04-01 10:08:54]     Test class counts:  [5, 5, 5, 5]
[2026-04-01 10:08:54] Building model with input window duration: 4.1875 s
[2026-04-01 10:08:54] Pretrained weight loading:
[2026-04-01 10:08:54]   Downloaded keys:        179
[2026-04-01 10:08:54]   Filtered (transformer): 172
[2026-04-01 10:08:54]   Filtered (pos_encoder): 0
[2026-04-01 10:08:54]   Keys to load:           7
[2026-04-01 10:08:54]   Missing keys:           4
[2026-04-01 10:08:54]   Unexpected keys:        0
[2026-04-01 10:08:54]   Missing preview:        ['spatial_conv.1.weight', 'spatial_conv.1.bias', 'final_layer.1.weight', 'final_layer.1.bias']
[2026-04-01 10:08:54]   Unexpected preview:     []
[2026-04-01 10:08:54] Encoder freeze configuration:
[2026-04-01 10:08:54]   Total parameters:        18,192
[2026-04-01 10:08:54]   Trainable parameters:    4,352
[2026-04-01 10:08:54]   Training percentage:     23.9%
[2026-04-01 10:08:54]   Trainable layers: 4
[2026-04-01 10:08:54]     - final_layer.1.bias
[2026-04-01 10:08:54]     - final_layer.1.weight
[2026-04-01 10:08:54]     - spatial_conv.1.bias
[2026-04-01 10:08:54]     - spatial_conv.1.weight
[2026-04-01 10:08:54]     Train generator seeded: True
[2026-04-01 10:08:55]     Stopped epoch:            51
[2026-04-01 10:08:55]     Best epoch (valid_loss):  1
[2026-04-01 10:08:55]     Best valid_loss:          1.3873744010925293
[2026-04-01 10:08:55]     Test accuracy (primary):  0.2000
[2026-04-01 10:08:55]     Test balanced acc:        0.2000
[2026-04-01 10:08:55]     Confusion matrix:         [[0, 4, 0, 1], [0, 2, 0, 3], [1, 3, 0, 1], [0, 3, 0, 2]]
[2026-04-01 10:08:55]     Prediction histogram:     [1, 12, 0, 7]
[2026-04-01 10:08:55]     fold_acc=0.2000 fold_bal_acc=0.2000 cm=[[0, 4, 0, 1], [0, 2, 0, 3], [1, 3, 0, 1], [0, 3, 0, 2]]
[2026-04-01 10:08:55]   Subject 51 Fold 3 seed: 8120
[2026-04-01 10:08:55]   Subject 51 Fold 3: n_train=64 n_val=16 n_test=20
[2026-04-01 10:08:55]     Train class counts: [16, 16, 16, 16]
[2026-04-01 10:08:55]     Val class counts:   [4, 4, 4, 4]
[2026-04-01 10:08:55]     Test class counts:  [5, 5, 5, 5]
[2026-04-01 10:08:55] Building model with input window duration: 4.1875 s
[2026-04-01 10:08:55] Pretrained weight loading:
[2026-04-01 10:08:55]   Downloaded keys:        179
[2026-04-01 10:08:55]   Filtered (transformer): 172
[2026-04-01 10:08:55]   Filtered (pos_encoder): 0
[2026-04-01 10:08:55]   Keys to load:           7
[2026-04-01 10:08:55]   Missing keys:           4
[2026-04-01 10:08:55]   Unexpected keys:        0
[2026-04-01 10:08:55]   Missing preview:        ['spatial_conv.1.weight', 'spatial_conv.1.bias', 'final_layer.1.weight', 'final_layer.1.bias']
[2026-04-01 10:08:55]   Unexpected preview:     []
[2026-04-01 10:08:55] Encoder freeze configuration:
[2026-04-01 10:08:55]   Total parameters:        18,192
[2026-04-01 10:08:55]   Trainable parameters:    4,352
[2026-04-01 10:08:55]   Training percentage:     23.9%
[2026-04-01 10:08:55]   Trainable layers: 4
[2026-04-01 10:08:55]     - final_layer.1.bias
[2026-04-01 10:08:55]     - final_layer.1.weight
[2026-04-01 10:08:55]     - spatial_conv.1.bias
[2026-04-01 10:08:55]     - spatial_conv.1.weight
[2026-04-01 10:08:55]     Train generator seeded: True
[2026-04-01 10:08:56]     Stopped epoch:            51
[2026-04-01 10:08:56]     Best epoch (valid_loss):  1
[2026-04-01 10:08:56]     Best valid_loss:          1.387185513973236
[2026-04-01 10:08:56]     Test accuracy (primary):  0.1500
[2026-04-01 10:08:56]     Test balanced acc:        0.1500
[2026-04-01 10:08:56]     Confusion matrix:         [[0, 5, 0, 0], [0, 3, 1, 1], [0, 4, 0, 1], [0, 5, 0, 0]]
[2026-04-01 10:08:56]     Prediction histogram:     [0, 17, 1, 2]
[2026-04-01 10:08:56]     fold_acc=0.1500 fold_bal_acc=0.1500 cm=[[0, 5, 0, 0], [0, 3, 1, 1], [0, 4, 0, 1], [0, 5, 0, 0]]
[2026-04-01 10:08:56]   Subject 51 Fold 4 seed: 8121
[2026-04-01 10:08:56]   Subject 51 Fold 4: n_train=64 n_val=16 n_test=20
[2026-04-01 10:08:56]     Train class counts: [16, 16, 16, 16]
[2026-04-01 10:08:56]     Val class counts:   [4, 4, 4, 4]
[2026-04-01 10:08:56]     Test class counts:  [5, 5, 5, 5]
[2026-04-01 10:08:56] Building model with input window duration: 4.1875 s
[2026-04-01 10:08:56] Pretrained weight loading:
[2026-04-01 10:08:56]   Downloaded keys:        179
[2026-04-01 10:08:56]   Filtered (transformer): 172
[2026-04-01 10:08:56]   Filtered (pos_encoder): 0
[2026-04-01 10:08:56]   Keys to load:           7
[2026-04-01 10:08:56]   Missing keys:           4
[2026-04-01 10:08:56]   Unexpected keys:        0
[2026-04-01 10:08:56]   Missing preview:        ['spatial_conv.1.weight', 'spatial_conv.1.bias', 'final_layer.1.weight', 'final_layer.1.bias']
[2026-04-01 10:08:56]   Unexpected preview:     []
[2026-04-01 10:08:56] Encoder freeze configuration:
[2026-04-01 10:08:56]   Total parameters:        18,192
[2026-04-01 10:08:56]   Trainable parameters:    4,352
[2026-04-01 10:08:56]   Training percentage:     23.9%
[2026-04-01 10:08:56]   Trainable layers: 4
[2026-04-01 10:08:56]     - final_layer.1.bias
[2026-04-01 10:08:56]     - final_layer.1.weight
[2026-04-01 10:08:56]     - spatial_conv.1.bias
[2026-04-01 10:08:56]     - spatial_conv.1.weight
[2026-04-01 10:08:56]     Train generator seeded: True
[2026-04-01 10:08:57]     Stopped epoch:            102
[2026-04-01 10:08:57]     Best epoch (valid_loss):  52
[2026-04-01 10:08:57]     Best valid_loss:          1.3613731861114502
[2026-04-01 10:08:57]     Test accuracy (primary):  0.2500
[2026-04-01 10:08:57]     Test balanced acc:        0.2500
[2026-04-01 10:08:57]     Confusion matrix:         [[1, 2, 0, 2], [3, 0, 2, 0], [0, 1, 3, 1], [2, 2, 0, 1]]
[2026-04-01 10:08:57]     Prediction histogram:     [6, 5, 5, 4]
[2026-04-01 10:08:57]     fold_acc=0.2500 fold_bal_acc=0.2500 cm=[[1, 2, 0, 2], [3, 0, 2, 0], [0, 1, 3, 1], [2, 2, 0, 1]]
[2026-04-01 10:08:57]   Subject 51 Fold 5 seed: 8122
[2026-04-01 10:08:57]   Subject 51 Fold 5: n_train=64 n_val=16 n_test=20
[2026-04-01 10:08:57]     Train class counts: [16, 16, 16, 16]
[2026-04-01 10:08:57]     Val class counts:   [4, 4, 4, 4]
[2026-04-01 10:08:57]     Test class counts:  [5, 5, 5, 5]
[2026-04-01 10:08:57] Building model with input window duration: 4.1875 s
[2026-04-01 10:08:57] Pretrained weight loading:
[2026-04-01 10:08:57]   Downloaded keys:        179
[2026-04-01 10:08:57]   Filtered (transformer): 172
[2026-04-01 10:08:57]   Filtered (pos_encoder): 0
[2026-04-01 10:08:57]   Keys to load:           7
[2026-04-01 10:08:57]   Missing keys:           4
[2026-04-01 10:08:57]   Unexpected keys:        0
[2026-04-01 10:08:57]   Missing preview:        ['spatial_conv.1.weight', 'spatial_conv.1.bias', 'final_layer.1.weight', 'final_layer.1.bias']
[2026-04-01 10:08:57]   Unexpected preview:     []
[2026-04-01 10:08:57] Encoder freeze configuration:
[2026-04-01 10:08:57]   Total parameters:        18,192
[2026-04-01 10:08:57]   Trainable parameters:    4,352
[2026-04-01 10:08:57]   Training percentage:     23.9%
[2026-04-01 10:08:57]   Trainable layers: 4
[2026-04-01 10:08:57]     - final_layer.1.bias
[2026-04-01 10:08:57]     - final_layer.1.weight
[2026-04-01 10:08:57]     - spatial_conv.1.bias
[2026-04-01 10:08:57]     - spatial_conv.1.weight
[2026-04-01 10:08:57]     Train generator seeded: True
[2026-04-01 10:08:59]     Stopped epoch:            66
[2026-04-01 10:08:59]     Best epoch (valid_loss):  16
[2026-04-01 10:08:59]     Best valid_loss:          1.382164478302002
[2026-04-01 10:08:59]     Test accuracy (primary):  0.3500
[2026-04-01 10:08:59]     Test balanced acc:        0.3500
[2026-04-01 10:08:59]     Confusion matrix:         [[0, 0, 2, 3], [0, 2, 0, 3], [0, 1, 3, 1], [1, 1, 1, 2]]
[2026-04-01 10:08:59]     Prediction histogram:     [1, 4, 6, 9]
[2026-04-01 10:08:59]     fold_acc=0.3500 fold_bal_acc=0.3500 cm=[[0, 0, 2, 3], [0, 2, 0, 3], [0, 1, 3, 1], [1, 1, 1, 2]]
[2026-04-01 10:08:59]   Subject 51 mean accuracy: 0.2600

[2026-04-01 10:08:59] Total folds completed: 5
[2026-04-01 10:08:59] ======================================================================
[2026-04-01 10:08:59] AGGREGATED RESULTS
[2026-04-01 10:08:59] ======================================================================
[2026-04-01 10:08:59]   Subject 51:  acc=0.2600±0.0800  bal_acc=0.2600±0.0800
[2026-04-01 10:08:59] ----------------------------------------------------------------------
[2026-04-01 10:08:59]   OVERALL:      acc=0.2600±0.0800  bal_acc=0.2600±0.0800
[2026-04-01 10:08:59] ======================================================================
[2026-04-01 10:08:59] CV results saved to:      /home/vegorov/Repos/eeg_jepa_research/artifacts/lee-2019-fine-tuning/SSVEP/20260401_1008_b72d8e39/cv_results.json
[2026-04-01 10:08:59] Subject metrics saved to: /home/vegorov/Repos/eeg_jepa_research/artifacts/lee-2019-fine-tuning/SSVEP/20260401_1008_b72d8e39/subject_metrics.json
[2026-04-01 10:08:59] Global metrics saved to:  /home/vegorov/Repos/eeg_jepa_research/artifacts/lee-2019-fine-tuning/SSVEP/20260401_1008_b72d8e39/global_metrics.json
[2026-04-01 10:08:59] Run metadata saved to:    /home/vegorov/Repos/eeg_jepa_research/artifacts/lee-2019-fine-tuning/SSVEP/20260401_1008_b72d8e39/run_metadata.json

[2026-04-01 10:08:59] All artifacts in: /home/vegorov/Repos/eeg_jepa_research/artifacts/lee-2019-fine-tuning/SSVEP/20260401_1008_b72d8e39

[2026-04-01 10:08:59] ======================================================================
[2026-04-01 10:08:59] EXPERIMENT SUMMARY
[2026-04-01 10:08:59] ======================================================================
[2026-04-01 10:08:59] Run ID:    20260401_1008_b72d8e39
[2026-04-01 10:08:59] Artifacts: /home/vegorov/Repos/eeg_jepa_research/artifacts/lee-2019-fine-tuning/SSVEP/20260401_1008_b72d8e39

[2026-04-01 10:08:59] Configuration:
[2026-04-01 10:08:59]   Subjects:          [51]
[2026-04-01 10:08:59]   Bandpass:          0.5-40.0 Hz
[2026-04-01 10:08:59]   Resample:          128 Hz
[2026-04-01 10:08:59]   CV folds:          5
[2026-04-01 10:08:59]   Learning rate:     0.001
[2026-04-01 10:08:59]   Batch size:        8
[2026-04-01 10:08:59]   Max epochs:        5000

[2026-04-01 10:08:59] Results:
[2026-04-01 10:08:59]   Mean Accuracy:          0.2600 ± 0.0800
[2026-04-01 10:08:59]   Mean Balanced Accuracy: 0.2600 ± 0.0800
