[2026-03-31 18:13:14] Using device: cpu
[2026-03-31 18:13:14] Seed control enabled: True
[2026-03-31 18:13:14] Base seed: 502
[2026-03-31 18:13:15] Seed initialized: 502
[2026-03-31 18:13:15] ======================================================================
[2026-03-31 18:13:15] CONFIGURATION
[2026-03-31 18:13:15] ======================================================================
[2026-03-31 18:13:15]   artifact_dir: /home/vegorov/Repos/eeg_jepa_research/artifacts/lee-2019-fine-tuning
[2026-03-31 18:13:15]   bandpass_high: 40.0
[2026-03-31 18:13:15]   bandpass_low: 0.5
[2026-03-31 18:13:15]   batch_size: 16
[2026-03-31 18:13:15]   convert_to_uV: True
[2026-03-31 18:13:15]   cv_folds: 5
[2026-03-31 18:13:15]   device: auto
[2026-03-31 18:13:15]   early_stopping_patience: 50
[2026-03-31 18:13:15]   learning_rate: 0.001
[2026-03-31 18:13:15]   n_epochs: 5000
[2026-03-31 18:13:15]   normalization_method: robust
[2026-03-31 18:13:15]   normalize: True
[2026-03-31 18:13:15]   paradigm: SSVEP
[2026-03-31 18:13:15]   pretrained_url: https://huggingface.co/braindecode/SignalJEPA/resolve/main/signal-jepa_16s-60_adeuwv4s.pth
[2026-03-31 18:13:15]   seed: 502
[2026-03-31 18:13:15]   set_seed: True
[2026-03-31 18:13:15]   sfreq: 128
[2026-03-31 18:13:15]   subjects_to_use: [51]
[2026-03-31 18:13:15]   val_split: 0.2
[2026-03-31 18:13:15] ======================================================================
[2026-03-31 18:13:15] Config saved to: /home/vegorov/Repos/eeg_jepa_research/artifacts/lee-2019-fine-tuning/SSVEP/20260331_1813_4b3374c3/config.json
[2026-03-31 18:13:15] Epoch window configuration:
[2026-03-31 18:13:15]   Target sfreq:                128 Hz
[2026-03-31 18:13:15]   Target duration:             4.190000 s
[2026-03-31 18:13:15]   Window samples (rounded):    536
[2026-03-31 18:13:15]   Base trial samples (4.0 s):  512
[2026-03-31 18:13:15]   Trial stop offset samples:   24
[2026-03-31 18:13:15]   Effective window duration:   4.187500 s
[2026-03-31 18:13:15] Using specified subjects from config: [51]
[2026-03-31 18:13:15] Selected subjects: [51]
[2026-03-31 18:13:15] Expected evaluation folds: 5

[2026-03-31 18:13:15] Building MOABBDataset for Lee2019_SSVEP...
[2026-03-31 18:13:23] MOABBDataset recordings loaded: 1
[2026-03-31 18:13:23] Discovered annotation descriptions (first recording): [np.str_('12.0'), np.str_('5.45'), np.str_('6.67'), np.str_('8.57')]
[2026-03-31 18:13:23] Dataset event_id mapping: {'12.0': 1, '8.57': 2, '6.67': 3, '5.45': 4}
[2026-03-31 18:13:23] Label map (event_code -> class_index): {1: 0, 2: 1, 3: 2, 4: 3}
[2026-03-31 18:13:23] Applying Braindecode preprocessors to MOABBDataset...
[2026-03-31 18:13:26] Preprocessing complete.

[2026-03-31 18:13:26] Post-preprocessing validation
[2026-03-31 18:13:26]   Recordings in DATASET: 1
[2026-03-31 18:13:26]   Unique subject IDs:    ['51']
[2026-03-31 18:13:26]   sfreq (first rec):     128.0 Hz
[2026-03-31 18:13:26]   EEG channel count:     62
[2026-03-31 18:13:26]   First 10 channels:     ['Fp1', 'Fp2', 'F7', 'F3', 'Fz', 'F4', 'F8', 'FC5', 'FC1', 'FC2']
[2026-03-31 18:13:26] Channel consistency summary:
[2026-03-31 18:13:26]   Checked runs: 1
[2026-03-31 18:13:26]   Unique channel counts: [62]
[2026-03-31 18:13:26]   Channel order consistent: True
[2026-03-31 18:13:26] Validated EEG channels: 62
[2026-03-31 18:13:26] First 10 EEG channels: ['Fp1', 'Fp2', 'F7', 'F3', 'Fz', 'F4', 'F8', 'FC5', 'FC1', 'FC2']
[2026-03-31 18:13:27] raw mean_abs=1.622080e+00
[2026-03-31 18:13:27] raw std=6.561666e+00
[2026-03-31 18:13:27] raw first5 channel std= [4.2722204  4.05786443 2.59206901 2.20099952 2.01741192]
[2026-03-31 18:13:27] Requested window samples: 536
[2026-03-31 18:13:27] Base trial samples:       512
[2026-03-31 18:13:27] Stop offset samples:      24
[2026-03-31 18:13:27] Global class counts: [25, 25, 25, 25]
[2026-03-31 18:13:27] Chance level (4-class): 0.25
[2026-03-31 18:13:27] One window shape: (62, 536)
[2026-03-31 18:13:27] One window label: 1
[2026-03-31 18:13:27] Window sample length expected=536, got=536
[2026-03-31 18:13:27] Subjects in window split: [51]
[2026-03-31 18:13:27] Summarizing per-subject windows...
[2026-03-31 18:13:27]   Subject 51: n_windows=100, window_shape=(62, 536), class_counts=[25, 25, 25, 25]
[2026-03-31 18:13:27]    subject_id  n_windows  n_channels  n_times      class_counts
0          51        100          62      536  [25, 25, 25, 25]
[2026-03-31 18:13:27] Window validation summary:
[2026-03-31 18:13:27]   Subject 51: n_windows=100 class_counts=[25, 25, 25, 25]

[2026-03-31 18:13:27] Validated sampling rate target: 128 Hz
[2026-03-31 18:13:27] Validated window sample count:   536
[2026-03-31 18:13:27] Validated window duration:       4.1875 s
[2026-03-31 18:13:27] Validated channel count:         62
[2026-03-31 18:13:27] Total windows retained:          100
[2026-03-31 18:13:27] Preprocessing sanity checks:
[2026-03-31 18:13:27]   One sample label: 1
[2026-03-31 18:13:27]   One sample shape: (62, 536)
[2026-03-31 18:13:27]   Mean(abs(signal)): 7.903458e-01
[2026-03-31 18:13:27]   Mean(signal):      5.807917e-03
[2026-03-31 18:13:27]   Std(signal):       1.030406e+00
[2026-03-31 18:13:27] Building model with input window duration: 4.1875 s
[2026-03-31 18:13:27] SignalJEPA_PreLocal instantiated successfully.
[2026-03-31 18:13:27]   Total parameters:     18,192
[2026-03-31 18:13:27]   Trainable parameters: 18,192
[2026-03-31 18:13:27] ======================================================================================================================================================
Layer (type (var_name):depth-idx)                  Input Shape               Output Shape              Param #                   Kernel Shape
======================================================================================================================================================
SignalJEPA_PreLocal (SignalJEPA_PreLocal)          [1, 62, 536]              [1, 4]                    --                        --
├─Sequential (spatial_conv): 1-1                   [1, 62, 536]              [1, 4, 536]               --                        --
│    └─Rearrange (0): 2-1                          [1, 62, 536]              [1, 1, 62, 536]           --                        --
│    └─Conv2d (1): 2-2                             [1, 1, 62, 536]           [1, 4, 1, 536]            252                       [62, 1]
│    └─Rearrange (2): 2-3                          [1, 4, 1, 536]            [1, 4, 536]               --                        --
├─_ConvFeatureEncoder (feature_encoder): 1-2       [1, 4, 536]               [1, 16, 64]               --                        --
│    └─Rearrange (0): 2-4                          [1, 4, 536]               [4, 1, 536]               --                        --
│    └─Sequential (1): 2-5                         [4, 1, 536]               [4, 8, 64]                --                        --
│    │    └─Conv1d (0): 3-1                        [4, 1, 536]               [4, 8, 64]                256                       [32]
│    │    └─Dropout (1): 3-2                       [4, 8, 64]                [4, 8, 64]                --                        --
│    │    └─GroupNorm (2): 3-3                     [4, 8, 64]                [4, 8, 64]                16                        --
│    │    └─GELU (3): 3-4                          [4, 8, 64]                [4, 8, 64]                --                        --
│    └─Sequential (2): 2-6                         [4, 8, 64]                [4, 16, 32]               --                        --
│    │    └─Conv1d (0): 3-5                        [4, 8, 64]                [4, 16, 32]               256                       [2]
│    │    └─Dropout (1): 3-6                       [4, 16, 32]               [4, 16, 32]               --                        --
│    │    └─GELU (2): 3-7                          [4, 16, 32]               [4, 16, 32]               --                        --
│    └─Sequential (3): 2-7                         [4, 16, 32]               [4, 32, 16]               --                        --
│    │    └─Conv1d (0): 3-8                        [4, 16, 32]               [4, 32, 16]               1,024                     [2]
│    │    └─Dropout (1): 3-9                       [4, 32, 16]               [4, 32, 16]               --                        --
│    │    └─GELU (2): 3-10                         [4, 32, 16]               [4, 32, 16]               --                        --
│    └─Sequential (4): 2-8                         [4, 32, 16]               [4, 64, 8]                --                        --
│    │    └─Conv1d (0): 3-11                       [4, 32, 16]               [4, 64, 8]                4,096                     [2]
│    │    └─Dropout (1): 3-12                      [4, 64, 8]                [4, 64, 8]                --                        --
│    │    └─GELU (2): 3-13                         [4, 64, 8]                [4, 64, 8]                --                        --
│    └─Sequential (5): 2-9                         [4, 64, 8]                [4, 64, 4]                --                        --
│    │    └─Conv1d (0): 3-14                       [4, 64, 8]                [4, 64, 4]                8,192                     [2]
│    │    └─Dropout (1): 3-15                      [4, 64, 4]                [4, 64, 4]                --                        --
│    │    └─GELU (2): 3-16                         [4, 64, 4]                [4, 64, 4]                --                        --
│    └─Rearrange (6): 2-10                         [4, 64, 4]                [1, 16, 64]               --                        --
├─Sequential (final_layer): 1-3                    [1, 16, 64]               [1, 4]                    --                        --
│    └─Flatten (0): 2-11                           [1, 16, 64]               [1, 1024]                 --                        --
│    └─Linear (1): 2-12                            [1, 1024]                 [1, 4]                    4,100                     --
======================================================================================================================================================
Total params: 18,192
Trainable params: 18,192
Non-trainable params: 0
Total mult-adds (Units.MEGABYTES): 0.57
======================================================================================================================================================
Input size (MB): 0.13
Forward/backward pass size (MB): 0.11
Params size (MB): 0.07
Estimated Total Size (MB): 0.31
======================================================================================================================================================
[2026-03-31 18:13:27] Initializing from 16s-60 pretrained checkpoint (Hugging Face):
[2026-03-31 18:13:27]   https://huggingface.co/braindecode/SignalJEPA/resolve/main/signal-jepa_16s-60_adeuwv4s.pth
[2026-03-31 18:13:27]   Downloaded 179 keys
[2026-03-31 18:13:27] ======================================================================
[2026-03-31 18:13:27] STARTING CROSS-VALIDATION
[2026-03-31 18:13:27] ======================================================================
[2026-03-31 18:13:27] Subjects:      [51]
[2026-03-31 18:13:27] CV folds:      5
[2026-03-31 18:13:27] Batch size:    16
[2026-03-31 18:13:27] Max epochs:    5000
[2026-03-31 18:13:27] Device:        cpu
[2026-03-31 18:13:27] Seed control:  True
[2026-03-31 18:13:27] Base seed:     502
[2026-03-31 18:13:27] ======================================================================

[2026-03-31 18:13:27] Subject 51: 100 windows class_counts=[25, 25, 25, 25]
[2026-03-31 18:13:27]   Fold 1 split seed: 503
[2026-03-31 18:13:27]   Fold 1 split class counts:
[2026-03-31 18:13:27]     train=[16, 16, 16, 16] val=[4, 4, 4, 4] test=[5, 5, 5, 5]
[2026-03-31 18:13:27]   Fold 2 split seed: 504
[2026-03-31 18:13:27]   Fold 2 split class counts:
[2026-03-31 18:13:27]     train=[16, 16, 16, 16] val=[4, 4, 4, 4] test=[5, 5, 5, 5]
[2026-03-31 18:13:27]   Fold 3 split seed: 505
[2026-03-31 18:13:27]   Fold 3 split class counts:
[2026-03-31 18:13:27]     train=[16, 16, 16, 16] val=[4, 4, 4, 4] test=[5, 5, 5, 5]
[2026-03-31 18:13:27]   Fold 4 split seed: 506
[2026-03-31 18:13:27]   Fold 4 split class counts:
[2026-03-31 18:13:27]     train=[16, 16, 16, 16] val=[4, 4, 4, 4] test=[5, 5, 5, 5]
[2026-03-31 18:13:27]   Fold 5 split seed: 507
[2026-03-31 18:13:27]   Fold 5 split class counts:
[2026-03-31 18:13:27]     train=[16, 16, 16, 16] val=[4, 4, 4, 4] test=[5, 5, 5, 5]
[2026-03-31 18:13:27]   Subject 51 Fold 1 seed: 5603
[2026-03-31 18:13:27]   Subject 51 Fold 1: n_train=64 n_val=16 n_test=20
[2026-03-31 18:13:27]     Train class counts: [16, 16, 16, 16]
[2026-03-31 18:13:27]     Val class counts:   [4, 4, 4, 4]
[2026-03-31 18:13:27]     Test class counts:  [5, 5, 5, 5]
[2026-03-31 18:13:27] Building model with input window duration: 4.1875 s
[2026-03-31 18:13:27] Pretrained weight loading:
[2026-03-31 18:13:27]   Downloaded keys:        179
[2026-03-31 18:13:27]   Filtered (transformer): 172
[2026-03-31 18:13:27]   Filtered (pos_encoder): 0
[2026-03-31 18:13:27]   Keys to load:           7
[2026-03-31 18:13:27]   Missing keys:           4
[2026-03-31 18:13:27]   Unexpected keys:        0
[2026-03-31 18:13:27]   Missing preview:        ['spatial_conv.1.weight', 'spatial_conv.1.bias', 'final_layer.1.weight', 'final_layer.1.bias']
[2026-03-31 18:13:27]   Unexpected preview:     []
[2026-03-31 18:13:27] Encoder freeze configuration:
[2026-03-31 18:13:27]   Total parameters:        18,192
[2026-03-31 18:13:27]   Trainable parameters:    4,352
[2026-03-31 18:13:27]   Training percentage:     23.9%
[2026-03-31 18:13:27]   Trainable layers: 4
[2026-03-31 18:13:27]     - final_layer.1.bias
[2026-03-31 18:13:27]     - final_layer.1.weight
[2026-03-31 18:13:27]     - spatial_conv.1.bias
[2026-03-31 18:13:27]     - spatial_conv.1.weight
[2026-03-31 18:13:27]     Train generator seeded: True
[2026-03-31 18:13:27]     Stopped epoch:            51
[2026-03-31 18:13:27]     Best epoch (valid_loss):  1
[2026-03-31 18:13:27]     Best valid_loss:          1.387994647026062
[2026-03-31 18:13:27]     Test accuracy (primary):  0.2500
[2026-03-31 18:13:27]     Test balanced acc:        0.2500
[2026-03-31 18:13:27]     Confusion matrix:         [[3, 1, 0, 1], [3, 1, 1, 0], [3, 0, 1, 1], [3, 1, 1, 0]]
[2026-03-31 18:13:27]     Prediction histogram:     [12, 3, 3, 2]
[2026-03-31 18:13:27]     fold_acc=0.2500 fold_bal_acc=0.2500 cm=[[3, 1, 0, 1], [3, 1, 1, 0], [3, 0, 1, 1], [3, 1, 1, 0]]
[2026-03-31 18:13:27]   Subject 51 Fold 2 seed: 5604
[2026-03-31 18:13:27]   Subject 51 Fold 2: n_train=64 n_val=16 n_test=20
[2026-03-31 18:13:27]     Train class counts: [16, 16, 16, 16]
[2026-03-31 18:13:27]     Val class counts:   [4, 4, 4, 4]
[2026-03-31 18:13:27]     Test class counts:  [5, 5, 5, 5]
[2026-03-31 18:13:27] Building model with input window duration: 4.1875 s
[2026-03-31 18:13:27] Pretrained weight loading:
[2026-03-31 18:13:27]   Downloaded keys:        179
[2026-03-31 18:13:27]   Filtered (transformer): 172
[2026-03-31 18:13:27]   Filtered (pos_encoder): 0
[2026-03-31 18:13:27]   Keys to load:           7
[2026-03-31 18:13:27]   Missing keys:           4
[2026-03-31 18:13:27]   Unexpected keys:        0
[2026-03-31 18:13:27]   Missing preview:        ['spatial_conv.1.weight', 'spatial_conv.1.bias', 'final_layer.1.weight', 'final_layer.1.bias']
[2026-03-31 18:13:27]   Unexpected preview:     []
[2026-03-31 18:13:27] Encoder freeze configuration:
[2026-03-31 18:13:27]   Total parameters:        18,192
[2026-03-31 18:13:27]   Trainable parameters:    4,352
[2026-03-31 18:13:27]   Training percentage:     23.9%
[2026-03-31 18:13:27]   Trainable layers: 4
[2026-03-31 18:13:27]     - final_layer.1.bias
[2026-03-31 18:13:27]     - final_layer.1.weight
[2026-03-31 18:13:27]     - spatial_conv.1.bias
[2026-03-31 18:13:27]     - spatial_conv.1.weight
[2026-03-31 18:13:27]     Train generator seeded: True
[2026-03-31 18:13:34]     Stopped epoch:            522
[2026-03-31 18:13:34]     Best epoch (valid_loss):  472
[2026-03-31 18:13:34]     Best valid_loss:          1.2722578048706055
[2026-03-31 18:13:34]     Test accuracy (primary):  0.1500
[2026-03-31 18:13:34]     Test balanced acc:        0.1500
[2026-03-31 18:13:34]     Confusion matrix:         [[0, 2, 2, 1], [1, 2, 0, 2], [2, 0, 1, 2], [2, 2, 1, 0]]
[2026-03-31 18:13:34]     Prediction histogram:     [5, 6, 4, 5]
[2026-03-31 18:13:34]     fold_acc=0.1500 fold_bal_acc=0.1500 cm=[[0, 2, 2, 1], [1, 2, 0, 2], [2, 0, 1, 2], [2, 2, 1, 0]]
[2026-03-31 18:13:34]   Subject 51 Fold 3 seed: 5605
[2026-03-31 18:13:34]   Subject 51 Fold 3: n_train=64 n_val=16 n_test=20
[2026-03-31 18:13:34]     Train class counts: [16, 16, 16, 16]
[2026-03-31 18:13:34]     Val class counts:   [4, 4, 4, 4]
[2026-03-31 18:13:34]     Test class counts:  [5, 5, 5, 5]
[2026-03-31 18:13:34] Building model with input window duration: 4.1875 s
[2026-03-31 18:13:34] Pretrained weight loading:
[2026-03-31 18:13:34]   Downloaded keys:        179
[2026-03-31 18:13:34]   Filtered (transformer): 172
[2026-03-31 18:13:34]   Filtered (pos_encoder): 0
[2026-03-31 18:13:34]   Keys to load:           7
[2026-03-31 18:13:34]   Missing keys:           4
[2026-03-31 18:13:34]   Unexpected keys:        0
[2026-03-31 18:13:34]   Missing preview:        ['spatial_conv.1.weight', 'spatial_conv.1.bias', 'final_layer.1.weight', 'final_layer.1.bias']
[2026-03-31 18:13:34]   Unexpected preview:     []
[2026-03-31 18:13:34] Encoder freeze configuration:
[2026-03-31 18:13:34]   Total parameters:        18,192
[2026-03-31 18:13:34]   Trainable parameters:    4,352
[2026-03-31 18:13:34]   Training percentage:     23.9%
[2026-03-31 18:13:34]   Trainable layers: 4
[2026-03-31 18:13:34]     - final_layer.1.bias
[2026-03-31 18:13:34]     - final_layer.1.weight
[2026-03-31 18:13:34]     - spatial_conv.1.bias
[2026-03-31 18:13:34]     - spatial_conv.1.weight
[2026-03-31 18:13:34]     Train generator seeded: True
[2026-03-31 18:13:35]     Stopped epoch:            92
[2026-03-31 18:13:35]     Best epoch (valid_loss):  42
[2026-03-31 18:13:35]     Best valid_loss:          1.356212854385376
[2026-03-31 18:13:35]     Test accuracy (primary):  0.3000
[2026-03-31 18:13:35]     Test balanced acc:        0.3000
[2026-03-31 18:13:35]     Confusion matrix:         [[1, 1, 1, 2], [1, 2, 1, 1], [0, 2, 1, 2], [1, 0, 2, 2]]
[2026-03-31 18:13:35]     Prediction histogram:     [3, 5, 5, 7]
[2026-03-31 18:13:35]     fold_acc=0.3000 fold_bal_acc=0.3000 cm=[[1, 1, 1, 2], [1, 2, 1, 1], [0, 2, 1, 2], [1, 0, 2, 2]]
[2026-03-31 18:13:35]   Subject 51 Fold 4 seed: 5606
[2026-03-31 18:13:35]   Subject 51 Fold 4: n_train=64 n_val=16 n_test=20
[2026-03-31 18:13:35]     Train class counts: [16, 16, 16, 16]
[2026-03-31 18:13:35]     Val class counts:   [4, 4, 4, 4]
[2026-03-31 18:13:35]     Test class counts:  [5, 5, 5, 5]
[2026-03-31 18:13:35] Building model with input window duration: 4.1875 s
[2026-03-31 18:13:35] Pretrained weight loading:
[2026-03-31 18:13:35]   Downloaded keys:        179
[2026-03-31 18:13:35]   Filtered (transformer): 172
[2026-03-31 18:13:35]   Filtered (pos_encoder): 0
[2026-03-31 18:13:35]   Keys to load:           7
[2026-03-31 18:13:35]   Missing keys:           4
[2026-03-31 18:13:35]   Unexpected keys:        0
[2026-03-31 18:13:35]   Missing preview:        ['spatial_conv.1.weight', 'spatial_conv.1.bias', 'final_layer.1.weight', 'final_layer.1.bias']
[2026-03-31 18:13:35]   Unexpected preview:     []
[2026-03-31 18:13:35] Encoder freeze configuration:
[2026-03-31 18:13:35]   Total parameters:        18,192
[2026-03-31 18:13:35]   Trainable parameters:    4,352
[2026-03-31 18:13:35]   Training percentage:     23.9%
[2026-03-31 18:13:35]   Trainable layers: 4
[2026-03-31 18:13:35]     - final_layer.1.bias
[2026-03-31 18:13:35]     - final_layer.1.weight
[2026-03-31 18:13:35]     - spatial_conv.1.bias
[2026-03-31 18:13:35]     - spatial_conv.1.weight
[2026-03-31 18:13:35]     Train generator seeded: True
[2026-03-31 18:13:38]     Stopped epoch:            278
[2026-03-31 18:13:38]     Best epoch (valid_loss):  228
[2026-03-31 18:13:38]     Best valid_loss:          1.3245266675949097
[2026-03-31 18:13:38]     Test accuracy (primary):  0.4000
[2026-03-31 18:13:38]     Test balanced acc:        0.4000
[2026-03-31 18:13:38]     Confusion matrix:         [[2, 0, 2, 1], [2, 3, 0, 0], [1, 0, 0, 4], [1, 1, 0, 3]]
[2026-03-31 18:13:38]     Prediction histogram:     [6, 4, 2, 8]
[2026-03-31 18:13:38]     fold_acc=0.4000 fold_bal_acc=0.4000 cm=[[2, 0, 2, 1], [2, 3, 0, 0], [1, 0, 0, 4], [1, 1, 0, 3]]
[2026-03-31 18:13:38]   Subject 51 Fold 5 seed: 5607
[2026-03-31 18:13:38]   Subject 51 Fold 5: n_train=64 n_val=16 n_test=20
[2026-03-31 18:13:38]     Train class counts: [16, 16, 16, 16]
[2026-03-31 18:13:38]     Val class counts:   [4, 4, 4, 4]
[2026-03-31 18:13:38]     Test class counts:  [5, 5, 5, 5]
[2026-03-31 18:13:38] Building model with input window duration: 4.1875 s
[2026-03-31 18:13:38] Pretrained weight loading:
[2026-03-31 18:13:38]   Downloaded keys:        179
[2026-03-31 18:13:38]   Filtered (transformer): 172
[2026-03-31 18:13:38]   Filtered (pos_encoder): 0
[2026-03-31 18:13:38]   Keys to load:           7
[2026-03-31 18:13:38]   Missing keys:           4
[2026-03-31 18:13:38]   Unexpected keys:        0
[2026-03-31 18:13:38]   Missing preview:        ['spatial_conv.1.weight', 'spatial_conv.1.bias', 'final_layer.1.weight', 'final_layer.1.bias']
[2026-03-31 18:13:38]   Unexpected preview:     []
[2026-03-31 18:13:38] Encoder freeze configuration:
[2026-03-31 18:13:38]   Total parameters:        18,192
[2026-03-31 18:13:38]   Trainable parameters:    4,352
[2026-03-31 18:13:38]   Training percentage:     23.9%
[2026-03-31 18:13:38]   Trainable layers: 4
[2026-03-31 18:13:38]     - final_layer.1.bias
[2026-03-31 18:13:38]     - final_layer.1.weight
[2026-03-31 18:13:38]     - spatial_conv.1.bias
[2026-03-31 18:13:38]     - spatial_conv.1.weight
[2026-03-31 18:13:38]     Train generator seeded: True
[2026-03-31 18:13:40]     Stopped epoch:            138
[2026-03-31 18:13:40]     Best epoch (valid_loss):  88
[2026-03-31 18:13:40]     Best valid_loss:          1.268386960029602
[2026-03-31 18:13:40]     Test accuracy (primary):  0.3000
[2026-03-31 18:13:40]     Test balanced acc:        0.3000
[2026-03-31 18:13:40]     Confusion matrix:         [[1, 0, 3, 1], [1, 1, 0, 3], [2, 0, 3, 0], [0, 2, 2, 1]]
[2026-03-31 18:13:40]     Prediction histogram:     [4, 3, 8, 5]
[2026-03-31 18:13:40]     fold_acc=0.3000 fold_bal_acc=0.3000 cm=[[1, 0, 3, 1], [1, 1, 0, 3], [2, 0, 3, 0], [0, 2, 2, 1]]
[2026-03-31 18:13:40]   Subject 51 mean accuracy: 0.2800

[2026-03-31 18:13:40] Total folds completed: 5
[2026-03-31 18:13:40] ======================================================================
[2026-03-31 18:13:40] AGGREGATED RESULTS
[2026-03-31 18:13:40] ======================================================================
[2026-03-31 18:13:40]   Subject 51:  acc=0.2800±0.0812  bal_acc=0.2800±0.0812
[2026-03-31 18:13:40] ----------------------------------------------------------------------
[2026-03-31 18:13:40]   OVERALL:      acc=0.2800±0.0812  bal_acc=0.2800±0.0812
[2026-03-31 18:13:40] ======================================================================
[2026-03-31 18:13:40] CV results saved to:      /home/vegorov/Repos/eeg_jepa_research/artifacts/lee-2019-fine-tuning/SSVEP/20260331_1813_4b3374c3/cv_results.json
[2026-03-31 18:13:40] Subject metrics saved to: /home/vegorov/Repos/eeg_jepa_research/artifacts/lee-2019-fine-tuning/SSVEP/20260331_1813_4b3374c3/subject_metrics.json
[2026-03-31 18:13:40] Global metrics saved to:  /home/vegorov/Repos/eeg_jepa_research/artifacts/lee-2019-fine-tuning/SSVEP/20260331_1813_4b3374c3/global_metrics.json
[2026-03-31 18:13:40] Run metadata saved to:    /home/vegorov/Repos/eeg_jepa_research/artifacts/lee-2019-fine-tuning/SSVEP/20260331_1813_4b3374c3/run_metadata.json

[2026-03-31 18:13:40] All artifacts in: /home/vegorov/Repos/eeg_jepa_research/artifacts/lee-2019-fine-tuning/SSVEP/20260331_1813_4b3374c3

[2026-03-31 18:13:40] ======================================================================
[2026-03-31 18:13:40] EXPERIMENT SUMMARY
[2026-03-31 18:13:40] ======================================================================
[2026-03-31 18:13:40] Run ID:    20260331_1813_4b3374c3
[2026-03-31 18:13:40] Artifacts: /home/vegorov/Repos/eeg_jepa_research/artifacts/lee-2019-fine-tuning/SSVEP/20260331_1813_4b3374c3

[2026-03-31 18:13:40] Configuration:
[2026-03-31 18:13:40]   Subjects:          [51]
[2026-03-31 18:13:40]   Bandpass:          0.5-40.0 Hz
[2026-03-31 18:13:40]   Resample:          128 Hz
[2026-03-31 18:13:40]   CV folds:          5
[2026-03-31 18:13:40]   Learning rate:     0.001
[2026-03-31 18:13:40]   Batch size:        16
[2026-03-31 18:13:40]   Max epochs:        5000

[2026-03-31 18:13:40] Results:
[2026-03-31 18:13:40]   Mean Accuracy:          0.2800 ± 0.0812
[2026-03-31 18:13:40]   Mean Balanced Accuracy: 0.2800 ± 0.0812
