[2026-03-31 18:12:01] Using device: cpu
[2026-03-31 18:12:01] Seed control enabled: True
[2026-03-31 18:12:01] Base seed: 404
[2026-03-31 18:12:01] Seed initialized: 404
[2026-03-31 18:12:01] ======================================================================
[2026-03-31 18:12:01] CONFIGURATION
[2026-03-31 18:12:01] ======================================================================
[2026-03-31 18:12:01]   artifact_dir: /home/vegorov/Repos/eeg_jepa_research/artifacts/lee-2019-fine-tuning
[2026-03-31 18:12:01]   bandpass_high: 40.0
[2026-03-31 18:12:01]   bandpass_low: 0.5
[2026-03-31 18:12:01]   batch_size: 16
[2026-03-31 18:12:01]   convert_to_uV: True
[2026-03-31 18:12:01]   cv_folds: 5
[2026-03-31 18:12:01]   device: auto
[2026-03-31 18:12:01]   early_stopping_patience: 50
[2026-03-31 18:12:01]   learning_rate: 0.001
[2026-03-31 18:12:01]   n_epochs: 5000
[2026-03-31 18:12:01]   normalization_method: exponential_moving_slow
[2026-03-31 18:12:01]   normalize: True
[2026-03-31 18:12:01]   paradigm: SSVEP
[2026-03-31 18:12:01]   pretrained_url: https://huggingface.co/braindecode/SignalJEPA/resolve/main/signal-jepa_16s-60_adeuwv4s.pth
[2026-03-31 18:12:01]   seed: 404
[2026-03-31 18:12:01]   set_seed: True
[2026-03-31 18:12:01]   sfreq: 128
[2026-03-31 18:12:01]   subjects_to_use: [51]
[2026-03-31 18:12:01]   val_split: 0.2
[2026-03-31 18:12:01] ======================================================================
[2026-03-31 18:12:01] Config saved to: /home/vegorov/Repos/eeg_jepa_research/artifacts/lee-2019-fine-tuning/SSVEP/20260331_1812_0e4a645d/config.json
[2026-03-31 18:12:01] Epoch window configuration:
[2026-03-31 18:12:01]   Target sfreq:                128 Hz
[2026-03-31 18:12:01]   Target duration:             4.190000 s
[2026-03-31 18:12:01]   Window samples (rounded):    536
[2026-03-31 18:12:01]   Base trial samples (4.0 s):  512
[2026-03-31 18:12:01]   Trial stop offset samples:   24
[2026-03-31 18:12:01]   Effective window duration:   4.187500 s
[2026-03-31 18:12:01] Using specified subjects from config: [51]
[2026-03-31 18:12:01] Selected subjects: [51]
[2026-03-31 18:12:01] Expected evaluation folds: 5

[2026-03-31 18:12:01] Building MOABBDataset for Lee2019_SSVEP...
[2026-03-31 18:12:10] MOABBDataset recordings loaded: 1
[2026-03-31 18:12:10] Discovered annotation descriptions (first recording): [np.str_('12.0'), np.str_('5.45'), np.str_('6.67'), np.str_('8.57')]
[2026-03-31 18:12:10] Dataset event_id mapping: {'12.0': 1, '8.57': 2, '6.67': 3, '5.45': 4}
[2026-03-31 18:12:10] Label map (event_code -> class_index): {1: 0, 2: 1, 3: 2, 4: 3}
[2026-03-31 18:12:10] Applying Braindecode preprocessors to MOABBDataset...
[2026-03-31 18:12:13] Preprocessing complete.

[2026-03-31 18:12:13] Post-preprocessing validation
[2026-03-31 18:12:13]   Recordings in DATASET: 1
[2026-03-31 18:12:13]   Unique subject IDs:    ['51']
[2026-03-31 18:12:13]   sfreq (first rec):     128.0 Hz
[2026-03-31 18:12:13]   EEG channel count:     62
[2026-03-31 18:12:13]   First 10 channels:     ['Fp1', 'Fp2', 'F7', 'F3', 'Fz', 'F4', 'F8', 'FC5', 'FC1', 'FC2']
[2026-03-31 18:12:13] Channel consistency summary:
[2026-03-31 18:12:13]   Checked runs: 1
[2026-03-31 18:12:13]   Unique channel counts: [62]
[2026-03-31 18:12:13]   Channel order consistent: True
[2026-03-31 18:12:13] Validated EEG channels: 62
[2026-03-31 18:12:13] First 10 EEG channels: ['Fp1', 'Fp2', 'F7', 'F3', 'Fz', 'F4', 'F8', 'FC5', 'FC1', 'FC2']
[2026-03-31 18:12:13] raw mean_abs=6.693868e-01
[2026-03-31 18:12:13] raw std=1.006502e+00
[2026-03-31 18:12:13] raw first5 channel std= [1.00616828 1.02312066 0.98678329 1.00485686 1.00527904]
[2026-03-31 18:12:13] Requested window samples: 536
[2026-03-31 18:12:13] Base trial samples:       512
[2026-03-31 18:12:13] Stop offset samples:      24
[2026-03-31 18:12:13] Global class counts: [25, 25, 25, 25]
[2026-03-31 18:12:13] Chance level (4-class): 0.25
[2026-03-31 18:12:13] One window shape: (62, 536)
[2026-03-31 18:12:13] One window label: 1
[2026-03-31 18:12:13] Window sample length expected=536, got=536
[2026-03-31 18:12:13] Subjects in window split: [51]
[2026-03-31 18:12:13] Summarizing per-subject windows...
[2026-03-31 18:12:13]   Subject 51: n_windows=100, window_shape=(62, 536), class_counts=[25, 25, 25, 25]
[2026-03-31 18:12:13]    subject_id  n_windows  n_channels  n_times      class_counts
0          51        100          62      536  [25, 25, 25, 25]
[2026-03-31 18:12:13] Window validation summary:
[2026-03-31 18:12:13]   Subject 51: n_windows=100 class_counts=[25, 25, 25, 25]

[2026-03-31 18:12:13] Validated sampling rate target: 128 Hz
[2026-03-31 18:12:13] Validated window sample count:   536
[2026-03-31 18:12:13] Validated window duration:       4.1875 s
[2026-03-31 18:12:13] Validated channel count:         62
[2026-03-31 18:12:13] Total windows retained:          100
[2026-03-31 18:12:13] Preprocessing sanity checks:
[2026-03-31 18:12:13]   One sample label: 1
[2026-03-31 18:12:13]   One sample shape: (62, 536)
[2026-03-31 18:12:13]   Mean(abs(signal)): 4.263538e-01
[2026-03-31 18:12:13]   Mean(signal):      -3.703855e-03
[2026-03-31 18:12:13]   Std(signal):       5.664969e-01
[2026-03-31 18:12:13] Building model with input window duration: 4.1875 s
[2026-03-31 18:12:13] SignalJEPA_PreLocal instantiated successfully.
[2026-03-31 18:12:13]   Total parameters:     18,192
[2026-03-31 18:12:13]   Trainable parameters: 18,192
[2026-03-31 18:12:13] ======================================================================================================================================================
Layer (type (var_name):depth-idx)                  Input Shape               Output Shape              Param #                   Kernel Shape
======================================================================================================================================================
SignalJEPA_PreLocal (SignalJEPA_PreLocal)          [1, 62, 536]              [1, 4]                    --                        --
├─Sequential (spatial_conv): 1-1                   [1, 62, 536]              [1, 4, 536]               --                        --
│    └─Rearrange (0): 2-1                          [1, 62, 536]              [1, 1, 62, 536]           --                        --
│    └─Conv2d (1): 2-2                             [1, 1, 62, 536]           [1, 4, 1, 536]            252                       [62, 1]
│    └─Rearrange (2): 2-3                          [1, 4, 1, 536]            [1, 4, 536]               --                        --
├─_ConvFeatureEncoder (feature_encoder): 1-2       [1, 4, 536]               [1, 16, 64]               --                        --
│    └─Rearrange (0): 2-4                          [1, 4, 536]               [4, 1, 536]               --                        --
│    └─Sequential (1): 2-5                         [4, 1, 536]               [4, 8, 64]                --                        --
│    │    └─Conv1d (0): 3-1                        [4, 1, 536]               [4, 8, 64]                256                       [32]
│    │    └─Dropout (1): 3-2                       [4, 8, 64]                [4, 8, 64]                --                        --
│    │    └─GroupNorm (2): 3-3                     [4, 8, 64]                [4, 8, 64]                16                        --
│    │    └─GELU (3): 3-4                          [4, 8, 64]                [4, 8, 64]                --                        --
│    └─Sequential (2): 2-6                         [4, 8, 64]                [4, 16, 32]               --                        --
│    │    └─Conv1d (0): 3-5                        [4, 8, 64]                [4, 16, 32]               256                       [2]
│    │    └─Dropout (1): 3-6                       [4, 16, 32]               [4, 16, 32]               --                        --
│    │    └─GELU (2): 3-7                          [4, 16, 32]               [4, 16, 32]               --                        --
│    └─Sequential (3): 2-7                         [4, 16, 32]               [4, 32, 16]               --                        --
│    │    └─Conv1d (0): 3-8                        [4, 16, 32]               [4, 32, 16]               1,024                     [2]
│    │    └─Dropout (1): 3-9                       [4, 32, 16]               [4, 32, 16]               --                        --
│    │    └─GELU (2): 3-10                         [4, 32, 16]               [4, 32, 16]               --                        --
│    └─Sequential (4): 2-8                         [4, 32, 16]               [4, 64, 8]                --                        --
│    │    └─Conv1d (0): 3-11                       [4, 32, 16]               [4, 64, 8]                4,096                     [2]
│    │    └─Dropout (1): 3-12                      [4, 64, 8]                [4, 64, 8]                --                        --
│    │    └─GELU (2): 3-13                         [4, 64, 8]                [4, 64, 8]                --                        --
│    └─Sequential (5): 2-9                         [4, 64, 8]                [4, 64, 4]                --                        --
│    │    └─Conv1d (0): 3-14                       [4, 64, 8]                [4, 64, 4]                8,192                     [2]
│    │    └─Dropout (1): 3-15                      [4, 64, 4]                [4, 64, 4]                --                        --
│    │    └─GELU (2): 3-16                         [4, 64, 4]                [4, 64, 4]                --                        --
│    └─Rearrange (6): 2-10                         [4, 64, 4]                [1, 16, 64]               --                        --
├─Sequential (final_layer): 1-3                    [1, 16, 64]               [1, 4]                    --                        --
│    └─Flatten (0): 2-11                           [1, 16, 64]               [1, 1024]                 --                        --
│    └─Linear (1): 2-12                            [1, 1024]                 [1, 4]                    4,100                     --
======================================================================================================================================================
Total params: 18,192
Trainable params: 18,192
Non-trainable params: 0
Total mult-adds (Units.MEGABYTES): 0.57
======================================================================================================================================================
Input size (MB): 0.13
Forward/backward pass size (MB): 0.11
Params size (MB): 0.07
Estimated Total Size (MB): 0.31
======================================================================================================================================================
[2026-03-31 18:12:13] Initializing from 16s-60 pretrained checkpoint (Hugging Face):
[2026-03-31 18:12:13]   https://huggingface.co/braindecode/SignalJEPA/resolve/main/signal-jepa_16s-60_adeuwv4s.pth
[2026-03-31 18:12:13]   Downloaded 179 keys
[2026-03-31 18:12:13] ======================================================================
[2026-03-31 18:12:13] STARTING CROSS-VALIDATION
[2026-03-31 18:12:13] ======================================================================
[2026-03-31 18:12:13] Subjects:      [51]
[2026-03-31 18:12:13] CV folds:      5
[2026-03-31 18:12:13] Batch size:    16
[2026-03-31 18:12:13] Max epochs:    5000
[2026-03-31 18:12:13] Device:        cpu
[2026-03-31 18:12:13] Seed control:  True
[2026-03-31 18:12:13] Base seed:     404
[2026-03-31 18:12:13] ======================================================================

[2026-03-31 18:12:13] Subject 51: 100 windows class_counts=[25, 25, 25, 25]
[2026-03-31 18:12:13]   Fold 1 split seed: 405
[2026-03-31 18:12:13]   Fold 1 split class counts:
[2026-03-31 18:12:13]     train=[16, 16, 16, 16] val=[4, 4, 4, 4] test=[5, 5, 5, 5]
[2026-03-31 18:12:13]   Fold 2 split seed: 406
[2026-03-31 18:12:13]   Fold 2 split class counts:
[2026-03-31 18:12:13]     train=[16, 16, 16, 16] val=[4, 4, 4, 4] test=[5, 5, 5, 5]
[2026-03-31 18:12:13]   Fold 3 split seed: 407
[2026-03-31 18:12:13]   Fold 3 split class counts:
[2026-03-31 18:12:13]     train=[16, 16, 16, 16] val=[4, 4, 4, 4] test=[5, 5, 5, 5]
[2026-03-31 18:12:13]   Fold 4 split seed: 408
[2026-03-31 18:12:13]   Fold 4 split class counts:
[2026-03-31 18:12:13]     train=[16, 16, 16, 16] val=[4, 4, 4, 4] test=[5, 5, 5, 5]
[2026-03-31 18:12:13]   Fold 5 split seed: 409
[2026-03-31 18:12:13]   Fold 5 split class counts:
[2026-03-31 18:12:13]     train=[16, 16, 16, 16] val=[4, 4, 4, 4] test=[5, 5, 5, 5]
[2026-03-31 18:12:13]   Subject 51 Fold 1 seed: 5505
[2026-03-31 18:12:13]   Subject 51 Fold 1: n_train=64 n_val=16 n_test=20
[2026-03-31 18:12:13]     Train class counts: [16, 16, 16, 16]
[2026-03-31 18:12:13]     Val class counts:   [4, 4, 4, 4]
[2026-03-31 18:12:13]     Test class counts:  [5, 5, 5, 5]
[2026-03-31 18:12:13] Building model with input window duration: 4.1875 s
[2026-03-31 18:12:13] Pretrained weight loading:
[2026-03-31 18:12:13]   Downloaded keys:        179
[2026-03-31 18:12:13]   Filtered (transformer): 172
[2026-03-31 18:12:13]   Filtered (pos_encoder): 0
[2026-03-31 18:12:13]   Keys to load:           7
[2026-03-31 18:12:13]   Missing keys:           4
[2026-03-31 18:12:13]   Unexpected keys:        0
[2026-03-31 18:12:13]   Missing preview:        ['spatial_conv.1.weight', 'spatial_conv.1.bias', 'final_layer.1.weight', 'final_layer.1.bias']
[2026-03-31 18:12:13]   Unexpected preview:     []
[2026-03-31 18:12:13] Encoder freeze configuration:
[2026-03-31 18:12:13]   Total parameters:        18,192
[2026-03-31 18:12:13]   Trainable parameters:    4,352
[2026-03-31 18:12:13]   Training percentage:     23.9%
[2026-03-31 18:12:13]   Trainable layers: 4
[2026-03-31 18:12:13]     - final_layer.1.bias
[2026-03-31 18:12:13]     - final_layer.1.weight
[2026-03-31 18:12:13]     - spatial_conv.1.bias
[2026-03-31 18:12:13]     - spatial_conv.1.weight
[2026-03-31 18:12:13]     Train generator seeded: True
[2026-03-31 18:12:16]     Stopped epoch:            232
[2026-03-31 18:12:16]     Best epoch (valid_loss):  182
[2026-03-31 18:12:16]     Best valid_loss:          1.3207894563674927
[2026-03-31 18:12:16]     Test accuracy (primary):  0.3500
[2026-03-31 18:12:16]     Test balanced acc:        0.3500
[2026-03-31 18:12:16]     Confusion matrix:         [[1, 0, 2, 2], [1, 1, 1, 2], [0, 0, 1, 4], [1, 0, 0, 4]]
[2026-03-31 18:12:16]     Prediction histogram:     [3, 1, 4, 12]
[2026-03-31 18:12:16]     fold_acc=0.3500 fold_bal_acc=0.3500 cm=[[1, 0, 2, 2], [1, 1, 1, 2], [0, 0, 1, 4], [1, 0, 0, 4]]
[2026-03-31 18:12:16]   Subject 51 Fold 2 seed: 5506
[2026-03-31 18:12:16]   Subject 51 Fold 2: n_train=64 n_val=16 n_test=20
[2026-03-31 18:12:16]     Train class counts: [16, 16, 16, 16]
[2026-03-31 18:12:16]     Val class counts:   [4, 4, 4, 4]
[2026-03-31 18:12:16]     Test class counts:  [5, 5, 5, 5]
[2026-03-31 18:12:16] Building model with input window duration: 4.1875 s
[2026-03-31 18:12:16] Pretrained weight loading:
[2026-03-31 18:12:16]   Downloaded keys:        179
[2026-03-31 18:12:16]   Filtered (transformer): 172
[2026-03-31 18:12:16]   Filtered (pos_encoder): 0
[2026-03-31 18:12:16]   Keys to load:           7
[2026-03-31 18:12:16]   Missing keys:           4
[2026-03-31 18:12:16]   Unexpected keys:        0
[2026-03-31 18:12:16]   Missing preview:        ['spatial_conv.1.weight', 'spatial_conv.1.bias', 'final_layer.1.weight', 'final_layer.1.bias']
[2026-03-31 18:12:16]   Unexpected preview:     []
[2026-03-31 18:12:16] Encoder freeze configuration:
[2026-03-31 18:12:16]   Total parameters:        18,192
[2026-03-31 18:12:16]   Trainable parameters:    4,352
[2026-03-31 18:12:16]   Training percentage:     23.9%
[2026-03-31 18:12:16]   Trainable layers: 4
[2026-03-31 18:12:16]     - final_layer.1.bias
[2026-03-31 18:12:16]     - final_layer.1.weight
[2026-03-31 18:12:16]     - spatial_conv.1.bias
[2026-03-31 18:12:16]     - spatial_conv.1.weight
[2026-03-31 18:12:16]     Train generator seeded: True
[2026-03-31 18:12:19]     Stopped epoch:            195
[2026-03-31 18:12:19]     Best epoch (valid_loss):  191
[2026-03-31 18:12:19]     Best valid_loss:          1.246419906616211
[2026-03-31 18:12:19]     Test accuracy (primary):  0.2000
[2026-03-31 18:12:19]     Test balanced acc:        0.2000
[2026-03-31 18:12:19]     Confusion matrix:         [[1, 3, 1, 0], [2, 0, 0, 3], [2, 1, 2, 0], [1, 1, 2, 1]]
[2026-03-31 18:12:19]     Prediction histogram:     [6, 5, 5, 4]
[2026-03-31 18:12:19]     fold_acc=0.2000 fold_bal_acc=0.2000 cm=[[1, 3, 1, 0], [2, 0, 0, 3], [2, 1, 2, 0], [1, 1, 2, 1]]
[2026-03-31 18:12:19]   Subject 51 Fold 3 seed: 5507
[2026-03-31 18:12:19]   Subject 51 Fold 3: n_train=64 n_val=16 n_test=20
[2026-03-31 18:12:19]     Train class counts: [16, 16, 16, 16]
[2026-03-31 18:12:19]     Val class counts:   [4, 4, 4, 4]
[2026-03-31 18:12:19]     Test class counts:  [5, 5, 5, 5]
[2026-03-31 18:12:19] Building model with input window duration: 4.1875 s
[2026-03-31 18:12:19] Pretrained weight loading:
[2026-03-31 18:12:19]   Downloaded keys:        179
[2026-03-31 18:12:19]   Filtered (transformer): 172
[2026-03-31 18:12:19]   Filtered (pos_encoder): 0
[2026-03-31 18:12:19]   Keys to load:           7
[2026-03-31 18:12:19]   Missing keys:           4
[2026-03-31 18:12:19]   Unexpected keys:        0
[2026-03-31 18:12:19]   Missing preview:        ['spatial_conv.1.weight', 'spatial_conv.1.bias', 'final_layer.1.weight', 'final_layer.1.bias']
[2026-03-31 18:12:19]   Unexpected preview:     []
[2026-03-31 18:12:19] Encoder freeze configuration:
[2026-03-31 18:12:19]   Total parameters:        18,192
[2026-03-31 18:12:19]   Trainable parameters:    4,352
[2026-03-31 18:12:19]   Training percentage:     23.9%
[2026-03-31 18:12:19]   Trainable layers: 4
[2026-03-31 18:12:19]     - final_layer.1.bias
[2026-03-31 18:12:19]     - final_layer.1.weight
[2026-03-31 18:12:19]     - spatial_conv.1.bias
[2026-03-31 18:12:19]     - spatial_conv.1.weight
[2026-03-31 18:12:19]     Train generator seeded: True
[2026-03-31 18:12:21]     Stopped epoch:            143
[2026-03-31 18:12:21]     Best epoch (valid_loss):  93
[2026-03-31 18:12:21]     Best valid_loss:          1.35944664478302
[2026-03-31 18:12:21]     Test accuracy (primary):  0.3000
[2026-03-31 18:12:21]     Test balanced acc:        0.3000
[2026-03-31 18:12:21]     Confusion matrix:         [[2, 0, 2, 1], [1, 2, 2, 0], [2, 1, 1, 1], [0, 1, 3, 1]]
[2026-03-31 18:12:21]     Prediction histogram:     [5, 4, 8, 3]
[2026-03-31 18:12:21]     fold_acc=0.3000 fold_bal_acc=0.3000 cm=[[2, 0, 2, 1], [1, 2, 2, 0], [2, 1, 1, 1], [0, 1, 3, 1]]
[2026-03-31 18:12:21]   Subject 51 Fold 4 seed: 5508
[2026-03-31 18:12:21]   Subject 51 Fold 4: n_train=64 n_val=16 n_test=20
[2026-03-31 18:12:21]     Train class counts: [16, 16, 16, 16]
[2026-03-31 18:12:21]     Val class counts:   [4, 4, 4, 4]
[2026-03-31 18:12:21]     Test class counts:  [5, 5, 5, 5]
[2026-03-31 18:12:21] Building model with input window duration: 4.1875 s
[2026-03-31 18:12:21] Pretrained weight loading:
[2026-03-31 18:12:21]   Downloaded keys:        179
[2026-03-31 18:12:21]   Filtered (transformer): 172
[2026-03-31 18:12:21]   Filtered (pos_encoder): 0
[2026-03-31 18:12:21]   Keys to load:           7
[2026-03-31 18:12:21]   Missing keys:           4
[2026-03-31 18:12:21]   Unexpected keys:        0
[2026-03-31 18:12:21]   Missing preview:        ['spatial_conv.1.weight', 'spatial_conv.1.bias', 'final_layer.1.weight', 'final_layer.1.bias']
[2026-03-31 18:12:21]   Unexpected preview:     []
[2026-03-31 18:12:21] Encoder freeze configuration:
[2026-03-31 18:12:21]   Total parameters:        18,192
[2026-03-31 18:12:21]   Trainable parameters:    4,352
[2026-03-31 18:12:21]   Training percentage:     23.9%
[2026-03-31 18:12:21]   Trainable layers: 4
[2026-03-31 18:12:21]     - final_layer.1.bias
[2026-03-31 18:12:21]     - final_layer.1.weight
[2026-03-31 18:12:21]     - spatial_conv.1.bias
[2026-03-31 18:12:21]     - spatial_conv.1.weight
[2026-03-31 18:12:21]     Train generator seeded: True
[2026-03-31 18:12:22]     Stopped epoch:            84
[2026-03-31 18:12:22]     Best epoch (valid_loss):  34
[2026-03-31 18:12:22]     Best valid_loss:          1.3567132949829102
[2026-03-31 18:12:22]     Test accuracy (primary):  0.3500
[2026-03-31 18:12:22]     Test balanced acc:        0.3500
[2026-03-31 18:12:22]     Confusion matrix:         [[2, 3, 0, 0], [0, 0, 2, 3], [0, 1, 1, 3], [1, 0, 0, 4]]
[2026-03-31 18:12:22]     Prediction histogram:     [3, 4, 3, 10]
[2026-03-31 18:12:22]     fold_acc=0.3500 fold_bal_acc=0.3500 cm=[[2, 3, 0, 0], [0, 0, 2, 3], [0, 1, 1, 3], [1, 0, 0, 4]]
[2026-03-31 18:12:22]   Subject 51 Fold 5 seed: 5509
[2026-03-31 18:12:22]   Subject 51 Fold 5: n_train=64 n_val=16 n_test=20
[2026-03-31 18:12:22]     Train class counts: [16, 16, 16, 16]
[2026-03-31 18:12:22]     Val class counts:   [4, 4, 4, 4]
[2026-03-31 18:12:22]     Test class counts:  [5, 5, 5, 5]
[2026-03-31 18:12:22] Building model with input window duration: 4.1875 s
[2026-03-31 18:12:22] Pretrained weight loading:
[2026-03-31 18:12:22]   Downloaded keys:        179
[2026-03-31 18:12:22]   Filtered (transformer): 172
[2026-03-31 18:12:22]   Filtered (pos_encoder): 0
[2026-03-31 18:12:22]   Keys to load:           7
[2026-03-31 18:12:22]   Missing keys:           4
[2026-03-31 18:12:22]   Unexpected keys:        0
[2026-03-31 18:12:22]   Missing preview:        ['spatial_conv.1.weight', 'spatial_conv.1.bias', 'final_layer.1.weight', 'final_layer.1.bias']
[2026-03-31 18:12:22]   Unexpected preview:     []
[2026-03-31 18:12:22] Encoder freeze configuration:
[2026-03-31 18:12:22]   Total parameters:        18,192
[2026-03-31 18:12:22]   Trainable parameters:    4,352
[2026-03-31 18:12:22]   Training percentage:     23.9%
[2026-03-31 18:12:22]   Trainable layers: 4
[2026-03-31 18:12:22]     - final_layer.1.bias
[2026-03-31 18:12:22]     - final_layer.1.weight
[2026-03-31 18:12:22]     - spatial_conv.1.bias
[2026-03-31 18:12:22]     - spatial_conv.1.weight
[2026-03-31 18:12:22]     Train generator seeded: True
[2026-03-31 18:12:23]     Stopped epoch:            86
[2026-03-31 18:12:23]     Best epoch (valid_loss):  36
[2026-03-31 18:12:23]     Best valid_loss:          1.379204511642456
[2026-03-31 18:12:23]     Test accuracy (primary):  0.3000
[2026-03-31 18:12:23]     Test balanced acc:        0.3000
[2026-03-31 18:12:23]     Confusion matrix:         [[1, 3, 0, 1], [3, 1, 1, 0], [0, 2, 3, 0], [3, 1, 0, 1]]
[2026-03-31 18:12:23]     Prediction histogram:     [7, 7, 4, 2]
[2026-03-31 18:12:23]     fold_acc=0.3000 fold_bal_acc=0.3000 cm=[[1, 3, 0, 1], [3, 1, 1, 0], [0, 2, 3, 0], [3, 1, 0, 1]]
[2026-03-31 18:12:23]   Subject 51 mean accuracy: 0.3000

[2026-03-31 18:12:23] Total folds completed: 5
[2026-03-31 18:12:23] ======================================================================
[2026-03-31 18:12:23] AGGREGATED RESULTS
[2026-03-31 18:12:23] ======================================================================
[2026-03-31 18:12:23]   Subject 51:  acc=0.3000±0.0548  bal_acc=0.3000±0.0548
[2026-03-31 18:12:23] ----------------------------------------------------------------------
[2026-03-31 18:12:23]   OVERALL:      acc=0.3000±0.0548  bal_acc=0.3000±0.0548
[2026-03-31 18:12:23] ======================================================================
[2026-03-31 18:12:23] CV results saved to:      /home/vegorov/Repos/eeg_jepa_research/artifacts/lee-2019-fine-tuning/SSVEP/20260331_1812_0e4a645d/cv_results.json
[2026-03-31 18:12:23] Subject metrics saved to: /home/vegorov/Repos/eeg_jepa_research/artifacts/lee-2019-fine-tuning/SSVEP/20260331_1812_0e4a645d/subject_metrics.json
[2026-03-31 18:12:23] Global metrics saved to:  /home/vegorov/Repos/eeg_jepa_research/artifacts/lee-2019-fine-tuning/SSVEP/20260331_1812_0e4a645d/global_metrics.json
[2026-03-31 18:12:23] Run metadata saved to:    /home/vegorov/Repos/eeg_jepa_research/artifacts/lee-2019-fine-tuning/SSVEP/20260331_1812_0e4a645d/run_metadata.json

[2026-03-31 18:12:23] All artifacts in: /home/vegorov/Repos/eeg_jepa_research/artifacts/lee-2019-fine-tuning/SSVEP/20260331_1812_0e4a645d

[2026-03-31 18:12:23] ======================================================================
[2026-03-31 18:12:23] EXPERIMENT SUMMARY
[2026-03-31 18:12:23] ======================================================================
[2026-03-31 18:12:23] Run ID:    20260331_1812_0e4a645d
[2026-03-31 18:12:23] Artifacts: /home/vegorov/Repos/eeg_jepa_research/artifacts/lee-2019-fine-tuning/SSVEP/20260331_1812_0e4a645d

[2026-03-31 18:12:23] Configuration:
[2026-03-31 18:12:23]   Subjects:          [51]
[2026-03-31 18:12:23]   Bandpass:          0.5-40.0 Hz
[2026-03-31 18:12:23]   Resample:          128 Hz
[2026-03-31 18:12:23]   CV folds:          5
[2026-03-31 18:12:23]   Learning rate:     0.001
[2026-03-31 18:12:23]   Batch size:        16
[2026-03-31 18:12:23]   Max epochs:        5000

[2026-03-31 18:12:23] Results:
[2026-03-31 18:12:23]   Mean Accuracy:          0.3000 ± 0.0548
[2026-03-31 18:12:23]   Mean Balanced Accuracy: 0.3000 ± 0.0548
