[2026-04-01 09:49:06] Using device: cpu
[2026-04-01 09:49:06] Seed control enabled: True
[2026-04-01 09:49:06] Base seed: 1014
[2026-04-01 09:49:06] Seed initialized: 1014
[2026-04-01 09:49:06] ======================================================================
[2026-04-01 09:49:06] CONFIGURATION
[2026-04-01 09:49:06] ======================================================================
[2026-04-01 09:49:06]   artifact_dir: /home/vegorov/Repos/eeg_jepa_research/artifacts/lee-2019-fine-tuning
[2026-04-01 09:49:06]   bandpass_high: 40.0
[2026-04-01 09:49:06]   bandpass_low: 0.5
[2026-04-01 09:49:06]   batch_size: 16
[2026-04-01 09:49:06]   convert_to_uV: True
[2026-04-01 09:49:06]   cv_folds: 5
[2026-04-01 09:49:06]   device: auto
[2026-04-01 09:49:06]   early_stopping_patience: 50
[2026-04-01 09:49:06]   learning_rate: 0.001
[2026-04-01 09:49:06]   n_epochs: 5000
[2026-04-01 09:49:06]   normalization_method: None
[2026-04-01 09:49:06]   normalize: False
[2026-04-01 09:49:06]   paradigm: SSVEP
[2026-04-01 09:49:06]   pretrained_url: https://huggingface.co/braindecode/SignalJEPA/resolve/main/signal-jepa_16s-60_adeuwv4s.pth
[2026-04-01 09:49:06]   seed: 1014
[2026-04-01 09:49:06]   set_seed: True
[2026-04-01 09:49:06]   sfreq: 128
[2026-04-01 09:49:06]   subjects_to_use: [51]
[2026-04-01 09:49:06]   val_split: 0.2
[2026-04-01 09:49:06] ======================================================================
[2026-04-01 09:49:06] Config saved to: /home/vegorov/Repos/eeg_jepa_research/artifacts/lee-2019-fine-tuning/SSVEP/20260401_0949_2c5151b9/config.json
[2026-04-01 09:49:06] Epoch window configuration:
[2026-04-01 09:49:06]   Target sfreq:                128 Hz
[2026-04-01 09:49:06]   Target duration:             4.190000 s
[2026-04-01 09:49:06]   Window samples (rounded):    536
[2026-04-01 09:49:06]   Base trial samples (4.0 s):  512
[2026-04-01 09:49:06]   Trial stop offset samples:   24
[2026-04-01 09:49:06]   Effective window duration:   4.187500 s
[2026-04-01 09:49:06] Using specified subjects from config: [51]
[2026-04-01 09:49:06] Selected subjects: [51]
[2026-04-01 09:49:06] Expected evaluation folds: 5

[2026-04-01 09:49:06] Building MOABBDataset for Lee2019_SSVEP...
[2026-04-01 09:49:15] MOABBDataset recordings loaded: 1
[2026-04-01 09:49:15] Discovered annotation descriptions (first recording): [np.str_('12.0'), np.str_('5.45'), np.str_('6.67'), np.str_('8.57')]
[2026-04-01 09:49:15] Dataset event_id mapping: {'12.0': 1, '8.57': 2, '6.67': 3, '5.45': 4}
[2026-04-01 09:49:15] Label map (event_code -> class_index): {1: 0, 2: 1, 3: 2, 4: 3}
[2026-04-01 09:49:15] Applying Braindecode preprocessors to MOABBDataset...
[2026-04-01 09:49:18] Preprocessing complete.

[2026-04-01 09:49:18] Post-preprocessing validation
[2026-04-01 09:49:18]   Recordings in DATASET: 1
[2026-04-01 09:49:18]   Unique subject IDs:    ['51']
[2026-04-01 09:49:18]   sfreq (first rec):     128.0 Hz
[2026-04-01 09:49:18]   EEG channel count:     62
[2026-04-01 09:49:18]   First 10 channels:     ['Fp1', 'Fp2', 'F7', 'F3', 'Fz', 'F4', 'F8', 'FC5', 'FC1', 'FC2']
[2026-04-01 09:49:18] Channel consistency summary:
[2026-04-01 09:49:18]   Checked runs: 1
[2026-04-01 09:49:18]   Unique channel counts: [62]
[2026-04-01 09:49:18]   Channel order consistent: True
[2026-04-01 09:49:18] Validated EEG channels: 62
[2026-04-01 09:49:18] First 10 EEG channels: ['Fp1', 'Fp2', 'F7', 'F3', 'Fz', 'F4', 'F8', 'FC5', 'FC1', 'FC2']
[2026-04-01 09:49:18] raw mean_abs=8.654730e+00
[2026-04-01 09:49:18] raw std=3.494582e+01
[2026-04-01 09:49:18] raw first5 channel std= [46.22404553 54.63339771 16.95830183 13.82897057 11.24366025]
[2026-04-01 09:49:18] Requested window samples: 536
[2026-04-01 09:49:18] Base trial samples:       512
[2026-04-01 09:49:18] Stop offset samples:      24
[2026-04-01 09:49:18] Global class counts: [25, 25, 25, 25]
[2026-04-01 09:49:18] Chance level (4-class): 0.25
[2026-04-01 09:49:18] One window shape: (62, 536)
[2026-04-01 09:49:18] One window label: 1
[2026-04-01 09:49:18] Window sample length expected=536, got=536
[2026-04-01 09:49:18] Subjects in window split: [51]
[2026-04-01 09:49:18] Summarizing per-subject windows...
[2026-04-01 09:49:18]   Subject 51: n_windows=100, window_shape=(62, 536), class_counts=[25, 25, 25, 25]
[2026-04-01 09:49:18]    subject_id  n_windows  n_channels  n_times      class_counts
0          51        100          62      536  [25, 25, 25, 25]
[2026-04-01 09:49:18] Window validation summary:
[2026-04-01 09:49:18]   Subject 51: n_windows=100 class_counts=[25, 25, 25, 25]

[2026-04-01 09:49:18] Validated sampling rate target: 128 Hz
[2026-04-01 09:49:18] Validated window sample count:   536
[2026-04-01 09:49:18] Validated window duration:       4.1875 s
[2026-04-01 09:49:18] Validated channel count:         62
[2026-04-01 09:49:18] Total windows retained:          100
[2026-04-01 09:49:18] Preprocessing sanity checks:
[2026-04-01 09:49:18]   One sample label: 1
[2026-04-01 09:49:18]   One sample shape: (62, 536)
[2026-04-01 09:49:18]   Mean(abs(signal)): 4.094026e+00
[2026-04-01 09:49:18]   Mean(signal):      7.346552e-09
[2026-04-01 09:49:18]   Std(signal):       5.860601e+00
[2026-04-01 09:49:18] Building model with input window duration: 4.1875 s
[2026-04-01 09:49:18] SignalJEPA_PreLocal instantiated successfully.
[2026-04-01 09:49:18]   Total parameters:     18,192
[2026-04-01 09:49:18]   Trainable parameters: 18,192
[2026-04-01 09:49:18] ======================================================================================================================================================
Layer (type (var_name):depth-idx)                  Input Shape               Output Shape              Param #                   Kernel Shape
======================================================================================================================================================
SignalJEPA_PreLocal (SignalJEPA_PreLocal)          [1, 62, 536]              [1, 4]                    --                        --
├─Sequential (spatial_conv): 1-1                   [1, 62, 536]              [1, 4, 536]               --                        --
│    └─Rearrange (0): 2-1                          [1, 62, 536]              [1, 1, 62, 536]           --                        --
│    └─Conv2d (1): 2-2                             [1, 1, 62, 536]           [1, 4, 1, 536]            252                       [62, 1]
│    └─Rearrange (2): 2-3                          [1, 4, 1, 536]            [1, 4, 536]               --                        --
├─_ConvFeatureEncoder (feature_encoder): 1-2       [1, 4, 536]               [1, 16, 64]               --                        --
│    └─Rearrange (0): 2-4                          [1, 4, 536]               [4, 1, 536]               --                        --
│    └─Sequential (1): 2-5                         [4, 1, 536]               [4, 8, 64]                --                        --
│    │    └─Conv1d (0): 3-1                        [4, 1, 536]               [4, 8, 64]                256                       [32]
│    │    └─Dropout (1): 3-2                       [4, 8, 64]                [4, 8, 64]                --                        --
│    │    └─GroupNorm (2): 3-3                     [4, 8, 64]                [4, 8, 64]                16                        --
│    │    └─GELU (3): 3-4                          [4, 8, 64]                [4, 8, 64]                --                        --
│    └─Sequential (2): 2-6                         [4, 8, 64]                [4, 16, 32]               --                        --
│    │    └─Conv1d (0): 3-5                        [4, 8, 64]                [4, 16, 32]               256                       [2]
│    │    └─Dropout (1): 3-6                       [4, 16, 32]               [4, 16, 32]               --                        --
│    │    └─GELU (2): 3-7                          [4, 16, 32]               [4, 16, 32]               --                        --
│    └─Sequential (3): 2-7                         [4, 16, 32]               [4, 32, 16]               --                        --
│    │    └─Conv1d (0): 3-8                        [4, 16, 32]               [4, 32, 16]               1,024                     [2]
│    │    └─Dropout (1): 3-9                       [4, 32, 16]               [4, 32, 16]               --                        --
│    │    └─GELU (2): 3-10                         [4, 32, 16]               [4, 32, 16]               --                        --
│    └─Sequential (4): 2-8                         [4, 32, 16]               [4, 64, 8]                --                        --
│    │    └─Conv1d (0): 3-11                       [4, 32, 16]               [4, 64, 8]                4,096                     [2]
│    │    └─Dropout (1): 3-12                      [4, 64, 8]                [4, 64, 8]                --                        --
│    │    └─GELU (2): 3-13                         [4, 64, 8]                [4, 64, 8]                --                        --
│    └─Sequential (5): 2-9                         [4, 64, 8]                [4, 64, 4]                --                        --
│    │    └─Conv1d (0): 3-14                       [4, 64, 8]                [4, 64, 4]                8,192                     [2]
│    │    └─Dropout (1): 3-15                      [4, 64, 4]                [4, 64, 4]                --                        --
│    │    └─GELU (2): 3-16                         [4, 64, 4]                [4, 64, 4]                --                        --
│    └─Rearrange (6): 2-10                         [4, 64, 4]                [1, 16, 64]               --                        --
├─Sequential (final_layer): 1-3                    [1, 16, 64]               [1, 4]                    --                        --
│    └─Flatten (0): 2-11                           [1, 16, 64]               [1, 1024]                 --                        --
│    └─Linear (1): 2-12                            [1, 1024]                 [1, 4]                    4,100                     --
======================================================================================================================================================
Total params: 18,192
Trainable params: 18,192
Non-trainable params: 0
Total mult-adds (Units.MEGABYTES): 0.57
======================================================================================================================================================
Input size (MB): 0.13
Forward/backward pass size (MB): 0.11
Params size (MB): 0.07
Estimated Total Size (MB): 0.31
======================================================================================================================================================
[2026-04-01 09:49:18] Initializing from 16s-60 pretrained checkpoint (Hugging Face):
[2026-04-01 09:49:18]   https://huggingface.co/braindecode/SignalJEPA/resolve/main/signal-jepa_16s-60_adeuwv4s.pth
[2026-04-01 09:49:18]   Downloaded 179 keys
[2026-04-01 09:49:18] ======================================================================
[2026-04-01 09:49:18] STARTING CROSS-VALIDATION
[2026-04-01 09:49:18] ======================================================================
[2026-04-01 09:49:18] Subjects:      [51]
[2026-04-01 09:49:18] CV folds:      5
[2026-04-01 09:49:18] Batch size:    16
[2026-04-01 09:49:18] Max epochs:    5000
[2026-04-01 09:49:18] Device:        cpu
[2026-04-01 09:49:18] Seed control:  True
[2026-04-01 09:49:18] Base seed:     1014
[2026-04-01 09:49:18] ======================================================================

[2026-04-01 09:49:18] Subject 51: 100 windows class_counts=[25, 25, 25, 25]
[2026-04-01 09:49:18]   Fold 1 split seed: 1015
[2026-04-01 09:49:18]   Fold 1 split class counts:
[2026-04-01 09:49:18]     train=[16, 16, 16, 16] val=[4, 4, 4, 4] test=[5, 5, 5, 5]
[2026-04-01 09:49:18]   Fold 2 split seed: 1016
[2026-04-01 09:49:18]   Fold 2 split class counts:
[2026-04-01 09:49:18]     train=[16, 16, 16, 16] val=[4, 4, 4, 4] test=[5, 5, 5, 5]
[2026-04-01 09:49:18]   Fold 3 split seed: 1017
[2026-04-01 09:49:18]   Fold 3 split class counts:
[2026-04-01 09:49:18]     train=[16, 16, 16, 16] val=[4, 4, 4, 4] test=[5, 5, 5, 5]
[2026-04-01 09:49:18]   Fold 4 split seed: 1018
[2026-04-01 09:49:18]   Fold 4 split class counts:
[2026-04-01 09:49:18]     train=[16, 16, 16, 16] val=[4, 4, 4, 4] test=[5, 5, 5, 5]
[2026-04-01 09:49:18]   Fold 5 split seed: 1019
[2026-04-01 09:49:18]   Fold 5 split class counts:
[2026-04-01 09:49:18]     train=[16, 16, 16, 16] val=[4, 4, 4, 4] test=[5, 5, 5, 5]
[2026-04-01 09:49:18]   Subject 51 Fold 1 seed: 6115
[2026-04-01 09:49:18]   Subject 51 Fold 1: n_train=64 n_val=16 n_test=20
[2026-04-01 09:49:18]     Train class counts: [16, 16, 16, 16]
[2026-04-01 09:49:18]     Val class counts:   [4, 4, 4, 4]
[2026-04-01 09:49:18]     Test class counts:  [5, 5, 5, 5]
[2026-04-01 09:49:18] Building model with input window duration: 4.1875 s
[2026-04-01 09:49:18] Pretrained weight loading:
[2026-04-01 09:49:18]   Downloaded keys:        179
[2026-04-01 09:49:18]   Filtered (transformer): 172
[2026-04-01 09:49:18]   Filtered (pos_encoder): 0
[2026-04-01 09:49:18]   Keys to load:           7
[2026-04-01 09:49:18]   Missing keys:           4
[2026-04-01 09:49:18]   Unexpected keys:        0
[2026-04-01 09:49:18]   Missing preview:        ['spatial_conv.1.weight', 'spatial_conv.1.bias', 'final_layer.1.weight', 'final_layer.1.bias']
[2026-04-01 09:49:18]   Unexpected preview:     []
[2026-04-01 09:49:18] Encoder freeze configuration:
[2026-04-01 09:49:18]   Total parameters:        18,192
[2026-04-01 09:49:18]   Trainable parameters:    4,352
[2026-04-01 09:49:18]   Training percentage:     23.9%
[2026-04-01 09:49:18]   Trainable layers: 4
[2026-04-01 09:49:18]     - final_layer.1.bias
[2026-04-01 09:49:18]     - final_layer.1.weight
[2026-04-01 09:49:18]     - spatial_conv.1.bias
[2026-04-01 09:49:18]     - spatial_conv.1.weight
[2026-04-01 09:49:18]     Train generator seeded: True
[2026-04-01 09:49:20]     Stopped epoch:            163
[2026-04-01 09:49:20]     Best epoch (valid_loss):  113
[2026-04-01 09:49:20]     Best valid_loss:          1.3176730871200562
[2026-04-01 09:49:20]     Test accuracy (primary):  0.2500
[2026-04-01 09:49:20]     Test balanced acc:        0.2500
[2026-04-01 09:49:20]     Confusion matrix:         [[1, 0, 2, 2], [2, 1, 0, 2], [2, 1, 2, 0], [0, 1, 3, 1]]
[2026-04-01 09:49:20]     Prediction histogram:     [5, 3, 7, 5]
[2026-04-01 09:49:20]     fold_acc=0.2500 fold_bal_acc=0.2500 cm=[[1, 0, 2, 2], [2, 1, 0, 2], [2, 1, 2, 0], [0, 1, 3, 1]]
[2026-04-01 09:49:20]   Subject 51 Fold 2 seed: 6116
[2026-04-01 09:49:20]   Subject 51 Fold 2: n_train=64 n_val=16 n_test=20
[2026-04-01 09:49:20]     Train class counts: [16, 16, 16, 16]
[2026-04-01 09:49:20]     Val class counts:   [4, 4, 4, 4]
[2026-04-01 09:49:20]     Test class counts:  [5, 5, 5, 5]
[2026-04-01 09:49:20] Building model with input window duration: 4.1875 s
[2026-04-01 09:49:20] Pretrained weight loading:
[2026-04-01 09:49:20]   Downloaded keys:        179
[2026-04-01 09:49:20]   Filtered (transformer): 172
[2026-04-01 09:49:20]   Filtered (pos_encoder): 0
[2026-04-01 09:49:20]   Keys to load:           7
[2026-04-01 09:49:20]   Missing keys:           4
[2026-04-01 09:49:20]   Unexpected keys:        0
[2026-04-01 09:49:20]   Missing preview:        ['spatial_conv.1.weight', 'spatial_conv.1.bias', 'final_layer.1.weight', 'final_layer.1.bias']
[2026-04-01 09:49:20]   Unexpected preview:     []
[2026-04-01 09:49:20] Encoder freeze configuration:
[2026-04-01 09:49:20]   Total parameters:        18,192
[2026-04-01 09:49:20]   Trainable parameters:    4,352
[2026-04-01 09:49:20]   Training percentage:     23.9%
[2026-04-01 09:49:20]   Trainable layers: 4
[2026-04-01 09:49:20]     - final_layer.1.bias
[2026-04-01 09:49:20]     - final_layer.1.weight
[2026-04-01 09:49:20]     - spatial_conv.1.bias
[2026-04-01 09:49:20]     - spatial_conv.1.weight
[2026-04-01 09:49:20]     Train generator seeded: True
[2026-04-01 09:49:21]     Stopped epoch:            51
[2026-04-01 09:49:21]     Best epoch (valid_loss):  1
[2026-04-01 09:49:21]     Best valid_loss:          1.3858979940414429
[2026-04-01 09:49:21]     Test accuracy (primary):  0.2000
[2026-04-01 09:49:21]     Test balanced acc:        0.2000
[2026-04-01 09:49:21]     Confusion matrix:         [[4, 0, 0, 1], [5, 0, 0, 0], [5, 0, 0, 0], [5, 0, 0, 0]]
[2026-04-01 09:49:21]     Prediction histogram:     [19, 0, 0, 1]
[2026-04-01 09:49:21]     fold_acc=0.2000 fold_bal_acc=0.2000 cm=[[4, 0, 0, 1], [5, 0, 0, 0], [5, 0, 0, 0], [5, 0, 0, 0]]
[2026-04-01 09:49:21]   Subject 51 Fold 3 seed: 6117
[2026-04-01 09:49:21]   Subject 51 Fold 3: n_train=64 n_val=16 n_test=20
[2026-04-01 09:49:21]     Train class counts: [16, 16, 16, 16]
[2026-04-01 09:49:21]     Val class counts:   [4, 4, 4, 4]
[2026-04-01 09:49:21]     Test class counts:  [5, 5, 5, 5]
[2026-04-01 09:49:21] Building model with input window duration: 4.1875 s
[2026-04-01 09:49:21] Pretrained weight loading:
[2026-04-01 09:49:21]   Downloaded keys:        179
[2026-04-01 09:49:21]   Filtered (transformer): 172
[2026-04-01 09:49:21]   Filtered (pos_encoder): 0
[2026-04-01 09:49:21]   Keys to load:           7
[2026-04-01 09:49:21]   Missing keys:           4
[2026-04-01 09:49:21]   Unexpected keys:        0
[2026-04-01 09:49:21]   Missing preview:        ['spatial_conv.1.weight', 'spatial_conv.1.bias', 'final_layer.1.weight', 'final_layer.1.bias']
[2026-04-01 09:49:21]   Unexpected preview:     []
[2026-04-01 09:49:21] Encoder freeze configuration:
[2026-04-01 09:49:21]   Total parameters:        18,192
[2026-04-01 09:49:21]   Trainable parameters:    4,352
[2026-04-01 09:49:21]   Training percentage:     23.9%
[2026-04-01 09:49:21]   Trainable layers: 4
[2026-04-01 09:49:21]     - final_layer.1.bias
[2026-04-01 09:49:21]     - final_layer.1.weight
[2026-04-01 09:49:21]     - spatial_conv.1.bias
[2026-04-01 09:49:21]     - spatial_conv.1.weight
[2026-04-01 09:49:21]     Train generator seeded: True
[2026-04-01 09:49:21]     Stopped epoch:            51
[2026-04-01 09:49:21]     Best epoch (valid_loss):  1
[2026-04-01 09:49:21]     Best valid_loss:          1.3855409622192383
[2026-04-01 09:49:21]     Test accuracy (primary):  0.2000
[2026-04-01 09:49:21]     Test balanced acc:        0.2000
[2026-04-01 09:49:21]     Confusion matrix:         [[4, 0, 1, 0], [4, 0, 1, 0], [5, 0, 0, 0], [5, 0, 0, 0]]
[2026-04-01 09:49:21]     Prediction histogram:     [18, 0, 2, 0]
[2026-04-01 09:49:21]     fold_acc=0.2000 fold_bal_acc=0.2000 cm=[[4, 0, 1, 0], [4, 0, 1, 0], [5, 0, 0, 0], [5, 0, 0, 0]]
[2026-04-01 09:49:21]   Subject 51 Fold 4 seed: 6118
[2026-04-01 09:49:21]   Subject 51 Fold 4: n_train=64 n_val=16 n_test=20
[2026-04-01 09:49:21]     Train class counts: [16, 16, 16, 16]
[2026-04-01 09:49:21]     Val class counts:   [4, 4, 4, 4]
[2026-04-01 09:49:21]     Test class counts:  [5, 5, 5, 5]
[2026-04-01 09:49:21] Building model with input window duration: 4.1875 s
[2026-04-01 09:49:21] Pretrained weight loading:
[2026-04-01 09:49:21]   Downloaded keys:        179
[2026-04-01 09:49:21]   Filtered (transformer): 172
[2026-04-01 09:49:21]   Filtered (pos_encoder): 0
[2026-04-01 09:49:21]   Keys to load:           7
[2026-04-01 09:49:21]   Missing keys:           4
[2026-04-01 09:49:21]   Unexpected keys:        0
[2026-04-01 09:49:21]   Missing preview:        ['spatial_conv.1.weight', 'spatial_conv.1.bias', 'final_layer.1.weight', 'final_layer.1.bias']
[2026-04-01 09:49:21]   Unexpected preview:     []
[2026-04-01 09:49:21] Encoder freeze configuration:
[2026-04-01 09:49:21]   Total parameters:        18,192
[2026-04-01 09:49:21]   Trainable parameters:    4,352
[2026-04-01 09:49:21]   Training percentage:     23.9%
[2026-04-01 09:49:21]   Trainable layers: 4
[2026-04-01 09:49:21]     - final_layer.1.bias
[2026-04-01 09:49:21]     - final_layer.1.weight
[2026-04-01 09:49:21]     - spatial_conv.1.bias
[2026-04-01 09:49:21]     - spatial_conv.1.weight
[2026-04-01 09:49:21]     Train generator seeded: True
[2026-04-01 09:49:22]     Stopped epoch:            51
[2026-04-01 09:49:22]     Best epoch (valid_loss):  1
[2026-04-01 09:49:22]     Best valid_loss:          1.3830535411834717
[2026-04-01 09:49:22]     Test accuracy (primary):  0.1500
[2026-04-01 09:49:22]     Test balanced acc:        0.1500
[2026-04-01 09:49:22]     Confusion matrix:         [[1, 0, 2, 2], [1, 0, 2, 2], [2, 0, 2, 1], [0, 1, 4, 0]]
[2026-04-01 09:49:22]     Prediction histogram:     [4, 1, 10, 5]
[2026-04-01 09:49:22]     fold_acc=0.1500 fold_bal_acc=0.1500 cm=[[1, 0, 2, 2], [1, 0, 2, 2], [2, 0, 2, 1], [0, 1, 4, 0]]
[2026-04-01 09:49:22]   Subject 51 Fold 5 seed: 6119
[2026-04-01 09:49:22]   Subject 51 Fold 5: n_train=64 n_val=16 n_test=20
[2026-04-01 09:49:22]     Train class counts: [16, 16, 16, 16]
[2026-04-01 09:49:22]     Val class counts:   [4, 4, 4, 4]
[2026-04-01 09:49:22]     Test class counts:  [5, 5, 5, 5]
[2026-04-01 09:49:22] Building model with input window duration: 4.1875 s
[2026-04-01 09:49:22] Pretrained weight loading:
[2026-04-01 09:49:22]   Downloaded keys:        179
[2026-04-01 09:49:22]   Filtered (transformer): 172
[2026-04-01 09:49:22]   Filtered (pos_encoder): 0
[2026-04-01 09:49:22]   Keys to load:           7
[2026-04-01 09:49:22]   Missing keys:           4
[2026-04-01 09:49:22]   Unexpected keys:        0
[2026-04-01 09:49:22]   Missing preview:        ['spatial_conv.1.weight', 'spatial_conv.1.bias', 'final_layer.1.weight', 'final_layer.1.bias']
[2026-04-01 09:49:22]   Unexpected preview:     []
[2026-04-01 09:49:22] Encoder freeze configuration:
[2026-04-01 09:49:22]   Total parameters:        18,192
[2026-04-01 09:49:22]   Trainable parameters:    4,352
[2026-04-01 09:49:22]   Training percentage:     23.9%
[2026-04-01 09:49:22]   Trainable layers: 4
[2026-04-01 09:49:22]     - final_layer.1.bias
[2026-04-01 09:49:22]     - final_layer.1.weight
[2026-04-01 09:49:22]     - spatial_conv.1.bias
[2026-04-01 09:49:22]     - spatial_conv.1.weight
[2026-04-01 09:49:22]     Train generator seeded: True
[2026-04-01 09:49:24]     Stopped epoch:            143
[2026-04-01 09:49:24]     Best epoch (valid_loss):  93
[2026-04-01 09:49:24]     Best valid_loss:          1.3306810855865479
[2026-04-01 09:49:24]     Test accuracy (primary):  0.3500
[2026-04-01 09:49:24]     Test balanced acc:        0.3500
[2026-04-01 09:49:24]     Confusion matrix:         [[0, 0, 3, 2], [1, 2, 0, 2], [3, 1, 1, 0], [0, 0, 1, 4]]
[2026-04-01 09:49:24]     Prediction histogram:     [4, 3, 5, 8]
[2026-04-01 09:49:24]     fold_acc=0.3500 fold_bal_acc=0.3500 cm=[[0, 0, 3, 2], [1, 2, 0, 2], [3, 1, 1, 0], [0, 0, 1, 4]]
[2026-04-01 09:49:24]   Subject 51 mean accuracy: 0.2300

[2026-04-01 09:49:24] Total folds completed: 5
[2026-04-01 09:49:24] ======================================================================
[2026-04-01 09:49:24] AGGREGATED RESULTS
[2026-04-01 09:49:24] ======================================================================
[2026-04-01 09:49:24]   Subject 51:  acc=0.2300±0.0678  bal_acc=0.2300±0.0678
[2026-04-01 09:49:24] ----------------------------------------------------------------------
[2026-04-01 09:49:24]   OVERALL:      acc=0.2300±0.0678  bal_acc=0.2300±0.0678
[2026-04-01 09:49:24] ======================================================================
[2026-04-01 09:49:24] CV results saved to:      /home/vegorov/Repos/eeg_jepa_research/artifacts/lee-2019-fine-tuning/SSVEP/20260401_0949_2c5151b9/cv_results.json
[2026-04-01 09:49:24] Subject metrics saved to: /home/vegorov/Repos/eeg_jepa_research/artifacts/lee-2019-fine-tuning/SSVEP/20260401_0949_2c5151b9/subject_metrics.json
[2026-04-01 09:49:24] Global metrics saved to:  /home/vegorov/Repos/eeg_jepa_research/artifacts/lee-2019-fine-tuning/SSVEP/20260401_0949_2c5151b9/global_metrics.json
[2026-04-01 09:49:24] Run metadata saved to:    /home/vegorov/Repos/eeg_jepa_research/artifacts/lee-2019-fine-tuning/SSVEP/20260401_0949_2c5151b9/run_metadata.json

[2026-04-01 09:49:24] All artifacts in: /home/vegorov/Repos/eeg_jepa_research/artifacts/lee-2019-fine-tuning/SSVEP/20260401_0949_2c5151b9

[2026-04-01 09:49:24] ======================================================================
[2026-04-01 09:49:24] EXPERIMENT SUMMARY
[2026-04-01 09:49:24] ======================================================================
[2026-04-01 09:49:24] Run ID:    20260401_0949_2c5151b9
[2026-04-01 09:49:24] Artifacts: /home/vegorov/Repos/eeg_jepa_research/artifacts/lee-2019-fine-tuning/SSVEP/20260401_0949_2c5151b9

[2026-04-01 09:49:24] Configuration:
[2026-04-01 09:49:24]   Subjects:          [51]
[2026-04-01 09:49:24]   Bandpass:          0.5-40.0 Hz
[2026-04-01 09:49:24]   Resample:          128 Hz
[2026-04-01 09:49:24]   CV folds:          5
[2026-04-01 09:49:24]   Learning rate:     0.001
[2026-04-01 09:49:24]   Batch size:        16
[2026-04-01 09:49:24]   Max epochs:        5000

[2026-04-01 09:49:24] Results:
[2026-04-01 09:49:24]   Mean Accuracy:          0.2300 ± 0.0678
[2026-04-01 09:49:24]   Mean Balanced Accuracy: 0.2300 ± 0.0678
