[2026-04-01 09:51:30] Using device: cpu
[2026-04-01 09:51:30] Seed control enabled: True
[2026-04-01 09:51:30] Base seed: 1020
[2026-04-01 09:51:30] Seed initialized: 1020
[2026-04-01 09:51:30] ======================================================================
[2026-04-01 09:51:30] CONFIGURATION
[2026-04-01 09:51:30] ======================================================================
[2026-04-01 09:51:30]   artifact_dir: /home/vegorov/Repos/eeg_jepa_research/artifacts/lee-2019-fine-tuning
[2026-04-01 09:51:30]   bandpass_high: 40.0
[2026-04-01 09:51:30]   bandpass_low: 0.5
[2026-04-01 09:51:30]   batch_size: 16
[2026-04-01 09:51:30]   convert_to_uV: True
[2026-04-01 09:51:30]   cv_folds: 5
[2026-04-01 09:51:30]   device: auto
[2026-04-01 09:51:30]   early_stopping_patience: 50
[2026-04-01 09:51:30]   learning_rate: 0.001
[2026-04-01 09:51:30]   n_epochs: 5000
[2026-04-01 09:51:30]   normalization_method: None
[2026-04-01 09:51:30]   normalize: False
[2026-04-01 09:51:30]   paradigm: SSVEP
[2026-04-01 09:51:30]   pretrained_url: https://huggingface.co/braindecode/SignalJEPA/resolve/main/signal-jepa_16s-60_adeuwv4s.pth
[2026-04-01 09:51:30]   seed: 1020
[2026-04-01 09:51:30]   set_seed: True
[2026-04-01 09:51:30]   sfreq: 128
[2026-04-01 09:51:30]   subjects_to_use: [51]
[2026-04-01 09:51:30]   val_split: 0.2
[2026-04-01 09:51:30] ======================================================================
[2026-04-01 09:51:30] Config saved to: /home/vegorov/Repos/eeg_jepa_research/artifacts/lee-2019-fine-tuning/SSVEP/20260401_0951_a84c5e1a/config.json
[2026-04-01 09:51:30] Epoch window configuration:
[2026-04-01 09:51:30]   Target sfreq:                128 Hz
[2026-04-01 09:51:30]   Target duration:             4.190000 s
[2026-04-01 09:51:30]   Window samples (rounded):    536
[2026-04-01 09:51:30]   Base trial samples (4.0 s):  512
[2026-04-01 09:51:30]   Trial stop offset samples:   24
[2026-04-01 09:51:30]   Effective window duration:   4.187500 s
[2026-04-01 09:51:30] Using specified subjects from config: [51]
[2026-04-01 09:51:30] Selected subjects: [51]
[2026-04-01 09:51:30] Expected evaluation folds: 5

[2026-04-01 09:51:30] Building MOABBDataset for Lee2019_SSVEP...
[2026-04-01 09:51:39] MOABBDataset recordings loaded: 1
[2026-04-01 09:51:39] Discovered annotation descriptions (first recording): [np.str_('12.0'), np.str_('5.45'), np.str_('6.67'), np.str_('8.57')]
[2026-04-01 09:51:39] Dataset event_id mapping: {'12.0': 1, '8.57': 2, '6.67': 3, '5.45': 4}
[2026-04-01 09:51:39] Label map (event_code -> class_index): {1: 0, 2: 1, 3: 2, 4: 3}
[2026-04-01 09:51:39] Applying Braindecode preprocessors to MOABBDataset...
[2026-04-01 09:51:42] Preprocessing complete.

[2026-04-01 09:51:42] Post-preprocessing validation
[2026-04-01 09:51:42]   Recordings in DATASET: 1
[2026-04-01 09:51:42]   Unique subject IDs:    ['51']
[2026-04-01 09:51:42]   sfreq (first rec):     128.0 Hz
[2026-04-01 09:51:42]   EEG channel count:     62
[2026-04-01 09:51:42]   First 10 channels:     ['Fp1', 'Fp2', 'F7', 'F3', 'Fz', 'F4', 'F8', 'FC5', 'FC1', 'FC2']
[2026-04-01 09:51:42] Channel consistency summary:
[2026-04-01 09:51:42]   Checked runs: 1
[2026-04-01 09:51:42]   Unique channel counts: [62]
[2026-04-01 09:51:42]   Channel order consistent: True
[2026-04-01 09:51:42] Validated EEG channels: 62
[2026-04-01 09:51:42] First 10 EEG channels: ['Fp1', 'Fp2', 'F7', 'F3', 'Fz', 'F4', 'F8', 'FC5', 'FC1', 'FC2']
[2026-04-01 09:51:42] raw mean_abs=8.654730e+00
[2026-04-01 09:51:42] raw std=3.494582e+01
[2026-04-01 09:51:42] raw first5 channel std= [46.22404553 54.63339771 16.95830183 13.82897057 11.24366025]
[2026-04-01 09:51:42] Requested window samples: 536
[2026-04-01 09:51:42] Base trial samples:       512
[2026-04-01 09:51:42] Stop offset samples:      24
[2026-04-01 09:51:42] Global class counts: [25, 25, 25, 25]
[2026-04-01 09:51:42] Chance level (4-class): 0.25
[2026-04-01 09:51:42] One window shape: (62, 536)
[2026-04-01 09:51:42] One window label: 1
[2026-04-01 09:51:42] Window sample length expected=536, got=536
[2026-04-01 09:51:42] Subjects in window split: [51]
[2026-04-01 09:51:42] Summarizing per-subject windows...
[2026-04-01 09:51:42]   Subject 51: n_windows=100, window_shape=(62, 536), class_counts=[25, 25, 25, 25]
[2026-04-01 09:51:42]    subject_id  n_windows  n_channels  n_times      class_counts
0          51        100          62      536  [25, 25, 25, 25]
[2026-04-01 09:51:42] Window validation summary:
[2026-04-01 09:51:42]   Subject 51: n_windows=100 class_counts=[25, 25, 25, 25]

[2026-04-01 09:51:42] Validated sampling rate target: 128 Hz
[2026-04-01 09:51:42] Validated window sample count:   536
[2026-04-01 09:51:42] Validated window duration:       4.1875 s
[2026-04-01 09:51:42] Validated channel count:         62
[2026-04-01 09:51:42] Total windows retained:          100
[2026-04-01 09:51:42] Preprocessing sanity checks:
[2026-04-01 09:51:42]   One sample label: 1
[2026-04-01 09:51:42]   One sample shape: (62, 536)
[2026-04-01 09:51:42]   Mean(abs(signal)): 4.094026e+00
[2026-04-01 09:51:42]   Mean(signal):      7.346552e-09
[2026-04-01 09:51:42]   Std(signal):       5.860601e+00
[2026-04-01 09:51:42] Building model with input window duration: 4.1875 s
[2026-04-01 09:51:42] SignalJEPA_PreLocal instantiated successfully.
[2026-04-01 09:51:42]   Total parameters:     18,192
[2026-04-01 09:51:42]   Trainable parameters: 18,192
[2026-04-01 09:51:42] ======================================================================================================================================================
Layer (type (var_name):depth-idx)                  Input Shape               Output Shape              Param #                   Kernel Shape
======================================================================================================================================================
SignalJEPA_PreLocal (SignalJEPA_PreLocal)          [1, 62, 536]              [1, 4]                    --                        --
├─Sequential (spatial_conv): 1-1                   [1, 62, 536]              [1, 4, 536]               --                        --
│    └─Rearrange (0): 2-1                          [1, 62, 536]              [1, 1, 62, 536]           --                        --
│    └─Conv2d (1): 2-2                             [1, 1, 62, 536]           [1, 4, 1, 536]            252                       [62, 1]
│    └─Rearrange (2): 2-3                          [1, 4, 1, 536]            [1, 4, 536]               --                        --
├─_ConvFeatureEncoder (feature_encoder): 1-2       [1, 4, 536]               [1, 16, 64]               --                        --
│    └─Rearrange (0): 2-4                          [1, 4, 536]               [4, 1, 536]               --                        --
│    └─Sequential (1): 2-5                         [4, 1, 536]               [4, 8, 64]                --                        --
│    │    └─Conv1d (0): 3-1                        [4, 1, 536]               [4, 8, 64]                256                       [32]
│    │    └─Dropout (1): 3-2                       [4, 8, 64]                [4, 8, 64]                --                        --
│    │    └─GroupNorm (2): 3-3                     [4, 8, 64]                [4, 8, 64]                16                        --
│    │    └─GELU (3): 3-4                          [4, 8, 64]                [4, 8, 64]                --                        --
│    └─Sequential (2): 2-6                         [4, 8, 64]                [4, 16, 32]               --                        --
│    │    └─Conv1d (0): 3-5                        [4, 8, 64]                [4, 16, 32]               256                       [2]
│    │    └─Dropout (1): 3-6                       [4, 16, 32]               [4, 16, 32]               --                        --
│    │    └─GELU (2): 3-7                          [4, 16, 32]               [4, 16, 32]               --                        --
│    └─Sequential (3): 2-7                         [4, 16, 32]               [4, 32, 16]               --                        --
│    │    └─Conv1d (0): 3-8                        [4, 16, 32]               [4, 32, 16]               1,024                     [2]
│    │    └─Dropout (1): 3-9                       [4, 32, 16]               [4, 32, 16]               --                        --
│    │    └─GELU (2): 3-10                         [4, 32, 16]               [4, 32, 16]               --                        --
│    └─Sequential (4): 2-8                         [4, 32, 16]               [4, 64, 8]                --                        --
│    │    └─Conv1d (0): 3-11                       [4, 32, 16]               [4, 64, 8]                4,096                     [2]
│    │    └─Dropout (1): 3-12                      [4, 64, 8]                [4, 64, 8]                --                        --
│    │    └─GELU (2): 3-13                         [4, 64, 8]                [4, 64, 8]                --                        --
│    └─Sequential (5): 2-9                         [4, 64, 8]                [4, 64, 4]                --                        --
│    │    └─Conv1d (0): 3-14                       [4, 64, 8]                [4, 64, 4]                8,192                     [2]
│    │    └─Dropout (1): 3-15                      [4, 64, 4]                [4, 64, 4]                --                        --
│    │    └─GELU (2): 3-16                         [4, 64, 4]                [4, 64, 4]                --                        --
│    └─Rearrange (6): 2-10                         [4, 64, 4]                [1, 16, 64]               --                        --
├─Sequential (final_layer): 1-3                    [1, 16, 64]               [1, 4]                    --                        --
│    └─Flatten (0): 2-11                           [1, 16, 64]               [1, 1024]                 --                        --
│    └─Linear (1): 2-12                            [1, 1024]                 [1, 4]                    4,100                     --
======================================================================================================================================================
Total params: 18,192
Trainable params: 18,192
Non-trainable params: 0
Total mult-adds (Units.MEGABYTES): 0.57
======================================================================================================================================================
Input size (MB): 0.13
Forward/backward pass size (MB): 0.11
Params size (MB): 0.07
Estimated Total Size (MB): 0.31
======================================================================================================================================================
[2026-04-01 09:51:42] Initializing from 16s-60 pretrained checkpoint (Hugging Face):
[2026-04-01 09:51:42]   https://huggingface.co/braindecode/SignalJEPA/resolve/main/signal-jepa_16s-60_adeuwv4s.pth
[2026-04-01 09:51:42]   Downloaded 179 keys
[2026-04-01 09:51:42] ======================================================================
[2026-04-01 09:51:42] STARTING CROSS-VALIDATION
[2026-04-01 09:51:42] ======================================================================
[2026-04-01 09:51:42] Subjects:      [51]
[2026-04-01 09:51:42] CV folds:      5
[2026-04-01 09:51:42] Batch size:    16
[2026-04-01 09:51:42] Max epochs:    5000
[2026-04-01 09:51:42] Device:        cpu
[2026-04-01 09:51:42] Seed control:  True
[2026-04-01 09:51:42] Base seed:     1020
[2026-04-01 09:51:42] ======================================================================

[2026-04-01 09:51:42] Subject 51: 100 windows class_counts=[25, 25, 25, 25]
[2026-04-01 09:51:42]   Fold 1 split seed: 1021
[2026-04-01 09:51:42]   Fold 1 split class counts:
[2026-04-01 09:51:42]     train=[16, 16, 16, 16] val=[4, 4, 4, 4] test=[5, 5, 5, 5]
[2026-04-01 09:51:42]   Fold 2 split seed: 1022
[2026-04-01 09:51:42]   Fold 2 split class counts:
[2026-04-01 09:51:42]     train=[16, 16, 16, 16] val=[4, 4, 4, 4] test=[5, 5, 5, 5]
[2026-04-01 09:51:42]   Fold 3 split seed: 1023
[2026-04-01 09:51:42]   Fold 3 split class counts:
[2026-04-01 09:51:42]     train=[16, 16, 16, 16] val=[4, 4, 4, 4] test=[5, 5, 5, 5]
[2026-04-01 09:51:42]   Fold 4 split seed: 1024
[2026-04-01 09:51:42]   Fold 4 split class counts:
[2026-04-01 09:51:42]     train=[16, 16, 16, 16] val=[4, 4, 4, 4] test=[5, 5, 5, 5]
[2026-04-01 09:51:42]   Fold 5 split seed: 1025
[2026-04-01 09:51:42]   Fold 5 split class counts:
[2026-04-01 09:51:42]     train=[16, 16, 16, 16] val=[4, 4, 4, 4] test=[5, 5, 5, 5]
[2026-04-01 09:51:42]   Subject 51 Fold 1 seed: 6121
[2026-04-01 09:51:42]   Subject 51 Fold 1: n_train=64 n_val=16 n_test=20
[2026-04-01 09:51:42]     Train class counts: [16, 16, 16, 16]
[2026-04-01 09:51:42]     Val class counts:   [4, 4, 4, 4]
[2026-04-01 09:51:42]     Test class counts:  [5, 5, 5, 5]
[2026-04-01 09:51:42] Building model with input window duration: 4.1875 s
[2026-04-01 09:51:42] Pretrained weight loading:
[2026-04-01 09:51:42]   Downloaded keys:        179
[2026-04-01 09:51:42]   Filtered (transformer): 172
[2026-04-01 09:51:42]   Filtered (pos_encoder): 0
[2026-04-01 09:51:42]   Keys to load:           7
[2026-04-01 09:51:42]   Missing keys:           4
[2026-04-01 09:51:42]   Unexpected keys:        0
[2026-04-01 09:51:42]   Missing preview:        ['spatial_conv.1.weight', 'spatial_conv.1.bias', 'final_layer.1.weight', 'final_layer.1.bias']
[2026-04-01 09:51:42]   Unexpected preview:     []
[2026-04-01 09:51:42] Encoder freeze configuration:
[2026-04-01 09:51:42]   Total parameters:        18,192
[2026-04-01 09:51:42]   Trainable parameters:    4,352
[2026-04-01 09:51:42]   Training percentage:     23.9%
[2026-04-01 09:51:42]   Trainable layers: 4
[2026-04-01 09:51:42]     - final_layer.1.bias
[2026-04-01 09:51:42]     - final_layer.1.weight
[2026-04-01 09:51:42]     - spatial_conv.1.bias
[2026-04-01 09:51:42]     - spatial_conv.1.weight
[2026-04-01 09:51:42]     Train generator seeded: True
[2026-04-01 09:51:44]     Stopped epoch:            119
[2026-04-01 09:51:44]     Best epoch (valid_loss):  70
[2026-04-01 09:51:44]     Best valid_loss:          1.3400287628173828
[2026-04-01 09:51:44]     Test accuracy (primary):  0.1500
[2026-04-01 09:51:44]     Test balanced acc:        0.1500
[2026-04-01 09:51:44]     Confusion matrix:         [[0, 1, 1, 3], [1, 1, 2, 1], [1, 2, 1, 1], [1, 0, 3, 1]]
[2026-04-01 09:51:44]     Prediction histogram:     [3, 4, 7, 6]
[2026-04-01 09:51:44]     fold_acc=0.1500 fold_bal_acc=0.1500 cm=[[0, 1, 1, 3], [1, 1, 2, 1], [1, 2, 1, 1], [1, 0, 3, 1]]
[2026-04-01 09:51:44]   Subject 51 Fold 2 seed: 6122
[2026-04-01 09:51:44]   Subject 51 Fold 2: n_train=64 n_val=16 n_test=20
[2026-04-01 09:51:44]     Train class counts: [16, 16, 16, 16]
[2026-04-01 09:51:44]     Val class counts:   [4, 4, 4, 4]
[2026-04-01 09:51:44]     Test class counts:  [5, 5, 5, 5]
[2026-04-01 09:51:44] Building model with input window duration: 4.1875 s
[2026-04-01 09:51:44] Pretrained weight loading:
[2026-04-01 09:51:44]   Downloaded keys:        179
[2026-04-01 09:51:44]   Filtered (transformer): 172
[2026-04-01 09:51:44]   Filtered (pos_encoder): 0
[2026-04-01 09:51:44]   Keys to load:           7
[2026-04-01 09:51:44]   Missing keys:           4
[2026-04-01 09:51:44]   Unexpected keys:        0
[2026-04-01 09:51:44]   Missing preview:        ['spatial_conv.1.weight', 'spatial_conv.1.bias', 'final_layer.1.weight', 'final_layer.1.bias']
[2026-04-01 09:51:44]   Unexpected preview:     []
[2026-04-01 09:51:44] Encoder freeze configuration:
[2026-04-01 09:51:44]   Total parameters:        18,192
[2026-04-01 09:51:44]   Trainable parameters:    4,352
[2026-04-01 09:51:44]   Training percentage:     23.9%
[2026-04-01 09:51:44]   Trainable layers: 4
[2026-04-01 09:51:44]     - final_layer.1.bias
[2026-04-01 09:51:44]     - final_layer.1.weight
[2026-04-01 09:51:44]     - spatial_conv.1.bias
[2026-04-01 09:51:44]     - spatial_conv.1.weight
[2026-04-01 09:51:44]     Train generator seeded: True
[2026-04-01 09:51:44]     Stopped epoch:            51
[2026-04-01 09:51:44]     Best epoch (valid_loss):  1
[2026-04-01 09:51:44]     Best valid_loss:          1.3876447677612305
[2026-04-01 09:51:44]     Test accuracy (primary):  0.3000
[2026-04-01 09:51:44]     Test balanced acc:        0.3000
[2026-04-01 09:51:44]     Confusion matrix:         [[1, 1, 0, 3], [0, 1, 0, 4], [0, 0, 0, 5], [1, 0, 0, 4]]
[2026-04-01 09:51:44]     Prediction histogram:     [2, 2, 0, 16]
[2026-04-01 09:51:44]     fold_acc=0.3000 fold_bal_acc=0.3000 cm=[[1, 1, 0, 3], [0, 1, 0, 4], [0, 0, 0, 5], [1, 0, 0, 4]]
[2026-04-01 09:51:44]   Subject 51 Fold 3 seed: 6123
[2026-04-01 09:51:44]   Subject 51 Fold 3: n_train=64 n_val=16 n_test=20
[2026-04-01 09:51:44]     Train class counts: [16, 16, 16, 16]
[2026-04-01 09:51:44]     Val class counts:   [4, 4, 4, 4]
[2026-04-01 09:51:44]     Test class counts:  [5, 5, 5, 5]
[2026-04-01 09:51:44] Building model with input window duration: 4.1875 s
[2026-04-01 09:51:44] Pretrained weight loading:
[2026-04-01 09:51:44]   Downloaded keys:        179
[2026-04-01 09:51:44]   Filtered (transformer): 172
[2026-04-01 09:51:44]   Filtered (pos_encoder): 0
[2026-04-01 09:51:44]   Keys to load:           7
[2026-04-01 09:51:44]   Missing keys:           4
[2026-04-01 09:51:44]   Unexpected keys:        0
[2026-04-01 09:51:44]   Missing preview:        ['spatial_conv.1.weight', 'spatial_conv.1.bias', 'final_layer.1.weight', 'final_layer.1.bias']
[2026-04-01 09:51:44]   Unexpected preview:     []
[2026-04-01 09:51:44] Encoder freeze configuration:
[2026-04-01 09:51:44]   Total parameters:        18,192
[2026-04-01 09:51:44]   Trainable parameters:    4,352
[2026-04-01 09:51:44]   Training percentage:     23.9%
[2026-04-01 09:51:44]   Trainable layers: 4
[2026-04-01 09:51:44]     - final_layer.1.bias
[2026-04-01 09:51:44]     - final_layer.1.weight
[2026-04-01 09:51:44]     - spatial_conv.1.bias
[2026-04-01 09:51:44]     - spatial_conv.1.weight
[2026-04-01 09:51:44]     Train generator seeded: True
[2026-04-01 09:51:45]     Stopped epoch:            94
[2026-04-01 09:51:45]     Best epoch (valid_loss):  44
[2026-04-01 09:51:45]     Best valid_loss:          1.3852999210357666
[2026-04-01 09:51:45]     Test accuracy (primary):  0.3000
[2026-04-01 09:51:45]     Test balanced acc:        0.3000
[2026-04-01 09:51:45]     Confusion matrix:         [[2, 0, 3, 0], [2, 1, 0, 2], [0, 2, 1, 2], [0, 1, 2, 2]]
[2026-04-01 09:51:45]     Prediction histogram:     [4, 4, 6, 6]
[2026-04-01 09:51:45]     fold_acc=0.3000 fold_bal_acc=0.3000 cm=[[2, 0, 3, 0], [2, 1, 0, 2], [0, 2, 1, 2], [0, 1, 2, 2]]
[2026-04-01 09:51:45]   Subject 51 Fold 4 seed: 6124
[2026-04-01 09:51:45]   Subject 51 Fold 4: n_train=64 n_val=16 n_test=20
[2026-04-01 09:51:45]     Train class counts: [16, 16, 16, 16]
[2026-04-01 09:51:45]     Val class counts:   [4, 4, 4, 4]
[2026-04-01 09:51:45]     Test class counts:  [5, 5, 5, 5]
[2026-04-01 09:51:45] Building model with input window duration: 4.1875 s
[2026-04-01 09:51:45] Pretrained weight loading:
[2026-04-01 09:51:45]   Downloaded keys:        179
[2026-04-01 09:51:45]   Filtered (transformer): 172
[2026-04-01 09:51:45]   Filtered (pos_encoder): 0
[2026-04-01 09:51:45]   Keys to load:           7
[2026-04-01 09:51:45]   Missing keys:           4
[2026-04-01 09:51:45]   Unexpected keys:        0
[2026-04-01 09:51:45]   Missing preview:        ['spatial_conv.1.weight', 'spatial_conv.1.bias', 'final_layer.1.weight', 'final_layer.1.bias']
[2026-04-01 09:51:45]   Unexpected preview:     []
[2026-04-01 09:51:45] Encoder freeze configuration:
[2026-04-01 09:51:45]   Total parameters:        18,192
[2026-04-01 09:51:45]   Trainable parameters:    4,352
[2026-04-01 09:51:45]   Training percentage:     23.9%
[2026-04-01 09:51:45]   Trainable layers: 4
[2026-04-01 09:51:45]     - final_layer.1.bias
[2026-04-01 09:51:45]     - final_layer.1.weight
[2026-04-01 09:51:45]     - spatial_conv.1.bias
[2026-04-01 09:51:45]     - spatial_conv.1.weight
[2026-04-01 09:51:45]     Train generator seeded: True
[2026-04-01 09:51:46]     Stopped epoch:            51
[2026-04-01 09:51:46]     Best epoch (valid_loss):  1
[2026-04-01 09:51:46]     Best valid_loss:          1.3874696493148804
[2026-04-01 09:51:46]     Test accuracy (primary):  0.3000
[2026-04-01 09:51:46]     Test balanced acc:        0.3000
[2026-04-01 09:51:46]     Confusion matrix:         [[0, 1, 1, 3], [0, 0, 0, 5], [0, 0, 1, 4], [0, 0, 0, 5]]
[2026-04-01 09:51:46]     Prediction histogram:     [0, 1, 2, 17]
[2026-04-01 09:51:46]     fold_acc=0.3000 fold_bal_acc=0.3000 cm=[[0, 1, 1, 3], [0, 0, 0, 5], [0, 0, 1, 4], [0, 0, 0, 5]]
[2026-04-01 09:51:46]   Subject 51 Fold 5 seed: 6125
[2026-04-01 09:51:46]   Subject 51 Fold 5: n_train=64 n_val=16 n_test=20
[2026-04-01 09:51:46]     Train class counts: [16, 16, 16, 16]
[2026-04-01 09:51:46]     Val class counts:   [4, 4, 4, 4]
[2026-04-01 09:51:46]     Test class counts:  [5, 5, 5, 5]
[2026-04-01 09:51:46] Building model with input window duration: 4.1875 s
[2026-04-01 09:51:46] Pretrained weight loading:
[2026-04-01 09:51:46]   Downloaded keys:        179
[2026-04-01 09:51:46]   Filtered (transformer): 172
[2026-04-01 09:51:46]   Filtered (pos_encoder): 0
[2026-04-01 09:51:46]   Keys to load:           7
[2026-04-01 09:51:46]   Missing keys:           4
[2026-04-01 09:51:46]   Unexpected keys:        0
[2026-04-01 09:51:46]   Missing preview:        ['spatial_conv.1.weight', 'spatial_conv.1.bias', 'final_layer.1.weight', 'final_layer.1.bias']
[2026-04-01 09:51:46]   Unexpected preview:     []
[2026-04-01 09:51:46] Encoder freeze configuration:
[2026-04-01 09:51:46]   Total parameters:        18,192
[2026-04-01 09:51:46]   Trainable parameters:    4,352
[2026-04-01 09:51:46]   Training percentage:     23.9%
[2026-04-01 09:51:46]   Trainable layers: 4
[2026-04-01 09:51:46]     - final_layer.1.bias
[2026-04-01 09:51:46]     - final_layer.1.weight
[2026-04-01 09:51:46]     - spatial_conv.1.bias
[2026-04-01 09:51:46]     - spatial_conv.1.weight
[2026-04-01 09:51:46]     Train generator seeded: True
[2026-04-01 09:51:50]     Stopped epoch:            348
[2026-04-01 09:51:50]     Best epoch (valid_loss):  298
[2026-04-01 09:51:50]     Best valid_loss:          1.115778923034668
[2026-04-01 09:51:50]     Test accuracy (primary):  0.3000
[2026-04-01 09:51:50]     Test balanced acc:        0.3000
[2026-04-01 09:51:50]     Confusion matrix:         [[2, 2, 0, 1], [1, 1, 1, 2], [1, 1, 2, 1], [3, 1, 0, 1]]
[2026-04-01 09:51:50]     Prediction histogram:     [7, 5, 3, 5]
[2026-04-01 09:51:50]     fold_acc=0.3000 fold_bal_acc=0.3000 cm=[[2, 2, 0, 1], [1, 1, 1, 2], [1, 1, 2, 1], [3, 1, 0, 1]]
[2026-04-01 09:51:50]   Subject 51 mean accuracy: 0.2700

[2026-04-01 09:51:50] Total folds completed: 5
[2026-04-01 09:51:50] ======================================================================
[2026-04-01 09:51:50] AGGREGATED RESULTS
[2026-04-01 09:51:50] ======================================================================
[2026-04-01 09:51:50]   Subject 51:  acc=0.2700±0.0600  bal_acc=0.2700±0.0600
[2026-04-01 09:51:50] ----------------------------------------------------------------------
[2026-04-01 09:51:50]   OVERALL:      acc=0.2700±0.0600  bal_acc=0.2700±0.0600
[2026-04-01 09:51:50] ======================================================================
[2026-04-01 09:51:50] CV results saved to:      /home/vegorov/Repos/eeg_jepa_research/artifacts/lee-2019-fine-tuning/SSVEP/20260401_0951_a84c5e1a/cv_results.json
[2026-04-01 09:51:50] Subject metrics saved to: /home/vegorov/Repos/eeg_jepa_research/artifacts/lee-2019-fine-tuning/SSVEP/20260401_0951_a84c5e1a/subject_metrics.json
[2026-04-01 09:51:50] Global metrics saved to:  /home/vegorov/Repos/eeg_jepa_research/artifacts/lee-2019-fine-tuning/SSVEP/20260401_0951_a84c5e1a/global_metrics.json
[2026-04-01 09:51:50] Run metadata saved to:    /home/vegorov/Repos/eeg_jepa_research/artifacts/lee-2019-fine-tuning/SSVEP/20260401_0951_a84c5e1a/run_metadata.json

[2026-04-01 09:51:50] All artifacts in: /home/vegorov/Repos/eeg_jepa_research/artifacts/lee-2019-fine-tuning/SSVEP/20260401_0951_a84c5e1a

[2026-04-01 09:51:50] ======================================================================
[2026-04-01 09:51:50] EXPERIMENT SUMMARY
[2026-04-01 09:51:50] ======================================================================
[2026-04-01 09:51:50] Run ID:    20260401_0951_a84c5e1a
[2026-04-01 09:51:50] Artifacts: /home/vegorov/Repos/eeg_jepa_research/artifacts/lee-2019-fine-tuning/SSVEP/20260401_0951_a84c5e1a

[2026-04-01 09:51:50] Configuration:
[2026-04-01 09:51:50]   Subjects:          [51]
[2026-04-01 09:51:50]   Bandpass:          0.5-40.0 Hz
[2026-04-01 09:51:50]   Resample:          128 Hz
[2026-04-01 09:51:50]   CV folds:          5
[2026-04-01 09:51:50]   Learning rate:     0.001
[2026-04-01 09:51:50]   Batch size:        16
[2026-04-01 09:51:50]   Max epochs:        5000

[2026-04-01 09:51:50] Results:
[2026-04-01 09:51:50]   Mean Accuracy:          0.2700 ± 0.0600
[2026-04-01 09:51:50]   Mean Balanced Accuracy: 0.2700 ± 0.0600
