[2026-03-31 18:17:16] Using device: cpu
[2026-03-31 18:17:16] Seed control enabled: True
[2026-03-31 18:17:16] Base seed: 703
[2026-03-31 18:17:16] Seed initialized: 703
[2026-03-31 18:17:16] ======================================================================
[2026-03-31 18:17:16] CONFIGURATION
[2026-03-31 18:17:16] ======================================================================
[2026-03-31 18:17:16]   artifact_dir: /home/vegorov/Repos/eeg_jepa_research/artifacts/lee-2019-fine-tuning
[2026-03-31 18:17:16]   bandpass_high: 40.0
[2026-03-31 18:17:16]   bandpass_low: 1.0
[2026-03-31 18:17:16]   batch_size: 16
[2026-03-31 18:17:16]   convert_to_uV: True
[2026-03-31 18:17:16]   cv_folds: 5
[2026-03-31 18:17:16]   device: auto
[2026-03-31 18:17:16]   early_stopping_patience: 50
[2026-03-31 18:17:16]   learning_rate: 0.001
[2026-03-31 18:17:16]   n_epochs: 5000
[2026-03-31 18:17:16]   normalization_method: None
[2026-03-31 18:17:16]   normalize: False
[2026-03-31 18:17:16]   paradigm: SSVEP
[2026-03-31 18:17:16]   pretrained_url: https://huggingface.co/braindecode/SignalJEPA/resolve/main/signal-jepa_16s-60_adeuwv4s.pth
[2026-03-31 18:17:16]   seed: 703
[2026-03-31 18:17:16]   set_seed: True
[2026-03-31 18:17:16]   sfreq: 128
[2026-03-31 18:17:16]   subjects_to_use: [51]
[2026-03-31 18:17:16]   val_split: 0.2
[2026-03-31 18:17:16] ======================================================================
[2026-03-31 18:17:16] Config saved to: /home/vegorov/Repos/eeg_jepa_research/artifacts/lee-2019-fine-tuning/SSVEP/20260331_1817_67012eba/config.json
[2026-03-31 18:17:16] Epoch window configuration:
[2026-03-31 18:17:16]   Target sfreq:                128 Hz
[2026-03-31 18:17:16]   Target duration:             4.190000 s
[2026-03-31 18:17:16]   Window samples (rounded):    536
[2026-03-31 18:17:16]   Base trial samples (4.0 s):  512
[2026-03-31 18:17:16]   Trial stop offset samples:   24
[2026-03-31 18:17:16]   Effective window duration:   4.187500 s
[2026-03-31 18:17:16] Using specified subjects from config: [51]
[2026-03-31 18:17:16] Selected subjects: [51]
[2026-03-31 18:17:16] Expected evaluation folds: 5

[2026-03-31 18:17:16] Building MOABBDataset for Lee2019_SSVEP...
[2026-03-31 18:17:25] MOABBDataset recordings loaded: 1
[2026-03-31 18:17:25] Discovered annotation descriptions (first recording): [np.str_('12.0'), np.str_('5.45'), np.str_('6.67'), np.str_('8.57')]
[2026-03-31 18:17:25] Dataset event_id mapping: {'12.0': 1, '8.57': 2, '6.67': 3, '5.45': 4}
[2026-03-31 18:17:25] Label map (event_code -> class_index): {1: 0, 2: 1, 3: 2, 4: 3}
[2026-03-31 18:17:25] Applying Braindecode preprocessors to MOABBDataset...
[2026-03-31 18:17:28] Preprocessing complete.

[2026-03-31 18:17:28] Post-preprocessing validation
[2026-03-31 18:17:28]   Recordings in DATASET: 1
[2026-03-31 18:17:28]   Unique subject IDs:    ['51']
[2026-03-31 18:17:28]   sfreq (first rec):     128.0 Hz
[2026-03-31 18:17:28]   EEG channel count:     62
[2026-03-31 18:17:28]   First 10 channels:     ['Fp1', 'Fp2', 'F7', 'F3', 'Fz', 'F4', 'F8', 'FC5', 'FC1', 'FC2']
[2026-03-31 18:17:28] Channel consistency summary:
[2026-03-31 18:17:28]   Checked runs: 1
[2026-03-31 18:17:28]   Unique channel counts: [62]
[2026-03-31 18:17:28]   Channel order consistent: True
[2026-03-31 18:17:28] Validated EEG channels: 62
[2026-03-31 18:17:28] First 10 EEG channels: ['Fp1', 'Fp2', 'F7', 'F3', 'Fz', 'F4', 'F8', 'FC5', 'FC1', 'FC2']
[2026-03-31 18:17:28] raw mean_abs=6.244628e+00
[2026-03-31 18:17:28] raw std=2.709630e+01
[2026-03-31 18:17:28] raw first5 channel std= [26.81433425 34.79387627 10.93836705  9.7518839   8.8506369 ]
[2026-03-31 18:17:28] Requested window samples: 536
[2026-03-31 18:17:28] Base trial samples:       512
[2026-03-31 18:17:28] Stop offset samples:      24
[2026-03-31 18:17:28] Global class counts: [25, 25, 25, 25]
[2026-03-31 18:17:28] Chance level (4-class): 0.25
[2026-03-31 18:17:28] One window shape: (62, 536)
[2026-03-31 18:17:28] One window label: 1
[2026-03-31 18:17:28] Window sample length expected=536, got=536
[2026-03-31 18:17:28] Subjects in window split: [51]
[2026-03-31 18:17:28] Summarizing per-subject windows...
[2026-03-31 18:17:28]   Subject 51: n_windows=100, window_shape=(62, 536), class_counts=[25, 25, 25, 25]
[2026-03-31 18:17:28]    subject_id  n_windows  n_channels  n_times      class_counts
0          51        100          62      536  [25, 25, 25, 25]
[2026-03-31 18:17:28] Window validation summary:
[2026-03-31 18:17:28]   Subject 51: n_windows=100 class_counts=[25, 25, 25, 25]

[2026-03-31 18:17:28] Validated sampling rate target: 128 Hz
[2026-03-31 18:17:28] Validated window sample count:   536
[2026-03-31 18:17:28] Validated window duration:       4.1875 s
[2026-03-31 18:17:28] Validated channel count:         62
[2026-03-31 18:17:28] Total windows retained:          100
[2026-03-31 18:17:28] Preprocessing sanity checks:
[2026-03-31 18:17:28]   One sample label: 1
[2026-03-31 18:17:28]   One sample shape: (62, 536)
[2026-03-31 18:17:28]   Mean(abs(signal)): 3.653574e+00
[2026-03-31 18:17:28]   Mean(signal):      -5.509914e-09
[2026-03-31 18:17:28]   Std(signal):       5.264706e+00
[2026-03-31 18:17:28] Building model with input window duration: 4.1875 s
[2026-03-31 18:17:28] SignalJEPA_PreLocal instantiated successfully.
[2026-03-31 18:17:28]   Total parameters:     18,192
[2026-03-31 18:17:28]   Trainable parameters: 18,192
[2026-03-31 18:17:28] ======================================================================================================================================================
Layer (type (var_name):depth-idx)                  Input Shape               Output Shape              Param #                   Kernel Shape
======================================================================================================================================================
SignalJEPA_PreLocal (SignalJEPA_PreLocal)          [1, 62, 536]              [1, 4]                    --                        --
├─Sequential (spatial_conv): 1-1                   [1, 62, 536]              [1, 4, 536]               --                        --
│    └─Rearrange (0): 2-1                          [1, 62, 536]              [1, 1, 62, 536]           --                        --
│    └─Conv2d (1): 2-2                             [1, 1, 62, 536]           [1, 4, 1, 536]            252                       [62, 1]
│    └─Rearrange (2): 2-3                          [1, 4, 1, 536]            [1, 4, 536]               --                        --
├─_ConvFeatureEncoder (feature_encoder): 1-2       [1, 4, 536]               [1, 16, 64]               --                        --
│    └─Rearrange (0): 2-4                          [1, 4, 536]               [4, 1, 536]               --                        --
│    └─Sequential (1): 2-5                         [4, 1, 536]               [4, 8, 64]                --                        --
│    │    └─Conv1d (0): 3-1                        [4, 1, 536]               [4, 8, 64]                256                       [32]
│    │    └─Dropout (1): 3-2                       [4, 8, 64]                [4, 8, 64]                --                        --
│    │    └─GroupNorm (2): 3-3                     [4, 8, 64]                [4, 8, 64]                16                        --
│    │    └─GELU (3): 3-4                          [4, 8, 64]                [4, 8, 64]                --                        --
│    └─Sequential (2): 2-6                         [4, 8, 64]                [4, 16, 32]               --                        --
│    │    └─Conv1d (0): 3-5                        [4, 8, 64]                [4, 16, 32]               256                       [2]
│    │    └─Dropout (1): 3-6                       [4, 16, 32]               [4, 16, 32]               --                        --
│    │    └─GELU (2): 3-7                          [4, 16, 32]               [4, 16, 32]               --                        --
│    └─Sequential (3): 2-7                         [4, 16, 32]               [4, 32, 16]               --                        --
│    │    └─Conv1d (0): 3-8                        [4, 16, 32]               [4, 32, 16]               1,024                     [2]
│    │    └─Dropout (1): 3-9                       [4, 32, 16]               [4, 32, 16]               --                        --
│    │    └─GELU (2): 3-10                         [4, 32, 16]               [4, 32, 16]               --                        --
│    └─Sequential (4): 2-8                         [4, 32, 16]               [4, 64, 8]                --                        --
│    │    └─Conv1d (0): 3-11                       [4, 32, 16]               [4, 64, 8]                4,096                     [2]
│    │    └─Dropout (1): 3-12                      [4, 64, 8]                [4, 64, 8]                --                        --
│    │    └─GELU (2): 3-13                         [4, 64, 8]                [4, 64, 8]                --                        --
│    └─Sequential (5): 2-9                         [4, 64, 8]                [4, 64, 4]                --                        --
│    │    └─Conv1d (0): 3-14                       [4, 64, 8]                [4, 64, 4]                8,192                     [2]
│    │    └─Dropout (1): 3-15                      [4, 64, 4]                [4, 64, 4]                --                        --
│    │    └─GELU (2): 3-16                         [4, 64, 4]                [4, 64, 4]                --                        --
│    └─Rearrange (6): 2-10                         [4, 64, 4]                [1, 16, 64]               --                        --
├─Sequential (final_layer): 1-3                    [1, 16, 64]               [1, 4]                    --                        --
│    └─Flatten (0): 2-11                           [1, 16, 64]               [1, 1024]                 --                        --
│    └─Linear (1): 2-12                            [1, 1024]                 [1, 4]                    4,100                     --
======================================================================================================================================================
Total params: 18,192
Trainable params: 18,192
Non-trainable params: 0
Total mult-adds (Units.MEGABYTES): 0.57
======================================================================================================================================================
Input size (MB): 0.13
Forward/backward pass size (MB): 0.11
Params size (MB): 0.07
Estimated Total Size (MB): 0.31
======================================================================================================================================================
[2026-03-31 18:17:28] Initializing from 16s-60 pretrained checkpoint (Hugging Face):
[2026-03-31 18:17:28]   https://huggingface.co/braindecode/SignalJEPA/resolve/main/signal-jepa_16s-60_adeuwv4s.pth
[2026-03-31 18:17:28]   Downloaded 179 keys
[2026-03-31 18:17:28] ======================================================================
[2026-03-31 18:17:28] STARTING CROSS-VALIDATION
[2026-03-31 18:17:28] ======================================================================
[2026-03-31 18:17:28] Subjects:      [51]
[2026-03-31 18:17:28] CV folds:      5
[2026-03-31 18:17:28] Batch size:    16
[2026-03-31 18:17:28] Max epochs:    5000
[2026-03-31 18:17:28] Device:        cpu
[2026-03-31 18:17:28] Seed control:  True
[2026-03-31 18:17:28] Base seed:     703
[2026-03-31 18:17:28] ======================================================================

[2026-03-31 18:17:28] Subject 51: 100 windows class_counts=[25, 25, 25, 25]
[2026-03-31 18:17:28]   Fold 1 split seed: 704
[2026-03-31 18:17:28]   Fold 1 split class counts:
[2026-03-31 18:17:28]     train=[16, 16, 16, 16] val=[4, 4, 4, 4] test=[5, 5, 5, 5]
[2026-03-31 18:17:28]   Fold 2 split seed: 705
[2026-03-31 18:17:28]   Fold 2 split class counts:
[2026-03-31 18:17:28]     train=[16, 16, 16, 16] val=[4, 4, 4, 4] test=[5, 5, 5, 5]
[2026-03-31 18:17:28]   Fold 3 split seed: 706
[2026-03-31 18:17:28]   Fold 3 split class counts:
[2026-03-31 18:17:28]     train=[16, 16, 16, 16] val=[4, 4, 4, 4] test=[5, 5, 5, 5]
[2026-03-31 18:17:28]   Fold 4 split seed: 707
[2026-03-31 18:17:28]   Fold 4 split class counts:
[2026-03-31 18:17:28]     train=[16, 16, 16, 16] val=[4, 4, 4, 4] test=[5, 5, 5, 5]
[2026-03-31 18:17:28]   Fold 5 split seed: 708
[2026-03-31 18:17:28]   Fold 5 split class counts:
[2026-03-31 18:17:28]     train=[16, 16, 16, 16] val=[4, 4, 4, 4] test=[5, 5, 5, 5]
[2026-03-31 18:17:28]   Subject 51 Fold 1 seed: 5804
[2026-03-31 18:17:28]   Subject 51 Fold 1: n_train=64 n_val=16 n_test=20
[2026-03-31 18:17:28]     Train class counts: [16, 16, 16, 16]
[2026-03-31 18:17:28]     Val class counts:   [4, 4, 4, 4]
[2026-03-31 18:17:28]     Test class counts:  [5, 5, 5, 5]
[2026-03-31 18:17:28] Building model with input window duration: 4.1875 s
[2026-03-31 18:17:28] Pretrained weight loading:
[2026-03-31 18:17:28]   Downloaded keys:        179
[2026-03-31 18:17:28]   Filtered (transformer): 172
[2026-03-31 18:17:28]   Filtered (pos_encoder): 0
[2026-03-31 18:17:28]   Keys to load:           7
[2026-03-31 18:17:28]   Missing keys:           4
[2026-03-31 18:17:28]   Unexpected keys:        0
[2026-03-31 18:17:28]   Missing preview:        ['spatial_conv.1.weight', 'spatial_conv.1.bias', 'final_layer.1.weight', 'final_layer.1.bias']
[2026-03-31 18:17:28]   Unexpected preview:     []
[2026-03-31 18:17:28] Encoder freeze configuration:
[2026-03-31 18:17:28]   Total parameters:        18,192
[2026-03-31 18:17:28]   Trainable parameters:    4,352
[2026-03-31 18:17:28]   Training percentage:     23.9%
[2026-03-31 18:17:28]   Trainable layers: 4
[2026-03-31 18:17:28]     - final_layer.1.bias
[2026-03-31 18:17:28]     - final_layer.1.weight
[2026-03-31 18:17:28]     - spatial_conv.1.bias
[2026-03-31 18:17:28]     - spatial_conv.1.weight
[2026-03-31 18:17:28]     Train generator seeded: True
[2026-03-31 18:17:31]     Stopped epoch:            233
[2026-03-31 18:17:31]     Best epoch (valid_loss):  183
[2026-03-31 18:17:31]     Best valid_loss:          1.3283461332321167
[2026-03-31 18:17:31]     Test accuracy (primary):  0.4000
[2026-03-31 18:17:31]     Test balanced acc:        0.4000
[2026-03-31 18:17:31]     Confusion matrix:         [[1, 0, 4, 0], [0, 3, 1, 1], [2, 1, 2, 0], [1, 1, 1, 2]]
[2026-03-31 18:17:31]     Prediction histogram:     [4, 5, 8, 3]
[2026-03-31 18:17:31]     fold_acc=0.4000 fold_bal_acc=0.4000 cm=[[1, 0, 4, 0], [0, 3, 1, 1], [2, 1, 2, 0], [1, 1, 1, 2]]
[2026-03-31 18:17:31]   Subject 51 Fold 2 seed: 5805
[2026-03-31 18:17:31]   Subject 51 Fold 2: n_train=64 n_val=16 n_test=20
[2026-03-31 18:17:31]     Train class counts: [16, 16, 16, 16]
[2026-03-31 18:17:31]     Val class counts:   [4, 4, 4, 4]
[2026-03-31 18:17:31]     Test class counts:  [5, 5, 5, 5]
[2026-03-31 18:17:31] Building model with input window duration: 4.1875 s
[2026-03-31 18:17:31] Pretrained weight loading:
[2026-03-31 18:17:31]   Downloaded keys:        179
[2026-03-31 18:17:31]   Filtered (transformer): 172
[2026-03-31 18:17:31]   Filtered (pos_encoder): 0
[2026-03-31 18:17:31]   Keys to load:           7
[2026-03-31 18:17:31]   Missing keys:           4
[2026-03-31 18:17:31]   Unexpected keys:        0
[2026-03-31 18:17:31]   Missing preview:        ['spatial_conv.1.weight', 'spatial_conv.1.bias', 'final_layer.1.weight', 'final_layer.1.bias']
[2026-03-31 18:17:31]   Unexpected preview:     []
[2026-03-31 18:17:31] Encoder freeze configuration:
[2026-03-31 18:17:31]   Total parameters:        18,192
[2026-03-31 18:17:31]   Trainable parameters:    4,352
[2026-03-31 18:17:31]   Training percentage:     23.9%
[2026-03-31 18:17:31]   Trainable layers: 4
[2026-03-31 18:17:31]     - final_layer.1.bias
[2026-03-31 18:17:31]     - final_layer.1.weight
[2026-03-31 18:17:31]     - spatial_conv.1.bias
[2026-03-31 18:17:31]     - spatial_conv.1.weight
[2026-03-31 18:17:31]     Train generator seeded: True
[2026-03-31 18:17:32]     Stopped epoch:            95
[2026-03-31 18:17:32]     Best epoch (valid_loss):  45
[2026-03-31 18:17:32]     Best valid_loss:          1.3814538717269897
[2026-03-31 18:17:32]     Test accuracy (primary):  0.2500
[2026-03-31 18:17:32]     Test balanced acc:        0.2500
[2026-03-31 18:17:32]     Confusion matrix:         [[0, 0, 2, 3], [1, 2, 1, 1], [1, 2, 1, 1], [0, 2, 1, 2]]
[2026-03-31 18:17:32]     Prediction histogram:     [2, 6, 5, 7]
[2026-03-31 18:17:32]     fold_acc=0.2500 fold_bal_acc=0.2500 cm=[[0, 0, 2, 3], [1, 2, 1, 1], [1, 2, 1, 1], [0, 2, 1, 2]]
[2026-03-31 18:17:32]   Subject 51 Fold 3 seed: 5806
[2026-03-31 18:17:32]   Subject 51 Fold 3: n_train=64 n_val=16 n_test=20
[2026-03-31 18:17:32]     Train class counts: [16, 16, 16, 16]
[2026-03-31 18:17:32]     Val class counts:   [4, 4, 4, 4]
[2026-03-31 18:17:32]     Test class counts:  [5, 5, 5, 5]
[2026-03-31 18:17:32] Building model with input window duration: 4.1875 s
[2026-03-31 18:17:32] Pretrained weight loading:
[2026-03-31 18:17:32]   Downloaded keys:        179
[2026-03-31 18:17:32]   Filtered (transformer): 172
[2026-03-31 18:17:32]   Filtered (pos_encoder): 0
[2026-03-31 18:17:32]   Keys to load:           7
[2026-03-31 18:17:32]   Missing keys:           4
[2026-03-31 18:17:32]   Unexpected keys:        0
[2026-03-31 18:17:32]   Missing preview:        ['spatial_conv.1.weight', 'spatial_conv.1.bias', 'final_layer.1.weight', 'final_layer.1.bias']
[2026-03-31 18:17:32]   Unexpected preview:     []
[2026-03-31 18:17:32] Encoder freeze configuration:
[2026-03-31 18:17:32]   Total parameters:        18,192
[2026-03-31 18:17:32]   Trainable parameters:    4,352
[2026-03-31 18:17:32]   Training percentage:     23.9%
[2026-03-31 18:17:32]   Trainable layers: 4
[2026-03-31 18:17:32]     - final_layer.1.bias
[2026-03-31 18:17:32]     - final_layer.1.weight
[2026-03-31 18:17:32]     - spatial_conv.1.bias
[2026-03-31 18:17:32]     - spatial_conv.1.weight
[2026-03-31 18:17:32]     Train generator seeded: True
[2026-03-31 18:17:33]     Stopped epoch:            51
[2026-03-31 18:17:33]     Best epoch (valid_loss):  1
[2026-03-31 18:17:33]     Best valid_loss:          1.3873164653778076
[2026-03-31 18:17:33]     Test accuracy (primary):  0.3000
[2026-03-31 18:17:33]     Test balanced acc:        0.3000
[2026-03-31 18:17:33]     Confusion matrix:         [[0, 1, 0, 4], [0, 3, 0, 2], [0, 1, 0, 4], [2, 0, 0, 3]]
[2026-03-31 18:17:33]     Prediction histogram:     [2, 5, 0, 13]
[2026-03-31 18:17:33]     fold_acc=0.3000 fold_bal_acc=0.3000 cm=[[0, 1, 0, 4], [0, 3, 0, 2], [0, 1, 0, 4], [2, 0, 0, 3]]
[2026-03-31 18:17:33]   Subject 51 Fold 4 seed: 5807
[2026-03-31 18:17:33]   Subject 51 Fold 4: n_train=64 n_val=16 n_test=20
[2026-03-31 18:17:33]     Train class counts: [16, 16, 16, 16]
[2026-03-31 18:17:33]     Val class counts:   [4, 4, 4, 4]
[2026-03-31 18:17:33]     Test class counts:  [5, 5, 5, 5]
[2026-03-31 18:17:33] Building model with input window duration: 4.1875 s
[2026-03-31 18:17:33] Pretrained weight loading:
[2026-03-31 18:17:33]   Downloaded keys:        179
[2026-03-31 18:17:33]   Filtered (transformer): 172
[2026-03-31 18:17:33]   Filtered (pos_encoder): 0
[2026-03-31 18:17:33]   Keys to load:           7
[2026-03-31 18:17:33]   Missing keys:           4
[2026-03-31 18:17:33]   Unexpected keys:        0
[2026-03-31 18:17:33]   Missing preview:        ['spatial_conv.1.weight', 'spatial_conv.1.bias', 'final_layer.1.weight', 'final_layer.1.bias']
[2026-03-31 18:17:33]   Unexpected preview:     []
[2026-03-31 18:17:33] Encoder freeze configuration:
[2026-03-31 18:17:33]   Total parameters:        18,192
[2026-03-31 18:17:33]   Trainable parameters:    4,352
[2026-03-31 18:17:33]   Training percentage:     23.9%
[2026-03-31 18:17:33]   Trainable layers: 4
[2026-03-31 18:17:33]     - final_layer.1.bias
[2026-03-31 18:17:33]     - final_layer.1.weight
[2026-03-31 18:17:33]     - spatial_conv.1.bias
[2026-03-31 18:17:33]     - spatial_conv.1.weight
[2026-03-31 18:17:33]     Train generator seeded: True
[2026-03-31 18:17:40]     Stopped epoch:            618
[2026-03-31 18:17:40]     Best epoch (valid_loss):  568
[2026-03-31 18:17:40]     Best valid_loss:          1.2699929475784302
[2026-03-31 18:17:40]     Test accuracy (primary):  0.1000
[2026-03-31 18:17:40]     Test balanced acc:        0.1000
[2026-03-31 18:17:40]     Confusion matrix:         [[0, 3, 1, 1], [2, 0, 0, 3], [1, 1, 1, 2], [2, 2, 0, 1]]
[2026-03-31 18:17:40]     Prediction histogram:     [5, 6, 2, 7]
[2026-03-31 18:17:40]     fold_acc=0.1000 fold_bal_acc=0.1000 cm=[[0, 3, 1, 1], [2, 0, 0, 3], [1, 1, 1, 2], [2, 2, 0, 1]]
[2026-03-31 18:17:40]   Subject 51 Fold 5 seed: 5808
[2026-03-31 18:17:40]   Subject 51 Fold 5: n_train=64 n_val=16 n_test=20
[2026-03-31 18:17:40]     Train class counts: [16, 16, 16, 16]
[2026-03-31 18:17:40]     Val class counts:   [4, 4, 4, 4]
[2026-03-31 18:17:40]     Test class counts:  [5, 5, 5, 5]
[2026-03-31 18:17:40] Building model with input window duration: 4.1875 s
[2026-03-31 18:17:40] Pretrained weight loading:
[2026-03-31 18:17:40]   Downloaded keys:        179
[2026-03-31 18:17:40]   Filtered (transformer): 172
[2026-03-31 18:17:40]   Filtered (pos_encoder): 0
[2026-03-31 18:17:40]   Keys to load:           7
[2026-03-31 18:17:40]   Missing keys:           4
[2026-03-31 18:17:40]   Unexpected keys:        0
[2026-03-31 18:17:40]   Missing preview:        ['spatial_conv.1.weight', 'spatial_conv.1.bias', 'final_layer.1.weight', 'final_layer.1.bias']
[2026-03-31 18:17:40]   Unexpected preview:     []
[2026-03-31 18:17:40] Encoder freeze configuration:
[2026-03-31 18:17:40]   Total parameters:        18,192
[2026-03-31 18:17:40]   Trainable parameters:    4,352
[2026-03-31 18:17:40]   Training percentage:     23.9%
[2026-03-31 18:17:40]   Trainable layers: 4
[2026-03-31 18:17:40]     - final_layer.1.bias
[2026-03-31 18:17:40]     - final_layer.1.weight
[2026-03-31 18:17:40]     - spatial_conv.1.bias
[2026-03-31 18:17:40]     - spatial_conv.1.weight
[2026-03-31 18:17:40]     Train generator seeded: True
[2026-03-31 18:17:41]     Stopped epoch:            72
[2026-03-31 18:17:41]     Best epoch (valid_loss):  37
[2026-03-31 18:17:41]     Best valid_loss:          1.3811538219451904
[2026-03-31 18:17:41]     Test accuracy (primary):  0.3500
[2026-03-31 18:17:41]     Test balanced acc:        0.3500
[2026-03-31 18:17:41]     Confusion matrix:         [[1, 1, 0, 3], [0, 3, 2, 0], [0, 3, 0, 2], [1, 1, 0, 3]]
[2026-03-31 18:17:41]     Prediction histogram:     [2, 8, 2, 8]
[2026-03-31 18:17:41]     fold_acc=0.3500 fold_bal_acc=0.3500 cm=[[1, 1, 0, 3], [0, 3, 2, 0], [0, 3, 0, 2], [1, 1, 0, 3]]
[2026-03-31 18:17:41]   Subject 51 mean accuracy: 0.2800

[2026-03-31 18:17:41] Total folds completed: 5
[2026-03-31 18:17:41] ======================================================================
[2026-03-31 18:17:41] AGGREGATED RESULTS
[2026-03-31 18:17:41] ======================================================================
[2026-03-31 18:17:41]   Subject 51:  acc=0.2800±0.1030  bal_acc=0.2800±0.1030
[2026-03-31 18:17:41] ----------------------------------------------------------------------
[2026-03-31 18:17:41]   OVERALL:      acc=0.2800±0.1030  bal_acc=0.2800±0.1030
[2026-03-31 18:17:41] ======================================================================
[2026-03-31 18:17:41] CV results saved to:      /home/vegorov/Repos/eeg_jepa_research/artifacts/lee-2019-fine-tuning/SSVEP/20260331_1817_67012eba/cv_results.json
[2026-03-31 18:17:41] Subject metrics saved to: /home/vegorov/Repos/eeg_jepa_research/artifacts/lee-2019-fine-tuning/SSVEP/20260331_1817_67012eba/subject_metrics.json
[2026-03-31 18:17:41] Global metrics saved to:  /home/vegorov/Repos/eeg_jepa_research/artifacts/lee-2019-fine-tuning/SSVEP/20260331_1817_67012eba/global_metrics.json
[2026-03-31 18:17:41] Run metadata saved to:    /home/vegorov/Repos/eeg_jepa_research/artifacts/lee-2019-fine-tuning/SSVEP/20260331_1817_67012eba/run_metadata.json

[2026-03-31 18:17:41] All artifacts in: /home/vegorov/Repos/eeg_jepa_research/artifacts/lee-2019-fine-tuning/SSVEP/20260331_1817_67012eba

[2026-03-31 18:17:41] ======================================================================
[2026-03-31 18:17:41] EXPERIMENT SUMMARY
[2026-03-31 18:17:41] ======================================================================
[2026-03-31 18:17:41] Run ID:    20260331_1817_67012eba
[2026-03-31 18:17:41] Artifacts: /home/vegorov/Repos/eeg_jepa_research/artifacts/lee-2019-fine-tuning/SSVEP/20260331_1817_67012eba

[2026-03-31 18:17:41] Configuration:
[2026-03-31 18:17:41]   Subjects:          [51]
[2026-03-31 18:17:41]   Bandpass:          1.0-40.0 Hz
[2026-03-31 18:17:41]   Resample:          128 Hz
[2026-03-31 18:17:41]   CV folds:          5
[2026-03-31 18:17:41]   Learning rate:     0.001
[2026-03-31 18:17:41]   Batch size:        16
[2026-03-31 18:17:41]   Max epochs:        5000

[2026-03-31 18:17:41] Results:
[2026-03-31 18:17:41]   Mean Accuracy:          0.2800 ± 0.1030
[2026-03-31 18:17:41]   Mean Balanced Accuracy: 0.2800 ± 0.1030
