[2026-04-01 09:51:54] Using device: cpu
[2026-04-01 09:51:54] Seed control enabled: True
[2026-04-01 09:51:54] Base seed: 2001
[2026-04-01 09:51:55] Seed initialized: 2001
[2026-04-01 09:51:55] ======================================================================
[2026-04-01 09:51:55] CONFIGURATION
[2026-04-01 09:51:55] ======================================================================
[2026-04-01 09:51:55]   artifact_dir: /home/vegorov/Repos/eeg_jepa_research/artifacts/lee-2019-fine-tuning
[2026-04-01 09:51:55]   bandpass_high: 40.0
[2026-04-01 09:51:55]   bandpass_low: 0.5
[2026-04-01 09:51:55]   batch_size: 8
[2026-04-01 09:51:55]   convert_to_uV: True
[2026-04-01 09:51:55]   cv_folds: 5
[2026-04-01 09:51:55]   device: auto
[2026-04-01 09:51:55]   early_stopping_patience: 50
[2026-04-01 09:51:55]   learning_rate: 0.0008
[2026-04-01 09:51:55]   n_epochs: 5000
[2026-04-01 09:51:55]   normalization_method: None
[2026-04-01 09:51:55]   normalize: False
[2026-04-01 09:51:55]   paradigm: SSVEP
[2026-04-01 09:51:55]   pretrained_url: https://huggingface.co/braindecode/SignalJEPA/resolve/main/signal-jepa_16s-60_adeuwv4s.pth
[2026-04-01 09:51:55]   seed: 2001
[2026-04-01 09:51:55]   set_seed: True
[2026-04-01 09:51:55]   sfreq: 128
[2026-04-01 09:51:55]   subjects_to_use: [51]
[2026-04-01 09:51:55]   val_split: 0.2
[2026-04-01 09:51:55] ======================================================================
[2026-04-01 09:51:55] Config saved to: /home/vegorov/Repos/eeg_jepa_research/artifacts/lee-2019-fine-tuning/SSVEP/20260401_0951_733582a5/config.json
[2026-04-01 09:51:55] Epoch window configuration:
[2026-04-01 09:51:55]   Target sfreq:                128 Hz
[2026-04-01 09:51:55]   Target duration:             4.190000 s
[2026-04-01 09:51:55]   Window samples (rounded):    536
[2026-04-01 09:51:55]   Base trial samples (4.0 s):  512
[2026-04-01 09:51:55]   Trial stop offset samples:   24
[2026-04-01 09:51:55]   Effective window duration:   4.187500 s
[2026-04-01 09:51:55] Using specified subjects from config: [51]
[2026-04-01 09:51:55] Selected subjects: [51]
[2026-04-01 09:51:55] Expected evaluation folds: 5

[2026-04-01 09:51:55] Building MOABBDataset for Lee2019_SSVEP...
[2026-04-01 09:52:03] MOABBDataset recordings loaded: 1
[2026-04-01 09:52:03] Discovered annotation descriptions (first recording): [np.str_('12.0'), np.str_('5.45'), np.str_('6.67'), np.str_('8.57')]
[2026-04-01 09:52:03] Dataset event_id mapping: {'12.0': 1, '8.57': 2, '6.67': 3, '5.45': 4}
[2026-04-01 09:52:03] Label map (event_code -> class_index): {1: 0, 2: 1, 3: 2, 4: 3}
[2026-04-01 09:52:04] Applying Braindecode preprocessors to MOABBDataset...
[2026-04-01 09:52:06] Preprocessing complete.

[2026-04-01 09:52:06] Post-preprocessing validation
[2026-04-01 09:52:06]   Recordings in DATASET: 1
[2026-04-01 09:52:06]   Unique subject IDs:    ['51']
[2026-04-01 09:52:06]   sfreq (first rec):     128.0 Hz
[2026-04-01 09:52:06]   EEG channel count:     62
[2026-04-01 09:52:06]   First 10 channels:     ['Fp1', 'Fp2', 'F7', 'F3', 'Fz', 'F4', 'F8', 'FC5', 'FC1', 'FC2']
[2026-04-01 09:52:06] Channel consistency summary:
[2026-04-01 09:52:06]   Checked runs: 1
[2026-04-01 09:52:06]   Unique channel counts: [62]
[2026-04-01 09:52:06]   Channel order consistent: True
[2026-04-01 09:52:06] Validated EEG channels: 62
[2026-04-01 09:52:06] First 10 EEG channels: ['Fp1', 'Fp2', 'F7', 'F3', 'Fz', 'F4', 'F8', 'FC5', 'FC1', 'FC2']
[2026-04-01 09:52:07] raw mean_abs=8.654730e+00
[2026-04-01 09:52:07] raw std=3.494582e+01
[2026-04-01 09:52:07] raw first5 channel std= [46.22404553 54.63339771 16.95830183 13.82897057 11.24366025]
[2026-04-01 09:52:07] Requested window samples: 536
[2026-04-01 09:52:07] Base trial samples:       512
[2026-04-01 09:52:07] Stop offset samples:      24
[2026-04-01 09:52:07] Global class counts: [25, 25, 25, 25]
[2026-04-01 09:52:07] Chance level (4-class): 0.25
[2026-04-01 09:52:07] One window shape: (62, 536)
[2026-04-01 09:52:07] One window label: 1
[2026-04-01 09:52:07] Window sample length expected=536, got=536
[2026-04-01 09:52:07] Subjects in window split: [51]
[2026-04-01 09:52:07] Summarizing per-subject windows...
[2026-04-01 09:52:07]   Subject 51: n_windows=100, window_shape=(62, 536), class_counts=[25, 25, 25, 25]
[2026-04-01 09:52:07]    subject_id  n_windows  n_channels  n_times      class_counts
0          51        100          62      536  [25, 25, 25, 25]
[2026-04-01 09:52:07] Window validation summary:
[2026-04-01 09:52:07]   Subject 51: n_windows=100 class_counts=[25, 25, 25, 25]

[2026-04-01 09:52:07] Validated sampling rate target: 128 Hz
[2026-04-01 09:52:07] Validated window sample count:   536
[2026-04-01 09:52:07] Validated window duration:       4.1875 s
[2026-04-01 09:52:07] Validated channel count:         62
[2026-04-01 09:52:07] Total windows retained:          100
[2026-04-01 09:52:07] Preprocessing sanity checks:
[2026-04-01 09:52:07]   One sample label: 1
[2026-04-01 09:52:07]   One sample shape: (62, 536)
[2026-04-01 09:52:07]   Mean(abs(signal)): 4.094026e+00
[2026-04-01 09:52:07]   Mean(signal):      7.346552e-09
[2026-04-01 09:52:07]   Std(signal):       5.860601e+00
[2026-04-01 09:52:07] Building model with input window duration: 4.1875 s
[2026-04-01 09:52:07] SignalJEPA_PreLocal instantiated successfully.
[2026-04-01 09:52:07]   Total parameters:     18,192
[2026-04-01 09:52:07]   Trainable parameters: 18,192
[2026-04-01 09:52:07] ======================================================================================================================================================
Layer (type (var_name):depth-idx)                  Input Shape               Output Shape              Param #                   Kernel Shape
======================================================================================================================================================
SignalJEPA_PreLocal (SignalJEPA_PreLocal)          [1, 62, 536]              [1, 4]                    --                        --
├─Sequential (spatial_conv): 1-1                   [1, 62, 536]              [1, 4, 536]               --                        --
│    └─Rearrange (0): 2-1                          [1, 62, 536]              [1, 1, 62, 536]           --                        --
│    └─Conv2d (1): 2-2                             [1, 1, 62, 536]           [1, 4, 1, 536]            252                       [62, 1]
│    └─Rearrange (2): 2-3                          [1, 4, 1, 536]            [1, 4, 536]               --                        --
├─_ConvFeatureEncoder (feature_encoder): 1-2       [1, 4, 536]               [1, 16, 64]               --                        --
│    └─Rearrange (0): 2-4                          [1, 4, 536]               [4, 1, 536]               --                        --
│    └─Sequential (1): 2-5                         [4, 1, 536]               [4, 8, 64]                --                        --
│    │    └─Conv1d (0): 3-1                        [4, 1, 536]               [4, 8, 64]                256                       [32]
│    │    └─Dropout (1): 3-2                       [4, 8, 64]                [4, 8, 64]                --                        --
│    │    └─GroupNorm (2): 3-3                     [4, 8, 64]                [4, 8, 64]                16                        --
│    │    └─GELU (3): 3-4                          [4, 8, 64]                [4, 8, 64]                --                        --
│    └─Sequential (2): 2-6                         [4, 8, 64]                [4, 16, 32]               --                        --
│    │    └─Conv1d (0): 3-5                        [4, 8, 64]                [4, 16, 32]               256                       [2]
│    │    └─Dropout (1): 3-6                       [4, 16, 32]               [4, 16, 32]               --                        --
│    │    └─GELU (2): 3-7                          [4, 16, 32]               [4, 16, 32]               --                        --
│    └─Sequential (3): 2-7                         [4, 16, 32]               [4, 32, 16]               --                        --
│    │    └─Conv1d (0): 3-8                        [4, 16, 32]               [4, 32, 16]               1,024                     [2]
│    │    └─Dropout (1): 3-9                       [4, 32, 16]               [4, 32, 16]               --                        --
│    │    └─GELU (2): 3-10                         [4, 32, 16]               [4, 32, 16]               --                        --
│    └─Sequential (4): 2-8                         [4, 32, 16]               [4, 64, 8]                --                        --
│    │    └─Conv1d (0): 3-11                       [4, 32, 16]               [4, 64, 8]                4,096                     [2]
│    │    └─Dropout (1): 3-12                      [4, 64, 8]                [4, 64, 8]                --                        --
│    │    └─GELU (2): 3-13                         [4, 64, 8]                [4, 64, 8]                --                        --
│    └─Sequential (5): 2-9                         [4, 64, 8]                [4, 64, 4]                --                        --
│    │    └─Conv1d (0): 3-14                       [4, 64, 8]                [4, 64, 4]                8,192                     [2]
│    │    └─Dropout (1): 3-15                      [4, 64, 4]                [4, 64, 4]                --                        --
│    │    └─GELU (2): 3-16                         [4, 64, 4]                [4, 64, 4]                --                        --
│    └─Rearrange (6): 2-10                         [4, 64, 4]                [1, 16, 64]               --                        --
├─Sequential (final_layer): 1-3                    [1, 16, 64]               [1, 4]                    --                        --
│    └─Flatten (0): 2-11                           [1, 16, 64]               [1, 1024]                 --                        --
│    └─Linear (1): 2-12                            [1, 1024]                 [1, 4]                    4,100                     --
======================================================================================================================================================
Total params: 18,192
Trainable params: 18,192
Non-trainable params: 0
Total mult-adds (Units.MEGABYTES): 0.57
======================================================================================================================================================
Input size (MB): 0.13
Forward/backward pass size (MB): 0.11
Params size (MB): 0.07
Estimated Total Size (MB): 0.31
======================================================================================================================================================
[2026-04-01 09:52:07] Initializing from 16s-60 pretrained checkpoint (Hugging Face):
[2026-04-01 09:52:07]   https://huggingface.co/braindecode/SignalJEPA/resolve/main/signal-jepa_16s-60_adeuwv4s.pth
[2026-04-01 09:52:07]   Downloaded 179 keys
[2026-04-01 09:52:07] ======================================================================
[2026-04-01 09:52:07] STARTING CROSS-VALIDATION
[2026-04-01 09:52:07] ======================================================================
[2026-04-01 09:52:07] Subjects:      [51]
[2026-04-01 09:52:07] CV folds:      5
[2026-04-01 09:52:07] Batch size:    8
[2026-04-01 09:52:07] Max epochs:    5000
[2026-04-01 09:52:07] Device:        cpu
[2026-04-01 09:52:07] Seed control:  True
[2026-04-01 09:52:07] Base seed:     2001
[2026-04-01 09:52:07] ======================================================================

[2026-04-01 09:52:07] Subject 51: 100 windows class_counts=[25, 25, 25, 25]
[2026-04-01 09:52:07]   Fold 1 split seed: 2002
[2026-04-01 09:52:07]   Fold 1 split class counts:
[2026-04-01 09:52:07]     train=[16, 16, 16, 16] val=[4, 4, 4, 4] test=[5, 5, 5, 5]
[2026-04-01 09:52:07]   Fold 2 split seed: 2003
[2026-04-01 09:52:07]   Fold 2 split class counts:
[2026-04-01 09:52:07]     train=[16, 16, 16, 16] val=[4, 4, 4, 4] test=[5, 5, 5, 5]
[2026-04-01 09:52:07]   Fold 3 split seed: 2004
[2026-04-01 09:52:07]   Fold 3 split class counts:
[2026-04-01 09:52:07]     train=[16, 16, 16, 16] val=[4, 4, 4, 4] test=[5, 5, 5, 5]
[2026-04-01 09:52:07]   Fold 4 split seed: 2005
[2026-04-01 09:52:07]   Fold 4 split class counts:
[2026-04-01 09:52:07]     train=[16, 16, 16, 16] val=[4, 4, 4, 4] test=[5, 5, 5, 5]
[2026-04-01 09:52:07]   Fold 5 split seed: 2006
[2026-04-01 09:52:07]   Fold 5 split class counts:
[2026-04-01 09:52:07]     train=[16, 16, 16, 16] val=[4, 4, 4, 4] test=[5, 5, 5, 5]
[2026-04-01 09:52:07]   Subject 51 Fold 1 seed: 7102
[2026-04-01 09:52:07]   Subject 51 Fold 1: n_train=64 n_val=16 n_test=20
[2026-04-01 09:52:07]     Train class counts: [16, 16, 16, 16]
[2026-04-01 09:52:07]     Val class counts:   [4, 4, 4, 4]
[2026-04-01 09:52:07]     Test class counts:  [5, 5, 5, 5]
[2026-04-01 09:52:07] Building model with input window duration: 4.1875 s
[2026-04-01 09:52:07] Pretrained weight loading:
[2026-04-01 09:52:07]   Downloaded keys:        179
[2026-04-01 09:52:07]   Filtered (transformer): 172
[2026-04-01 09:52:07]   Filtered (pos_encoder): 0
[2026-04-01 09:52:07]   Keys to load:           7
[2026-04-01 09:52:07]   Missing keys:           4
[2026-04-01 09:52:07]   Unexpected keys:        0
[2026-04-01 09:52:07]   Missing preview:        ['spatial_conv.1.weight', 'spatial_conv.1.bias', 'final_layer.1.weight', 'final_layer.1.bias']
[2026-04-01 09:52:07]   Unexpected preview:     []
[2026-04-01 09:52:07] Encoder freeze configuration:
[2026-04-01 09:52:07]   Total parameters:        18,192
[2026-04-01 09:52:07]   Trainable parameters:    4,352
[2026-04-01 09:52:07]   Training percentage:     23.9%
[2026-04-01 09:52:07]   Trainable layers: 4
[2026-04-01 09:52:07]     - final_layer.1.bias
[2026-04-01 09:52:07]     - final_layer.1.weight
[2026-04-01 09:52:07]     - spatial_conv.1.bias
[2026-04-01 09:52:07]     - spatial_conv.1.weight
[2026-04-01 09:52:07]     Train generator seeded: True
[2026-04-01 09:52:12]     Stopped epoch:            243
[2026-04-01 09:52:12]     Best epoch (valid_loss):  193
[2026-04-01 09:52:12]     Best valid_loss:          1.1993236541748047
[2026-04-01 09:52:12]     Test accuracy (primary):  0.4500
[2026-04-01 09:52:12]     Test balanced acc:        0.4500
[2026-04-01 09:52:12]     Confusion matrix:         [[1, 1, 2, 1], [0, 3, 0, 2], [1, 1, 3, 0], [1, 1, 1, 2]]
[2026-04-01 09:52:12]     Prediction histogram:     [3, 6, 6, 5]
[2026-04-01 09:52:12]     fold_acc=0.4500 fold_bal_acc=0.4500 cm=[[1, 1, 2, 1], [0, 3, 0, 2], [1, 1, 3, 0], [1, 1, 1, 2]]
[2026-04-01 09:52:12]   Subject 51 Fold 2 seed: 7103
[2026-04-01 09:52:12]   Subject 51 Fold 2: n_train=64 n_val=16 n_test=20
[2026-04-01 09:52:12]     Train class counts: [16, 16, 16, 16]
[2026-04-01 09:52:12]     Val class counts:   [4, 4, 4, 4]
[2026-04-01 09:52:12]     Test class counts:  [5, 5, 5, 5]
[2026-04-01 09:52:12] Building model with input window duration: 4.1875 s
[2026-04-01 09:52:12] Pretrained weight loading:
[2026-04-01 09:52:12]   Downloaded keys:        179
[2026-04-01 09:52:12]   Filtered (transformer): 172
[2026-04-01 09:52:12]   Filtered (pos_encoder): 0
[2026-04-01 09:52:12]   Keys to load:           7
[2026-04-01 09:52:12]   Missing keys:           4
[2026-04-01 09:52:12]   Unexpected keys:        0
[2026-04-01 09:52:12]   Missing preview:        ['spatial_conv.1.weight', 'spatial_conv.1.bias', 'final_layer.1.weight', 'final_layer.1.bias']
[2026-04-01 09:52:12]   Unexpected preview:     []
[2026-04-01 09:52:12] Encoder freeze configuration:
[2026-04-01 09:52:12]   Total parameters:        18,192
[2026-04-01 09:52:12]   Trainable parameters:    4,352
[2026-04-01 09:52:12]   Training percentage:     23.9%
[2026-04-01 09:52:12]   Trainable layers: 4
[2026-04-01 09:52:12]     - final_layer.1.bias
[2026-04-01 09:52:12]     - final_layer.1.weight
[2026-04-01 09:52:12]     - spatial_conv.1.bias
[2026-04-01 09:52:12]     - spatial_conv.1.weight
[2026-04-01 09:52:12]     Train generator seeded: True
[2026-04-01 09:52:14]     Stopped epoch:            79
[2026-04-01 09:52:14]     Best epoch (valid_loss):  29
[2026-04-01 09:52:14]     Best valid_loss:          1.3634105920791626
[2026-04-01 09:52:14]     Test accuracy (primary):  0.3500
[2026-04-01 09:52:14]     Test balanced acc:        0.3500
[2026-04-01 09:52:14]     Confusion matrix:         [[2, 0, 1, 2], [3, 1, 1, 0], [1, 2, 2, 0], [0, 2, 1, 2]]
[2026-04-01 09:52:14]     Prediction histogram:     [6, 5, 5, 4]
[2026-04-01 09:52:14]     fold_acc=0.3500 fold_bal_acc=0.3500 cm=[[2, 0, 1, 2], [3, 1, 1, 0], [1, 2, 2, 0], [0, 2, 1, 2]]
[2026-04-01 09:52:14]   Subject 51 Fold 3 seed: 7104
[2026-04-01 09:52:14]   Subject 51 Fold 3: n_train=64 n_val=16 n_test=20
[2026-04-01 09:52:14]     Train class counts: [16, 16, 16, 16]
[2026-04-01 09:52:14]     Val class counts:   [4, 4, 4, 4]
[2026-04-01 09:52:14]     Test class counts:  [5, 5, 5, 5]
[2026-04-01 09:52:14] Building model with input window duration: 4.1875 s
[2026-04-01 09:52:14] Pretrained weight loading:
[2026-04-01 09:52:14]   Downloaded keys:        179
[2026-04-01 09:52:14]   Filtered (transformer): 172
[2026-04-01 09:52:14]   Filtered (pos_encoder): 0
[2026-04-01 09:52:14]   Keys to load:           7
[2026-04-01 09:52:14]   Missing keys:           4
[2026-04-01 09:52:14]   Unexpected keys:        0
[2026-04-01 09:52:14]   Missing preview:        ['spatial_conv.1.weight', 'spatial_conv.1.bias', 'final_layer.1.weight', 'final_layer.1.bias']
[2026-04-01 09:52:14]   Unexpected preview:     []
[2026-04-01 09:52:14] Encoder freeze configuration:
[2026-04-01 09:52:14]   Total parameters:        18,192
[2026-04-01 09:52:14]   Trainable parameters:    4,352
[2026-04-01 09:52:14]   Training percentage:     23.9%
[2026-04-01 09:52:14]   Trainable layers: 4
[2026-04-01 09:52:14]     - final_layer.1.bias
[2026-04-01 09:52:14]     - final_layer.1.weight
[2026-04-01 09:52:14]     - spatial_conv.1.bias
[2026-04-01 09:52:14]     - spatial_conv.1.weight
[2026-04-01 09:52:14]     Train generator seeded: True
[2026-04-01 09:52:16]     Stopped epoch:            95
[2026-04-01 09:52:16]     Best epoch (valid_loss):  45
[2026-04-01 09:52:16]     Best valid_loss:          1.38029146194458
[2026-04-01 09:52:16]     Test accuracy (primary):  0.1500
[2026-04-01 09:52:16]     Test balanced acc:        0.1500
[2026-04-01 09:52:16]     Confusion matrix:         [[0, 1, 3, 1], [1, 2, 1, 1], [2, 2, 0, 1], [3, 0, 1, 1]]
[2026-04-01 09:52:16]     Prediction histogram:     [6, 5, 5, 4]
[2026-04-01 09:52:16]     fold_acc=0.1500 fold_bal_acc=0.1500 cm=[[0, 1, 3, 1], [1, 2, 1, 1], [2, 2, 0, 1], [3, 0, 1, 1]]
[2026-04-01 09:52:16]   Subject 51 Fold 4 seed: 7105
[2026-04-01 09:52:16]   Subject 51 Fold 4: n_train=64 n_val=16 n_test=20
[2026-04-01 09:52:16]     Train class counts: [16, 16, 16, 16]
[2026-04-01 09:52:16]     Val class counts:   [4, 4, 4, 4]
[2026-04-01 09:52:16]     Test class counts:  [5, 5, 5, 5]
[2026-04-01 09:52:16] Building model with input window duration: 4.1875 s
[2026-04-01 09:52:16] Pretrained weight loading:
[2026-04-01 09:52:16]   Downloaded keys:        179
[2026-04-01 09:52:16]   Filtered (transformer): 172
[2026-04-01 09:52:16]   Filtered (pos_encoder): 0
[2026-04-01 09:52:16]   Keys to load:           7
[2026-04-01 09:52:16]   Missing keys:           4
[2026-04-01 09:52:16]   Unexpected keys:        0
[2026-04-01 09:52:16]   Missing preview:        ['spatial_conv.1.weight', 'spatial_conv.1.bias', 'final_layer.1.weight', 'final_layer.1.bias']
[2026-04-01 09:52:16]   Unexpected preview:     []
[2026-04-01 09:52:16] Encoder freeze configuration:
[2026-04-01 09:52:16]   Total parameters:        18,192
[2026-04-01 09:52:16]   Trainable parameters:    4,352
[2026-04-01 09:52:16]   Training percentage:     23.9%
[2026-04-01 09:52:16]   Trainable layers: 4
[2026-04-01 09:52:16]     - final_layer.1.bias
[2026-04-01 09:52:16]     - final_layer.1.weight
[2026-04-01 09:52:16]     - spatial_conv.1.bias
[2026-04-01 09:52:16]     - spatial_conv.1.weight
[2026-04-01 09:52:16]     Train generator seeded: True
[2026-04-01 09:52:21]     Stopped epoch:            226
[2026-04-01 09:52:21]     Best epoch (valid_loss):  176
[2026-04-01 09:52:21]     Best valid_loss:          1.222854197025299
[2026-04-01 09:52:21]     Test accuracy (primary):  0.2500
[2026-04-01 09:52:21]     Test balanced acc:        0.2500
[2026-04-01 09:52:21]     Confusion matrix:         [[1, 0, 2, 2], [2, 1, 1, 1], [2, 1, 2, 0], [0, 1, 3, 1]]
[2026-04-01 09:52:21]     Prediction histogram:     [5, 3, 8, 4]
[2026-04-01 09:52:21]     fold_acc=0.2500 fold_bal_acc=0.2500 cm=[[1, 0, 2, 2], [2, 1, 1, 1], [2, 1, 2, 0], [0, 1, 3, 1]]
[2026-04-01 09:52:21]   Subject 51 Fold 5 seed: 7106
[2026-04-01 09:52:21]   Subject 51 Fold 5: n_train=64 n_val=16 n_test=20
[2026-04-01 09:52:21]     Train class counts: [16, 16, 16, 16]
[2026-04-01 09:52:21]     Val class counts:   [4, 4, 4, 4]
[2026-04-01 09:52:21]     Test class counts:  [5, 5, 5, 5]
[2026-04-01 09:52:21] Building model with input window duration: 4.1875 s
[2026-04-01 09:52:21] Pretrained weight loading:
[2026-04-01 09:52:21]   Downloaded keys:        179
[2026-04-01 09:52:21]   Filtered (transformer): 172
[2026-04-01 09:52:21]   Filtered (pos_encoder): 0
[2026-04-01 09:52:21]   Keys to load:           7
[2026-04-01 09:52:21]   Missing keys:           4
[2026-04-01 09:52:21]   Unexpected keys:        0
[2026-04-01 09:52:21]   Missing preview:        ['spatial_conv.1.weight', 'spatial_conv.1.bias', 'final_layer.1.weight', 'final_layer.1.bias']
[2026-04-01 09:52:21]   Unexpected preview:     []
[2026-04-01 09:52:21] Encoder freeze configuration:
[2026-04-01 09:52:21]   Total parameters:        18,192
[2026-04-01 09:52:21]   Trainable parameters:    4,352
[2026-04-01 09:52:21]   Training percentage:     23.9%
[2026-04-01 09:52:21]   Trainable layers: 4
[2026-04-01 09:52:21]     - final_layer.1.bias
[2026-04-01 09:52:21]     - final_layer.1.weight
[2026-04-01 09:52:21]     - spatial_conv.1.bias
[2026-04-01 09:52:21]     - spatial_conv.1.weight
[2026-04-01 09:52:21]     Train generator seeded: True
[2026-04-01 09:52:23]     Stopped epoch:            113
[2026-04-01 09:52:23]     Best epoch (valid_loss):  63
[2026-04-01 09:52:23]     Best valid_loss:          1.3477998971939087
[2026-04-01 09:52:23]     Test accuracy (primary):  0.4000
[2026-04-01 09:52:23]     Test balanced acc:        0.4000
[2026-04-01 09:52:23]     Confusion matrix:         [[3, 0, 0, 2], [1, 1, 2, 1], [1, 1, 3, 0], [0, 0, 4, 1]]
[2026-04-01 09:52:23]     Prediction histogram:     [5, 2, 9, 4]
[2026-04-01 09:52:23]     fold_acc=0.4000 fold_bal_acc=0.4000 cm=[[3, 0, 0, 2], [1, 1, 2, 1], [1, 1, 3, 0], [0, 0, 4, 1]]
[2026-04-01 09:52:23]   Subject 51 mean accuracy: 0.3200

[2026-04-01 09:52:23] Total folds completed: 5
[2026-04-01 09:52:23] ======================================================================
[2026-04-01 09:52:23] AGGREGATED RESULTS
[2026-04-01 09:52:23] ======================================================================
[2026-04-01 09:52:23]   Subject 51:  acc=0.3200±0.1077  bal_acc=0.3200±0.1077
[2026-04-01 09:52:23] ----------------------------------------------------------------------
[2026-04-01 09:52:23]   OVERALL:      acc=0.3200±0.1077  bal_acc=0.3200±0.1077
[2026-04-01 09:52:23] ======================================================================
[2026-04-01 09:52:23] CV results saved to:      /home/vegorov/Repos/eeg_jepa_research/artifacts/lee-2019-fine-tuning/SSVEP/20260401_0951_733582a5/cv_results.json
[2026-04-01 09:52:23] Subject metrics saved to: /home/vegorov/Repos/eeg_jepa_research/artifacts/lee-2019-fine-tuning/SSVEP/20260401_0951_733582a5/subject_metrics.json
[2026-04-01 09:52:23] Global metrics saved to:  /home/vegorov/Repos/eeg_jepa_research/artifacts/lee-2019-fine-tuning/SSVEP/20260401_0951_733582a5/global_metrics.json
[2026-04-01 09:52:23] Run metadata saved to:    /home/vegorov/Repos/eeg_jepa_research/artifacts/lee-2019-fine-tuning/SSVEP/20260401_0951_733582a5/run_metadata.json

[2026-04-01 09:52:23] All artifacts in: /home/vegorov/Repos/eeg_jepa_research/artifacts/lee-2019-fine-tuning/SSVEP/20260401_0951_733582a5

[2026-04-01 09:52:23] ======================================================================
[2026-04-01 09:52:23] EXPERIMENT SUMMARY
[2026-04-01 09:52:23] ======================================================================
[2026-04-01 09:52:23] Run ID:    20260401_0951_733582a5
[2026-04-01 09:52:23] Artifacts: /home/vegorov/Repos/eeg_jepa_research/artifacts/lee-2019-fine-tuning/SSVEP/20260401_0951_733582a5

[2026-04-01 09:52:23] Configuration:
[2026-04-01 09:52:23]   Subjects:          [51]
[2026-04-01 09:52:23]   Bandpass:          0.5-40.0 Hz
[2026-04-01 09:52:23]   Resample:          128 Hz
[2026-04-01 09:52:23]   CV folds:          5
[2026-04-01 09:52:23]   Learning rate:     0.0008
[2026-04-01 09:52:23]   Batch size:        8
[2026-04-01 09:52:23]   Max epochs:        5000

[2026-04-01 09:52:23] Results:
[2026-04-01 09:52:23]   Mean Accuracy:          0.3200 ± 0.1077
[2026-04-01 09:52:23]   Mean Balanced Accuracy: 0.3200 ± 0.1077
