[2026-04-03 12:33:10] Using device: mps
[2026-04-03 12:33:10] Seed control enabled: True
[2026-04-03 12:33:10] Base seed: 5
[2026-04-03 12:33:11] Seed initialized: 5
[2026-04-03 12:33:11] ======================================================================
[2026-04-03 12:33:11] CONFIGURATION
[2026-04-03 12:33:11] ======================================================================
[2026-04-03 12:33:11]   artifact_dir: /Users/vadim/Documents/School/Spring 2026/CSCE A698 Individual Research/EEG_JEPA/artifacts/lee-2019-fine-tuning
[2026-04-03 12:33:11]   bandpass_high: 40.0
[2026-04-03 12:33:11]   bandpass_low: 0.5
[2026-04-03 12:33:11]   batch_size: 16
[2026-04-03 12:33:11]   convert_to_uV: True
[2026-04-03 12:33:11]   criterion: CrossEntropyLoss
[2026-04-03 12:33:11]   cv_folds: 5
[2026-04-03 12:33:11]   device: auto
[2026-04-03 12:33:11]   early_stopping_patience: 50
[2026-04-03 12:33:11]   learning_rate: 0.001
[2026-04-03 12:33:11]   n_epochs: 5000
[2026-04-03 12:33:11]   normalization_method: None
[2026-04-03 12:33:11]   normalize: False
[2026-04-03 12:33:11]   optimizer: Adam
[2026-04-03 12:33:11]   paradigm: SSVEP
[2026-04-03 12:33:11]   pretrained_url: https://huggingface.co/braindecode/SignalJEPA/resolve/main/signal-jepa_16s-60_adeuwv4s.pth
[2026-04-03 12:33:11]   seed: 5
[2026-04-03 12:33:11]   set_eeg_reference: True
[2026-04-03 12:33:11]   set_seed: True
[2026-04-03 12:33:11]   sfreq: 128
[2026-04-03 12:33:11]   subjects_to_use: [51]
[2026-04-03 12:33:11]   val_split: 0.2
[2026-04-03 12:33:11] ======================================================================
[2026-04-03 12:33:11] Config saved to: /Users/vadim/Documents/School/Spring 2026/CSCE A698 Individual Research/EEG_JEPA/artifacts/lee-2019-fine-tuning/SSVEP/20260403_1233_41b0160f/config.json
[2026-04-03 12:33:11] Epoch window configuration:
[2026-04-03 12:33:11]   Target sfreq:                128 Hz
[2026-04-03 12:33:11]   Target duration:             4.190000 s
[2026-04-03 12:33:11]   Window samples (rounded):    536
[2026-04-03 12:33:11]   Base trial samples (4.0 s):  512
[2026-04-03 12:33:11]   Trial stop offset samples:   24
[2026-04-03 12:33:11]   Effective window duration:   4.187500 s
[2026-04-03 12:33:11] Using specified subjects from config: [51]
[2026-04-03 12:33:11] Selected subjects: [51]
[2026-04-03 12:33:11] Expected evaluation folds: 5

[2026-04-03 12:33:11] Building MOABBDataset for Lee2019_SSVEP...
[2026-04-03 12:33:23] MOABBDataset recordings loaded: 2
[2026-04-03 12:33:23] Discovered annotation descriptions (first recording): [np.str_('12.0'), np.str_('5.45'), np.str_('6.67'), np.str_('8.57')]
[2026-04-03 12:33:23] Dataset event_id mapping: {'12.0': 1, '8.57': 2, '6.67': 3, '5.45': 4}
[2026-04-03 12:33:23] Label map (event_code -> class_index): {1: 0, 2: 1, 3: 2, 4: 3}
[2026-04-03 12:33:23] Applying Braindecode preprocessors to MOABBDataset...
[2026-04-03 12:33:31] Preprocessing complete.

[2026-04-03 12:33:31] Post-preprocessing validation
[2026-04-03 12:33:31]   Recordings in DATASET: 2
[2026-04-03 12:33:31]   Unique subject IDs:    ['51']
[2026-04-03 12:33:31]   sfreq (first rec):     128.0 Hz
[2026-04-03 12:33:31]   EEG channel count:     62
[2026-04-03 12:33:31]   First 10 channels:     ['Fp1', 'Fp2', 'F7', 'F3', 'Fz', 'F4', 'F8', 'FC5', 'FC1', 'FC2']
[2026-04-03 12:33:31] Channel consistency summary:
[2026-04-03 12:33:31]   Checked runs: 2
[2026-04-03 12:33:31]   Unique channel counts: [62]
[2026-04-03 12:33:31]   Channel order consistent: True
[2026-04-03 12:33:31] Validated EEG channels: 62
[2026-04-03 12:33:31] First 10 EEG channels: ['Fp1', 'Fp2', 'F7', 'F3', 'Fz', 'F4', 'F8', 'FC5', 'FC1', 'FC2']
[2026-04-03 12:33:31] raw mean_abs=6.206608e+00
[2026-04-03 12:33:31] raw std=2.712803e+01
[2026-04-03 12:33:31] raw first5 channel std= [30.27595633 56.56813395 13.75714116  8.89857459  7.91183515]
[2026-04-03 12:33:31] Requested window samples: 536
[2026-04-03 12:33:31] Base trial samples:       512
[2026-04-03 12:33:31] Stop offset samples:      24
[2026-04-03 12:33:31] Global class counts: [50, 50, 50, 50]
[2026-04-03 12:33:31] Chance level (4-class): 0.25
[2026-04-03 12:33:31] One window shape: (62, 536)
[2026-04-03 12:33:31] One window label: 2
[2026-04-03 12:33:31] Window sample length expected=536, got=536
[2026-04-03 12:33:31] Subjects in window split: [51]
[2026-04-03 12:33:31] Summarizing per-subject windows...
[2026-04-03 12:33:31]   Subject 51: n_windows=200, window_shape=(62, 536), class_counts=[50, 50, 50, 50]
[2026-04-03 12:33:31]    subject_id  n_windows  n_channels  n_times      class_counts
0          51        200          62      536  [50, 50, 50, 50]
[2026-04-03 12:33:31] Window validation summary:
[2026-04-03 12:33:31]   Subject 51: n_windows=200 class_counts=[50, 50, 50, 50]

[2026-04-03 12:33:31] Validated sampling rate target: 128 Hz
[2026-04-03 12:33:31] Validated window sample count:   536
[2026-04-03 12:33:31] Validated window duration:       4.1875 s
[2026-04-03 12:33:31] Validated channel count:         62
[2026-04-03 12:33:31] Total windows retained:          200
[2026-04-03 12:33:31] Preprocessing sanity checks:
[2026-04-03 12:33:31]   One sample label: 2
[2026-04-03 12:33:31]   One sample shape: (62, 536)
[2026-04-03 12:33:31]   Mean(abs(signal)): 7.808386e+00
[2026-04-03 12:33:31]   Mean(signal):      -1.469310e-08
[2026-04-03 12:33:31]   Std(signal):       1.102899e+01
[2026-04-03 12:33:31] Building model with input window duration: 4.1875 s
[2026-04-03 12:33:31] SignalJEPA_PreLocal instantiated successfully.
[2026-04-03 12:33:31]   Total parameters:     18,192
[2026-04-03 12:33:31]   Trainable parameters: 18,192
[2026-04-03 12:33:31] ======================================================================================================================================================
Layer (type (var_name):depth-idx)                  Input Shape               Output Shape              Param #                   Kernel Shape
======================================================================================================================================================
SignalJEPA_PreLocal (SignalJEPA_PreLocal)          [1, 62, 536]              [1, 4]                    --                        --
├─Sequential (spatial_conv): 1-1                   [1, 62, 536]              [1, 4, 536]               --                        --
│    └─Rearrange (0): 2-1                          [1, 62, 536]              [1, 1, 62, 536]           --                        --
│    └─Conv2d (1): 2-2                             [1, 1, 62, 536]           [1, 4, 1, 536]            252                       [62, 1]
│    └─Rearrange (2): 2-3                          [1, 4, 1, 536]            [1, 4, 536]               --                        --
├─_ConvFeatureEncoder (feature_encoder): 1-2       [1, 4, 536]               [1, 16, 64]               --                        --
│    └─Rearrange (0): 2-4                          [1, 4, 536]               [4, 1, 536]               --                        --
│    └─Sequential (1): 2-5                         [4, 1, 536]               [4, 8, 64]                --                        --
│    │    └─Conv1d (0): 3-1                        [4, 1, 536]               [4, 8, 64]                256                       [32]
│    │    └─Dropout (1): 3-2                       [4, 8, 64]                [4, 8, 64]                --                        --
│    │    └─GroupNorm (2): 3-3                     [4, 8, 64]                [4, 8, 64]                16                        --
│    │    └─GELU (3): 3-4                          [4, 8, 64]                [4, 8, 64]                --                        --
│    └─Sequential (2): 2-6                         [4, 8, 64]                [4, 16, 32]               --                        --
│    │    └─Conv1d (0): 3-5                        [4, 8, 64]                [4, 16, 32]               256                       [2]
│    │    └─Dropout (1): 3-6                       [4, 16, 32]               [4, 16, 32]               --                        --
│    │    └─GELU (2): 3-7                          [4, 16, 32]               [4, 16, 32]               --                        --
│    └─Sequential (3): 2-7                         [4, 16, 32]               [4, 32, 16]               --                        --
│    │    └─Conv1d (0): 3-8                        [4, 16, 32]               [4, 32, 16]               1,024                     [2]
│    │    └─Dropout (1): 3-9                       [4, 32, 16]               [4, 32, 16]               --                        --
│    │    └─GELU (2): 3-10                         [4, 32, 16]               [4, 32, 16]               --                        --
│    └─Sequential (4): 2-8                         [4, 32, 16]               [4, 64, 8]                --                        --
│    │    └─Conv1d (0): 3-11                       [4, 32, 16]               [4, 64, 8]                4,096                     [2]
│    │    └─Dropout (1): 3-12                      [4, 64, 8]                [4, 64, 8]                --                        --
│    │    └─GELU (2): 3-13                         [4, 64, 8]                [4, 64, 8]                --                        --
│    └─Sequential (5): 2-9                         [4, 64, 8]                [4, 64, 4]                --                        --
│    │    └─Conv1d (0): 3-14                       [4, 64, 8]                [4, 64, 4]                8,192                     [2]
│    │    └─Dropout (1): 3-15                      [4, 64, 4]                [4, 64, 4]                --                        --
│    │    └─GELU (2): 3-16                         [4, 64, 4]                [4, 64, 4]                --                        --
│    └─Rearrange (6): 2-10                         [4, 64, 4]                [1, 16, 64]               --                        --
├─Sequential (final_layer): 1-3                    [1, 16, 64]               [1, 4]                    --                        --
│    └─Flatten (0): 2-11                           [1, 16, 64]               [1, 1024]                 --                        --
│    └─Linear (1): 2-12                            [1, 1024]                 [1, 4]                    4,100                     --
======================================================================================================================================================
Total params: 18,192
Trainable params: 18,192
Non-trainable params: 0
Total mult-adds (Units.MEGABYTES): 0.57
======================================================================================================================================================
Input size (MB): 0.13
Forward/backward pass size (MB): 0.11
Params size (MB): 0.07
Estimated Total Size (MB): 0.31
======================================================================================================================================================
[2026-04-03 12:33:31] Initializing from 16s-60 pretrained checkpoint (Hugging Face):
[2026-04-03 12:33:31]   https://huggingface.co/braindecode/SignalJEPA/resolve/main/signal-jepa_16s-60_adeuwv4s.pth
[2026-04-03 12:33:31]   Downloaded 179 keys
[2026-04-03 12:33:31] ======================================================================
[2026-04-03 12:33:31] STARTING CROSS-VALIDATION
[2026-04-03 12:33:31] ======================================================================
[2026-04-03 12:33:31] Subjects:      [51]
[2026-04-03 12:33:31] CV folds:      5
[2026-04-03 12:33:31] Batch size:    16
[2026-04-03 12:33:31] Max epochs:    5000
[2026-04-03 12:33:31] Device:        mps
[2026-04-03 12:33:31] Seed control:  True
[2026-04-03 12:33:31] Base seed:     5
[2026-04-03 12:33:31] ======================================================================

[2026-04-03 12:33:31] Subject 51: 200 windows | class_counts=[50, 50, 50, 50]
[2026-04-03 12:33:31]   Fold 1 class counts: train=[32, 32, 32, 32] val=[8, 8, 8, 8] test=[10, 10, 10, 10]
[2026-04-03 12:33:31]   Fold 2 class counts: train=[32, 32, 32, 32] val=[8, 8, 8, 8] test=[10, 10, 10, 10]
[2026-04-03 12:33:31]   Fold 3 class counts: train=[32, 32, 32, 32] val=[8, 8, 8, 8] test=[10, 10, 10, 10]
[2026-04-03 12:33:31]   Fold 4 class counts: train=[32, 32, 32, 32] val=[8, 8, 8, 8] test=[10, 10, 10, 10]
[2026-04-03 12:33:31]   Fold 5 class counts: train=[32, 32, 32, 32] val=[8, 8, 8, 8] test=[10, 10, 10, 10]
[2026-04-03 12:33:31]     Train class counts: [32, 32, 32, 32]
[2026-04-03 12:33:31]     Val class counts:   [8, 8, 8, 8]
[2026-04-03 12:33:31]     Test class counts:  [10, 10, 10, 10]
[2026-04-03 12:33:31] Building model with input window duration: 4.1875 s
[2026-04-03 12:33:31] Pretrained weight loading:
[2026-04-03 12:33:31]   Downloaded keys:        179
[2026-04-03 12:33:31]   Filtered (transformer): 172
[2026-04-03 12:33:31]   Filtered (pos_encoder): 0
[2026-04-03 12:33:31]   Keys to load:           7
[2026-04-03 12:33:31]   Missing keys:           4
[2026-04-03 12:33:31]   Unexpected keys:        0
[2026-04-03 12:33:31]   Missing preview:        ['spatial_conv.1.weight', 'spatial_conv.1.bias', 'final_layer.1.weight', 'final_layer.1.bias']
[2026-04-03 12:33:31]   Unexpected preview:     []
[2026-04-03 12:33:31] Trainable modules: spatial_conv + final_layer (4,352 / 18,192 params, 23.9%)
[2026-04-03 12:33:31]   - final_layer.1.bias
[2026-04-03 12:33:31]   - final_layer.1.weight
[2026-04-03 12:33:31]   - spatial_conv.1.bias
[2026-04-03 12:33:31]   - spatial_conv.1.weight
[2026-04-03 12:33:58]   Fold 1/5 | best_epoch=234 | stop=284 | val_loss=1.2334 | acc=0.3750 | bal_acc=0.3750
[2026-04-03 12:33:58]     Train class counts: [32, 32, 32, 32]
[2026-04-03 12:33:58]     Val class counts:   [8, 8, 8, 8]
[2026-04-03 12:33:58]     Test class counts:  [10, 10, 10, 10]
[2026-04-03 12:33:58] Building model with input window duration: 4.1875 s
[2026-04-03 12:33:58] Pretrained weight loading:
[2026-04-03 12:33:58]   Downloaded keys:        179
[2026-04-03 12:33:58]   Filtered (transformer): 172
[2026-04-03 12:33:58]   Filtered (pos_encoder): 0
[2026-04-03 12:33:58]   Keys to load:           7
[2026-04-03 12:33:58]   Missing keys:           4
[2026-04-03 12:33:58]   Unexpected keys:        0
[2026-04-03 12:33:58]   Missing preview:        ['spatial_conv.1.weight', 'spatial_conv.1.bias', 'final_layer.1.weight', 'final_layer.1.bias']
[2026-04-03 12:33:58]   Unexpected preview:     []
[2026-04-03 12:34:19]   Fold 2/5 | best_epoch=166 | stop=216 | val_loss=1.1789 | acc=0.5250 | bal_acc=0.5250
[2026-04-03 12:34:19]     Train class counts: [32, 32, 32, 32]
[2026-04-03 12:34:19]     Val class counts:   [8, 8, 8, 8]
[2026-04-03 12:34:19]     Test class counts:  [10, 10, 10, 10]
[2026-04-03 12:34:19] Building model with input window duration: 4.1875 s
[2026-04-03 12:34:19] Pretrained weight loading:
[2026-04-03 12:34:19]   Downloaded keys:        179
[2026-04-03 12:34:19]   Filtered (transformer): 172
[2026-04-03 12:34:19]   Filtered (pos_encoder): 0
[2026-04-03 12:34:19]   Keys to load:           7
[2026-04-03 12:34:19]   Missing keys:           4
[2026-04-03 12:34:19]   Unexpected keys:        0
[2026-04-03 12:34:19]   Missing preview:        ['spatial_conv.1.weight', 'spatial_conv.1.bias', 'final_layer.1.weight', 'final_layer.1.bias']
[2026-04-03 12:34:19]   Unexpected preview:     []
[2026-04-03 12:34:36]   Fold 3/5 | best_epoch=134 | stop=184 | val_loss=1.3136 | acc=0.3750 | bal_acc=0.3750
[2026-04-03 12:34:36]     Train class counts: [32, 32, 32, 32]
[2026-04-03 12:34:36]     Val class counts:   [8, 8, 8, 8]
[2026-04-03 12:34:36]     Test class counts:  [10, 10, 10, 10]
[2026-04-03 12:34:36] Building model with input window duration: 4.1875 s
[2026-04-03 12:34:36] Pretrained weight loading:
[2026-04-03 12:34:36]   Downloaded keys:        179
[2026-04-03 12:34:36]   Filtered (transformer): 172
[2026-04-03 12:34:36]   Filtered (pos_encoder): 0
[2026-04-03 12:34:36]   Keys to load:           7
[2026-04-03 12:34:36]   Missing keys:           4
[2026-04-03 12:34:36]   Unexpected keys:        0
[2026-04-03 12:34:36]   Missing preview:        ['spatial_conv.1.weight', 'spatial_conv.1.bias', 'final_layer.1.weight', 'final_layer.1.bias']
[2026-04-03 12:34:36]   Unexpected preview:     []
[2026-04-03 12:35:01]   Fold 4/5 | best_epoch=212 | stop=262 | val_loss=1.1897 | acc=0.4750 | bal_acc=0.4750
[2026-04-03 12:35:01]     Train class counts: [32, 32, 32, 32]
[2026-04-03 12:35:01]     Val class counts:   [8, 8, 8, 8]
[2026-04-03 12:35:01]     Test class counts:  [10, 10, 10, 10]
[2026-04-03 12:35:01] Building model with input window duration: 4.1875 s
[2026-04-03 12:35:01] Pretrained weight loading:
[2026-04-03 12:35:01]   Downloaded keys:        179
[2026-04-03 12:35:01]   Filtered (transformer): 172
[2026-04-03 12:35:01]   Filtered (pos_encoder): 0
[2026-04-03 12:35:01]   Keys to load:           7
[2026-04-03 12:35:01]   Missing keys:           4
[2026-04-03 12:35:01]   Unexpected keys:        0
[2026-04-03 12:35:01]   Missing preview:        ['spatial_conv.1.weight', 'spatial_conv.1.bias', 'final_layer.1.weight', 'final_layer.1.bias']
[2026-04-03 12:35:01]   Unexpected preview:     []
[2026-04-03 12:35:20]   Fold 5/5 | best_epoch=162 | stop=212 | val_loss=1.2829 | acc=0.4500 | bal_acc=0.4500
[2026-04-03 12:35:20]   Subject 51 summary: acc=0.4400±0.0583  bal_acc=0.4400±0.0583

[2026-04-03 12:35:20] Total folds completed: 5
[2026-04-03 12:35:20] ======================================================================
[2026-04-03 12:35:20] AGGREGATED RESULTS
[2026-04-03 12:35:20] ======================================================================
[2026-04-03 12:35:20]   Subject 51:  acc=0.4400±0.0583  bal_acc=0.4400±0.0583
[2026-04-03 12:35:20] ----------------------------------------------------------------------
[2026-04-03 12:35:20]   OVERALL:      acc=0.4400±0.0583  bal_acc=0.4400±0.0583
[2026-04-03 12:35:20] ======================================================================
[2026-04-03 12:35:20] CV results saved to:      /Users/vadim/Documents/School/Spring 2026/CSCE A698 Individual Research/EEG_JEPA/artifacts/lee-2019-fine-tuning/SSVEP/20260403_1233_41b0160f/cv_results.json
[2026-04-03 12:35:20] Subject metrics saved to: /Users/vadim/Documents/School/Spring 2026/CSCE A698 Individual Research/EEG_JEPA/artifacts/lee-2019-fine-tuning/SSVEP/20260403_1233_41b0160f/subject_metrics.json
[2026-04-03 12:35:20] Global metrics saved to:  /Users/vadim/Documents/School/Spring 2026/CSCE A698 Individual Research/EEG_JEPA/artifacts/lee-2019-fine-tuning/SSVEP/20260403_1233_41b0160f/global_metrics.json
[2026-04-03 12:35:20] Run metadata saved to:    /Users/vadim/Documents/School/Spring 2026/CSCE A698 Individual Research/EEG_JEPA/artifacts/lee-2019-fine-tuning/SSVEP/20260403_1233_41b0160f/run_metadata.json

[2026-04-03 12:35:20] All artifacts in: /Users/vadim/Documents/School/Spring 2026/CSCE A698 Individual Research/EEG_JEPA/artifacts/lee-2019-fine-tuning/SSVEP/20260403_1233_41b0160f

[2026-04-03 12:35:20] ======================================================================
[2026-04-03 12:35:20] EXPERIMENT SUMMARY
[2026-04-03 12:35:20] ======================================================================
[2026-04-03 12:35:20] Run ID:    20260403_1233_41b0160f
[2026-04-03 12:35:20] Artifacts: /Users/vadim/Documents/School/Spring 2026/CSCE A698 Individual Research/EEG_JEPA/artifacts/lee-2019-fine-tuning/SSVEP/20260403_1233_41b0160f

[2026-04-03 12:35:20] Configuration:
[2026-04-03 12:35:20]   Subjects:          [51]
[2026-04-03 12:35:20]   Bandpass:          0.5-40.0 Hz
[2026-04-03 12:35:20]   Resample:          128 Hz
[2026-04-03 12:35:20]   CV folds:          5
[2026-04-03 12:35:20]   Learning rate:     0.001
[2026-04-03 12:35:20]   Batch size:        16
[2026-04-03 12:35:20]   Max epochs:        5000

[2026-04-03 12:35:20] Results:
[2026-04-03 12:35:20]   Mean Accuracy:          0.4400 ± 0.0583
[2026-04-03 12:35:20]   Mean Balanced Accuracy: 0.4400 ± 0.0583
