[2026-03-31 18:15:21] Using device: cpu
[2026-03-31 18:15:21] Seed control enabled: True
[2026-03-31 18:15:21] Base seed: 602
[2026-03-31 18:15:22] Seed initialized: 602
[2026-03-31 18:15:22] ======================================================================
[2026-03-31 18:15:22] CONFIGURATION
[2026-03-31 18:15:22] ======================================================================
[2026-03-31 18:15:22]   artifact_dir: /home/vegorov/Repos/eeg_jepa_research/artifacts/lee-2019-fine-tuning
[2026-03-31 18:15:22]   bandpass_high: 40.0
[2026-03-31 18:15:22]   bandpass_low: 0.5
[2026-03-31 18:15:22]   batch_size: 16
[2026-03-31 18:15:22]   convert_to_uV: False
[2026-03-31 18:15:22]   cv_folds: 5
[2026-03-31 18:15:22]   device: auto
[2026-03-31 18:15:22]   early_stopping_patience: 50
[2026-03-31 18:15:22]   learning_rate: 0.001
[2026-03-31 18:15:22]   n_epochs: 5000
[2026-03-31 18:15:22]   normalization_method: zscore
[2026-03-31 18:15:22]   normalize: True
[2026-03-31 18:15:22]   paradigm: SSVEP
[2026-03-31 18:15:22]   pretrained_url: https://huggingface.co/braindecode/SignalJEPA/resolve/main/signal-jepa_16s-60_adeuwv4s.pth
[2026-03-31 18:15:22]   seed: 602
[2026-03-31 18:15:22]   set_seed: True
[2026-03-31 18:15:22]   sfreq: 128
[2026-03-31 18:15:22]   subjects_to_use: [51]
[2026-03-31 18:15:22]   val_split: 0.2
[2026-03-31 18:15:22] ======================================================================
[2026-03-31 18:15:22] Config saved to: /home/vegorov/Repos/eeg_jepa_research/artifacts/lee-2019-fine-tuning/SSVEP/20260331_1815_e983301c/config.json
[2026-03-31 18:15:22] Epoch window configuration:
[2026-03-31 18:15:22]   Target sfreq:                128 Hz
[2026-03-31 18:15:22]   Target duration:             4.190000 s
[2026-03-31 18:15:22]   Window samples (rounded):    536
[2026-03-31 18:15:22]   Base trial samples (4.0 s):  512
[2026-03-31 18:15:22]   Trial stop offset samples:   24
[2026-03-31 18:15:22]   Effective window duration:   4.187500 s
[2026-03-31 18:15:22] Using specified subjects from config: [51]
[2026-03-31 18:15:22] Selected subjects: [51]
[2026-03-31 18:15:22] Expected evaluation folds: 5

[2026-03-31 18:15:22] Building MOABBDataset for Lee2019_SSVEP...
[2026-03-31 18:15:30] MOABBDataset recordings loaded: 1
[2026-03-31 18:15:30] Discovered annotation descriptions (first recording): [np.str_('12.0'), np.str_('5.45'), np.str_('6.67'), np.str_('8.57')]
[2026-03-31 18:15:30] Dataset event_id mapping: {'12.0': 1, '8.57': 2, '6.67': 3, '5.45': 4}
[2026-03-31 18:15:30] Label map (event_code -> class_index): {1: 0, 2: 1, 3: 2, 4: 3}
[2026-03-31 18:15:31] Applying Braindecode preprocessors to MOABBDataset...
[2026-03-31 18:15:33] Preprocessing complete.

[2026-03-31 18:15:33] Post-preprocessing validation
[2026-03-31 18:15:33]   Recordings in DATASET: 1
[2026-03-31 18:15:33]   Unique subject IDs:    ['51']
[2026-03-31 18:15:33]   sfreq (first rec):     128.0 Hz
[2026-03-31 18:15:33]   EEG channel count:     62
[2026-03-31 18:15:33]   First 10 channels:     ['Fp1', 'Fp2', 'F7', 'F3', 'Fz', 'F4', 'F8', 'FC5', 'FC1', 'FC2']
[2026-03-31 18:15:33] Channel consistency summary:
[2026-03-31 18:15:33]   Checked runs: 1
[2026-03-31 18:15:33]   Unique channel counts: [62]
[2026-03-31 18:15:33]   Channel order consistent: True
[2026-03-31 18:15:33] Validated EEG channels: 62
[2026-03-31 18:15:33] First 10 EEG channels: ['Fp1', 'Fp2', 'F7', 'F3', 'Fz', 'F4', 'F8', 'FC5', 'FC1', 'FC2']
[2026-03-31 18:15:33] raw mean_abs=6.326511e-01
[2026-03-31 18:15:33] raw std=9.990611e-01
[2026-03-31 18:15:33] raw first5 channel std= [0.99978371 0.999817   0.99941067 0.9992774  0.9991114 ]
[2026-03-31 18:15:33] Requested window samples: 536
[2026-03-31 18:15:33] Base trial samples:       512
[2026-03-31 18:15:33] Stop offset samples:      24
[2026-03-31 18:15:33] Global class counts: [25, 25, 25, 25]
[2026-03-31 18:15:33] Chance level (4-class): 0.25
[2026-03-31 18:15:33] One window shape: (62, 536)
[2026-03-31 18:15:33] One window label: 1
[2026-03-31 18:15:33] Window sample length expected=536, got=536
[2026-03-31 18:15:33] Subjects in window split: [51]
[2026-03-31 18:15:33] Summarizing per-subject windows...
[2026-03-31 18:15:33]   Subject 51: n_windows=100, window_shape=(62, 536), class_counts=[25, 25, 25, 25]
[2026-03-31 18:15:34]    subject_id  n_windows  n_channels  n_times      class_counts
0          51        100          62      536  [25, 25, 25, 25]
[2026-03-31 18:15:34] Window validation summary:
[2026-03-31 18:15:34]   Subject 51: n_windows=100 class_counts=[25, 25, 25, 25]

[2026-03-31 18:15:34] Validated sampling rate target: 128 Hz
[2026-03-31 18:15:34] Validated window sample count:   536
[2026-03-31 18:15:34] Validated window duration:       4.1875 s
[2026-03-31 18:15:34] Validated channel count:         62
[2026-03-31 18:15:34] Total windows retained:          100
[2026-03-31 18:15:34] Preprocessing sanity checks:
[2026-03-31 18:15:34]   One sample label: 1
[2026-03-31 18:15:34]   One sample shape: (62, 536)
[2026-03-31 18:15:34]   Mean(abs(signal)): 3.405296e-01
[2026-03-31 18:15:34]   Mean(signal):      -3.798668e-03
[2026-03-31 18:15:34]   Std(signal):       4.496962e-01
[2026-03-31 18:15:34] Building model with input window duration: 4.1875 s
[2026-03-31 18:15:34] SignalJEPA_PreLocal instantiated successfully.
[2026-03-31 18:15:34]   Total parameters:     18,192
[2026-03-31 18:15:34]   Trainable parameters: 18,192
[2026-03-31 18:15:34] ======================================================================================================================================================
Layer (type (var_name):depth-idx)                  Input Shape               Output Shape              Param #                   Kernel Shape
======================================================================================================================================================
SignalJEPA_PreLocal (SignalJEPA_PreLocal)          [1, 62, 536]              [1, 4]                    --                        --
├─Sequential (spatial_conv): 1-1                   [1, 62, 536]              [1, 4, 536]               --                        --
│    └─Rearrange (0): 2-1                          [1, 62, 536]              [1, 1, 62, 536]           --                        --
│    └─Conv2d (1): 2-2                             [1, 1, 62, 536]           [1, 4, 1, 536]            252                       [62, 1]
│    └─Rearrange (2): 2-3                          [1, 4, 1, 536]            [1, 4, 536]               --                        --
├─_ConvFeatureEncoder (feature_encoder): 1-2       [1, 4, 536]               [1, 16, 64]               --                        --
│    └─Rearrange (0): 2-4                          [1, 4, 536]               [4, 1, 536]               --                        --
│    └─Sequential (1): 2-5                         [4, 1, 536]               [4, 8, 64]                --                        --
│    │    └─Conv1d (0): 3-1                        [4, 1, 536]               [4, 8, 64]                256                       [32]
│    │    └─Dropout (1): 3-2                       [4, 8, 64]                [4, 8, 64]                --                        --
│    │    └─GroupNorm (2): 3-3                     [4, 8, 64]                [4, 8, 64]                16                        --
│    │    └─GELU (3): 3-4                          [4, 8, 64]                [4, 8, 64]                --                        --
│    └─Sequential (2): 2-6                         [4, 8, 64]                [4, 16, 32]               --                        --
│    │    └─Conv1d (0): 3-5                        [4, 8, 64]                [4, 16, 32]               256                       [2]
│    │    └─Dropout (1): 3-6                       [4, 16, 32]               [4, 16, 32]               --                        --
│    │    └─GELU (2): 3-7                          [4, 16, 32]               [4, 16, 32]               --                        --
│    └─Sequential (3): 2-7                         [4, 16, 32]               [4, 32, 16]               --                        --
│    │    └─Conv1d (0): 3-8                        [4, 16, 32]               [4, 32, 16]               1,024                     [2]
│    │    └─Dropout (1): 3-9                       [4, 32, 16]               [4, 32, 16]               --                        --
│    │    └─GELU (2): 3-10                         [4, 32, 16]               [4, 32, 16]               --                        --
│    └─Sequential (4): 2-8                         [4, 32, 16]               [4, 64, 8]                --                        --
│    │    └─Conv1d (0): 3-11                       [4, 32, 16]               [4, 64, 8]                4,096                     [2]
│    │    └─Dropout (1): 3-12                      [4, 64, 8]                [4, 64, 8]                --                        --
│    │    └─GELU (2): 3-13                         [4, 64, 8]                [4, 64, 8]                --                        --
│    └─Sequential (5): 2-9                         [4, 64, 8]                [4, 64, 4]                --                        --
│    │    └─Conv1d (0): 3-14                       [4, 64, 8]                [4, 64, 4]                8,192                     [2]
│    │    └─Dropout (1): 3-15                      [4, 64, 4]                [4, 64, 4]                --                        --
│    │    └─GELU (2): 3-16                         [4, 64, 4]                [4, 64, 4]                --                        --
│    └─Rearrange (6): 2-10                         [4, 64, 4]                [1, 16, 64]               --                        --
├─Sequential (final_layer): 1-3                    [1, 16, 64]               [1, 4]                    --                        --
│    └─Flatten (0): 2-11                           [1, 16, 64]               [1, 1024]                 --                        --
│    └─Linear (1): 2-12                            [1, 1024]                 [1, 4]                    4,100                     --
======================================================================================================================================================
Total params: 18,192
Trainable params: 18,192
Non-trainable params: 0
Total mult-adds (Units.MEGABYTES): 0.57
======================================================================================================================================================
Input size (MB): 0.13
Forward/backward pass size (MB): 0.11
Params size (MB): 0.07
Estimated Total Size (MB): 0.31
======================================================================================================================================================
[2026-03-31 18:15:34] Initializing from 16s-60 pretrained checkpoint (Hugging Face):
[2026-03-31 18:15:34]   https://huggingface.co/braindecode/SignalJEPA/resolve/main/signal-jepa_16s-60_adeuwv4s.pth
[2026-03-31 18:15:34]   Downloaded 179 keys
[2026-03-31 18:15:34] ======================================================================
[2026-03-31 18:15:34] STARTING CROSS-VALIDATION
[2026-03-31 18:15:34] ======================================================================
[2026-03-31 18:15:34] Subjects:      [51]
[2026-03-31 18:15:34] CV folds:      5
[2026-03-31 18:15:34] Batch size:    16
[2026-03-31 18:15:34] Max epochs:    5000
[2026-03-31 18:15:34] Device:        cpu
[2026-03-31 18:15:34] Seed control:  True
[2026-03-31 18:15:34] Base seed:     602
[2026-03-31 18:15:34] ======================================================================

[2026-03-31 18:15:34] Subject 51: 100 windows class_counts=[25, 25, 25, 25]
[2026-03-31 18:15:34]   Fold 1 split seed: 603
[2026-03-31 18:15:34]   Fold 1 split class counts:
[2026-03-31 18:15:34]     train=[16, 16, 16, 16] val=[4, 4, 4, 4] test=[5, 5, 5, 5]
[2026-03-31 18:15:34]   Fold 2 split seed: 604
[2026-03-31 18:15:34]   Fold 2 split class counts:
[2026-03-31 18:15:34]     train=[16, 16, 16, 16] val=[4, 4, 4, 4] test=[5, 5, 5, 5]
[2026-03-31 18:15:34]   Fold 3 split seed: 605
[2026-03-31 18:15:34]   Fold 3 split class counts:
[2026-03-31 18:15:34]     train=[16, 16, 16, 16] val=[4, 4, 4, 4] test=[5, 5, 5, 5]
[2026-03-31 18:15:34]   Fold 4 split seed: 606
[2026-03-31 18:15:34]   Fold 4 split class counts:
[2026-03-31 18:15:34]     train=[16, 16, 16, 16] val=[4, 4, 4, 4] test=[5, 5, 5, 5]
[2026-03-31 18:15:34]   Fold 5 split seed: 607
[2026-03-31 18:15:34]   Fold 5 split class counts:
[2026-03-31 18:15:34]     train=[16, 16, 16, 16] val=[4, 4, 4, 4] test=[5, 5, 5, 5]
[2026-03-31 18:15:34]   Subject 51 Fold 1 seed: 5703
[2026-03-31 18:15:34]   Subject 51 Fold 1: n_train=64 n_val=16 n_test=20
[2026-03-31 18:15:34]     Train class counts: [16, 16, 16, 16]
[2026-03-31 18:15:34]     Val class counts:   [4, 4, 4, 4]
[2026-03-31 18:15:34]     Test class counts:  [5, 5, 5, 5]
[2026-03-31 18:15:34] Building model with input window duration: 4.1875 s
[2026-03-31 18:15:34] Pretrained weight loading:
[2026-03-31 18:15:34]   Downloaded keys:        179
[2026-03-31 18:15:34]   Filtered (transformer): 172
[2026-03-31 18:15:34]   Filtered (pos_encoder): 0
[2026-03-31 18:15:34]   Keys to load:           7
[2026-03-31 18:15:34]   Missing keys:           4
[2026-03-31 18:15:34]   Unexpected keys:        0
[2026-03-31 18:15:34]   Missing preview:        ['spatial_conv.1.weight', 'spatial_conv.1.bias', 'final_layer.1.weight', 'final_layer.1.bias']
[2026-03-31 18:15:34]   Unexpected preview:     []
[2026-03-31 18:15:34] Encoder freeze configuration:
[2026-03-31 18:15:34]   Total parameters:        18,192
[2026-03-31 18:15:34]   Trainable parameters:    4,352
[2026-03-31 18:15:34]   Training percentage:     23.9%
[2026-03-31 18:15:34]   Trainable layers: 4
[2026-03-31 18:15:34]     - final_layer.1.bias
[2026-03-31 18:15:34]     - final_layer.1.weight
[2026-03-31 18:15:34]     - spatial_conv.1.bias
[2026-03-31 18:15:34]     - spatial_conv.1.weight
[2026-03-31 18:15:34]     Train generator seeded: True
[2026-03-31 18:15:34]     Stopped epoch:            51
[2026-03-31 18:15:34]     Best epoch (valid_loss):  1
[2026-03-31 18:15:34]     Best valid_loss:          1.388220191001892
[2026-03-31 18:15:34]     Test accuracy (primary):  0.2500
[2026-03-31 18:15:34]     Test balanced acc:        0.2500
[2026-03-31 18:15:34]     Confusion matrix:         [[0, 0, 5, 0], [0, 0, 5, 0], [0, 0, 5, 0], [0, 0, 5, 0]]
[2026-03-31 18:15:34]     Prediction histogram:     [0, 0, 20, 0]
[2026-03-31 18:15:34]     fold_acc=0.2500 fold_bal_acc=0.2500 cm=[[0, 0, 5, 0], [0, 0, 5, 0], [0, 0, 5, 0], [0, 0, 5, 0]]
[2026-03-31 18:15:34]   Subject 51 Fold 2 seed: 5704
[2026-03-31 18:15:34]   Subject 51 Fold 2: n_train=64 n_val=16 n_test=20
[2026-03-31 18:15:34]     Train class counts: [16, 16, 16, 16]
[2026-03-31 18:15:34]     Val class counts:   [4, 4, 4, 4]
[2026-03-31 18:15:34]     Test class counts:  [5, 5, 5, 5]
[2026-03-31 18:15:34] Building model with input window duration: 4.1875 s
[2026-03-31 18:15:34] Pretrained weight loading:
[2026-03-31 18:15:34]   Downloaded keys:        179
[2026-03-31 18:15:34]   Filtered (transformer): 172
[2026-03-31 18:15:34]   Filtered (pos_encoder): 0
[2026-03-31 18:15:34]   Keys to load:           7
[2026-03-31 18:15:34]   Missing keys:           4
[2026-03-31 18:15:34]   Unexpected keys:        0
[2026-03-31 18:15:34]   Missing preview:        ['spatial_conv.1.weight', 'spatial_conv.1.bias', 'final_layer.1.weight', 'final_layer.1.bias']
[2026-03-31 18:15:34]   Unexpected preview:     []
[2026-03-31 18:15:34] Encoder freeze configuration:
[2026-03-31 18:15:34]   Total parameters:        18,192
[2026-03-31 18:15:34]   Trainable parameters:    4,352
[2026-03-31 18:15:34]   Training percentage:     23.9%
[2026-03-31 18:15:34]   Trainable layers: 4
[2026-03-31 18:15:34]     - final_layer.1.bias
[2026-03-31 18:15:34]     - final_layer.1.weight
[2026-03-31 18:15:34]     - spatial_conv.1.bias
[2026-03-31 18:15:34]     - spatial_conv.1.weight
[2026-03-31 18:15:34]     Train generator seeded: True
[2026-03-31 18:15:35]     Stopped epoch:            69
[2026-03-31 18:15:35]     Best epoch (valid_loss):  24
[2026-03-31 18:15:35]     Best valid_loss:          1.3860629796981812
[2026-03-31 18:15:35]     Test accuracy (primary):  0.3000
[2026-03-31 18:15:35]     Test balanced acc:        0.3000
[2026-03-31 18:15:35]     Confusion matrix:         [[2, 2, 0, 1], [0, 3, 1, 1], [3, 1, 1, 0], [4, 1, 0, 0]]
[2026-03-31 18:15:35]     Prediction histogram:     [9, 7, 2, 2]
[2026-03-31 18:15:35]     fold_acc=0.3000 fold_bal_acc=0.3000 cm=[[2, 2, 0, 1], [0, 3, 1, 1], [3, 1, 1, 0], [4, 1, 0, 0]]
[2026-03-31 18:15:35]   Subject 51 Fold 3 seed: 5705
[2026-03-31 18:15:35]   Subject 51 Fold 3: n_train=64 n_val=16 n_test=20
[2026-03-31 18:15:35]     Train class counts: [16, 16, 16, 16]
[2026-03-31 18:15:35]     Val class counts:   [4, 4, 4, 4]
[2026-03-31 18:15:35]     Test class counts:  [5, 5, 5, 5]
[2026-03-31 18:15:35] Building model with input window duration: 4.1875 s
[2026-03-31 18:15:35] Pretrained weight loading:
[2026-03-31 18:15:35]   Downloaded keys:        179
[2026-03-31 18:15:35]   Filtered (transformer): 172
[2026-03-31 18:15:35]   Filtered (pos_encoder): 0
[2026-03-31 18:15:35]   Keys to load:           7
[2026-03-31 18:15:35]   Missing keys:           4
[2026-03-31 18:15:35]   Unexpected keys:        0
[2026-03-31 18:15:35]   Missing preview:        ['spatial_conv.1.weight', 'spatial_conv.1.bias', 'final_layer.1.weight', 'final_layer.1.bias']
[2026-03-31 18:15:35]   Unexpected preview:     []
[2026-03-31 18:15:35] Encoder freeze configuration:
[2026-03-31 18:15:35]   Total parameters:        18,192
[2026-03-31 18:15:35]   Trainable parameters:    4,352
[2026-03-31 18:15:35]   Training percentage:     23.9%
[2026-03-31 18:15:35]   Trainable layers: 4
[2026-03-31 18:15:35]     - final_layer.1.bias
[2026-03-31 18:15:35]     - final_layer.1.weight
[2026-03-31 18:15:35]     - spatial_conv.1.bias
[2026-03-31 18:15:35]     - spatial_conv.1.weight
[2026-03-31 18:15:35]     Train generator seeded: True
[2026-03-31 18:15:36]     Stopped epoch:            51
[2026-03-31 18:15:36]     Best epoch (valid_loss):  1
[2026-03-31 18:15:36]     Best valid_loss:          1.3867454528808594
[2026-03-31 18:15:36]     Test accuracy (primary):  0.3000
[2026-03-31 18:15:36]     Test balanced acc:        0.3000
[2026-03-31 18:15:36]     Confusion matrix:         [[0, 0, 1, 4], [1, 0, 1, 3], [0, 0, 3, 2], [0, 1, 1, 3]]
[2026-03-31 18:15:36]     Prediction histogram:     [1, 1, 6, 12]
[2026-03-31 18:15:36]     fold_acc=0.3000 fold_bal_acc=0.3000 cm=[[0, 0, 1, 4], [1, 0, 1, 3], [0, 0, 3, 2], [0, 1, 1, 3]]
[2026-03-31 18:15:36]   Subject 51 Fold 4 seed: 5706
[2026-03-31 18:15:36]   Subject 51 Fold 4: n_train=64 n_val=16 n_test=20
[2026-03-31 18:15:36]     Train class counts: [16, 16, 16, 16]
[2026-03-31 18:15:36]     Val class counts:   [4, 4, 4, 4]
[2026-03-31 18:15:36]     Test class counts:  [5, 5, 5, 5]
[2026-03-31 18:15:36] Building model with input window duration: 4.1875 s
[2026-03-31 18:15:36] Pretrained weight loading:
[2026-03-31 18:15:36]   Downloaded keys:        179
[2026-03-31 18:15:36]   Filtered (transformer): 172
[2026-03-31 18:15:36]   Filtered (pos_encoder): 0
[2026-03-31 18:15:36]   Keys to load:           7
[2026-03-31 18:15:36]   Missing keys:           4
[2026-03-31 18:15:36]   Unexpected keys:        0
[2026-03-31 18:15:36]   Missing preview:        ['spatial_conv.1.weight', 'spatial_conv.1.bias', 'final_layer.1.weight', 'final_layer.1.bias']
[2026-03-31 18:15:36]   Unexpected preview:     []
[2026-03-31 18:15:36] Encoder freeze configuration:
[2026-03-31 18:15:36]   Total parameters:        18,192
[2026-03-31 18:15:36]   Trainable parameters:    4,352
[2026-03-31 18:15:36]   Training percentage:     23.9%
[2026-03-31 18:15:36]   Trainable layers: 4
[2026-03-31 18:15:36]     - final_layer.1.bias
[2026-03-31 18:15:36]     - final_layer.1.weight
[2026-03-31 18:15:36]     - spatial_conv.1.bias
[2026-03-31 18:15:36]     - spatial_conv.1.weight
[2026-03-31 18:15:36]     Train generator seeded: True
[2026-03-31 18:15:37]     Stopped epoch:            95
[2026-03-31 18:15:37]     Best epoch (valid_loss):  45
[2026-03-31 18:15:37]     Best valid_loss:          1.3837543725967407
[2026-03-31 18:15:37]     Test accuracy (primary):  0.3500
[2026-03-31 18:15:37]     Test balanced acc:        0.3500
[2026-03-31 18:15:37]     Confusion matrix:         [[1, 1, 2, 1], [0, 1, 3, 1], [0, 1, 2, 2], [1, 1, 0, 3]]
[2026-03-31 18:15:37]     Prediction histogram:     [2, 4, 7, 7]
[2026-03-31 18:15:37]     fold_acc=0.3500 fold_bal_acc=0.3500 cm=[[1, 1, 2, 1], [0, 1, 3, 1], [0, 1, 2, 2], [1, 1, 0, 3]]
[2026-03-31 18:15:37]   Subject 51 Fold 5 seed: 5707
[2026-03-31 18:15:37]   Subject 51 Fold 5: n_train=64 n_val=16 n_test=20
[2026-03-31 18:15:37]     Train class counts: [16, 16, 16, 16]
[2026-03-31 18:15:37]     Val class counts:   [4, 4, 4, 4]
[2026-03-31 18:15:37]     Test class counts:  [5, 5, 5, 5]
[2026-03-31 18:15:37] Building model with input window duration: 4.1875 s
[2026-03-31 18:15:37] Pretrained weight loading:
[2026-03-31 18:15:37]   Downloaded keys:        179
[2026-03-31 18:15:37]   Filtered (transformer): 172
[2026-03-31 18:15:37]   Filtered (pos_encoder): 0
[2026-03-31 18:15:37]   Keys to load:           7
[2026-03-31 18:15:37]   Missing keys:           4
[2026-03-31 18:15:37]   Unexpected keys:        0
[2026-03-31 18:15:37]   Missing preview:        ['spatial_conv.1.weight', 'spatial_conv.1.bias', 'final_layer.1.weight', 'final_layer.1.bias']
[2026-03-31 18:15:37]   Unexpected preview:     []
[2026-03-31 18:15:37] Encoder freeze configuration:
[2026-03-31 18:15:37]   Total parameters:        18,192
[2026-03-31 18:15:37]   Trainable parameters:    4,352
[2026-03-31 18:15:37]   Training percentage:     23.9%
[2026-03-31 18:15:37]   Trainable layers: 4
[2026-03-31 18:15:37]     - final_layer.1.bias
[2026-03-31 18:15:37]     - final_layer.1.weight
[2026-03-31 18:15:37]     - spatial_conv.1.bias
[2026-03-31 18:15:37]     - spatial_conv.1.weight
[2026-03-31 18:15:37]     Train generator seeded: True
[2026-03-31 18:15:38]     Stopped epoch:            51
[2026-03-31 18:15:38]     Best epoch (valid_loss):  1
[2026-03-31 18:15:38]     Best valid_loss:          1.3879826068878174
[2026-03-31 18:15:38]     Test accuracy (primary):  0.2500
[2026-03-31 18:15:38]     Test balanced acc:        0.2500
[2026-03-31 18:15:38]     Confusion matrix:         [[2, 1, 2, 0], [4, 1, 0, 0], [1, 2, 2, 0], [3, 0, 2, 0]]
[2026-03-31 18:15:38]     Prediction histogram:     [10, 4, 6, 0]
[2026-03-31 18:15:38]     fold_acc=0.2500 fold_bal_acc=0.2500 cm=[[2, 1, 2, 0], [4, 1, 0, 0], [1, 2, 2, 0], [3, 0, 2, 0]]
[2026-03-31 18:15:38]   Subject 51 mean accuracy: 0.2900

[2026-03-31 18:15:38] Total folds completed: 5
[2026-03-31 18:15:38] ======================================================================
[2026-03-31 18:15:38] AGGREGATED RESULTS
[2026-03-31 18:15:38] ======================================================================
[2026-03-31 18:15:38]   Subject 51:  acc=0.2900±0.0374  bal_acc=0.2900±0.0374
[2026-03-31 18:15:38] ----------------------------------------------------------------------
[2026-03-31 18:15:38]   OVERALL:      acc=0.2900±0.0374  bal_acc=0.2900±0.0374
[2026-03-31 18:15:38] ======================================================================
[2026-03-31 18:15:38] CV results saved to:      /home/vegorov/Repos/eeg_jepa_research/artifacts/lee-2019-fine-tuning/SSVEP/20260331_1815_e983301c/cv_results.json
[2026-03-31 18:15:38] Subject metrics saved to: /home/vegorov/Repos/eeg_jepa_research/artifacts/lee-2019-fine-tuning/SSVEP/20260331_1815_e983301c/subject_metrics.json
[2026-03-31 18:15:38] Global metrics saved to:  /home/vegorov/Repos/eeg_jepa_research/artifacts/lee-2019-fine-tuning/SSVEP/20260331_1815_e983301c/global_metrics.json
[2026-03-31 18:15:38] Run metadata saved to:    /home/vegorov/Repos/eeg_jepa_research/artifacts/lee-2019-fine-tuning/SSVEP/20260331_1815_e983301c/run_metadata.json

[2026-03-31 18:15:38] All artifacts in: /home/vegorov/Repos/eeg_jepa_research/artifacts/lee-2019-fine-tuning/SSVEP/20260331_1815_e983301c

[2026-03-31 18:15:38] ======================================================================
[2026-03-31 18:15:38] EXPERIMENT SUMMARY
[2026-03-31 18:15:38] ======================================================================
[2026-03-31 18:15:38] Run ID:    20260331_1815_e983301c
[2026-03-31 18:15:38] Artifacts: /home/vegorov/Repos/eeg_jepa_research/artifacts/lee-2019-fine-tuning/SSVEP/20260331_1815_e983301c

[2026-03-31 18:15:38] Configuration:
[2026-03-31 18:15:38]   Subjects:          [51]
[2026-03-31 18:15:38]   Bandpass:          0.5-40.0 Hz
[2026-03-31 18:15:38]   Resample:          128 Hz
[2026-03-31 18:15:38]   CV folds:          5
[2026-03-31 18:15:38]   Learning rate:     0.001
[2026-03-31 18:15:38]   Batch size:        16
[2026-03-31 18:15:38]   Max epochs:        5000

[2026-03-31 18:15:38] Results:
[2026-03-31 18:15:38]   Mean Accuracy:          0.2900 ± 0.0374
[2026-03-31 18:15:38]   Mean Balanced Accuracy: 0.2900 ± 0.0374
