[2026-04-01 10:06:04] Using device: cpu
[2026-04-01 10:06:04] Seed control enabled: True
[2026-04-01 10:06:04] Base seed: 3011
[2026-04-01 10:06:05] Seed initialized: 3011
[2026-04-01 10:06:05] ======================================================================
[2026-04-01 10:06:05] CONFIGURATION
[2026-04-01 10:06:05] ======================================================================
[2026-04-01 10:06:05]   artifact_dir: /home/vegorov/Repos/eeg_jepa_research/artifacts/lee-2019-fine-tuning
[2026-04-01 10:06:05]   bandpass_high: 40.0
[2026-04-01 10:06:05]   bandpass_low: 0.5
[2026-04-01 10:06:05]   batch_size: 8
[2026-04-01 10:06:05]   convert_to_uV: False
[2026-04-01 10:06:05]   cv_folds: 5
[2026-04-01 10:06:05]   device: auto
[2026-04-01 10:06:05]   early_stopping_patience: 50
[2026-04-01 10:06:05]   learning_rate: 0.001
[2026-04-01 10:06:05]   n_epochs: 5000
[2026-04-01 10:06:05]   normalization_method: exponential_moving
[2026-04-01 10:06:05]   normalize: True
[2026-04-01 10:06:05]   paradigm: SSVEP
[2026-04-01 10:06:05]   pretrained_url: https://huggingface.co/braindecode/SignalJEPA/resolve/main/signal-jepa_16s-60_adeuwv4s.pth
[2026-04-01 10:06:05]   seed: 3011
[2026-04-01 10:06:05]   set_seed: True
[2026-04-01 10:06:05]   sfreq: 128
[2026-04-01 10:06:05]   subjects_to_use: [51]
[2026-04-01 10:06:05]   val_split: 0.2
[2026-04-01 10:06:05] ======================================================================
[2026-04-01 10:06:05] Config saved to: /home/vegorov/Repos/eeg_jepa_research/artifacts/lee-2019-fine-tuning/SSVEP/20260401_1006_671f042d/config.json
[2026-04-01 10:06:05] Epoch window configuration:
[2026-04-01 10:06:05]   Target sfreq:                128 Hz
[2026-04-01 10:06:05]   Target duration:             4.190000 s
[2026-04-01 10:06:05]   Window samples (rounded):    536
[2026-04-01 10:06:05]   Base trial samples (4.0 s):  512
[2026-04-01 10:06:05]   Trial stop offset samples:   24
[2026-04-01 10:06:05]   Effective window duration:   4.187500 s
[2026-04-01 10:06:05] Using specified subjects from config: [51]
[2026-04-01 10:06:05] Selected subjects: [51]
[2026-04-01 10:06:05] Expected evaluation folds: 5

[2026-04-01 10:06:05] Building MOABBDataset for Lee2019_SSVEP...
[2026-04-01 10:06:13] MOABBDataset recordings loaded: 1
[2026-04-01 10:06:13] Discovered annotation descriptions (first recording): [np.str_('12.0'), np.str_('5.45'), np.str_('6.67'), np.str_('8.57')]
[2026-04-01 10:06:13] Dataset event_id mapping: {'12.0': 1, '8.57': 2, '6.67': 3, '5.45': 4}
[2026-04-01 10:06:13] Label map (event_code -> class_index): {1: 0, 2: 1, 3: 2, 4: 3}
[2026-04-01 10:06:13] Applying Braindecode preprocessors to MOABBDataset...
[2026-04-01 10:06:16] Preprocessing complete.

[2026-04-01 10:06:16] Post-preprocessing validation
[2026-04-01 10:06:16]   Recordings in DATASET: 1
[2026-04-01 10:06:16]   Unique subject IDs:    ['51']
[2026-04-01 10:06:16]   sfreq (first rec):     128.0 Hz
[2026-04-01 10:06:16]   EEG channel count:     62
[2026-04-01 10:06:16]   First 10 channels:     ['Fp1', 'Fp2', 'F7', 'F3', 'Fz', 'F4', 'F8', 'FC5', 'FC1', 'FC2']
[2026-04-01 10:06:16] Channel consistency summary:
[2026-04-01 10:06:16]   Checked runs: 1
[2026-04-01 10:06:16]   Unique channel counts: [62]
[2026-04-01 10:06:16]   Channel order consistent: True
[2026-04-01 10:06:16] Validated EEG channels: 62
[2026-04-01 10:06:16] First 10 EEG channels: ['Fp1', 'Fp2', 'F7', 'F3', 'Fz', 'F4', 'F8', 'FC5', 'FC1', 'FC2']
[2026-04-01 10:06:16] raw mean_abs=8.062158e-02
[2026-04-01 10:06:16] raw std=1.626997e-01
[2026-04-01 10:06:16] raw first5 channel std= [0.35648788 0.39953794 0.16920951 0.13800089 0.1122562 ]
[2026-04-01 10:06:16] Requested window samples: 536
[2026-04-01 10:06:16] Base trial samples:       512
[2026-04-01 10:06:16] Stop offset samples:      24
[2026-04-01 10:06:16] Global class counts: [25, 25, 25, 25]
[2026-04-01 10:06:16] Chance level (4-class): 0.25
[2026-04-01 10:06:16] One window shape: (62, 536)
[2026-04-01 10:06:16] One window label: 1
[2026-04-01 10:06:16] Window sample length expected=536, got=536
[2026-04-01 10:06:16] Subjects in window split: [51]
[2026-04-01 10:06:16] Summarizing per-subject windows...
[2026-04-01 10:06:16]   Subject 51: n_windows=100, window_shape=(62, 536), class_counts=[25, 25, 25, 25]
[2026-04-01 10:06:16]    subject_id  n_windows  n_channels  n_times      class_counts
0          51        100          62      536  [25, 25, 25, 25]
[2026-04-01 10:06:16] Window validation summary:
[2026-04-01 10:06:16]   Subject 51: n_windows=100 class_counts=[25, 25, 25, 25]

[2026-04-01 10:06:16] Validated sampling rate target: 128 Hz
[2026-04-01 10:06:16] Validated window sample count:   536
[2026-04-01 10:06:16] Validated window duration:       4.1875 s
[2026-04-01 10:06:16] Validated channel count:         62
[2026-04-01 10:06:16] Total windows retained:          100
[2026-04-01 10:06:16] Preprocessing sanity checks:
[2026-04-01 10:06:16]   One sample label: 1
[2026-04-01 10:06:16]   One sample shape: (62, 536)
[2026-04-01 10:06:16]   Mean(abs(signal)): 4.090348e-02
[2026-04-01 10:06:16]   Mean(signal):      1.011500e-06
[2026-04-01 10:06:16]   Std(signal):       5.853879e-02
[2026-04-01 10:06:17] Building model with input window duration: 4.1875 s
[2026-04-01 10:06:17] SignalJEPA_PreLocal instantiated successfully.
[2026-04-01 10:06:17]   Total parameters:     18,192
[2026-04-01 10:06:17]   Trainable parameters: 18,192
[2026-04-01 10:06:17] ======================================================================================================================================================
Layer (type (var_name):depth-idx)                  Input Shape               Output Shape              Param #                   Kernel Shape
======================================================================================================================================================
SignalJEPA_PreLocal (SignalJEPA_PreLocal)          [1, 62, 536]              [1, 4]                    --                        --
├─Sequential (spatial_conv): 1-1                   [1, 62, 536]              [1, 4, 536]               --                        --
│    └─Rearrange (0): 2-1                          [1, 62, 536]              [1, 1, 62, 536]           --                        --
│    └─Conv2d (1): 2-2                             [1, 1, 62, 536]           [1, 4, 1, 536]            252                       [62, 1]
│    └─Rearrange (2): 2-3                          [1, 4, 1, 536]            [1, 4, 536]               --                        --
├─_ConvFeatureEncoder (feature_encoder): 1-2       [1, 4, 536]               [1, 16, 64]               --                        --
│    └─Rearrange (0): 2-4                          [1, 4, 536]               [4, 1, 536]               --                        --
│    └─Sequential (1): 2-5                         [4, 1, 536]               [4, 8, 64]                --                        --
│    │    └─Conv1d (0): 3-1                        [4, 1, 536]               [4, 8, 64]                256                       [32]
│    │    └─Dropout (1): 3-2                       [4, 8, 64]                [4, 8, 64]                --                        --
│    │    └─GroupNorm (2): 3-3                     [4, 8, 64]                [4, 8, 64]                16                        --
│    │    └─GELU (3): 3-4                          [4, 8, 64]                [4, 8, 64]                --                        --
│    └─Sequential (2): 2-6                         [4, 8, 64]                [4, 16, 32]               --                        --
│    │    └─Conv1d (0): 3-5                        [4, 8, 64]                [4, 16, 32]               256                       [2]
│    │    └─Dropout (1): 3-6                       [4, 16, 32]               [4, 16, 32]               --                        --
│    │    └─GELU (2): 3-7                          [4, 16, 32]               [4, 16, 32]               --                        --
│    └─Sequential (3): 2-7                         [4, 16, 32]               [4, 32, 16]               --                        --
│    │    └─Conv1d (0): 3-8                        [4, 16, 32]               [4, 32, 16]               1,024                     [2]
│    │    └─Dropout (1): 3-9                       [4, 32, 16]               [4, 32, 16]               --                        --
│    │    └─GELU (2): 3-10                         [4, 32, 16]               [4, 32, 16]               --                        --
│    └─Sequential (4): 2-8                         [4, 32, 16]               [4, 64, 8]                --                        --
│    │    └─Conv1d (0): 3-11                       [4, 32, 16]               [4, 64, 8]                4,096                     [2]
│    │    └─Dropout (1): 3-12                      [4, 64, 8]                [4, 64, 8]                --                        --
│    │    └─GELU (2): 3-13                         [4, 64, 8]                [4, 64, 8]                --                        --
│    └─Sequential (5): 2-9                         [4, 64, 8]                [4, 64, 4]                --                        --
│    │    └─Conv1d (0): 3-14                       [4, 64, 8]                [4, 64, 4]                8,192                     [2]
│    │    └─Dropout (1): 3-15                      [4, 64, 4]                [4, 64, 4]                --                        --
│    │    └─GELU (2): 3-16                         [4, 64, 4]                [4, 64, 4]                --                        --
│    └─Rearrange (6): 2-10                         [4, 64, 4]                [1, 16, 64]               --                        --
├─Sequential (final_layer): 1-3                    [1, 16, 64]               [1, 4]                    --                        --
│    └─Flatten (0): 2-11                           [1, 16, 64]               [1, 1024]                 --                        --
│    └─Linear (1): 2-12                            [1, 1024]                 [1, 4]                    4,100                     --
======================================================================================================================================================
Total params: 18,192
Trainable params: 18,192
Non-trainable params: 0
Total mult-adds (Units.MEGABYTES): 0.57
======================================================================================================================================================
Input size (MB): 0.13
Forward/backward pass size (MB): 0.11
Params size (MB): 0.07
Estimated Total Size (MB): 0.31
======================================================================================================================================================
[2026-04-01 10:06:17] Initializing from 16s-60 pretrained checkpoint (Hugging Face):
[2026-04-01 10:06:17]   https://huggingface.co/braindecode/SignalJEPA/resolve/main/signal-jepa_16s-60_adeuwv4s.pth
[2026-04-01 10:06:17]   Downloaded 179 keys
[2026-04-01 10:06:17] ======================================================================
[2026-04-01 10:06:17] STARTING CROSS-VALIDATION
[2026-04-01 10:06:17] ======================================================================
[2026-04-01 10:06:17] Subjects:      [51]
[2026-04-01 10:06:17] CV folds:      5
[2026-04-01 10:06:17] Batch size:    8
[2026-04-01 10:06:17] Max epochs:    5000
[2026-04-01 10:06:17] Device:        cpu
[2026-04-01 10:06:17] Seed control:  True
[2026-04-01 10:06:17] Base seed:     3011
[2026-04-01 10:06:17] ======================================================================

[2026-04-01 10:06:17] Subject 51: 100 windows class_counts=[25, 25, 25, 25]
[2026-04-01 10:06:17]   Fold 1 split seed: 3012
[2026-04-01 10:06:17]   Fold 1 split class counts:
[2026-04-01 10:06:17]     train=[16, 16, 16, 16] val=[4, 4, 4, 4] test=[5, 5, 5, 5]
[2026-04-01 10:06:17]   Fold 2 split seed: 3013
[2026-04-01 10:06:17]   Fold 2 split class counts:
[2026-04-01 10:06:17]     train=[16, 16, 16, 16] val=[4, 4, 4, 4] test=[5, 5, 5, 5]
[2026-04-01 10:06:17]   Fold 3 split seed: 3014
[2026-04-01 10:06:17]   Fold 3 split class counts:
[2026-04-01 10:06:17]     train=[16, 16, 16, 16] val=[4, 4, 4, 4] test=[5, 5, 5, 5]
[2026-04-01 10:06:17]   Fold 4 split seed: 3015
[2026-04-01 10:06:17]   Fold 4 split class counts:
[2026-04-01 10:06:17]     train=[16, 16, 16, 16] val=[4, 4, 4, 4] test=[5, 5, 5, 5]
[2026-04-01 10:06:17]   Fold 5 split seed: 3016
[2026-04-01 10:06:17]   Fold 5 split class counts:
[2026-04-01 10:06:17]     train=[16, 16, 16, 16] val=[4, 4, 4, 4] test=[5, 5, 5, 5]
[2026-04-01 10:06:17]   Subject 51 Fold 1 seed: 8112
[2026-04-01 10:06:17]   Subject 51 Fold 1: n_train=64 n_val=16 n_test=20
[2026-04-01 10:06:17]     Train class counts: [16, 16, 16, 16]
[2026-04-01 10:06:17]     Val class counts:   [4, 4, 4, 4]
[2026-04-01 10:06:17]     Test class counts:  [5, 5, 5, 5]
[2026-04-01 10:06:17] Building model with input window duration: 4.1875 s
[2026-04-01 10:06:17] Pretrained weight loading:
[2026-04-01 10:06:17]   Downloaded keys:        179
[2026-04-01 10:06:17]   Filtered (transformer): 172
[2026-04-01 10:06:17]   Filtered (pos_encoder): 0
[2026-04-01 10:06:17]   Keys to load:           7
[2026-04-01 10:06:17]   Missing keys:           4
[2026-04-01 10:06:17]   Unexpected keys:        0
[2026-04-01 10:06:17]   Missing preview:        ['spatial_conv.1.weight', 'spatial_conv.1.bias', 'final_layer.1.weight', 'final_layer.1.bias']
[2026-04-01 10:06:17]   Unexpected preview:     []
[2026-04-01 10:06:17] Encoder freeze configuration:
[2026-04-01 10:06:17]   Total parameters:        18,192
[2026-04-01 10:06:17]   Trainable parameters:    4,352
[2026-04-01 10:06:17]   Training percentage:     23.9%
[2026-04-01 10:06:17]   Trainable layers: 4
[2026-04-01 10:06:17]     - final_layer.1.bias
[2026-04-01 10:06:17]     - final_layer.1.weight
[2026-04-01 10:06:17]     - spatial_conv.1.bias
[2026-04-01 10:06:17]     - spatial_conv.1.weight
[2026-04-01 10:06:17]     Train generator seeded: True
[2026-04-01 10:06:26]     Stopped epoch:            465
[2026-04-01 10:06:26]     Best epoch (valid_loss):  415
[2026-04-01 10:06:26]     Best valid_loss:          1.0586298704147339
[2026-04-01 10:06:26]     Test accuracy (primary):  0.2000
[2026-04-01 10:06:26]     Test balanced acc:        0.2000
[2026-04-01 10:06:26]     Confusion matrix:         [[1, 0, 3, 1], [1, 0, 0, 4], [1, 1, 0, 3], [0, 2, 0, 3]]
[2026-04-01 10:06:26]     Prediction histogram:     [3, 3, 3, 11]
[2026-04-01 10:06:26]     fold_acc=0.2000 fold_bal_acc=0.2000 cm=[[1, 0, 3, 1], [1, 0, 0, 4], [1, 1, 0, 3], [0, 2, 0, 3]]
[2026-04-01 10:06:26]   Subject 51 Fold 2 seed: 8113
[2026-04-01 10:06:26]   Subject 51 Fold 2: n_train=64 n_val=16 n_test=20
[2026-04-01 10:06:26]     Train class counts: [16, 16, 16, 16]
[2026-04-01 10:06:26]     Val class counts:   [4, 4, 4, 4]
[2026-04-01 10:06:26]     Test class counts:  [5, 5, 5, 5]
[2026-04-01 10:06:26] Building model with input window duration: 4.1875 s
[2026-04-01 10:06:26] Pretrained weight loading:
[2026-04-01 10:06:26]   Downloaded keys:        179
[2026-04-01 10:06:26]   Filtered (transformer): 172
[2026-04-01 10:06:26]   Filtered (pos_encoder): 0
[2026-04-01 10:06:26]   Keys to load:           7
[2026-04-01 10:06:26]   Missing keys:           4
[2026-04-01 10:06:26]   Unexpected keys:        0
[2026-04-01 10:06:26]   Missing preview:        ['spatial_conv.1.weight', 'spatial_conv.1.bias', 'final_layer.1.weight', 'final_layer.1.bias']
[2026-04-01 10:06:26]   Unexpected preview:     []
[2026-04-01 10:06:26] Encoder freeze configuration:
[2026-04-01 10:06:26]   Total parameters:        18,192
[2026-04-01 10:06:26]   Trainable parameters:    4,352
[2026-04-01 10:06:26]   Training percentage:     23.9%
[2026-04-01 10:06:26]   Trainable layers: 4
[2026-04-01 10:06:26]     - final_layer.1.bias
[2026-04-01 10:06:26]     - final_layer.1.weight
[2026-04-01 10:06:26]     - spatial_conv.1.bias
[2026-04-01 10:06:26]     - spatial_conv.1.weight
[2026-04-01 10:06:26]     Train generator seeded: True
[2026-04-01 10:06:27]     Stopped epoch:            82
[2026-04-01 10:06:27]     Best epoch (valid_loss):  32
[2026-04-01 10:06:27]     Best valid_loss:          1.3738775253295898
[2026-04-01 10:06:27]     Test accuracy (primary):  0.3000
[2026-04-01 10:06:27]     Test balanced acc:        0.3000
[2026-04-01 10:06:27]     Confusion matrix:         [[0, 1, 1, 3], [1, 2, 1, 1], [1, 1, 2, 1], [1, 0, 2, 2]]
[2026-04-01 10:06:27]     Prediction histogram:     [3, 4, 6, 7]
[2026-04-01 10:06:27]     fold_acc=0.3000 fold_bal_acc=0.3000 cm=[[0, 1, 1, 3], [1, 2, 1, 1], [1, 1, 2, 1], [1, 0, 2, 2]]
[2026-04-01 10:06:27]   Subject 51 Fold 3 seed: 8114
[2026-04-01 10:06:27]   Subject 51 Fold 3: n_train=64 n_val=16 n_test=20
[2026-04-01 10:06:27]     Train class counts: [16, 16, 16, 16]
[2026-04-01 10:06:27]     Val class counts:   [4, 4, 4, 4]
[2026-04-01 10:06:27]     Test class counts:  [5, 5, 5, 5]
[2026-04-01 10:06:27] Building model with input window duration: 4.1875 s
[2026-04-01 10:06:27] Pretrained weight loading:
[2026-04-01 10:06:27]   Downloaded keys:        179
[2026-04-01 10:06:27]   Filtered (transformer): 172
[2026-04-01 10:06:27]   Filtered (pos_encoder): 0
[2026-04-01 10:06:27]   Keys to load:           7
[2026-04-01 10:06:27]   Missing keys:           4
[2026-04-01 10:06:27]   Unexpected keys:        0
[2026-04-01 10:06:27]   Missing preview:        ['spatial_conv.1.weight', 'spatial_conv.1.bias', 'final_layer.1.weight', 'final_layer.1.bias']
[2026-04-01 10:06:27]   Unexpected preview:     []
[2026-04-01 10:06:27] Encoder freeze configuration:
[2026-04-01 10:06:27]   Total parameters:        18,192
[2026-04-01 10:06:27]   Trainable parameters:    4,352
[2026-04-01 10:06:27]   Training percentage:     23.9%
[2026-04-01 10:06:27]   Trainable layers: 4
[2026-04-01 10:06:27]     - final_layer.1.bias
[2026-04-01 10:06:27]     - final_layer.1.weight
[2026-04-01 10:06:27]     - spatial_conv.1.bias
[2026-04-01 10:06:27]     - spatial_conv.1.weight
[2026-04-01 10:06:27]     Train generator seeded: True
[2026-04-01 10:06:30]     Stopped epoch:            116
[2026-04-01 10:06:30]     Best epoch (valid_loss):  66
[2026-04-01 10:06:30]     Best valid_loss:          1.3730064034461975
[2026-04-01 10:06:30]     Test accuracy (primary):  0.2000
[2026-04-01 10:06:30]     Test balanced acc:        0.2000
[2026-04-01 10:06:30]     Confusion matrix:         [[2, 0, 0, 3], [1, 1, 2, 1], [2, 1, 1, 1], [2, 2, 1, 0]]
[2026-04-01 10:06:30]     Prediction histogram:     [7, 4, 4, 5]
[2026-04-01 10:06:30]     fold_acc=0.2000 fold_bal_acc=0.2000 cm=[[2, 0, 0, 3], [1, 1, 2, 1], [2, 1, 1, 1], [2, 2, 1, 0]]
[2026-04-01 10:06:30]   Subject 51 Fold 4 seed: 8115
[2026-04-01 10:06:30]   Subject 51 Fold 4: n_train=64 n_val=16 n_test=20
[2026-04-01 10:06:30]     Train class counts: [16, 16, 16, 16]
[2026-04-01 10:06:30]     Val class counts:   [4, 4, 4, 4]
[2026-04-01 10:06:30]     Test class counts:  [5, 5, 5, 5]
[2026-04-01 10:06:30] Building model with input window duration: 4.1875 s
[2026-04-01 10:06:30] Pretrained weight loading:
[2026-04-01 10:06:30]   Downloaded keys:        179
[2026-04-01 10:06:30]   Filtered (transformer): 172
[2026-04-01 10:06:30]   Filtered (pos_encoder): 0
[2026-04-01 10:06:30]   Keys to load:           7
[2026-04-01 10:06:30]   Missing keys:           4
[2026-04-01 10:06:30]   Unexpected keys:        0
[2026-04-01 10:06:30]   Missing preview:        ['spatial_conv.1.weight', 'spatial_conv.1.bias', 'final_layer.1.weight', 'final_layer.1.bias']
[2026-04-01 10:06:30]   Unexpected preview:     []
[2026-04-01 10:06:30] Encoder freeze configuration:
[2026-04-01 10:06:30]   Total parameters:        18,192
[2026-04-01 10:06:30]   Trainable parameters:    4,352
[2026-04-01 10:06:30]   Training percentage:     23.9%
[2026-04-01 10:06:30]   Trainable layers: 4
[2026-04-01 10:06:30]     - final_layer.1.bias
[2026-04-01 10:06:30]     - final_layer.1.weight
[2026-04-01 10:06:30]     - spatial_conv.1.bias
[2026-04-01 10:06:30]     - spatial_conv.1.weight
[2026-04-01 10:06:30]     Train generator seeded: True
[2026-04-01 10:06:35]     Stopped epoch:            265
[2026-04-01 10:06:35]     Best epoch (valid_loss):  215
[2026-04-01 10:06:35]     Best valid_loss:          1.0878864526748657
[2026-04-01 10:06:35]     Test accuracy (primary):  0.2000
[2026-04-01 10:06:35]     Test balanced acc:        0.2000
[2026-04-01 10:06:35]     Confusion matrix:         [[2, 0, 1, 2], [2, 1, 1, 1], [2, 2, 0, 1], [3, 1, 0, 1]]
[2026-04-01 10:06:35]     Prediction histogram:     [9, 4, 2, 5]
[2026-04-01 10:06:35]     fold_acc=0.2000 fold_bal_acc=0.2000 cm=[[2, 0, 1, 2], [2, 1, 1, 1], [2, 2, 0, 1], [3, 1, 0, 1]]
[2026-04-01 10:06:35]   Subject 51 Fold 5 seed: 8116
[2026-04-01 10:06:35]   Subject 51 Fold 5: n_train=64 n_val=16 n_test=20
[2026-04-01 10:06:35]     Train class counts: [16, 16, 16, 16]
[2026-04-01 10:06:35]     Val class counts:   [4, 4, 4, 4]
[2026-04-01 10:06:35]     Test class counts:  [5, 5, 5, 5]
[2026-04-01 10:06:35] Building model with input window duration: 4.1875 s
[2026-04-01 10:06:35] Pretrained weight loading:
[2026-04-01 10:06:35]   Downloaded keys:        179
[2026-04-01 10:06:35]   Filtered (transformer): 172
[2026-04-01 10:06:35]   Filtered (pos_encoder): 0
[2026-04-01 10:06:35]   Keys to load:           7
[2026-04-01 10:06:35]   Missing keys:           4
[2026-04-01 10:06:35]   Unexpected keys:        0
[2026-04-01 10:06:35]   Missing preview:        ['spatial_conv.1.weight', 'spatial_conv.1.bias', 'final_layer.1.weight', 'final_layer.1.bias']
[2026-04-01 10:06:35]   Unexpected preview:     []
[2026-04-01 10:06:35] Encoder freeze configuration:
[2026-04-01 10:06:35]   Total parameters:        18,192
[2026-04-01 10:06:35]   Trainable parameters:    4,352
[2026-04-01 10:06:35]   Training percentage:     23.9%
[2026-04-01 10:06:35]   Trainable layers: 4
[2026-04-01 10:06:35]     - final_layer.1.bias
[2026-04-01 10:06:35]     - final_layer.1.weight
[2026-04-01 10:06:35]     - spatial_conv.1.bias
[2026-04-01 10:06:35]     - spatial_conv.1.weight
[2026-04-01 10:06:35]     Train generator seeded: True
[2026-04-01 10:06:36]     Stopped epoch:            66
[2026-04-01 10:06:36]     Best epoch (valid_loss):  16
[2026-04-01 10:06:36]     Best valid_loss:          1.3747406005859375
[2026-04-01 10:06:36]     Test accuracy (primary):  0.3500
[2026-04-01 10:06:36]     Test balanced acc:        0.3500
[2026-04-01 10:06:36]     Confusion matrix:         [[1, 0, 3, 1], [2, 1, 0, 2], [0, 1, 4, 0], [2, 1, 1, 1]]
[2026-04-01 10:06:36]     Prediction histogram:     [5, 3, 8, 4]
[2026-04-01 10:06:36]     fold_acc=0.3500 fold_bal_acc=0.3500 cm=[[1, 0, 3, 1], [2, 1, 0, 2], [0, 1, 4, 0], [2, 1, 1, 1]]
[2026-04-01 10:06:36]   Subject 51 mean accuracy: 0.2500

[2026-04-01 10:06:36] Total folds completed: 5
[2026-04-01 10:06:36] ======================================================================
[2026-04-01 10:06:36] AGGREGATED RESULTS
[2026-04-01 10:06:36] ======================================================================
[2026-04-01 10:06:36]   Subject 51:  acc=0.2500±0.0632  bal_acc=0.2500±0.0632
[2026-04-01 10:06:36] ----------------------------------------------------------------------
[2026-04-01 10:06:36]   OVERALL:      acc=0.2500±0.0632  bal_acc=0.2500±0.0632
[2026-04-01 10:06:36] ======================================================================
[2026-04-01 10:06:36] CV results saved to:      /home/vegorov/Repos/eeg_jepa_research/artifacts/lee-2019-fine-tuning/SSVEP/20260401_1006_671f042d/cv_results.json
[2026-04-01 10:06:36] Subject metrics saved to: /home/vegorov/Repos/eeg_jepa_research/artifacts/lee-2019-fine-tuning/SSVEP/20260401_1006_671f042d/subject_metrics.json
[2026-04-01 10:06:36] Global metrics saved to:  /home/vegorov/Repos/eeg_jepa_research/artifacts/lee-2019-fine-tuning/SSVEP/20260401_1006_671f042d/global_metrics.json
[2026-04-01 10:06:36] Run metadata saved to:    /home/vegorov/Repos/eeg_jepa_research/artifacts/lee-2019-fine-tuning/SSVEP/20260401_1006_671f042d/run_metadata.json

[2026-04-01 10:06:36] All artifacts in: /home/vegorov/Repos/eeg_jepa_research/artifacts/lee-2019-fine-tuning/SSVEP/20260401_1006_671f042d

[2026-04-01 10:06:36] ======================================================================
[2026-04-01 10:06:36] EXPERIMENT SUMMARY
[2026-04-01 10:06:36] ======================================================================
[2026-04-01 10:06:36] Run ID:    20260401_1006_671f042d
[2026-04-01 10:06:36] Artifacts: /home/vegorov/Repos/eeg_jepa_research/artifacts/lee-2019-fine-tuning/SSVEP/20260401_1006_671f042d

[2026-04-01 10:06:36] Configuration:
[2026-04-01 10:06:36]   Subjects:          [51]
[2026-04-01 10:06:36]   Bandpass:          0.5-40.0 Hz
[2026-04-01 10:06:36]   Resample:          128 Hz
[2026-04-01 10:06:36]   CV folds:          5
[2026-04-01 10:06:36]   Learning rate:     0.001
[2026-04-01 10:06:36]   Batch size:        8
[2026-04-01 10:06:36]   Max epochs:        5000

[2026-04-01 10:06:36] Results:
[2026-04-01 10:06:36]   Mean Accuracy:          0.2500 ± 0.0632
[2026-04-01 10:06:36]   Mean Balanced Accuracy: 0.2500 ± 0.0632
