[2026-03-31 18:03:32] Using device: cpu
[2026-03-31 18:03:32] Seed control enabled: True
[2026-03-31 18:03:32] Base seed: 106
[2026-03-31 18:03:33] Seed initialized: 106
[2026-03-31 18:03:33] ======================================================================
[2026-03-31 18:03:33] CONFIGURATION
[2026-03-31 18:03:33] ======================================================================
[2026-03-31 18:03:33]   artifact_dir: /home/vegorov/Repos/eeg_jepa_research/artifacts/lee-2019-fine-tuning
[2026-03-31 18:03:33]   bandpass_high: 40.0
[2026-03-31 18:03:33]   bandpass_low: 0.5
[2026-03-31 18:03:33]   batch_size: 16
[2026-03-31 18:03:33]   convert_to_uV: True
[2026-03-31 18:03:33]   cv_folds: 5
[2026-03-31 18:03:33]   device: auto
[2026-03-31 18:03:33]   early_stopping_patience: 50
[2026-03-31 18:03:33]   learning_rate: 0.001
[2026-03-31 18:03:33]   n_epochs: 5000
[2026-03-31 18:03:33]   normalization_method: None
[2026-03-31 18:03:33]   normalize: False
[2026-03-31 18:03:33]   paradigm: SSVEP
[2026-03-31 18:03:33]   pretrained_url: https://huggingface.co/braindecode/SignalJEPA/resolve/main/signal-jepa_16s-60_adeuwv4s.pth
[2026-03-31 18:03:33]   seed: 106
[2026-03-31 18:03:33]   set_seed: True
[2026-03-31 18:03:33]   sfreq: 128
[2026-03-31 18:03:33]   subjects_to_use: [51]
[2026-03-31 18:03:33]   val_split: 0.2
[2026-03-31 18:03:33] ======================================================================
[2026-03-31 18:03:33] Config saved to: /home/vegorov/Repos/eeg_jepa_research/artifacts/lee-2019-fine-tuning/SSVEP/20260331_1803_23fae4d3/config.json
[2026-03-31 18:03:33] Epoch window configuration:
[2026-03-31 18:03:33]   Target sfreq:                128 Hz
[2026-03-31 18:03:33]   Target duration:             4.190000 s
[2026-03-31 18:03:33]   Window samples (rounded):    536
[2026-03-31 18:03:33]   Base trial samples (4.0 s):  512
[2026-03-31 18:03:33]   Trial stop offset samples:   24
[2026-03-31 18:03:33]   Effective window duration:   4.187500 s
[2026-03-31 18:03:33] Using specified subjects from config: [51]
[2026-03-31 18:03:33] Selected subjects: [51]
[2026-03-31 18:03:33] Expected evaluation folds: 5

[2026-03-31 18:03:33] Building MOABBDataset for Lee2019_SSVEP...
[2026-03-31 18:03:41] MOABBDataset recordings loaded: 1
[2026-03-31 18:03:41] Discovered annotation descriptions (first recording): [np.str_('12.0'), np.str_('5.45'), np.str_('6.67'), np.str_('8.57')]
[2026-03-31 18:03:41] Dataset event_id mapping: {'12.0': 1, '8.57': 2, '6.67': 3, '5.45': 4}
[2026-03-31 18:03:41] Label map (event_code -> class_index): {1: 0, 2: 1, 3: 2, 4: 3}
[2026-03-31 18:03:42] Applying Braindecode preprocessors to MOABBDataset...
[2026-03-31 18:03:44] Preprocessing complete.

[2026-03-31 18:03:44] Post-preprocessing validation
[2026-03-31 18:03:44]   Recordings in DATASET: 1
[2026-03-31 18:03:44]   Unique subject IDs:    ['51']
[2026-03-31 18:03:44]   sfreq (first rec):     128.0 Hz
[2026-03-31 18:03:44]   EEG channel count:     62
[2026-03-31 18:03:44]   First 10 channels:     ['Fp1', 'Fp2', 'F7', 'F3', 'Fz', 'F4', 'F8', 'FC5', 'FC1', 'FC2']
[2026-03-31 18:03:44] Channel consistency summary:
[2026-03-31 18:03:44]   Checked runs: 1
[2026-03-31 18:03:44]   Unique channel counts: [62]
[2026-03-31 18:03:44]   Channel order consistent: True
[2026-03-31 18:03:44] Validated EEG channels: 62
[2026-03-31 18:03:44] First 10 EEG channels: ['Fp1', 'Fp2', 'F7', 'F3', 'Fz', 'F4', 'F8', 'FC5', 'FC1', 'FC2']
[2026-03-31 18:03:45] raw mean_abs=8.654730e+00
[2026-03-31 18:03:45] raw std=3.494582e+01
[2026-03-31 18:03:45] raw first5 channel std= [46.22404553 54.63339771 16.95830183 13.82897057 11.24366025]
[2026-03-31 18:03:45] Requested window samples: 536
[2026-03-31 18:03:45] Base trial samples:       512
[2026-03-31 18:03:45] Stop offset samples:      24
[2026-03-31 18:03:45] Global class counts: [25, 25, 25, 25]
[2026-03-31 18:03:45] Chance level (4-class): 0.25
[2026-03-31 18:03:45] One window shape: (62, 536)
[2026-03-31 18:03:45] One window label: 1
[2026-03-31 18:03:45] Window sample length expected=536, got=536
[2026-03-31 18:03:45] Subjects in window split: [51]
[2026-03-31 18:03:45] Summarizing per-subject windows...
[2026-03-31 18:03:45]   Subject 51: n_windows=100, window_shape=(62, 536), class_counts=[25, 25, 25, 25]
[2026-03-31 18:03:45]    subject_id  n_windows  n_channels  n_times      class_counts
0          51        100          62      536  [25, 25, 25, 25]
[2026-03-31 18:03:45] Window validation summary:
[2026-03-31 18:03:45]   Subject 51: n_windows=100 class_counts=[25, 25, 25, 25]

[2026-03-31 18:03:45] Validated sampling rate target: 128 Hz
[2026-03-31 18:03:45] Validated window sample count:   536
[2026-03-31 18:03:45] Validated window duration:       4.1875 s
[2026-03-31 18:03:45] Validated channel count:         62
[2026-03-31 18:03:45] Total windows retained:          100
[2026-03-31 18:03:45] Preprocessing sanity checks:
[2026-03-31 18:03:45]   One sample label: 1
[2026-03-31 18:03:45]   One sample shape: (62, 536)
[2026-03-31 18:03:45]   Mean(abs(signal)): 4.094026e+00
[2026-03-31 18:03:45]   Mean(signal):      7.346552e-09
[2026-03-31 18:03:45]   Std(signal):       5.860601e+00
[2026-03-31 18:03:45] Building model with input window duration: 4.1875 s
[2026-03-31 18:03:45] SignalJEPA_PreLocal instantiated successfully.
[2026-03-31 18:03:45]   Total parameters:     18,192
[2026-03-31 18:03:45]   Trainable parameters: 18,192
[2026-03-31 18:03:45] ======================================================================================================================================================
Layer (type (var_name):depth-idx)                  Input Shape               Output Shape              Param #                   Kernel Shape
======================================================================================================================================================
SignalJEPA_PreLocal (SignalJEPA_PreLocal)          [1, 62, 536]              [1, 4]                    --                        --
├─Sequential (spatial_conv): 1-1                   [1, 62, 536]              [1, 4, 536]               --                        --
│    └─Rearrange (0): 2-1                          [1, 62, 536]              [1, 1, 62, 536]           --                        --
│    └─Conv2d (1): 2-2                             [1, 1, 62, 536]           [1, 4, 1, 536]            252                       [62, 1]
│    └─Rearrange (2): 2-3                          [1, 4, 1, 536]            [1, 4, 536]               --                        --
├─_ConvFeatureEncoder (feature_encoder): 1-2       [1, 4, 536]               [1, 16, 64]               --                        --
│    └─Rearrange (0): 2-4                          [1, 4, 536]               [4, 1, 536]               --                        --
│    └─Sequential (1): 2-5                         [4, 1, 536]               [4, 8, 64]                --                        --
│    │    └─Conv1d (0): 3-1                        [4, 1, 536]               [4, 8, 64]                256                       [32]
│    │    └─Dropout (1): 3-2                       [4, 8, 64]                [4, 8, 64]                --                        --
│    │    └─GroupNorm (2): 3-3                     [4, 8, 64]                [4, 8, 64]                16                        --
│    │    └─GELU (3): 3-4                          [4, 8, 64]                [4, 8, 64]                --                        --
│    └─Sequential (2): 2-6                         [4, 8, 64]                [4, 16, 32]               --                        --
│    │    └─Conv1d (0): 3-5                        [4, 8, 64]                [4, 16, 32]               256                       [2]
│    │    └─Dropout (1): 3-6                       [4, 16, 32]               [4, 16, 32]               --                        --
│    │    └─GELU (2): 3-7                          [4, 16, 32]               [4, 16, 32]               --                        --
│    └─Sequential (3): 2-7                         [4, 16, 32]               [4, 32, 16]               --                        --
│    │    └─Conv1d (0): 3-8                        [4, 16, 32]               [4, 32, 16]               1,024                     [2]
│    │    └─Dropout (1): 3-9                       [4, 32, 16]               [4, 32, 16]               --                        --
│    │    └─GELU (2): 3-10                         [4, 32, 16]               [4, 32, 16]               --                        --
│    └─Sequential (4): 2-8                         [4, 32, 16]               [4, 64, 8]                --                        --
│    │    └─Conv1d (0): 3-11                       [4, 32, 16]               [4, 64, 8]                4,096                     [2]
│    │    └─Dropout (1): 3-12                      [4, 64, 8]                [4, 64, 8]                --                        --
│    │    └─GELU (2): 3-13                         [4, 64, 8]                [4, 64, 8]                --                        --
│    └─Sequential (5): 2-9                         [4, 64, 8]                [4, 64, 4]                --                        --
│    │    └─Conv1d (0): 3-14                       [4, 64, 8]                [4, 64, 4]                8,192                     [2]
│    │    └─Dropout (1): 3-15                      [4, 64, 4]                [4, 64, 4]                --                        --
│    │    └─GELU (2): 3-16                         [4, 64, 4]                [4, 64, 4]                --                        --
│    └─Rearrange (6): 2-10                         [4, 64, 4]                [1, 16, 64]               --                        --
├─Sequential (final_layer): 1-3                    [1, 16, 64]               [1, 4]                    --                        --
│    └─Flatten (0): 2-11                           [1, 16, 64]               [1, 1024]                 --                        --
│    └─Linear (1): 2-12                            [1, 1024]                 [1, 4]                    4,100                     --
======================================================================================================================================================
Total params: 18,192
Trainable params: 18,192
Non-trainable params: 0
Total mult-adds (Units.MEGABYTES): 0.57
======================================================================================================================================================
Input size (MB): 0.13
Forward/backward pass size (MB): 0.11
Params size (MB): 0.07
Estimated Total Size (MB): 0.31
======================================================================================================================================================
[2026-03-31 18:03:45] Initializing from 16s-60 pretrained checkpoint (Hugging Face):
[2026-03-31 18:03:45]   https://huggingface.co/braindecode/SignalJEPA/resolve/main/signal-jepa_16s-60_adeuwv4s.pth
[2026-03-31 18:03:45]   Downloaded 179 keys
[2026-03-31 18:03:45] ======================================================================
[2026-03-31 18:03:45] STARTING CROSS-VALIDATION
[2026-03-31 18:03:45] ======================================================================
[2026-03-31 18:03:45] Subjects:      [51]
[2026-03-31 18:03:45] CV folds:      5
[2026-03-31 18:03:45] Batch size:    16
[2026-03-31 18:03:45] Max epochs:    5000
[2026-03-31 18:03:45] Device:        cpu
[2026-03-31 18:03:45] Seed control:  True
[2026-03-31 18:03:45] Base seed:     106
[2026-03-31 18:03:45] ======================================================================

[2026-03-31 18:03:45] Subject 51: 100 windows class_counts=[25, 25, 25, 25]
[2026-03-31 18:03:45]   Fold 1 split seed: 107
[2026-03-31 18:03:45]   Fold 1 split class counts:
[2026-03-31 18:03:45]     train=[16, 16, 16, 16] val=[4, 4, 4, 4] test=[5, 5, 5, 5]
[2026-03-31 18:03:45]   Fold 2 split seed: 108
[2026-03-31 18:03:45]   Fold 2 split class counts:
[2026-03-31 18:03:45]     train=[16, 16, 16, 16] val=[4, 4, 4, 4] test=[5, 5, 5, 5]
[2026-03-31 18:03:45]   Fold 3 split seed: 109
[2026-03-31 18:03:45]   Fold 3 split class counts:
[2026-03-31 18:03:45]     train=[16, 16, 16, 16] val=[4, 4, 4, 4] test=[5, 5, 5, 5]
[2026-03-31 18:03:45]   Fold 4 split seed: 110
[2026-03-31 18:03:45]   Fold 4 split class counts:
[2026-03-31 18:03:45]     train=[16, 16, 16, 16] val=[4, 4, 4, 4] test=[5, 5, 5, 5]
[2026-03-31 18:03:45]   Fold 5 split seed: 111
[2026-03-31 18:03:45]   Fold 5 split class counts:
[2026-03-31 18:03:45]     train=[16, 16, 16, 16] val=[4, 4, 4, 4] test=[5, 5, 5, 5]
[2026-03-31 18:03:45]   Subject 51 Fold 1 seed: 5207
[2026-03-31 18:03:45]   Subject 51 Fold 1: n_train=64 n_val=16 n_test=20
[2026-03-31 18:03:45]     Train class counts: [16, 16, 16, 16]
[2026-03-31 18:03:45]     Val class counts:   [4, 4, 4, 4]
[2026-03-31 18:03:45]     Test class counts:  [5, 5, 5, 5]
[2026-03-31 18:03:45] Building model with input window duration: 4.1875 s
[2026-03-31 18:03:45] Pretrained weight loading:
[2026-03-31 18:03:45]   Downloaded keys:        179
[2026-03-31 18:03:45]   Filtered (transformer): 172
[2026-03-31 18:03:45]   Filtered (pos_encoder): 0
[2026-03-31 18:03:45]   Keys to load:           7
[2026-03-31 18:03:45]   Missing keys:           4
[2026-03-31 18:03:45]   Unexpected keys:        0
[2026-03-31 18:03:45]   Missing preview:        ['spatial_conv.1.weight', 'spatial_conv.1.bias', 'final_layer.1.weight', 'final_layer.1.bias']
[2026-03-31 18:03:45]   Unexpected preview:     []
[2026-03-31 18:03:45] Encoder freeze configuration:
[2026-03-31 18:03:45]   Total parameters:        18,192
[2026-03-31 18:03:45]   Trainable parameters:    4,352
[2026-03-31 18:03:45]   Training percentage:     23.9%
[2026-03-31 18:03:45]   Trainable layers: 4
[2026-03-31 18:03:45]     - final_layer.1.bias
[2026-03-31 18:03:45]     - final_layer.1.weight
[2026-03-31 18:03:45]     - spatial_conv.1.bias
[2026-03-31 18:03:45]     - spatial_conv.1.weight
[2026-03-31 18:03:45]     Train generator seeded: True
[2026-03-31 18:03:45]     Stopped epoch:            51
[2026-03-31 18:03:45]     Best epoch (valid_loss):  1
[2026-03-31 18:03:45]     Best valid_loss:          1.3868504762649536
[2026-03-31 18:03:45]     Test accuracy (primary):  0.4000
[2026-03-31 18:03:45]     Test balanced acc:        0.4000
[2026-03-31 18:03:45]     Confusion matrix:         [[0, 3, 2, 0], [0, 5, 0, 0], [0, 2, 3, 0], [0, 5, 0, 0]]
[2026-03-31 18:03:45]     Prediction histogram:     [0, 15, 5, 0]
[2026-03-31 18:03:45]     fold_acc=0.4000 fold_bal_acc=0.4000 cm=[[0, 3, 2, 0], [0, 5, 0, 0], [0, 2, 3, 0], [0, 5, 0, 0]]
[2026-03-31 18:03:45]   Subject 51 Fold 2 seed: 5208
[2026-03-31 18:03:45]   Subject 51 Fold 2: n_train=64 n_val=16 n_test=20
[2026-03-31 18:03:45]     Train class counts: [16, 16, 16, 16]
[2026-03-31 18:03:45]     Val class counts:   [4, 4, 4, 4]
[2026-03-31 18:03:45]     Test class counts:  [5, 5, 5, 5]
[2026-03-31 18:03:45] Building model with input window duration: 4.1875 s
[2026-03-31 18:03:45] Pretrained weight loading:
[2026-03-31 18:03:45]   Downloaded keys:        179
[2026-03-31 18:03:45]   Filtered (transformer): 172
[2026-03-31 18:03:45]   Filtered (pos_encoder): 0
[2026-03-31 18:03:45]   Keys to load:           7
[2026-03-31 18:03:45]   Missing keys:           4
[2026-03-31 18:03:45]   Unexpected keys:        0
[2026-03-31 18:03:45]   Missing preview:        ['spatial_conv.1.weight', 'spatial_conv.1.bias', 'final_layer.1.weight', 'final_layer.1.bias']
[2026-03-31 18:03:45]   Unexpected preview:     []
[2026-03-31 18:03:45] Encoder freeze configuration:
[2026-03-31 18:03:45]   Total parameters:        18,192
[2026-03-31 18:03:45]   Trainable parameters:    4,352
[2026-03-31 18:03:45]   Training percentage:     23.9%
[2026-03-31 18:03:45]   Trainable layers: 4
[2026-03-31 18:03:45]     - final_layer.1.bias
[2026-03-31 18:03:45]     - final_layer.1.weight
[2026-03-31 18:03:45]     - spatial_conv.1.bias
[2026-03-31 18:03:45]     - spatial_conv.1.weight
[2026-03-31 18:03:45]     Train generator seeded: True
[2026-03-31 18:03:49]     Stopped epoch:            253
[2026-03-31 18:03:49]     Best epoch (valid_loss):  203
[2026-03-31 18:03:49]     Best valid_loss:          1.147200107574463
[2026-03-31 18:03:49]     Test accuracy (primary):  0.4000
[2026-03-31 18:03:49]     Test balanced acc:        0.4000
[2026-03-31 18:03:49]     Confusion matrix:         [[0, 1, 2, 2], [2, 2, 0, 1], [0, 0, 4, 1], [1, 2, 0, 2]]
[2026-03-31 18:03:49]     Prediction histogram:     [3, 5, 6, 6]
[2026-03-31 18:03:49]     fold_acc=0.4000 fold_bal_acc=0.4000 cm=[[0, 1, 2, 2], [2, 2, 0, 1], [0, 0, 4, 1], [1, 2, 0, 2]]
[2026-03-31 18:03:49]   Subject 51 Fold 3 seed: 5209
[2026-03-31 18:03:49]   Subject 51 Fold 3: n_train=64 n_val=16 n_test=20
[2026-03-31 18:03:49]     Train class counts: [16, 16, 16, 16]
[2026-03-31 18:03:49]     Val class counts:   [4, 4, 4, 4]
[2026-03-31 18:03:49]     Test class counts:  [5, 5, 5, 5]
[2026-03-31 18:03:49] Building model with input window duration: 4.1875 s
[2026-03-31 18:03:49] Pretrained weight loading:
[2026-03-31 18:03:49]   Downloaded keys:        179
[2026-03-31 18:03:49]   Filtered (transformer): 172
[2026-03-31 18:03:49]   Filtered (pos_encoder): 0
[2026-03-31 18:03:49]   Keys to load:           7
[2026-03-31 18:03:49]   Missing keys:           4
[2026-03-31 18:03:49]   Unexpected keys:        0
[2026-03-31 18:03:49]   Missing preview:        ['spatial_conv.1.weight', 'spatial_conv.1.bias', 'final_layer.1.weight', 'final_layer.1.bias']
[2026-03-31 18:03:49]   Unexpected preview:     []
[2026-03-31 18:03:49] Encoder freeze configuration:
[2026-03-31 18:03:49]   Total parameters:        18,192
[2026-03-31 18:03:49]   Trainable parameters:    4,352
[2026-03-31 18:03:49]   Training percentage:     23.9%
[2026-03-31 18:03:49]   Trainable layers: 4
[2026-03-31 18:03:49]     - final_layer.1.bias
[2026-03-31 18:03:49]     - final_layer.1.weight
[2026-03-31 18:03:49]     - spatial_conv.1.bias
[2026-03-31 18:03:49]     - spatial_conv.1.weight
[2026-03-31 18:03:49]     Train generator seeded: True
[2026-03-31 18:03:49]     Stopped epoch:            51
[2026-03-31 18:03:49]     Best epoch (valid_loss):  1
[2026-03-31 18:03:49]     Best valid_loss:          1.3918652534484863
[2026-03-31 18:03:49]     Test accuracy (primary):  0.2500
[2026-03-31 18:03:49]     Test balanced acc:        0.2500
[2026-03-31 18:03:49]     Confusion matrix:         [[0, 0, 0, 5], [0, 0, 0, 5], [0, 0, 0, 5], [0, 0, 0, 5]]
[2026-03-31 18:03:49]     Prediction histogram:     [0, 0, 0, 20]
[2026-03-31 18:03:49]     fold_acc=0.2500 fold_bal_acc=0.2500 cm=[[0, 0, 0, 5], [0, 0, 0, 5], [0, 0, 0, 5], [0, 0, 0, 5]]
[2026-03-31 18:03:49]   Subject 51 Fold 4 seed: 5210
[2026-03-31 18:03:49]   Subject 51 Fold 4: n_train=64 n_val=16 n_test=20
[2026-03-31 18:03:49]     Train class counts: [16, 16, 16, 16]
[2026-03-31 18:03:49]     Val class counts:   [4, 4, 4, 4]
[2026-03-31 18:03:49]     Test class counts:  [5, 5, 5, 5]
[2026-03-31 18:03:49] Building model with input window duration: 4.1875 s
[2026-03-31 18:03:49] Pretrained weight loading:
[2026-03-31 18:03:49]   Downloaded keys:        179
[2026-03-31 18:03:49]   Filtered (transformer): 172
[2026-03-31 18:03:49]   Filtered (pos_encoder): 0
[2026-03-31 18:03:49]   Keys to load:           7
[2026-03-31 18:03:49]   Missing keys:           4
[2026-03-31 18:03:49]   Unexpected keys:        0
[2026-03-31 18:03:49]   Missing preview:        ['spatial_conv.1.weight', 'spatial_conv.1.bias', 'final_layer.1.weight', 'final_layer.1.bias']
[2026-03-31 18:03:49]   Unexpected preview:     []
[2026-03-31 18:03:49] Encoder freeze configuration:
[2026-03-31 18:03:49]   Total parameters:        18,192
[2026-03-31 18:03:49]   Trainable parameters:    4,352
[2026-03-31 18:03:49]   Training percentage:     23.9%
[2026-03-31 18:03:49]   Trainable layers: 4
[2026-03-31 18:03:49]     - final_layer.1.bias
[2026-03-31 18:03:49]     - final_layer.1.weight
[2026-03-31 18:03:49]     - spatial_conv.1.bias
[2026-03-31 18:03:49]     - spatial_conv.1.weight
[2026-03-31 18:03:49]     Train generator seeded: True
[2026-03-31 18:03:50]     Stopped epoch:            54
[2026-03-31 18:03:50]     Best epoch (valid_loss):  5
[2026-03-31 18:03:50]     Best valid_loss:          1.3846081495285034
[2026-03-31 18:03:50]     Test accuracy (primary):  0.2500
[2026-03-31 18:03:50]     Test balanced acc:        0.2500
[2026-03-31 18:03:50]     Confusion matrix:         [[0, 3, 0, 2], [0, 4, 1, 0], [0, 5, 0, 0], [0, 4, 0, 1]]
[2026-03-31 18:03:50]     Prediction histogram:     [0, 16, 1, 3]
[2026-03-31 18:03:50]     fold_acc=0.2500 fold_bal_acc=0.2500 cm=[[0, 3, 0, 2], [0, 4, 1, 0], [0, 5, 0, 0], [0, 4, 0, 1]]
[2026-03-31 18:03:50]   Subject 51 Fold 5 seed: 5211
[2026-03-31 18:03:50]   Subject 51 Fold 5: n_train=64 n_val=16 n_test=20
[2026-03-31 18:03:50]     Train class counts: [16, 16, 16, 16]
[2026-03-31 18:03:50]     Val class counts:   [4, 4, 4, 4]
[2026-03-31 18:03:50]     Test class counts:  [5, 5, 5, 5]
[2026-03-31 18:03:50] Building model with input window duration: 4.1875 s
[2026-03-31 18:03:50] Pretrained weight loading:
[2026-03-31 18:03:50]   Downloaded keys:        179
[2026-03-31 18:03:50]   Filtered (transformer): 172
[2026-03-31 18:03:50]   Filtered (pos_encoder): 0
[2026-03-31 18:03:50]   Keys to load:           7
[2026-03-31 18:03:50]   Missing keys:           4
[2026-03-31 18:03:50]   Unexpected keys:        0
[2026-03-31 18:03:50]   Missing preview:        ['spatial_conv.1.weight', 'spatial_conv.1.bias', 'final_layer.1.weight', 'final_layer.1.bias']
[2026-03-31 18:03:50]   Unexpected preview:     []
[2026-03-31 18:03:50] Encoder freeze configuration:
[2026-03-31 18:03:50]   Total parameters:        18,192
[2026-03-31 18:03:50]   Trainable parameters:    4,352
[2026-03-31 18:03:50]   Training percentage:     23.9%
[2026-03-31 18:03:50]   Trainable layers: 4
[2026-03-31 18:03:50]     - final_layer.1.bias
[2026-03-31 18:03:50]     - final_layer.1.weight
[2026-03-31 18:03:50]     - spatial_conv.1.bias
[2026-03-31 18:03:50]     - spatial_conv.1.weight
[2026-03-31 18:03:50]     Train generator seeded: True
[2026-03-31 18:03:51]     Stopped epoch:            51
[2026-03-31 18:03:51]     Best epoch (valid_loss):  1
[2026-03-31 18:03:51]     Best valid_loss:          1.385488748550415
[2026-03-31 18:03:51]     Test accuracy (primary):  0.2500
[2026-03-31 18:03:51]     Test balanced acc:        0.2500
[2026-03-31 18:03:51]     Confusion matrix:         [[0, 5, 0, 0], [0, 5, 0, 0], [0, 5, 0, 0], [0, 5, 0, 0]]
[2026-03-31 18:03:51]     Prediction histogram:     [0, 20, 0, 0]
[2026-03-31 18:03:51]     fold_acc=0.2500 fold_bal_acc=0.2500 cm=[[0, 5, 0, 0], [0, 5, 0, 0], [0, 5, 0, 0], [0, 5, 0, 0]]
[2026-03-31 18:03:51]   Subject 51 mean accuracy: 0.3100

[2026-03-31 18:03:51] Total folds completed: 5
[2026-03-31 18:03:51] ======================================================================
[2026-03-31 18:03:51] AGGREGATED RESULTS
[2026-03-31 18:03:51] ======================================================================
[2026-03-31 18:03:51]   Subject 51:  acc=0.3100±0.0735  bal_acc=0.3100±0.0735
[2026-03-31 18:03:51] ----------------------------------------------------------------------
[2026-03-31 18:03:51]   OVERALL:      acc=0.3100±0.0735  bal_acc=0.3100±0.0735
[2026-03-31 18:03:51] ======================================================================
[2026-03-31 18:03:51] CV results saved to:      /home/vegorov/Repos/eeg_jepa_research/artifacts/lee-2019-fine-tuning/SSVEP/20260331_1803_23fae4d3/cv_results.json
[2026-03-31 18:03:51] Subject metrics saved to: /home/vegorov/Repos/eeg_jepa_research/artifacts/lee-2019-fine-tuning/SSVEP/20260331_1803_23fae4d3/subject_metrics.json
[2026-03-31 18:03:51] Global metrics saved to:  /home/vegorov/Repos/eeg_jepa_research/artifacts/lee-2019-fine-tuning/SSVEP/20260331_1803_23fae4d3/global_metrics.json
[2026-03-31 18:03:51] Run metadata saved to:    /home/vegorov/Repos/eeg_jepa_research/artifacts/lee-2019-fine-tuning/SSVEP/20260331_1803_23fae4d3/run_metadata.json

[2026-03-31 18:03:51] All artifacts in: /home/vegorov/Repos/eeg_jepa_research/artifacts/lee-2019-fine-tuning/SSVEP/20260331_1803_23fae4d3

[2026-03-31 18:03:51] ======================================================================
[2026-03-31 18:03:51] EXPERIMENT SUMMARY
[2026-03-31 18:03:51] ======================================================================
[2026-03-31 18:03:51] Run ID:    20260331_1803_23fae4d3
[2026-03-31 18:03:51] Artifacts: /home/vegorov/Repos/eeg_jepa_research/artifacts/lee-2019-fine-tuning/SSVEP/20260331_1803_23fae4d3

[2026-03-31 18:03:51] Configuration:
[2026-03-31 18:03:51]   Subjects:          [51]
[2026-03-31 18:03:51]   Bandpass:          0.5-40.0 Hz
[2026-03-31 18:03:51]   Resample:          128 Hz
[2026-03-31 18:03:51]   CV folds:          5
[2026-03-31 18:03:51]   Learning rate:     0.001
[2026-03-31 18:03:51]   Batch size:        16
[2026-03-31 18:03:51]   Max epochs:        5000

[2026-03-31 18:03:51] Results:
[2026-03-31 18:03:51]   Mean Accuracy:          0.3100 ± 0.0735
[2026-03-31 18:03:51]   Mean Balanced Accuracy: 0.3100 ± 0.0735
