[2026-05-06 16:55:23] Using device: cpu
[2026-05-06 16:55:23] Seed control disabled
[2026-05-06 16:55:23] ======================================================================
[2026-05-06 16:55:23] CONFIGURATION
[2026-05-06 16:55:23] ======================================================================
[2026-05-06 16:55:23]   artifact_dir: /home/vegorov/Repos/eeg_jepa_research/artifacts/moabb-mi-sjepa-loso
[2026-05-06 16:55:23]   bandpass_high: 40.0
[2026-05-06 16:55:23]   bandpass_low: 0.5
[2026-05-06 16:55:23]   batch_size: 32
[2026-05-06 16:55:23]   dataset_name: Lee2019_MI
[2026-05-06 16:55:23]   dataset_source: moabb
[2026-05-06 16:55:23]   early_stopping_patience: 30
[2026-05-06 16:55:23]   exclude_subjects: []
[2026-05-06 16:55:23]   labels_to_keep: ['left_hand', 'right_hand']
[2026-05-06 16:55:23]   learning_rate: 0.0001
[2026-05-06 16:55:23]   moabb_dataset_kwargs: {}
[2026-05-06 16:55:23]   model_name: SignalJEPA_PreLocal
[2026-05-06 16:55:23]   n_epochs: 500
[2026-05-06 16:55:23]   preprocessed_concat_dir: None
[2026-05-06 16:55:23]   pretrained_mode: random
[2026-05-06 16:55:23]   pretrained_repo_id: None
[2026-05-06 16:55:23]   seed: None
[2026-05-06 16:55:23]   set_seed: False
[2026-05-06 16:55:23]   sfreq: 128
[2026-05-06 16:55:23]   strategy: new
[2026-05-06 16:55:23]   subjects_to_use: None
[2026-05-06 16:55:23]   target_window_duration_s: 4.2
[2026-05-06 16:55:23]   val_split: 0.2
[2026-05-06 16:55:23]   warmup_epochs: 10
[2026-05-06 16:55:23] ======================================================================
[2026-05-06 16:55:23] Config saved to: /home/vegorov/Repos/eeg_jepa_research/artifacts/moabb-mi-sjepa-loso/Lee2019_MI/20260506_1655_b40e60a3/config.json
[2026-05-06 16:55:23] Epoch window configuration:
[2026-05-06 16:55:23]   Target sfreq:            128 Hz
[2026-05-06 16:55:23]   Requested duration:      4.200 s
[2026-05-06 16:55:23]   Expected window samples: 537

[2026-05-06 16:55:23] Preprocessed concat dataset exists: True at /home/vegorov/Repos/eeg_jepa_research/preprocessed_concat_datasets/Lee2019_MI_048eba1d_w8653d5_subjects_a59d9bb8

[2026-05-06 16:55:23] Using existing preprocessed concat dataset.

[2026-05-06 16:55:23] Post-load raw validation
[2026-05-06 16:55:23]   Recordings:          14
[2026-05-06 16:55:23]   Subjects loaded:     ['48', '49', '50', '51', '52', '53', '54']
[2026-05-06 16:55:23]   sfreq first rec:     128.0 Hz
[2026-05-06 16:55:23]   EEG channel count:   62
[2026-05-06 16:55:23]   Labels present:      ['left_hand', 'right_hand']
[2026-05-06 16:55:23]   Labels selected:     ['left_hand', 'right_hand']
[2026-05-06 16:55:23] Annotation counts before filtering: {np.str_('left_hand'): 700, np.str_('right_hand'): 700}
[2026-05-06 16:55:23] Filtered annotations: kept 1400 / 1400
[2026-05-06 16:55:23] Annotation counts after filtering:  {np.str_('left_hand'): 700, np.str_('right_hand'): 700}
[2026-05-06 16:55:23] Updated annotation durations:       1400
[2026-05-06 16:55:24] Window shape: (62, 537)
[2026-05-06 16:55:24] Window sample length expected=537, got=537
[2026-05-06 16:55:24] Class mapping: {'left_hand': 0, 'right_hand': 1}
[2026-05-06 16:55:24] Global class counts: [700, 700]
[2026-05-06 16:55:24] Chance level: 0.50
[2026-05-06 16:55:24] Summarizing per-subject windows...
[2026-05-06 16:55:24]   Subject 48: n_windows=200, window_shape=(62, 537), class_counts=[100, 100]
[2026-05-06 16:55:24]   Subject 49: n_windows=200, window_shape=(62, 537), class_counts=[100, 100]
[2026-05-06 16:55:24]   Subject 50: n_windows=200, window_shape=(62, 537), class_counts=[100, 100]
[2026-05-06 16:55:24]   Subject 51: n_windows=200, window_shape=(62, 537), class_counts=[100, 100]
[2026-05-06 16:55:24]   Subject 52: n_windows=200, window_shape=(62, 537), class_counts=[100, 100]
[2026-05-06 16:55:24]   Subject 53: n_windows=200, window_shape=(62, 537), class_counts=[100, 100]
[2026-05-06 16:55:24]   Subject 54: n_windows=200, window_shape=(62, 537), class_counts=[100, 100]
[2026-05-06 16:55:24] SignalJEPA_PreLocal instantiated successfully.
[2026-05-06 16:55:24]   Loading mode:          random_initialization
[2026-05-06 16:55:24]   Repo:                  None
[2026-05-06 16:55:24]   Total parameters:      16,142
[2026-05-06 16:55:24]   Trainable parameters:  16,142
[2026-05-06 16:55:24] ======================================================================================================================================================
Layer (type (var_name):depth-idx)                  Input Shape               Output Shape              Param #                   Kernel Shape
======================================================================================================================================================
SignalJEPA_PreLocal (SignalJEPA_PreLocal)          [1, 62, 537]              [1, 2]                    --                        --
├─Sequential (spatial_conv): 1-1                   [1, 62, 537]              [1, 4, 537]               --                        --
│    └─Rearrange (0): 2-1                          [1, 62, 537]              [1, 1, 62, 537]           --                        --
│    └─Conv2d (1): 2-2                             [1, 1, 62, 537]           [1, 4, 1, 537]            252                       [62, 1]
│    └─Rearrange (2): 2-3                          [1, 4, 1, 537]            [1, 4, 537]               --                        --
├─_ConvFeatureEncoder (feature_encoder): 1-2       [1, 4, 537]               [1, 16, 64]               --                        --
│    └─Rearrange (0): 2-4                          [1, 4, 537]               [4, 1, 537]               --                        --
│    └─Sequential (1): 2-5                         [4, 1, 537]               [4, 8, 64]                --                        --
│    │    └─Conv1d (0): 3-1                        [4, 1, 537]               [4, 8, 64]                256                       [32]
│    │    └─Dropout (1): 3-2                       [4, 8, 64]                [4, 8, 64]                --                        --
│    │    └─GroupNorm (2): 3-3                     [4, 8, 64]                [4, 8, 64]                16                        --
│    │    └─GELU (3): 3-4                          [4, 8, 64]                [4, 8, 64]                --                        --
│    └─Sequential (2): 2-6                         [4, 8, 64]                [4, 16, 32]               --                        --
│    │    └─Conv1d (0): 3-5                        [4, 8, 64]                [4, 16, 32]               256                       [2]
│    │    └─Dropout (1): 3-6                       [4, 16, 32]               [4, 16, 32]               --                        --
│    │    └─GELU (2): 3-7                          [4, 16, 32]               [4, 16, 32]               --                        --
│    └─Sequential (3): 2-7                         [4, 16, 32]               [4, 32, 16]               --                        --
│    │    └─Conv1d (0): 3-8                        [4, 16, 32]               [4, 32, 16]               1,024                     [2]
│    │    └─Dropout (1): 3-9                       [4, 32, 16]               [4, 32, 16]               --                        --
│    │    └─GELU (2): 3-10                         [4, 32, 16]               [4, 32, 16]               --                        --
│    └─Sequential (4): 2-8                         [4, 32, 16]               [4, 64, 8]                --                        --
│    │    └─Conv1d (0): 3-11                       [4, 32, 16]               [4, 64, 8]                4,096                     [2]
│    │    └─Dropout (1): 3-12                      [4, 64, 8]                [4, 64, 8]                --                        --
│    │    └─GELU (2): 3-13                         [4, 64, 8]                [4, 64, 8]                --                        --
│    └─Sequential (5): 2-9                         [4, 64, 8]                [4, 64, 4]                --                        --
│    │    └─Conv1d (0): 3-14                       [4, 64, 8]                [4, 64, 4]                8,192                     [2]
│    │    └─Dropout (1): 3-15                      [4, 64, 4]                [4, 64, 4]                --                        --
│    │    └─GELU (2): 3-16                         [4, 64, 4]                [4, 64, 4]                --                        --
│    └─Rearrange (6): 2-10                         [4, 64, 4]                [1, 16, 64]               --                        --
├─Sequential (final_layer): 1-3                    [1, 16, 64]               [1, 2]                    --                        --
│    └─Flatten (0): 2-11                           [1, 16, 64]               [1, 1024]                 --                        --
│    └─Linear (1): 2-12                            [1, 1024]                 [1, 2]                    2,050                     --
======================================================================================================================================================
Total params: 16,142
Trainable params: 16,142
Non-trainable params: 0
Total mult-adds (Units.MEGABYTES): 0.56
======================================================================================================================================================
Input size (MB): 0.13
Forward/backward pass size (MB): 0.11
Params size (MB): 0.06
Estimated Total Size (MB): 0.31
======================================================================================================================================================
[2026-05-06 16:55:24] ======================================================================
[2026-05-06 16:55:24] STARTING LOSO EVALUATION
[2026-05-06 16:55:24] ======================================================================
[2026-05-06 16:55:24] Dataset:       Lee2019_MI
[2026-05-06 16:55:24] Subjects:      ['48', '49', '50', '51', '52', '53', '54']
[2026-05-06 16:55:24] Model:         SignalJEPA_PreLocal
[2026-05-06 16:55:24] Pretrained:    random
[2026-05-06 16:55:24] Strategy:      new
[2026-05-06 16:55:24] Val split:     0.2
[2026-05-06 16:55:24] Max epochs:    500
[2026-05-06 16:55:24] Device:        cpu
[2026-05-06 16:55:24] ======================================================================

[2026-05-06 16:55:24] Fold 1/7 | held_out_subject=48
[2026-05-06 16:55:24]     Train windows:           1200 | counts=[600, 600]
[2026-05-06 16:55:24]     Test windows:            200 | counts=[100, 100]
[2026-05-06 16:55:24]     Downstream model:        SignalJEPA_PreLocal
[2026-05-06 16:55:24]     Fine-tune strategy:      new
[2026-05-06 16:55:24]     Pretrained loading path: random_initialization
[2026-05-06 16:55:24]     Pretrained repo:         None
[2026-05-06 16:55:24]     Phase 1 (new):
[2026-05-06 16:55:24]       Trainable groups: ['spatial_conv.', 'final_layer.']
[2026-05-06 16:55:24]       Total params:     16,142
[2026-05-06 16:55:24]       Trainable params: 2,302
[2026-05-06 16:55:24]       Trainable pct:    14.26%
[2026-05-06 16:55:24]       Trainable parameter names: ['spatial_conv.1.weight', 'spatial_conv.1.bias', 'final_layer.1.weight', 'final_layer.1.bias']
[2026-05-06 16:55:24]     Sanity check passed: finite logits/loss on one training batch for SignalJEPA_PreLocal.
[2026-05-06 16:55:33]     Result | best_epoch=41 | stop=71 | acc=0.5450 | bal_acc=0.5450 | pred_hist=[89, 111]

[2026-05-06 16:55:33] Fold 2/7 | held_out_subject=49
[2026-05-06 16:55:33]     Train windows:           1200 | counts=[600, 600]
[2026-05-06 16:55:33]     Test windows:            200 | counts=[100, 100]
[2026-05-06 16:55:33]     Downstream model:        SignalJEPA_PreLocal
[2026-05-06 16:55:33]     Fine-tune strategy:      new
[2026-05-06 16:55:33]     Pretrained loading path: random_initialization
[2026-05-06 16:55:33]     Pretrained repo:         None
[2026-05-06 16:55:33]     Phase 1 (new):
[2026-05-06 16:55:33]       Trainable groups: ['spatial_conv.', 'final_layer.']
[2026-05-06 16:55:33]       Total params:     16,142
[2026-05-06 16:55:33]       Trainable params: 2,302
[2026-05-06 16:55:33]       Trainable pct:    14.26%
[2026-05-06 16:55:33]       Trainable parameter names: ['spatial_conv.1.weight', 'spatial_conv.1.bias', 'final_layer.1.weight', 'final_layer.1.bias']
[2026-05-06 16:55:33]     Sanity check passed: finite logits/loss on one training batch for SignalJEPA_PreLocal.
[2026-05-06 16:55:44]     Result | best_epoch=60 | stop=90 | acc=0.4450 | bal_acc=0.4450 | pred_hist=[107, 93]

[2026-05-06 16:55:44] Fold 3/7 | held_out_subject=50
[2026-05-06 16:55:44]     Train windows:           1200 | counts=[600, 600]
[2026-05-06 16:55:44]     Test windows:            200 | counts=[100, 100]
[2026-05-06 16:55:44]     Downstream model:        SignalJEPA_PreLocal
[2026-05-06 16:55:44]     Fine-tune strategy:      new
[2026-05-06 16:55:44]     Pretrained loading path: random_initialization
[2026-05-06 16:55:44]     Pretrained repo:         None
[2026-05-06 16:55:44]     Phase 1 (new):
[2026-05-06 16:55:44]       Trainable groups: ['spatial_conv.', 'final_layer.']
[2026-05-06 16:55:44]       Total params:     16,142
[2026-05-06 16:55:44]       Trainable params: 2,302
[2026-05-06 16:55:44]       Trainable pct:    14.26%
[2026-05-06 16:55:44]       Trainable parameter names: ['spatial_conv.1.weight', 'spatial_conv.1.bias', 'final_layer.1.weight', 'final_layer.1.bias']
[2026-05-06 16:55:44]     Sanity check passed: finite logits/loss on one training batch for SignalJEPA_PreLocal.
[2026-05-06 16:55:56]     Result | best_epoch=65 | stop=95 | acc=0.4650 | bal_acc=0.4650 | pred_hist=[91, 109]

[2026-05-06 16:55:56] Fold 4/7 | held_out_subject=51
[2026-05-06 16:55:56]     Train windows:           1200 | counts=[600, 600]
[2026-05-06 16:55:56]     Test windows:            200 | counts=[100, 100]
[2026-05-06 16:55:56]     Downstream model:        SignalJEPA_PreLocal
[2026-05-06 16:55:56]     Fine-tune strategy:      new
[2026-05-06 16:55:56]     Pretrained loading path: random_initialization
[2026-05-06 16:55:56]     Pretrained repo:         None
[2026-05-06 16:55:56]     Phase 1 (new):
[2026-05-06 16:55:56]       Trainable groups: ['spatial_conv.', 'final_layer.']
[2026-05-06 16:55:56]       Total params:     16,142
[2026-05-06 16:55:56]       Trainable params: 2,302
[2026-05-06 16:55:56]       Trainable pct:    14.26%
[2026-05-06 16:55:56]       Trainable parameter names: ['spatial_conv.1.weight', 'spatial_conv.1.bias', 'final_layer.1.weight', 'final_layer.1.bias']
[2026-05-06 16:55:56]     Sanity check passed: finite logits/loss on one training batch for SignalJEPA_PreLocal.
[2026-05-06 16:56:00]     Result | best_epoch=7 | stop=37 | acc=0.5100 | bal_acc=0.5100 | pred_hist=[92, 108]

[2026-05-06 16:56:00] Fold 5/7 | held_out_subject=52
[2026-05-06 16:56:00]     Train windows:           1200 | counts=[600, 600]
[2026-05-06 16:56:00]     Test windows:            200 | counts=[100, 100]
[2026-05-06 16:56:00]     Downstream model:        SignalJEPA_PreLocal
[2026-05-06 16:56:00]     Fine-tune strategy:      new
[2026-05-06 16:56:00]     Pretrained loading path: random_initialization
[2026-05-06 16:56:00]     Pretrained repo:         None
[2026-05-06 16:56:00]     Phase 1 (new):
[2026-05-06 16:56:00]       Trainable groups: ['spatial_conv.', 'final_layer.']
[2026-05-06 16:56:00]       Total params:     16,142
[2026-05-06 16:56:00]       Trainable params: 2,302
[2026-05-06 16:56:00]       Trainable pct:    14.26%
[2026-05-06 16:56:00]       Trainable parameter names: ['spatial_conv.1.weight', 'spatial_conv.1.bias', 'final_layer.1.weight', 'final_layer.1.bias']
[2026-05-06 16:56:00]     Sanity check passed: finite logits/loss on one training batch for SignalJEPA_PreLocal.
[2026-05-06 16:56:05]     Result | best_epoch=6 | stop=36 | acc=0.4600 | bal_acc=0.4600 | pred_hist=[120, 80]

[2026-05-06 16:56:05] Fold 6/7 | held_out_subject=53
[2026-05-06 16:56:05]     Train windows:           1200 | counts=[600, 600]
[2026-05-06 16:56:05]     Test windows:            200 | counts=[100, 100]
[2026-05-06 16:56:05]     Downstream model:        SignalJEPA_PreLocal
[2026-05-06 16:56:05]     Fine-tune strategy:      new
[2026-05-06 16:56:05]     Pretrained loading path: random_initialization
[2026-05-06 16:56:05]     Pretrained repo:         None
[2026-05-06 16:56:05]     Phase 1 (new):
[2026-05-06 16:56:05]       Trainable groups: ['spatial_conv.', 'final_layer.']
[2026-05-06 16:56:05]       Total params:     16,142
[2026-05-06 16:56:05]       Trainable params: 2,302
[2026-05-06 16:56:05]       Trainable pct:    14.26%
[2026-05-06 16:56:05]       Trainable parameter names: ['spatial_conv.1.weight', 'spatial_conv.1.bias', 'final_layer.1.weight', 'final_layer.1.bias']
[2026-05-06 16:56:05]     Sanity check passed: finite logits/loss on one training batch for SignalJEPA_PreLocal.
[2026-05-06 16:56:14]     Result | best_epoch=50 | stop=80 | acc=0.5750 | bal_acc=0.5750 | pred_hist=[105, 95]

[2026-05-06 16:56:14] Fold 7/7 | held_out_subject=54
[2026-05-06 16:56:14]     Train windows:           1200 | counts=[600, 600]
[2026-05-06 16:56:14]     Test windows:            200 | counts=[100, 100]
[2026-05-06 16:56:14]     Downstream model:        SignalJEPA_PreLocal
[2026-05-06 16:56:14]     Fine-tune strategy:      new
[2026-05-06 16:56:14]     Pretrained loading path: random_initialization
[2026-05-06 16:56:14]     Pretrained repo:         None
[2026-05-06 16:56:14]     Phase 1 (new):
[2026-05-06 16:56:14]       Trainable groups: ['spatial_conv.', 'final_layer.']
[2026-05-06 16:56:14]       Total params:     16,142
[2026-05-06 16:56:14]       Trainable params: 2,302
[2026-05-06 16:56:14]       Trainable pct:    14.26%
[2026-05-06 16:56:14]       Trainable parameter names: ['spatial_conv.1.weight', 'spatial_conv.1.bias', 'final_layer.1.weight', 'final_layer.1.bias']
[2026-05-06 16:56:14]     Sanity check passed: finite logits/loss on one training batch for SignalJEPA_PreLocal.
[2026-05-06 16:56:19]     Result | best_epoch=4 | stop=34 | acc=0.5150 | bal_acc=0.5150 | pred_hist=[103, 97]

[2026-05-06 16:56:19] Total LOSO folds completed: 7
[2026-05-06 16:56:19] ======================================================================
[2026-05-06 16:56:19] AGGREGATED RESULTS
[2026-05-06 16:56:19] ======================================================================
[2026-05-06 16:56:19]   48: acc=0.5450±0.0000  bal_acc=0.5450±0.0000
[2026-05-06 16:56:19]   49: acc=0.4450±0.0000  bal_acc=0.4450±0.0000
[2026-05-06 16:56:19]   50: acc=0.4650±0.0000  bal_acc=0.4650±0.0000
[2026-05-06 16:56:19]   51: acc=0.5100±0.0000  bal_acc=0.5100±0.0000
[2026-05-06 16:56:19]   52: acc=0.4600±0.0000  bal_acc=0.4600±0.0000
[2026-05-06 16:56:19]   53: acc=0.5750±0.0000  bal_acc=0.5750±0.0000
[2026-05-06 16:56:19]   54: acc=0.5150±0.0000  bal_acc=0.5150±0.0000
[2026-05-06 16:56:19] ----------------------------------------------------------------------
[2026-05-06 16:56:19]   OVERALL: acc=0.5021±0.0444  bal_acc=0.5021±0.0444
[2026-05-06 16:56:19] ======================================================================

[2026-05-06 16:56:19] ======================================================================
[2026-05-06 16:56:19] EXPERIMENT SUMMARY
[2026-05-06 16:56:19] ======================================================================
[2026-05-06 16:56:19] Run ID:                 20260506_1655_b40e60a3
[2026-05-06 16:56:19] Dataset:                Lee2019_MI
[2026-05-06 16:56:19] Labels kept:            ['left_hand', 'right_hand']
[2026-05-06 16:56:19] Model:                  SignalJEPA_PreLocal
[2026-05-06 16:56:19] Pretrained mode:        random
[2026-05-06 16:56:19] Strategy:               new
[2026-05-06 16:56:19] Window:                 4.200s / 537 samples
[2026-05-06 16:56:19] Artifacts:              /home/vegorov/Repos/eeg_jepa_research/artifacts/moabb-mi-sjepa-loso/Lee2019_MI/20260506_1655_b40e60a3
[2026-05-06 16:56:19] Mean Accuracy:          0.5021 ± 0.0444
[2026-05-06 16:56:19] Mean Balanced Accuracy: 0.5021 ± 0.0444
[2026-05-06 16:56:19] ======================================================================
[2026-05-06 16:56:19] CV results saved to:      /home/vegorov/Repos/eeg_jepa_research/artifacts/moabb-mi-sjepa-loso/Lee2019_MI/20260506_1655_b40e60a3/cv_results.json
[2026-05-06 16:56:19] Subject metrics saved to: /home/vegorov/Repos/eeg_jepa_research/artifacts/moabb-mi-sjepa-loso/Lee2019_MI/20260506_1655_b40e60a3/subject_metrics.json
[2026-05-06 16:56:19] Global metrics saved to:  /home/vegorov/Repos/eeg_jepa_research/artifacts/moabb-mi-sjepa-loso/Lee2019_MI/20260506_1655_b40e60a3/global_metrics.json
[2026-05-06 16:56:19] Run metadata saved to:    /home/vegorov/Repos/eeg_jepa_research/artifacts/moabb-mi-sjepa-loso/Lee2019_MI/20260506_1655_b40e60a3/run_metadata.json

[2026-05-06 16:56:19] All artifacts in: /home/vegorov/Repos/eeg_jepa_research/artifacts/moabb-mi-sjepa-loso/Lee2019_MI/20260506_1655_b40e60a3
