[2026-04-04 12:28:56] Using device: mps
[2026-04-04 12:28:56] Seed control enabled: True
[2026-04-04 12:28:56] Base seed: 6104
[2026-04-04 12:28:57] Seed initialized: 6104
[2026-04-04 12:28:57] ======================================================================
[2026-04-04 12:28:57] CONFIGURATION
[2026-04-04 12:28:57] ======================================================================
[2026-04-04 12:28:57]   artifact_dir: /Users/vadim/Documents/School/Spring 2026/CSCE A698 Individual Research/EEG_JEPA/artifacts/lee-2019-fine-tuning
[2026-04-04 12:28:57]   bandpass_high: 40.0
[2026-04-04 12:28:57]   bandpass_low: 0.5
[2026-04-04 12:28:57]   batch_size: 16
[2026-04-04 12:28:57]   convert_to_uV: True
[2026-04-04 12:28:57]   criterion: None
[2026-04-04 12:28:57]   cv_folds: 5
[2026-04-04 12:28:57]   device: auto
[2026-04-04 12:28:57]   early_stopping_patience: 50
[2026-04-04 12:28:57]   learning_rate: 0.003
[2026-04-04 12:28:57]   n_epochs: 5000
[2026-04-04 12:28:57]   normalization_method: None
[2026-04-04 12:28:57]   normalize: False
[2026-04-04 12:28:57]   optimizer: Adam
[2026-04-04 12:28:57]   paradigm: SSVEP
[2026-04-04 12:28:57]   pretrained_url: https://huggingface.co/braindecode/SignalJEPA/resolve/main/signal-jepa_16s-60_adeuwv4s.pth
[2026-04-04 12:28:57]   requested_trial_duration_s: 4.0
[2026-04-04 12:28:57]   seed: 6104
[2026-04-04 12:28:57]   set_eeg_reference: True
[2026-04-04 12:28:57]   set_seed: True
[2026-04-04 12:28:57]   sfreq: 128
[2026-04-04 12:28:57]   subjects_to_use: [51, 54]
[2026-04-04 12:28:57]   val_split: 0.2
[2026-04-04 12:28:57] ======================================================================
[2026-04-04 12:28:57] Config saved to: /Users/vadim/Documents/School/Spring 2026/CSCE A698 Individual Research/EEG_JEPA/artifacts/lee-2019-fine-tuning/SSVEP/20260404_1228_9461f36f/config.json
[2026-04-04 12:28:57] Epoch window configuration:
[2026-04-04 12:28:57]   Target sfreq:                128 Hz
[2026-04-04 12:28:57]   Target duration:             4.190000 s
[2026-04-04 12:28:57]   Window samples (rounded):    536
[2026-04-04 12:28:57]   Base trial samples (4.0 s):  512
[2026-04-04 12:28:57]   Trial stop offset samples:   24
[2026-04-04 12:28:57]   Effective window duration:   4.187500 s
[2026-04-04 12:28:57] Using specified subjects from config: [51, 54]
[2026-04-04 12:28:57] Selected subjects: [51, 54]
[2026-04-04 12:28:57] Expected evaluation folds: 10

[2026-04-04 12:28:57] Building MOABBDataset for Lee2019_SSVEP...
[2026-04-04 12:29:22] MOABBDataset recordings loaded: 4
[2026-04-04 12:29:22] Discovered annotation descriptions (first recording): [np.str_('12.0'), np.str_('5.45'), np.str_('6.67'), np.str_('8.57')]
[2026-04-04 12:29:22] Dataset event_id mapping: {'12.0': 1, '8.57': 2, '6.67': 3, '5.45': 4}
[2026-04-04 12:29:22] Label map (event_code -> class_index): {1: 0, 2: 1, 3: 2, 4: 3}
[2026-04-04 12:29:22] Applying Braindecode preprocessors to MOABBDataset...
[2026-04-04 12:29:38] Preprocessing complete.

[2026-04-04 12:29:38] Post-preprocessing validation
[2026-04-04 12:29:38]   Recordings in DATASET: 4
[2026-04-04 12:29:38]   Unique subject IDs:    ['51', '54']
[2026-04-04 12:29:38]   sfreq (first rec):     128.0 Hz
[2026-04-04 12:29:38]   EEG channel count:     62
[2026-04-04 12:29:38]   First 10 channels:     ['Fp1', 'Fp2', 'F7', 'F3', 'Fz', 'F4', 'F8', 'FC5', 'FC1', 'FC2']
[2026-04-04 12:29:38] Channel consistency summary:
[2026-04-04 12:29:38]   Checked runs: 4
[2026-04-04 12:29:38]   Unique channel counts: [62]
[2026-04-04 12:29:38]   Channel order consistent: True
[2026-04-04 12:29:38] Validated EEG channels: 62
[2026-04-04 12:29:38] First 10 EEG channels: ['Fp1', 'Fp2', 'F7', 'F3', 'Fz', 'F4', 'F8', 'FC5', 'FC1', 'FC2']
[2026-04-04 12:29:38] raw mean_abs=6.206608e+00
[2026-04-04 12:29:38] raw std=2.712803e+01
[2026-04-04 12:29:38] raw first5 channel std= [30.27595633 56.56813395 13.75714116  8.89857459  7.91183515]
[2026-04-04 12:29:38] Requested window samples: 536
[2026-04-04 12:29:38] Base trial samples:       512
[2026-04-04 12:29:38] Stop offset samples:      24
[2026-04-04 12:29:38] Global class counts: [100, 100, 100, 100]
[2026-04-04 12:29:38] Chance level (4-class): 0.25
[2026-04-04 12:29:38] One window shape: (62, 536)
[2026-04-04 12:29:38] One window label: 2
[2026-04-04 12:29:38] Window sample length expected=536, got=536
[2026-04-04 12:29:38] Subjects in window split: [51, 54]
[2026-04-04 12:29:38] Summarizing per-subject windows...
[2026-04-04 12:29:38]   Subject 51: n_windows=200, window_shape=(62, 536), class_counts=[50, 50, 50, 50]
[2026-04-04 12:29:38]   Subject 54: n_windows=200, window_shape=(62, 536), class_counts=[50, 50, 50, 50]
[2026-04-04 12:29:38]    subject_id  n_windows  n_channels  n_times      class_counts
0          51        200          62      536  [50, 50, 50, 50]
1          54        200          62      536  [50, 50, 50, 50]
[2026-04-04 12:29:38] Window validation summary:
[2026-04-04 12:29:38]   Subject 51: n_windows=200 class_counts=[50, 50, 50, 50]
[2026-04-04 12:29:38]   Subject 54: n_windows=200 class_counts=[50, 50, 50, 50]

[2026-04-04 12:29:38] Validated sampling rate target: 128 Hz
[2026-04-04 12:29:38] Validated window sample count:   536
[2026-04-04 12:29:38] Validated window duration:       4.1875 s
[2026-04-04 12:29:38] Validated channel count:         62
[2026-04-04 12:29:38] Total windows retained:          400
[2026-04-04 12:29:38] Preprocessing sanity checks:
[2026-04-04 12:29:38]   One sample label: 2
[2026-04-04 12:29:38]   One sample shape: (62, 536)
[2026-04-04 12:29:38]   Mean(abs(signal)): 7.808386e+00
[2026-04-04 12:29:38]   Mean(signal):      -1.469310e-08
[2026-04-04 12:29:38]   Std(signal):       1.102899e+01
[2026-04-04 12:29:38] Building model with input window duration: 4.1875 s
[2026-04-04 12:29:38] SignalJEPA_PreLocal instantiated successfully.
[2026-04-04 12:29:38]   Total parameters:     18,192
[2026-04-04 12:29:38]   Trainable parameters: 18,192
[2026-04-04 12:29:38] ======================================================================================================================================================
Layer (type (var_name):depth-idx)                  Input Shape               Output Shape              Param #                   Kernel Shape
======================================================================================================================================================
SignalJEPA_PreLocal (SignalJEPA_PreLocal)          [1, 62, 536]              [1, 4]                    --                        --
├─Sequential (spatial_conv): 1-1                   [1, 62, 536]              [1, 4, 536]               --                        --
│    └─Rearrange (0): 2-1                          [1, 62, 536]              [1, 1, 62, 536]           --                        --
│    └─Conv2d (1): 2-2                             [1, 1, 62, 536]           [1, 4, 1, 536]            252                       [62, 1]
│    └─Rearrange (2): 2-3                          [1, 4, 1, 536]            [1, 4, 536]               --                        --
├─_ConvFeatureEncoder (feature_encoder): 1-2       [1, 4, 536]               [1, 16, 64]               --                        --
│    └─Rearrange (0): 2-4                          [1, 4, 536]               [4, 1, 536]               --                        --
│    └─Sequential (1): 2-5                         [4, 1, 536]               [4, 8, 64]                --                        --
│    │    └─Conv1d (0): 3-1                        [4, 1, 536]               [4, 8, 64]                256                       [32]
│    │    └─Dropout (1): 3-2                       [4, 8, 64]                [4, 8, 64]                --                        --
│    │    └─GroupNorm (2): 3-3                     [4, 8, 64]                [4, 8, 64]                16                        --
│    │    └─GELU (3): 3-4                          [4, 8, 64]                [4, 8, 64]                --                        --
│    └─Sequential (2): 2-6                         [4, 8, 64]                [4, 16, 32]               --                        --
│    │    └─Conv1d (0): 3-5                        [4, 8, 64]                [4, 16, 32]               256                       [2]
│    │    └─Dropout (1): 3-6                       [4, 16, 32]               [4, 16, 32]               --                        --
│    │    └─GELU (2): 3-7                          [4, 16, 32]               [4, 16, 32]               --                        --
│    └─Sequential (3): 2-7                         [4, 16, 32]               [4, 32, 16]               --                        --
│    │    └─Conv1d (0): 3-8                        [4, 16, 32]               [4, 32, 16]               1,024                     [2]
│    │    └─Dropout (1): 3-9                       [4, 32, 16]               [4, 32, 16]               --                        --
│    │    └─GELU (2): 3-10                         [4, 32, 16]               [4, 32, 16]               --                        --
│    └─Sequential (4): 2-8                         [4, 32, 16]               [4, 64, 8]                --                        --
│    │    └─Conv1d (0): 3-11                       [4, 32, 16]               [4, 64, 8]                4,096                     [2]
│    │    └─Dropout (1): 3-12                      [4, 64, 8]                [4, 64, 8]                --                        --
│    │    └─GELU (2): 3-13                         [4, 64, 8]                [4, 64, 8]                --                        --
│    └─Sequential (5): 2-9                         [4, 64, 8]                [4, 64, 4]                --                        --
│    │    └─Conv1d (0): 3-14                       [4, 64, 8]                [4, 64, 4]                8,192                     [2]
│    │    └─Dropout (1): 3-15                      [4, 64, 4]                [4, 64, 4]                --                        --
│    │    └─GELU (2): 3-16                         [4, 64, 4]                [4, 64, 4]                --                        --
│    └─Rearrange (6): 2-10                         [4, 64, 4]                [1, 16, 64]               --                        --
├─Sequential (final_layer): 1-3                    [1, 16, 64]               [1, 4]                    --                        --
│    └─Flatten (0): 2-11                           [1, 16, 64]               [1, 1024]                 --                        --
│    └─Linear (1): 2-12                            [1, 1024]                 [1, 4]                    4,100                     --
======================================================================================================================================================
Total params: 18,192
Trainable params: 18,192
Non-trainable params: 0
Total mult-adds (Units.MEGABYTES): 0.57
======================================================================================================================================================
Input size (MB): 0.13
Forward/backward pass size (MB): 0.11
Params size (MB): 0.07
Estimated Total Size (MB): 0.31
======================================================================================================================================================
[2026-04-04 12:29:38] Initializing from 16s-60 pretrained checkpoint (Hugging Face):
[2026-04-04 12:29:38]   https://huggingface.co/braindecode/SignalJEPA/resolve/main/signal-jepa_16s-60_adeuwv4s.pth
[2026-04-04 12:29:38]   Downloaded 179 keys
[2026-04-04 12:29:38] ======================================================================
[2026-04-04 12:29:38] STARTING CROSS-VALIDATION
[2026-04-04 12:29:38] ======================================================================
[2026-04-04 12:29:38] Subjects:      [51, 54]
[2026-04-04 12:29:38] CV folds:      5
[2026-04-04 12:29:38] Batch size:    16
[2026-04-04 12:29:38] Max epochs:    5000
[2026-04-04 12:29:38] Device:        mps
[2026-04-04 12:29:38] Seed control:  True
[2026-04-04 12:29:38] Base seed:     6104
[2026-04-04 12:29:38] ======================================================================

[2026-04-04 12:29:38] Subject 51: 200 windows | class_counts=[50, 50, 50, 50]
[2026-04-04 12:29:38]   Fold 1 class counts: train=[32, 32, 32, 32] val=[8, 8, 8, 8] test=[10, 10, 10, 10]
[2026-04-04 12:29:38]   Fold 2 class counts: train=[32, 32, 32, 32] val=[8, 8, 8, 8] test=[10, 10, 10, 10]
[2026-04-04 12:29:38]   Fold 3 class counts: train=[32, 32, 32, 32] val=[8, 8, 8, 8] test=[10, 10, 10, 10]
[2026-04-04 12:29:38]   Fold 4 class counts: train=[32, 32, 32, 32] val=[8, 8, 8, 8] test=[10, 10, 10, 10]
[2026-04-04 12:29:38]   Fold 5 class counts: train=[32, 32, 32, 32] val=[8, 8, 8, 8] test=[10, 10, 10, 10]
[2026-04-04 12:29:38]     Train class counts: [32, 32, 32, 32]
[2026-04-04 12:29:38]     Val class counts:   [8, 8, 8, 8]
[2026-04-04 12:29:38]     Test class counts:  [10, 10, 10, 10]
[2026-04-04 12:29:38] Building model with input window duration: 4.1875 s
[2026-04-04 12:29:38] Pretrained weight loading:
[2026-04-04 12:29:38]   Downloaded keys:        179
[2026-04-04 12:29:38]   Filtered (transformer): 172
[2026-04-04 12:29:38]   Filtered (pos_encoder): 0
[2026-04-04 12:29:38]   Keys to load:           7
[2026-04-04 12:29:38]   Missing keys:           4
[2026-04-04 12:29:38]   Unexpected keys:        0
[2026-04-04 12:29:38]   Missing preview:        ['spatial_conv.1.weight', 'spatial_conv.1.bias', 'final_layer.1.weight', 'final_layer.1.bias']
[2026-04-04 12:29:38]   Unexpected preview:     []
[2026-04-04 12:29:38] Trainable modules: spatial_conv + final_layer (4,352 / 18,192 params, 23.9%)
[2026-04-04 12:29:38]   - final_layer.1.bias
[2026-04-04 12:29:38]   - final_layer.1.weight
[2026-04-04 12:29:38]   - spatial_conv.1.bias
[2026-04-04 12:29:38]   - spatial_conv.1.weight
[2026-04-04 12:29:49]   Fold 1/5 | best_epoch=72 | stop=122 | val_loss=1.3509 | acc=0.3750 | bal_acc=0.3750
[2026-04-04 12:29:49]     Train class counts: [32, 32, 32, 32]
[2026-04-04 12:29:49]     Val class counts:   [8, 8, 8, 8]
[2026-04-04 12:29:49]     Test class counts:  [10, 10, 10, 10]
[2026-04-04 12:29:49] Building model with input window duration: 4.1875 s
[2026-04-04 12:29:49] Pretrained weight loading:
[2026-04-04 12:29:49]   Downloaded keys:        179
[2026-04-04 12:29:49]   Filtered (transformer): 172
[2026-04-04 12:29:49]   Filtered (pos_encoder): 0
[2026-04-04 12:29:49]   Keys to load:           7
[2026-04-04 12:29:49]   Missing keys:           4
[2026-04-04 12:29:49]   Unexpected keys:        0
[2026-04-04 12:29:49]   Missing preview:        ['spatial_conv.1.weight', 'spatial_conv.1.bias', 'final_layer.1.weight', 'final_layer.1.bias']
[2026-04-04 12:29:49]   Unexpected preview:     []
[2026-04-04 12:30:04]   Fold 2/5 | best_epoch=128 | stop=178 | val_loss=0.9997 | acc=0.4750 | bal_acc=0.4750
[2026-04-04 12:30:04]     Train class counts: [32, 32, 32, 32]
[2026-04-04 12:30:04]     Val class counts:   [8, 8, 8, 8]
[2026-04-04 12:30:04]     Test class counts:  [10, 10, 10, 10]
[2026-04-04 12:30:04] Building model with input window duration: 4.1875 s
[2026-04-04 12:30:04] Pretrained weight loading:
[2026-04-04 12:30:04]   Downloaded keys:        179
[2026-04-04 12:30:04]   Filtered (transformer): 172
[2026-04-04 12:30:04]   Filtered (pos_encoder): 0
[2026-04-04 12:30:04]   Keys to load:           7
[2026-04-04 12:30:04]   Missing keys:           4
[2026-04-04 12:30:04]   Unexpected keys:        0
[2026-04-04 12:30:04]   Missing preview:        ['spatial_conv.1.weight', 'spatial_conv.1.bias', 'final_layer.1.weight', 'final_layer.1.bias']
[2026-04-04 12:30:04]   Unexpected preview:     []
[2026-04-04 12:30:08]   Fold 3/5 | best_epoch=3 | stop=53 | val_loss=1.3854 | acc=0.3750 | bal_acc=0.3750
[2026-04-04 12:30:08]     Train class counts: [32, 32, 32, 32]
[2026-04-04 12:30:08]     Val class counts:   [8, 8, 8, 8]
[2026-04-04 12:30:08]     Test class counts:  [10, 10, 10, 10]
[2026-04-04 12:30:08] Building model with input window duration: 4.1875 s
[2026-04-04 12:30:08] Pretrained weight loading:
[2026-04-04 12:30:08]   Downloaded keys:        179
[2026-04-04 12:30:08]   Filtered (transformer): 172
[2026-04-04 12:30:08]   Filtered (pos_encoder): 0
[2026-04-04 12:30:08]   Keys to load:           7
[2026-04-04 12:30:08]   Missing keys:           4
[2026-04-04 12:30:08]   Unexpected keys:        0
[2026-04-04 12:30:08]   Missing preview:        ['spatial_conv.1.weight', 'spatial_conv.1.bias', 'final_layer.1.weight', 'final_layer.1.bias']
[2026-04-04 12:30:08]   Unexpected preview:     []
[2026-04-04 12:30:19]   Fold 4/5 | best_epoch=85 | stop=135 | val_loss=1.0738 | acc=0.5500 | bal_acc=0.5500
[2026-04-04 12:30:19]     Train class counts: [32, 32, 32, 32]
[2026-04-04 12:30:19]     Val class counts:   [8, 8, 8, 8]
[2026-04-04 12:30:19]     Test class counts:  [10, 10, 10, 10]
[2026-04-04 12:30:19] Building model with input window duration: 4.1875 s
[2026-04-04 12:30:19] Pretrained weight loading:
[2026-04-04 12:30:19]   Downloaded keys:        179
[2026-04-04 12:30:19]   Filtered (transformer): 172
[2026-04-04 12:30:19]   Filtered (pos_encoder): 0
[2026-04-04 12:30:19]   Keys to load:           7
[2026-04-04 12:30:19]   Missing keys:           4
[2026-04-04 12:30:19]   Unexpected keys:        0
[2026-04-04 12:30:19]   Missing preview:        ['spatial_conv.1.weight', 'spatial_conv.1.bias', 'final_layer.1.weight', 'final_layer.1.bias']
[2026-04-04 12:30:19]   Unexpected preview:     []
[2026-04-04 12:30:35]   Fold 5/5 | best_epoch=139 | stop=189 | val_loss=1.2571 | acc=0.5000 | bal_acc=0.5000
[2026-04-04 12:30:35]   Subject 51 summary: acc=0.4550±0.0696  bal_acc=0.4550±0.0696

[2026-04-04 12:30:35] Subject 54: 200 windows | class_counts=[50, 50, 50, 50]
[2026-04-04 12:30:35]   Fold 1 class counts: train=[32, 32, 32, 32] val=[8, 8, 8, 8] test=[10, 10, 10, 10]
[2026-04-04 12:30:35]   Fold 2 class counts: train=[32, 32, 32, 32] val=[8, 8, 8, 8] test=[10, 10, 10, 10]
[2026-04-04 12:30:35]   Fold 3 class counts: train=[32, 32, 32, 32] val=[8, 8, 8, 8] test=[10, 10, 10, 10]
[2026-04-04 12:30:35]   Fold 4 class counts: train=[32, 32, 32, 32] val=[8, 8, 8, 8] test=[10, 10, 10, 10]
[2026-04-04 12:30:35]   Fold 5 class counts: train=[32, 32, 32, 32] val=[8, 8, 8, 8] test=[10, 10, 10, 10]
[2026-04-04 12:30:35]     Train class counts: [32, 32, 32, 32]
[2026-04-04 12:30:35]     Val class counts:   [8, 8, 8, 8]
[2026-04-04 12:30:35]     Test class counts:  [10, 10, 10, 10]
[2026-04-04 12:30:35] Building model with input window duration: 4.1875 s
[2026-04-04 12:30:35] Pretrained weight loading:
[2026-04-04 12:30:35]   Downloaded keys:        179
[2026-04-04 12:30:35]   Filtered (transformer): 172
[2026-04-04 12:30:35]   Filtered (pos_encoder): 0
[2026-04-04 12:30:35]   Keys to load:           7
[2026-04-04 12:30:35]   Missing keys:           4
[2026-04-04 12:30:35]   Unexpected keys:        0
[2026-04-04 12:30:35]   Missing preview:        ['spatial_conv.1.weight', 'spatial_conv.1.bias', 'final_layer.1.weight', 'final_layer.1.bias']
[2026-04-04 12:30:35]   Unexpected preview:     []
[2026-04-04 12:30:51]   Fold 1/5 | best_epoch=147 | stop=197 | val_loss=0.9633 | acc=0.7000 | bal_acc=0.7000
[2026-04-04 12:30:51]     Train class counts: [32, 32, 32, 32]
[2026-04-04 12:30:51]     Val class counts:   [8, 8, 8, 8]
[2026-04-04 12:30:51]     Test class counts:  [10, 10, 10, 10]
[2026-04-04 12:30:51] Building model with input window duration: 4.1875 s
[2026-04-04 12:30:51] Pretrained weight loading:
[2026-04-04 12:30:51]   Downloaded keys:        179
[2026-04-04 12:30:51]   Filtered (transformer): 172
[2026-04-04 12:30:51]   Filtered (pos_encoder): 0
[2026-04-04 12:30:51]   Keys to load:           7
[2026-04-04 12:30:51]   Missing keys:           4
[2026-04-04 12:30:51]   Unexpected keys:        0
[2026-04-04 12:30:51]   Missing preview:        ['spatial_conv.1.weight', 'spatial_conv.1.bias', 'final_layer.1.weight', 'final_layer.1.bias']
[2026-04-04 12:30:51]   Unexpected preview:     []
[2026-04-04 12:31:20]   Fold 2/5 | best_epoch=292 | stop=342 | val_loss=0.7915 | acc=0.6250 | bal_acc=0.6250
[2026-04-04 12:31:20]     Train class counts: [32, 32, 32, 32]
[2026-04-04 12:31:20]     Val class counts:   [8, 8, 8, 8]
[2026-04-04 12:31:20]     Test class counts:  [10, 10, 10, 10]
[2026-04-04 12:31:20] Building model with input window duration: 4.1875 s
[2026-04-04 12:31:20] Pretrained weight loading:
[2026-04-04 12:31:20]   Downloaded keys:        179
[2026-04-04 12:31:20]   Filtered (transformer): 172
[2026-04-04 12:31:20]   Filtered (pos_encoder): 0
[2026-04-04 12:31:20]   Keys to load:           7
[2026-04-04 12:31:20]   Missing keys:           4
[2026-04-04 12:31:20]   Unexpected keys:        0
[2026-04-04 12:31:20]   Missing preview:        ['spatial_conv.1.weight', 'spatial_conv.1.bias', 'final_layer.1.weight', 'final_layer.1.bias']
[2026-04-04 12:31:20]   Unexpected preview:     []
[2026-04-04 12:31:47]   Fold 3/5 | best_epoch=268 | stop=318 | val_loss=0.4257 | acc=0.6500 | bal_acc=0.6500
[2026-04-04 12:31:47]     Train class counts: [32, 32, 32, 32]
[2026-04-04 12:31:47]     Val class counts:   [8, 8, 8, 8]
[2026-04-04 12:31:47]     Test class counts:  [10, 10, 10, 10]
[2026-04-04 12:31:47] Building model with input window duration: 4.1875 s
[2026-04-04 12:31:47] Pretrained weight loading:
[2026-04-04 12:31:47]   Downloaded keys:        179
[2026-04-04 12:31:47]   Filtered (transformer): 172
[2026-04-04 12:31:47]   Filtered (pos_encoder): 0
[2026-04-04 12:31:47]   Keys to load:           7
[2026-04-04 12:31:47]   Missing keys:           4
[2026-04-04 12:31:47]   Unexpected keys:        0
[2026-04-04 12:31:47]   Missing preview:        ['spatial_conv.1.weight', 'spatial_conv.1.bias', 'final_layer.1.weight', 'final_layer.1.bias']
[2026-04-04 12:31:47]   Unexpected preview:     []
[2026-04-04 12:31:58]   Fold 4/5 | best_epoch=84 | stop=134 | val_loss=0.9725 | acc=0.6750 | bal_acc=0.6750
[2026-04-04 12:31:58]     Train class counts: [32, 32, 32, 32]
[2026-04-04 12:31:58]     Val class counts:   [8, 8, 8, 8]
[2026-04-04 12:31:58]     Test class counts:  [10, 10, 10, 10]
[2026-04-04 12:31:58] Building model with input window duration: 4.1875 s
[2026-04-04 12:31:58] Pretrained weight loading:
[2026-04-04 12:31:58]   Downloaded keys:        179
[2026-04-04 12:31:58]   Filtered (transformer): 172
[2026-04-04 12:31:58]   Filtered (pos_encoder): 0
[2026-04-04 12:31:58]   Keys to load:           7
[2026-04-04 12:31:58]   Missing keys:           4
[2026-04-04 12:31:58]   Unexpected keys:        0
[2026-04-04 12:31:58]   Missing preview:        ['spatial_conv.1.weight', 'spatial_conv.1.bias', 'final_layer.1.weight', 'final_layer.1.bias']
[2026-04-04 12:31:58]   Unexpected preview:     []
[2026-04-04 12:32:14]   Fold 5/5 | best_epoch=142 | stop=192 | val_loss=0.9153 | acc=0.6250 | bal_acc=0.6250
[2026-04-04 12:32:14]   Subject 54 summary: acc=0.6550±0.0292  bal_acc=0.6550±0.0292

[2026-04-04 12:32:14] Total folds completed: 10
[2026-04-04 12:32:14] ======================================================================
[2026-04-04 12:32:14] AGGREGATED RESULTS
[2026-04-04 12:32:14] ======================================================================
[2026-04-04 12:32:14]   Subject 51:  acc=0.4550±0.0696  bal_acc=0.4550±0.0696
[2026-04-04 12:32:14]   Subject 54:  acc=0.6550±0.0292  bal_acc=0.6550±0.0292
[2026-04-04 12:32:14] ----------------------------------------------------------------------
[2026-04-04 12:32:14]   OVERALL:      acc=0.5550±0.1134  bal_acc=0.5550±0.1134
[2026-04-04 12:32:14] ======================================================================
[2026-04-04 12:32:14] CV results saved to:      /Users/vadim/Documents/School/Spring 2026/CSCE A698 Individual Research/EEG_JEPA/artifacts/lee-2019-fine-tuning/SSVEP/20260404_1228_9461f36f/cv_results.json
[2026-04-04 12:32:14] Subject metrics saved to: /Users/vadim/Documents/School/Spring 2026/CSCE A698 Individual Research/EEG_JEPA/artifacts/lee-2019-fine-tuning/SSVEP/20260404_1228_9461f36f/subject_metrics.json
[2026-04-04 12:32:14] Global metrics saved to:  /Users/vadim/Documents/School/Spring 2026/CSCE A698 Individual Research/EEG_JEPA/artifacts/lee-2019-fine-tuning/SSVEP/20260404_1228_9461f36f/global_metrics.json
[2026-04-04 12:32:14] Run metadata saved to:    /Users/vadim/Documents/School/Spring 2026/CSCE A698 Individual Research/EEG_JEPA/artifacts/lee-2019-fine-tuning/SSVEP/20260404_1228_9461f36f/run_metadata.json

[2026-04-04 12:32:14] All artifacts in: /Users/vadim/Documents/School/Spring 2026/CSCE A698 Individual Research/EEG_JEPA/artifacts/lee-2019-fine-tuning/SSVEP/20260404_1228_9461f36f

[2026-04-04 12:32:14] ======================================================================
[2026-04-04 12:32:14] EXPERIMENT SUMMARY
[2026-04-04 12:32:14] ======================================================================
[2026-04-04 12:32:14] Run ID:    20260404_1228_9461f36f
[2026-04-04 12:32:14] Artifacts: /Users/vadim/Documents/School/Spring 2026/CSCE A698 Individual Research/EEG_JEPA/artifacts/lee-2019-fine-tuning/SSVEP/20260404_1228_9461f36f

[2026-04-04 12:32:14] Configuration:
[2026-04-04 12:32:14]   Subjects:          [51, 54]
[2026-04-04 12:32:14]   Bandpass:          0.5-40.0 Hz
[2026-04-04 12:32:14]   Resample:          128 Hz
[2026-04-04 12:32:14]   CV folds:          5
[2026-04-04 12:32:14]   Learning rate:     0.003
[2026-04-04 12:32:14]   Batch size:        16
[2026-04-04 12:32:14]   Max epochs:        5000

[2026-04-04 12:32:14] Results:
[2026-04-04 12:32:14]   Mean Accuracy:          0.5550 ± 0.1134
[2026-04-04 12:32:14]   Mean Balanced Accuracy: 0.5550 ± 0.1134
