[2026-04-01 09:48:00] Using device: cpu
[2026-04-01 09:48:00] Seed control enabled: True
[2026-04-01 09:48:00] Base seed: 1011
[2026-04-01 09:48:01] Seed initialized: 1011
[2026-04-01 09:48:01] ======================================================================
[2026-04-01 09:48:01] CONFIGURATION
[2026-04-01 09:48:01] ======================================================================
[2026-04-01 09:48:01]   artifact_dir: /home/vegorov/Repos/eeg_jepa_research/artifacts/lee-2019-fine-tuning
[2026-04-01 09:48:01]   bandpass_high: 40.0
[2026-04-01 09:48:01]   bandpass_low: 0.5
[2026-04-01 09:48:01]   batch_size: 16
[2026-04-01 09:48:01]   convert_to_uV: True
[2026-04-01 09:48:01]   cv_folds: 5
[2026-04-01 09:48:01]   device: auto
[2026-04-01 09:48:01]   early_stopping_patience: 50
[2026-04-01 09:48:01]   learning_rate: 0.001
[2026-04-01 09:48:01]   n_epochs: 5000
[2026-04-01 09:48:01]   normalization_method: None
[2026-04-01 09:48:01]   normalize: False
[2026-04-01 09:48:01]   paradigm: SSVEP
[2026-04-01 09:48:01]   pretrained_url: https://huggingface.co/braindecode/SignalJEPA/resolve/main/signal-jepa_16s-60_adeuwv4s.pth
[2026-04-01 09:48:01]   seed: 1011
[2026-04-01 09:48:01]   set_seed: True
[2026-04-01 09:48:01]   sfreq: 128
[2026-04-01 09:48:01]   subjects_to_use: [51]
[2026-04-01 09:48:01]   val_split: 0.2
[2026-04-01 09:48:01] ======================================================================
[2026-04-01 09:48:01] Config saved to: /home/vegorov/Repos/eeg_jepa_research/artifacts/lee-2019-fine-tuning/SSVEP/20260401_0948_b98bd8d9/config.json
[2026-04-01 09:48:01] Epoch window configuration:
[2026-04-01 09:48:01]   Target sfreq:                128 Hz
[2026-04-01 09:48:01]   Target duration:             4.190000 s
[2026-04-01 09:48:01]   Window samples (rounded):    536
[2026-04-01 09:48:01]   Base trial samples (4.0 s):  512
[2026-04-01 09:48:01]   Trial stop offset samples:   24
[2026-04-01 09:48:01]   Effective window duration:   4.187500 s
[2026-04-01 09:48:01] Using specified subjects from config: [51]
[2026-04-01 09:48:01] Selected subjects: [51]
[2026-04-01 09:48:01] Expected evaluation folds: 5

[2026-04-01 09:48:01] Building MOABBDataset for Lee2019_SSVEP...
[2026-04-01 09:48:09] MOABBDataset recordings loaded: 1
[2026-04-01 09:48:09] Discovered annotation descriptions (first recording): [np.str_('12.0'), np.str_('5.45'), np.str_('6.67'), np.str_('8.57')]
[2026-04-01 09:48:09] Dataset event_id mapping: {'12.0': 1, '8.57': 2, '6.67': 3, '5.45': 4}
[2026-04-01 09:48:09] Label map (event_code -> class_index): {1: 0, 2: 1, 3: 2, 4: 3}
[2026-04-01 09:48:09] Applying Braindecode preprocessors to MOABBDataset...
[2026-04-01 09:48:12] Preprocessing complete.

[2026-04-01 09:48:12] Post-preprocessing validation
[2026-04-01 09:48:12]   Recordings in DATASET: 1
[2026-04-01 09:48:12]   Unique subject IDs:    ['51']
[2026-04-01 09:48:12]   sfreq (first rec):     128.0 Hz
[2026-04-01 09:48:12]   EEG channel count:     62
[2026-04-01 09:48:12]   First 10 channels:     ['Fp1', 'Fp2', 'F7', 'F3', 'Fz', 'F4', 'F8', 'FC5', 'FC1', 'FC2']
[2026-04-01 09:48:12] Channel consistency summary:
[2026-04-01 09:48:12]   Checked runs: 1
[2026-04-01 09:48:12]   Unique channel counts: [62]
[2026-04-01 09:48:12]   Channel order consistent: True
[2026-04-01 09:48:12] Validated EEG channels: 62
[2026-04-01 09:48:12] First 10 EEG channels: ['Fp1', 'Fp2', 'F7', 'F3', 'Fz', 'F4', 'F8', 'FC5', 'FC1', 'FC2']
[2026-04-01 09:48:12] raw mean_abs=8.654730e+00
[2026-04-01 09:48:12] raw std=3.494582e+01
[2026-04-01 09:48:12] raw first5 channel std= [46.22404553 54.63339771 16.95830183 13.82897057 11.24366025]
[2026-04-01 09:48:12] Requested window samples: 536
[2026-04-01 09:48:12] Base trial samples:       512
[2026-04-01 09:48:12] Stop offset samples:      24
[2026-04-01 09:48:12] Global class counts: [25, 25, 25, 25]
[2026-04-01 09:48:12] Chance level (4-class): 0.25
[2026-04-01 09:48:12] One window shape: (62, 536)
[2026-04-01 09:48:12] One window label: 1
[2026-04-01 09:48:12] Window sample length expected=536, got=536
[2026-04-01 09:48:12] Subjects in window split: [51]
[2026-04-01 09:48:12] Summarizing per-subject windows...
[2026-04-01 09:48:12]   Subject 51: n_windows=100, window_shape=(62, 536), class_counts=[25, 25, 25, 25]
[2026-04-01 09:48:12]    subject_id  n_windows  n_channels  n_times      class_counts
0          51        100          62      536  [25, 25, 25, 25]
[2026-04-01 09:48:12] Window validation summary:
[2026-04-01 09:48:12]   Subject 51: n_windows=100 class_counts=[25, 25, 25, 25]

[2026-04-01 09:48:12] Validated sampling rate target: 128 Hz
[2026-04-01 09:48:12] Validated window sample count:   536
[2026-04-01 09:48:12] Validated window duration:       4.1875 s
[2026-04-01 09:48:12] Validated channel count:         62
[2026-04-01 09:48:12] Total windows retained:          100
[2026-04-01 09:48:12] Preprocessing sanity checks:
[2026-04-01 09:48:12]   One sample label: 1
[2026-04-01 09:48:12]   One sample shape: (62, 536)
[2026-04-01 09:48:12]   Mean(abs(signal)): 4.094026e+00
[2026-04-01 09:48:12]   Mean(signal):      7.346552e-09
[2026-04-01 09:48:12]   Std(signal):       5.860601e+00
[2026-04-01 09:48:12] Building model with input window duration: 4.1875 s
[2026-04-01 09:48:12] SignalJEPA_PreLocal instantiated successfully.
[2026-04-01 09:48:12]   Total parameters:     18,192
[2026-04-01 09:48:12]   Trainable parameters: 18,192
[2026-04-01 09:48:12] ======================================================================================================================================================
Layer (type (var_name):depth-idx)                  Input Shape               Output Shape              Param #                   Kernel Shape
======================================================================================================================================================
SignalJEPA_PreLocal (SignalJEPA_PreLocal)          [1, 62, 536]              [1, 4]                    --                        --
├─Sequential (spatial_conv): 1-1                   [1, 62, 536]              [1, 4, 536]               --                        --
│    └─Rearrange (0): 2-1                          [1, 62, 536]              [1, 1, 62, 536]           --                        --
│    └─Conv2d (1): 2-2                             [1, 1, 62, 536]           [1, 4, 1, 536]            252                       [62, 1]
│    └─Rearrange (2): 2-3                          [1, 4, 1, 536]            [1, 4, 536]               --                        --
├─_ConvFeatureEncoder (feature_encoder): 1-2       [1, 4, 536]               [1, 16, 64]               --                        --
│    └─Rearrange (0): 2-4                          [1, 4, 536]               [4, 1, 536]               --                        --
│    └─Sequential (1): 2-5                         [4, 1, 536]               [4, 8, 64]                --                        --
│    │    └─Conv1d (0): 3-1                        [4, 1, 536]               [4, 8, 64]                256                       [32]
│    │    └─Dropout (1): 3-2                       [4, 8, 64]                [4, 8, 64]                --                        --
│    │    └─GroupNorm (2): 3-3                     [4, 8, 64]                [4, 8, 64]                16                        --
│    │    └─GELU (3): 3-4                          [4, 8, 64]                [4, 8, 64]                --                        --
│    └─Sequential (2): 2-6                         [4, 8, 64]                [4, 16, 32]               --                        --
│    │    └─Conv1d (0): 3-5                        [4, 8, 64]                [4, 16, 32]               256                       [2]
│    │    └─Dropout (1): 3-6                       [4, 16, 32]               [4, 16, 32]               --                        --
│    │    └─GELU (2): 3-7                          [4, 16, 32]               [4, 16, 32]               --                        --
│    └─Sequential (3): 2-7                         [4, 16, 32]               [4, 32, 16]               --                        --
│    │    └─Conv1d (0): 3-8                        [4, 16, 32]               [4, 32, 16]               1,024                     [2]
│    │    └─Dropout (1): 3-9                       [4, 32, 16]               [4, 32, 16]               --                        --
│    │    └─GELU (2): 3-10                         [4, 32, 16]               [4, 32, 16]               --                        --
│    └─Sequential (4): 2-8                         [4, 32, 16]               [4, 64, 8]                --                        --
│    │    └─Conv1d (0): 3-11                       [4, 32, 16]               [4, 64, 8]                4,096                     [2]
│    │    └─Dropout (1): 3-12                      [4, 64, 8]                [4, 64, 8]                --                        --
│    │    └─GELU (2): 3-13                         [4, 64, 8]                [4, 64, 8]                --                        --
│    └─Sequential (5): 2-9                         [4, 64, 8]                [4, 64, 4]                --                        --
│    │    └─Conv1d (0): 3-14                       [4, 64, 8]                [4, 64, 4]                8,192                     [2]
│    │    └─Dropout (1): 3-15                      [4, 64, 4]                [4, 64, 4]                --                        --
│    │    └─GELU (2): 3-16                         [4, 64, 4]                [4, 64, 4]                --                        --
│    └─Rearrange (6): 2-10                         [4, 64, 4]                [1, 16, 64]               --                        --
├─Sequential (final_layer): 1-3                    [1, 16, 64]               [1, 4]                    --                        --
│    └─Flatten (0): 2-11                           [1, 16, 64]               [1, 1024]                 --                        --
│    └─Linear (1): 2-12                            [1, 1024]                 [1, 4]                    4,100                     --
======================================================================================================================================================
Total params: 18,192
Trainable params: 18,192
Non-trainable params: 0
Total mult-adds (Units.MEGABYTES): 0.57
======================================================================================================================================================
Input size (MB): 0.13
Forward/backward pass size (MB): 0.11
Params size (MB): 0.07
Estimated Total Size (MB): 0.31
======================================================================================================================================================
[2026-04-01 09:48:12] Initializing from 16s-60 pretrained checkpoint (Hugging Face):
[2026-04-01 09:48:12]   https://huggingface.co/braindecode/SignalJEPA/resolve/main/signal-jepa_16s-60_adeuwv4s.pth
[2026-04-01 09:48:12]   Downloaded 179 keys
[2026-04-01 09:48:13] ======================================================================
[2026-04-01 09:48:13] STARTING CROSS-VALIDATION
[2026-04-01 09:48:13] ======================================================================
[2026-04-01 09:48:13] Subjects:      [51]
[2026-04-01 09:48:13] CV folds:      5
[2026-04-01 09:48:13] Batch size:    16
[2026-04-01 09:48:13] Max epochs:    5000
[2026-04-01 09:48:13] Device:        cpu
[2026-04-01 09:48:13] Seed control:  True
[2026-04-01 09:48:13] Base seed:     1011
[2026-04-01 09:48:13] ======================================================================

[2026-04-01 09:48:13] Subject 51: 100 windows class_counts=[25, 25, 25, 25]
[2026-04-01 09:48:13]   Fold 1 split seed: 1012
[2026-04-01 09:48:13]   Fold 1 split class counts:
[2026-04-01 09:48:13]     train=[16, 16, 16, 16] val=[4, 4, 4, 4] test=[5, 5, 5, 5]
[2026-04-01 09:48:13]   Fold 2 split seed: 1013
[2026-04-01 09:48:13]   Fold 2 split class counts:
[2026-04-01 09:48:13]     train=[16, 16, 16, 16] val=[4, 4, 4, 4] test=[5, 5, 5, 5]
[2026-04-01 09:48:13]   Fold 3 split seed: 1014
[2026-04-01 09:48:13]   Fold 3 split class counts:
[2026-04-01 09:48:13]     train=[16, 16, 16, 16] val=[4, 4, 4, 4] test=[5, 5, 5, 5]
[2026-04-01 09:48:13]   Fold 4 split seed: 1015
[2026-04-01 09:48:13]   Fold 4 split class counts:
[2026-04-01 09:48:13]     train=[16, 16, 16, 16] val=[4, 4, 4, 4] test=[5, 5, 5, 5]
[2026-04-01 09:48:13]   Fold 5 split seed: 1016
[2026-04-01 09:48:13]   Fold 5 split class counts:
[2026-04-01 09:48:13]     train=[16, 16, 16, 16] val=[4, 4, 4, 4] test=[5, 5, 5, 5]
[2026-04-01 09:48:13]   Subject 51 Fold 1 seed: 6112
[2026-04-01 09:48:13]   Subject 51 Fold 1: n_train=64 n_val=16 n_test=20
[2026-04-01 09:48:13]     Train class counts: [16, 16, 16, 16]
[2026-04-01 09:48:13]     Val class counts:   [4, 4, 4, 4]
[2026-04-01 09:48:13]     Test class counts:  [5, 5, 5, 5]
[2026-04-01 09:48:13] Building model with input window duration: 4.1875 s
[2026-04-01 09:48:13] Pretrained weight loading:
[2026-04-01 09:48:13]   Downloaded keys:        179
[2026-04-01 09:48:13]   Filtered (transformer): 172
[2026-04-01 09:48:13]   Filtered (pos_encoder): 0
[2026-04-01 09:48:13]   Keys to load:           7
[2026-04-01 09:48:13]   Missing keys:           4
[2026-04-01 09:48:13]   Unexpected keys:        0
[2026-04-01 09:48:13]   Missing preview:        ['spatial_conv.1.weight', 'spatial_conv.1.bias', 'final_layer.1.weight', 'final_layer.1.bias']
[2026-04-01 09:48:13]   Unexpected preview:     []
[2026-04-01 09:48:13] Encoder freeze configuration:
[2026-04-01 09:48:13]   Total parameters:        18,192
[2026-04-01 09:48:13]   Trainable parameters:    4,352
[2026-04-01 09:48:13]   Training percentage:     23.9%
[2026-04-01 09:48:13]   Trainable layers: 4
[2026-04-01 09:48:13]     - final_layer.1.bias
[2026-04-01 09:48:13]     - final_layer.1.weight
[2026-04-01 09:48:13]     - spatial_conv.1.bias
[2026-04-01 09:48:13]     - spatial_conv.1.weight
[2026-04-01 09:48:13]     Train generator seeded: True
[2026-04-01 09:48:14]     Stopped epoch:            85
[2026-04-01 09:48:14]     Best epoch (valid_loss):  35
[2026-04-01 09:48:14]     Best valid_loss:          1.380828857421875
[2026-04-01 09:48:14]     Test accuracy (primary):  0.2500
[2026-04-01 09:48:14]     Test balanced acc:        0.2500
[2026-04-01 09:48:14]     Confusion matrix:         [[1, 1, 2, 1], [0, 2, 1, 2], [2, 1, 1, 1], [2, 1, 1, 1]]
[2026-04-01 09:48:14]     Prediction histogram:     [5, 5, 5, 5]
[2026-04-01 09:48:14]     fold_acc=0.2500 fold_bal_acc=0.2500 cm=[[1, 1, 2, 1], [0, 2, 1, 2], [2, 1, 1, 1], [2, 1, 1, 1]]
[2026-04-01 09:48:14]   Subject 51 Fold 2 seed: 6113
[2026-04-01 09:48:14]   Subject 51 Fold 2: n_train=64 n_val=16 n_test=20
[2026-04-01 09:48:14]     Train class counts: [16, 16, 16, 16]
[2026-04-01 09:48:14]     Val class counts:   [4, 4, 4, 4]
[2026-04-01 09:48:14]     Test class counts:  [5, 5, 5, 5]
[2026-04-01 09:48:14] Building model with input window duration: 4.1875 s
[2026-04-01 09:48:14] Pretrained weight loading:
[2026-04-01 09:48:14]   Downloaded keys:        179
[2026-04-01 09:48:14]   Filtered (transformer): 172
[2026-04-01 09:48:14]   Filtered (pos_encoder): 0
[2026-04-01 09:48:14]   Keys to load:           7
[2026-04-01 09:48:14]   Missing keys:           4
[2026-04-01 09:48:14]   Unexpected keys:        0
[2026-04-01 09:48:14]   Missing preview:        ['spatial_conv.1.weight', 'spatial_conv.1.bias', 'final_layer.1.weight', 'final_layer.1.bias']
[2026-04-01 09:48:14]   Unexpected preview:     []
[2026-04-01 09:48:14] Encoder freeze configuration:
[2026-04-01 09:48:14]   Total parameters:        18,192
[2026-04-01 09:48:14]   Trainable parameters:    4,352
[2026-04-01 09:48:14]   Training percentage:     23.9%
[2026-04-01 09:48:14]   Trainable layers: 4
[2026-04-01 09:48:14]     - final_layer.1.bias
[2026-04-01 09:48:14]     - final_layer.1.weight
[2026-04-01 09:48:14]     - spatial_conv.1.bias
[2026-04-01 09:48:14]     - spatial_conv.1.weight
[2026-04-01 09:48:14]     Train generator seeded: True
[2026-04-01 09:48:14]     Stopped epoch:            51
[2026-04-01 09:48:14]     Best epoch (valid_loss):  1
[2026-04-01 09:48:14]     Best valid_loss:          1.3870124816894531
[2026-04-01 09:48:14]     Test accuracy (primary):  0.2500
[2026-04-01 09:48:14]     Test balanced acc:        0.2500
[2026-04-01 09:48:14]     Confusion matrix:         [[0, 0, 5, 0], [0, 0, 5, 0], [0, 0, 5, 0], [1, 0, 4, 0]]
[2026-04-01 09:48:14]     Prediction histogram:     [1, 0, 19, 0]
[2026-04-01 09:48:14]     fold_acc=0.2500 fold_bal_acc=0.2500 cm=[[0, 0, 5, 0], [0, 0, 5, 0], [0, 0, 5, 0], [1, 0, 4, 0]]
[2026-04-01 09:48:14]   Subject 51 Fold 3 seed: 6114
[2026-04-01 09:48:14]   Subject 51 Fold 3: n_train=64 n_val=16 n_test=20
[2026-04-01 09:48:14]     Train class counts: [16, 16, 16, 16]
[2026-04-01 09:48:14]     Val class counts:   [4, 4, 4, 4]
[2026-04-01 09:48:14]     Test class counts:  [5, 5, 5, 5]
[2026-04-01 09:48:14] Building model with input window duration: 4.1875 s
[2026-04-01 09:48:14] Pretrained weight loading:
[2026-04-01 09:48:14]   Downloaded keys:        179
[2026-04-01 09:48:14]   Filtered (transformer): 172
[2026-04-01 09:48:14]   Filtered (pos_encoder): 0
[2026-04-01 09:48:14]   Keys to load:           7
[2026-04-01 09:48:14]   Missing keys:           4
[2026-04-01 09:48:14]   Unexpected keys:        0
[2026-04-01 09:48:14]   Missing preview:        ['spatial_conv.1.weight', 'spatial_conv.1.bias', 'final_layer.1.weight', 'final_layer.1.bias']
[2026-04-01 09:48:14]   Unexpected preview:     []
[2026-04-01 09:48:14] Encoder freeze configuration:
[2026-04-01 09:48:14]   Total parameters:        18,192
[2026-04-01 09:48:14]   Trainable parameters:    4,352
[2026-04-01 09:48:14]   Training percentage:     23.9%
[2026-04-01 09:48:14]   Trainable layers: 4
[2026-04-01 09:48:14]     - final_layer.1.bias
[2026-04-01 09:48:14]     - final_layer.1.weight
[2026-04-01 09:48:14]     - spatial_conv.1.bias
[2026-04-01 09:48:14]     - spatial_conv.1.weight
[2026-04-01 09:48:14]     Train generator seeded: True
[2026-04-01 09:48:16]     Stopped epoch:            94
[2026-04-01 09:48:16]     Best epoch (valid_loss):  45
[2026-04-01 09:48:16]     Best valid_loss:          1.3523510694503784
[2026-04-01 09:48:16]     Test accuracy (primary):  0.1500
[2026-04-01 09:48:16]     Test balanced acc:        0.1500
[2026-04-01 09:48:16]     Confusion matrix:         [[1, 2, 1, 1], [1, 0, 4, 0], [0, 1, 1, 3], [2, 0, 2, 1]]
[2026-04-01 09:48:16]     Prediction histogram:     [4, 3, 8, 5]
[2026-04-01 09:48:16]     fold_acc=0.1500 fold_bal_acc=0.1500 cm=[[1, 2, 1, 1], [1, 0, 4, 0], [0, 1, 1, 3], [2, 0, 2, 1]]
[2026-04-01 09:48:16]   Subject 51 Fold 4 seed: 6115
[2026-04-01 09:48:16]   Subject 51 Fold 4: n_train=64 n_val=16 n_test=20
[2026-04-01 09:48:16]     Train class counts: [16, 16, 16, 16]
[2026-04-01 09:48:16]     Val class counts:   [4, 4, 4, 4]
[2026-04-01 09:48:16]     Test class counts:  [5, 5, 5, 5]
[2026-04-01 09:48:16] Building model with input window duration: 4.1875 s
[2026-04-01 09:48:16] Pretrained weight loading:
[2026-04-01 09:48:16]   Downloaded keys:        179
[2026-04-01 09:48:16]   Filtered (transformer): 172
[2026-04-01 09:48:16]   Filtered (pos_encoder): 0
[2026-04-01 09:48:16]   Keys to load:           7
[2026-04-01 09:48:16]   Missing keys:           4
[2026-04-01 09:48:16]   Unexpected keys:        0
[2026-04-01 09:48:16]   Missing preview:        ['spatial_conv.1.weight', 'spatial_conv.1.bias', 'final_layer.1.weight', 'final_layer.1.bias']
[2026-04-01 09:48:16]   Unexpected preview:     []
[2026-04-01 09:48:16] Encoder freeze configuration:
[2026-04-01 09:48:16]   Total parameters:        18,192
[2026-04-01 09:48:16]   Trainable parameters:    4,352
[2026-04-01 09:48:16]   Training percentage:     23.9%
[2026-04-01 09:48:16]   Trainable layers: 4
[2026-04-01 09:48:16]     - final_layer.1.bias
[2026-04-01 09:48:16]     - final_layer.1.weight
[2026-04-01 09:48:16]     - spatial_conv.1.bias
[2026-04-01 09:48:16]     - spatial_conv.1.weight
[2026-04-01 09:48:16]     Train generator seeded: True
[2026-04-01 09:48:17]     Stopped epoch:            85
[2026-04-01 09:48:17]     Best epoch (valid_loss):  35
[2026-04-01 09:48:17]     Best valid_loss:          1.3688173294067383
[2026-04-01 09:48:17]     Test accuracy (primary):  0.2000
[2026-04-01 09:48:17]     Test balanced acc:        0.2000
[2026-04-01 09:48:17]     Confusion matrix:         [[3, 1, 0, 1], [3, 0, 2, 0], [3, 1, 1, 0], [0, 4, 1, 0]]
[2026-04-01 09:48:17]     Prediction histogram:     [9, 6, 4, 1]
[2026-04-01 09:48:17]     fold_acc=0.2000 fold_bal_acc=0.2000 cm=[[3, 1, 0, 1], [3, 0, 2, 0], [3, 1, 1, 0], [0, 4, 1, 0]]
[2026-04-01 09:48:17]   Subject 51 Fold 5 seed: 6116
[2026-04-01 09:48:17]   Subject 51 Fold 5: n_train=64 n_val=16 n_test=20
[2026-04-01 09:48:17]     Train class counts: [16, 16, 16, 16]
[2026-04-01 09:48:17]     Val class counts:   [4, 4, 4, 4]
[2026-04-01 09:48:17]     Test class counts:  [5, 5, 5, 5]
[2026-04-01 09:48:17] Building model with input window duration: 4.1875 s
[2026-04-01 09:48:17] Pretrained weight loading:
[2026-04-01 09:48:17]   Downloaded keys:        179
[2026-04-01 09:48:17]   Filtered (transformer): 172
[2026-04-01 09:48:17]   Filtered (pos_encoder): 0
[2026-04-01 09:48:17]   Keys to load:           7
[2026-04-01 09:48:17]   Missing keys:           4
[2026-04-01 09:48:17]   Unexpected keys:        0
[2026-04-01 09:48:17]   Missing preview:        ['spatial_conv.1.weight', 'spatial_conv.1.bias', 'final_layer.1.weight', 'final_layer.1.bias']
[2026-04-01 09:48:17]   Unexpected preview:     []
[2026-04-01 09:48:17] Encoder freeze configuration:
[2026-04-01 09:48:17]   Total parameters:        18,192
[2026-04-01 09:48:17]   Trainable parameters:    4,352
[2026-04-01 09:48:17]   Training percentage:     23.9%
[2026-04-01 09:48:17]   Trainable layers: 4
[2026-04-01 09:48:17]     - final_layer.1.bias
[2026-04-01 09:48:17]     - final_layer.1.weight
[2026-04-01 09:48:17]     - spatial_conv.1.bias
[2026-04-01 09:48:17]     - spatial_conv.1.weight
[2026-04-01 09:48:17]     Train generator seeded: True
[2026-04-01 09:48:17]     Stopped epoch:            51
[2026-04-01 09:48:17]     Best epoch (valid_loss):  1
[2026-04-01 09:48:17]     Best valid_loss:          1.3879324197769165
[2026-04-01 09:48:17]     Test accuracy (primary):  0.2000
[2026-04-01 09:48:17]     Test balanced acc:        0.2000
[2026-04-01 09:48:17]     Confusion matrix:         [[3, 0, 1, 1], [5, 0, 0, 0], [4, 0, 0, 1], [4, 0, 0, 1]]
[2026-04-01 09:48:17]     Prediction histogram:     [16, 0, 1, 3]
[2026-04-01 09:48:17]     fold_acc=0.2000 fold_bal_acc=0.2000 cm=[[3, 0, 1, 1], [5, 0, 0, 0], [4, 0, 0, 1], [4, 0, 0, 1]]
[2026-04-01 09:48:17]   Subject 51 mean accuracy: 0.2100

[2026-04-01 09:48:17] Total folds completed: 5
[2026-04-01 09:48:17] ======================================================================
[2026-04-01 09:48:17] AGGREGATED RESULTS
[2026-04-01 09:48:17] ======================================================================
[2026-04-01 09:48:17]   Subject 51:  acc=0.2100±0.0374  bal_acc=0.2100±0.0374
[2026-04-01 09:48:17] ----------------------------------------------------------------------
[2026-04-01 09:48:17]   OVERALL:      acc=0.2100±0.0374  bal_acc=0.2100±0.0374
[2026-04-01 09:48:17] ======================================================================
[2026-04-01 09:48:17] CV results saved to:      /home/vegorov/Repos/eeg_jepa_research/artifacts/lee-2019-fine-tuning/SSVEP/20260401_0948_b98bd8d9/cv_results.json
[2026-04-01 09:48:17] Subject metrics saved to: /home/vegorov/Repos/eeg_jepa_research/artifacts/lee-2019-fine-tuning/SSVEP/20260401_0948_b98bd8d9/subject_metrics.json
[2026-04-01 09:48:17] Global metrics saved to:  /home/vegorov/Repos/eeg_jepa_research/artifacts/lee-2019-fine-tuning/SSVEP/20260401_0948_b98bd8d9/global_metrics.json
[2026-04-01 09:48:17] Run metadata saved to:    /home/vegorov/Repos/eeg_jepa_research/artifacts/lee-2019-fine-tuning/SSVEP/20260401_0948_b98bd8d9/run_metadata.json

[2026-04-01 09:48:17] All artifacts in: /home/vegorov/Repos/eeg_jepa_research/artifacts/lee-2019-fine-tuning/SSVEP/20260401_0948_b98bd8d9

[2026-04-01 09:48:17] ======================================================================
[2026-04-01 09:48:17] EXPERIMENT SUMMARY
[2026-04-01 09:48:17] ======================================================================
[2026-04-01 09:48:17] Run ID:    20260401_0948_b98bd8d9
[2026-04-01 09:48:17] Artifacts: /home/vegorov/Repos/eeg_jepa_research/artifacts/lee-2019-fine-tuning/SSVEP/20260401_0948_b98bd8d9

[2026-04-01 09:48:17] Configuration:
[2026-04-01 09:48:17]   Subjects:          [51]
[2026-04-01 09:48:17]   Bandpass:          0.5-40.0 Hz
[2026-04-01 09:48:17]   Resample:          128 Hz
[2026-04-01 09:48:17]   CV folds:          5
[2026-04-01 09:48:17]   Learning rate:     0.001
[2026-04-01 09:48:17]   Batch size:        16
[2026-04-01 09:48:17]   Max epochs:        5000

[2026-04-01 09:48:17] Results:
[2026-04-01 09:48:17]   Mean Accuracy:          0.2100 ± 0.0374
[2026-04-01 09:48:17]   Mean Balanced Accuracy: 0.2100 ± 0.0374
