[2026-04-01 10:19:31] Using device: cpu
[2026-04-01 10:19:31] Seed control enabled: True
[2026-04-01 10:19:31] Base seed: 4023
[2026-04-01 10:19:32] Seed initialized: 4023
[2026-04-01 10:19:32] ======================================================================
[2026-04-01 10:19:32] CONFIGURATION
[2026-04-01 10:19:32] ======================================================================
[2026-04-01 10:19:32]   artifact_dir: /home/vegorov/Repos/eeg_jepa_research/artifacts/lee-2019-fine-tuning
[2026-04-01 10:19:32]   bandpass_high: 40.0
[2026-04-01 10:19:32]   bandpass_low: 0.5
[2026-04-01 10:19:32]   batch_size: 16
[2026-04-01 10:19:32]   convert_to_uV: True
[2026-04-01 10:19:32]   cv_folds: 5
[2026-04-01 10:19:32]   device: auto
[2026-04-01 10:19:32]   early_stopping_patience: 30
[2026-04-01 10:19:32]   learning_rate: 0.001
[2026-04-01 10:19:32]   n_epochs: 5000
[2026-04-01 10:19:32]   normalization_method: None
[2026-04-01 10:19:32]   normalize: False
[2026-04-01 10:19:32]   paradigm: SSVEP
[2026-04-01 10:19:32]   pretrained_url: https://huggingface.co/braindecode/SignalJEPA/resolve/main/signal-jepa_16s-60_adeuwv4s.pth
[2026-04-01 10:19:32]   seed: 4023
[2026-04-01 10:19:32]   set_seed: True
[2026-04-01 10:19:32]   sfreq: 128
[2026-04-01 10:19:32]   subjects_to_use: [51]
[2026-04-01 10:19:32]   val_split: 0.25
[2026-04-01 10:19:32] ======================================================================
[2026-04-01 10:19:32] Config saved to: /home/vegorov/Repos/eeg_jepa_research/artifacts/lee-2019-fine-tuning/SSVEP/20260401_1019_a80b322a/config.json
[2026-04-01 10:19:32] Epoch window configuration:
[2026-04-01 10:19:32]   Target sfreq:                128 Hz
[2026-04-01 10:19:32]   Target duration:             4.190000 s
[2026-04-01 10:19:32]   Window samples (rounded):    536
[2026-04-01 10:19:32]   Base trial samples (4.0 s):  512
[2026-04-01 10:19:32]   Trial stop offset samples:   24
[2026-04-01 10:19:32]   Effective window duration:   4.187500 s
[2026-04-01 10:19:32] Using specified subjects from config: [51]
[2026-04-01 10:19:32] Selected subjects: [51]
[2026-04-01 10:19:32] Expected evaluation folds: 5

[2026-04-01 10:19:32] Building MOABBDataset for Lee2019_SSVEP...
[2026-04-01 10:19:40] MOABBDataset recordings loaded: 1
[2026-04-01 10:19:40] Discovered annotation descriptions (first recording): [np.str_('12.0'), np.str_('5.45'), np.str_('6.67'), np.str_('8.57')]
[2026-04-01 10:19:40] Dataset event_id mapping: {'12.0': 1, '8.57': 2, '6.67': 3, '5.45': 4}
[2026-04-01 10:19:40] Label map (event_code -> class_index): {1: 0, 2: 1, 3: 2, 4: 3}
[2026-04-01 10:19:40] Applying Braindecode preprocessors to MOABBDataset...
[2026-04-01 10:19:43] Preprocessing complete.

[2026-04-01 10:19:43] Post-preprocessing validation
[2026-04-01 10:19:43]   Recordings in DATASET: 1
[2026-04-01 10:19:43]   Unique subject IDs:    ['51']
[2026-04-01 10:19:43]   sfreq (first rec):     128.0 Hz
[2026-04-01 10:19:43]   EEG channel count:     62
[2026-04-01 10:19:43]   First 10 channels:     ['Fp1', 'Fp2', 'F7', 'F3', 'Fz', 'F4', 'F8', 'FC5', 'FC1', 'FC2']
[2026-04-01 10:19:43] Channel consistency summary:
[2026-04-01 10:19:43]   Checked runs: 1
[2026-04-01 10:19:43]   Unique channel counts: [62]
[2026-04-01 10:19:43]   Channel order consistent: True
[2026-04-01 10:19:43] Validated EEG channels: 62
[2026-04-01 10:19:43] First 10 EEG channels: ['Fp1', 'Fp2', 'F7', 'F3', 'Fz', 'F4', 'F8', 'FC5', 'FC1', 'FC2']
[2026-04-01 10:19:43] raw mean_abs=8.654730e+00
[2026-04-01 10:19:43] raw std=3.494582e+01
[2026-04-01 10:19:43] raw first5 channel std= [46.22404553 54.63339771 16.95830183 13.82897057 11.24366025]
[2026-04-01 10:19:43] Requested window samples: 536
[2026-04-01 10:19:43] Base trial samples:       512
[2026-04-01 10:19:43] Stop offset samples:      24
[2026-04-01 10:19:43] Global class counts: [25, 25, 25, 25]
[2026-04-01 10:19:43] Chance level (4-class): 0.25
[2026-04-01 10:19:43] One window shape: (62, 536)
[2026-04-01 10:19:43] One window label: 1
[2026-04-01 10:19:43] Window sample length expected=536, got=536
[2026-04-01 10:19:43] Subjects in window split: [51]
[2026-04-01 10:19:43] Summarizing per-subject windows...
[2026-04-01 10:19:43]   Subject 51: n_windows=100, window_shape=(62, 536), class_counts=[25, 25, 25, 25]
[2026-04-01 10:19:43]    subject_id  n_windows  n_channels  n_times      class_counts
0          51        100          62      536  [25, 25, 25, 25]
[2026-04-01 10:19:43] Window validation summary:
[2026-04-01 10:19:43]   Subject 51: n_windows=100 class_counts=[25, 25, 25, 25]

[2026-04-01 10:19:43] Validated sampling rate target: 128 Hz
[2026-04-01 10:19:43] Validated window sample count:   536
[2026-04-01 10:19:43] Validated window duration:       4.1875 s
[2026-04-01 10:19:43] Validated channel count:         62
[2026-04-01 10:19:43] Total windows retained:          100
[2026-04-01 10:19:43] Preprocessing sanity checks:
[2026-04-01 10:19:43]   One sample label: 1
[2026-04-01 10:19:43]   One sample shape: (62, 536)
[2026-04-01 10:19:43]   Mean(abs(signal)): 4.094026e+00
[2026-04-01 10:19:43]   Mean(signal):      7.346552e-09
[2026-04-01 10:19:43]   Std(signal):       5.860601e+00
[2026-04-01 10:19:43] Building model with input window duration: 4.1875 s
[2026-04-01 10:19:43] SignalJEPA_PreLocal instantiated successfully.
[2026-04-01 10:19:43]   Total parameters:     18,192
[2026-04-01 10:19:43]   Trainable parameters: 18,192
[2026-04-01 10:19:43] ======================================================================================================================================================
Layer (type (var_name):depth-idx)                  Input Shape               Output Shape              Param #                   Kernel Shape
======================================================================================================================================================
SignalJEPA_PreLocal (SignalJEPA_PreLocal)          [1, 62, 536]              [1, 4]                    --                        --
├─Sequential (spatial_conv): 1-1                   [1, 62, 536]              [1, 4, 536]               --                        --
│    └─Rearrange (0): 2-1                          [1, 62, 536]              [1, 1, 62, 536]           --                        --
│    └─Conv2d (1): 2-2                             [1, 1, 62, 536]           [1, 4, 1, 536]            252                       [62, 1]
│    └─Rearrange (2): 2-3                          [1, 4, 1, 536]            [1, 4, 536]               --                        --
├─_ConvFeatureEncoder (feature_encoder): 1-2       [1, 4, 536]               [1, 16, 64]               --                        --
│    └─Rearrange (0): 2-4                          [1, 4, 536]               [4, 1, 536]               --                        --
│    └─Sequential (1): 2-5                         [4, 1, 536]               [4, 8, 64]                --                        --
│    │    └─Conv1d (0): 3-1                        [4, 1, 536]               [4, 8, 64]                256                       [32]
│    │    └─Dropout (1): 3-2                       [4, 8, 64]                [4, 8, 64]                --                        --
│    │    └─GroupNorm (2): 3-3                     [4, 8, 64]                [4, 8, 64]                16                        --
│    │    └─GELU (3): 3-4                          [4, 8, 64]                [4, 8, 64]                --                        --
│    └─Sequential (2): 2-6                         [4, 8, 64]                [4, 16, 32]               --                        --
│    │    └─Conv1d (0): 3-5                        [4, 8, 64]                [4, 16, 32]               256                       [2]
│    │    └─Dropout (1): 3-6                       [4, 16, 32]               [4, 16, 32]               --                        --
│    │    └─GELU (2): 3-7                          [4, 16, 32]               [4, 16, 32]               --                        --
│    └─Sequential (3): 2-7                         [4, 16, 32]               [4, 32, 16]               --                        --
│    │    └─Conv1d (0): 3-8                        [4, 16, 32]               [4, 32, 16]               1,024                     [2]
│    │    └─Dropout (1): 3-9                       [4, 32, 16]               [4, 32, 16]               --                        --
│    │    └─GELU (2): 3-10                         [4, 32, 16]               [4, 32, 16]               --                        --
│    └─Sequential (4): 2-8                         [4, 32, 16]               [4, 64, 8]                --                        --
│    │    └─Conv1d (0): 3-11                       [4, 32, 16]               [4, 64, 8]                4,096                     [2]
│    │    └─Dropout (1): 3-12                      [4, 64, 8]                [4, 64, 8]                --                        --
│    │    └─GELU (2): 3-13                         [4, 64, 8]                [4, 64, 8]                --                        --
│    └─Sequential (5): 2-9                         [4, 64, 8]                [4, 64, 4]                --                        --
│    │    └─Conv1d (0): 3-14                       [4, 64, 8]                [4, 64, 4]                8,192                     [2]
│    │    └─Dropout (1): 3-15                      [4, 64, 4]                [4, 64, 4]                --                        --
│    │    └─GELU (2): 3-16                         [4, 64, 4]                [4, 64, 4]                --                        --
│    └─Rearrange (6): 2-10                         [4, 64, 4]                [1, 16, 64]               --                        --
├─Sequential (final_layer): 1-3                    [1, 16, 64]               [1, 4]                    --                        --
│    └─Flatten (0): 2-11                           [1, 16, 64]               [1, 1024]                 --                        --
│    └─Linear (1): 2-12                            [1, 1024]                 [1, 4]                    4,100                     --
======================================================================================================================================================
Total params: 18,192
Trainable params: 18,192
Non-trainable params: 0
Total mult-adds (Units.MEGABYTES): 0.57
======================================================================================================================================================
Input size (MB): 0.13
Forward/backward pass size (MB): 0.11
Params size (MB): 0.07
Estimated Total Size (MB): 0.31
======================================================================================================================================================
[2026-04-01 10:19:43] Initializing from 16s-60 pretrained checkpoint (Hugging Face):
[2026-04-01 10:19:43]   https://huggingface.co/braindecode/SignalJEPA/resolve/main/signal-jepa_16s-60_adeuwv4s.pth
[2026-04-01 10:19:43]   Downloaded 179 keys
[2026-04-01 10:19:43] ======================================================================
[2026-04-01 10:19:43] STARTING CROSS-VALIDATION
[2026-04-01 10:19:43] ======================================================================
[2026-04-01 10:19:43] Subjects:      [51]
[2026-04-01 10:19:43] CV folds:      5
[2026-04-01 10:19:43] Batch size:    16
[2026-04-01 10:19:43] Max epochs:    5000
[2026-04-01 10:19:43] Device:        cpu
[2026-04-01 10:19:43] Seed control:  True
[2026-04-01 10:19:43] Base seed:     4023
[2026-04-01 10:19:43] ======================================================================

[2026-04-01 10:19:43] Subject 51: 100 windows class_counts=[25, 25, 25, 25]
[2026-04-01 10:19:43]   Fold 1 split seed: 4024
[2026-04-01 10:19:43]   Fold 1 split class counts:
[2026-04-01 10:19:43]     train=[15, 15, 15, 15] val=[5, 5, 5, 5] test=[5, 5, 5, 5]
[2026-04-01 10:19:43]   Fold 2 split seed: 4025
[2026-04-01 10:19:43]   Fold 2 split class counts:
[2026-04-01 10:19:43]     train=[15, 15, 15, 15] val=[5, 5, 5, 5] test=[5, 5, 5, 5]
[2026-04-01 10:19:43]   Fold 3 split seed: 4026
[2026-04-01 10:19:43]   Fold 3 split class counts:
[2026-04-01 10:19:43]     train=[15, 15, 15, 15] val=[5, 5, 5, 5] test=[5, 5, 5, 5]
[2026-04-01 10:19:43]   Fold 4 split seed: 4027
[2026-04-01 10:19:43]   Fold 4 split class counts:
[2026-04-01 10:19:43]     train=[15, 15, 15, 15] val=[5, 5, 5, 5] test=[5, 5, 5, 5]
[2026-04-01 10:19:43]   Fold 5 split seed: 4028
[2026-04-01 10:19:43]   Fold 5 split class counts:
[2026-04-01 10:19:43]     train=[15, 15, 15, 15] val=[5, 5, 5, 5] test=[5, 5, 5, 5]
[2026-04-01 10:19:43]   Subject 51 Fold 1 seed: 9124
[2026-04-01 10:19:43]   Subject 51 Fold 1: n_train=60 n_val=20 n_test=20
[2026-04-01 10:19:43]     Train class counts: [15, 15, 15, 15]
[2026-04-01 10:19:43]     Val class counts:   [5, 5, 5, 5]
[2026-04-01 10:19:43]     Test class counts:  [5, 5, 5, 5]
[2026-04-01 10:19:43] Building model with input window duration: 4.1875 s
[2026-04-01 10:19:43] Pretrained weight loading:
[2026-04-01 10:19:43]   Downloaded keys:        179
[2026-04-01 10:19:43]   Filtered (transformer): 172
[2026-04-01 10:19:43]   Filtered (pos_encoder): 0
[2026-04-01 10:19:43]   Keys to load:           7
[2026-04-01 10:19:43]   Missing keys:           4
[2026-04-01 10:19:43]   Unexpected keys:        0
[2026-04-01 10:19:43]   Missing preview:        ['spatial_conv.1.weight', 'spatial_conv.1.bias', 'final_layer.1.weight', 'final_layer.1.bias']
[2026-04-01 10:19:43]   Unexpected preview:     []
[2026-04-01 10:19:43] Encoder freeze configuration:
[2026-04-01 10:19:43]   Total parameters:        18,192
[2026-04-01 10:19:43]   Trainable parameters:    4,352
[2026-04-01 10:19:43]   Training percentage:     23.9%
[2026-04-01 10:19:43]   Trainable layers: 4
[2026-04-01 10:19:43]     - final_layer.1.bias
[2026-04-01 10:19:43]     - final_layer.1.weight
[2026-04-01 10:19:43]     - spatial_conv.1.bias
[2026-04-01 10:19:43]     - spatial_conv.1.weight
[2026-04-01 10:19:43]     Train generator seeded: True
[2026-04-01 10:19:44]     Stopped epoch:            56
[2026-04-01 10:19:44]     Best epoch (valid_loss):  26
[2026-04-01 10:19:44]     Best valid_loss:          1.385927438735962
[2026-04-01 10:19:44]     Test accuracy (primary):  0.3500
[2026-04-01 10:19:44]     Test balanced acc:        0.3500
[2026-04-01 10:19:44]     Confusion matrix:         [[1, 3, 1, 0], [1, 3, 0, 1], [3, 1, 1, 0], [0, 2, 1, 2]]
[2026-04-01 10:19:44]     Prediction histogram:     [5, 9, 3, 3]
[2026-04-01 10:19:44]     fold_acc=0.3500 fold_bal_acc=0.3500 cm=[[1, 3, 1, 0], [1, 3, 0, 1], [3, 1, 1, 0], [0, 2, 1, 2]]
[2026-04-01 10:19:44]   Subject 51 Fold 2 seed: 9125
[2026-04-01 10:19:44]   Subject 51 Fold 2: n_train=60 n_val=20 n_test=20
[2026-04-01 10:19:44]     Train class counts: [15, 15, 15, 15]
[2026-04-01 10:19:44]     Val class counts:   [5, 5, 5, 5]
[2026-04-01 10:19:44]     Test class counts:  [5, 5, 5, 5]
[2026-04-01 10:19:44] Building model with input window duration: 4.1875 s
[2026-04-01 10:19:44] Pretrained weight loading:
[2026-04-01 10:19:44]   Downloaded keys:        179
[2026-04-01 10:19:44]   Filtered (transformer): 172
[2026-04-01 10:19:44]   Filtered (pos_encoder): 0
[2026-04-01 10:19:44]   Keys to load:           7
[2026-04-01 10:19:44]   Missing keys:           4
[2026-04-01 10:19:44]   Unexpected keys:        0
[2026-04-01 10:19:44]   Missing preview:        ['spatial_conv.1.weight', 'spatial_conv.1.bias', 'final_layer.1.weight', 'final_layer.1.bias']
[2026-04-01 10:19:44]   Unexpected preview:     []
[2026-04-01 10:19:44] Encoder freeze configuration:
[2026-04-01 10:19:44]   Total parameters:        18,192
[2026-04-01 10:19:44]   Trainable parameters:    4,352
[2026-04-01 10:19:44]   Training percentage:     23.9%
[2026-04-01 10:19:44]   Trainable layers: 4
[2026-04-01 10:19:44]     - final_layer.1.bias
[2026-04-01 10:19:44]     - final_layer.1.weight
[2026-04-01 10:19:44]     - spatial_conv.1.bias
[2026-04-01 10:19:44]     - spatial_conv.1.weight
[2026-04-01 10:19:44]     Train generator seeded: True
[2026-04-01 10:19:46]     Stopped epoch:            206
[2026-04-01 10:19:46]     Best epoch (valid_loss):  176
[2026-04-01 10:19:46]     Best valid_loss:          1.2824418544769287
[2026-04-01 10:19:46]     Test accuracy (primary):  0.1500
[2026-04-01 10:19:46]     Test balanced acc:        0.1500
[2026-04-01 10:19:46]     Confusion matrix:         [[0, 2, 1, 2], [2, 0, 1, 2], [1, 2, 2, 0], [0, 2, 2, 1]]
[2026-04-01 10:19:46]     Prediction histogram:     [3, 6, 6, 5]
[2026-04-01 10:19:46]     fold_acc=0.1500 fold_bal_acc=0.1500 cm=[[0, 2, 1, 2], [2, 0, 1, 2], [1, 2, 2, 0], [0, 2, 2, 1]]
[2026-04-01 10:19:46]   Subject 51 Fold 3 seed: 9126
[2026-04-01 10:19:46]   Subject 51 Fold 3: n_train=60 n_val=20 n_test=20
[2026-04-01 10:19:46]     Train class counts: [15, 15, 15, 15]
[2026-04-01 10:19:46]     Val class counts:   [5, 5, 5, 5]
[2026-04-01 10:19:46]     Test class counts:  [5, 5, 5, 5]
[2026-04-01 10:19:46] Building model with input window duration: 4.1875 s
[2026-04-01 10:19:46] Pretrained weight loading:
[2026-04-01 10:19:46]   Downloaded keys:        179
[2026-04-01 10:19:46]   Filtered (transformer): 172
[2026-04-01 10:19:46]   Filtered (pos_encoder): 0
[2026-04-01 10:19:46]   Keys to load:           7
[2026-04-01 10:19:46]   Missing keys:           4
[2026-04-01 10:19:46]   Unexpected keys:        0
[2026-04-01 10:19:46]   Missing preview:        ['spatial_conv.1.weight', 'spatial_conv.1.bias', 'final_layer.1.weight', 'final_layer.1.bias']
[2026-04-01 10:19:46]   Unexpected preview:     []
[2026-04-01 10:19:46] Encoder freeze configuration:
[2026-04-01 10:19:46]   Total parameters:        18,192
[2026-04-01 10:19:46]   Trainable parameters:    4,352
[2026-04-01 10:19:46]   Training percentage:     23.9%
[2026-04-01 10:19:46]   Trainable layers: 4
[2026-04-01 10:19:46]     - final_layer.1.bias
[2026-04-01 10:19:46]     - final_layer.1.weight
[2026-04-01 10:19:46]     - spatial_conv.1.bias
[2026-04-01 10:19:46]     - spatial_conv.1.weight
[2026-04-01 10:19:46]     Train generator seeded: True
[2026-04-01 10:19:47]     Stopped epoch:            33
[2026-04-01 10:19:47]     Best epoch (valid_loss):  3
[2026-04-01 10:19:47]     Best valid_loss:          1.3852385759353638
[2026-04-01 10:19:47]     Test accuracy (primary):  0.3000
[2026-04-01 10:19:47]     Test balanced acc:        0.3000
[2026-04-01 10:19:47]     Confusion matrix:         [[0, 1, 0, 4], [1, 2, 0, 2], [0, 1, 1, 3], [0, 2, 0, 3]]
[2026-04-01 10:19:47]     Prediction histogram:     [1, 6, 1, 12]
[2026-04-01 10:19:47]     fold_acc=0.3000 fold_bal_acc=0.3000 cm=[[0, 1, 0, 4], [1, 2, 0, 2], [0, 1, 1, 3], [0, 2, 0, 3]]
[2026-04-01 10:19:47]   Subject 51 Fold 4 seed: 9127
[2026-04-01 10:19:47]   Subject 51 Fold 4: n_train=60 n_val=20 n_test=20
[2026-04-01 10:19:47]     Train class counts: [15, 15, 15, 15]
[2026-04-01 10:19:47]     Val class counts:   [5, 5, 5, 5]
[2026-04-01 10:19:47]     Test class counts:  [5, 5, 5, 5]
[2026-04-01 10:19:47] Building model with input window duration: 4.1875 s
[2026-04-01 10:19:47] Pretrained weight loading:
[2026-04-01 10:19:47]   Downloaded keys:        179
[2026-04-01 10:19:47]   Filtered (transformer): 172
[2026-04-01 10:19:47]   Filtered (pos_encoder): 0
[2026-04-01 10:19:47]   Keys to load:           7
[2026-04-01 10:19:47]   Missing keys:           4
[2026-04-01 10:19:47]   Unexpected keys:        0
[2026-04-01 10:19:47]   Missing preview:        ['spatial_conv.1.weight', 'spatial_conv.1.bias', 'final_layer.1.weight', 'final_layer.1.bias']
[2026-04-01 10:19:47]   Unexpected preview:     []
[2026-04-01 10:19:47] Encoder freeze configuration:
[2026-04-01 10:19:47]   Total parameters:        18,192
[2026-04-01 10:19:47]   Trainable parameters:    4,352
[2026-04-01 10:19:47]   Training percentage:     23.9%
[2026-04-01 10:19:47]   Trainable layers: 4
[2026-04-01 10:19:47]     - final_layer.1.bias
[2026-04-01 10:19:47]     - final_layer.1.weight
[2026-04-01 10:19:47]     - spatial_conv.1.bias
[2026-04-01 10:19:47]     - spatial_conv.1.weight
[2026-04-01 10:19:47]     Train generator seeded: True
[2026-04-01 10:19:47]     Stopped epoch:            48
[2026-04-01 10:19:47]     Best epoch (valid_loss):  18
[2026-04-01 10:19:47]     Best valid_loss:          1.3781187057495117
[2026-04-01 10:19:47]     Test accuracy (primary):  0.4500
[2026-04-01 10:19:47]     Test balanced acc:        0.4500
[2026-04-01 10:19:47]     Confusion matrix:         [[3, 0, 1, 1], [1, 2, 0, 2], [2, 0, 0, 3], [0, 1, 0, 4]]
[2026-04-01 10:19:47]     Prediction histogram:     [6, 3, 1, 10]
[2026-04-01 10:19:47]     fold_acc=0.4500 fold_bal_acc=0.4500 cm=[[3, 0, 1, 1], [1, 2, 0, 2], [2, 0, 0, 3], [0, 1, 0, 4]]
[2026-04-01 10:19:47]   Subject 51 Fold 5 seed: 9128
[2026-04-01 10:19:47]   Subject 51 Fold 5: n_train=60 n_val=20 n_test=20
[2026-04-01 10:19:47]     Train class counts: [15, 15, 15, 15]
[2026-04-01 10:19:47]     Val class counts:   [5, 5, 5, 5]
[2026-04-01 10:19:47]     Test class counts:  [5, 5, 5, 5]
[2026-04-01 10:19:47] Building model with input window duration: 4.1875 s
[2026-04-01 10:19:47] Pretrained weight loading:
[2026-04-01 10:19:47]   Downloaded keys:        179
[2026-04-01 10:19:47]   Filtered (transformer): 172
[2026-04-01 10:19:47]   Filtered (pos_encoder): 0
[2026-04-01 10:19:47]   Keys to load:           7
[2026-04-01 10:19:47]   Missing keys:           4
[2026-04-01 10:19:47]   Unexpected keys:        0
[2026-04-01 10:19:47]   Missing preview:        ['spatial_conv.1.weight', 'spatial_conv.1.bias', 'final_layer.1.weight', 'final_layer.1.bias']
[2026-04-01 10:19:47]   Unexpected preview:     []
[2026-04-01 10:19:47] Encoder freeze configuration:
[2026-04-01 10:19:47]   Total parameters:        18,192
[2026-04-01 10:19:47]   Trainable parameters:    4,352
[2026-04-01 10:19:47]   Training percentage:     23.9%
[2026-04-01 10:19:47]   Trainable layers: 4
[2026-04-01 10:19:47]     - final_layer.1.bias
[2026-04-01 10:19:47]     - final_layer.1.weight
[2026-04-01 10:19:47]     - spatial_conv.1.bias
[2026-04-01 10:19:47]     - spatial_conv.1.weight
[2026-04-01 10:19:47]     Train generator seeded: True
[2026-04-01 10:19:48]     Stopped epoch:            31
[2026-04-01 10:19:48]     Best epoch (valid_loss):  1
[2026-04-01 10:19:48]     Best valid_loss:          1.3865214824676513
[2026-04-01 10:19:48]     Test accuracy (primary):  0.3500
[2026-04-01 10:19:48]     Test balanced acc:        0.3500
[2026-04-01 10:19:48]     Confusion matrix:         [[0, 0, 0, 5], [0, 0, 2, 3], [0, 0, 3, 2], [1, 0, 0, 4]]
[2026-04-01 10:19:48]     Prediction histogram:     [1, 0, 5, 14]
[2026-04-01 10:19:48]     fold_acc=0.3500 fold_bal_acc=0.3500 cm=[[0, 0, 0, 5], [0, 0, 2, 3], [0, 0, 3, 2], [1, 0, 0, 4]]
[2026-04-01 10:19:48]   Subject 51 mean accuracy: 0.3200

[2026-04-01 10:19:48] Total folds completed: 5
[2026-04-01 10:19:48] ======================================================================
[2026-04-01 10:19:48] AGGREGATED RESULTS
[2026-04-01 10:19:48] ======================================================================
[2026-04-01 10:19:48]   Subject 51:  acc=0.3200±0.0980  bal_acc=0.3200±0.0980
[2026-04-01 10:19:48] ----------------------------------------------------------------------
[2026-04-01 10:19:48]   OVERALL:      acc=0.3200±0.0980  bal_acc=0.3200±0.0980
[2026-04-01 10:19:48] ======================================================================
[2026-04-01 10:19:48] CV results saved to:      /home/vegorov/Repos/eeg_jepa_research/artifacts/lee-2019-fine-tuning/SSVEP/20260401_1019_a80b322a/cv_results.json
[2026-04-01 10:19:48] Subject metrics saved to: /home/vegorov/Repos/eeg_jepa_research/artifacts/lee-2019-fine-tuning/SSVEP/20260401_1019_a80b322a/subject_metrics.json
[2026-04-01 10:19:48] Global metrics saved to:  /home/vegorov/Repos/eeg_jepa_research/artifacts/lee-2019-fine-tuning/SSVEP/20260401_1019_a80b322a/global_metrics.json
[2026-04-01 10:19:48] Run metadata saved to:    /home/vegorov/Repos/eeg_jepa_research/artifacts/lee-2019-fine-tuning/SSVEP/20260401_1019_a80b322a/run_metadata.json

[2026-04-01 10:19:48] All artifacts in: /home/vegorov/Repos/eeg_jepa_research/artifacts/lee-2019-fine-tuning/SSVEP/20260401_1019_a80b322a

[2026-04-01 10:19:48] ======================================================================
[2026-04-01 10:19:48] EXPERIMENT SUMMARY
[2026-04-01 10:19:48] ======================================================================
[2026-04-01 10:19:48] Run ID:    20260401_1019_a80b322a
[2026-04-01 10:19:48] Artifacts: /home/vegorov/Repos/eeg_jepa_research/artifacts/lee-2019-fine-tuning/SSVEP/20260401_1019_a80b322a

[2026-04-01 10:19:48] Configuration:
[2026-04-01 10:19:48]   Subjects:          [51]
[2026-04-01 10:19:48]   Bandpass:          0.5-40.0 Hz
[2026-04-01 10:19:48]   Resample:          128 Hz
[2026-04-01 10:19:48]   CV folds:          5
[2026-04-01 10:19:48]   Learning rate:     0.001
[2026-04-01 10:19:48]   Batch size:        16
[2026-04-01 10:19:48]   Max epochs:        5000

[2026-04-01 10:19:48] Results:
[2026-04-01 10:19:48]   Mean Accuracy:          0.3200 ± 0.0980
[2026-04-01 10:19:48]   Mean Balanced Accuracy: 0.3200 ± 0.0980
