[2026-03-31 17:07:29] Using device: cpu
[2026-03-31 17:07:29] Seed control enabled: True
[2026-03-31 17:07:29] Base seed: 107
[2026-03-31 17:07:30] Seed initialized: 107
[2026-03-31 17:07:30] ======================================================================
[2026-03-31 17:07:30] CONFIGURATION
[2026-03-31 17:07:30] ======================================================================
[2026-03-31 17:07:30]   artifact_dir: /home/vegorov/Repos/eeg_jepa_research/artifacts/lee-2019-fine-tuning
[2026-03-31 17:07:30]   bandpass_high: 40.0
[2026-03-31 17:07:30]   bandpass_low: 0.5
[2026-03-31 17:07:30]   batch_size: 32
[2026-03-31 17:07:30]   convert_to_uV: True
[2026-03-31 17:07:30]   cv_folds: 5
[2026-03-31 17:07:30]   device: auto
[2026-03-31 17:07:30]   early_stopping_patience: 50
[2026-03-31 17:07:30]   learning_rate: 0.001
[2026-03-31 17:07:30]   n_epochs: 5000
[2026-03-31 17:07:30]   normalization_method: None
[2026-03-31 17:07:30]   normalize: False
[2026-03-31 17:07:30]   paradigm: SSVEP
[2026-03-31 17:07:30]   pretrained_url: https://huggingface.co/braindecode/SignalJEPA/resolve/main/signal-jepa_16s-60_adeuwv4s.pth
[2026-03-31 17:07:30]   seed: 107
[2026-03-31 17:07:30]   set_seed: True
[2026-03-31 17:07:30]   sfreq: 128
[2026-03-31 17:07:30]   subjects_to_use: [51]
[2026-03-31 17:07:30]   val_split: 0.2
[2026-03-31 17:07:30] ======================================================================
[2026-03-31 17:07:30] Config saved to: /home/vegorov/Repos/eeg_jepa_research/artifacts/lee-2019-fine-tuning/SSVEP/20260331_1707_dee8da4b/config.json
[2026-03-31 17:07:30] Epoch window configuration:
[2026-03-31 17:07:30]   Target sfreq:                128 Hz
[2026-03-31 17:07:30]   Target duration:             4.190000 s
[2026-03-31 17:07:30]   Window samples (rounded):    536
[2026-03-31 17:07:30]   Base trial samples (4.0 s):  512
[2026-03-31 17:07:30]   Trial stop offset samples:   24
[2026-03-31 17:07:30]   Effective window duration:   4.187500 s
[2026-03-31 17:07:30] Using specified subjects from config: [51]
[2026-03-31 17:07:30] Selected subjects: [51]
[2026-03-31 17:07:30] Expected evaluation folds: 5

[2026-03-31 17:07:30] Building MOABBDataset for Lee2019_SSVEP...
[2026-03-31 17:07:39] MOABBDataset recordings loaded: 1
[2026-03-31 17:07:39] Discovered annotation descriptions (first recording): [np.str_('12.0'), np.str_('5.45'), np.str_('6.67'), np.str_('8.57')]
[2026-03-31 17:07:39] Dataset event_id mapping: {'12.0': 1, '8.57': 2, '6.67': 3, '5.45': 4}
[2026-03-31 17:07:39] Label map (event_code -> class_index): {1: 0, 2: 1, 3: 2, 4: 3}
[2026-03-31 17:07:39] Applying Braindecode preprocessors to MOABBDataset...
[2026-03-31 17:07:42] Preprocessing complete.

[2026-03-31 17:07:42] Post-preprocessing validation
[2026-03-31 17:07:42]   Recordings in DATASET: 1
[2026-03-31 17:07:42]   Unique subject IDs:    ['51']
[2026-03-31 17:07:42]   sfreq (first rec):     128.0 Hz
[2026-03-31 17:07:42]   EEG channel count:     62
[2026-03-31 17:07:42]   First 10 channels:     ['Fp1', 'Fp2', 'F7', 'F3', 'Fz', 'F4', 'F8', 'FC5', 'FC1', 'FC2']
[2026-03-31 17:07:42] Channel consistency summary:
[2026-03-31 17:07:42]   Checked runs: 1
[2026-03-31 17:07:42]   Unique channel counts: [62]
[2026-03-31 17:07:42]   Channel order consistent: True
[2026-03-31 17:07:42] Validated EEG channels: 62
[2026-03-31 17:07:42] First 10 EEG channels: ['Fp1', 'Fp2', 'F7', 'F3', 'Fz', 'F4', 'F8', 'FC5', 'FC1', 'FC2']
[2026-03-31 17:07:42] raw mean_abs=8.654730e+00
[2026-03-31 17:07:42] raw std=3.494582e+01
[2026-03-31 17:07:42] raw first5 channel std= [46.22404553 54.63339771 16.95830183 13.82897057 11.24366025]
[2026-03-31 17:07:42] Requested window samples: 536
[2026-03-31 17:07:42] Base trial samples:       512
[2026-03-31 17:07:42] Stop offset samples:      24
[2026-03-31 17:07:42] Global class counts: [25, 25, 25, 25]
[2026-03-31 17:07:42] Chance level (4-class): 0.25
[2026-03-31 17:07:42] One window shape: (62, 536)
[2026-03-31 17:07:42] One window label: 1
[2026-03-31 17:07:42] Window sample length expected=536, got=536
[2026-03-31 17:07:42] Subjects in window split: [51]
[2026-03-31 17:07:42] Summarizing per-subject windows...
[2026-03-31 17:07:42]   Subject 51: n_windows=100, window_shape=(62, 536), class_counts=[25, 25, 25, 25]
[2026-03-31 17:07:42]    subject_id  n_windows  n_channels  n_times      class_counts
0          51        100          62      536  [25, 25, 25, 25]
[2026-03-31 17:07:42] Window validation summary:
[2026-03-31 17:07:42]   Subject 51: n_windows=100 class_counts=[25, 25, 25, 25]

[2026-03-31 17:07:42] Validated sampling rate target: 128 Hz
[2026-03-31 17:07:42] Validated window sample count:   536
[2026-03-31 17:07:42] Validated window duration:       4.1875 s
[2026-03-31 17:07:42] Validated channel count:         62
[2026-03-31 17:07:42] Total windows retained:          100
[2026-03-31 17:07:42] Preprocessing sanity checks:
[2026-03-31 17:07:42]   One sample label: 1
[2026-03-31 17:07:42]   One sample shape: (62, 536)
[2026-03-31 17:07:42]   Mean(abs(signal)): 4.094026e+00
[2026-03-31 17:07:42]   Mean(signal):      7.346552e-09
[2026-03-31 17:07:42]   Std(signal):       5.860601e+00
[2026-03-31 17:07:42] Building model with input window duration: 4.1875 s
[2026-03-31 17:07:42] SignalJEPA_PreLocal instantiated successfully.
[2026-03-31 17:07:42]   Total parameters:     18,192
[2026-03-31 17:07:42]   Trainable parameters: 18,192
[2026-03-31 17:07:42] ======================================================================================================================================================
Layer (type (var_name):depth-idx)                  Input Shape               Output Shape              Param #                   Kernel Shape
======================================================================================================================================================
SignalJEPA_PreLocal (SignalJEPA_PreLocal)          [1, 62, 536]              [1, 4]                    --                        --
├─Sequential (spatial_conv): 1-1                   [1, 62, 536]              [1, 4, 536]               --                        --
│    └─Rearrange (0): 2-1                          [1, 62, 536]              [1, 1, 62, 536]           --                        --
│    └─Conv2d (1): 2-2                             [1, 1, 62, 536]           [1, 4, 1, 536]            252                       [62, 1]
│    └─Rearrange (2): 2-3                          [1, 4, 1, 536]            [1, 4, 536]               --                        --
├─_ConvFeatureEncoder (feature_encoder): 1-2       [1, 4, 536]               [1, 16, 64]               --                        --
│    └─Rearrange (0): 2-4                          [1, 4, 536]               [4, 1, 536]               --                        --
│    └─Sequential (1): 2-5                         [4, 1, 536]               [4, 8, 64]                --                        --
│    │    └─Conv1d (0): 3-1                        [4, 1, 536]               [4, 8, 64]                256                       [32]
│    │    └─Dropout (1): 3-2                       [4, 8, 64]                [4, 8, 64]                --                        --
│    │    └─GroupNorm (2): 3-3                     [4, 8, 64]                [4, 8, 64]                16                        --
│    │    └─GELU (3): 3-4                          [4, 8, 64]                [4, 8, 64]                --                        --
│    └─Sequential (2): 2-6                         [4, 8, 64]                [4, 16, 32]               --                        --
│    │    └─Conv1d (0): 3-5                        [4, 8, 64]                [4, 16, 32]               256                       [2]
│    │    └─Dropout (1): 3-6                       [4, 16, 32]               [4, 16, 32]               --                        --
│    │    └─GELU (2): 3-7                          [4, 16, 32]               [4, 16, 32]               --                        --
│    └─Sequential (3): 2-7                         [4, 16, 32]               [4, 32, 16]               --                        --
│    │    └─Conv1d (0): 3-8                        [4, 16, 32]               [4, 32, 16]               1,024                     [2]
│    │    └─Dropout (1): 3-9                       [4, 32, 16]               [4, 32, 16]               --                        --
│    │    └─GELU (2): 3-10                         [4, 32, 16]               [4, 32, 16]               --                        --
│    └─Sequential (4): 2-8                         [4, 32, 16]               [4, 64, 8]                --                        --
│    │    └─Conv1d (0): 3-11                       [4, 32, 16]               [4, 64, 8]                4,096                     [2]
│    │    └─Dropout (1): 3-12                      [4, 64, 8]                [4, 64, 8]                --                        --
│    │    └─GELU (2): 3-13                         [4, 64, 8]                [4, 64, 8]                --                        --
│    └─Sequential (5): 2-9                         [4, 64, 8]                [4, 64, 4]                --                        --
│    │    └─Conv1d (0): 3-14                       [4, 64, 8]                [4, 64, 4]                8,192                     [2]
│    │    └─Dropout (1): 3-15                      [4, 64, 4]                [4, 64, 4]                --                        --
│    │    └─GELU (2): 3-16                         [4, 64, 4]                [4, 64, 4]                --                        --
│    └─Rearrange (6): 2-10                         [4, 64, 4]                [1, 16, 64]               --                        --
├─Sequential (final_layer): 1-3                    [1, 16, 64]               [1, 4]                    --                        --
│    └─Flatten (0): 2-11                           [1, 16, 64]               [1, 1024]                 --                        --
│    └─Linear (1): 2-12                            [1, 1024]                 [1, 4]                    4,100                     --
======================================================================================================================================================
Total params: 18,192
Trainable params: 18,192
Non-trainable params: 0
Total mult-adds (Units.MEGABYTES): 0.57
======================================================================================================================================================
Input size (MB): 0.13
Forward/backward pass size (MB): 0.11
Params size (MB): 0.07
Estimated Total Size (MB): 0.31
======================================================================================================================================================
[2026-03-31 17:07:42] Initializing from 16s-60 pretrained checkpoint (Hugging Face):
[2026-03-31 17:07:42]   https://huggingface.co/braindecode/SignalJEPA/resolve/main/signal-jepa_16s-60_adeuwv4s.pth
[2026-03-31 17:07:42]   Downloaded 179 keys
[2026-03-31 17:07:42] ======================================================================
[2026-03-31 17:07:42] STARTING CROSS-VALIDATION
[2026-03-31 17:07:42] ======================================================================
[2026-03-31 17:07:42] Subjects:      [51]
[2026-03-31 17:07:42] CV folds:      5
[2026-03-31 17:07:42] Batch size:    32
[2026-03-31 17:07:42] Max epochs:    5000
[2026-03-31 17:07:42] Device:        cpu
[2026-03-31 17:07:42] Seed control:  True
[2026-03-31 17:07:42] Base seed:     107
[2026-03-31 17:07:42] ======================================================================

[2026-03-31 17:07:42] Subject 51: 100 windows class_counts=[25, 25, 25, 25]
[2026-03-31 17:07:42]   Fold 1 split seed: 108
[2026-03-31 17:07:42]   Fold 1 split class counts:
[2026-03-31 17:07:42]     train=[16, 16, 16, 16] val=[4, 4, 4, 4] test=[5, 5, 5, 5]
[2026-03-31 17:07:42]   Fold 2 split seed: 109
[2026-03-31 17:07:42]   Fold 2 split class counts:
[2026-03-31 17:07:42]     train=[16, 16, 16, 16] val=[4, 4, 4, 4] test=[5, 5, 5, 5]
[2026-03-31 17:07:42]   Fold 3 split seed: 110
[2026-03-31 17:07:42]   Fold 3 split class counts:
[2026-03-31 17:07:42]     train=[16, 16, 16, 16] val=[4, 4, 4, 4] test=[5, 5, 5, 5]
[2026-03-31 17:07:42]   Fold 4 split seed: 111
[2026-03-31 17:07:42]   Fold 4 split class counts:
[2026-03-31 17:07:42]     train=[16, 16, 16, 16] val=[4, 4, 4, 4] test=[5, 5, 5, 5]
[2026-03-31 17:07:42]   Fold 5 split seed: 112
[2026-03-31 17:07:42]   Fold 5 split class counts:
[2026-03-31 17:07:42]     train=[16, 16, 16, 16] val=[4, 4, 4, 4] test=[5, 5, 5, 5]
[2026-03-31 17:07:42]   Subject 51 Fold 1 seed: 5208
[2026-03-31 17:07:42]   Subject 51 Fold 1: n_train=64 n_val=16 n_test=20
[2026-03-31 17:07:42]     Train class counts: [16, 16, 16, 16]
[2026-03-31 17:07:42]     Val class counts:   [4, 4, 4, 4]
[2026-03-31 17:07:42]     Test class counts:  [5, 5, 5, 5]
[2026-03-31 17:07:42] Building model with input window duration: 4.1875 s
[2026-03-31 17:07:42] Pretrained weight loading:
[2026-03-31 17:07:42]   Downloaded keys:        179
[2026-03-31 17:07:42]   Filtered (transformer): 172
[2026-03-31 17:07:42]   Filtered (pos_encoder): 0
[2026-03-31 17:07:42]   Keys to load:           7
[2026-03-31 17:07:42]   Missing keys:           4
[2026-03-31 17:07:42]   Unexpected keys:        0
[2026-03-31 17:07:42]   Missing preview:        ['spatial_conv.1.weight', 'spatial_conv.1.bias', 'final_layer.1.weight', 'final_layer.1.bias']
[2026-03-31 17:07:42]   Unexpected preview:     []
[2026-03-31 17:07:42] Encoder freeze configuration:
[2026-03-31 17:07:42]   Total parameters:        18,192
[2026-03-31 17:07:42]   Trainable parameters:    4,352
[2026-03-31 17:07:42]   Training percentage:     23.9%
[2026-03-31 17:07:42]   Trainable layers: 4
[2026-03-31 17:07:42]     - final_layer.1.bias
[2026-03-31 17:07:42]     - final_layer.1.weight
[2026-03-31 17:07:42]     - spatial_conv.1.bias
[2026-03-31 17:07:42]     - spatial_conv.1.weight
[2026-03-31 17:07:42]     Train generator seeded: True
[2026-03-31 17:07:52]     Stopped epoch:            984
[2026-03-31 17:07:52]     Best epoch (valid_loss):  934
[2026-03-31 17:07:52]     Best valid_loss:          1.1371665000915527
[2026-03-31 17:07:52]     Test accuracy (primary):  0.3000
[2026-03-31 17:07:52]     Test balanced acc:        0.3000
[2026-03-31 17:07:52]     Confusion matrix:         [[2, 0, 3, 0], [2, 1, 0, 2], [2, 0, 2, 1], [3, 1, 0, 1]]
[2026-03-31 17:07:52]     Prediction histogram:     [9, 2, 5, 4]
[2026-03-31 17:07:52]     fold_acc=0.3000 fold_bal_acc=0.3000 cm=[[2, 0, 3, 0], [2, 1, 0, 2], [2, 0, 2, 1], [3, 1, 0, 1]]
[2026-03-31 17:07:52]   Subject 51 Fold 2 seed: 5209
[2026-03-31 17:07:52]   Subject 51 Fold 2: n_train=64 n_val=16 n_test=20
[2026-03-31 17:07:52]     Train class counts: [16, 16, 16, 16]
[2026-03-31 17:07:52]     Val class counts:   [4, 4, 4, 4]
[2026-03-31 17:07:52]     Test class counts:  [5, 5, 5, 5]
[2026-03-31 17:07:52] Building model with input window duration: 4.1875 s
[2026-03-31 17:07:52] Pretrained weight loading:
[2026-03-31 17:07:52]   Downloaded keys:        179
[2026-03-31 17:07:52]   Filtered (transformer): 172
[2026-03-31 17:07:52]   Filtered (pos_encoder): 0
[2026-03-31 17:07:52]   Keys to load:           7
[2026-03-31 17:07:52]   Missing keys:           4
[2026-03-31 17:07:52]   Unexpected keys:        0
[2026-03-31 17:07:52]   Missing preview:        ['spatial_conv.1.weight', 'spatial_conv.1.bias', 'final_layer.1.weight', 'final_layer.1.bias']
[2026-03-31 17:07:52]   Unexpected preview:     []
[2026-03-31 17:07:52] Encoder freeze configuration:
[2026-03-31 17:07:52]   Total parameters:        18,192
[2026-03-31 17:07:52]   Trainable parameters:    4,352
[2026-03-31 17:07:52]   Training percentage:     23.9%
[2026-03-31 17:07:52]   Trainable layers: 4
[2026-03-31 17:07:52]     - final_layer.1.bias
[2026-03-31 17:07:52]     - final_layer.1.weight
[2026-03-31 17:07:52]     - spatial_conv.1.bias
[2026-03-31 17:07:52]     - spatial_conv.1.weight
[2026-03-31 17:07:52]     Train generator seeded: True
[2026-03-31 17:07:52]     Stopped epoch:            51
[2026-03-31 17:07:52]     Best epoch (valid_loss):  1
[2026-03-31 17:07:52]     Best valid_loss:          1.3879311084747314
[2026-03-31 17:07:52]     Test accuracy (primary):  0.2000
[2026-03-31 17:07:52]     Test balanced acc:        0.2000
[2026-03-31 17:07:52]     Confusion matrix:         [[0, 0, 1, 4], [0, 0, 1, 4], [0, 0, 0, 5], [0, 0, 1, 4]]
[2026-03-31 17:07:52]     Prediction histogram:     [0, 0, 3, 17]
[2026-03-31 17:07:52]     fold_acc=0.2000 fold_bal_acc=0.2000 cm=[[0, 0, 1, 4], [0, 0, 1, 4], [0, 0, 0, 5], [0, 0, 1, 4]]
[2026-03-31 17:07:52]   Subject 51 Fold 3 seed: 5210
[2026-03-31 17:07:52]   Subject 51 Fold 3: n_train=64 n_val=16 n_test=20
[2026-03-31 17:07:52]     Train class counts: [16, 16, 16, 16]
[2026-03-31 17:07:52]     Val class counts:   [4, 4, 4, 4]
[2026-03-31 17:07:52]     Test class counts:  [5, 5, 5, 5]
[2026-03-31 17:07:52] Building model with input window duration: 4.1875 s
[2026-03-31 17:07:52] Pretrained weight loading:
[2026-03-31 17:07:52]   Downloaded keys:        179
[2026-03-31 17:07:52]   Filtered (transformer): 172
[2026-03-31 17:07:52]   Filtered (pos_encoder): 0
[2026-03-31 17:07:52]   Keys to load:           7
[2026-03-31 17:07:52]   Missing keys:           4
[2026-03-31 17:07:52]   Unexpected keys:        0
[2026-03-31 17:07:52]   Missing preview:        ['spatial_conv.1.weight', 'spatial_conv.1.bias', 'final_layer.1.weight', 'final_layer.1.bias']
[2026-03-31 17:07:52]   Unexpected preview:     []
[2026-03-31 17:07:52] Encoder freeze configuration:
[2026-03-31 17:07:52]   Total parameters:        18,192
[2026-03-31 17:07:52]   Trainable parameters:    4,352
[2026-03-31 17:07:52]   Training percentage:     23.9%
[2026-03-31 17:07:52]   Trainable layers: 4
[2026-03-31 17:07:52]     - final_layer.1.bias
[2026-03-31 17:07:52]     - final_layer.1.weight
[2026-03-31 17:07:52]     - spatial_conv.1.bias
[2026-03-31 17:07:52]     - spatial_conv.1.weight
[2026-03-31 17:07:52]     Train generator seeded: True
[2026-03-31 17:07:52]     Stopped epoch:            51
[2026-03-31 17:07:52]     Best epoch (valid_loss):  1
[2026-03-31 17:07:52]     Best valid_loss:          1.3856524229049683
[2026-03-31 17:07:52]     Test accuracy (primary):  0.2500
[2026-03-31 17:07:52]     Test balanced acc:        0.2500
[2026-03-31 17:07:52]     Confusion matrix:         [[0, 5, 0, 0], [0, 5, 0, 0], [0, 5, 0, 0], [0, 5, 0, 0]]
[2026-03-31 17:07:52]     Prediction histogram:     [0, 20, 0, 0]
[2026-03-31 17:07:52]     fold_acc=0.2500 fold_bal_acc=0.2500 cm=[[0, 5, 0, 0], [0, 5, 0, 0], [0, 5, 0, 0], [0, 5, 0, 0]]
[2026-03-31 17:07:52]   Subject 51 Fold 4 seed: 5211
[2026-03-31 17:07:52]   Subject 51 Fold 4: n_train=64 n_val=16 n_test=20
[2026-03-31 17:07:52]     Train class counts: [16, 16, 16, 16]
[2026-03-31 17:07:52]     Val class counts:   [4, 4, 4, 4]
[2026-03-31 17:07:52]     Test class counts:  [5, 5, 5, 5]
[2026-03-31 17:07:52] Building model with input window duration: 4.1875 s
[2026-03-31 17:07:52] Pretrained weight loading:
[2026-03-31 17:07:52]   Downloaded keys:        179
[2026-03-31 17:07:52]   Filtered (transformer): 172
[2026-03-31 17:07:52]   Filtered (pos_encoder): 0
[2026-03-31 17:07:52]   Keys to load:           7
[2026-03-31 17:07:52]   Missing keys:           4
[2026-03-31 17:07:52]   Unexpected keys:        0
[2026-03-31 17:07:52]   Missing preview:        ['spatial_conv.1.weight', 'spatial_conv.1.bias', 'final_layer.1.weight', 'final_layer.1.bias']
[2026-03-31 17:07:52]   Unexpected preview:     []
[2026-03-31 17:07:52] Encoder freeze configuration:
[2026-03-31 17:07:52]   Total parameters:        18,192
[2026-03-31 17:07:52]   Trainable parameters:    4,352
[2026-03-31 17:07:52]   Training percentage:     23.9%
[2026-03-31 17:07:52]   Trainable layers: 4
[2026-03-31 17:07:52]     - final_layer.1.bias
[2026-03-31 17:07:52]     - final_layer.1.weight
[2026-03-31 17:07:52]     - spatial_conv.1.bias
[2026-03-31 17:07:52]     - spatial_conv.1.weight
[2026-03-31 17:07:52]     Train generator seeded: True
[2026-03-31 17:07:54]     Stopped epoch:            117
[2026-03-31 17:07:54]     Best epoch (valid_loss):  67
[2026-03-31 17:07:54]     Best valid_loss:          1.3570101261138916
[2026-03-31 17:07:54]     Test accuracy (primary):  0.4500
[2026-03-31 17:07:54]     Test balanced acc:        0.4500
[2026-03-31 17:07:54]     Confusion matrix:         [[2, 2, 1, 0], [1, 2, 1, 1], [1, 2, 2, 0], [1, 1, 0, 3]]
[2026-03-31 17:07:54]     Prediction histogram:     [5, 7, 4, 4]
[2026-03-31 17:07:54]     fold_acc=0.4500 fold_bal_acc=0.4500 cm=[[2, 2, 1, 0], [1, 2, 1, 1], [1, 2, 2, 0], [1, 1, 0, 3]]
[2026-03-31 17:07:54]   Subject 51 Fold 5 seed: 5212
[2026-03-31 17:07:54]   Subject 51 Fold 5: n_train=64 n_val=16 n_test=20
[2026-03-31 17:07:54]     Train class counts: [16, 16, 16, 16]
[2026-03-31 17:07:54]     Val class counts:   [4, 4, 4, 4]
[2026-03-31 17:07:54]     Test class counts:  [5, 5, 5, 5]
[2026-03-31 17:07:54] Building model with input window duration: 4.1875 s
[2026-03-31 17:07:54] Pretrained weight loading:
[2026-03-31 17:07:54]   Downloaded keys:        179
[2026-03-31 17:07:54]   Filtered (transformer): 172
[2026-03-31 17:07:54]   Filtered (pos_encoder): 0
[2026-03-31 17:07:54]   Keys to load:           7
[2026-03-31 17:07:54]   Missing keys:           4
[2026-03-31 17:07:54]   Unexpected keys:        0
[2026-03-31 17:07:54]   Missing preview:        ['spatial_conv.1.weight', 'spatial_conv.1.bias', 'final_layer.1.weight', 'final_layer.1.bias']
[2026-03-31 17:07:54]   Unexpected preview:     []
[2026-03-31 17:07:54] Encoder freeze configuration:
[2026-03-31 17:07:54]   Total parameters:        18,192
[2026-03-31 17:07:54]   Trainable parameters:    4,352
[2026-03-31 17:07:54]   Training percentage:     23.9%
[2026-03-31 17:07:54]   Trainable layers: 4
[2026-03-31 17:07:54]     - final_layer.1.bias
[2026-03-31 17:07:54]     - final_layer.1.weight
[2026-03-31 17:07:54]     - spatial_conv.1.bias
[2026-03-31 17:07:54]     - spatial_conv.1.weight
[2026-03-31 17:07:54]     Train generator seeded: True
[2026-03-31 17:07:57]     Stopped epoch:            382
[2026-03-31 17:07:57]     Best epoch (valid_loss):  332
[2026-03-31 17:07:57]     Best valid_loss:          1.1593257188796997
[2026-03-31 17:07:57]     Test accuracy (primary):  0.2500
[2026-03-31 17:07:57]     Test balanced acc:        0.2500
[2026-03-31 17:07:57]     Confusion matrix:         [[1, 2, 1, 1], [1, 2, 0, 2], [3, 0, 0, 2], [0, 2, 1, 2]]
[2026-03-31 17:07:57]     Prediction histogram:     [5, 6, 2, 7]
[2026-03-31 17:07:57]     fold_acc=0.2500 fold_bal_acc=0.2500 cm=[[1, 2, 1, 1], [1, 2, 0, 2], [3, 0, 0, 2], [0, 2, 1, 2]]
[2026-03-31 17:07:57]   Subject 51 mean accuracy: 0.2900

[2026-03-31 17:07:57] Total folds completed: 5
[2026-03-31 17:07:57] ======================================================================
[2026-03-31 17:07:57] AGGREGATED RESULTS
[2026-03-31 17:07:57] ======================================================================
[2026-03-31 17:07:57]   Subject 51:  acc=0.2900±0.0860  bal_acc=0.2900±0.0860
[2026-03-31 17:07:57] ----------------------------------------------------------------------
[2026-03-31 17:07:57]   OVERALL:      acc=0.2900±0.0860  bal_acc=0.2900±0.0860
[2026-03-31 17:07:57] ======================================================================
[2026-03-31 17:07:57] CV results saved to:      /home/vegorov/Repos/eeg_jepa_research/artifacts/lee-2019-fine-tuning/SSVEP/20260331_1707_dee8da4b/cv_results.json
[2026-03-31 17:07:57] Subject metrics saved to: /home/vegorov/Repos/eeg_jepa_research/artifacts/lee-2019-fine-tuning/SSVEP/20260331_1707_dee8da4b/subject_metrics.json
[2026-03-31 17:07:57] Global metrics saved to:  /home/vegorov/Repos/eeg_jepa_research/artifacts/lee-2019-fine-tuning/SSVEP/20260331_1707_dee8da4b/global_metrics.json
[2026-03-31 17:07:57] Run metadata saved to:    /home/vegorov/Repos/eeg_jepa_research/artifacts/lee-2019-fine-tuning/SSVEP/20260331_1707_dee8da4b/run_metadata.json

[2026-03-31 17:07:57] All artifacts in: /home/vegorov/Repos/eeg_jepa_research/artifacts/lee-2019-fine-tuning/SSVEP/20260331_1707_dee8da4b

[2026-03-31 17:07:57] ======================================================================
[2026-03-31 17:07:57] EXPERIMENT SUMMARY
[2026-03-31 17:07:57] ======================================================================
[2026-03-31 17:07:57] Run ID:    20260331_1707_dee8da4b
[2026-03-31 17:07:57] Artifacts: /home/vegorov/Repos/eeg_jepa_research/artifacts/lee-2019-fine-tuning/SSVEP/20260331_1707_dee8da4b

[2026-03-31 17:07:57] Configuration:
[2026-03-31 17:07:57]   Subjects:          [51]
[2026-03-31 17:07:57]   Bandpass:          0.5-40.0 Hz
[2026-03-31 17:07:57]   Resample:          128 Hz
[2026-03-31 17:07:57]   CV folds:          5
[2026-03-31 17:07:57]   Learning rate:     0.001
[2026-03-31 17:07:57]   Batch size:        32
[2026-03-31 17:07:57]   Max epochs:        5000

[2026-03-31 17:07:57] Results:
[2026-03-31 17:07:57]   Mean Accuracy:          0.2900 ± 0.0860
[2026-03-31 17:07:57]   Mean Balanced Accuracy: 0.2900 ± 0.0860
