[2026-04-03 11:54:46] Using device: mps
[2026-04-03 11:54:46] Seed control enabled: True
[2026-04-03 11:54:46] Base seed: 42
[2026-04-03 11:54:46] Seed initialized: 42
[2026-04-03 11:54:46] ======================================================================
[2026-04-03 11:54:46] CONFIGURATION
[2026-04-03 11:54:46] ======================================================================
[2026-04-03 11:54:46]   artifact_dir: /Users/vadim/Documents/School/Spring 2026/CSCE A698 Individual Research/EEG_JEPA/artifacts/lee-2019-fine-tuning
[2026-04-03 11:54:46]   bandpass_high: 40.0
[2026-04-03 11:54:46]   bandpass_low: 0.5
[2026-04-03 11:54:46]   batch_size: 32
[2026-04-03 11:54:46]   convert_to_uV: True
[2026-04-03 11:54:46]   criterion: CrossEntropyLoss
[2026-04-03 11:54:46]   cv_folds: 5
[2026-04-03 11:54:46]   device: auto
[2026-04-03 11:54:46]   early_stopping_patience: 50
[2026-04-03 11:54:46]   learning_rate: 0.001
[2026-04-03 11:54:46]   n_epochs: 5000
[2026-04-03 11:54:46]   normalization_method: None
[2026-04-03 11:54:46]   normalize: False
[2026-04-03 11:54:46]   optimizer: AdamW
[2026-04-03 11:54:46]   paradigm: SSVEP
[2026-04-03 11:54:46]   pretrained_url: https://huggingface.co/braindecode/SignalJEPA/resolve/main/signal-jepa_16s-60_adeuwv4s.pth
[2026-04-03 11:54:46]   seed: 42
[2026-04-03 11:54:46]   set_eeg_reference: False
[2026-04-03 11:54:46]   set_seed: True
[2026-04-03 11:54:46]   sfreq: 128
[2026-04-03 11:54:46]   subjects_to_use: [51]
[2026-04-03 11:54:46]   val_split: 0.2
[2026-04-03 11:54:46] ======================================================================
[2026-04-03 11:54:46] Config saved to: /Users/vadim/Documents/School/Spring 2026/CSCE A698 Individual Research/EEG_JEPA/artifacts/lee-2019-fine-tuning/SSVEP/20260403_1154_f79920a5/config.json
[2026-04-03 11:54:46] Epoch window configuration:
[2026-04-03 11:54:46]   Target sfreq:                128 Hz
[2026-04-03 11:54:46]   Target duration:             4.190000 s
[2026-04-03 11:54:46]   Window samples (rounded):    536
[2026-04-03 11:54:46]   Base trial samples (4.0 s):  512
[2026-04-03 11:54:46]   Trial stop offset samples:   24
[2026-04-03 11:54:46]   Effective window duration:   4.187500 s
[2026-04-03 11:54:46] Using specified subjects from config: [51]
[2026-04-03 11:54:46] Selected subjects: [51]
[2026-04-03 11:54:46] Expected evaluation folds: 5

[2026-04-03 11:54:46] Building MOABBDataset for Lee2019_SSVEP...
[2026-04-03 11:54:58] MOABBDataset recordings loaded: 2
[2026-04-03 11:54:58] Discovered annotation descriptions (first recording): [np.str_('12.0'), np.str_('5.45'), np.str_('6.67'), np.str_('8.57')]
[2026-04-03 11:54:58] Dataset event_id mapping: {'12.0': 1, '8.57': 2, '6.67': 3, '5.45': 4}
[2026-04-03 11:54:58] Label map (event_code -> class_index): {1: 0, 2: 1, 3: 2, 4: 3}
[2026-04-03 11:54:58] Applying Braindecode preprocessors to MOABBDataset...
[2026-04-03 11:55:06] Preprocessing complete.

[2026-04-03 11:55:06] Post-preprocessing validation
[2026-04-03 11:55:06]   Recordings in DATASET: 2
[2026-04-03 11:55:06]   Unique subject IDs:    ['51']
[2026-04-03 11:55:06]   sfreq (first rec):     128.0 Hz
[2026-04-03 11:55:06]   EEG channel count:     62
[2026-04-03 11:55:06]   First 10 channels:     ['Fp1', 'Fp2', 'F7', 'F3', 'Fz', 'F4', 'F8', 'FC5', 'FC1', 'FC2']
[2026-04-03 11:55:06] Channel consistency summary:
[2026-04-03 11:55:06]   Checked runs: 2
[2026-04-03 11:55:06]   Unique channel counts: [62]
[2026-04-03 11:55:06]   Channel order consistent: True
[2026-04-03 11:55:06] Validated EEG channels: 62
[2026-04-03 11:55:06] First 10 EEG channels: ['Fp1', 'Fp2', 'F7', 'F3', 'Fz', 'F4', 'F8', 'FC5', 'FC1', 'FC2']
[2026-04-03 11:55:06] raw mean_abs=1.210105e+01
[2026-04-03 11:55:06] raw std=3.577291e+01
[2026-04-03 11:55:06] raw first5 channel std= [43.63214183 66.58406981 26.39887872 26.1447231  26.16118027]
[2026-04-03 11:55:06] Requested window samples: 536
[2026-04-03 11:55:06] Base trial samples:       512
[2026-04-03 11:55:06] Stop offset samples:      24
[2026-04-03 11:55:06] Global class counts: [50, 50, 50, 50]
[2026-04-03 11:55:06] Chance level (4-class): 0.25
[2026-04-03 11:55:06] One window shape: (62, 536)
[2026-04-03 11:55:06] One window label: 2
[2026-04-03 11:55:06] Window sample length expected=536, got=536
[2026-04-03 11:55:06] Subjects in window split: [51]
[2026-04-03 11:55:06] Summarizing per-subject windows...
[2026-04-03 11:55:06]   Subject 51: n_windows=200, window_shape=(62, 536), class_counts=[50, 50, 50, 50]
[2026-04-03 11:55:06]    subject_id  n_windows  n_channels  n_times      class_counts
0          51        200          62      536  [50, 50, 50, 50]
[2026-04-03 11:55:06] Window validation summary:
[2026-04-03 11:55:06]   Subject 51: n_windows=200 class_counts=[50, 50, 50, 50]

[2026-04-03 11:55:06] Validated sampling rate target: 128 Hz
[2026-04-03 11:55:06] Validated window sample count:   536
[2026-04-03 11:55:06] Validated window duration:       4.1875 s
[2026-04-03 11:55:06] Validated channel count:         62
[2026-04-03 11:55:06] Total windows retained:          200
[2026-04-03 11:55:06] Preprocessing sanity checks:
[2026-04-03 11:55:06]   One sample label: 2
[2026-04-03 11:55:06]   One sample shape: (62, 536)
[2026-04-03 11:55:06]   Mean(abs(signal)): 1.289700e+01
[2026-04-03 11:55:06]   Mean(signal):      -1.325163e+00
[2026-04-03 11:55:06]   Std(signal):       1.614011e+01
[2026-04-03 11:55:06] Building model with input window duration: 4.1875 s
[2026-04-03 11:55:06] SignalJEPA_PreLocal instantiated successfully.
[2026-04-03 11:55:06]   Total parameters:     18,192
[2026-04-03 11:55:06]   Trainable parameters: 18,192
[2026-04-03 11:55:06] ======================================================================================================================================================
Layer (type (var_name):depth-idx)                  Input Shape               Output Shape              Param #                   Kernel Shape
======================================================================================================================================================
SignalJEPA_PreLocal (SignalJEPA_PreLocal)          [1, 62, 536]              [1, 4]                    --                        --
├─Sequential (spatial_conv): 1-1                   [1, 62, 536]              [1, 4, 536]               --                        --
│    └─Rearrange (0): 2-1                          [1, 62, 536]              [1, 1, 62, 536]           --                        --
│    └─Conv2d (1): 2-2                             [1, 1, 62, 536]           [1, 4, 1, 536]            252                       [62, 1]
│    └─Rearrange (2): 2-3                          [1, 4, 1, 536]            [1, 4, 536]               --                        --
├─_ConvFeatureEncoder (feature_encoder): 1-2       [1, 4, 536]               [1, 16, 64]               --                        --
│    └─Rearrange (0): 2-4                          [1, 4, 536]               [4, 1, 536]               --                        --
│    └─Sequential (1): 2-5                         [4, 1, 536]               [4, 8, 64]                --                        --
│    │    └─Conv1d (0): 3-1                        [4, 1, 536]               [4, 8, 64]                256                       [32]
│    │    └─Dropout (1): 3-2                       [4, 8, 64]                [4, 8, 64]                --                        --
│    │    └─GroupNorm (2): 3-3                     [4, 8, 64]                [4, 8, 64]                16                        --
│    │    └─GELU (3): 3-4                          [4, 8, 64]                [4, 8, 64]                --                        --
│    └─Sequential (2): 2-6                         [4, 8, 64]                [4, 16, 32]               --                        --
│    │    └─Conv1d (0): 3-5                        [4, 8, 64]                [4, 16, 32]               256                       [2]
│    │    └─Dropout (1): 3-6                       [4, 16, 32]               [4, 16, 32]               --                        --
│    │    └─GELU (2): 3-7                          [4, 16, 32]               [4, 16, 32]               --                        --
│    └─Sequential (3): 2-7                         [4, 16, 32]               [4, 32, 16]               --                        --
│    │    └─Conv1d (0): 3-8                        [4, 16, 32]               [4, 32, 16]               1,024                     [2]
│    │    └─Dropout (1): 3-9                       [4, 32, 16]               [4, 32, 16]               --                        --
│    │    └─GELU (2): 3-10                         [4, 32, 16]               [4, 32, 16]               --                        --
│    └─Sequential (4): 2-8                         [4, 32, 16]               [4, 64, 8]                --                        --
│    │    └─Conv1d (0): 3-11                       [4, 32, 16]               [4, 64, 8]                4,096                     [2]
│    │    └─Dropout (1): 3-12                      [4, 64, 8]                [4, 64, 8]                --                        --
│    │    └─GELU (2): 3-13                         [4, 64, 8]                [4, 64, 8]                --                        --
│    └─Sequential (5): 2-9                         [4, 64, 8]                [4, 64, 4]                --                        --
│    │    └─Conv1d (0): 3-14                       [4, 64, 8]                [4, 64, 4]                8,192                     [2]
│    │    └─Dropout (1): 3-15                      [4, 64, 4]                [4, 64, 4]                --                        --
│    │    └─GELU (2): 3-16                         [4, 64, 4]                [4, 64, 4]                --                        --
│    └─Rearrange (6): 2-10                         [4, 64, 4]                [1, 16, 64]               --                        --
├─Sequential (final_layer): 1-3                    [1, 16, 64]               [1, 4]                    --                        --
│    └─Flatten (0): 2-11                           [1, 16, 64]               [1, 1024]                 --                        --
│    └─Linear (1): 2-12                            [1, 1024]                 [1, 4]                    4,100                     --
======================================================================================================================================================
Total params: 18,192
Trainable params: 18,192
Non-trainable params: 0
Total mult-adds (Units.MEGABYTES): 0.57
======================================================================================================================================================
Input size (MB): 0.13
Forward/backward pass size (MB): 0.11
Params size (MB): 0.07
Estimated Total Size (MB): 0.31
======================================================================================================================================================
[2026-04-03 11:55:06] Initializing from 16s-60 pretrained checkpoint (Hugging Face):
[2026-04-03 11:55:06]   https://huggingface.co/braindecode/SignalJEPA/resolve/main/signal-jepa_16s-60_adeuwv4s.pth
[2026-04-03 11:55:06]   Downloaded 179 keys
[2026-04-03 11:55:06] ======================================================================
[2026-04-03 11:55:06] STARTING CROSS-VALIDATION
[2026-04-03 11:55:06] ======================================================================
[2026-04-03 11:55:06] Subjects:      [51]
[2026-04-03 11:55:06] CV folds:      5
[2026-04-03 11:55:06] Batch size:    32
[2026-04-03 11:55:06] Max epochs:    5000
[2026-04-03 11:55:06] Device:        mps
[2026-04-03 11:55:06] Seed control:  True
[2026-04-03 11:55:06] Base seed:     42
[2026-04-03 11:55:06] ======================================================================

[2026-04-03 11:55:06] Subject 51: 200 windows | class_counts=[50, 50, 50, 50]
[2026-04-03 11:55:06]   Fold 1 class counts: train=[32, 32, 32, 32] val=[8, 8, 8, 8] test=[10, 10, 10, 10]
[2026-04-03 11:55:06]   Fold 2 class counts: train=[32, 32, 32, 32] val=[8, 8, 8, 8] test=[10, 10, 10, 10]
[2026-04-03 11:55:06]   Fold 3 class counts: train=[32, 32, 32, 32] val=[8, 8, 8, 8] test=[10, 10, 10, 10]
[2026-04-03 11:55:06]   Fold 4 class counts: train=[32, 32, 32, 32] val=[8, 8, 8, 8] test=[10, 10, 10, 10]
[2026-04-03 11:55:06]   Fold 5 class counts: train=[32, 32, 32, 32] val=[8, 8, 8, 8] test=[10, 10, 10, 10]
[2026-04-03 11:55:06]     Train class counts: [32, 32, 32, 32]
[2026-04-03 11:55:06]     Val class counts:   [8, 8, 8, 8]
[2026-04-03 11:55:06]     Test class counts:  [10, 10, 10, 10]
[2026-04-03 11:55:06] Building model with input window duration: 4.1875 s
[2026-04-03 11:55:06] Pretrained weight loading:
[2026-04-03 11:55:06]   Downloaded keys:        179
[2026-04-03 11:55:06]   Filtered (transformer): 172
[2026-04-03 11:55:06]   Filtered (pos_encoder): 0
[2026-04-03 11:55:06]   Keys to load:           7
[2026-04-03 11:55:06]   Missing keys:           4
[2026-04-03 11:55:06]   Unexpected keys:        0
[2026-04-03 11:55:06]   Missing preview:        ['spatial_conv.1.weight', 'spatial_conv.1.bias', 'final_layer.1.weight', 'final_layer.1.bias']
[2026-04-03 11:55:06]   Unexpected preview:     []
[2026-04-03 11:55:06] Trainable modules: spatial_conv + final_layer (4,352 / 18,192 params, 23.9%)
[2026-04-03 11:55:06]   - final_layer.1.bias
[2026-04-03 11:55:06]   - final_layer.1.weight
[2026-04-03 11:55:06]   - spatial_conv.1.bias
[2026-04-03 11:55:06]   - spatial_conv.1.weight
[2026-04-03 11:55:24]   Fold 1/5 | best_epoch=255 | stop=305 | val_loss=1.3427 | acc=0.4500 | bal_acc=0.4500
[2026-04-03 11:55:24]     Train class counts: [32, 32, 32, 32]
[2026-04-03 11:55:24]     Val class counts:   [8, 8, 8, 8]
[2026-04-03 11:55:24]     Test class counts:  [10, 10, 10, 10]
[2026-04-03 11:55:24] Building model with input window duration: 4.1875 s
[2026-04-03 11:55:24] Pretrained weight loading:
[2026-04-03 11:55:24]   Downloaded keys:        179
[2026-04-03 11:55:24]   Filtered (transformer): 172
[2026-04-03 11:55:24]   Filtered (pos_encoder): 0
[2026-04-03 11:55:24]   Keys to load:           7
[2026-04-03 11:55:24]   Missing keys:           4
[2026-04-03 11:55:24]   Unexpected keys:        0
[2026-04-03 11:55:24]   Missing preview:        ['spatial_conv.1.weight', 'spatial_conv.1.bias', 'final_layer.1.weight', 'final_layer.1.bias']
[2026-04-03 11:55:24]   Unexpected preview:     []
[2026-04-03 11:55:36]   Fold 2/5 | best_epoch=159 | stop=209 | val_loss=1.2607 | acc=0.3000 | bal_acc=0.3000
[2026-04-03 11:55:36]     Train class counts: [32, 32, 32, 32]
[2026-04-03 11:55:36]     Val class counts:   [8, 8, 8, 8]
[2026-04-03 11:55:36]     Test class counts:  [10, 10, 10, 10]
[2026-04-03 11:55:36] Building model with input window duration: 4.1875 s
[2026-04-03 11:55:36] Pretrained weight loading:
[2026-04-03 11:55:36]   Downloaded keys:        179
[2026-04-03 11:55:36]   Filtered (transformer): 172
[2026-04-03 11:55:36]   Filtered (pos_encoder): 0
[2026-04-03 11:55:36]   Keys to load:           7
[2026-04-03 11:55:36]   Missing keys:           4
[2026-04-03 11:55:36]   Unexpected keys:        0
[2026-04-03 11:55:36]   Missing preview:        ['spatial_conv.1.weight', 'spatial_conv.1.bias', 'final_layer.1.weight', 'final_layer.1.bias']
[2026-04-03 11:55:36]   Unexpected preview:     []
[2026-04-03 11:56:00]   Fold 3/5 | best_epoch=343 | stop=393 | val_loss=1.2353 | acc=0.3750 | bal_acc=0.3750
[2026-04-03 11:56:00]     Train class counts: [32, 32, 32, 32]
[2026-04-03 11:56:00]     Val class counts:   [8, 8, 8, 8]
[2026-04-03 11:56:00]     Test class counts:  [10, 10, 10, 10]
[2026-04-03 11:56:00] Building model with input window duration: 4.1875 s
[2026-04-03 11:56:00] Pretrained weight loading:
[2026-04-03 11:56:00]   Downloaded keys:        179
[2026-04-03 11:56:00]   Filtered (transformer): 172
[2026-04-03 11:56:00]   Filtered (pos_encoder): 0
[2026-04-03 11:56:00]   Keys to load:           7
[2026-04-03 11:56:00]   Missing keys:           4
[2026-04-03 11:56:00]   Unexpected keys:        0
[2026-04-03 11:56:00]   Missing preview:        ['spatial_conv.1.weight', 'spatial_conv.1.bias', 'final_layer.1.weight', 'final_layer.1.bias']
[2026-04-03 11:56:00]   Unexpected preview:     []
[2026-04-03 11:56:07]   Fold 4/5 | best_epoch=57 | stop=107 | val_loss=1.3798 | acc=0.3500 | bal_acc=0.3500
[2026-04-03 11:56:07]     Train class counts: [32, 32, 32, 32]
[2026-04-03 11:56:07]     Val class counts:   [8, 8, 8, 8]
[2026-04-03 11:56:07]     Test class counts:  [10, 10, 10, 10]
[2026-04-03 11:56:07] Building model with input window duration: 4.1875 s
[2026-04-03 11:56:07] Pretrained weight loading:
[2026-04-03 11:56:07]   Downloaded keys:        179
[2026-04-03 11:56:07]   Filtered (transformer): 172
[2026-04-03 11:56:07]   Filtered (pos_encoder): 0
[2026-04-03 11:56:07]   Keys to load:           7
[2026-04-03 11:56:07]   Missing keys:           4
[2026-04-03 11:56:07]   Unexpected keys:        0
[2026-04-03 11:56:07]   Missing preview:        ['spatial_conv.1.weight', 'spatial_conv.1.bias', 'final_layer.1.weight', 'final_layer.1.bias']
[2026-04-03 11:56:07]   Unexpected preview:     []
[2026-04-03 11:56:10]   Fold 5/5 | best_epoch=1 | stop=51 | val_loss=1.3874 | acc=0.2750 | bal_acc=0.2750
[2026-04-03 11:56:10]   Subject 51 summary: acc=0.3500±0.0612  bal_acc=0.3500±0.0612

[2026-04-03 11:56:10] Total folds completed: 5
[2026-04-03 11:56:10] ======================================================================
[2026-04-03 11:56:10] AGGREGATED RESULTS
[2026-04-03 11:56:10] ======================================================================
[2026-04-03 11:56:10]   Subject 51:  acc=0.3500±0.0612  bal_acc=0.3500±0.0612
[2026-04-03 11:56:10] ----------------------------------------------------------------------
[2026-04-03 11:56:10]   OVERALL:      acc=0.3500±0.0612  bal_acc=0.3500±0.0612
[2026-04-03 11:56:10] ======================================================================
[2026-04-03 11:56:10] CV results saved to:      /Users/vadim/Documents/School/Spring 2026/CSCE A698 Individual Research/EEG_JEPA/artifacts/lee-2019-fine-tuning/SSVEP/20260403_1154_f79920a5/cv_results.json
[2026-04-03 11:56:10] Subject metrics saved to: /Users/vadim/Documents/School/Spring 2026/CSCE A698 Individual Research/EEG_JEPA/artifacts/lee-2019-fine-tuning/SSVEP/20260403_1154_f79920a5/subject_metrics.json
[2026-04-03 11:56:10] Global metrics saved to:  /Users/vadim/Documents/School/Spring 2026/CSCE A698 Individual Research/EEG_JEPA/artifacts/lee-2019-fine-tuning/SSVEP/20260403_1154_f79920a5/global_metrics.json
[2026-04-03 11:56:10] Run metadata saved to:    /Users/vadim/Documents/School/Spring 2026/CSCE A698 Individual Research/EEG_JEPA/artifacts/lee-2019-fine-tuning/SSVEP/20260403_1154_f79920a5/run_metadata.json

[2026-04-03 11:56:10] All artifacts in: /Users/vadim/Documents/School/Spring 2026/CSCE A698 Individual Research/EEG_JEPA/artifacts/lee-2019-fine-tuning/SSVEP/20260403_1154_f79920a5

[2026-04-03 11:56:10] ======================================================================
[2026-04-03 11:56:10] EXPERIMENT SUMMARY
[2026-04-03 11:56:10] ======================================================================
[2026-04-03 11:56:10] Run ID:    20260403_1154_f79920a5
[2026-04-03 11:56:10] Artifacts: /Users/vadim/Documents/School/Spring 2026/CSCE A698 Individual Research/EEG_JEPA/artifacts/lee-2019-fine-tuning/SSVEP/20260403_1154_f79920a5

[2026-04-03 11:56:10] Configuration:
[2026-04-03 11:56:10]   Subjects:          [51]
[2026-04-03 11:56:10]   Bandpass:          0.5-40.0 Hz
[2026-04-03 11:56:10]   Resample:          128 Hz
[2026-04-03 11:56:10]   CV folds:          5
[2026-04-03 11:56:10]   Learning rate:     0.001
[2026-04-03 11:56:10]   Batch size:        32
[2026-04-03 11:56:10]   Max epochs:        5000

[2026-04-03 11:56:10] Results:
[2026-04-03 11:56:10]   Mean Accuracy:          0.3500 ± 0.0612
[2026-04-03 11:56:10]   Mean Balanced Accuracy: 0.3500 ± 0.0612
