[2026-03-31 18:04:48] Using device: cpu
[2026-03-31 18:04:48] Seed control enabled: True
[2026-03-31 18:04:48] Base seed: 109
[2026-03-31 18:04:49] Seed initialized: 109
[2026-03-31 18:04:49] ======================================================================
[2026-03-31 18:04:49] CONFIGURATION
[2026-03-31 18:04:49] ======================================================================
[2026-03-31 18:04:49]   artifact_dir: /home/vegorov/Repos/eeg_jepa_research/artifacts/lee-2019-fine-tuning
[2026-03-31 18:04:49]   bandpass_high: 40.0
[2026-03-31 18:04:49]   bandpass_low: 0.5
[2026-03-31 18:04:49]   batch_size: 16
[2026-03-31 18:04:49]   convert_to_uV: True
[2026-03-31 18:04:49]   cv_folds: 5
[2026-03-31 18:04:49]   device: auto
[2026-03-31 18:04:49]   early_stopping_patience: 50
[2026-03-31 18:04:49]   learning_rate: 0.001
[2026-03-31 18:04:49]   n_epochs: 5000
[2026-03-31 18:04:49]   normalization_method: None
[2026-03-31 18:04:49]   normalize: False
[2026-03-31 18:04:49]   paradigm: SSVEP
[2026-03-31 18:04:49]   pretrained_url: https://huggingface.co/braindecode/SignalJEPA/resolve/main/signal-jepa_16s-60_adeuwv4s.pth
[2026-03-31 18:04:49]   seed: 109
[2026-03-31 18:04:49]   set_seed: True
[2026-03-31 18:04:49]   sfreq: 128
[2026-03-31 18:04:49]   subjects_to_use: [51]
[2026-03-31 18:04:49]   val_split: 0.2
[2026-03-31 18:04:49] ======================================================================
[2026-03-31 18:04:49] Config saved to: /home/vegorov/Repos/eeg_jepa_research/artifacts/lee-2019-fine-tuning/SSVEP/20260331_1804_680fc9b4/config.json
[2026-03-31 18:04:49] Epoch window configuration:
[2026-03-31 18:04:49]   Target sfreq:                128 Hz
[2026-03-31 18:04:49]   Target duration:             4.190000 s
[2026-03-31 18:04:49]   Window samples (rounded):    536
[2026-03-31 18:04:49]   Base trial samples (4.0 s):  512
[2026-03-31 18:04:49]   Trial stop offset samples:   24
[2026-03-31 18:04:49]   Effective window duration:   4.187500 s
[2026-03-31 18:04:49] Using specified subjects from config: [51]
[2026-03-31 18:04:49] Selected subjects: [51]
[2026-03-31 18:04:49] Expected evaluation folds: 5

[2026-03-31 18:04:49] Building MOABBDataset for Lee2019_SSVEP...
[2026-03-31 18:04:57] MOABBDataset recordings loaded: 1
[2026-03-31 18:04:57] Discovered annotation descriptions (first recording): [np.str_('12.0'), np.str_('5.45'), np.str_('6.67'), np.str_('8.57')]
[2026-03-31 18:04:57] Dataset event_id mapping: {'12.0': 1, '8.57': 2, '6.67': 3, '5.45': 4}
[2026-03-31 18:04:57] Label map (event_code -> class_index): {1: 0, 2: 1, 3: 2, 4: 3}
[2026-03-31 18:04:57] Applying Braindecode preprocessors to MOABBDataset...
[2026-03-31 18:05:00] Preprocessing complete.

[2026-03-31 18:05:00] Post-preprocessing validation
[2026-03-31 18:05:00]   Recordings in DATASET: 1
[2026-03-31 18:05:00]   Unique subject IDs:    ['51']
[2026-03-31 18:05:00]   sfreq (first rec):     128.0 Hz
[2026-03-31 18:05:00]   EEG channel count:     62
[2026-03-31 18:05:00]   First 10 channels:     ['Fp1', 'Fp2', 'F7', 'F3', 'Fz', 'F4', 'F8', 'FC5', 'FC1', 'FC2']
[2026-03-31 18:05:00] Channel consistency summary:
[2026-03-31 18:05:00]   Checked runs: 1
[2026-03-31 18:05:00]   Unique channel counts: [62]
[2026-03-31 18:05:00]   Channel order consistent: True
[2026-03-31 18:05:00] Validated EEG channels: 62
[2026-03-31 18:05:00] First 10 EEG channels: ['Fp1', 'Fp2', 'F7', 'F3', 'Fz', 'F4', 'F8', 'FC5', 'FC1', 'FC2']
[2026-03-31 18:05:00] raw mean_abs=8.654730e+00
[2026-03-31 18:05:00] raw std=3.494582e+01
[2026-03-31 18:05:00] raw first5 channel std= [46.22404553 54.63339771 16.95830183 13.82897057 11.24366025]
[2026-03-31 18:05:00] Requested window samples: 536
[2026-03-31 18:05:00] Base trial samples:       512
[2026-03-31 18:05:00] Stop offset samples:      24
[2026-03-31 18:05:00] Global class counts: [25, 25, 25, 25]
[2026-03-31 18:05:00] Chance level (4-class): 0.25
[2026-03-31 18:05:00] One window shape: (62, 536)
[2026-03-31 18:05:00] One window label: 1
[2026-03-31 18:05:00] Window sample length expected=536, got=536
[2026-03-31 18:05:00] Subjects in window split: [51]
[2026-03-31 18:05:00] Summarizing per-subject windows...
[2026-03-31 18:05:00]   Subject 51: n_windows=100, window_shape=(62, 536), class_counts=[25, 25, 25, 25]
[2026-03-31 18:05:00]    subject_id  n_windows  n_channels  n_times      class_counts
0          51        100          62      536  [25, 25, 25, 25]
[2026-03-31 18:05:00] Window validation summary:
[2026-03-31 18:05:00]   Subject 51: n_windows=100 class_counts=[25, 25, 25, 25]

[2026-03-31 18:05:00] Validated sampling rate target: 128 Hz
[2026-03-31 18:05:00] Validated window sample count:   536
[2026-03-31 18:05:00] Validated window duration:       4.1875 s
[2026-03-31 18:05:00] Validated channel count:         62
[2026-03-31 18:05:00] Total windows retained:          100
[2026-03-31 18:05:00] Preprocessing sanity checks:
[2026-03-31 18:05:00]   One sample label: 1
[2026-03-31 18:05:00]   One sample shape: (62, 536)
[2026-03-31 18:05:00]   Mean(abs(signal)): 4.094026e+00
[2026-03-31 18:05:00]   Mean(signal):      7.346552e-09
[2026-03-31 18:05:00]   Std(signal):       5.860601e+00
[2026-03-31 18:05:00] Building model with input window duration: 4.1875 s
[2026-03-31 18:05:00] SignalJEPA_PreLocal instantiated successfully.
[2026-03-31 18:05:00]   Total parameters:     18,192
[2026-03-31 18:05:00]   Trainable parameters: 18,192
[2026-03-31 18:05:00] ======================================================================================================================================================
Layer (type (var_name):depth-idx)                  Input Shape               Output Shape              Param #                   Kernel Shape
======================================================================================================================================================
SignalJEPA_PreLocal (SignalJEPA_PreLocal)          [1, 62, 536]              [1, 4]                    --                        --
├─Sequential (spatial_conv): 1-1                   [1, 62, 536]              [1, 4, 536]               --                        --
│    └─Rearrange (0): 2-1                          [1, 62, 536]              [1, 1, 62, 536]           --                        --
│    └─Conv2d (1): 2-2                             [1, 1, 62, 536]           [1, 4, 1, 536]            252                       [62, 1]
│    └─Rearrange (2): 2-3                          [1, 4, 1, 536]            [1, 4, 536]               --                        --
├─_ConvFeatureEncoder (feature_encoder): 1-2       [1, 4, 536]               [1, 16, 64]               --                        --
│    └─Rearrange (0): 2-4                          [1, 4, 536]               [4, 1, 536]               --                        --
│    └─Sequential (1): 2-5                         [4, 1, 536]               [4, 8, 64]                --                        --
│    │    └─Conv1d (0): 3-1                        [4, 1, 536]               [4, 8, 64]                256                       [32]
│    │    └─Dropout (1): 3-2                       [4, 8, 64]                [4, 8, 64]                --                        --
│    │    └─GroupNorm (2): 3-3                     [4, 8, 64]                [4, 8, 64]                16                        --
│    │    └─GELU (3): 3-4                          [4, 8, 64]                [4, 8, 64]                --                        --
│    └─Sequential (2): 2-6                         [4, 8, 64]                [4, 16, 32]               --                        --
│    │    └─Conv1d (0): 3-5                        [4, 8, 64]                [4, 16, 32]               256                       [2]
│    │    └─Dropout (1): 3-6                       [4, 16, 32]               [4, 16, 32]               --                        --
│    │    └─GELU (2): 3-7                          [4, 16, 32]               [4, 16, 32]               --                        --
│    └─Sequential (3): 2-7                         [4, 16, 32]               [4, 32, 16]               --                        --
│    │    └─Conv1d (0): 3-8                        [4, 16, 32]               [4, 32, 16]               1,024                     [2]
│    │    └─Dropout (1): 3-9                       [4, 32, 16]               [4, 32, 16]               --                        --
│    │    └─GELU (2): 3-10                         [4, 32, 16]               [4, 32, 16]               --                        --
│    └─Sequential (4): 2-8                         [4, 32, 16]               [4, 64, 8]                --                        --
│    │    └─Conv1d (0): 3-11                       [4, 32, 16]               [4, 64, 8]                4,096                     [2]
│    │    └─Dropout (1): 3-12                      [4, 64, 8]                [4, 64, 8]                --                        --
│    │    └─GELU (2): 3-13                         [4, 64, 8]                [4, 64, 8]                --                        --
│    └─Sequential (5): 2-9                         [4, 64, 8]                [4, 64, 4]                --                        --
│    │    └─Conv1d (0): 3-14                       [4, 64, 8]                [4, 64, 4]                8,192                     [2]
│    │    └─Dropout (1): 3-15                      [4, 64, 4]                [4, 64, 4]                --                        --
│    │    └─GELU (2): 3-16                         [4, 64, 4]                [4, 64, 4]                --                        --
│    └─Rearrange (6): 2-10                         [4, 64, 4]                [1, 16, 64]               --                        --
├─Sequential (final_layer): 1-3                    [1, 16, 64]               [1, 4]                    --                        --
│    └─Flatten (0): 2-11                           [1, 16, 64]               [1, 1024]                 --                        --
│    └─Linear (1): 2-12                            [1, 1024]                 [1, 4]                    4,100                     --
======================================================================================================================================================
Total params: 18,192
Trainable params: 18,192
Non-trainable params: 0
Total mult-adds (Units.MEGABYTES): 0.57
======================================================================================================================================================
Input size (MB): 0.13
Forward/backward pass size (MB): 0.11
Params size (MB): 0.07
Estimated Total Size (MB): 0.31
======================================================================================================================================================
[2026-03-31 18:05:00] Initializing from 16s-60 pretrained checkpoint (Hugging Face):
[2026-03-31 18:05:00]   https://huggingface.co/braindecode/SignalJEPA/resolve/main/signal-jepa_16s-60_adeuwv4s.pth
[2026-03-31 18:05:00]   Downloaded 179 keys
[2026-03-31 18:05:01] ======================================================================
[2026-03-31 18:05:01] STARTING CROSS-VALIDATION
[2026-03-31 18:05:01] ======================================================================
[2026-03-31 18:05:01] Subjects:      [51]
[2026-03-31 18:05:01] CV folds:      5
[2026-03-31 18:05:01] Batch size:    16
[2026-03-31 18:05:01] Max epochs:    5000
[2026-03-31 18:05:01] Device:        cpu
[2026-03-31 18:05:01] Seed control:  True
[2026-03-31 18:05:01] Base seed:     109
[2026-03-31 18:05:01] ======================================================================

[2026-03-31 18:05:01] Subject 51: 100 windows class_counts=[25, 25, 25, 25]
[2026-03-31 18:05:01]   Fold 1 split seed: 110
[2026-03-31 18:05:01]   Fold 1 split class counts:
[2026-03-31 18:05:01]     train=[16, 16, 16, 16] val=[4, 4, 4, 4] test=[5, 5, 5, 5]
[2026-03-31 18:05:01]   Fold 2 split seed: 111
[2026-03-31 18:05:01]   Fold 2 split class counts:
[2026-03-31 18:05:01]     train=[16, 16, 16, 16] val=[4, 4, 4, 4] test=[5, 5, 5, 5]
[2026-03-31 18:05:01]   Fold 3 split seed: 112
[2026-03-31 18:05:01]   Fold 3 split class counts:
[2026-03-31 18:05:01]     train=[16, 16, 16, 16] val=[4, 4, 4, 4] test=[5, 5, 5, 5]
[2026-03-31 18:05:01]   Fold 4 split seed: 113
[2026-03-31 18:05:01]   Fold 4 split class counts:
[2026-03-31 18:05:01]     train=[16, 16, 16, 16] val=[4, 4, 4, 4] test=[5, 5, 5, 5]
[2026-03-31 18:05:01]   Fold 5 split seed: 114
[2026-03-31 18:05:01]   Fold 5 split class counts:
[2026-03-31 18:05:01]     train=[16, 16, 16, 16] val=[4, 4, 4, 4] test=[5, 5, 5, 5]
[2026-03-31 18:05:01]   Subject 51 Fold 1 seed: 5210
[2026-03-31 18:05:01]   Subject 51 Fold 1: n_train=64 n_val=16 n_test=20
[2026-03-31 18:05:01]     Train class counts: [16, 16, 16, 16]
[2026-03-31 18:05:01]     Val class counts:   [4, 4, 4, 4]
[2026-03-31 18:05:01]     Test class counts:  [5, 5, 5, 5]
[2026-03-31 18:05:01] Building model with input window duration: 4.1875 s
[2026-03-31 18:05:01] Pretrained weight loading:
[2026-03-31 18:05:01]   Downloaded keys:        179
[2026-03-31 18:05:01]   Filtered (transformer): 172
[2026-03-31 18:05:01]   Filtered (pos_encoder): 0
[2026-03-31 18:05:01]   Keys to load:           7
[2026-03-31 18:05:01]   Missing keys:           4
[2026-03-31 18:05:01]   Unexpected keys:        0
[2026-03-31 18:05:01]   Missing preview:        ['spatial_conv.1.weight', 'spatial_conv.1.bias', 'final_layer.1.weight', 'final_layer.1.bias']
[2026-03-31 18:05:01]   Unexpected preview:     []
[2026-03-31 18:05:01] Encoder freeze configuration:
[2026-03-31 18:05:01]   Total parameters:        18,192
[2026-03-31 18:05:01]   Trainable parameters:    4,352
[2026-03-31 18:05:01]   Training percentage:     23.9%
[2026-03-31 18:05:01]   Trainable layers: 4
[2026-03-31 18:05:01]     - final_layer.1.bias
[2026-03-31 18:05:01]     - final_layer.1.weight
[2026-03-31 18:05:01]     - spatial_conv.1.bias
[2026-03-31 18:05:01]     - spatial_conv.1.weight
[2026-03-31 18:05:01]     Train generator seeded: True
[2026-03-31 18:05:04]     Stopped epoch:            236
[2026-03-31 18:05:04]     Best epoch (valid_loss):  186
[2026-03-31 18:05:04]     Best valid_loss:          1.2671663761138916
[2026-03-31 18:05:04]     Test accuracy (primary):  0.3000
[2026-03-31 18:05:04]     Test balanced acc:        0.3000
[2026-03-31 18:05:04]     Confusion matrix:         [[0, 2, 3, 0], [1, 3, 1, 0], [4, 0, 1, 0], [2, 0, 1, 2]]
[2026-03-31 18:05:04]     Prediction histogram:     [7, 5, 6, 2]
[2026-03-31 18:05:04]     fold_acc=0.3000 fold_bal_acc=0.3000 cm=[[0, 2, 3, 0], [1, 3, 1, 0], [4, 0, 1, 0], [2, 0, 1, 2]]
[2026-03-31 18:05:04]   Subject 51 Fold 2 seed: 5211
[2026-03-31 18:05:04]   Subject 51 Fold 2: n_train=64 n_val=16 n_test=20
[2026-03-31 18:05:04]     Train class counts: [16, 16, 16, 16]
[2026-03-31 18:05:04]     Val class counts:   [4, 4, 4, 4]
[2026-03-31 18:05:04]     Test class counts:  [5, 5, 5, 5]
[2026-03-31 18:05:04] Building model with input window duration: 4.1875 s
[2026-03-31 18:05:04] Pretrained weight loading:
[2026-03-31 18:05:04]   Downloaded keys:        179
[2026-03-31 18:05:04]   Filtered (transformer): 172
[2026-03-31 18:05:04]   Filtered (pos_encoder): 0
[2026-03-31 18:05:04]   Keys to load:           7
[2026-03-31 18:05:04]   Missing keys:           4
[2026-03-31 18:05:04]   Unexpected keys:        0
[2026-03-31 18:05:04]   Missing preview:        ['spatial_conv.1.weight', 'spatial_conv.1.bias', 'final_layer.1.weight', 'final_layer.1.bias']
[2026-03-31 18:05:04]   Unexpected preview:     []
[2026-03-31 18:05:04] Encoder freeze configuration:
[2026-03-31 18:05:04]   Total parameters:        18,192
[2026-03-31 18:05:04]   Trainable parameters:    4,352
[2026-03-31 18:05:04]   Training percentage:     23.9%
[2026-03-31 18:05:04]   Trainable layers: 4
[2026-03-31 18:05:04]     - final_layer.1.bias
[2026-03-31 18:05:04]     - final_layer.1.weight
[2026-03-31 18:05:04]     - spatial_conv.1.bias
[2026-03-31 18:05:04]     - spatial_conv.1.weight
[2026-03-31 18:05:04]     Train generator seeded: True
[2026-03-31 18:05:05]     Stopped epoch:            61
[2026-03-31 18:05:05]     Best epoch (valid_loss):  12
[2026-03-31 18:05:05]     Best valid_loss:          1.3857136964797974
[2026-03-31 18:05:05]     Test accuracy (primary):  0.4500
[2026-03-31 18:05:05]     Test balanced acc:        0.4500
[2026-03-31 18:05:05]     Confusion matrix:         [[3, 2, 0, 0], [0, 4, 1, 0], [4, 1, 0, 0], [1, 2, 0, 2]]
[2026-03-31 18:05:05]     Prediction histogram:     [8, 9, 1, 2]
[2026-03-31 18:05:05]     fold_acc=0.4500 fold_bal_acc=0.4500 cm=[[3, 2, 0, 0], [0, 4, 1, 0], [4, 1, 0, 0], [1, 2, 0, 2]]
[2026-03-31 18:05:05]   Subject 51 Fold 3 seed: 5212
[2026-03-31 18:05:05]   Subject 51 Fold 3: n_train=64 n_val=16 n_test=20
[2026-03-31 18:05:05]     Train class counts: [16, 16, 16, 16]
[2026-03-31 18:05:05]     Val class counts:   [4, 4, 4, 4]
[2026-03-31 18:05:05]     Test class counts:  [5, 5, 5, 5]
[2026-03-31 18:05:05] Building model with input window duration: 4.1875 s
[2026-03-31 18:05:05] Pretrained weight loading:
[2026-03-31 18:05:05]   Downloaded keys:        179
[2026-03-31 18:05:05]   Filtered (transformer): 172
[2026-03-31 18:05:05]   Filtered (pos_encoder): 0
[2026-03-31 18:05:05]   Keys to load:           7
[2026-03-31 18:05:05]   Missing keys:           4
[2026-03-31 18:05:05]   Unexpected keys:        0
[2026-03-31 18:05:05]   Missing preview:        ['spatial_conv.1.weight', 'spatial_conv.1.bias', 'final_layer.1.weight', 'final_layer.1.bias']
[2026-03-31 18:05:05]   Unexpected preview:     []
[2026-03-31 18:05:05] Encoder freeze configuration:
[2026-03-31 18:05:05]   Total parameters:        18,192
[2026-03-31 18:05:05]   Trainable parameters:    4,352
[2026-03-31 18:05:05]   Training percentage:     23.9%
[2026-03-31 18:05:05]   Trainable layers: 4
[2026-03-31 18:05:05]     - final_layer.1.bias
[2026-03-31 18:05:05]     - final_layer.1.weight
[2026-03-31 18:05:05]     - spatial_conv.1.bias
[2026-03-31 18:05:05]     - spatial_conv.1.weight
[2026-03-31 18:05:05]     Train generator seeded: True
[2026-03-31 18:05:06]     Stopped epoch:            112
[2026-03-31 18:05:06]     Best epoch (valid_loss):  62
[2026-03-31 18:05:06]     Best valid_loss:          1.3123210668563843
[2026-03-31 18:05:06]     Test accuracy (primary):  0.3500
[2026-03-31 18:05:06]     Test balanced acc:        0.3500
[2026-03-31 18:05:06]     Confusion matrix:         [[1, 0, 4, 0], [1, 2, 1, 1], [2, 1, 2, 0], [1, 2, 0, 2]]
[2026-03-31 18:05:06]     Prediction histogram:     [5, 5, 7, 3]
[2026-03-31 18:05:06]     fold_acc=0.3500 fold_bal_acc=0.3500 cm=[[1, 0, 4, 0], [1, 2, 1, 1], [2, 1, 2, 0], [1, 2, 0, 2]]
[2026-03-31 18:05:06]   Subject 51 Fold 4 seed: 5213
[2026-03-31 18:05:06]   Subject 51 Fold 4: n_train=64 n_val=16 n_test=20
[2026-03-31 18:05:06]     Train class counts: [16, 16, 16, 16]
[2026-03-31 18:05:06]     Val class counts:   [4, 4, 4, 4]
[2026-03-31 18:05:06]     Test class counts:  [5, 5, 5, 5]
[2026-03-31 18:05:06] Building model with input window duration: 4.1875 s
[2026-03-31 18:05:06] Pretrained weight loading:
[2026-03-31 18:05:06]   Downloaded keys:        179
[2026-03-31 18:05:06]   Filtered (transformer): 172
[2026-03-31 18:05:06]   Filtered (pos_encoder): 0
[2026-03-31 18:05:06]   Keys to load:           7
[2026-03-31 18:05:06]   Missing keys:           4
[2026-03-31 18:05:06]   Unexpected keys:        0
[2026-03-31 18:05:06]   Missing preview:        ['spatial_conv.1.weight', 'spatial_conv.1.bias', 'final_layer.1.weight', 'final_layer.1.bias']
[2026-03-31 18:05:06]   Unexpected preview:     []
[2026-03-31 18:05:06] Encoder freeze configuration:
[2026-03-31 18:05:06]   Total parameters:        18,192
[2026-03-31 18:05:06]   Trainable parameters:    4,352
[2026-03-31 18:05:06]   Training percentage:     23.9%
[2026-03-31 18:05:06]   Trainable layers: 4
[2026-03-31 18:05:06]     - final_layer.1.bias
[2026-03-31 18:05:06]     - final_layer.1.weight
[2026-03-31 18:05:06]     - spatial_conv.1.bias
[2026-03-31 18:05:06]     - spatial_conv.1.weight
[2026-03-31 18:05:06]     Train generator seeded: True
[2026-03-31 18:05:09]     Stopped epoch:            211
[2026-03-31 18:05:09]     Best epoch (valid_loss):  161
[2026-03-31 18:05:09]     Best valid_loss:          1.2656193971633911
[2026-03-31 18:05:09]     Test accuracy (primary):  0.2500
[2026-03-31 18:05:09]     Test balanced acc:        0.2500
[2026-03-31 18:05:09]     Confusion matrix:         [[2, 1, 0, 2], [3, 1, 1, 0], [3, 0, 1, 1], [2, 1, 1, 1]]
[2026-03-31 18:05:09]     Prediction histogram:     [10, 3, 3, 4]
[2026-03-31 18:05:09]     fold_acc=0.2500 fold_bal_acc=0.2500 cm=[[2, 1, 0, 2], [3, 1, 1, 0], [3, 0, 1, 1], [2, 1, 1, 1]]
[2026-03-31 18:05:09]   Subject 51 Fold 5 seed: 5214
[2026-03-31 18:05:09]   Subject 51 Fold 5: n_train=64 n_val=16 n_test=20
[2026-03-31 18:05:09]     Train class counts: [16, 16, 16, 16]
[2026-03-31 18:05:09]     Val class counts:   [4, 4, 4, 4]
[2026-03-31 18:05:09]     Test class counts:  [5, 5, 5, 5]
[2026-03-31 18:05:09] Building model with input window duration: 4.1875 s
[2026-03-31 18:05:09] Pretrained weight loading:
[2026-03-31 18:05:09]   Downloaded keys:        179
[2026-03-31 18:05:09]   Filtered (transformer): 172
[2026-03-31 18:05:09]   Filtered (pos_encoder): 0
[2026-03-31 18:05:09]   Keys to load:           7
[2026-03-31 18:05:09]   Missing keys:           4
[2026-03-31 18:05:09]   Unexpected keys:        0
[2026-03-31 18:05:09]   Missing preview:        ['spatial_conv.1.weight', 'spatial_conv.1.bias', 'final_layer.1.weight', 'final_layer.1.bias']
[2026-03-31 18:05:09]   Unexpected preview:     []
[2026-03-31 18:05:09] Encoder freeze configuration:
[2026-03-31 18:05:09]   Total parameters:        18,192
[2026-03-31 18:05:09]   Trainable parameters:    4,352
[2026-03-31 18:05:09]   Training percentage:     23.9%
[2026-03-31 18:05:09]   Trainable layers: 4
[2026-03-31 18:05:09]     - final_layer.1.bias
[2026-03-31 18:05:09]     - final_layer.1.weight
[2026-03-31 18:05:09]     - spatial_conv.1.bias
[2026-03-31 18:05:09]     - spatial_conv.1.weight
[2026-03-31 18:05:09]     Train generator seeded: True
[2026-03-31 18:05:09]     Stopped epoch:            53
[2026-03-31 18:05:09]     Best epoch (valid_loss):  3
[2026-03-31 18:05:09]     Best valid_loss:          1.3834666013717651
[2026-03-31 18:05:09]     Test accuracy (primary):  0.2500
[2026-03-31 18:05:09]     Test balanced acc:        0.2500
[2026-03-31 18:05:09]     Confusion matrix:         [[0, 3, 2, 0], [0, 3, 2, 0], [0, 3, 2, 0], [2, 2, 1, 0]]
[2026-03-31 18:05:09]     Prediction histogram:     [2, 11, 7, 0]
[2026-03-31 18:05:09]     fold_acc=0.2500 fold_bal_acc=0.2500 cm=[[0, 3, 2, 0], [0, 3, 2, 0], [0, 3, 2, 0], [2, 2, 1, 0]]
[2026-03-31 18:05:09]   Subject 51 mean accuracy: 0.3200

[2026-03-31 18:05:09] Total folds completed: 5
[2026-03-31 18:05:09] ======================================================================
[2026-03-31 18:05:09] AGGREGATED RESULTS
[2026-03-31 18:05:09] ======================================================================
[2026-03-31 18:05:09]   Subject 51:  acc=0.3200±0.0748  bal_acc=0.3200±0.0748
[2026-03-31 18:05:09] ----------------------------------------------------------------------
[2026-03-31 18:05:09]   OVERALL:      acc=0.3200±0.0748  bal_acc=0.3200±0.0748
[2026-03-31 18:05:09] ======================================================================
[2026-03-31 18:05:09] CV results saved to:      /home/vegorov/Repos/eeg_jepa_research/artifacts/lee-2019-fine-tuning/SSVEP/20260331_1804_680fc9b4/cv_results.json
[2026-03-31 18:05:09] Subject metrics saved to: /home/vegorov/Repos/eeg_jepa_research/artifacts/lee-2019-fine-tuning/SSVEP/20260331_1804_680fc9b4/subject_metrics.json
[2026-03-31 18:05:09] Global metrics saved to:  /home/vegorov/Repos/eeg_jepa_research/artifacts/lee-2019-fine-tuning/SSVEP/20260331_1804_680fc9b4/global_metrics.json
[2026-03-31 18:05:09] Run metadata saved to:    /home/vegorov/Repos/eeg_jepa_research/artifacts/lee-2019-fine-tuning/SSVEP/20260331_1804_680fc9b4/run_metadata.json

[2026-03-31 18:05:09] All artifacts in: /home/vegorov/Repos/eeg_jepa_research/artifacts/lee-2019-fine-tuning/SSVEP/20260331_1804_680fc9b4

[2026-03-31 18:05:09] ======================================================================
[2026-03-31 18:05:09] EXPERIMENT SUMMARY
[2026-03-31 18:05:09] ======================================================================
[2026-03-31 18:05:09] Run ID:    20260331_1804_680fc9b4
[2026-03-31 18:05:09] Artifacts: /home/vegorov/Repos/eeg_jepa_research/artifacts/lee-2019-fine-tuning/SSVEP/20260331_1804_680fc9b4

[2026-03-31 18:05:09] Configuration:
[2026-03-31 18:05:09]   Subjects:          [51]
[2026-03-31 18:05:09]   Bandpass:          0.5-40.0 Hz
[2026-03-31 18:05:09]   Resample:          128 Hz
[2026-03-31 18:05:09]   CV folds:          5
[2026-03-31 18:05:09]   Learning rate:     0.001
[2026-03-31 18:05:09]   Batch size:        16
[2026-03-31 18:05:09]   Max epochs:        5000

[2026-03-31 18:05:09] Results:
[2026-03-31 18:05:09]   Mean Accuracy:          0.3200 ± 0.0748
[2026-03-31 18:05:09]   Mean Balanced Accuracy: 0.3200 ± 0.0748
