[2026-04-04 13:18:45] Using device: mps
[2026-04-04 13:18:45] Seed control enabled: True
[2026-04-04 13:18:45] Base seed: 6108
[2026-04-04 13:18:46] Seed initialized: 6108
[2026-04-04 13:18:46] ======================================================================
[2026-04-04 13:18:46] CONFIGURATION
[2026-04-04 13:18:46] ======================================================================
[2026-04-04 13:18:46]   artifact_dir: /Users/vadim/Documents/School/Spring 2026/CSCE A698 Individual Research/EEG_JEPA/artifacts/lee-2019-fine-tuning
[2026-04-04 13:18:46]   bandpass_high: 40.0
[2026-04-04 13:18:46]   bandpass_low: 0.5
[2026-04-04 13:18:46]   batch_size: 16
[2026-04-04 13:18:46]   convert_to_uV: True
[2026-04-04 13:18:46]   criterion: None
[2026-04-04 13:18:46]   cv_folds: 5
[2026-04-04 13:18:46]   device: auto
[2026-04-04 13:18:46]   early_stopping_patience: 50
[2026-04-04 13:18:46]   learning_rate: 0.003
[2026-04-04 13:18:46]   n_epochs: 5000
[2026-04-04 13:18:46]   normalization_method: None
[2026-04-04 13:18:46]   normalize: False
[2026-04-04 13:18:46]   optimizer: Adam
[2026-04-04 13:18:46]   paradigm: SSVEP
[2026-04-04 13:18:46]   pretrained_url: https://huggingface.co/braindecode/SignalJEPA/resolve/main/signal-jepa_16s-60_adeuwv4s.pth
[2026-04-04 13:18:46]   requested_trial_duration_s: 4.19
[2026-04-04 13:18:46]   seed: 6108
[2026-04-04 13:18:46]   set_eeg_reference: True
[2026-04-04 13:18:46]   set_seed: True
[2026-04-04 13:18:46]   sfreq: 128
[2026-04-04 13:18:46]   subjects_to_use: [51, 54]
[2026-04-04 13:18:46]   val_split: 0.2
[2026-04-04 13:18:46] ======================================================================
[2026-04-04 13:18:46] Config saved to: /Users/vadim/Documents/School/Spring 2026/CSCE A698 Individual Research/EEG_JEPA/artifacts/lee-2019-fine-tuning/SSVEP/20260404_1318_a798b760/config.json
[2026-04-04 13:18:46] Epoch window configuration:
[2026-04-04 13:18:46]   Target sfreq:                128 Hz
[2026-04-04 13:18:46]   Target duration:             4.190000 s
[2026-04-04 13:18:46]   Window samples (rounded):    536
[2026-04-04 13:18:46]   Base trial samples (4.0 s):  512
[2026-04-04 13:18:46]   Trial stop offset samples:   24
[2026-04-04 13:18:46]   Effective window duration:   4.187500 s
[2026-04-04 13:18:46] Using specified subjects from config: [51, 54]
[2026-04-04 13:18:46] Selected subjects: [51, 54]
[2026-04-04 13:18:46] Expected evaluation folds: 10

[2026-04-04 13:18:46] Building MOABBDataset for Lee2019_SSVEP...
[2026-04-04 13:19:10] MOABBDataset recordings loaded: 4
[2026-04-04 13:19:10] Discovered annotation descriptions (first recording): [np.str_('12.0'), np.str_('5.45'), np.str_('6.67'), np.str_('8.57')]
[2026-04-04 13:19:10] Dataset event_id mapping: {'12.0': 1, '8.57': 2, '6.67': 3, '5.45': 4}
[2026-04-04 13:19:10] Label map (event_code -> class_index): {1: 0, 2: 1, 3: 2, 4: 3}
[2026-04-04 13:19:10] Applying Braindecode preprocessors to MOABBDataset...
[2026-04-04 13:19:26] Preprocessing complete.

[2026-04-04 13:19:26] Post-preprocessing validation
[2026-04-04 13:19:26]   Recordings in DATASET: 4
[2026-04-04 13:19:26]   Unique subject IDs:    ['51', '54']
[2026-04-04 13:19:26]   sfreq (first rec):     128.0 Hz
[2026-04-04 13:19:26]   EEG channel count:     62
[2026-04-04 13:19:26]   First 10 channels:     ['Fp1', 'Fp2', 'F7', 'F3', 'Fz', 'F4', 'F8', 'FC5', 'FC1', 'FC2']
[2026-04-04 13:19:26] Channel consistency summary:
[2026-04-04 13:19:26]   Checked runs: 4
[2026-04-04 13:19:26]   Unique channel counts: [62]
[2026-04-04 13:19:26]   Channel order consistent: True
[2026-04-04 13:19:26] Validated EEG channels: 62
[2026-04-04 13:19:26] First 10 EEG channels: ['Fp1', 'Fp2', 'F7', 'F3', 'Fz', 'F4', 'F8', 'FC5', 'FC1', 'FC2']
[2026-04-04 13:19:26] raw mean_abs=6.206608e+00
[2026-04-04 13:19:26] raw std=2.712803e+01
[2026-04-04 13:19:26] raw first5 channel std= [30.27595633 56.56813395 13.75714116  8.89857459  7.91183515]
[2026-04-04 13:19:26] Requested window samples: 536
[2026-04-04 13:19:26] Base trial samples:       512
[2026-04-04 13:19:26] Stop offset samples:      24
[2026-04-04 13:19:26] Global class counts: [100, 100, 100, 100]
[2026-04-04 13:19:26] Chance level (4-class): 0.25
[2026-04-04 13:19:26] One window shape: (62, 536)
[2026-04-04 13:19:26] One window label: 2
[2026-04-04 13:19:26] Window sample length expected=536, got=536
[2026-04-04 13:19:26] Subjects in window split: [51, 54]
[2026-04-04 13:19:26] Summarizing per-subject windows...
[2026-04-04 13:19:26]   Subject 51: n_windows=200, window_shape=(62, 536), class_counts=[50, 50, 50, 50]
[2026-04-04 13:19:26]   Subject 54: n_windows=200, window_shape=(62, 536), class_counts=[50, 50, 50, 50]
[2026-04-04 13:19:26]    subject_id  n_windows  n_channels  n_times      class_counts
0          51        200          62      536  [50, 50, 50, 50]
1          54        200          62      536  [50, 50, 50, 50]
[2026-04-04 13:19:26] Window validation summary:
[2026-04-04 13:19:26]   Subject 51: n_windows=200 class_counts=[50, 50, 50, 50]
[2026-04-04 13:19:26]   Subject 54: n_windows=200 class_counts=[50, 50, 50, 50]

[2026-04-04 13:19:26] Validated sampling rate target: 128 Hz
[2026-04-04 13:19:26] Validated window sample count:   536
[2026-04-04 13:19:26] Validated window duration:       4.1875 s
[2026-04-04 13:19:26] Validated channel count:         62
[2026-04-04 13:19:26] Total windows retained:          400
[2026-04-04 13:19:26] Preprocessing sanity checks:
[2026-04-04 13:19:26]   One sample label: 2
[2026-04-04 13:19:26]   One sample shape: (62, 536)
[2026-04-04 13:19:26]   Mean(abs(signal)): 7.808386e+00
[2026-04-04 13:19:26]   Mean(signal):      -1.469310e-08
[2026-04-04 13:19:26]   Std(signal):       1.102899e+01
[2026-04-04 13:19:26] Building model with input window duration: 4.1875 s
[2026-04-04 13:19:26] SignalJEPA_PreLocal instantiated successfully.
[2026-04-04 13:19:26]   Total parameters:     18,192
[2026-04-04 13:19:26]   Trainable parameters: 18,192
[2026-04-04 13:19:26] ======================================================================================================================================================
Layer (type (var_name):depth-idx)                  Input Shape               Output Shape              Param #                   Kernel Shape
======================================================================================================================================================
SignalJEPA_PreLocal (SignalJEPA_PreLocal)          [1, 62, 536]              [1, 4]                    --                        --
├─Sequential (spatial_conv): 1-1                   [1, 62, 536]              [1, 4, 536]               --                        --
│    └─Rearrange (0): 2-1                          [1, 62, 536]              [1, 1, 62, 536]           --                        --
│    └─Conv2d (1): 2-2                             [1, 1, 62, 536]           [1, 4, 1, 536]            252                       [62, 1]
│    └─Rearrange (2): 2-3                          [1, 4, 1, 536]            [1, 4, 536]               --                        --
├─_ConvFeatureEncoder (feature_encoder): 1-2       [1, 4, 536]               [1, 16, 64]               --                        --
│    └─Rearrange (0): 2-4                          [1, 4, 536]               [4, 1, 536]               --                        --
│    └─Sequential (1): 2-5                         [4, 1, 536]               [4, 8, 64]                --                        --
│    │    └─Conv1d (0): 3-1                        [4, 1, 536]               [4, 8, 64]                256                       [32]
│    │    └─Dropout (1): 3-2                       [4, 8, 64]                [4, 8, 64]                --                        --
│    │    └─GroupNorm (2): 3-3                     [4, 8, 64]                [4, 8, 64]                16                        --
│    │    └─GELU (3): 3-4                          [4, 8, 64]                [4, 8, 64]                --                        --
│    └─Sequential (2): 2-6                         [4, 8, 64]                [4, 16, 32]               --                        --
│    │    └─Conv1d (0): 3-5                        [4, 8, 64]                [4, 16, 32]               256                       [2]
│    │    └─Dropout (1): 3-6                       [4, 16, 32]               [4, 16, 32]               --                        --
│    │    └─GELU (2): 3-7                          [4, 16, 32]               [4, 16, 32]               --                        --
│    └─Sequential (3): 2-7                         [4, 16, 32]               [4, 32, 16]               --                        --
│    │    └─Conv1d (0): 3-8                        [4, 16, 32]               [4, 32, 16]               1,024                     [2]
│    │    └─Dropout (1): 3-9                       [4, 32, 16]               [4, 32, 16]               --                        --
│    │    └─GELU (2): 3-10                         [4, 32, 16]               [4, 32, 16]               --                        --
│    └─Sequential (4): 2-8                         [4, 32, 16]               [4, 64, 8]                --                        --
│    │    └─Conv1d (0): 3-11                       [4, 32, 16]               [4, 64, 8]                4,096                     [2]
│    │    └─Dropout (1): 3-12                      [4, 64, 8]                [4, 64, 8]                --                        --
│    │    └─GELU (2): 3-13                         [4, 64, 8]                [4, 64, 8]                --                        --
│    └─Sequential (5): 2-9                         [4, 64, 8]                [4, 64, 4]                --                        --
│    │    └─Conv1d (0): 3-14                       [4, 64, 8]                [4, 64, 4]                8,192                     [2]
│    │    └─Dropout (1): 3-15                      [4, 64, 4]                [4, 64, 4]                --                        --
│    │    └─GELU (2): 3-16                         [4, 64, 4]                [4, 64, 4]                --                        --
│    └─Rearrange (6): 2-10                         [4, 64, 4]                [1, 16, 64]               --                        --
├─Sequential (final_layer): 1-3                    [1, 16, 64]               [1, 4]                    --                        --
│    └─Flatten (0): 2-11                           [1, 16, 64]               [1, 1024]                 --                        --
│    └─Linear (1): 2-12                            [1, 1024]                 [1, 4]                    4,100                     --
======================================================================================================================================================
Total params: 18,192
Trainable params: 18,192
Non-trainable params: 0
Total mult-adds (Units.MEGABYTES): 0.57
======================================================================================================================================================
Input size (MB): 0.13
Forward/backward pass size (MB): 0.11
Params size (MB): 0.07
Estimated Total Size (MB): 0.31
======================================================================================================================================================
[2026-04-04 13:19:26] Initializing from 16s-60 pretrained checkpoint (Hugging Face):
[2026-04-04 13:19:26]   https://huggingface.co/braindecode/SignalJEPA/resolve/main/signal-jepa_16s-60_adeuwv4s.pth
[2026-04-04 13:19:26]   Downloaded 179 keys
[2026-04-04 13:19:26] ======================================================================
[2026-04-04 13:19:26] STARTING CROSS-VALIDATION
[2026-04-04 13:19:26] ======================================================================
[2026-04-04 13:19:26] Subjects:      [51, 54]
[2026-04-04 13:19:26] CV folds:      5
[2026-04-04 13:19:26] Batch size:    16
[2026-04-04 13:19:26] Max epochs:    5000
[2026-04-04 13:19:26] Device:        mps
[2026-04-04 13:19:26] Seed control:  True
[2026-04-04 13:19:26] Base seed:     6108
[2026-04-04 13:19:26] ======================================================================

[2026-04-04 13:19:26] Subject 51: 200 windows | class_counts=[50, 50, 50, 50]
[2026-04-04 13:19:26]   Fold 1 class counts: train=[32, 32, 32, 32] val=[8, 8, 8, 8] test=[10, 10, 10, 10]
[2026-04-04 13:19:26]   Fold 2 class counts: train=[32, 32, 32, 32] val=[8, 8, 8, 8] test=[10, 10, 10, 10]
[2026-04-04 13:19:26]   Fold 3 class counts: train=[32, 32, 32, 32] val=[8, 8, 8, 8] test=[10, 10, 10, 10]
[2026-04-04 13:19:26]   Fold 4 class counts: train=[32, 32, 32, 32] val=[8, 8, 8, 8] test=[10, 10, 10, 10]
[2026-04-04 13:19:26]   Fold 5 class counts: train=[32, 32, 32, 32] val=[8, 8, 8, 8] test=[10, 10, 10, 10]
[2026-04-04 13:19:26]     Train class counts: [32, 32, 32, 32]
[2026-04-04 13:19:26]     Val class counts:   [8, 8, 8, 8]
[2026-04-04 13:19:26]     Test class counts:  [10, 10, 10, 10]
[2026-04-04 13:19:26] Building model with input window duration: 4.1875 s
[2026-04-04 13:19:26] Pretrained weight loading:
[2026-04-04 13:19:26]   Downloaded keys:        179
[2026-04-04 13:19:26]   Filtered (transformer): 172
[2026-04-04 13:19:26]   Filtered (pos_encoder): 0
[2026-04-04 13:19:26]   Keys to load:           7
[2026-04-04 13:19:26]   Missing keys:           4
[2026-04-04 13:19:26]   Unexpected keys:        0
[2026-04-04 13:19:26]   Missing preview:        ['spatial_conv.1.weight', 'spatial_conv.1.bias', 'final_layer.1.weight', 'final_layer.1.bias']
[2026-04-04 13:19:26]   Unexpected preview:     []
[2026-04-04 13:19:26] Trainable modules: spatial_conv + final_layer (4,352 / 18,192 params, 23.9%)
[2026-04-04 13:19:26]   - final_layer.1.bias
[2026-04-04 13:19:26]   - final_layer.1.weight
[2026-04-04 13:19:26]   - spatial_conv.1.bias
[2026-04-04 13:19:26]   - spatial_conv.1.weight
[2026-04-04 13:19:48]   Fold 1/5 | best_epoch=216 | stop=266 | val_loss=1.0466 | acc=0.5750 | bal_acc=0.5750
[2026-04-04 13:19:48]     Train class counts: [32, 32, 32, 32]
[2026-04-04 13:19:48]     Val class counts:   [8, 8, 8, 8]
[2026-04-04 13:19:48]     Test class counts:  [10, 10, 10, 10]
[2026-04-04 13:19:48] Building model with input window duration: 4.1875 s
[2026-04-04 13:19:48] Pretrained weight loading:
[2026-04-04 13:19:48]   Downloaded keys:        179
[2026-04-04 13:19:48]   Filtered (transformer): 172
[2026-04-04 13:19:48]   Filtered (pos_encoder): 0
[2026-04-04 13:19:48]   Keys to load:           7
[2026-04-04 13:19:48]   Missing keys:           4
[2026-04-04 13:19:48]   Unexpected keys:        0
[2026-04-04 13:19:48]   Missing preview:        ['spatial_conv.1.weight', 'spatial_conv.1.bias', 'final_layer.1.weight', 'final_layer.1.bias']
[2026-04-04 13:19:48]   Unexpected preview:     []
[2026-04-04 13:19:52]   Fold 2/5 | best_epoch=12 | stop=62 | val_loss=1.3713 | acc=0.3750 | bal_acc=0.3750
[2026-04-04 13:19:52]     Train class counts: [32, 32, 32, 32]
[2026-04-04 13:19:52]     Val class counts:   [8, 8, 8, 8]
[2026-04-04 13:19:52]     Test class counts:  [10, 10, 10, 10]
[2026-04-04 13:19:52] Building model with input window duration: 4.1875 s
[2026-04-04 13:19:52] Pretrained weight loading:
[2026-04-04 13:19:52]   Downloaded keys:        179
[2026-04-04 13:19:52]   Filtered (transformer): 172
[2026-04-04 13:19:52]   Filtered (pos_encoder): 0
[2026-04-04 13:19:52]   Keys to load:           7
[2026-04-04 13:19:52]   Missing keys:           4
[2026-04-04 13:19:52]   Unexpected keys:        0
[2026-04-04 13:19:52]   Missing preview:        ['spatial_conv.1.weight', 'spatial_conv.1.bias', 'final_layer.1.weight', 'final_layer.1.bias']
[2026-04-04 13:19:52]   Unexpected preview:     []
[2026-04-04 13:20:02]   Fold 3/5 | best_epoch=69 | stop=119 | val_loss=1.2777 | acc=0.4750 | bal_acc=0.4750
[2026-04-04 13:20:02]     Train class counts: [32, 32, 32, 32]
[2026-04-04 13:20:02]     Val class counts:   [8, 8, 8, 8]
[2026-04-04 13:20:02]     Test class counts:  [10, 10, 10, 10]
[2026-04-04 13:20:02] Building model with input window duration: 4.1875 s
[2026-04-04 13:20:02] Pretrained weight loading:
[2026-04-04 13:20:02]   Downloaded keys:        179
[2026-04-04 13:20:02]   Filtered (transformer): 172
[2026-04-04 13:20:02]   Filtered (pos_encoder): 0
[2026-04-04 13:20:02]   Keys to load:           7
[2026-04-04 13:20:02]   Missing keys:           4
[2026-04-04 13:20:02]   Unexpected keys:        0
[2026-04-04 13:20:02]   Missing preview:        ['spatial_conv.1.weight', 'spatial_conv.1.bias', 'final_layer.1.weight', 'final_layer.1.bias']
[2026-04-04 13:20:02]   Unexpected preview:     []
[2026-04-04 13:20:22]   Fold 4/5 | best_epoch=213 | stop=263 | val_loss=1.0504 | acc=0.4750 | bal_acc=0.4750
[2026-04-04 13:20:22]     Train class counts: [32, 32, 32, 32]
[2026-04-04 13:20:22]     Val class counts:   [8, 8, 8, 8]
[2026-04-04 13:20:22]     Test class counts:  [10, 10, 10, 10]
[2026-04-04 13:20:22] Building model with input window duration: 4.1875 s
[2026-04-04 13:20:22] Pretrained weight loading:
[2026-04-04 13:20:22]   Downloaded keys:        179
[2026-04-04 13:20:22]   Filtered (transformer): 172
[2026-04-04 13:20:22]   Filtered (pos_encoder): 0
[2026-04-04 13:20:22]   Keys to load:           7
[2026-04-04 13:20:22]   Missing keys:           4
[2026-04-04 13:20:22]   Unexpected keys:        0
[2026-04-04 13:20:22]   Missing preview:        ['spatial_conv.1.weight', 'spatial_conv.1.bias', 'final_layer.1.weight', 'final_layer.1.bias']
[2026-04-04 13:20:22]   Unexpected preview:     []
[2026-04-04 13:20:42]   Fold 5/5 | best_epoch=182 | stop=232 | val_loss=1.0693 | acc=0.5250 | bal_acc=0.5250
[2026-04-04 13:20:42]   Subject 51 summary: acc=0.4850±0.0663  bal_acc=0.4850±0.0663

[2026-04-04 13:20:42] Subject 54: 200 windows | class_counts=[50, 50, 50, 50]
[2026-04-04 13:20:42]   Fold 1 class counts: train=[32, 32, 32, 32] val=[8, 8, 8, 8] test=[10, 10, 10, 10]
[2026-04-04 13:20:42]   Fold 2 class counts: train=[32, 32, 32, 32] val=[8, 8, 8, 8] test=[10, 10, 10, 10]
[2026-04-04 13:20:42]   Fold 3 class counts: train=[32, 32, 32, 32] val=[8, 8, 8, 8] test=[10, 10, 10, 10]
[2026-04-04 13:20:42]   Fold 4 class counts: train=[32, 32, 32, 32] val=[8, 8, 8, 8] test=[10, 10, 10, 10]
[2026-04-04 13:20:42]   Fold 5 class counts: train=[32, 32, 32, 32] val=[8, 8, 8, 8] test=[10, 10, 10, 10]
[2026-04-04 13:20:42]     Train class counts: [32, 32, 32, 32]
[2026-04-04 13:20:42]     Val class counts:   [8, 8, 8, 8]
[2026-04-04 13:20:42]     Test class counts:  [10, 10, 10, 10]
[2026-04-04 13:20:42] Building model with input window duration: 4.1875 s
[2026-04-04 13:20:42] Pretrained weight loading:
[2026-04-04 13:20:42]   Downloaded keys:        179
[2026-04-04 13:20:42]   Filtered (transformer): 172
[2026-04-04 13:20:42]   Filtered (pos_encoder): 0
[2026-04-04 13:20:42]   Keys to load:           7
[2026-04-04 13:20:42]   Missing keys:           4
[2026-04-04 13:20:42]   Unexpected keys:        0
[2026-04-04 13:20:42]   Missing preview:        ['spatial_conv.1.weight', 'spatial_conv.1.bias', 'final_layer.1.weight', 'final_layer.1.bias']
[2026-04-04 13:20:42]   Unexpected preview:     []
[2026-04-04 13:21:06]   Fold 1/5 | best_epoch=235 | stop=285 | val_loss=0.8742 | acc=0.7500 | bal_acc=0.7500
[2026-04-04 13:21:06]     Train class counts: [32, 32, 32, 32]
[2026-04-04 13:21:06]     Val class counts:   [8, 8, 8, 8]
[2026-04-04 13:21:06]     Test class counts:  [10, 10, 10, 10]
[2026-04-04 13:21:06] Building model with input window duration: 4.1875 s
[2026-04-04 13:21:06] Pretrained weight loading:
[2026-04-04 13:21:06]   Downloaded keys:        179
[2026-04-04 13:21:06]   Filtered (transformer): 172
[2026-04-04 13:21:06]   Filtered (pos_encoder): 0
[2026-04-04 13:21:06]   Keys to load:           7
[2026-04-04 13:21:06]   Missing keys:           4
[2026-04-04 13:21:06]   Unexpected keys:        0
[2026-04-04 13:21:06]   Missing preview:        ['spatial_conv.1.weight', 'spatial_conv.1.bias', 'final_layer.1.weight', 'final_layer.1.bias']
[2026-04-04 13:21:06]   Unexpected preview:     []
[2026-04-04 13:21:31]   Fold 2/5 | best_epoch=246 | stop=288 | val_loss=0.6226 | acc=0.7500 | bal_acc=0.7500
[2026-04-04 13:21:31]     Train class counts: [32, 32, 32, 32]
[2026-04-04 13:21:31]     Val class counts:   [8, 8, 8, 8]
[2026-04-04 13:21:31]     Test class counts:  [10, 10, 10, 10]
[2026-04-04 13:21:31] Building model with input window duration: 4.1875 s
[2026-04-04 13:21:31] Pretrained weight loading:
[2026-04-04 13:21:31]   Downloaded keys:        179
[2026-04-04 13:21:31]   Filtered (transformer): 172
[2026-04-04 13:21:31]   Filtered (pos_encoder): 0
[2026-04-04 13:21:31]   Keys to load:           7
[2026-04-04 13:21:31]   Missing keys:           4
[2026-04-04 13:21:31]   Unexpected keys:        0
[2026-04-04 13:21:31]   Missing preview:        ['spatial_conv.1.weight', 'spatial_conv.1.bias', 'final_layer.1.weight', 'final_layer.1.bias']
[2026-04-04 13:21:31]   Unexpected preview:     []
[2026-04-04 13:21:50]   Fold 3/5 | best_epoch=177 | stop=227 | val_loss=1.1711 | acc=0.6000 | bal_acc=0.6000
[2026-04-04 13:21:50]     Train class counts: [32, 32, 32, 32]
[2026-04-04 13:21:50]     Val class counts:   [8, 8, 8, 8]
[2026-04-04 13:21:50]     Test class counts:  [10, 10, 10, 10]
[2026-04-04 13:21:50] Building model with input window duration: 4.1875 s
[2026-04-04 13:21:50] Pretrained weight loading:
[2026-04-04 13:21:50]   Downloaded keys:        179
[2026-04-04 13:21:50]   Filtered (transformer): 172
[2026-04-04 13:21:50]   Filtered (pos_encoder): 0
[2026-04-04 13:21:50]   Keys to load:           7
[2026-04-04 13:21:50]   Missing keys:           4
[2026-04-04 13:21:50]   Unexpected keys:        0
[2026-04-04 13:21:50]   Missing preview:        ['spatial_conv.1.weight', 'spatial_conv.1.bias', 'final_layer.1.weight', 'final_layer.1.bias']
[2026-04-04 13:21:50]   Unexpected preview:     []
[2026-04-04 13:22:08]   Fold 4/5 | best_epoch=165 | stop=215 | val_loss=0.6454 | acc=0.7000 | bal_acc=0.7000
[2026-04-04 13:22:08]     Train class counts: [32, 32, 32, 32]
[2026-04-04 13:22:08]     Val class counts:   [8, 8, 8, 8]
[2026-04-04 13:22:08]     Test class counts:  [10, 10, 10, 10]
[2026-04-04 13:22:08] Building model with input window duration: 4.1875 s
[2026-04-04 13:22:08] Pretrained weight loading:
[2026-04-04 13:22:08]   Downloaded keys:        179
[2026-04-04 13:22:08]   Filtered (transformer): 172
[2026-04-04 13:22:08]   Filtered (pos_encoder): 0
[2026-04-04 13:22:08]   Keys to load:           7
[2026-04-04 13:22:08]   Missing keys:           4
[2026-04-04 13:22:08]   Unexpected keys:        0
[2026-04-04 13:22:08]   Missing preview:        ['spatial_conv.1.weight', 'spatial_conv.1.bias', 'final_layer.1.weight', 'final_layer.1.bias']
[2026-04-04 13:22:08]   Unexpected preview:     []
[2026-04-04 13:22:21]   Fold 5/5 | best_epoch=100 | stop=150 | val_loss=0.9928 | acc=0.5500 | bal_acc=0.5500
[2026-04-04 13:22:21]   Subject 54 summary: acc=0.6700±0.0812  bal_acc=0.6700±0.0812

[2026-04-04 13:22:21] Total folds completed: 10
[2026-04-04 13:22:21] ======================================================================
[2026-04-04 13:22:21] AGGREGATED RESULTS
[2026-04-04 13:22:21] ======================================================================
[2026-04-04 13:22:21]   Subject 51:  acc=0.4850±0.0663  bal_acc=0.4850±0.0663
[2026-04-04 13:22:21]   Subject 54:  acc=0.6700±0.0812  bal_acc=0.6700±0.0812
[2026-04-04 13:22:21] ----------------------------------------------------------------------
[2026-04-04 13:22:21]   OVERALL:      acc=0.5775±0.1186  bal_acc=0.5775±0.1186
[2026-04-04 13:22:21] ======================================================================
[2026-04-04 13:22:21] CV results saved to:      /Users/vadim/Documents/School/Spring 2026/CSCE A698 Individual Research/EEG_JEPA/artifacts/lee-2019-fine-tuning/SSVEP/20260404_1318_a798b760/cv_results.json
[2026-04-04 13:22:21] Subject metrics saved to: /Users/vadim/Documents/School/Spring 2026/CSCE A698 Individual Research/EEG_JEPA/artifacts/lee-2019-fine-tuning/SSVEP/20260404_1318_a798b760/subject_metrics.json
[2026-04-04 13:22:21] Global metrics saved to:  /Users/vadim/Documents/School/Spring 2026/CSCE A698 Individual Research/EEG_JEPA/artifacts/lee-2019-fine-tuning/SSVEP/20260404_1318_a798b760/global_metrics.json
[2026-04-04 13:22:21] Run metadata saved to:    /Users/vadim/Documents/School/Spring 2026/CSCE A698 Individual Research/EEG_JEPA/artifacts/lee-2019-fine-tuning/SSVEP/20260404_1318_a798b760/run_metadata.json

[2026-04-04 13:22:21] All artifacts in: /Users/vadim/Documents/School/Spring 2026/CSCE A698 Individual Research/EEG_JEPA/artifacts/lee-2019-fine-tuning/SSVEP/20260404_1318_a798b760

[2026-04-04 13:22:21] ======================================================================
[2026-04-04 13:22:21] EXPERIMENT SUMMARY
[2026-04-04 13:22:21] ======================================================================
[2026-04-04 13:22:21] Run ID:    20260404_1318_a798b760
[2026-04-04 13:22:21] Artifacts: /Users/vadim/Documents/School/Spring 2026/CSCE A698 Individual Research/EEG_JEPA/artifacts/lee-2019-fine-tuning/SSVEP/20260404_1318_a798b760

[2026-04-04 13:22:21] Configuration:
[2026-04-04 13:22:21]   Subjects:          [51, 54]
[2026-04-04 13:22:21]   Bandpass:          0.5-40.0 Hz
[2026-04-04 13:22:21]   Resample:          128 Hz
[2026-04-04 13:22:21]   CV folds:          5
[2026-04-04 13:22:21]   Learning rate:     0.003
[2026-04-04 13:22:21]   Batch size:        16
[2026-04-04 13:22:21]   Max epochs:        5000

[2026-04-04 13:22:21] Results:
[2026-04-04 13:22:21]   Mean Accuracy:          0.5775 ± 0.1186
[2026-04-04 13:22:21]   Mean Balanced Accuracy: 0.5775 ± 0.1186
