[2026-05-06 17:37:33] Using device: cpu
[2026-05-06 17:37:33] Seed control disabled
[2026-05-06 17:37:33] ======================================================================
[2026-05-06 17:37:33] CONFIGURATION
[2026-05-06 17:37:33] ======================================================================
[2026-05-06 17:37:33]   artifact_dir: /home/vegorov/Repos/eeg_jepa_research/artifacts/moabb-mi-sjepa-loso
[2026-05-06 17:37:33]   bandpass_high: 40.0
[2026-05-06 17:37:33]   bandpass_low: 0.5
[2026-05-06 17:37:33]   batch_size: 32
[2026-05-06 17:37:33]   dataset_name: Weibo2014
[2026-05-06 17:37:33]   dataset_source: moabb
[2026-05-06 17:37:33]   early_stopping_patience: 30
[2026-05-06 17:37:33]   exclude_subjects: []
[2026-05-06 17:37:33]   labels_to_keep: ['left_hand', 'right_hand']
[2026-05-06 17:37:33]   learning_rate: 0.0001
[2026-05-06 17:37:33]   moabb_dataset_kwargs: {}
[2026-05-06 17:37:33]   model_name: SignalJEPA_PreLocal
[2026-05-06 17:37:33]   n_epochs: 500
[2026-05-06 17:37:33]   preprocessed_concat_dir: None
[2026-05-06 17:37:33]   pretrained_mode: random
[2026-05-06 17:37:33]   pretrained_repo_id: None
[2026-05-06 17:37:33]   seed: None
[2026-05-06 17:37:33]   set_seed: False
[2026-05-06 17:37:33]   sfreq: 128
[2026-05-06 17:37:33]   strategy: new
[2026-05-06 17:37:33]   subjects_to_use: None
[2026-05-06 17:37:33]   target_window_duration_s: 8.2
[2026-05-06 17:37:33]   val_split: 0.2
[2026-05-06 17:37:33]   warmup_epochs: 10
[2026-05-06 17:37:33] ======================================================================
[2026-05-06 17:37:33] Config saved to: /home/vegorov/Repos/eeg_jepa_research/artifacts/moabb-mi-sjepa-loso/Weibo2014/20260506_1737_dcc1938d/config.json
[2026-05-06 17:37:33] Epoch window configuration:
[2026-05-06 17:37:33]   Target sfreq:            128 Hz
[2026-05-06 17:37:33]   Requested duration:      8.200 s
[2026-05-06 17:37:33]   Expected window samples: 1049

[2026-05-06 17:37:33] Preprocessed concat dataset exists: True at /home/vegorov/Repos/eeg_jepa_research/preprocessed_concat_datasets/Weibo2014_048eba1d_w2a5684_subjects_98eacc98

[2026-05-06 17:37:33] Using existing preprocessed concat dataset.

[2026-05-06 17:37:34] Post-load raw validation
[2026-05-06 17:37:34]   Recordings:          9
[2026-05-06 17:37:34]   Subjects loaded:     ['1', '2', '3', '4', '5', '6', '7', '8', '9']
[2026-05-06 17:37:34]   sfreq first rec:     128.0 Hz
[2026-05-06 17:37:34]   EEG channel count:   60
[2026-05-06 17:37:34]   Labels present:      ['feet', 'hands', 'left_hand', 'left_hand_right_foot', 'rest', 'right_hand', 'right_hand_left_foot']
[2026-05-06 17:37:34]   Labels selected:     ['left_hand', 'right_hand']
[2026-05-06 17:37:34] Annotation counts before filtering: {np.str_('feet'): 710, np.str_('hands'): 710, np.str_('left_hand'): 710, np.str_('left_hand_right_foot'): 710, np.str_('rest'): 720, np.str_('right_hand'): 710, np.str_('right_hand_left_foot'): 710}
[2026-05-06 17:37:34] Filtered annotations: kept 1420 / 4980
[2026-05-06 17:37:34] Annotation counts after filtering:  {np.str_('left_hand'): 710, np.str_('right_hand'): 710}
[2026-05-06 17:37:34] Updated annotation durations:       1420
[2026-05-06 17:37:34] Window shape: (60, 1049)
[2026-05-06 17:37:34] Window sample length expected=1049, got=1049
[2026-05-06 17:37:34] Class mapping: {'left_hand': 0, 'right_hand': 1}
[2026-05-06 17:37:34] Global class counts: [710, 710]
[2026-05-06 17:37:34] Chance level: 0.50
[2026-05-06 17:37:34] Summarizing per-subject windows...
[2026-05-06 17:37:34]   Subject 1: n_windows=160, window_shape=(60, 1049), class_counts=[80, 80]
[2026-05-06 17:37:34]   Subject 2: n_windows=160, window_shape=(60, 1049), class_counts=[80, 80]
[2026-05-06 17:37:34]   Subject 3: n_windows=160, window_shape=(60, 1049), class_counts=[80, 80]
[2026-05-06 17:37:34]   Subject 4: n_windows=160, window_shape=(60, 1049), class_counts=[80, 80]
[2026-05-06 17:37:34]   Subject 5: n_windows=160, window_shape=(60, 1049), class_counts=[80, 80]
[2026-05-06 17:37:34]   Subject 6: n_windows=140, window_shape=(60, 1049), class_counts=[70, 70]
[2026-05-06 17:37:34]   Subject 7: n_windows=160, window_shape=(60, 1049), class_counts=[80, 80]
[2026-05-06 17:37:34]   Subject 8: n_windows=160, window_shape=(60, 1049), class_counts=[80, 80]
[2026-05-06 17:37:34]   Subject 9: n_windows=160, window_shape=(60, 1049), class_counts=[80, 80]
[2026-05-06 17:37:34] SignalJEPA_PreLocal instantiated successfully.
[2026-05-06 17:37:34]   Loading mode:          random_initialization
[2026-05-06 17:37:34]   Repo:                  None
[2026-05-06 17:37:34]   Total parameters:      18,182
[2026-05-06 17:37:34]   Trainable parameters:  18,182
[2026-05-06 17:37:34] ======================================================================================================================================================
Layer (type (var_name):depth-idx)                  Input Shape               Output Shape              Param #                   Kernel Shape
======================================================================================================================================================
SignalJEPA_PreLocal (SignalJEPA_PreLocal)          [1, 60, 1049]             [1, 2]                    --                        --
├─Sequential (spatial_conv): 1-1                   [1, 60, 1049]             [1, 4, 1049]              --                        --
│    └─Rearrange (0): 2-1                          [1, 60, 1049]             [1, 1, 60, 1049]          --                        --
│    └─Conv2d (1): 2-2                             [1, 1, 60, 1049]          [1, 4, 1, 1049]           244                       [60, 1]
│    └─Rearrange (2): 2-3                          [1, 4, 1, 1049]           [1, 4, 1049]              --                        --
├─_ConvFeatureEncoder (feature_encoder): 1-2       [1, 4, 1049]              [1, 32, 64]               --                        --
│    └─Rearrange (0): 2-4                          [1, 4, 1049]              [4, 1, 1049]              --                        --
│    └─Sequential (1): 2-5                         [4, 1, 1049]              [4, 8, 128]               --                        --
│    │    └─Conv1d (0): 3-1                        [4, 1, 1049]              [4, 8, 128]               256                       [32]
│    │    └─Dropout (1): 3-2                       [4, 8, 128]               [4, 8, 128]               --                        --
│    │    └─GroupNorm (2): 3-3                     [4, 8, 128]               [4, 8, 128]               16                        --
│    │    └─GELU (3): 3-4                          [4, 8, 128]               [4, 8, 128]               --                        --
│    └─Sequential (2): 2-6                         [4, 8, 128]               [4, 16, 64]               --                        --
│    │    └─Conv1d (0): 3-5                        [4, 8, 128]               [4, 16, 64]               256                       [2]
│    │    └─Dropout (1): 3-6                       [4, 16, 64]               [4, 16, 64]               --                        --
│    │    └─GELU (2): 3-7                          [4, 16, 64]               [4, 16, 64]               --                        --
│    └─Sequential (3): 2-7                         [4, 16, 64]               [4, 32, 32]               --                        --
│    │    └─Conv1d (0): 3-8                        [4, 16, 64]               [4, 32, 32]               1,024                     [2]
│    │    └─Dropout (1): 3-9                       [4, 32, 32]               [4, 32, 32]               --                        --
│    │    └─GELU (2): 3-10                         [4, 32, 32]               [4, 32, 32]               --                        --
│    └─Sequential (4): 2-8                         [4, 32, 32]               [4, 64, 16]               --                        --
│    │    └─Conv1d (0): 3-11                       [4, 32, 32]               [4, 64, 16]               4,096                     [2]
│    │    └─Dropout (1): 3-12                      [4, 64, 16]               [4, 64, 16]               --                        --
│    │    └─GELU (2): 3-13                         [4, 64, 16]               [4, 64, 16]               --                        --
│    └─Sequential (5): 2-9                         [4, 64, 16]               [4, 64, 8]                --                        --
│    │    └─Conv1d (0): 3-14                       [4, 64, 16]               [4, 64, 8]                8,192                     [2]
│    │    └─Dropout (1): 3-15                      [4, 64, 8]                [4, 64, 8]                --                        --
│    │    └─GELU (2): 3-16                         [4, 64, 8]                [4, 64, 8]                --                        --
│    └─Rearrange (6): 2-10                         [4, 64, 8]                [1, 32, 64]               --                        --
├─Sequential (final_layer): 1-3                    [1, 32, 64]               [1, 2]                    --                        --
│    └─Flatten (0): 2-11                           [1, 32, 64]               [1, 2048]                 --                        --
│    └─Linear (1): 2-12                            [1, 2048]                 [1, 2]                    4,098                     --
======================================================================================================================================================
Total params: 18,182
Trainable params: 18,182
Non-trainable params: 0
Total mult-adds (Units.MEGABYTES): 1.11
======================================================================================================================================================
Input size (MB): 0.25
Forward/backward pass size (MB): 0.21
Params size (MB): 0.07
Estimated Total Size (MB): 0.54
======================================================================================================================================================
[2026-05-06 17:37:34] ======================================================================
[2026-05-06 17:37:34] STARTING LOSO EVALUATION
[2026-05-06 17:37:34] ======================================================================
[2026-05-06 17:37:34] Dataset:       Weibo2014
[2026-05-06 17:37:34] Subjects:      ['1', '2', '3', '4', '5', '6', '7', '8', '9']
[2026-05-06 17:37:34] Model:         SignalJEPA_PreLocal
[2026-05-06 17:37:34] Pretrained:    random
[2026-05-06 17:37:34] Strategy:      new
[2026-05-06 17:37:34] Val split:     0.2
[2026-05-06 17:37:34] Max epochs:    500
[2026-05-06 17:37:34] Device:        cpu
[2026-05-06 17:37:34] ======================================================================

[2026-05-06 17:37:35] Fold 1/9 | held_out_subject=1
[2026-05-06 17:37:35]     Train windows:           1260 | counts=[630, 630]
[2026-05-06 17:37:35]     Test windows:            160 | counts=[80, 80]
[2026-05-06 17:37:35]     Downstream model:        SignalJEPA_PreLocal
[2026-05-06 17:37:35]     Fine-tune strategy:      new
[2026-05-06 17:37:35]     Pretrained loading path: random_initialization
[2026-05-06 17:37:35]     Pretrained repo:         None
[2026-05-06 17:37:35]     Phase 1 (new):
[2026-05-06 17:37:35]       Trainable groups: ['spatial_conv.', 'final_layer.']
[2026-05-06 17:37:35]       Total params:     18,182
[2026-05-06 17:37:35]       Trainable params: 4,342
[2026-05-06 17:37:35]       Trainable pct:    23.88%
[2026-05-06 17:37:35]       Trainable parameter names: ['spatial_conv.1.weight', 'spatial_conv.1.bias', 'final_layer.1.weight', 'final_layer.1.bias']
[2026-05-06 17:37:35]     Sanity check passed: finite logits/loss on one training batch for SignalJEPA_PreLocal.
[2026-05-06 17:37:41]     Result | best_epoch=2 | stop=31 | acc=0.5062 | bal_acc=0.5062 | pred_hist=[77, 83]

[2026-05-06 17:37:41] Fold 2/9 | held_out_subject=2
[2026-05-06 17:37:41]     Train windows:           1260 | counts=[630, 630]
[2026-05-06 17:37:41]     Test windows:            160 | counts=[80, 80]
[2026-05-06 17:37:41]     Downstream model:        SignalJEPA_PreLocal
[2026-05-06 17:37:41]     Fine-tune strategy:      new
[2026-05-06 17:37:41]     Pretrained loading path: random_initialization
[2026-05-06 17:37:41]     Pretrained repo:         None
[2026-05-06 17:37:41]     Phase 1 (new):
[2026-05-06 17:37:41]       Trainable groups: ['spatial_conv.', 'final_layer.']
[2026-05-06 17:37:41]       Total params:     18,182
[2026-05-06 17:37:41]       Trainable params: 4,342
[2026-05-06 17:37:41]       Trainable pct:    23.88%
[2026-05-06 17:37:41]       Trainable parameter names: ['spatial_conv.1.weight', 'spatial_conv.1.bias', 'final_layer.1.weight', 'final_layer.1.bias']
[2026-05-06 17:37:41]     Sanity check passed: finite logits/loss on one training batch for SignalJEPA_PreLocal.
[2026-05-06 17:37:47]     Result | best_epoch=2 | stop=32 | acc=0.4750 | bal_acc=0.4750 | pred_hist=[82, 78]

[2026-05-06 17:37:47] Fold 3/9 | held_out_subject=3
[2026-05-06 17:37:47]     Train windows:           1260 | counts=[630, 630]
[2026-05-06 17:37:47]     Test windows:            160 | counts=[80, 80]
[2026-05-06 17:37:47]     Downstream model:        SignalJEPA_PreLocal
[2026-05-06 17:37:47]     Fine-tune strategy:      new
[2026-05-06 17:37:47]     Pretrained loading path: random_initialization
[2026-05-06 17:37:47]     Pretrained repo:         None
[2026-05-06 17:37:47]     Phase 1 (new):
[2026-05-06 17:37:47]       Trainable groups: ['spatial_conv.', 'final_layer.']
[2026-05-06 17:37:47]       Total params:     18,182
[2026-05-06 17:37:47]       Trainable params: 4,342
[2026-05-06 17:37:47]       Trainable pct:    23.88%
[2026-05-06 17:37:47]       Trainable parameter names: ['spatial_conv.1.weight', 'spatial_conv.1.bias', 'final_layer.1.weight', 'final_layer.1.bias']
[2026-05-06 17:37:47]     Sanity check passed: finite logits/loss on one training batch for SignalJEPA_PreLocal.
[2026-05-06 17:37:52]     Result | best_epoch=4 | stop=33 | acc=0.5375 | bal_acc=0.5375 | pred_hist=[88, 72]

[2026-05-06 17:37:52] Fold 4/9 | held_out_subject=4
[2026-05-06 17:37:52]     Train windows:           1260 | counts=[630, 630]
[2026-05-06 17:37:52]     Test windows:            160 | counts=[80, 80]
[2026-05-06 17:37:52]     Downstream model:        SignalJEPA_PreLocal
[2026-05-06 17:37:52]     Fine-tune strategy:      new
[2026-05-06 17:37:52]     Pretrained loading path: random_initialization
[2026-05-06 17:37:52]     Pretrained repo:         None
[2026-05-06 17:37:52]     Phase 1 (new):
[2026-05-06 17:37:52]       Trainable groups: ['spatial_conv.', 'final_layer.']
[2026-05-06 17:37:52]       Total params:     18,182
[2026-05-06 17:37:52]       Trainable params: 4,342
[2026-05-06 17:37:52]       Trainable pct:    23.88%
[2026-05-06 17:37:52]       Trainable parameter names: ['spatial_conv.1.weight', 'spatial_conv.1.bias', 'final_layer.1.weight', 'final_layer.1.bias']
[2026-05-06 17:37:52]     Sanity check passed: finite logits/loss on one training batch for SignalJEPA_PreLocal.
[2026-05-06 17:37:58]     Result | best_epoch=1 | stop=31 | acc=0.4688 | bal_acc=0.4688 | pred_hist=[93, 67]

[2026-05-06 17:37:58] Fold 5/9 | held_out_subject=5
[2026-05-06 17:37:58]     Train windows:           1260 | counts=[630, 630]
[2026-05-06 17:37:58]     Test windows:            160 | counts=[80, 80]
[2026-05-06 17:37:58]     Downstream model:        SignalJEPA_PreLocal
[2026-05-06 17:37:58]     Fine-tune strategy:      new
[2026-05-06 17:37:58]     Pretrained loading path: random_initialization
[2026-05-06 17:37:58]     Pretrained repo:         None
[2026-05-06 17:37:58]     Phase 1 (new):
[2026-05-06 17:37:58]       Trainable groups: ['spatial_conv.', 'final_layer.']
[2026-05-06 17:37:58]       Total params:     18,182
[2026-05-06 17:37:58]       Trainable params: 4,342
[2026-05-06 17:37:58]       Trainable pct:    23.88%
[2026-05-06 17:37:58]       Trainable parameter names: ['spatial_conv.1.weight', 'spatial_conv.1.bias', 'final_layer.1.weight', 'final_layer.1.bias']
[2026-05-06 17:37:58]     Sanity check passed: finite logits/loss on one training batch for SignalJEPA_PreLocal.
[2026-05-06 17:38:04]     Result | best_epoch=1 | stop=31 | acc=0.4625 | bal_acc=0.4625 | pred_hist=[68, 92]

[2026-05-06 17:38:04] Fold 6/9 | held_out_subject=6
[2026-05-06 17:38:04]     Train windows:           1280 | counts=[640, 640]
[2026-05-06 17:38:04]     Test windows:            140 | counts=[70, 70]
[2026-05-06 17:38:04]     Downstream model:        SignalJEPA_PreLocal
[2026-05-06 17:38:04]     Fine-tune strategy:      new
[2026-05-06 17:38:04]     Pretrained loading path: random_initialization
[2026-05-06 17:38:04]     Pretrained repo:         None
[2026-05-06 17:38:04]     Phase 1 (new):
[2026-05-06 17:38:04]       Trainable groups: ['spatial_conv.', 'final_layer.']
[2026-05-06 17:38:04]       Total params:     18,182
[2026-05-06 17:38:04]       Trainable params: 4,342
[2026-05-06 17:38:04]       Trainable pct:    23.88%
[2026-05-06 17:38:04]       Trainable parameter names: ['spatial_conv.1.weight', 'spatial_conv.1.bias', 'final_layer.1.weight', 'final_layer.1.bias']
[2026-05-06 17:38:04]     Sanity check passed: finite logits/loss on one training batch for SignalJEPA_PreLocal.
[2026-05-06 17:38:09]     Result | best_epoch=1 | stop=31 | acc=0.4929 | bal_acc=0.4929 | pred_hist=[57, 83]

[2026-05-06 17:38:09] Fold 7/9 | held_out_subject=7
[2026-05-06 17:38:09]     Train windows:           1260 | counts=[630, 630]
[2026-05-06 17:38:09]     Test windows:            160 | counts=[80, 80]
[2026-05-06 17:38:09]     Downstream model:        SignalJEPA_PreLocal
[2026-05-06 17:38:09]     Fine-tune strategy:      new
[2026-05-06 17:38:09]     Pretrained loading path: random_initialization
[2026-05-06 17:38:09]     Pretrained repo:         None
[2026-05-06 17:38:09]     Phase 1 (new):
[2026-05-06 17:38:09]       Trainable groups: ['spatial_conv.', 'final_layer.']
[2026-05-06 17:38:09]       Total params:     18,182
[2026-05-06 17:38:09]       Trainable params: 4,342
[2026-05-06 17:38:09]       Trainable pct:    23.88%
[2026-05-06 17:38:09]       Trainable parameter names: ['spatial_conv.1.weight', 'spatial_conv.1.bias', 'final_layer.1.weight', 'final_layer.1.bias']
[2026-05-06 17:38:09]     Sanity check passed: finite logits/loss on one training batch for SignalJEPA_PreLocal.
[2026-05-06 17:38:15]     Result | best_epoch=1 | stop=31 | acc=0.4250 | bal_acc=0.4250 | pred_hist=[60, 100]

[2026-05-06 17:38:15] Fold 8/9 | held_out_subject=8
[2026-05-06 17:38:15]     Train windows:           1260 | counts=[630, 630]
[2026-05-06 17:38:15]     Test windows:            160 | counts=[80, 80]
[2026-05-06 17:38:15]     Downstream model:        SignalJEPA_PreLocal
[2026-05-06 17:38:15]     Fine-tune strategy:      new
[2026-05-06 17:38:15]     Pretrained loading path: random_initialization
[2026-05-06 17:38:15]     Pretrained repo:         None
[2026-05-06 17:38:15]     Phase 1 (new):
[2026-05-06 17:38:15]       Trainable groups: ['spatial_conv.', 'final_layer.']
[2026-05-06 17:38:15]       Total params:     18,182
[2026-05-06 17:38:15]       Trainable params: 4,342
[2026-05-06 17:38:15]       Trainable pct:    23.88%
[2026-05-06 17:38:15]       Trainable parameter names: ['spatial_conv.1.weight', 'spatial_conv.1.bias', 'final_layer.1.weight', 'final_layer.1.bias']
[2026-05-06 17:38:15]     Sanity check passed: finite logits/loss on one training batch for SignalJEPA_PreLocal.
[2026-05-06 17:38:22]     Result | best_epoch=8 | stop=38 | acc=0.4813 | bal_acc=0.4812 | pred_hist=[65, 95]

[2026-05-06 17:38:22] Fold 9/9 | held_out_subject=9
[2026-05-06 17:38:22]     Train windows:           1260 | counts=[630, 630]
[2026-05-06 17:38:22]     Test windows:            160 | counts=[80, 80]
[2026-05-06 17:38:22]     Downstream model:        SignalJEPA_PreLocal
[2026-05-06 17:38:22]     Fine-tune strategy:      new
[2026-05-06 17:38:22]     Pretrained loading path: random_initialization
[2026-05-06 17:38:22]     Pretrained repo:         None
[2026-05-06 17:38:22]     Phase 1 (new):
[2026-05-06 17:38:22]       Trainable groups: ['spatial_conv.', 'final_layer.']
[2026-05-06 17:38:22]       Total params:     18,182
[2026-05-06 17:38:22]       Trainable params: 4,342
[2026-05-06 17:38:22]       Trainable pct:    23.88%
[2026-05-06 17:38:22]       Trainable parameter names: ['spatial_conv.1.weight', 'spatial_conv.1.bias', 'final_layer.1.weight', 'final_layer.1.bias']
[2026-05-06 17:38:22]     Sanity check passed: finite logits/loss on one training batch for SignalJEPA_PreLocal.
[2026-05-06 17:38:28]     Result | best_epoch=3 | stop=33 | acc=0.4250 | bal_acc=0.4250 | pred_hist=[90, 70]

[2026-05-06 17:38:28] Total LOSO folds completed: 9
[2026-05-06 17:38:28] ======================================================================
[2026-05-06 17:38:28] AGGREGATED RESULTS
[2026-05-06 17:38:28] ======================================================================
[2026-05-06 17:38:28]   1: acc=0.5062±0.0000  bal_acc=0.5062±0.0000
[2026-05-06 17:38:28]   2: acc=0.4750±0.0000  bal_acc=0.4750±0.0000
[2026-05-06 17:38:28]   3: acc=0.5375±0.0000  bal_acc=0.5375±0.0000
[2026-05-06 17:38:28]   4: acc=0.4688±0.0000  bal_acc=0.4688±0.0000
[2026-05-06 17:38:28]   5: acc=0.4625±0.0000  bal_acc=0.4625±0.0000
[2026-05-06 17:38:28]   6: acc=0.4929±0.0000  bal_acc=0.4929±0.0000
[2026-05-06 17:38:28]   7: acc=0.4250±0.0000  bal_acc=0.4250±0.0000
[2026-05-06 17:38:28]   8: acc=0.4813±0.0000  bal_acc=0.4812±0.0000
[2026-05-06 17:38:28]   9: acc=0.4250±0.0000  bal_acc=0.4250±0.0000
[2026-05-06 17:38:28] ----------------------------------------------------------------------
[2026-05-06 17:38:28]   OVERALL: acc=0.4749±0.0341  bal_acc=0.4749±0.0341
[2026-05-06 17:38:28] ======================================================================

[2026-05-06 17:38:28] ======================================================================
[2026-05-06 17:38:28] EXPERIMENT SUMMARY
[2026-05-06 17:38:28] ======================================================================
[2026-05-06 17:38:28] Run ID:                 20260506_1737_dcc1938d
[2026-05-06 17:38:28] Dataset:                Weibo2014
[2026-05-06 17:38:28] Labels kept:            ['left_hand', 'right_hand']
[2026-05-06 17:38:28] Model:                  SignalJEPA_PreLocal
[2026-05-06 17:38:28] Pretrained mode:        random
[2026-05-06 17:38:28] Strategy:               new
[2026-05-06 17:38:28] Window:                 8.200s / 1049 samples
[2026-05-06 17:38:28] Artifacts:              /home/vegorov/Repos/eeg_jepa_research/artifacts/moabb-mi-sjepa-loso/Weibo2014/20260506_1737_dcc1938d
[2026-05-06 17:38:28] Mean Accuracy:          0.4749 ± 0.0341
[2026-05-06 17:38:28] Mean Balanced Accuracy: 0.4749 ± 0.0341
[2026-05-06 17:38:28] ======================================================================
[2026-05-06 17:38:28] CV results saved to:      /home/vegorov/Repos/eeg_jepa_research/artifacts/moabb-mi-sjepa-loso/Weibo2014/20260506_1737_dcc1938d/cv_results.json
[2026-05-06 17:38:28] Subject metrics saved to: /home/vegorov/Repos/eeg_jepa_research/artifacts/moabb-mi-sjepa-loso/Weibo2014/20260506_1737_dcc1938d/subject_metrics.json
[2026-05-06 17:38:28] Global metrics saved to:  /home/vegorov/Repos/eeg_jepa_research/artifacts/moabb-mi-sjepa-loso/Weibo2014/20260506_1737_dcc1938d/global_metrics.json
[2026-05-06 17:38:28] Run metadata saved to:    /home/vegorov/Repos/eeg_jepa_research/artifacts/moabb-mi-sjepa-loso/Weibo2014/20260506_1737_dcc1938d/run_metadata.json

[2026-05-06 17:38:28] All artifacts in: /home/vegorov/Repos/eeg_jepa_research/artifacts/moabb-mi-sjepa-loso/Weibo2014/20260506_1737_dcc1938d
