[2026-04-03 12:43:07] Using device: mps
[2026-04-03 12:43:07] Seed control enabled: True
[2026-04-03 12:43:07] Base seed: 5
[2026-04-03 12:43:08] Seed initialized: 5
[2026-04-03 12:43:08] ======================================================================
[2026-04-03 12:43:08] CONFIGURATION
[2026-04-03 12:43:08] ======================================================================
[2026-04-03 12:43:08]   artifact_dir: /Users/vadim/Documents/School/Spring 2026/CSCE A698 Individual Research/EEG_JEPA/artifacts/lee-2019-fine-tuning
[2026-04-03 12:43:08]   bandpass_high: 40.0
[2026-04-03 12:43:08]   bandpass_low: 0.5
[2026-04-03 12:43:08]   batch_size: 16
[2026-04-03 12:43:08]   convert_to_uV: True
[2026-04-03 12:43:08]   criterion: CrossEntropyLoss
[2026-04-03 12:43:08]   cv_folds: 5
[2026-04-03 12:43:08]   device: auto
[2026-04-03 12:43:08]   early_stopping_patience: 50
[2026-04-03 12:43:08]   learning_rate: 0.005
[2026-04-03 12:43:08]   n_epochs: 5000
[2026-04-03 12:43:08]   normalization_method: None
[2026-04-03 12:43:08]   normalize: False
[2026-04-03 12:43:08]   optimizer: AdamW
[2026-04-03 12:43:08]   paradigm: SSVEP
[2026-04-03 12:43:08]   pretrained_url: https://huggingface.co/braindecode/SignalJEPA/resolve/main/signal-jepa_16s-60_adeuwv4s.pth
[2026-04-03 12:43:08]   seed: 5
[2026-04-03 12:43:08]   set_eeg_reference: True
[2026-04-03 12:43:08]   set_seed: True
[2026-04-03 12:43:08]   sfreq: 128
[2026-04-03 12:43:08]   subjects_to_use: [51]
[2026-04-03 12:43:08]   val_split: 0.2
[2026-04-03 12:43:08] ======================================================================
[2026-04-03 12:43:08] Config saved to: /Users/vadim/Documents/School/Spring 2026/CSCE A698 Individual Research/EEG_JEPA/artifacts/lee-2019-fine-tuning/SSVEP/20260403_1243_0b73bf7e/config.json
[2026-04-03 12:43:08] Epoch window configuration:
[2026-04-03 12:43:08]   Target sfreq:                128 Hz
[2026-04-03 12:43:08]   Target duration:             4.190000 s
[2026-04-03 12:43:08]   Window samples (rounded):    536
[2026-04-03 12:43:08]   Base trial samples (4.0 s):  512
[2026-04-03 12:43:08]   Trial stop offset samples:   24
[2026-04-03 12:43:08]   Effective window duration:   4.187500 s
[2026-04-03 12:43:08] Using specified subjects from config: [51]
[2026-04-03 12:43:08] Selected subjects: [51]
[2026-04-03 12:43:08] Expected evaluation folds: 5

[2026-04-03 12:43:08] Building MOABBDataset for Lee2019_SSVEP...
[2026-04-03 12:43:20] MOABBDataset recordings loaded: 2
[2026-04-03 12:43:20] Discovered annotation descriptions (first recording): [np.str_('12.0'), np.str_('5.45'), np.str_('6.67'), np.str_('8.57')]
[2026-04-03 12:43:20] Dataset event_id mapping: {'12.0': 1, '8.57': 2, '6.67': 3, '5.45': 4}
[2026-04-03 12:43:20] Label map (event_code -> class_index): {1: 0, 2: 1, 3: 2, 4: 3}
[2026-04-03 12:43:20] Applying Braindecode preprocessors to MOABBDataset...
[2026-04-03 12:43:28] Preprocessing complete.

[2026-04-03 12:43:28] Post-preprocessing validation
[2026-04-03 12:43:28]   Recordings in DATASET: 2
[2026-04-03 12:43:28]   Unique subject IDs:    ['51']
[2026-04-03 12:43:28]   sfreq (first rec):     128.0 Hz
[2026-04-03 12:43:28]   EEG channel count:     62
[2026-04-03 12:43:28]   First 10 channels:     ['Fp1', 'Fp2', 'F7', 'F3', 'Fz', 'F4', 'F8', 'FC5', 'FC1', 'FC2']
[2026-04-03 12:43:28] Channel consistency summary:
[2026-04-03 12:43:28]   Checked runs: 2
[2026-04-03 12:43:28]   Unique channel counts: [62]
[2026-04-03 12:43:28]   Channel order consistent: True
[2026-04-03 12:43:28] Validated EEG channels: 62
[2026-04-03 12:43:28] First 10 EEG channels: ['Fp1', 'Fp2', 'F7', 'F3', 'Fz', 'F4', 'F8', 'FC5', 'FC1', 'FC2']
[2026-04-03 12:43:28] raw mean_abs=6.206608e+00
[2026-04-03 12:43:28] raw std=2.712803e+01
[2026-04-03 12:43:28] raw first5 channel std= [30.27595633 56.56813395 13.75714116  8.89857459  7.91183515]
[2026-04-03 12:43:28] Requested window samples: 536
[2026-04-03 12:43:28] Base trial samples:       512
[2026-04-03 12:43:28] Stop offset samples:      24
[2026-04-03 12:43:28] Global class counts: [50, 50, 50, 50]
[2026-04-03 12:43:28] Chance level (4-class): 0.25
[2026-04-03 12:43:28] One window shape: (62, 536)
[2026-04-03 12:43:28] One window label: 2
[2026-04-03 12:43:28] Window sample length expected=536, got=536
[2026-04-03 12:43:28] Subjects in window split: [51]
[2026-04-03 12:43:28] Summarizing per-subject windows...
[2026-04-03 12:43:28]   Subject 51: n_windows=200, window_shape=(62, 536), class_counts=[50, 50, 50, 50]
[2026-04-03 12:43:28]    subject_id  n_windows  n_channels  n_times      class_counts
0          51        200          62      536  [50, 50, 50, 50]
[2026-04-03 12:43:28] Window validation summary:
[2026-04-03 12:43:28]   Subject 51: n_windows=200 class_counts=[50, 50, 50, 50]

[2026-04-03 12:43:28] Validated sampling rate target: 128 Hz
[2026-04-03 12:43:28] Validated window sample count:   536
[2026-04-03 12:43:28] Validated window duration:       4.1875 s
[2026-04-03 12:43:28] Validated channel count:         62
[2026-04-03 12:43:28] Total windows retained:          200
[2026-04-03 12:43:28] Preprocessing sanity checks:
[2026-04-03 12:43:28]   One sample label: 2
[2026-04-03 12:43:28]   One sample shape: (62, 536)
[2026-04-03 12:43:28]   Mean(abs(signal)): 7.808386e+00
[2026-04-03 12:43:28]   Mean(signal):      -1.469310e-08
[2026-04-03 12:43:28]   Std(signal):       1.102899e+01
[2026-04-03 12:43:28] Building model with input window duration: 4.1875 s
[2026-04-03 12:43:28] SignalJEPA_PreLocal instantiated successfully.
[2026-04-03 12:43:28]   Total parameters:     18,192
[2026-04-03 12:43:28]   Trainable parameters: 18,192
[2026-04-03 12:43:28] ======================================================================================================================================================
Layer (type (var_name):depth-idx)                  Input Shape               Output Shape              Param #                   Kernel Shape
======================================================================================================================================================
SignalJEPA_PreLocal (SignalJEPA_PreLocal)          [1, 62, 536]              [1, 4]                    --                        --
├─Sequential (spatial_conv): 1-1                   [1, 62, 536]              [1, 4, 536]               --                        --
│    └─Rearrange (0): 2-1                          [1, 62, 536]              [1, 1, 62, 536]           --                        --
│    └─Conv2d (1): 2-2                             [1, 1, 62, 536]           [1, 4, 1, 536]            252                       [62, 1]
│    └─Rearrange (2): 2-3                          [1, 4, 1, 536]            [1, 4, 536]               --                        --
├─_ConvFeatureEncoder (feature_encoder): 1-2       [1, 4, 536]               [1, 16, 64]               --                        --
│    └─Rearrange (0): 2-4                          [1, 4, 536]               [4, 1, 536]               --                        --
│    └─Sequential (1): 2-5                         [4, 1, 536]               [4, 8, 64]                --                        --
│    │    └─Conv1d (0): 3-1                        [4, 1, 536]               [4, 8, 64]                256                       [32]
│    │    └─Dropout (1): 3-2                       [4, 8, 64]                [4, 8, 64]                --                        --
│    │    └─GroupNorm (2): 3-3                     [4, 8, 64]                [4, 8, 64]                16                        --
│    │    └─GELU (3): 3-4                          [4, 8, 64]                [4, 8, 64]                --                        --
│    └─Sequential (2): 2-6                         [4, 8, 64]                [4, 16, 32]               --                        --
│    │    └─Conv1d (0): 3-5                        [4, 8, 64]                [4, 16, 32]               256                       [2]
│    │    └─Dropout (1): 3-6                       [4, 16, 32]               [4, 16, 32]               --                        --
│    │    └─GELU (2): 3-7                          [4, 16, 32]               [4, 16, 32]               --                        --
│    └─Sequential (3): 2-7                         [4, 16, 32]               [4, 32, 16]               --                        --
│    │    └─Conv1d (0): 3-8                        [4, 16, 32]               [4, 32, 16]               1,024                     [2]
│    │    └─Dropout (1): 3-9                       [4, 32, 16]               [4, 32, 16]               --                        --
│    │    └─GELU (2): 3-10                         [4, 32, 16]               [4, 32, 16]               --                        --
│    └─Sequential (4): 2-8                         [4, 32, 16]               [4, 64, 8]                --                        --
│    │    └─Conv1d (0): 3-11                       [4, 32, 16]               [4, 64, 8]                4,096                     [2]
│    │    └─Dropout (1): 3-12                      [4, 64, 8]                [4, 64, 8]                --                        --
│    │    └─GELU (2): 3-13                         [4, 64, 8]                [4, 64, 8]                --                        --
│    └─Sequential (5): 2-9                         [4, 64, 8]                [4, 64, 4]                --                        --
│    │    └─Conv1d (0): 3-14                       [4, 64, 8]                [4, 64, 4]                8,192                     [2]
│    │    └─Dropout (1): 3-15                      [4, 64, 4]                [4, 64, 4]                --                        --
│    │    └─GELU (2): 3-16                         [4, 64, 4]                [4, 64, 4]                --                        --
│    └─Rearrange (6): 2-10                         [4, 64, 4]                [1, 16, 64]               --                        --
├─Sequential (final_layer): 1-3                    [1, 16, 64]               [1, 4]                    --                        --
│    └─Flatten (0): 2-11                           [1, 16, 64]               [1, 1024]                 --                        --
│    └─Linear (1): 2-12                            [1, 1024]                 [1, 4]                    4,100                     --
======================================================================================================================================================
Total params: 18,192
Trainable params: 18,192
Non-trainable params: 0
Total mult-adds (Units.MEGABYTES): 0.57
======================================================================================================================================================
Input size (MB): 0.13
Forward/backward pass size (MB): 0.11
Params size (MB): 0.07
Estimated Total Size (MB): 0.31
======================================================================================================================================================
[2026-04-03 12:43:28] Initializing from 16s-60 pretrained checkpoint (Hugging Face):
[2026-04-03 12:43:28]   https://huggingface.co/braindecode/SignalJEPA/resolve/main/signal-jepa_16s-60_adeuwv4s.pth
[2026-04-03 12:43:28]   Downloaded 179 keys
[2026-04-03 12:43:28] ======================================================================
[2026-04-03 12:43:28] STARTING CROSS-VALIDATION
[2026-04-03 12:43:28] ======================================================================
[2026-04-03 12:43:28] Subjects:      [51]
[2026-04-03 12:43:28] CV folds:      5
[2026-04-03 12:43:28] Batch size:    16
[2026-04-03 12:43:28] Max epochs:    5000
[2026-04-03 12:43:28] Device:        mps
[2026-04-03 12:43:28] Seed control:  True
[2026-04-03 12:43:28] Base seed:     5
[2026-04-03 12:43:28] ======================================================================

[2026-04-03 12:43:28] Subject 51: 200 windows | class_counts=[50, 50, 50, 50]
[2026-04-03 12:43:28]   Fold 1 class counts: train=[32, 32, 32, 32] val=[8, 8, 8, 8] test=[10, 10, 10, 10]
[2026-04-03 12:43:28]   Fold 2 class counts: train=[32, 32, 32, 32] val=[8, 8, 8, 8] test=[10, 10, 10, 10]
[2026-04-03 12:43:28]   Fold 3 class counts: train=[32, 32, 32, 32] val=[8, 8, 8, 8] test=[10, 10, 10, 10]
[2026-04-03 12:43:28]   Fold 4 class counts: train=[32, 32, 32, 32] val=[8, 8, 8, 8] test=[10, 10, 10, 10]
[2026-04-03 12:43:28]   Fold 5 class counts: train=[32, 32, 32, 32] val=[8, 8, 8, 8] test=[10, 10, 10, 10]
[2026-04-03 12:43:28]     Train class counts: [32, 32, 32, 32]
[2026-04-03 12:43:28]     Val class counts:   [8, 8, 8, 8]
[2026-04-03 12:43:28]     Test class counts:  [10, 10, 10, 10]
[2026-04-03 12:43:28] Building model with input window duration: 4.1875 s
[2026-04-03 12:43:28] Pretrained weight loading:
[2026-04-03 12:43:28]   Downloaded keys:        179
[2026-04-03 12:43:28]   Filtered (transformer): 172
[2026-04-03 12:43:28]   Filtered (pos_encoder): 0
[2026-04-03 12:43:28]   Keys to load:           7
[2026-04-03 12:43:28]   Missing keys:           4
[2026-04-03 12:43:28]   Unexpected keys:        0
[2026-04-03 12:43:28]   Missing preview:        ['spatial_conv.1.weight', 'spatial_conv.1.bias', 'final_layer.1.weight', 'final_layer.1.bias']
[2026-04-03 12:43:28]   Unexpected preview:     []
[2026-04-03 12:43:28] Trainable modules: spatial_conv + final_layer (4,352 / 18,192 params, 23.9%)
[2026-04-03 12:43:28]   - final_layer.1.bias
[2026-04-03 12:43:28]   - final_layer.1.weight
[2026-04-03 12:43:28]   - spatial_conv.1.bias
[2026-04-03 12:43:28]   - spatial_conv.1.weight
[2026-04-03 12:43:36]   Fold 1/5 | best_epoch=28 | stop=78 | val_loss=1.2732 | acc=0.3500 | bal_acc=0.3500
[2026-04-03 12:43:36]     Train class counts: [32, 32, 32, 32]
[2026-04-03 12:43:36]     Val class counts:   [8, 8, 8, 8]
[2026-04-03 12:43:36]     Test class counts:  [10, 10, 10, 10]
[2026-04-03 12:43:36] Building model with input window duration: 4.1875 s
[2026-04-03 12:43:36] Pretrained weight loading:
[2026-04-03 12:43:36]   Downloaded keys:        179
[2026-04-03 12:43:36]   Filtered (transformer): 172
[2026-04-03 12:43:36]   Filtered (pos_encoder): 0
[2026-04-03 12:43:36]   Keys to load:           7
[2026-04-03 12:43:36]   Missing keys:           4
[2026-04-03 12:43:36]   Unexpected keys:        0
[2026-04-03 12:43:36]   Missing preview:        ['spatial_conv.1.weight', 'spatial_conv.1.bias', 'final_layer.1.weight', 'final_layer.1.bias']
[2026-04-03 12:43:36]   Unexpected preview:     []
[2026-04-03 12:43:44]   Fold 2/5 | best_epoch=37 | stop=87 | val_loss=1.2284 | acc=0.5000 | bal_acc=0.5000
[2026-04-03 12:43:44]     Train class counts: [32, 32, 32, 32]
[2026-04-03 12:43:44]     Val class counts:   [8, 8, 8, 8]
[2026-04-03 12:43:44]     Test class counts:  [10, 10, 10, 10]
[2026-04-03 12:43:44] Building model with input window duration: 4.1875 s
[2026-04-03 12:43:44] Pretrained weight loading:
[2026-04-03 12:43:44]   Downloaded keys:        179
[2026-04-03 12:43:44]   Filtered (transformer): 172
[2026-04-03 12:43:44]   Filtered (pos_encoder): 0
[2026-04-03 12:43:44]   Keys to load:           7
[2026-04-03 12:43:44]   Missing keys:           4
[2026-04-03 12:43:44]   Unexpected keys:        0
[2026-04-03 12:43:44]   Missing preview:        ['spatial_conv.1.weight', 'spatial_conv.1.bias', 'final_layer.1.weight', 'final_layer.1.bias']
[2026-04-03 12:43:44]   Unexpected preview:     []
[2026-04-03 12:43:52]   Fold 3/5 | best_epoch=25 | stop=75 | val_loss=1.3234 | acc=0.3250 | bal_acc=0.3250
[2026-04-03 12:43:52]     Train class counts: [32, 32, 32, 32]
[2026-04-03 12:43:52]     Val class counts:   [8, 8, 8, 8]
[2026-04-03 12:43:52]     Test class counts:  [10, 10, 10, 10]
[2026-04-03 12:43:52] Building model with input window duration: 4.1875 s
[2026-04-03 12:43:52] Pretrained weight loading:
[2026-04-03 12:43:52]   Downloaded keys:        179
[2026-04-03 12:43:52]   Filtered (transformer): 172
[2026-04-03 12:43:52]   Filtered (pos_encoder): 0
[2026-04-03 12:43:52]   Keys to load:           7
[2026-04-03 12:43:52]   Missing keys:           4
[2026-04-03 12:43:52]   Unexpected keys:        0
[2026-04-03 12:43:52]   Missing preview:        ['spatial_conv.1.weight', 'spatial_conv.1.bias', 'final_layer.1.weight', 'final_layer.1.bias']
[2026-04-03 12:43:52]   Unexpected preview:     []
[2026-04-03 12:44:15]   Fold 4/5 | best_epoch=165 | stop=215 | val_loss=1.1742 | acc=0.5500 | bal_acc=0.5500
[2026-04-03 12:44:15]     Train class counts: [32, 32, 32, 32]
[2026-04-03 12:44:15]     Val class counts:   [8, 8, 8, 8]
[2026-04-03 12:44:15]     Test class counts:  [10, 10, 10, 10]
[2026-04-03 12:44:15] Building model with input window duration: 4.1875 s
[2026-04-03 12:44:15] Pretrained weight loading:
[2026-04-03 12:44:15]   Downloaded keys:        179
[2026-04-03 12:44:15]   Filtered (transformer): 172
[2026-04-03 12:44:15]   Filtered (pos_encoder): 0
[2026-04-03 12:44:15]   Keys to load:           7
[2026-04-03 12:44:15]   Missing keys:           4
[2026-04-03 12:44:15]   Unexpected keys:        0
[2026-04-03 12:44:15]   Missing preview:        ['spatial_conv.1.weight', 'spatial_conv.1.bias', 'final_layer.1.weight', 'final_layer.1.bias']
[2026-04-03 12:44:15]   Unexpected preview:     []
[2026-04-03 12:44:23]   Fold 5/5 | best_epoch=33 | stop=83 | val_loss=1.3500 | acc=0.4000 | bal_acc=0.4000
[2026-04-03 12:44:23]   Subject 51 summary: acc=0.4250±0.0866  bal_acc=0.4250±0.0866

[2026-04-03 12:44:23] Total folds completed: 5
[2026-04-03 12:44:23] ======================================================================
[2026-04-03 12:44:23] AGGREGATED RESULTS
[2026-04-03 12:44:23] ======================================================================
[2026-04-03 12:44:23]   Subject 51:  acc=0.4250±0.0866  bal_acc=0.4250±0.0866
[2026-04-03 12:44:23] ----------------------------------------------------------------------
[2026-04-03 12:44:23]   OVERALL:      acc=0.4250±0.0866  bal_acc=0.4250±0.0866
[2026-04-03 12:44:23] ======================================================================
[2026-04-03 12:44:23] CV results saved to:      /Users/vadim/Documents/School/Spring 2026/CSCE A698 Individual Research/EEG_JEPA/artifacts/lee-2019-fine-tuning/SSVEP/20260403_1243_0b73bf7e/cv_results.json
[2026-04-03 12:44:23] Subject metrics saved to: /Users/vadim/Documents/School/Spring 2026/CSCE A698 Individual Research/EEG_JEPA/artifacts/lee-2019-fine-tuning/SSVEP/20260403_1243_0b73bf7e/subject_metrics.json
[2026-04-03 12:44:23] Global metrics saved to:  /Users/vadim/Documents/School/Spring 2026/CSCE A698 Individual Research/EEG_JEPA/artifacts/lee-2019-fine-tuning/SSVEP/20260403_1243_0b73bf7e/global_metrics.json
[2026-04-03 12:44:23] Run metadata saved to:    /Users/vadim/Documents/School/Spring 2026/CSCE A698 Individual Research/EEG_JEPA/artifacts/lee-2019-fine-tuning/SSVEP/20260403_1243_0b73bf7e/run_metadata.json

[2026-04-03 12:44:23] All artifacts in: /Users/vadim/Documents/School/Spring 2026/CSCE A698 Individual Research/EEG_JEPA/artifacts/lee-2019-fine-tuning/SSVEP/20260403_1243_0b73bf7e

[2026-04-03 12:44:23] ======================================================================
[2026-04-03 12:44:23] EXPERIMENT SUMMARY
[2026-04-03 12:44:23] ======================================================================
[2026-04-03 12:44:23] Run ID:    20260403_1243_0b73bf7e
[2026-04-03 12:44:23] Artifacts: /Users/vadim/Documents/School/Spring 2026/CSCE A698 Individual Research/EEG_JEPA/artifacts/lee-2019-fine-tuning/SSVEP/20260403_1243_0b73bf7e

[2026-04-03 12:44:23] Configuration:
[2026-04-03 12:44:23]   Subjects:          [51]
[2026-04-03 12:44:23]   Bandpass:          0.5-40.0 Hz
[2026-04-03 12:44:23]   Resample:          128 Hz
[2026-04-03 12:44:23]   CV folds:          5
[2026-04-03 12:44:23]   Learning rate:     0.005
[2026-04-03 12:44:23]   Batch size:        16
[2026-04-03 12:44:23]   Max epochs:        5000

[2026-04-03 12:44:23] Results:
[2026-04-03 12:44:23]   Mean Accuracy:          0.4250 ± 0.0866
[2026-04-03 12:44:23]   Mean Balanced Accuracy: 0.4250 ± 0.0866
