[2026-04-01 09:49:27] Using device: cpu
[2026-04-01 09:49:27] Seed control enabled: True
[2026-04-01 09:49:27] Base seed: 1015
[2026-04-01 09:49:28] Seed initialized: 1015
[2026-04-01 09:49:28] ======================================================================
[2026-04-01 09:49:28] CONFIGURATION
[2026-04-01 09:49:28] ======================================================================
[2026-04-01 09:49:28]   artifact_dir: /home/vegorov/Repos/eeg_jepa_research/artifacts/lee-2019-fine-tuning
[2026-04-01 09:49:28]   bandpass_high: 40.0
[2026-04-01 09:49:28]   bandpass_low: 0.5
[2026-04-01 09:49:28]   batch_size: 16
[2026-04-01 09:49:28]   convert_to_uV: True
[2026-04-01 09:49:28]   cv_folds: 5
[2026-04-01 09:49:28]   device: auto
[2026-04-01 09:49:28]   early_stopping_patience: 50
[2026-04-01 09:49:28]   learning_rate: 0.001
[2026-04-01 09:49:28]   n_epochs: 5000
[2026-04-01 09:49:28]   normalization_method: None
[2026-04-01 09:49:28]   normalize: False
[2026-04-01 09:49:28]   paradigm: SSVEP
[2026-04-01 09:49:28]   pretrained_url: https://huggingface.co/braindecode/SignalJEPA/resolve/main/signal-jepa_16s-60_adeuwv4s.pth
[2026-04-01 09:49:28]   seed: 1015
[2026-04-01 09:49:28]   set_seed: True
[2026-04-01 09:49:28]   sfreq: 128
[2026-04-01 09:49:28]   subjects_to_use: [51]
[2026-04-01 09:49:28]   val_split: 0.2
[2026-04-01 09:49:28] ======================================================================
[2026-04-01 09:49:28] Config saved to: /home/vegorov/Repos/eeg_jepa_research/artifacts/lee-2019-fine-tuning/SSVEP/20260401_0949_5417f92c/config.json
[2026-04-01 09:49:28] Epoch window configuration:
[2026-04-01 09:49:28]   Target sfreq:                128 Hz
[2026-04-01 09:49:28]   Target duration:             4.190000 s
[2026-04-01 09:49:28]   Window samples (rounded):    536
[2026-04-01 09:49:28]   Base trial samples (4.0 s):  512
[2026-04-01 09:49:28]   Trial stop offset samples:   24
[2026-04-01 09:49:28]   Effective window duration:   4.187500 s
[2026-04-01 09:49:28] Using specified subjects from config: [51]
[2026-04-01 09:49:28] Selected subjects: [51]
[2026-04-01 09:49:28] Expected evaluation folds: 5

[2026-04-01 09:49:28] Building MOABBDataset for Lee2019_SSVEP...
[2026-04-01 09:49:36] MOABBDataset recordings loaded: 1
[2026-04-01 09:49:36] Discovered annotation descriptions (first recording): [np.str_('12.0'), np.str_('5.45'), np.str_('6.67'), np.str_('8.57')]
[2026-04-01 09:49:36] Dataset event_id mapping: {'12.0': 1, '8.57': 2, '6.67': 3, '5.45': 4}
[2026-04-01 09:49:36] Label map (event_code -> class_index): {1: 0, 2: 1, 3: 2, 4: 3}
[2026-04-01 09:49:36] Applying Braindecode preprocessors to MOABBDataset...
[2026-04-01 09:49:39] Preprocessing complete.

[2026-04-01 09:49:39] Post-preprocessing validation
[2026-04-01 09:49:39]   Recordings in DATASET: 1
[2026-04-01 09:49:39]   Unique subject IDs:    ['51']
[2026-04-01 09:49:39]   sfreq (first rec):     128.0 Hz
[2026-04-01 09:49:39]   EEG channel count:     62
[2026-04-01 09:49:39]   First 10 channels:     ['Fp1', 'Fp2', 'F7', 'F3', 'Fz', 'F4', 'F8', 'FC5', 'FC1', 'FC2']
[2026-04-01 09:49:39] Channel consistency summary:
[2026-04-01 09:49:39]   Checked runs: 1
[2026-04-01 09:49:39]   Unique channel counts: [62]
[2026-04-01 09:49:39]   Channel order consistent: True
[2026-04-01 09:49:39] Validated EEG channels: 62
[2026-04-01 09:49:39] First 10 EEG channels: ['Fp1', 'Fp2', 'F7', 'F3', 'Fz', 'F4', 'F8', 'FC5', 'FC1', 'FC2']
[2026-04-01 09:49:40] raw mean_abs=8.654730e+00
[2026-04-01 09:49:40] raw std=3.494582e+01
[2026-04-01 09:49:40] raw first5 channel std= [46.22404553 54.63339771 16.95830183 13.82897057 11.24366025]
[2026-04-01 09:49:40] Requested window samples: 536
[2026-04-01 09:49:40] Base trial samples:       512
[2026-04-01 09:49:40] Stop offset samples:      24
[2026-04-01 09:49:40] Global class counts: [25, 25, 25, 25]
[2026-04-01 09:49:40] Chance level (4-class): 0.25
[2026-04-01 09:49:40] One window shape: (62, 536)
[2026-04-01 09:49:40] One window label: 1
[2026-04-01 09:49:40] Window sample length expected=536, got=536
[2026-04-01 09:49:40] Subjects in window split: [51]
[2026-04-01 09:49:40] Summarizing per-subject windows...
[2026-04-01 09:49:40]   Subject 51: n_windows=100, window_shape=(62, 536), class_counts=[25, 25, 25, 25]
[2026-04-01 09:49:40]    subject_id  n_windows  n_channels  n_times      class_counts
0          51        100          62      536  [25, 25, 25, 25]
[2026-04-01 09:49:40] Window validation summary:
[2026-04-01 09:49:40]   Subject 51: n_windows=100 class_counts=[25, 25, 25, 25]

[2026-04-01 09:49:40] Validated sampling rate target: 128 Hz
[2026-04-01 09:49:40] Validated window sample count:   536
[2026-04-01 09:49:40] Validated window duration:       4.1875 s
[2026-04-01 09:49:40] Validated channel count:         62
[2026-04-01 09:49:40] Total windows retained:          100
[2026-04-01 09:49:40] Preprocessing sanity checks:
[2026-04-01 09:49:40]   One sample label: 1
[2026-04-01 09:49:40]   One sample shape: (62, 536)
[2026-04-01 09:49:40]   Mean(abs(signal)): 4.094026e+00
[2026-04-01 09:49:40]   Mean(signal):      7.346552e-09
[2026-04-01 09:49:40]   Std(signal):       5.860601e+00
[2026-04-01 09:49:40] Building model with input window duration: 4.1875 s
[2026-04-01 09:49:40] SignalJEPA_PreLocal instantiated successfully.
[2026-04-01 09:49:40]   Total parameters:     18,192
[2026-04-01 09:49:40]   Trainable parameters: 18,192
[2026-04-01 09:49:40] ======================================================================================================================================================
Layer (type (var_name):depth-idx)                  Input Shape               Output Shape              Param #                   Kernel Shape
======================================================================================================================================================
SignalJEPA_PreLocal (SignalJEPA_PreLocal)          [1, 62, 536]              [1, 4]                    --                        --
├─Sequential (spatial_conv): 1-1                   [1, 62, 536]              [1, 4, 536]               --                        --
│    └─Rearrange (0): 2-1                          [1, 62, 536]              [1, 1, 62, 536]           --                        --
│    └─Conv2d (1): 2-2                             [1, 1, 62, 536]           [1, 4, 1, 536]            252                       [62, 1]
│    └─Rearrange (2): 2-3                          [1, 4, 1, 536]            [1, 4, 536]               --                        --
├─_ConvFeatureEncoder (feature_encoder): 1-2       [1, 4, 536]               [1, 16, 64]               --                        --
│    └─Rearrange (0): 2-4                          [1, 4, 536]               [4, 1, 536]               --                        --
│    └─Sequential (1): 2-5                         [4, 1, 536]               [4, 8, 64]                --                        --
│    │    └─Conv1d (0): 3-1                        [4, 1, 536]               [4, 8, 64]                256                       [32]
│    │    └─Dropout (1): 3-2                       [4, 8, 64]                [4, 8, 64]                --                        --
│    │    └─GroupNorm (2): 3-3                     [4, 8, 64]                [4, 8, 64]                16                        --
│    │    └─GELU (3): 3-4                          [4, 8, 64]                [4, 8, 64]                --                        --
│    └─Sequential (2): 2-6                         [4, 8, 64]                [4, 16, 32]               --                        --
│    │    └─Conv1d (0): 3-5                        [4, 8, 64]                [4, 16, 32]               256                       [2]
│    │    └─Dropout (1): 3-6                       [4, 16, 32]               [4, 16, 32]               --                        --
│    │    └─GELU (2): 3-7                          [4, 16, 32]               [4, 16, 32]               --                        --
│    └─Sequential (3): 2-7                         [4, 16, 32]               [4, 32, 16]               --                        --
│    │    └─Conv1d (0): 3-8                        [4, 16, 32]               [4, 32, 16]               1,024                     [2]
│    │    └─Dropout (1): 3-9                       [4, 32, 16]               [4, 32, 16]               --                        --
│    │    └─GELU (2): 3-10                         [4, 32, 16]               [4, 32, 16]               --                        --
│    └─Sequential (4): 2-8                         [4, 32, 16]               [4, 64, 8]                --                        --
│    │    └─Conv1d (0): 3-11                       [4, 32, 16]               [4, 64, 8]                4,096                     [2]
│    │    └─Dropout (1): 3-12                      [4, 64, 8]                [4, 64, 8]                --                        --
│    │    └─GELU (2): 3-13                         [4, 64, 8]                [4, 64, 8]                --                        --
│    └─Sequential (5): 2-9                         [4, 64, 8]                [4, 64, 4]                --                        --
│    │    └─Conv1d (0): 3-14                       [4, 64, 8]                [4, 64, 4]                8,192                     [2]
│    │    └─Dropout (1): 3-15                      [4, 64, 4]                [4, 64, 4]                --                        --
│    │    └─GELU (2): 3-16                         [4, 64, 4]                [4, 64, 4]                --                        --
│    └─Rearrange (6): 2-10                         [4, 64, 4]                [1, 16, 64]               --                        --
├─Sequential (final_layer): 1-3                    [1, 16, 64]               [1, 4]                    --                        --
│    └─Flatten (0): 2-11                           [1, 16, 64]               [1, 1024]                 --                        --
│    └─Linear (1): 2-12                            [1, 1024]                 [1, 4]                    4,100                     --
======================================================================================================================================================
Total params: 18,192
Trainable params: 18,192
Non-trainable params: 0
Total mult-adds (Units.MEGABYTES): 0.57
======================================================================================================================================================
Input size (MB): 0.13
Forward/backward pass size (MB): 0.11
Params size (MB): 0.07
Estimated Total Size (MB): 0.31
======================================================================================================================================================
[2026-04-01 09:49:40] Initializing from 16s-60 pretrained checkpoint (Hugging Face):
[2026-04-01 09:49:40]   https://huggingface.co/braindecode/SignalJEPA/resolve/main/signal-jepa_16s-60_adeuwv4s.pth
[2026-04-01 09:49:40]   Downloaded 179 keys
[2026-04-01 09:49:40] ======================================================================
[2026-04-01 09:49:40] STARTING CROSS-VALIDATION
[2026-04-01 09:49:40] ======================================================================
[2026-04-01 09:49:40] Subjects:      [51]
[2026-04-01 09:49:40] CV folds:      5
[2026-04-01 09:49:40] Batch size:    16
[2026-04-01 09:49:40] Max epochs:    5000
[2026-04-01 09:49:40] Device:        cpu
[2026-04-01 09:49:40] Seed control:  True
[2026-04-01 09:49:40] Base seed:     1015
[2026-04-01 09:49:40] ======================================================================

[2026-04-01 09:49:40] Subject 51: 100 windows class_counts=[25, 25, 25, 25]
[2026-04-01 09:49:40]   Fold 1 split seed: 1016
[2026-04-01 09:49:40]   Fold 1 split class counts:
[2026-04-01 09:49:40]     train=[16, 16, 16, 16] val=[4, 4, 4, 4] test=[5, 5, 5, 5]
[2026-04-01 09:49:40]   Fold 2 split seed: 1017
[2026-04-01 09:49:40]   Fold 2 split class counts:
[2026-04-01 09:49:40]     train=[16, 16, 16, 16] val=[4, 4, 4, 4] test=[5, 5, 5, 5]
[2026-04-01 09:49:40]   Fold 3 split seed: 1018
[2026-04-01 09:49:40]   Fold 3 split class counts:
[2026-04-01 09:49:40]     train=[16, 16, 16, 16] val=[4, 4, 4, 4] test=[5, 5, 5, 5]
[2026-04-01 09:49:40]   Fold 4 split seed: 1019
[2026-04-01 09:49:40]   Fold 4 split class counts:
[2026-04-01 09:49:40]     train=[16, 16, 16, 16] val=[4, 4, 4, 4] test=[5, 5, 5, 5]
[2026-04-01 09:49:40]   Fold 5 split seed: 1020
[2026-04-01 09:49:40]   Fold 5 split class counts:
[2026-04-01 09:49:40]     train=[16, 16, 16, 16] val=[4, 4, 4, 4] test=[5, 5, 5, 5]
[2026-04-01 09:49:40]   Subject 51 Fold 1 seed: 6116
[2026-04-01 09:49:40]   Subject 51 Fold 1: n_train=64 n_val=16 n_test=20
[2026-04-01 09:49:40]     Train class counts: [16, 16, 16, 16]
[2026-04-01 09:49:40]     Val class counts:   [4, 4, 4, 4]
[2026-04-01 09:49:40]     Test class counts:  [5, 5, 5, 5]
[2026-04-01 09:49:40] Building model with input window duration: 4.1875 s
[2026-04-01 09:49:40] Pretrained weight loading:
[2026-04-01 09:49:40]   Downloaded keys:        179
[2026-04-01 09:49:40]   Filtered (transformer): 172
[2026-04-01 09:49:40]   Filtered (pos_encoder): 0
[2026-04-01 09:49:40]   Keys to load:           7
[2026-04-01 09:49:40]   Missing keys:           4
[2026-04-01 09:49:40]   Unexpected keys:        0
[2026-04-01 09:49:40]   Missing preview:        ['spatial_conv.1.weight', 'spatial_conv.1.bias', 'final_layer.1.weight', 'final_layer.1.bias']
[2026-04-01 09:49:40]   Unexpected preview:     []
[2026-04-01 09:49:40] Encoder freeze configuration:
[2026-04-01 09:49:40]   Total parameters:        18,192
[2026-04-01 09:49:40]   Trainable parameters:    4,352
[2026-04-01 09:49:40]   Training percentage:     23.9%
[2026-04-01 09:49:40]   Trainable layers: 4
[2026-04-01 09:49:40]     - final_layer.1.bias
[2026-04-01 09:49:40]     - final_layer.1.weight
[2026-04-01 09:49:40]     - spatial_conv.1.bias
[2026-04-01 09:49:40]     - spatial_conv.1.weight
[2026-04-01 09:49:40]     Train generator seeded: True
[2026-04-01 09:49:41]     Stopped epoch:            51
[2026-04-01 09:49:41]     Best epoch (valid_loss):  1
[2026-04-01 09:49:41]     Best valid_loss:          1.3863272666931152
[2026-04-01 09:49:41]     Test accuracy (primary):  0.2000
[2026-04-01 09:49:41]     Test balanced acc:        0.2000
[2026-04-01 09:49:41]     Confusion matrix:         [[4, 0, 0, 1], [5, 0, 0, 0], [5, 0, 0, 0], [5, 0, 0, 0]]
[2026-04-01 09:49:41]     Prediction histogram:     [19, 0, 0, 1]
[2026-04-01 09:49:41]     fold_acc=0.2000 fold_bal_acc=0.2000 cm=[[4, 0, 0, 1], [5, 0, 0, 0], [5, 0, 0, 0], [5, 0, 0, 0]]
[2026-04-01 09:49:41]   Subject 51 Fold 2 seed: 6117
[2026-04-01 09:49:41]   Subject 51 Fold 2: n_train=64 n_val=16 n_test=20
[2026-04-01 09:49:41]     Train class counts: [16, 16, 16, 16]
[2026-04-01 09:49:41]     Val class counts:   [4, 4, 4, 4]
[2026-04-01 09:49:41]     Test class counts:  [5, 5, 5, 5]
[2026-04-01 09:49:41] Building model with input window duration: 4.1875 s
[2026-04-01 09:49:41] Pretrained weight loading:
[2026-04-01 09:49:41]   Downloaded keys:        179
[2026-04-01 09:49:41]   Filtered (transformer): 172
[2026-04-01 09:49:41]   Filtered (pos_encoder): 0
[2026-04-01 09:49:41]   Keys to load:           7
[2026-04-01 09:49:41]   Missing keys:           4
[2026-04-01 09:49:41]   Unexpected keys:        0
[2026-04-01 09:49:41]   Missing preview:        ['spatial_conv.1.weight', 'spatial_conv.1.bias', 'final_layer.1.weight', 'final_layer.1.bias']
[2026-04-01 09:49:41]   Unexpected preview:     []
[2026-04-01 09:49:41] Encoder freeze configuration:
[2026-04-01 09:49:41]   Total parameters:        18,192
[2026-04-01 09:49:41]   Trainable parameters:    4,352
[2026-04-01 09:49:41]   Training percentage:     23.9%
[2026-04-01 09:49:41]   Trainable layers: 4
[2026-04-01 09:49:41]     - final_layer.1.bias
[2026-04-01 09:49:41]     - final_layer.1.weight
[2026-04-01 09:49:41]     - spatial_conv.1.bias
[2026-04-01 09:49:41]     - spatial_conv.1.weight
[2026-04-01 09:49:41]     Train generator seeded: True
[2026-04-01 09:49:42]     Stopped epoch:            107
[2026-04-01 09:49:42]     Best epoch (valid_loss):  57
[2026-04-01 09:49:42]     Best valid_loss:          1.379270076751709
[2026-04-01 09:49:42]     Test accuracy (primary):  0.3500
[2026-04-01 09:49:42]     Test balanced acc:        0.3500
[2026-04-01 09:49:42]     Confusion matrix:         [[1, 1, 2, 1], [1, 1, 1, 2], [1, 0, 1, 3], [1, 0, 0, 4]]
[2026-04-01 09:49:42]     Prediction histogram:     [4, 2, 4, 10]
[2026-04-01 09:49:42]     fold_acc=0.3500 fold_bal_acc=0.3500 cm=[[1, 1, 2, 1], [1, 1, 1, 2], [1, 0, 1, 3], [1, 0, 0, 4]]
[2026-04-01 09:49:42]   Subject 51 Fold 3 seed: 6118
[2026-04-01 09:49:42]   Subject 51 Fold 3: n_train=64 n_val=16 n_test=20
[2026-04-01 09:49:42]     Train class counts: [16, 16, 16, 16]
[2026-04-01 09:49:42]     Val class counts:   [4, 4, 4, 4]
[2026-04-01 09:49:42]     Test class counts:  [5, 5, 5, 5]
[2026-04-01 09:49:42] Building model with input window duration: 4.1875 s
[2026-04-01 09:49:42] Pretrained weight loading:
[2026-04-01 09:49:42]   Downloaded keys:        179
[2026-04-01 09:49:42]   Filtered (transformer): 172
[2026-04-01 09:49:42]   Filtered (pos_encoder): 0
[2026-04-01 09:49:42]   Keys to load:           7
[2026-04-01 09:49:42]   Missing keys:           4
[2026-04-01 09:49:42]   Unexpected keys:        0
[2026-04-01 09:49:42]   Missing preview:        ['spatial_conv.1.weight', 'spatial_conv.1.bias', 'final_layer.1.weight', 'final_layer.1.bias']
[2026-04-01 09:49:42]   Unexpected preview:     []
[2026-04-01 09:49:42] Encoder freeze configuration:
[2026-04-01 09:49:42]   Total parameters:        18,192
[2026-04-01 09:49:42]   Trainable parameters:    4,352
[2026-04-01 09:49:42]   Training percentage:     23.9%
[2026-04-01 09:49:42]   Trainable layers: 4
[2026-04-01 09:49:42]     - final_layer.1.bias
[2026-04-01 09:49:42]     - final_layer.1.weight
[2026-04-01 09:49:42]     - spatial_conv.1.bias
[2026-04-01 09:49:42]     - spatial_conv.1.weight
[2026-04-01 09:49:42]     Train generator seeded: True
[2026-04-01 09:49:43]     Stopped epoch:            51
[2026-04-01 09:49:43]     Best epoch (valid_loss):  1
[2026-04-01 09:49:43]     Best valid_loss:          1.3878391981124878
[2026-04-01 09:49:43]     Test accuracy (primary):  0.2000
[2026-04-01 09:49:43]     Test balanced acc:        0.2000
[2026-04-01 09:49:43]     Confusion matrix:         [[1, 0, 3, 1], [1, 0, 2, 2], [1, 0, 3, 1], [1, 1, 3, 0]]
[2026-04-01 09:49:43]     Prediction histogram:     [4, 1, 11, 4]
[2026-04-01 09:49:43]     fold_acc=0.2000 fold_bal_acc=0.2000 cm=[[1, 0, 3, 1], [1, 0, 2, 2], [1, 0, 3, 1], [1, 1, 3, 0]]
[2026-04-01 09:49:43]   Subject 51 Fold 4 seed: 6119
[2026-04-01 09:49:43]   Subject 51 Fold 4: n_train=64 n_val=16 n_test=20
[2026-04-01 09:49:43]     Train class counts: [16, 16, 16, 16]
[2026-04-01 09:49:43]     Val class counts:   [4, 4, 4, 4]
[2026-04-01 09:49:43]     Test class counts:  [5, 5, 5, 5]
[2026-04-01 09:49:43] Building model with input window duration: 4.1875 s
[2026-04-01 09:49:43] Pretrained weight loading:
[2026-04-01 09:49:43]   Downloaded keys:        179
[2026-04-01 09:49:43]   Filtered (transformer): 172
[2026-04-01 09:49:43]   Filtered (pos_encoder): 0
[2026-04-01 09:49:43]   Keys to load:           7
[2026-04-01 09:49:43]   Missing keys:           4
[2026-04-01 09:49:43]   Unexpected keys:        0
[2026-04-01 09:49:43]   Missing preview:        ['spatial_conv.1.weight', 'spatial_conv.1.bias', 'final_layer.1.weight', 'final_layer.1.bias']
[2026-04-01 09:49:43]   Unexpected preview:     []
[2026-04-01 09:49:43] Encoder freeze configuration:
[2026-04-01 09:49:43]   Total parameters:        18,192
[2026-04-01 09:49:43]   Trainable parameters:    4,352
[2026-04-01 09:49:43]   Training percentage:     23.9%
[2026-04-01 09:49:43]   Trainable layers: 4
[2026-04-01 09:49:43]     - final_layer.1.bias
[2026-04-01 09:49:43]     - final_layer.1.weight
[2026-04-01 09:49:43]     - spatial_conv.1.bias
[2026-04-01 09:49:43]     - spatial_conv.1.weight
[2026-04-01 09:49:43]     Train generator seeded: True
[2026-04-01 09:49:43]     Stopped epoch:            52
[2026-04-01 09:49:43]     Best epoch (valid_loss):  3
[2026-04-01 09:49:43]     Best valid_loss:          1.38482666015625
[2026-04-01 09:49:43]     Test accuracy (primary):  0.4500
[2026-04-01 09:49:43]     Test balanced acc:        0.4500
[2026-04-01 09:49:43]     Confusion matrix:         [[2, 0, 3, 0], [1, 2, 2, 0], [1, 0, 3, 1], [0, 0, 3, 2]]
[2026-04-01 09:49:43]     Prediction histogram:     [4, 2, 11, 3]
[2026-04-01 09:49:43]     fold_acc=0.4500 fold_bal_acc=0.4500 cm=[[2, 0, 3, 0], [1, 2, 2, 0], [1, 0, 3, 1], [0, 0, 3, 2]]
[2026-04-01 09:49:43]   Subject 51 Fold 5 seed: 6120
[2026-04-01 09:49:43]   Subject 51 Fold 5: n_train=64 n_val=16 n_test=20
[2026-04-01 09:49:43]     Train class counts: [16, 16, 16, 16]
[2026-04-01 09:49:43]     Val class counts:   [4, 4, 4, 4]
[2026-04-01 09:49:43]     Test class counts:  [5, 5, 5, 5]
[2026-04-01 09:49:43] Building model with input window duration: 4.1875 s
[2026-04-01 09:49:43] Pretrained weight loading:
[2026-04-01 09:49:43]   Downloaded keys:        179
[2026-04-01 09:49:43]   Filtered (transformer): 172
[2026-04-01 09:49:43]   Filtered (pos_encoder): 0
[2026-04-01 09:49:43]   Keys to load:           7
[2026-04-01 09:49:43]   Missing keys:           4
[2026-04-01 09:49:43]   Unexpected keys:        0
[2026-04-01 09:49:43]   Missing preview:        ['spatial_conv.1.weight', 'spatial_conv.1.bias', 'final_layer.1.weight', 'final_layer.1.bias']
[2026-04-01 09:49:43]   Unexpected preview:     []
[2026-04-01 09:49:43] Encoder freeze configuration:
[2026-04-01 09:49:43]   Total parameters:        18,192
[2026-04-01 09:49:43]   Trainable parameters:    4,352
[2026-04-01 09:49:43]   Training percentage:     23.9%
[2026-04-01 09:49:43]   Trainable layers: 4
[2026-04-01 09:49:43]     - final_layer.1.bias
[2026-04-01 09:49:43]     - final_layer.1.weight
[2026-04-01 09:49:43]     - spatial_conv.1.bias
[2026-04-01 09:49:43]     - spatial_conv.1.weight
[2026-04-01 09:49:43]     Train generator seeded: True
[2026-04-01 09:49:44]     Stopped epoch:            61
[2026-04-01 09:49:44]     Best epoch (valid_loss):  11
[2026-04-01 09:49:44]     Best valid_loss:          1.3812044858932495
[2026-04-01 09:49:44]     Test accuracy (primary):  0.2500
[2026-04-01 09:49:44]     Test balanced acc:        0.2500
[2026-04-01 09:49:44]     Confusion matrix:         [[1, 1, 1, 2], [0, 1, 2, 2], [0, 1, 3, 1], [1, 1, 3, 0]]
[2026-04-01 09:49:44]     Prediction histogram:     [2, 4, 9, 5]
[2026-04-01 09:49:44]     fold_acc=0.2500 fold_bal_acc=0.2500 cm=[[1, 1, 1, 2], [0, 1, 2, 2], [0, 1, 3, 1], [1, 1, 3, 0]]
[2026-04-01 09:49:44]   Subject 51 mean accuracy: 0.2900

[2026-04-01 09:49:44] Total folds completed: 5
[2026-04-01 09:49:44] ======================================================================
[2026-04-01 09:49:44] AGGREGATED RESULTS
[2026-04-01 09:49:44] ======================================================================
[2026-04-01 09:49:44]   Subject 51:  acc=0.2900±0.0970  bal_acc=0.2900±0.0970
[2026-04-01 09:49:44] ----------------------------------------------------------------------
[2026-04-01 09:49:44]   OVERALL:      acc=0.2900±0.0970  bal_acc=0.2900±0.0970
[2026-04-01 09:49:44] ======================================================================
[2026-04-01 09:49:44] CV results saved to:      /home/vegorov/Repos/eeg_jepa_research/artifacts/lee-2019-fine-tuning/SSVEP/20260401_0949_5417f92c/cv_results.json
[2026-04-01 09:49:44] Subject metrics saved to: /home/vegorov/Repos/eeg_jepa_research/artifacts/lee-2019-fine-tuning/SSVEP/20260401_0949_5417f92c/subject_metrics.json
[2026-04-01 09:49:44] Global metrics saved to:  /home/vegorov/Repos/eeg_jepa_research/artifacts/lee-2019-fine-tuning/SSVEP/20260401_0949_5417f92c/global_metrics.json
[2026-04-01 09:49:44] Run metadata saved to:    /home/vegorov/Repos/eeg_jepa_research/artifacts/lee-2019-fine-tuning/SSVEP/20260401_0949_5417f92c/run_metadata.json

[2026-04-01 09:49:44] All artifacts in: /home/vegorov/Repos/eeg_jepa_research/artifacts/lee-2019-fine-tuning/SSVEP/20260401_0949_5417f92c

[2026-04-01 09:49:44] ======================================================================
[2026-04-01 09:49:44] EXPERIMENT SUMMARY
[2026-04-01 09:49:44] ======================================================================
[2026-04-01 09:49:44] Run ID:    20260401_0949_5417f92c
[2026-04-01 09:49:44] Artifacts: /home/vegorov/Repos/eeg_jepa_research/artifacts/lee-2019-fine-tuning/SSVEP/20260401_0949_5417f92c

[2026-04-01 09:49:44] Configuration:
[2026-04-01 09:49:44]   Subjects:          [51]
[2026-04-01 09:49:44]   Bandpass:          0.5-40.0 Hz
[2026-04-01 09:49:44]   Resample:          128 Hz
[2026-04-01 09:49:44]   CV folds:          5
[2026-04-01 09:49:44]   Learning rate:     0.001
[2026-04-01 09:49:44]   Batch size:        16
[2026-04-01 09:49:44]   Max epochs:        5000

[2026-04-01 09:49:44] Results:
[2026-04-01 09:49:44]   Mean Accuracy:          0.2900 ± 0.0970
[2026-04-01 09:49:44]   Mean Balanced Accuracy: 0.2900 ± 0.0970
