[2026-04-08 23:38:46] Using device: cpu
[2026-04-08 23:38:46] Seed control enabled: True
[2026-04-08 23:38:46] Base seed: 5
[2026-04-08 23:38:47] Seed initialized: 5
[2026-04-08 23:38:47] ======================================================================
[2026-04-08 23:38:47] CONFIGURATION
[2026-04-08 23:38:47] ======================================================================
[2026-04-08 23:38:47]   artifact_dir: /home/vegorov/Repos/eeg_jepa_research/artifacts/lee-2019-fine-tuning
[2026-04-08 23:38:47]   bandpass_high: 40.0
[2026-04-08 23:38:47]   bandpass_low: 0.5
[2026-04-08 23:38:47]   batch_size: 32
[2026-04-08 23:38:47]   convert_to_uV: True
[2026-04-08 23:38:47]   criterion: None
[2026-04-08 23:38:47]   cv_folds: 5
[2026-04-08 23:38:47]   device: auto
[2026-04-08 23:38:47]   early_stopping_patience: 50
[2026-04-08 23:38:47]   learning_rate: 0.0005
[2026-04-08 23:38:47]   n_epochs: 5000
[2026-04-08 23:38:47]   normalization_method: None
[2026-04-08 23:38:47]   normalize: False
[2026-04-08 23:38:47]   optimizer: Adam
[2026-04-08 23:38:47]   paradigm: SSVEP
[2026-04-08 23:38:47]   pretrained_url: https://huggingface.co/braindecode/SignalJEPA/resolve/main/signal-jepa_16s-60_adeuwv4s.pth
[2026-04-08 23:38:47]   seed: 5
[2026-04-08 23:38:47]   set_eeg_reference: True
[2026-04-08 23:38:47]   set_seed: True
[2026-04-08 23:38:47]   sfreq: 128
[2026-04-08 23:38:47]   subjects_to_use: None
[2026-04-08 23:38:47]   val_split: 0.2
[2026-04-08 23:38:47] ======================================================================
[2026-04-08 23:38:47] Config saved to: /home/vegorov/Repos/eeg_jepa_research/artifacts/lee-2019-fine-tuning/SSVEP/20260408_2338_da80acf9/config.json
[2026-04-08 23:38:47] Epoch window configuration:
[2026-04-08 23:38:47]   Target sfreq:                128 Hz
[2026-04-08 23:38:47]   Target duration:             4.190000 s
[2026-04-08 23:38:47]   Window samples (rounded):    536
[2026-04-08 23:38:47]   Base trial samples (4.0 s):  512
[2026-04-08 23:38:47]   Trial stop offset samples:   24
[2026-04-08 23:38:47]   Effective window duration:   4.187500 s
[2026-04-08 23:38:47] Dataset code: Lee2019-SSVEP
[2026-04-08 23:38:47] Subjects Total: 54
[2026-04-08 23:38:47] Events: {'12.0': 1, '8.57': 2, '6.67': 3, '5.45': 4}
[2026-04-08 23:38:47] Interval: [0.0, 4.0]
[2026-04-08 23:38:47] Paradigm: ssvep
[2026-04-08 23:38:47] Selected subjects: [48, 49, 50, 51, 52, 53, 54]
[2026-04-08 23:38:47] Expected evaluation folds: 35

[2026-04-08 23:38:47] Building MOABBDataset for Lee2019_SSVEP...
[2026-04-08 23:39:50] MOABBDataset recordings loaded: 14
[2026-04-08 23:39:50] Discovered annotation descriptions (first recording): [np.str_('12.0'), np.str_('5.45'), np.str_('6.67'), np.str_('8.57')]
[2026-04-08 23:39:50] Dataset event_id mapping: {'12.0': 1, '8.57': 2, '6.67': 3, '5.45': 4}
[2026-04-08 23:39:50] Label map (event_code -> class_index): {1: 0, 2: 1, 3: 2, 4: 3}
[2026-04-08 23:39:50] Applying Braindecode preprocessors to MOABBDataset...
[2026-04-08 23:40:36] Preprocessing complete.

[2026-04-08 23:40:36] Post-preprocessing validation
[2026-04-08 23:40:36]   Recordings in DATASET: 14
[2026-04-08 23:40:36]   Unique subject IDs:    ['48', '49', '50', '51', '52', '53', '54']
[2026-04-08 23:40:36]   sfreq (first rec):     128.0 Hz
[2026-04-08 23:40:36]   EEG channel count:     62
[2026-04-08 23:40:36]   First 10 channels:     ['Fp1', 'Fp2', 'F7', 'F3', 'Fz', 'F4', 'F8', 'FC5', 'FC1', 'FC2']
[2026-04-08 23:40:36] Channel consistency summary:
[2026-04-08 23:40:36]   Checked runs: 14
[2026-04-08 23:40:36]   Unique channel counts: [62]
[2026-04-08 23:40:36]   Channel order consistent: True
[2026-04-08 23:40:36] Validated EEG channels: 62
[2026-04-08 23:40:36] First 10 EEG channels: ['Fp1', 'Fp2', 'F7', 'F3', 'Fz', 'F4', 'F8', 'FC5', 'FC1', 'FC2']
[2026-04-08 23:40:36] raw mean_abs=6.260925e+00
[2026-04-08 23:40:36] raw std=1.367558e+01
[2026-04-08 23:40:36] raw first5 channel std= [25.7487628  33.90435699 12.52572271  7.29424492  6.6773028 ]
[2026-04-08 23:40:36] Requested window samples: 536
[2026-04-08 23:40:36] Base trial samples:       512
[2026-04-08 23:40:36] Stop offset samples:      24
[2026-04-08 23:40:36] Global class counts: [350, 350, 350, 350]
[2026-04-08 23:40:36] Chance level (4-class): 0.25
[2026-04-08 23:40:36] One window shape: (62, 536)
[2026-04-08 23:40:36] One window label: 2
[2026-04-08 23:40:36] Window sample length expected=536, got=536
[2026-04-08 23:40:36] Subjects in window split: [48, 49, 50, 51, 52, 53, 54]
[2026-04-08 23:40:36] Summarizing per-subject windows...
[2026-04-08 23:40:36]   Subject 48: n_windows=200, window_shape=(62, 536), class_counts=[50, 50, 50, 50]
[2026-04-08 23:40:36]   Subject 49: n_windows=200, window_shape=(62, 536), class_counts=[50, 50, 50, 50]
[2026-04-08 23:40:36]   Subject 50: n_windows=200, window_shape=(62, 536), class_counts=[50, 50, 50, 50]
[2026-04-08 23:40:36]   Subject 51: n_windows=200, window_shape=(62, 536), class_counts=[50, 50, 50, 50]
[2026-04-08 23:40:36]   Subject 52: n_windows=200, window_shape=(62, 536), class_counts=[50, 50, 50, 50]
[2026-04-08 23:40:36]   Subject 53: n_windows=200, window_shape=(62, 536), class_counts=[50, 50, 50, 50]
[2026-04-08 23:40:36]   Subject 54: n_windows=200, window_shape=(62, 536), class_counts=[50, 50, 50, 50]
[2026-04-08 23:40:36]    subject_id  n_windows  n_channels  n_times      class_counts
0          48        200          62      536  [50, 50, 50, 50]
1          49        200          62      536  [50, 50, 50, 50]
2          50        200          62      536  [50, 50, 50, 50]
3          51        200          62      536  [50, 50, 50, 50]
4          52        200          62      536  [50, 50, 50, 50]
5          53        200          62      536  [50, 50, 50, 50]
6          54        200          62      536  [50, 50, 50, 50]
[2026-04-08 23:40:36] Window validation summary:
[2026-04-08 23:40:36]   Subject 48: n_windows=200 class_counts=[50, 50, 50, 50]
[2026-04-08 23:40:36]   Subject 49: n_windows=200 class_counts=[50, 50, 50, 50]
[2026-04-08 23:40:36]   Subject 50: n_windows=200 class_counts=[50, 50, 50, 50]
[2026-04-08 23:40:36]   Subject 51: n_windows=200 class_counts=[50, 50, 50, 50]
[2026-04-08 23:40:36]   Subject 52: n_windows=200 class_counts=[50, 50, 50, 50]
[2026-04-08 23:40:36]   Subject 53: n_windows=200 class_counts=[50, 50, 50, 50]
[2026-04-08 23:40:36]   Subject 54: n_windows=200 class_counts=[50, 50, 50, 50]

[2026-04-08 23:40:36] Validated sampling rate target: 128 Hz
[2026-04-08 23:40:36] Validated window sample count:   536
[2026-04-08 23:40:36] Validated window duration:       4.1875 s
[2026-04-08 23:40:36] Validated channel count:         62
[2026-04-08 23:40:36] Total windows retained:          1400
[2026-04-08 23:40:36] Preprocessing sanity checks:
[2026-04-08 23:40:36]   One sample label: 2
[2026-04-08 23:40:36]   One sample shape: (62, 536)
[2026-04-08 23:40:36]   Mean(abs(signal)): 3.194527e+00
[2026-04-08 23:40:36]   Mean(signal):      6.428233e-09
[2026-04-08 23:40:36]   Std(signal):       4.182395e+00
[2026-04-08 23:40:36] Building model with input window duration: 4.1875 s
[2026-04-08 23:40:36] SignalJEPA_PreLocal instantiated successfully.
[2026-04-08 23:40:36]   Total parameters:     18,192
[2026-04-08 23:40:36]   Trainable parameters: 18,192
[2026-04-08 23:40:36] ======================================================================================================================================================
Layer (type (var_name):depth-idx)                  Input Shape               Output Shape              Param #                   Kernel Shape
======================================================================================================================================================
SignalJEPA_PreLocal (SignalJEPA_PreLocal)          [1, 62, 536]              [1, 4]                    --                        --
├─Sequential (spatial_conv): 1-1                   [1, 62, 536]              [1, 4, 536]               --                        --
│    └─Rearrange (0): 2-1                          [1, 62, 536]              [1, 1, 62, 536]           --                        --
│    └─Conv2d (1): 2-2                             [1, 1, 62, 536]           [1, 4, 1, 536]            252                       [62, 1]
│    └─Rearrange (2): 2-3                          [1, 4, 1, 536]            [1, 4, 536]               --                        --
├─_ConvFeatureEncoder (feature_encoder): 1-2       [1, 4, 536]               [1, 16, 64]               --                        --
│    └─Rearrange (0): 2-4                          [1, 4, 536]               [4, 1, 536]               --                        --
│    └─Sequential (1): 2-5                         [4, 1, 536]               [4, 8, 64]                --                        --
│    │    └─Conv1d (0): 3-1                        [4, 1, 536]               [4, 8, 64]                256                       [32]
│    │    └─Dropout (1): 3-2                       [4, 8, 64]                [4, 8, 64]                --                        --
│    │    └─GroupNorm (2): 3-3                     [4, 8, 64]                [4, 8, 64]                16                        --
│    │    └─GELU (3): 3-4                          [4, 8, 64]                [4, 8, 64]                --                        --
│    └─Sequential (2): 2-6                         [4, 8, 64]                [4, 16, 32]               --                        --
│    │    └─Conv1d (0): 3-5                        [4, 8, 64]                [4, 16, 32]               256                       [2]
│    │    └─Dropout (1): 3-6                       [4, 16, 32]               [4, 16, 32]               --                        --
│    │    └─GELU (2): 3-7                          [4, 16, 32]               [4, 16, 32]               --                        --
│    └─Sequential (3): 2-7                         [4, 16, 32]               [4, 32, 16]               --                        --
│    │    └─Conv1d (0): 3-8                        [4, 16, 32]               [4, 32, 16]               1,024                     [2]
│    │    └─Dropout (1): 3-9                       [4, 32, 16]               [4, 32, 16]               --                        --
│    │    └─GELU (2): 3-10                         [4, 32, 16]               [4, 32, 16]               --                        --
│    └─Sequential (4): 2-8                         [4, 32, 16]               [4, 64, 8]                --                        --
│    │    └─Conv1d (0): 3-11                       [4, 32, 16]               [4, 64, 8]                4,096                     [2]
│    │    └─Dropout (1): 3-12                      [4, 64, 8]                [4, 64, 8]                --                        --
│    │    └─GELU (2): 3-13                         [4, 64, 8]                [4, 64, 8]                --                        --
│    └─Sequential (5): 2-9                         [4, 64, 8]                [4, 64, 4]                --                        --
│    │    └─Conv1d (0): 3-14                       [4, 64, 8]                [4, 64, 4]                8,192                     [2]
│    │    └─Dropout (1): 3-15                      [4, 64, 4]                [4, 64, 4]                --                        --
│    │    └─GELU (2): 3-16                         [4, 64, 4]                [4, 64, 4]                --                        --
│    └─Rearrange (6): 2-10                         [4, 64, 4]                [1, 16, 64]               --                        --
├─Sequential (final_layer): 1-3                    [1, 16, 64]               [1, 4]                    --                        --
│    └─Flatten (0): 2-11                           [1, 16, 64]               [1, 1024]                 --                        --
│    └─Linear (1): 2-12                            [1, 1024]                 [1, 4]                    4,100                     --
======================================================================================================================================================
Total params: 18,192
Trainable params: 18,192
Non-trainable params: 0
Total mult-adds (Units.MEGABYTES): 0.57
======================================================================================================================================================
Input size (MB): 0.13
Forward/backward pass size (MB): 0.11
Params size (MB): 0.07
Estimated Total Size (MB): 0.31
======================================================================================================================================================
[2026-04-08 23:40:36] Initializing from 16s-60 pretrained checkpoint (Hugging Face):
[2026-04-08 23:40:36]   https://huggingface.co/braindecode/SignalJEPA/resolve/main/signal-jepa_16s-60_adeuwv4s.pth
[2026-04-08 23:40:37]   Downloaded 179 keys
[2026-04-08 23:40:37] ======================================================================
[2026-04-08 23:40:37] STARTING CROSS-VALIDATION
[2026-04-08 23:40:37] ======================================================================
[2026-04-08 23:40:37] Subjects:      [48, 49, 50, 51, 52, 53, 54]
[2026-04-08 23:40:37] CV folds:      5
[2026-04-08 23:40:37] Batch size:    32
[2026-04-08 23:40:37] Max epochs:    5000
[2026-04-08 23:40:37] Device:        cpu
[2026-04-08 23:40:37] Seed control:  True
[2026-04-08 23:40:37] Base seed:     5
[2026-04-08 23:40:37] ======================================================================

[2026-04-08 23:40:37] Subject 48: 200 windows | class_counts=[50, 50, 50, 50]
[2026-04-08 23:40:37]   Fold 1 class counts: train=[32, 32, 32, 32] val=[8, 8, 8, 8] test=[10, 10, 10, 10]
[2026-04-08 23:40:37]   Fold 2 class counts: train=[32, 32, 32, 32] val=[8, 8, 8, 8] test=[10, 10, 10, 10]
[2026-04-08 23:40:37]   Fold 3 class counts: train=[32, 32, 32, 32] val=[8, 8, 8, 8] test=[10, 10, 10, 10]
[2026-04-08 23:40:37]   Fold 4 class counts: train=[32, 32, 32, 32] val=[8, 8, 8, 8] test=[10, 10, 10, 10]
[2026-04-08 23:40:37]   Fold 5 class counts: train=[32, 32, 32, 32] val=[8, 8, 8, 8] test=[10, 10, 10, 10]
[2026-04-08 23:40:37]     Train class counts: [32, 32, 32, 32]
[2026-04-08 23:40:37]     Val class counts:   [8, 8, 8, 8]
[2026-04-08 23:40:37]     Test class counts:  [10, 10, 10, 10]
[2026-04-08 23:40:37] Building model with input window duration: 4.1875 s
[2026-04-08 23:40:37] Pretrained weight loading:
[2026-04-08 23:40:37]   Downloaded keys:        179
[2026-04-08 23:40:37]   Filtered (transformer): 172
[2026-04-08 23:40:37]   Filtered (pos_encoder): 0
[2026-04-08 23:40:37]   Keys to load:           7
[2026-04-08 23:40:37]   Missing keys:           4
[2026-04-08 23:40:37]   Unexpected keys:        0
[2026-04-08 23:40:37]   Missing preview:        ['spatial_conv.1.weight', 'spatial_conv.1.bias', 'final_layer.1.weight', 'final_layer.1.bias']
[2026-04-08 23:40:37]   Unexpected preview:     []
[2026-04-08 23:40:37] Trainable modules: spatial_conv + final_layer (4,352 / 18,192 params, 23.9%)
[2026-04-08 23:40:37]   - final_layer.1.bias
[2026-04-08 23:40:37]   - final_layer.1.weight
[2026-04-08 23:40:37]   - spatial_conv.1.bias
[2026-04-08 23:40:37]   - spatial_conv.1.weight
[2026-04-08 23:41:33]   Fold 1/5 | best_epoch=3280 | stop=3330 | val_loss=0.0174 | acc=0.9750 | bal_acc=0.9750
[2026-04-08 23:41:33]     Train class counts: [32, 32, 32, 32]
[2026-04-08 23:41:33]     Val class counts:   [8, 8, 8, 8]
[2026-04-08 23:41:33]     Test class counts:  [10, 10, 10, 10]
[2026-04-08 23:41:33] Building model with input window duration: 4.1875 s
[2026-04-08 23:41:33] Pretrained weight loading:
[2026-04-08 23:41:33]   Downloaded keys:        179
[2026-04-08 23:41:33]   Filtered (transformer): 172
[2026-04-08 23:41:33]   Filtered (pos_encoder): 0
[2026-04-08 23:41:33]   Keys to load:           7
[2026-04-08 23:41:33]   Missing keys:           4
[2026-04-08 23:41:33]   Unexpected keys:        0
[2026-04-08 23:41:33]   Missing preview:        ['spatial_conv.1.weight', 'spatial_conv.1.bias', 'final_layer.1.weight', 'final_layer.1.bias']
[2026-04-08 23:41:33]   Unexpected preview:     []
[2026-04-08 23:42:36]   Fold 2/5 | best_epoch=3690 | stop=3740 | val_loss=0.0057 | acc=1.0000 | bal_acc=1.0000
[2026-04-08 23:42:36]     Train class counts: [32, 32, 32, 32]
[2026-04-08 23:42:36]     Val class counts:   [8, 8, 8, 8]
[2026-04-08 23:42:36]     Test class counts:  [10, 10, 10, 10]
[2026-04-08 23:42:36] Building model with input window duration: 4.1875 s
[2026-04-08 23:42:36] Pretrained weight loading:
[2026-04-08 23:42:36]   Downloaded keys:        179
[2026-04-08 23:42:36]   Filtered (transformer): 172
[2026-04-08 23:42:36]   Filtered (pos_encoder): 0
[2026-04-08 23:42:36]   Keys to load:           7
[2026-04-08 23:42:36]   Missing keys:           4
[2026-04-08 23:42:36]   Unexpected keys:        0
[2026-04-08 23:42:36]   Missing preview:        ['spatial_conv.1.weight', 'spatial_conv.1.bias', 'final_layer.1.weight', 'final_layer.1.bias']
[2026-04-08 23:42:36]   Unexpected preview:     []
[2026-04-08 23:43:09]   Fold 3/5 | best_epoch=2025 | stop=2075 | val_loss=0.0188 | acc=1.0000 | bal_acc=1.0000
[2026-04-08 23:43:09]     Train class counts: [32, 32, 32, 32]
[2026-04-08 23:43:09]     Val class counts:   [8, 8, 8, 8]
[2026-04-08 23:43:09]     Test class counts:  [10, 10, 10, 10]
[2026-04-08 23:43:09] Building model with input window duration: 4.1875 s
[2026-04-08 23:43:09] Pretrained weight loading:
[2026-04-08 23:43:09]   Downloaded keys:        179
[2026-04-08 23:43:09]   Filtered (transformer): 172
[2026-04-08 23:43:09]   Filtered (pos_encoder): 0
[2026-04-08 23:43:09]   Keys to load:           7
[2026-04-08 23:43:09]   Missing keys:           4
[2026-04-08 23:43:09]   Unexpected keys:        0
[2026-04-08 23:43:09]   Missing preview:        ['spatial_conv.1.weight', 'spatial_conv.1.bias', 'final_layer.1.weight', 'final_layer.1.bias']
[2026-04-08 23:43:09]   Unexpected preview:     []
[2026-04-08 23:43:32]   Fold 4/5 | best_epoch=1344 | stop=1394 | val_loss=0.1189 | acc=1.0000 | bal_acc=1.0000
[2026-04-08 23:43:32]     Train class counts: [32, 32, 32, 32]
[2026-04-08 23:43:32]     Val class counts:   [8, 8, 8, 8]
[2026-04-08 23:43:32]     Test class counts:  [10, 10, 10, 10]
[2026-04-08 23:43:32] Building model with input window duration: 4.1875 s
[2026-04-08 23:43:32] Pretrained weight loading:
[2026-04-08 23:43:32]   Downloaded keys:        179
[2026-04-08 23:43:32]   Filtered (transformer): 172
[2026-04-08 23:43:32]   Filtered (pos_encoder): 0
[2026-04-08 23:43:32]   Keys to load:           7
[2026-04-08 23:43:32]   Missing keys:           4
[2026-04-08 23:43:32]   Unexpected keys:        0
[2026-04-08 23:43:32]   Missing preview:        ['spatial_conv.1.weight', 'spatial_conv.1.bias', 'final_layer.1.weight', 'final_layer.1.bias']
[2026-04-08 23:43:32]   Unexpected preview:     []
[2026-04-08 23:44:39]   Fold 5/5 | best_epoch=4041 | stop=4091 | val_loss=0.0106 | acc=1.0000 | bal_acc=1.0000
[2026-04-08 23:44:39]   Subject 48 summary: acc=0.9950±0.0100  bal_acc=0.9950±0.0100

[2026-04-08 23:44:39] Subject 49: 200 windows | class_counts=[50, 50, 50, 50]
[2026-04-08 23:44:39]   Fold 1 class counts: train=[32, 32, 32, 32] val=[8, 8, 8, 8] test=[10, 10, 10, 10]
[2026-04-08 23:44:39]   Fold 2 class counts: train=[32, 32, 32, 32] val=[8, 8, 8, 8] test=[10, 10, 10, 10]
[2026-04-08 23:44:39]   Fold 3 class counts: train=[32, 32, 32, 32] val=[8, 8, 8, 8] test=[10, 10, 10, 10]
[2026-04-08 23:44:39]   Fold 4 class counts: train=[32, 32, 32, 32] val=[8, 8, 8, 8] test=[10, 10, 10, 10]
[2026-04-08 23:44:39]   Fold 5 class counts: train=[32, 32, 32, 32] val=[8, 8, 8, 8] test=[10, 10, 10, 10]
[2026-04-08 23:44:39]     Train class counts: [32, 32, 32, 32]
[2026-04-08 23:44:39]     Val class counts:   [8, 8, 8, 8]
[2026-04-08 23:44:39]     Test class counts:  [10, 10, 10, 10]
[2026-04-08 23:44:39] Building model with input window duration: 4.1875 s
[2026-04-08 23:44:39] Pretrained weight loading:
[2026-04-08 23:44:39]   Downloaded keys:        179
[2026-04-08 23:44:39]   Filtered (transformer): 172
[2026-04-08 23:44:39]   Filtered (pos_encoder): 0
[2026-04-08 23:44:39]   Keys to load:           7
[2026-04-08 23:44:39]   Missing keys:           4
[2026-04-08 23:44:39]   Unexpected keys:        0
[2026-04-08 23:44:39]   Missing preview:        ['spatial_conv.1.weight', 'spatial_conv.1.bias', 'final_layer.1.weight', 'final_layer.1.bias']
[2026-04-08 23:44:39]   Unexpected preview:     []
[2026-04-08 23:45:24]   Fold 1/5 | best_epoch=2677 | stop=2727 | val_loss=0.0248 | acc=1.0000 | bal_acc=1.0000
[2026-04-08 23:45:24]     Train class counts: [32, 32, 32, 32]
[2026-04-08 23:45:24]     Val class counts:   [8, 8, 8, 8]
[2026-04-08 23:45:24]     Test class counts:  [10, 10, 10, 10]
[2026-04-08 23:45:24] Building model with input window duration: 4.1875 s
[2026-04-08 23:45:24] Pretrained weight loading:
[2026-04-08 23:45:24]   Downloaded keys:        179
[2026-04-08 23:45:24]   Filtered (transformer): 172
[2026-04-08 23:45:24]   Filtered (pos_encoder): 0
[2026-04-08 23:45:24]   Keys to load:           7
[2026-04-08 23:45:24]   Missing keys:           4
[2026-04-08 23:45:24]   Unexpected keys:        0
[2026-04-08 23:45:24]   Missing preview:        ['spatial_conv.1.weight', 'spatial_conv.1.bias', 'final_layer.1.weight', 'final_layer.1.bias']
[2026-04-08 23:45:24]   Unexpected preview:     []
[2026-04-08 23:45:56]   Fold 2/5 | best_epoch=1920 | stop=1970 | val_loss=0.0881 | acc=0.9250 | bal_acc=0.9250
[2026-04-08 23:45:56]     Train class counts: [32, 32, 32, 32]
[2026-04-08 23:45:56]     Val class counts:   [8, 8, 8, 8]
[2026-04-08 23:45:56]     Test class counts:  [10, 10, 10, 10]
[2026-04-08 23:45:56] Building model with input window duration: 4.1875 s
[2026-04-08 23:45:56] Pretrained weight loading:
[2026-04-08 23:45:56]   Downloaded keys:        179
[2026-04-08 23:45:56]   Filtered (transformer): 172
[2026-04-08 23:45:56]   Filtered (pos_encoder): 0
[2026-04-08 23:45:56]   Keys to load:           7
[2026-04-08 23:45:56]   Missing keys:           4
[2026-04-08 23:45:56]   Unexpected keys:        0
[2026-04-08 23:45:56]   Missing preview:        ['spatial_conv.1.weight', 'spatial_conv.1.bias', 'final_layer.1.weight', 'final_layer.1.bias']
[2026-04-08 23:45:56]   Unexpected preview:     []
[2026-04-08 23:46:47]   Fold 3/5 | best_epoch=3033 | stop=3083 | val_loss=0.0544 | acc=0.9750 | bal_acc=0.9750
[2026-04-08 23:46:47]     Train class counts: [32, 32, 32, 32]
[2026-04-08 23:46:47]     Val class counts:   [8, 8, 8, 8]
[2026-04-08 23:46:47]     Test class counts:  [10, 10, 10, 10]
[2026-04-08 23:46:47] Building model with input window duration: 4.1875 s
[2026-04-08 23:46:47] Pretrained weight loading:
[2026-04-08 23:46:47]   Downloaded keys:        179
[2026-04-08 23:46:47]   Filtered (transformer): 172
[2026-04-08 23:46:47]   Filtered (pos_encoder): 0
[2026-04-08 23:46:47]   Keys to load:           7
[2026-04-08 23:46:47]   Missing keys:           4
[2026-04-08 23:46:47]   Unexpected keys:        0
[2026-04-08 23:46:47]   Missing preview:        ['spatial_conv.1.weight', 'spatial_conv.1.bias', 'final_layer.1.weight', 'final_layer.1.bias']
[2026-04-08 23:46:47]   Unexpected preview:     []
[2026-04-08 23:47:31]   Fold 4/5 | best_epoch=2610 | stop=2660 | val_loss=0.0948 | acc=0.9500 | bal_acc=0.9500
[2026-04-08 23:47:31]     Train class counts: [32, 32, 32, 32]
[2026-04-08 23:47:31]     Val class counts:   [8, 8, 8, 8]
[2026-04-08 23:47:31]     Test class counts:  [10, 10, 10, 10]
[2026-04-08 23:47:31] Building model with input window duration: 4.1875 s
[2026-04-08 23:47:31] Pretrained weight loading:
[2026-04-08 23:47:31]   Downloaded keys:        179
[2026-04-08 23:47:31]   Filtered (transformer): 172
[2026-04-08 23:47:31]   Filtered (pos_encoder): 0
[2026-04-08 23:47:31]   Keys to load:           7
[2026-04-08 23:47:31]   Missing keys:           4
[2026-04-08 23:47:31]   Unexpected keys:        0
[2026-04-08 23:47:31]   Missing preview:        ['spatial_conv.1.weight', 'spatial_conv.1.bias', 'final_layer.1.weight', 'final_layer.1.bias']
[2026-04-08 23:47:31]   Unexpected preview:     []
[2026-04-08 23:48:22]   Fold 5/5 | best_epoch=3068 | stop=3118 | val_loss=0.0121 | acc=0.9750 | bal_acc=0.9750
[2026-04-08 23:48:22]   Subject 49 summary: acc=0.9650±0.0255  bal_acc=0.9650±0.0255

[2026-04-08 23:48:22] Subject 50: 200 windows | class_counts=[50, 50, 50, 50]
[2026-04-08 23:48:22]   Fold 1 class counts: train=[32, 32, 32, 32] val=[8, 8, 8, 8] test=[10, 10, 10, 10]
[2026-04-08 23:48:22]   Fold 2 class counts: train=[32, 32, 32, 32] val=[8, 8, 8, 8] test=[10, 10, 10, 10]
[2026-04-08 23:48:22]   Fold 3 class counts: train=[32, 32, 32, 32] val=[8, 8, 8, 8] test=[10, 10, 10, 10]
[2026-04-08 23:48:22]   Fold 4 class counts: train=[32, 32, 32, 32] val=[8, 8, 8, 8] test=[10, 10, 10, 10]
[2026-04-08 23:48:22]   Fold 5 class counts: train=[32, 32, 32, 32] val=[8, 8, 8, 8] test=[10, 10, 10, 10]
[2026-04-08 23:48:22]     Train class counts: [32, 32, 32, 32]
[2026-04-08 23:48:22]     Val class counts:   [8, 8, 8, 8]
[2026-04-08 23:48:22]     Test class counts:  [10, 10, 10, 10]
[2026-04-08 23:48:22] Building model with input window duration: 4.1875 s
[2026-04-08 23:48:22] Pretrained weight loading:
[2026-04-08 23:48:22]   Downloaded keys:        179
[2026-04-08 23:48:22]   Filtered (transformer): 172
[2026-04-08 23:48:22]   Filtered (pos_encoder): 0
[2026-04-08 23:48:22]   Keys to load:           7
[2026-04-08 23:48:22]   Missing keys:           4
[2026-04-08 23:48:22]   Unexpected keys:        0
[2026-04-08 23:48:22]   Missing preview:        ['spatial_conv.1.weight', 'spatial_conv.1.bias', 'final_layer.1.weight', 'final_layer.1.bias']
[2026-04-08 23:48:22]   Unexpected preview:     []
[2026-04-08 23:49:32]   Fold 1/5 | best_epoch=4224 | stop=4274 | val_loss=0.0015 | acc=1.0000 | bal_acc=1.0000
[2026-04-08 23:49:32]     Train class counts: [32, 32, 32, 32]
[2026-04-08 23:49:32]     Val class counts:   [8, 8, 8, 8]
[2026-04-08 23:49:32]     Test class counts:  [10, 10, 10, 10]
[2026-04-08 23:49:32] Building model with input window duration: 4.1875 s
[2026-04-08 23:49:32] Pretrained weight loading:
[2026-04-08 23:49:32]   Downloaded keys:        179
[2026-04-08 23:49:32]   Filtered (transformer): 172
[2026-04-08 23:49:32]   Filtered (pos_encoder): 0
[2026-04-08 23:49:32]   Keys to load:           7
[2026-04-08 23:49:32]   Missing keys:           4
[2026-04-08 23:49:32]   Unexpected keys:        0
[2026-04-08 23:49:32]   Missing preview:        ['spatial_conv.1.weight', 'spatial_conv.1.bias', 'final_layer.1.weight', 'final_layer.1.bias']
[2026-04-08 23:49:32]   Unexpected preview:     []
[2026-04-08 23:50:34]   Fold 2/5 | best_epoch=3760 | stop=3810 | val_loss=0.0200 | acc=1.0000 | bal_acc=1.0000
[2026-04-08 23:50:34]     Train class counts: [32, 32, 32, 32]
[2026-04-08 23:50:34]     Val class counts:   [8, 8, 8, 8]
[2026-04-08 23:50:34]     Test class counts:  [10, 10, 10, 10]
[2026-04-08 23:50:34] Building model with input window duration: 4.1875 s
[2026-04-08 23:50:34] Pretrained weight loading:
[2026-04-08 23:50:34]   Downloaded keys:        179
[2026-04-08 23:50:34]   Filtered (transformer): 172
[2026-04-08 23:50:34]   Filtered (pos_encoder): 0
[2026-04-08 23:50:34]   Keys to load:           7
[2026-04-08 23:50:34]   Missing keys:           4
[2026-04-08 23:50:34]   Unexpected keys:        0
[2026-04-08 23:50:34]   Missing preview:        ['spatial_conv.1.weight', 'spatial_conv.1.bias', 'final_layer.1.weight', 'final_layer.1.bias']
[2026-04-08 23:50:34]   Unexpected preview:     []
[2026-04-08 23:51:56]   Fold 3/5 | best_epoch=4973 | stop=5000 | val_loss=0.0011 | acc=0.9750 | bal_acc=0.9750
[2026-04-08 23:51:56]     Train class counts: [32, 32, 32, 32]
[2026-04-08 23:51:56]     Val class counts:   [8, 8, 8, 8]
[2026-04-08 23:51:56]     Test class counts:  [10, 10, 10, 10]
[2026-04-08 23:51:56] Building model with input window duration: 4.1875 s
[2026-04-08 23:51:56] Pretrained weight loading:
[2026-04-08 23:51:56]   Downloaded keys:        179
[2026-04-08 23:51:56]   Filtered (transformer): 172
[2026-04-08 23:51:56]   Filtered (pos_encoder): 0
[2026-04-08 23:51:56]   Keys to load:           7
[2026-04-08 23:51:56]   Missing keys:           4
[2026-04-08 23:51:56]   Unexpected keys:        0
[2026-04-08 23:51:56]   Missing preview:        ['spatial_conv.1.weight', 'spatial_conv.1.bias', 'final_layer.1.weight', 'final_layer.1.bias']
[2026-04-08 23:51:56]   Unexpected preview:     []
[2026-04-08 23:52:38]   Fold 4/5 | best_epoch=2547 | stop=2597 | val_loss=0.0450 | acc=0.9750 | bal_acc=0.9750
[2026-04-08 23:52:38]     Train class counts: [32, 32, 32, 32]
[2026-04-08 23:52:38]     Val class counts:   [8, 8, 8, 8]
[2026-04-08 23:52:38]     Test class counts:  [10, 10, 10, 10]
[2026-04-08 23:52:38] Building model with input window duration: 4.1875 s
[2026-04-08 23:52:38] Pretrained weight loading:
[2026-04-08 23:52:38]   Downloaded keys:        179
[2026-04-08 23:52:38]   Filtered (transformer): 172
[2026-04-08 23:52:38]   Filtered (pos_encoder): 0
[2026-04-08 23:52:38]   Keys to load:           7
[2026-04-08 23:52:38]   Missing keys:           4
[2026-04-08 23:52:38]   Unexpected keys:        0
[2026-04-08 23:52:38]   Missing preview:        ['spatial_conv.1.weight', 'spatial_conv.1.bias', 'final_layer.1.weight', 'final_layer.1.bias']
[2026-04-08 23:52:38]   Unexpected preview:     []
[2026-04-08 23:53:27]   Fold 5/5 | best_epoch=2969 | stop=3019 | val_loss=0.0229 | acc=1.0000 | bal_acc=1.0000
[2026-04-08 23:53:27]   Subject 50 summary: acc=0.9900±0.0122  bal_acc=0.9900±0.0122

[2026-04-08 23:53:27] Subject 51: 200 windows | class_counts=[50, 50, 50, 50]
[2026-04-08 23:53:27]   Fold 1 class counts: train=[32, 32, 32, 32] val=[8, 8, 8, 8] test=[10, 10, 10, 10]
[2026-04-08 23:53:27]   Fold 2 class counts: train=[32, 32, 32, 32] val=[8, 8, 8, 8] test=[10, 10, 10, 10]
[2026-04-08 23:53:27]   Fold 3 class counts: train=[32, 32, 32, 32] val=[8, 8, 8, 8] test=[10, 10, 10, 10]
[2026-04-08 23:53:27]   Fold 4 class counts: train=[32, 32, 32, 32] val=[8, 8, 8, 8] test=[10, 10, 10, 10]
[2026-04-08 23:53:27]   Fold 5 class counts: train=[32, 32, 32, 32] val=[8, 8, 8, 8] test=[10, 10, 10, 10]
[2026-04-08 23:53:27]     Train class counts: [32, 32, 32, 32]
[2026-04-08 23:53:27]     Val class counts:   [8, 8, 8, 8]
[2026-04-08 23:53:27]     Test class counts:  [10, 10, 10, 10]
[2026-04-08 23:53:27] Building model with input window duration: 4.1875 s
[2026-04-08 23:53:27] Pretrained weight loading:
[2026-04-08 23:53:27]   Downloaded keys:        179
[2026-04-08 23:53:27]   Filtered (transformer): 172
[2026-04-08 23:53:27]   Filtered (pos_encoder): 0
[2026-04-08 23:53:27]   Keys to load:           7
[2026-04-08 23:53:27]   Missing keys:           4
[2026-04-08 23:53:27]   Unexpected keys:        0
[2026-04-08 23:53:27]   Missing preview:        ['spatial_conv.1.weight', 'spatial_conv.1.bias', 'final_layer.1.weight', 'final_layer.1.bias']
[2026-04-08 23:53:27]   Unexpected preview:     []
[2026-04-08 23:53:55]   Fold 1/5 | best_epoch=1738 | stop=1766 | val_loss=0.9206 | acc=0.7000 | bal_acc=0.7000
[2026-04-08 23:53:55]     Train class counts: [32, 32, 32, 32]
[2026-04-08 23:53:55]     Val class counts:   [8, 8, 8, 8]
[2026-04-08 23:53:55]     Test class counts:  [10, 10, 10, 10]
[2026-04-08 23:53:55] Building model with input window duration: 4.1875 s
[2026-04-08 23:53:55] Pretrained weight loading:
[2026-04-08 23:53:55]   Downloaded keys:        179
[2026-04-08 23:53:55]   Filtered (transformer): 172
[2026-04-08 23:53:55]   Filtered (pos_encoder): 0
[2026-04-08 23:53:55]   Keys to load:           7
[2026-04-08 23:53:55]   Missing keys:           4
[2026-04-08 23:53:55]   Unexpected keys:        0
[2026-04-08 23:53:55]   Missing preview:        ['spatial_conv.1.weight', 'spatial_conv.1.bias', 'final_layer.1.weight', 'final_layer.1.bias']
[2026-04-08 23:53:55]   Unexpected preview:     []
[2026-04-08 23:54:11]   Fold 2/5 | best_epoch=946 | stop=952 | val_loss=0.9579 | acc=0.7000 | bal_acc=0.7000
[2026-04-08 23:54:11]     Train class counts: [32, 32, 32, 32]
[2026-04-08 23:54:11]     Val class counts:   [8, 8, 8, 8]
[2026-04-08 23:54:11]     Test class counts:  [10, 10, 10, 10]
[2026-04-08 23:54:11] Building model with input window duration: 4.1875 s
[2026-04-08 23:54:11] Pretrained weight loading:
[2026-04-08 23:54:11]   Downloaded keys:        179
[2026-04-08 23:54:11]   Filtered (transformer): 172
[2026-04-08 23:54:11]   Filtered (pos_encoder): 0
[2026-04-08 23:54:11]   Keys to load:           7
[2026-04-08 23:54:11]   Missing keys:           4
[2026-04-08 23:54:11]   Unexpected keys:        0
[2026-04-08 23:54:11]   Missing preview:        ['spatial_conv.1.weight', 'spatial_conv.1.bias', 'final_layer.1.weight', 'final_layer.1.bias']
[2026-04-08 23:54:11]   Unexpected preview:     []
[2026-04-08 23:54:33]   Fold 3/5 | best_epoch=1349 | stop=1399 | val_loss=0.7786 | acc=0.7000 | bal_acc=0.7000
[2026-04-08 23:54:33]     Train class counts: [32, 32, 32, 32]
[2026-04-08 23:54:33]     Val class counts:   [8, 8, 8, 8]
[2026-04-08 23:54:33]     Test class counts:  [10, 10, 10, 10]
[2026-04-08 23:54:33] Building model with input window duration: 4.1875 s
[2026-04-08 23:54:33] Pretrained weight loading:
[2026-04-08 23:54:33]   Downloaded keys:        179
[2026-04-08 23:54:33]   Filtered (transformer): 172
[2026-04-08 23:54:33]   Filtered (pos_encoder): 0
[2026-04-08 23:54:33]   Keys to load:           7
[2026-04-08 23:54:33]   Missing keys:           4
[2026-04-08 23:54:33]   Unexpected keys:        0
[2026-04-08 23:54:33]   Missing preview:        ['spatial_conv.1.weight', 'spatial_conv.1.bias', 'final_layer.1.weight', 'final_layer.1.bias']
[2026-04-08 23:54:33]   Unexpected preview:     []
[2026-04-08 23:54:56]   Fold 4/5 | best_epoch=1356 | stop=1406 | val_loss=0.6879 | acc=0.7000 | bal_acc=0.7000
[2026-04-08 23:54:56]     Train class counts: [32, 32, 32, 32]
[2026-04-08 23:54:56]     Val class counts:   [8, 8, 8, 8]
[2026-04-08 23:54:56]     Test class counts:  [10, 10, 10, 10]
[2026-04-08 23:54:56] Building model with input window duration: 4.1875 s
[2026-04-08 23:54:56] Pretrained weight loading:
[2026-04-08 23:54:56]   Downloaded keys:        179
[2026-04-08 23:54:56]   Filtered (transformer): 172
[2026-04-08 23:54:56]   Filtered (pos_encoder): 0
[2026-04-08 23:54:56]   Keys to load:           7
[2026-04-08 23:54:56]   Missing keys:           4
[2026-04-08 23:54:56]   Unexpected keys:        0
[2026-04-08 23:54:56]   Missing preview:        ['spatial_conv.1.weight', 'spatial_conv.1.bias', 'final_layer.1.weight', 'final_layer.1.bias']
[2026-04-08 23:54:56]   Unexpected preview:     []
[2026-04-08 23:54:57]   Fold 5/5 | best_epoch=1 | stop=51 | val_loss=1.3860 | acc=0.2750 | bal_acc=0.2750
[2026-04-08 23:54:57]   Subject 51 summary: acc=0.6150±0.1700  bal_acc=0.6150±0.1700

[2026-04-08 23:54:57] Subject 52: 200 windows | class_counts=[50, 50, 50, 50]
[2026-04-08 23:54:57]   Fold 1 class counts: train=[32, 32, 32, 32] val=[8, 8, 8, 8] test=[10, 10, 10, 10]
[2026-04-08 23:54:57]   Fold 2 class counts: train=[32, 32, 32, 32] val=[8, 8, 8, 8] test=[10, 10, 10, 10]
[2026-04-08 23:54:57]   Fold 3 class counts: train=[32, 32, 32, 32] val=[8, 8, 8, 8] test=[10, 10, 10, 10]
[2026-04-08 23:54:57]   Fold 4 class counts: train=[32, 32, 32, 32] val=[8, 8, 8, 8] test=[10, 10, 10, 10]
[2026-04-08 23:54:57]   Fold 5 class counts: train=[32, 32, 32, 32] val=[8, 8, 8, 8] test=[10, 10, 10, 10]
[2026-04-08 23:54:57]     Train class counts: [32, 32, 32, 32]
[2026-04-08 23:54:57]     Val class counts:   [8, 8, 8, 8]
[2026-04-08 23:54:57]     Test class counts:  [10, 10, 10, 10]
[2026-04-08 23:54:57] Building model with input window duration: 4.1875 s
[2026-04-08 23:54:57] Pretrained weight loading:
[2026-04-08 23:54:57]   Downloaded keys:        179
[2026-04-08 23:54:57]   Filtered (transformer): 172
[2026-04-08 23:54:57]   Filtered (pos_encoder): 0
[2026-04-08 23:54:57]   Keys to load:           7
[2026-04-08 23:54:57]   Missing keys:           4
[2026-04-08 23:54:57]   Unexpected keys:        0
[2026-04-08 23:54:57]   Missing preview:        ['spatial_conv.1.weight', 'spatial_conv.1.bias', 'final_layer.1.weight', 'final_layer.1.bias']
[2026-04-08 23:54:57]   Unexpected preview:     []
[2026-04-08 23:55:33]   Fold 1/5 | best_epoch=2147 | stop=2197 | val_loss=0.0956 | acc=1.0000 | bal_acc=1.0000
[2026-04-08 23:55:33]     Train class counts: [32, 32, 32, 32]
[2026-04-08 23:55:33]     Val class counts:   [8, 8, 8, 8]
[2026-04-08 23:55:33]     Test class counts:  [10, 10, 10, 10]
[2026-04-08 23:55:33] Building model with input window duration: 4.1875 s
[2026-04-08 23:55:33] Pretrained weight loading:
[2026-04-08 23:55:33]   Downloaded keys:        179
[2026-04-08 23:55:33]   Filtered (transformer): 172
[2026-04-08 23:55:33]   Filtered (pos_encoder): 0
[2026-04-08 23:55:33]   Keys to load:           7
[2026-04-08 23:55:33]   Missing keys:           4
[2026-04-08 23:55:33]   Unexpected keys:        0
[2026-04-08 23:55:33]   Missing preview:        ['spatial_conv.1.weight', 'spatial_conv.1.bias', 'final_layer.1.weight', 'final_layer.1.bias']
[2026-04-08 23:55:33]   Unexpected preview:     []
[2026-04-08 23:56:13]   Fold 2/5 | best_epoch=2442 | stop=2492 | val_loss=0.0661 | acc=0.9500 | bal_acc=0.9500
[2026-04-08 23:56:13]     Train class counts: [32, 32, 32, 32]
[2026-04-08 23:56:13]     Val class counts:   [8, 8, 8, 8]
[2026-04-08 23:56:13]     Test class counts:  [10, 10, 10, 10]
[2026-04-08 23:56:13] Building model with input window duration: 4.1875 s
[2026-04-08 23:56:13] Pretrained weight loading:
[2026-04-08 23:56:13]   Downloaded keys:        179
[2026-04-08 23:56:13]   Filtered (transformer): 172
[2026-04-08 23:56:13]   Filtered (pos_encoder): 0
[2026-04-08 23:56:13]   Keys to load:           7
[2026-04-08 23:56:13]   Missing keys:           4
[2026-04-08 23:56:13]   Unexpected keys:        0
[2026-04-08 23:56:13]   Missing preview:        ['spatial_conv.1.weight', 'spatial_conv.1.bias', 'final_layer.1.weight', 'final_layer.1.bias']
[2026-04-08 23:56:13]   Unexpected preview:     []
[2026-04-08 23:56:52]   Fold 3/5 | best_epoch=2316 | stop=2366 | val_loss=0.0788 | acc=1.0000 | bal_acc=1.0000
[2026-04-08 23:56:52]     Train class counts: [32, 32, 32, 32]
[2026-04-08 23:56:52]     Val class counts:   [8, 8, 8, 8]
[2026-04-08 23:56:52]     Test class counts:  [10, 10, 10, 10]
[2026-04-08 23:56:52] Building model with input window duration: 4.1875 s
[2026-04-08 23:56:52] Pretrained weight loading:
[2026-04-08 23:56:52]   Downloaded keys:        179
[2026-04-08 23:56:52]   Filtered (transformer): 172
[2026-04-08 23:56:52]   Filtered (pos_encoder): 0
[2026-04-08 23:56:52]   Keys to load:           7
[2026-04-08 23:56:52]   Missing keys:           4
[2026-04-08 23:56:52]   Unexpected keys:        0
[2026-04-08 23:56:52]   Missing preview:        ['spatial_conv.1.weight', 'spatial_conv.1.bias', 'final_layer.1.weight', 'final_layer.1.bias']
[2026-04-08 23:56:52]   Unexpected preview:     []
[2026-04-08 23:57:21]   Fold 4/5 | best_epoch=1773 | stop=1823 | val_loss=0.1889 | acc=0.9750 | bal_acc=0.9750
[2026-04-08 23:57:21]     Train class counts: [32, 32, 32, 32]
[2026-04-08 23:57:21]     Val class counts:   [8, 8, 8, 8]
[2026-04-08 23:57:21]     Test class counts:  [10, 10, 10, 10]
[2026-04-08 23:57:21] Building model with input window duration: 4.1875 s
[2026-04-08 23:57:21] Pretrained weight loading:
[2026-04-08 23:57:21]   Downloaded keys:        179
[2026-04-08 23:57:21]   Filtered (transformer): 172
[2026-04-08 23:57:21]   Filtered (pos_encoder): 0
[2026-04-08 23:57:21]   Keys to load:           7
[2026-04-08 23:57:21]   Missing keys:           4
[2026-04-08 23:57:21]   Unexpected keys:        0
[2026-04-08 23:57:21]   Missing preview:        ['spatial_conv.1.weight', 'spatial_conv.1.bias', 'final_layer.1.weight', 'final_layer.1.bias']
[2026-04-08 23:57:21]   Unexpected preview:     []
[2026-04-08 23:58:04]   Fold 5/5 | best_epoch=2557 | stop=2607 | val_loss=0.0410 | acc=0.9750 | bal_acc=0.9750
[2026-04-08 23:58:04]   Subject 52 summary: acc=0.9800±0.0187  bal_acc=0.9800±0.0187

[2026-04-08 23:58:04] Subject 53: 200 windows | class_counts=[50, 50, 50, 50]
[2026-04-08 23:58:04]   Fold 1 class counts: train=[32, 32, 32, 32] val=[8, 8, 8, 8] test=[10, 10, 10, 10]
[2026-04-08 23:58:04]   Fold 2 class counts: train=[32, 32, 32, 32] val=[8, 8, 8, 8] test=[10, 10, 10, 10]
[2026-04-08 23:58:04]   Fold 3 class counts: train=[32, 32, 32, 32] val=[8, 8, 8, 8] test=[10, 10, 10, 10]
[2026-04-08 23:58:04]   Fold 4 class counts: train=[32, 32, 32, 32] val=[8, 8, 8, 8] test=[10, 10, 10, 10]
[2026-04-08 23:58:04]   Fold 5 class counts: train=[32, 32, 32, 32] val=[8, 8, 8, 8] test=[10, 10, 10, 10]
[2026-04-08 23:58:04]     Train class counts: [32, 32, 32, 32]
[2026-04-08 23:58:04]     Val class counts:   [8, 8, 8, 8]
[2026-04-08 23:58:04]     Test class counts:  [10, 10, 10, 10]
[2026-04-08 23:58:04] Building model with input window duration: 4.1875 s
[2026-04-08 23:58:04] Pretrained weight loading:
[2026-04-08 23:58:04]   Downloaded keys:        179
[2026-04-08 23:58:04]   Filtered (transformer): 172
[2026-04-08 23:58:04]   Filtered (pos_encoder): 0
[2026-04-08 23:58:04]   Keys to load:           7
[2026-04-08 23:58:04]   Missing keys:           4
[2026-04-08 23:58:04]   Unexpected keys:        0
[2026-04-08 23:58:04]   Missing preview:        ['spatial_conv.1.weight', 'spatial_conv.1.bias', 'final_layer.1.weight', 'final_layer.1.bias']
[2026-04-08 23:58:04]   Unexpected preview:     []
[2026-04-08 23:58:50]   Fold 1/5 | best_epoch=2719 | stop=2769 | val_loss=0.0292 | acc=1.0000 | bal_acc=1.0000
[2026-04-08 23:58:50]     Train class counts: [32, 32, 32, 32]
[2026-04-08 23:58:50]     Val class counts:   [8, 8, 8, 8]
[2026-04-08 23:58:50]     Test class counts:  [10, 10, 10, 10]
[2026-04-08 23:58:50] Building model with input window duration: 4.1875 s
[2026-04-08 23:58:50] Pretrained weight loading:
[2026-04-08 23:58:50]   Downloaded keys:        179
[2026-04-08 23:58:50]   Filtered (transformer): 172
[2026-04-08 23:58:50]   Filtered (pos_encoder): 0
[2026-04-08 23:58:50]   Keys to load:           7
[2026-04-08 23:58:50]   Missing keys:           4
[2026-04-08 23:58:50]   Unexpected keys:        0
[2026-04-08 23:58:50]   Missing preview:        ['spatial_conv.1.weight', 'spatial_conv.1.bias', 'final_layer.1.weight', 'final_layer.1.bias']
[2026-04-08 23:58:50]   Unexpected preview:     []
[2026-04-09 00:00:13]   Fold 2/5 | best_epoch=5000 | stop=5000 | val_loss=0.0008 | acc=1.0000 | bal_acc=1.0000
[2026-04-09 00:00:13]     Train class counts: [32, 32, 32, 32]
[2026-04-09 00:00:13]     Val class counts:   [8, 8, 8, 8]
[2026-04-09 00:00:13]     Test class counts:  [10, 10, 10, 10]
[2026-04-09 00:00:13] Building model with input window duration: 4.1875 s
[2026-04-09 00:00:13] Pretrained weight loading:
[2026-04-09 00:00:13]   Downloaded keys:        179
[2026-04-09 00:00:13]   Filtered (transformer): 172
[2026-04-09 00:00:13]   Filtered (pos_encoder): 0
[2026-04-09 00:00:13]   Keys to load:           7
[2026-04-09 00:00:13]   Missing keys:           4
[2026-04-09 00:00:13]   Unexpected keys:        0
[2026-04-09 00:00:13]   Missing preview:        ['spatial_conv.1.weight', 'spatial_conv.1.bias', 'final_layer.1.weight', 'final_layer.1.bias']
[2026-04-09 00:00:13]   Unexpected preview:     []
[2026-04-09 00:01:35]   Fold 3/5 | best_epoch=4999 | stop=5000 | val_loss=0.0005 | acc=1.0000 | bal_acc=1.0000
[2026-04-09 00:01:35]     Train class counts: [32, 32, 32, 32]
[2026-04-09 00:01:35]     Val class counts:   [8, 8, 8, 8]
[2026-04-09 00:01:35]     Test class counts:  [10, 10, 10, 10]
[2026-04-09 00:01:35] Building model with input window duration: 4.1875 s
[2026-04-09 00:01:35] Pretrained weight loading:
[2026-04-09 00:01:35]   Downloaded keys:        179
[2026-04-09 00:01:35]   Filtered (transformer): 172
[2026-04-09 00:01:35]   Filtered (pos_encoder): 0
[2026-04-09 00:01:35]   Keys to load:           7
[2026-04-09 00:01:35]   Missing keys:           4
[2026-04-09 00:01:35]   Unexpected keys:        0
[2026-04-09 00:01:35]   Missing preview:        ['spatial_conv.1.weight', 'spatial_conv.1.bias', 'final_layer.1.weight', 'final_layer.1.bias']
[2026-04-09 00:01:35]   Unexpected preview:     []
[2026-04-09 00:02:58]   Fold 4/5 | best_epoch=4990 | stop=5000 | val_loss=0.0019 | acc=1.0000 | bal_acc=1.0000
[2026-04-09 00:02:58]     Train class counts: [32, 32, 32, 32]
[2026-04-09 00:02:58]     Val class counts:   [8, 8, 8, 8]
[2026-04-09 00:02:58]     Test class counts:  [10, 10, 10, 10]
[2026-04-09 00:02:58] Building model with input window duration: 4.1875 s
[2026-04-09 00:02:58] Pretrained weight loading:
[2026-04-09 00:02:58]   Downloaded keys:        179
[2026-04-09 00:02:58]   Filtered (transformer): 172
[2026-04-09 00:02:58]   Filtered (pos_encoder): 0
[2026-04-09 00:02:58]   Keys to load:           7
[2026-04-09 00:02:58]   Missing keys:           4
[2026-04-09 00:02:58]   Unexpected keys:        0
[2026-04-09 00:02:58]   Missing preview:        ['spatial_conv.1.weight', 'spatial_conv.1.bias', 'final_layer.1.weight', 'final_layer.1.bias']
[2026-04-09 00:02:58]   Unexpected preview:     []
[2026-04-09 00:04:21]   Fold 5/5 | best_epoch=4998 | stop=5000 | val_loss=0.0015 | acc=1.0000 | bal_acc=1.0000
[2026-04-09 00:04:21]   Subject 53 summary: acc=1.0000±0.0000  bal_acc=1.0000±0.0000

[2026-04-09 00:04:21] Subject 54: 200 windows | class_counts=[50, 50, 50, 50]
[2026-04-09 00:04:21]   Fold 1 class counts: train=[32, 32, 32, 32] val=[8, 8, 8, 8] test=[10, 10, 10, 10]
[2026-04-09 00:04:21]   Fold 2 class counts: train=[32, 32, 32, 32] val=[8, 8, 8, 8] test=[10, 10, 10, 10]
[2026-04-09 00:04:21]   Fold 3 class counts: train=[32, 32, 32, 32] val=[8, 8, 8, 8] test=[10, 10, 10, 10]
[2026-04-09 00:04:21]   Fold 4 class counts: train=[32, 32, 32, 32] val=[8, 8, 8, 8] test=[10, 10, 10, 10]
[2026-04-09 00:04:21]   Fold 5 class counts: train=[32, 32, 32, 32] val=[8, 8, 8, 8] test=[10, 10, 10, 10]
[2026-04-09 00:04:21]     Train class counts: [32, 32, 32, 32]
[2026-04-09 00:04:21]     Val class counts:   [8, 8, 8, 8]
[2026-04-09 00:04:21]     Test class counts:  [10, 10, 10, 10]
[2026-04-09 00:04:21] Building model with input window duration: 4.1875 s
[2026-04-09 00:04:21] Pretrained weight loading:
[2026-04-09 00:04:21]   Downloaded keys:        179
[2026-04-09 00:04:21]   Filtered (transformer): 172
[2026-04-09 00:04:21]   Filtered (pos_encoder): 0
[2026-04-09 00:04:21]   Keys to load:           7
[2026-04-09 00:04:21]   Missing keys:           4
[2026-04-09 00:04:21]   Unexpected keys:        0
[2026-04-09 00:04:21]   Missing preview:        ['spatial_conv.1.weight', 'spatial_conv.1.bias', 'final_layer.1.weight', 'final_layer.1.bias']
[2026-04-09 00:04:21]   Unexpected preview:     []
[2026-04-09 00:04:51]   Fold 1/5 | best_epoch=1848 | stop=1854 | val_loss=0.4089 | acc=0.8750 | bal_acc=0.8750
[2026-04-09 00:04:51]     Train class counts: [32, 32, 32, 32]
[2026-04-09 00:04:51]     Val class counts:   [8, 8, 8, 8]
[2026-04-09 00:04:51]     Test class counts:  [10, 10, 10, 10]
[2026-04-09 00:04:51] Building model with input window duration: 4.1875 s
[2026-04-09 00:04:51] Pretrained weight loading:
[2026-04-09 00:04:51]   Downloaded keys:        179
[2026-04-09 00:04:51]   Filtered (transformer): 172
[2026-04-09 00:04:51]   Filtered (pos_encoder): 0
[2026-04-09 00:04:51]   Keys to load:           7
[2026-04-09 00:04:51]   Missing keys:           4
[2026-04-09 00:04:51]   Unexpected keys:        0
[2026-04-09 00:04:51]   Missing preview:        ['spatial_conv.1.weight', 'spatial_conv.1.bias', 'final_layer.1.weight', 'final_layer.1.bias']
[2026-04-09 00:04:51]   Unexpected preview:     []
[2026-04-09 00:05:17]   Fold 2/5 | best_epoch=1553 | stop=1603 | val_loss=0.5146 | acc=0.9000 | bal_acc=0.9000
[2026-04-09 00:05:17]     Train class counts: [32, 32, 32, 32]
[2026-04-09 00:05:17]     Val class counts:   [8, 8, 8, 8]
[2026-04-09 00:05:17]     Test class counts:  [10, 10, 10, 10]
[2026-04-09 00:05:17] Building model with input window duration: 4.1875 s
[2026-04-09 00:05:17] Pretrained weight loading:
[2026-04-09 00:05:17]   Downloaded keys:        179
[2026-04-09 00:05:17]   Filtered (transformer): 172
[2026-04-09 00:05:17]   Filtered (pos_encoder): 0
[2026-04-09 00:05:17]   Keys to load:           7
[2026-04-09 00:05:17]   Missing keys:           4
[2026-04-09 00:05:17]   Unexpected keys:        0
[2026-04-09 00:05:17]   Missing preview:        ['spatial_conv.1.weight', 'spatial_conv.1.bias', 'final_layer.1.weight', 'final_layer.1.bias']
[2026-04-09 00:05:17]   Unexpected preview:     []
[2026-04-09 00:05:46]   Fold 3/5 | best_epoch=1695 | stop=1745 | val_loss=0.5438 | acc=0.8750 | bal_acc=0.8750
[2026-04-09 00:05:46]     Train class counts: [32, 32, 32, 32]
[2026-04-09 00:05:46]     Val class counts:   [8, 8, 8, 8]
[2026-04-09 00:05:46]     Test class counts:  [10, 10, 10, 10]
[2026-04-09 00:05:46] Building model with input window duration: 4.1875 s
[2026-04-09 00:05:46] Pretrained weight loading:
[2026-04-09 00:05:46]   Downloaded keys:        179
[2026-04-09 00:05:46]   Filtered (transformer): 172
[2026-04-09 00:05:46]   Filtered (pos_encoder): 0
[2026-04-09 00:05:46]   Keys to load:           7
[2026-04-09 00:05:46]   Missing keys:           4
[2026-04-09 00:05:46]   Unexpected keys:        0
[2026-04-09 00:05:46]   Missing preview:        ['spatial_conv.1.weight', 'spatial_conv.1.bias', 'final_layer.1.weight', 'final_layer.1.bias']
[2026-04-09 00:05:46]   Unexpected preview:     []
[2026-04-09 00:06:28]   Fold 4/5 | best_epoch=2549 | stop=2599 | val_loss=0.3920 | acc=0.8250 | bal_acc=0.8250
[2026-04-09 00:06:28]     Train class counts: [32, 32, 32, 32]
[2026-04-09 00:06:28]     Val class counts:   [8, 8, 8, 8]
[2026-04-09 00:06:28]     Test class counts:  [10, 10, 10, 10]
[2026-04-09 00:06:28] Building model with input window duration: 4.1875 s
[2026-04-09 00:06:28] Pretrained weight loading:
[2026-04-09 00:06:28]   Downloaded keys:        179
[2026-04-09 00:06:28]   Filtered (transformer): 172
[2026-04-09 00:06:28]   Filtered (pos_encoder): 0
[2026-04-09 00:06:28]   Keys to load:           7
[2026-04-09 00:06:28]   Missing keys:           4
[2026-04-09 00:06:28]   Unexpected keys:        0
[2026-04-09 00:06:28]   Missing preview:        ['spatial_conv.1.weight', 'spatial_conv.1.bias', 'final_layer.1.weight', 'final_layer.1.bias']
[2026-04-09 00:06:28]   Unexpected preview:     []
[2026-04-09 00:07:00]   Fold 5/5 | best_epoch=1904 | stop=1915 | val_loss=0.4975 | acc=0.7500 | bal_acc=0.7500
[2026-04-09 00:07:00]   Subject 54 summary: acc=0.8450±0.0534  bal_acc=0.8450±0.0534

[2026-04-09 00:07:00] Total folds completed: 35
[2026-04-09 00:07:00] ======================================================================
[2026-04-09 00:07:00] AGGREGATED RESULTS
[2026-04-09 00:07:00] ======================================================================
[2026-04-09 00:07:00]   Subject 48:  acc=0.9950±0.0100  bal_acc=0.9950±0.0100
[2026-04-09 00:07:00]   Subject 49:  acc=0.9650±0.0255  bal_acc=0.9650±0.0255
[2026-04-09 00:07:00]   Subject 50:  acc=0.9900±0.0122  bal_acc=0.9900±0.0122
[2026-04-09 00:07:00]   Subject 51:  acc=0.6150±0.1700  bal_acc=0.6150±0.1700
[2026-04-09 00:07:00]   Subject 52:  acc=0.9800±0.0187  bal_acc=0.9800±0.0187
[2026-04-09 00:07:00]   Subject 53:  acc=1.0000±0.0000  bal_acc=1.0000±0.0000
[2026-04-09 00:07:00]   Subject 54:  acc=0.8450±0.0534  bal_acc=0.8450±0.0534
[2026-04-09 00:07:00] ----------------------------------------------------------------------
[2026-04-09 00:07:00]   OVERALL:      acc=0.9129±0.1482  bal_acc=0.9129±0.1482
[2026-04-09 00:07:00] ======================================================================
[2026-04-09 00:07:00] CV results saved to:      /home/vegorov/Repos/eeg_jepa_research/artifacts/lee-2019-fine-tuning/SSVEP/20260408_2338_da80acf9/cv_results.json
[2026-04-09 00:07:00] Subject metrics saved to: /home/vegorov/Repos/eeg_jepa_research/artifacts/lee-2019-fine-tuning/SSVEP/20260408_2338_da80acf9/subject_metrics.json
[2026-04-09 00:07:00] Global metrics saved to:  /home/vegorov/Repos/eeg_jepa_research/artifacts/lee-2019-fine-tuning/SSVEP/20260408_2338_da80acf9/global_metrics.json
[2026-04-09 00:07:00] Run metadata saved to:    /home/vegorov/Repos/eeg_jepa_research/artifacts/lee-2019-fine-tuning/SSVEP/20260408_2338_da80acf9/run_metadata.json

[2026-04-09 00:07:00] All artifacts in: /home/vegorov/Repos/eeg_jepa_research/artifacts/lee-2019-fine-tuning/SSVEP/20260408_2338_da80acf9

[2026-04-09 00:07:00] ======================================================================
[2026-04-09 00:07:00] EXPERIMENT SUMMARY
[2026-04-09 00:07:00] ======================================================================
[2026-04-09 00:07:00] Run ID:    20260408_2338_da80acf9
[2026-04-09 00:07:00] Artifacts: /home/vegorov/Repos/eeg_jepa_research/artifacts/lee-2019-fine-tuning/SSVEP/20260408_2338_da80acf9

[2026-04-09 00:07:00] Configuration:
[2026-04-09 00:07:00]   Subjects:          [48, 49, 50, 51, 52, 53, 54]
[2026-04-09 00:07:00]   Bandpass:          0.5-40.0 Hz
[2026-04-09 00:07:00]   Resample:          128 Hz
[2026-04-09 00:07:00]   CV folds:          5
[2026-04-09 00:07:00]   Learning rate:     0.0005
[2026-04-09 00:07:00]   Batch size:        32
[2026-04-09 00:07:00]   Max epochs:        5000

[2026-04-09 00:07:00] Results:
[2026-04-09 00:07:00]   Mean Accuracy:          0.9129 ± 0.1482
[2026-04-09 00:07:00]   Mean Balanced Accuracy: 0.9129 ± 0.1482
