[2026-04-04 11:48:55] Using device: mps
[2026-04-04 11:48:55] Seed control enabled: True
[2026-04-04 11:48:55] Base seed: 6101
[2026-04-04 11:48:55] Seed initialized: 6101
[2026-04-04 11:48:56] ======================================================================
[2026-04-04 11:48:56] CONFIGURATION
[2026-04-04 11:48:56] ======================================================================
[2026-04-04 11:48:56]   artifact_dir: /Users/vadim/Documents/School/Spring 2026/CSCE A698 Individual Research/EEG_JEPA/artifacts/lee-2019-fine-tuning
[2026-04-04 11:48:56]   bandpass_high: 40.0
[2026-04-04 11:48:56]   bandpass_low: 0.5
[2026-04-04 11:48:56]   batch_size: 16
[2026-04-04 11:48:56]   convert_to_uV: True
[2026-04-04 11:48:56]   criterion: None
[2026-04-04 11:48:56]   cv_folds: 5
[2026-04-04 11:48:56]   device: auto
[2026-04-04 11:48:56]   early_stopping_patience: 50
[2026-04-04 11:48:56]   learning_rate: 0.0001
[2026-04-04 11:48:56]   n_epochs: 5000
[2026-04-04 11:48:56]   normalization_method: None
[2026-04-04 11:48:56]   normalize: False
[2026-04-04 11:48:56]   optimizer: Adam
[2026-04-04 11:48:56]   paradigm: SSVEP
[2026-04-04 11:48:56]   pretrained_url: https://huggingface.co/braindecode/SignalJEPA/resolve/main/signal-jepa_16s-60_adeuwv4s.pth
[2026-04-04 11:48:56]   requested_trial_duration_s: 4.0
[2026-04-04 11:48:56]   seed: 6101
[2026-04-04 11:48:56]   set_eeg_reference: True
[2026-04-04 11:48:56]   set_seed: True
[2026-04-04 11:48:56]   sfreq: 128
[2026-04-04 11:48:56]   subjects_to_use: [51, 54]
[2026-04-04 11:48:56]   val_split: 0.2
[2026-04-04 11:48:56] ======================================================================
[2026-04-04 11:48:56] Config saved to: /Users/vadim/Documents/School/Spring 2026/CSCE A698 Individual Research/EEG_JEPA/artifacts/lee-2019-fine-tuning/SSVEP/20260404_1148_2761e841/config.json
[2026-04-04 11:48:56] Epoch window configuration:
[2026-04-04 11:48:56]   Target sfreq:                128 Hz
[2026-04-04 11:48:56]   Target duration:             4.190000 s
[2026-04-04 11:48:56]   Window samples (rounded):    536
[2026-04-04 11:48:56]   Base trial samples (4.0 s):  512
[2026-04-04 11:48:56]   Trial stop offset samples:   24
[2026-04-04 11:48:56]   Effective window duration:   4.187500 s
[2026-04-04 11:48:56] Using specified subjects from config: [51, 54]
[2026-04-04 11:48:56] Selected subjects: [51, 54]
[2026-04-04 11:48:56] Expected evaluation folds: 10

[2026-04-04 11:48:56] Building MOABBDataset for Lee2019_SSVEP...
[2026-04-04 11:49:20] MOABBDataset recordings loaded: 4
[2026-04-04 11:49:20] Discovered annotation descriptions (first recording): [np.str_('12.0'), np.str_('5.45'), np.str_('6.67'), np.str_('8.57')]
[2026-04-04 11:49:20] Dataset event_id mapping: {'12.0': 1, '8.57': 2, '6.67': 3, '5.45': 4}
[2026-04-04 11:49:20] Label map (event_code -> class_index): {1: 0, 2: 1, 3: 2, 4: 3}
[2026-04-04 11:49:20] Applying Braindecode preprocessors to MOABBDataset...
[2026-04-04 11:49:36] Preprocessing complete.

[2026-04-04 11:49:36] Post-preprocessing validation
[2026-04-04 11:49:36]   Recordings in DATASET: 4
[2026-04-04 11:49:36]   Unique subject IDs:    ['51', '54']
[2026-04-04 11:49:36]   sfreq (first rec):     128.0 Hz
[2026-04-04 11:49:36]   EEG channel count:     62
[2026-04-04 11:49:36]   First 10 channels:     ['Fp1', 'Fp2', 'F7', 'F3', 'Fz', 'F4', 'F8', 'FC5', 'FC1', 'FC2']
[2026-04-04 11:49:36] Channel consistency summary:
[2026-04-04 11:49:36]   Checked runs: 4
[2026-04-04 11:49:36]   Unique channel counts: [62]
[2026-04-04 11:49:36]   Channel order consistent: True
[2026-04-04 11:49:36] Validated EEG channels: 62
[2026-04-04 11:49:36] First 10 EEG channels: ['Fp1', 'Fp2', 'F7', 'F3', 'Fz', 'F4', 'F8', 'FC5', 'FC1', 'FC2']
[2026-04-04 11:49:36] raw mean_abs=6.206608e+00
[2026-04-04 11:49:36] raw std=2.712803e+01
[2026-04-04 11:49:36] raw first5 channel std= [30.27595633 56.56813395 13.75714116  8.89857459  7.91183515]
[2026-04-04 11:49:36] Requested window samples: 536
[2026-04-04 11:49:36] Base trial samples:       512
[2026-04-04 11:49:36] Stop offset samples:      24
[2026-04-04 11:49:36] Global class counts: [100, 100, 100, 100]
[2026-04-04 11:49:36] Chance level (4-class): 0.25
[2026-04-04 11:49:36] One window shape: (62, 536)
[2026-04-04 11:49:36] One window label: 2
[2026-04-04 11:49:36] Window sample length expected=536, got=536
[2026-04-04 11:49:36] Subjects in window split: [51, 54]
[2026-04-04 11:49:36] Summarizing per-subject windows...
[2026-04-04 11:49:36]   Subject 51: n_windows=200, window_shape=(62, 536), class_counts=[50, 50, 50, 50]
[2026-04-04 11:49:36]   Subject 54: n_windows=200, window_shape=(62, 536), class_counts=[50, 50, 50, 50]
[2026-04-04 11:49:36]    subject_id  n_windows  n_channels  n_times      class_counts
0          51        200          62      536  [50, 50, 50, 50]
1          54        200          62      536  [50, 50, 50, 50]
[2026-04-04 11:49:36] Window validation summary:
[2026-04-04 11:49:36]   Subject 51: n_windows=200 class_counts=[50, 50, 50, 50]
[2026-04-04 11:49:36]   Subject 54: n_windows=200 class_counts=[50, 50, 50, 50]

[2026-04-04 11:49:36] Validated sampling rate target: 128 Hz
[2026-04-04 11:49:36] Validated window sample count:   536
[2026-04-04 11:49:36] Validated window duration:       4.1875 s
[2026-04-04 11:49:36] Validated channel count:         62
[2026-04-04 11:49:36] Total windows retained:          400
[2026-04-04 11:49:36] Preprocessing sanity checks:
[2026-04-04 11:49:36]   One sample label: 2
[2026-04-04 11:49:36]   One sample shape: (62, 536)
[2026-04-04 11:49:36]   Mean(abs(signal)): 7.808386e+00
[2026-04-04 11:49:36]   Mean(signal):      -1.469310e-08
[2026-04-04 11:49:36]   Std(signal):       1.102899e+01
[2026-04-04 11:49:36] Building model with input window duration: 4.1875 s
[2026-04-04 11:49:36] SignalJEPA_PreLocal instantiated successfully.
[2026-04-04 11:49:36]   Total parameters:     18,192
[2026-04-04 11:49:36]   Trainable parameters: 18,192
[2026-04-04 11:49:36] ======================================================================================================================================================
Layer (type (var_name):depth-idx)                  Input Shape               Output Shape              Param #                   Kernel Shape
======================================================================================================================================================
SignalJEPA_PreLocal (SignalJEPA_PreLocal)          [1, 62, 536]              [1, 4]                    --                        --
├─Sequential (spatial_conv): 1-1                   [1, 62, 536]              [1, 4, 536]               --                        --
│    └─Rearrange (0): 2-1                          [1, 62, 536]              [1, 1, 62, 536]           --                        --
│    └─Conv2d (1): 2-2                             [1, 1, 62, 536]           [1, 4, 1, 536]            252                       [62, 1]
│    └─Rearrange (2): 2-3                          [1, 4, 1, 536]            [1, 4, 536]               --                        --
├─_ConvFeatureEncoder (feature_encoder): 1-2       [1, 4, 536]               [1, 16, 64]               --                        --
│    └─Rearrange (0): 2-4                          [1, 4, 536]               [4, 1, 536]               --                        --
│    └─Sequential (1): 2-5                         [4, 1, 536]               [4, 8, 64]                --                        --
│    │    └─Conv1d (0): 3-1                        [4, 1, 536]               [4, 8, 64]                256                       [32]
│    │    └─Dropout (1): 3-2                       [4, 8, 64]                [4, 8, 64]                --                        --
│    │    └─GroupNorm (2): 3-3                     [4, 8, 64]                [4, 8, 64]                16                        --
│    │    └─GELU (3): 3-4                          [4, 8, 64]                [4, 8, 64]                --                        --
│    └─Sequential (2): 2-6                         [4, 8, 64]                [4, 16, 32]               --                        --
│    │    └─Conv1d (0): 3-5                        [4, 8, 64]                [4, 16, 32]               256                       [2]
│    │    └─Dropout (1): 3-6                       [4, 16, 32]               [4, 16, 32]               --                        --
│    │    └─GELU (2): 3-7                          [4, 16, 32]               [4, 16, 32]               --                        --
│    └─Sequential (3): 2-7                         [4, 16, 32]               [4, 32, 16]               --                        --
│    │    └─Conv1d (0): 3-8                        [4, 16, 32]               [4, 32, 16]               1,024                     [2]
│    │    └─Dropout (1): 3-9                       [4, 32, 16]               [4, 32, 16]               --                        --
│    │    └─GELU (2): 3-10                         [4, 32, 16]               [4, 32, 16]               --                        --
│    └─Sequential (4): 2-8                         [4, 32, 16]               [4, 64, 8]                --                        --
│    │    └─Conv1d (0): 3-11                       [4, 32, 16]               [4, 64, 8]                4,096                     [2]
│    │    └─Dropout (1): 3-12                      [4, 64, 8]                [4, 64, 8]                --                        --
│    │    └─GELU (2): 3-13                         [4, 64, 8]                [4, 64, 8]                --                        --
│    └─Sequential (5): 2-9                         [4, 64, 8]                [4, 64, 4]                --                        --
│    │    └─Conv1d (0): 3-14                       [4, 64, 8]                [4, 64, 4]                8,192                     [2]
│    │    └─Dropout (1): 3-15                      [4, 64, 4]                [4, 64, 4]                --                        --
│    │    └─GELU (2): 3-16                         [4, 64, 4]                [4, 64, 4]                --                        --
│    └─Rearrange (6): 2-10                         [4, 64, 4]                [1, 16, 64]               --                        --
├─Sequential (final_layer): 1-3                    [1, 16, 64]               [1, 4]                    --                        --
│    └─Flatten (0): 2-11                           [1, 16, 64]               [1, 1024]                 --                        --
│    └─Linear (1): 2-12                            [1, 1024]                 [1, 4]                    4,100                     --
======================================================================================================================================================
Total params: 18,192
Trainable params: 18,192
Non-trainable params: 0
Total mult-adds (Units.MEGABYTES): 0.57
======================================================================================================================================================
Input size (MB): 0.13
Forward/backward pass size (MB): 0.11
Params size (MB): 0.07
Estimated Total Size (MB): 0.31
======================================================================================================================================================
[2026-04-04 11:49:36] Initializing from 16s-60 pretrained checkpoint (Hugging Face):
[2026-04-04 11:49:36]   https://huggingface.co/braindecode/SignalJEPA/resolve/main/signal-jepa_16s-60_adeuwv4s.pth
[2026-04-04 11:49:36]   Downloaded 179 keys
[2026-04-04 11:49:36] ======================================================================
[2026-04-04 11:49:36] STARTING CROSS-VALIDATION
[2026-04-04 11:49:36] ======================================================================
[2026-04-04 11:49:36] Subjects:      [51, 54]
[2026-04-04 11:49:36] CV folds:      5
[2026-04-04 11:49:36] Batch size:    16
[2026-04-04 11:49:36] Max epochs:    5000
[2026-04-04 11:49:36] Device:        mps
[2026-04-04 11:49:36] Seed control:  True
[2026-04-04 11:49:36] Base seed:     6101
[2026-04-04 11:49:36] ======================================================================

[2026-04-04 11:49:36] Subject 51: 200 windows | class_counts=[50, 50, 50, 50]
[2026-04-04 11:49:36]   Fold 1 class counts: train=[32, 32, 32, 32] val=[8, 8, 8, 8] test=[10, 10, 10, 10]
[2026-04-04 11:49:36]   Fold 2 class counts: train=[32, 32, 32, 32] val=[8, 8, 8, 8] test=[10, 10, 10, 10]
[2026-04-04 11:49:36]   Fold 3 class counts: train=[32, 32, 32, 32] val=[8, 8, 8, 8] test=[10, 10, 10, 10]
[2026-04-04 11:49:36]   Fold 4 class counts: train=[32, 32, 32, 32] val=[8, 8, 8, 8] test=[10, 10, 10, 10]
[2026-04-04 11:49:36]   Fold 5 class counts: train=[32, 32, 32, 32] val=[8, 8, 8, 8] test=[10, 10, 10, 10]
[2026-04-04 11:49:36]     Train class counts: [32, 32, 32, 32]
[2026-04-04 11:49:36]     Val class counts:   [8, 8, 8, 8]
[2026-04-04 11:49:36]     Test class counts:  [10, 10, 10, 10]
[2026-04-04 11:49:36] Building model with input window duration: 4.1875 s
[2026-04-04 11:49:36] Pretrained weight loading:
[2026-04-04 11:49:36]   Downloaded keys:        179
[2026-04-04 11:49:36]   Filtered (transformer): 172
[2026-04-04 11:49:36]   Filtered (pos_encoder): 0
[2026-04-04 11:49:36]   Keys to load:           7
[2026-04-04 11:49:36]   Missing keys:           4
[2026-04-04 11:49:36]   Unexpected keys:        0
[2026-04-04 11:49:36]   Missing preview:        ['spatial_conv.1.weight', 'spatial_conv.1.bias', 'final_layer.1.weight', 'final_layer.1.bias']
[2026-04-04 11:49:36]   Unexpected preview:     []
[2026-04-04 11:49:36] Trainable modules: spatial_conv + final_layer (4,352 / 18,192 params, 23.9%)
[2026-04-04 11:49:36]   - final_layer.1.bias
[2026-04-04 11:49:36]   - final_layer.1.weight
[2026-04-04 11:49:36]   - spatial_conv.1.bias
[2026-04-04 11:49:36]   - spatial_conv.1.weight
[2026-04-04 11:51:20]   Fold 1/5 | best_epoch=1185 | stop=1235 | val_loss=1.3211 | acc=0.3250 | bal_acc=0.3250
[2026-04-04 11:51:20]     Train class counts: [32, 32, 32, 32]
[2026-04-04 11:51:20]     Val class counts:   [8, 8, 8, 8]
[2026-04-04 11:51:20]     Test class counts:  [10, 10, 10, 10]
[2026-04-04 11:51:20] Building model with input window duration: 4.1875 s
[2026-04-04 11:51:20] Pretrained weight loading:
[2026-04-04 11:51:20]   Downloaded keys:        179
[2026-04-04 11:51:20]   Filtered (transformer): 172
[2026-04-04 11:51:20]   Filtered (pos_encoder): 0
[2026-04-04 11:51:20]   Keys to load:           7
[2026-04-04 11:51:20]   Missing keys:           4
[2026-04-04 11:51:20]   Unexpected keys:        0
[2026-04-04 11:51:20]   Missing preview:        ['spatial_conv.1.weight', 'spatial_conv.1.bias', 'final_layer.1.weight', 'final_layer.1.bias']
[2026-04-04 11:51:20]   Unexpected preview:     []
[2026-04-04 11:51:24]   Fold 2/5 | best_epoch=1 | stop=51 | val_loss=1.3861 | acc=0.2000 | bal_acc=0.2000
[2026-04-04 11:51:24]     Train class counts: [32, 32, 32, 32]
[2026-04-04 11:51:24]     Val class counts:   [8, 8, 8, 8]
[2026-04-04 11:51:24]     Test class counts:  [10, 10, 10, 10]
[2026-04-04 11:51:24] Building model with input window duration: 4.1875 s
[2026-04-04 11:51:24] Pretrained weight loading:
[2026-04-04 11:51:24]   Downloaded keys:        179
[2026-04-04 11:51:24]   Filtered (transformer): 172
[2026-04-04 11:51:24]   Filtered (pos_encoder): 0
[2026-04-04 11:51:24]   Keys to load:           7
[2026-04-04 11:51:24]   Missing keys:           4
[2026-04-04 11:51:24]   Unexpected keys:        0
[2026-04-04 11:51:24]   Missing preview:        ['spatial_conv.1.weight', 'spatial_conv.1.bias', 'final_layer.1.weight', 'final_layer.1.bias']
[2026-04-04 11:51:24]   Unexpected preview:     []
[2026-04-04 11:55:37]   Fold 3/5 | best_epoch=2957 | stop=3007 | val_loss=0.8503 | acc=0.6000 | bal_acc=0.6000
[2026-04-04 11:55:37]     Train class counts: [32, 32, 32, 32]
[2026-04-04 11:55:37]     Val class counts:   [8, 8, 8, 8]
[2026-04-04 11:55:37]     Test class counts:  [10, 10, 10, 10]
[2026-04-04 11:55:37] Building model with input window duration: 4.1875 s
[2026-04-04 11:55:37] Pretrained weight loading:
[2026-04-04 11:55:37]   Downloaded keys:        179
[2026-04-04 11:55:37]   Filtered (transformer): 172
[2026-04-04 11:55:37]   Filtered (pos_encoder): 0
[2026-04-04 11:55:37]   Keys to load:           7
[2026-04-04 11:55:37]   Missing keys:           4
[2026-04-04 11:55:37]   Unexpected keys:        0
[2026-04-04 11:55:37]   Missing preview:        ['spatial_conv.1.weight', 'spatial_conv.1.bias', 'final_layer.1.weight', 'final_layer.1.bias']
[2026-04-04 11:55:37]   Unexpected preview:     []
[2026-04-04 11:55:41]   Fold 4/5 | best_epoch=1 | stop=51 | val_loss=1.3880 | acc=0.2000 | bal_acc=0.2000
[2026-04-04 11:55:41]     Train class counts: [32, 32, 32, 32]
[2026-04-04 11:55:41]     Val class counts:   [8, 8, 8, 8]
[2026-04-04 11:55:41]     Test class counts:  [10, 10, 10, 10]
[2026-04-04 11:55:41] Building model with input window duration: 4.1875 s
[2026-04-04 11:55:41] Pretrained weight loading:
[2026-04-04 11:55:41]   Downloaded keys:        179
[2026-04-04 11:55:41]   Filtered (transformer): 172
[2026-04-04 11:55:41]   Filtered (pos_encoder): 0
[2026-04-04 11:55:41]   Keys to load:           7
[2026-04-04 11:55:41]   Missing keys:           4
[2026-04-04 11:55:41]   Unexpected keys:        0
[2026-04-04 11:55:41]   Missing preview:        ['spatial_conv.1.weight', 'spatial_conv.1.bias', 'final_layer.1.weight', 'final_layer.1.bias']
[2026-04-04 11:55:41]   Unexpected preview:     []
[2026-04-04 11:55:45]   Fold 5/5 | best_epoch=1 | stop=51 | val_loss=1.3872 | acc=0.3000 | bal_acc=0.3000
[2026-04-04 11:55:45]   Subject 51 summary: acc=0.3250±0.1466  bal_acc=0.3250±0.1466

[2026-04-04 11:55:45] Subject 54: 200 windows | class_counts=[50, 50, 50, 50]
[2026-04-04 11:55:45]   Fold 1 class counts: train=[32, 32, 32, 32] val=[8, 8, 8, 8] test=[10, 10, 10, 10]
[2026-04-04 11:55:45]   Fold 2 class counts: train=[32, 32, 32, 32] val=[8, 8, 8, 8] test=[10, 10, 10, 10]
[2026-04-04 11:55:45]   Fold 3 class counts: train=[32, 32, 32, 32] val=[8, 8, 8, 8] test=[10, 10, 10, 10]
[2026-04-04 11:55:45]   Fold 4 class counts: train=[32, 32, 32, 32] val=[8, 8, 8, 8] test=[10, 10, 10, 10]
[2026-04-04 11:55:45]   Fold 5 class counts: train=[32, 32, 32, 32] val=[8, 8, 8, 8] test=[10, 10, 10, 10]
[2026-04-04 11:55:45]     Train class counts: [32, 32, 32, 32]
[2026-04-04 11:55:45]     Val class counts:   [8, 8, 8, 8]
[2026-04-04 11:55:45]     Test class counts:  [10, 10, 10, 10]
[2026-04-04 11:55:45] Building model with input window duration: 4.1875 s
[2026-04-04 11:55:45] Pretrained weight loading:
[2026-04-04 11:55:45]   Downloaded keys:        179
[2026-04-04 11:55:45]   Filtered (transformer): 172
[2026-04-04 11:55:45]   Filtered (pos_encoder): 0
[2026-04-04 11:55:45]   Keys to load:           7
[2026-04-04 11:55:45]   Missing keys:           4
[2026-04-04 11:55:45]   Unexpected keys:        0
[2026-04-04 11:55:45]   Missing preview:        ['spatial_conv.1.weight', 'spatial_conv.1.bias', 'final_layer.1.weight', 'final_layer.1.bias']
[2026-04-04 11:55:45]   Unexpected preview:     []
[2026-04-04 12:00:40]   Fold 1/5 | best_epoch=3447 | stop=3496 | val_loss=0.8994 | acc=0.7000 | bal_acc=0.7000
[2026-04-04 12:00:40]     Train class counts: [32, 32, 32, 32]
[2026-04-04 12:00:40]     Val class counts:   [8, 8, 8, 8]
[2026-04-04 12:00:40]     Test class counts:  [10, 10, 10, 10]
[2026-04-04 12:00:40] Building model with input window duration: 4.1875 s
[2026-04-04 12:00:40] Pretrained weight loading:
[2026-04-04 12:00:40]   Downloaded keys:        179
[2026-04-04 12:00:40]   Filtered (transformer): 172
[2026-04-04 12:00:40]   Filtered (pos_encoder): 0
[2026-04-04 12:00:40]   Keys to load:           7
[2026-04-04 12:00:40]   Missing keys:           4
[2026-04-04 12:00:40]   Unexpected keys:        0
[2026-04-04 12:00:40]   Missing preview:        ['spatial_conv.1.weight', 'spatial_conv.1.bias', 'final_layer.1.weight', 'final_layer.1.bias']
[2026-04-04 12:00:40]   Unexpected preview:     []
[2026-04-04 12:00:44]   Fold 2/5 | best_epoch=1 | stop=51 | val_loss=1.3871 | acc=0.2250 | bal_acc=0.2250
[2026-04-04 12:00:44]     Train class counts: [32, 32, 32, 32]
[2026-04-04 12:00:44]     Val class counts:   [8, 8, 8, 8]
[2026-04-04 12:00:44]     Test class counts:  [10, 10, 10, 10]
[2026-04-04 12:00:44] Building model with input window duration: 4.1875 s
[2026-04-04 12:00:44] Pretrained weight loading:
[2026-04-04 12:00:44]   Downloaded keys:        179
[2026-04-04 12:00:44]   Filtered (transformer): 172
[2026-04-04 12:00:44]   Filtered (pos_encoder): 0
[2026-04-04 12:00:44]   Keys to load:           7
[2026-04-04 12:00:44]   Missing keys:           4
[2026-04-04 12:00:44]   Unexpected keys:        0
[2026-04-04 12:00:44]   Missing preview:        ['spatial_conv.1.weight', 'spatial_conv.1.bias', 'final_layer.1.weight', 'final_layer.1.bias']
[2026-04-04 12:00:44]   Unexpected preview:     []
[2026-04-04 12:04:25]   Fold 3/5 | best_epoch=2582 | stop=2632 | val_loss=1.1099 | acc=0.4750 | bal_acc=0.4750
[2026-04-04 12:04:25]     Train class counts: [32, 32, 32, 32]
[2026-04-04 12:04:25]     Val class counts:   [8, 8, 8, 8]
[2026-04-04 12:04:25]     Test class counts:  [10, 10, 10, 10]
[2026-04-04 12:04:25] Building model with input window duration: 4.1875 s
[2026-04-04 12:04:25] Pretrained weight loading:
[2026-04-04 12:04:25]   Downloaded keys:        179
[2026-04-04 12:04:25]   Filtered (transformer): 172
[2026-04-04 12:04:25]   Filtered (pos_encoder): 0
[2026-04-04 12:04:25]   Keys to load:           7
[2026-04-04 12:04:25]   Missing keys:           4
[2026-04-04 12:04:25]   Unexpected keys:        0
[2026-04-04 12:04:25]   Missing preview:        ['spatial_conv.1.weight', 'spatial_conv.1.bias', 'final_layer.1.weight', 'final_layer.1.bias']
[2026-04-04 12:04:25]   Unexpected preview:     []
[2026-04-04 12:08:19]   Fold 4/5 | best_epoch=2735 | stop=2785 | val_loss=0.6695 | acc=0.7000 | bal_acc=0.7000
[2026-04-04 12:08:19]     Train class counts: [32, 32, 32, 32]
[2026-04-04 12:08:19]     Val class counts:   [8, 8, 8, 8]
[2026-04-04 12:08:19]     Test class counts:  [10, 10, 10, 10]
[2026-04-04 12:08:19] Building model with input window duration: 4.1875 s
[2026-04-04 12:08:19] Pretrained weight loading:
[2026-04-04 12:08:19]   Downloaded keys:        179
[2026-04-04 12:08:19]   Filtered (transformer): 172
[2026-04-04 12:08:19]   Filtered (pos_encoder): 0
[2026-04-04 12:08:19]   Keys to load:           7
[2026-04-04 12:08:19]   Missing keys:           4
[2026-04-04 12:08:19]   Unexpected keys:        0
[2026-04-04 12:08:19]   Missing preview:        ['spatial_conv.1.weight', 'spatial_conv.1.bias', 'final_layer.1.weight', 'final_layer.1.bias']
[2026-04-04 12:08:19]   Unexpected preview:     []
[2026-04-04 12:12:43]   Fold 5/5 | best_epoch=3098 | stop=3148 | val_loss=0.7450 | acc=0.7500 | bal_acc=0.7500
[2026-04-04 12:12:43]   Subject 54 summary: acc=0.5700±0.1971  bal_acc=0.5700±0.1971

[2026-04-04 12:12:43] Total folds completed: 10
[2026-04-04 12:12:43] ======================================================================
[2026-04-04 12:12:43] AGGREGATED RESULTS
[2026-04-04 12:12:43] ======================================================================
[2026-04-04 12:12:43]   Subject 51:  acc=0.3250±0.1466  bal_acc=0.3250±0.1466
[2026-04-04 12:12:43]   Subject 54:  acc=0.5700±0.1971  bal_acc=0.5700±0.1971
[2026-04-04 12:12:43] ----------------------------------------------------------------------
[2026-04-04 12:12:43]   OVERALL:      acc=0.4475±0.2126  bal_acc=0.4475±0.2126
[2026-04-04 12:12:43] ======================================================================
[2026-04-04 12:12:43] CV results saved to:      /Users/vadim/Documents/School/Spring 2026/CSCE A698 Individual Research/EEG_JEPA/artifacts/lee-2019-fine-tuning/SSVEP/20260404_1148_2761e841/cv_results.json
[2026-04-04 12:12:43] Subject metrics saved to: /Users/vadim/Documents/School/Spring 2026/CSCE A698 Individual Research/EEG_JEPA/artifacts/lee-2019-fine-tuning/SSVEP/20260404_1148_2761e841/subject_metrics.json
[2026-04-04 12:12:43] Global metrics saved to:  /Users/vadim/Documents/School/Spring 2026/CSCE A698 Individual Research/EEG_JEPA/artifacts/lee-2019-fine-tuning/SSVEP/20260404_1148_2761e841/global_metrics.json
[2026-04-04 12:12:43] Run metadata saved to:    /Users/vadim/Documents/School/Spring 2026/CSCE A698 Individual Research/EEG_JEPA/artifacts/lee-2019-fine-tuning/SSVEP/20260404_1148_2761e841/run_metadata.json

[2026-04-04 12:12:43] All artifacts in: /Users/vadim/Documents/School/Spring 2026/CSCE A698 Individual Research/EEG_JEPA/artifacts/lee-2019-fine-tuning/SSVEP/20260404_1148_2761e841

[2026-04-04 12:12:43] ======================================================================
[2026-04-04 12:12:43] EXPERIMENT SUMMARY
[2026-04-04 12:12:43] ======================================================================
[2026-04-04 12:12:43] Run ID:    20260404_1148_2761e841
[2026-04-04 12:12:43] Artifacts: /Users/vadim/Documents/School/Spring 2026/CSCE A698 Individual Research/EEG_JEPA/artifacts/lee-2019-fine-tuning/SSVEP/20260404_1148_2761e841

[2026-04-04 12:12:43] Configuration:
[2026-04-04 12:12:43]   Subjects:          [51, 54]
[2026-04-04 12:12:43]   Bandpass:          0.5-40.0 Hz
[2026-04-04 12:12:43]   Resample:          128 Hz
[2026-04-04 12:12:43]   CV folds:          5
[2026-04-04 12:12:43]   Learning rate:     0.0001
[2026-04-04 12:12:43]   Batch size:        16
[2026-04-04 12:12:43]   Max epochs:        5000

[2026-04-04 12:12:43] Results:
[2026-04-04 12:12:43]   Mean Accuracy:          0.4475 ± 0.2126
[2026-04-04 12:12:43]   Mean Balanced Accuracy: 0.4475 ± 0.2126
