[2026-04-04 08:36:05] Using device: mps
[2026-04-04 08:36:05] Seed control enabled: True
[2026-04-04 08:36:05] Base seed: 5
[2026-04-04 08:36:06] Seed initialized: 5
[2026-04-04 08:36:06] ======================================================================
[2026-04-04 08:36:06] CONFIGURATION
[2026-04-04 08:36:06] ======================================================================
[2026-04-04 08:36:06]   artifact_dir: /Users/vadim/Documents/School/Spring 2026/CSCE A698 Individual Research/EEG_JEPA/artifacts/lee-2019-fine-tuning
[2026-04-04 08:36:06]   bandpass_high: 40.0
[2026-04-04 08:36:06]   bandpass_low: 0.5
[2026-04-04 08:36:06]   batch_size: 16
[2026-04-04 08:36:06]   convert_to_uV: True
[2026-04-04 08:36:06]   criterion: None
[2026-04-04 08:36:06]   cv_folds: 5
[2026-04-04 08:36:06]   device: auto
[2026-04-04 08:36:06]   early_stopping_patience: 50
[2026-04-04 08:36:06]   learning_rate: None
[2026-04-04 08:36:06]   n_epochs: 5000
[2026-04-04 08:36:06]   normalization_method: None
[2026-04-04 08:36:06]   normalize: False
[2026-04-04 08:36:06]   optimizer: Adam
[2026-04-04 08:36:06]   paradigm: SSVEP
[2026-04-04 08:36:06]   pretrained_url: https://huggingface.co/braindecode/SignalJEPA/resolve/main/signal-jepa_16s-60_adeuwv4s.pth
[2026-04-04 08:36:06]   seed: 5
[2026-04-04 08:36:06]   set_eeg_reference: True
[2026-04-04 08:36:06]   set_seed: True
[2026-04-04 08:36:06]   sfreq: 128
[2026-04-04 08:36:06]   subjects_to_use: None
[2026-04-04 08:36:06]   val_split: 0.2
[2026-04-04 08:36:06] ======================================================================
[2026-04-04 08:36:06] Config saved to: /Users/vadim/Documents/School/Spring 2026/CSCE A698 Individual Research/EEG_JEPA/artifacts/lee-2019-fine-tuning/SSVEP/20260404_0836_d348a78b/config.json
[2026-04-04 08:36:06] Epoch window configuration:
[2026-04-04 08:36:06]   Target sfreq:                128 Hz
[2026-04-04 08:36:06]   Target duration:             4.190000 s
[2026-04-04 08:36:06]   Window samples (rounded):    536
[2026-04-04 08:36:06]   Base trial samples (4.0 s):  512
[2026-04-04 08:36:06]   Trial stop offset samples:   24
[2026-04-04 08:36:06]   Effective window duration:   4.187500 s
[2026-04-04 08:36:06] Dataset code: Lee2019-SSVEP
[2026-04-04 08:36:06] Subjects Total: 54
[2026-04-04 08:36:06] Events: {'12.0': 1, '8.57': 2, '6.67': 3, '5.45': 4}
[2026-04-04 08:36:06] Interval: [0.0, 4.0]
[2026-04-04 08:36:06] Paradigm: ssvep
[2026-04-04 08:36:06] Selected subjects: [48, 49, 50, 51, 52, 53, 54]
[2026-04-04 08:36:06] Expected evaluation folds: 35

[2026-04-04 08:36:06] Building MOABBDataset for Lee2019_SSVEP...
[2026-04-04 08:37:48] MOABBDataset recordings loaded: 14
[2026-04-04 08:37:48] Discovered annotation descriptions (first recording): [np.str_('12.0'), np.str_('5.45'), np.str_('6.67'), np.str_('8.57')]
[2026-04-04 08:37:48] Dataset event_id mapping: {'12.0': 1, '8.57': 2, '6.67': 3, '5.45': 4}
[2026-04-04 08:37:48] Label map (event_code -> class_index): {1: 0, 2: 1, 3: 2, 4: 3}
[2026-04-04 08:37:48] Applying Braindecode preprocessors to MOABBDataset...
[2026-04-04 08:39:09] Preprocessing complete.

[2026-04-04 08:39:09] Post-preprocessing validation
[2026-04-04 08:39:09]   Recordings in DATASET: 14
[2026-04-04 08:39:09]   Unique subject IDs:    ['48', '49', '50', '51', '52', '53', '54']
[2026-04-04 08:39:09]   sfreq (first rec):     128.0 Hz
[2026-04-04 08:39:09]   EEG channel count:     62
[2026-04-04 08:39:09]   First 10 channels:     ['Fp1', 'Fp2', 'F7', 'F3', 'Fz', 'F4', 'F8', 'FC5', 'FC1', 'FC2']
[2026-04-04 08:39:09] Channel consistency summary:
[2026-04-04 08:39:09]   Checked runs: 14
[2026-04-04 08:39:09]   Unique channel counts: [62]
[2026-04-04 08:39:09]   Channel order consistent: True
[2026-04-04 08:39:09] Validated EEG channels: 62
[2026-04-04 08:39:09] First 10 EEG channels: ['Fp1', 'Fp2', 'F7', 'F3', 'Fz', 'F4', 'F8', 'FC5', 'FC1', 'FC2']
[2026-04-04 08:39:09] raw mean_abs=7.453487e+00
[2026-04-04 08:39:09] raw std=1.765340e+01
[2026-04-04 08:39:09] raw first5 channel std= [32.31229669 43.74837646 16.45257713  8.72185944  8.0529012 ]
[2026-04-04 08:39:09] Requested window samples: 536
[2026-04-04 08:39:09] Base trial samples:       512
[2026-04-04 08:39:09] Stop offset samples:      24
[2026-04-04 08:39:09] Global class counts: [350, 350, 350, 350]
[2026-04-04 08:39:09] Chance level (4-class): 0.25
[2026-04-04 08:39:09] One window shape: (62, 536)
[2026-04-04 08:39:09] One window label: 2
[2026-04-04 08:39:09] Window sample length expected=536, got=536
[2026-04-04 08:39:09] Subjects in window split: [48, 49, 50, 51, 52, 53, 54]
[2026-04-04 08:39:09] Summarizing per-subject windows...
[2026-04-04 08:39:09]   Subject 48: n_windows=200, window_shape=(62, 536), class_counts=[50, 50, 50, 50]
[2026-04-04 08:39:09]   Subject 49: n_windows=200, window_shape=(62, 536), class_counts=[50, 50, 50, 50]
[2026-04-04 08:39:09]   Subject 50: n_windows=200, window_shape=(62, 536), class_counts=[50, 50, 50, 50]
[2026-04-04 08:39:09]   Subject 51: n_windows=200, window_shape=(62, 536), class_counts=[50, 50, 50, 50]
[2026-04-04 08:39:09]   Subject 52: n_windows=200, window_shape=(62, 536), class_counts=[50, 50, 50, 50]
[2026-04-04 08:39:09]   Subject 53: n_windows=200, window_shape=(62, 536), class_counts=[50, 50, 50, 50]
[2026-04-04 08:39:09]   Subject 54: n_windows=200, window_shape=(62, 536), class_counts=[50, 50, 50, 50]
[2026-04-04 08:39:10]    subject_id  n_windows  n_channels  n_times      class_counts
0          48        200          62      536  [50, 50, 50, 50]
1          49        200          62      536  [50, 50, 50, 50]
2          50        200          62      536  [50, 50, 50, 50]
3          51        200          62      536  [50, 50, 50, 50]
4          52        200          62      536  [50, 50, 50, 50]
5          53        200          62      536  [50, 50, 50, 50]
6          54        200          62      536  [50, 50, 50, 50]
[2026-04-04 08:39:10] Window validation summary:
[2026-04-04 08:39:10]   Subject 48: n_windows=200 class_counts=[50, 50, 50, 50]
[2026-04-04 08:39:10]   Subject 49: n_windows=200 class_counts=[50, 50, 50, 50]
[2026-04-04 08:39:10]   Subject 50: n_windows=200 class_counts=[50, 50, 50, 50]
[2026-04-04 08:39:10]   Subject 51: n_windows=200 class_counts=[50, 50, 50, 50]
[2026-04-04 08:39:10]   Subject 52: n_windows=200 class_counts=[50, 50, 50, 50]
[2026-04-04 08:39:10]   Subject 53: n_windows=200 class_counts=[50, 50, 50, 50]
[2026-04-04 08:39:10]   Subject 54: n_windows=200 class_counts=[50, 50, 50, 50]

[2026-04-04 08:39:10] Validated sampling rate target: 128 Hz
[2026-04-04 08:39:10] Validated window sample count:   536
[2026-04-04 08:39:10] Validated window duration:       4.1875 s
[2026-04-04 08:39:10] Validated channel count:         62
[2026-04-04 08:39:10] Total windows retained:          1400
[2026-04-04 08:39:10] Preprocessing sanity checks:
[2026-04-04 08:39:10]   One sample label: 2
[2026-04-04 08:39:10]   One sample shape: (62, 536)
[2026-04-04 08:39:10]   Mean(abs(signal)): 3.496248e+00
[2026-04-04 08:39:10]   Mean(signal):      -3.673276e-09
[2026-04-04 08:39:10]   Std(signal):       4.644034e+00
[2026-04-04 08:39:10] Building model with input window duration: 4.1875 s
[2026-04-04 08:39:10] SignalJEPA_PreLocal instantiated successfully.
[2026-04-04 08:39:10]   Total parameters:     18,192
[2026-04-04 08:39:10]   Trainable parameters: 18,192
[2026-04-04 08:39:10] ======================================================================================================================================================
Layer (type (var_name):depth-idx)                  Input Shape               Output Shape              Param #                   Kernel Shape
======================================================================================================================================================
SignalJEPA_PreLocal (SignalJEPA_PreLocal)          [1, 62, 536]              [1, 4]                    --                        --
├─Sequential (spatial_conv): 1-1                   [1, 62, 536]              [1, 4, 536]               --                        --
│    └─Rearrange (0): 2-1                          [1, 62, 536]              [1, 1, 62, 536]           --                        --
│    └─Conv2d (1): 2-2                             [1, 1, 62, 536]           [1, 4, 1, 536]            252                       [62, 1]
│    └─Rearrange (2): 2-3                          [1, 4, 1, 536]            [1, 4, 536]               --                        --
├─_ConvFeatureEncoder (feature_encoder): 1-2       [1, 4, 536]               [1, 16, 64]               --                        --
│    └─Rearrange (0): 2-4                          [1, 4, 536]               [4, 1, 536]               --                        --
│    └─Sequential (1): 2-5                         [4, 1, 536]               [4, 8, 64]                --                        --
│    │    └─Conv1d (0): 3-1                        [4, 1, 536]               [4, 8, 64]                256                       [32]
│    │    └─Dropout (1): 3-2                       [4, 8, 64]                [4, 8, 64]                --                        --
│    │    └─GroupNorm (2): 3-3                     [4, 8, 64]                [4, 8, 64]                16                        --
│    │    └─GELU (3): 3-4                          [4, 8, 64]                [4, 8, 64]                --                        --
│    └─Sequential (2): 2-6                         [4, 8, 64]                [4, 16, 32]               --                        --
│    │    └─Conv1d (0): 3-5                        [4, 8, 64]                [4, 16, 32]               256                       [2]
│    │    └─Dropout (1): 3-6                       [4, 16, 32]               [4, 16, 32]               --                        --
│    │    └─GELU (2): 3-7                          [4, 16, 32]               [4, 16, 32]               --                        --
│    └─Sequential (3): 2-7                         [4, 16, 32]               [4, 32, 16]               --                        --
│    │    └─Conv1d (0): 3-8                        [4, 16, 32]               [4, 32, 16]               1,024                     [2]
│    │    └─Dropout (1): 3-9                       [4, 32, 16]               [4, 32, 16]               --                        --
│    │    └─GELU (2): 3-10                         [4, 32, 16]               [4, 32, 16]               --                        --
│    └─Sequential (4): 2-8                         [4, 32, 16]               [4, 64, 8]                --                        --
│    │    └─Conv1d (0): 3-11                       [4, 32, 16]               [4, 64, 8]                4,096                     [2]
│    │    └─Dropout (1): 3-12                      [4, 64, 8]                [4, 64, 8]                --                        --
│    │    └─GELU (2): 3-13                         [4, 64, 8]                [4, 64, 8]                --                        --
│    └─Sequential (5): 2-9                         [4, 64, 8]                [4, 64, 4]                --                        --
│    │    └─Conv1d (0): 3-14                       [4, 64, 8]                [4, 64, 4]                8,192                     [2]
│    │    └─Dropout (1): 3-15                      [4, 64, 4]                [4, 64, 4]                --                        --
│    │    └─GELU (2): 3-16                         [4, 64, 4]                [4, 64, 4]                --                        --
│    └─Rearrange (6): 2-10                         [4, 64, 4]                [1, 16, 64]               --                        --
├─Sequential (final_layer): 1-3                    [1, 16, 64]               [1, 4]                    --                        --
│    └─Flatten (0): 2-11                           [1, 16, 64]               [1, 1024]                 --                        --
│    └─Linear (1): 2-12                            [1, 1024]                 [1, 4]                    4,100                     --
======================================================================================================================================================
Total params: 18,192
Trainable params: 18,192
Non-trainable params: 0
Total mult-adds (Units.MEGABYTES): 0.57
======================================================================================================================================================
Input size (MB): 0.13
Forward/backward pass size (MB): 0.11
Params size (MB): 0.07
Estimated Total Size (MB): 0.31
======================================================================================================================================================
[2026-04-04 08:39:10] Initializing from 16s-60 pretrained checkpoint (Hugging Face):
[2026-04-04 08:39:10]   https://huggingface.co/braindecode/SignalJEPA/resolve/main/signal-jepa_16s-60_adeuwv4s.pth
[2026-04-04 08:39:10]   Downloaded 179 keys
[2026-04-04 08:39:10] ======================================================================
[2026-04-04 08:39:10] STARTING CROSS-VALIDATION
[2026-04-04 08:39:10] ======================================================================
[2026-04-04 08:39:10] Subjects:      [48, 49, 50, 51, 52, 53, 54]
[2026-04-04 08:39:10] CV folds:      5
[2026-04-04 08:39:10] Batch size:    16
[2026-04-04 08:39:10] Max epochs:    5000
[2026-04-04 08:39:10] Device:        mps
[2026-04-04 08:39:10] Seed control:  True
[2026-04-04 08:39:10] Base seed:     5
[2026-04-04 08:39:10] ======================================================================

[2026-04-04 08:39:10] Subject 48: 200 windows | class_counts=[50, 50, 50, 50]
[2026-04-04 08:39:10]   Fold 1 class counts: train=[32, 32, 32, 32] val=[8, 8, 8, 8] test=[10, 10, 10, 10]
[2026-04-04 08:39:10]   Fold 2 class counts: train=[32, 32, 32, 32] val=[8, 8, 8, 8] test=[10, 10, 10, 10]
[2026-04-04 08:39:10]   Fold 3 class counts: train=[32, 32, 32, 32] val=[8, 8, 8, 8] test=[10, 10, 10, 10]
[2026-04-04 08:39:10]   Fold 4 class counts: train=[32, 32, 32, 32] val=[8, 8, 8, 8] test=[10, 10, 10, 10]
[2026-04-04 08:39:10]   Fold 5 class counts: train=[32, 32, 32, 32] val=[8, 8, 8, 8] test=[10, 10, 10, 10]
[2026-04-04 08:39:10]     Train class counts: [32, 32, 32, 32]
[2026-04-04 08:39:10]     Val class counts:   [8, 8, 8, 8]
[2026-04-04 08:39:10]     Test class counts:  [10, 10, 10, 10]
[2026-04-04 08:39:10] Building model with input window duration: 4.1875 s
[2026-04-04 08:39:10] Pretrained weight loading:
[2026-04-04 08:39:10]   Downloaded keys:        179
[2026-04-04 08:39:10]   Filtered (transformer): 172
[2026-04-04 08:39:10]   Filtered (pos_encoder): 0
[2026-04-04 08:39:10]   Keys to load:           7
[2026-04-04 08:39:10]   Missing keys:           4
[2026-04-04 08:39:10]   Unexpected keys:        0
[2026-04-04 08:39:10]   Missing preview:        ['spatial_conv.1.weight', 'spatial_conv.1.bias', 'final_layer.1.weight', 'final_layer.1.bias']
[2026-04-04 08:39:10]   Unexpected preview:     []
[2026-04-04 08:39:10] Trainable modules: spatial_conv + final_layer (4,352 / 18,192 params, 23.9%)
[2026-04-04 08:39:10]   - final_layer.1.bias
[2026-04-04 08:39:10]   - final_layer.1.weight
[2026-04-04 08:39:10]   - spatial_conv.1.bias
[2026-04-04 08:39:10]   - spatial_conv.1.weight
[2026-04-04 08:41:04]   Fold 1/5 | best_epoch=736 | stop=786 | val_loss=0.0397 | acc=0.9500 | bal_acc=0.9500
[2026-04-04 08:41:04]     Train class counts: [32, 32, 32, 32]
[2026-04-04 08:41:04]     Val class counts:   [8, 8, 8, 8]
[2026-04-04 08:41:04]     Test class counts:  [10, 10, 10, 10]
[2026-04-04 08:41:04] Building model with input window duration: 4.1875 s
[2026-04-04 08:41:04] Pretrained weight loading:
[2026-04-04 08:41:04]   Downloaded keys:        179
[2026-04-04 08:41:04]   Filtered (transformer): 172
[2026-04-04 08:41:04]   Filtered (pos_encoder): 0
[2026-04-04 08:41:04]   Keys to load:           7
[2026-04-04 08:41:04]   Missing keys:           4
[2026-04-04 08:41:04]   Unexpected keys:        0
[2026-04-04 08:41:04]   Missing preview:        ['spatial_conv.1.weight', 'spatial_conv.1.bias', 'final_layer.1.weight', 'final_layer.1.bias']
[2026-04-04 08:41:04]   Unexpected preview:     []
[2026-04-04 08:43:32]   Fold 2/5 | best_epoch=1146 | stop=1196 | val_loss=0.0015 | acc=1.0000 | bal_acc=1.0000
[2026-04-04 08:43:32]     Train class counts: [32, 32, 32, 32]
[2026-04-04 08:43:32]     Val class counts:   [8, 8, 8, 8]
[2026-04-04 08:43:32]     Test class counts:  [10, 10, 10, 10]
[2026-04-04 08:43:32] Building model with input window duration: 4.1875 s
[2026-04-04 08:43:32] Pretrained weight loading:
[2026-04-04 08:43:32]   Downloaded keys:        179
[2026-04-04 08:43:32]   Filtered (transformer): 172
[2026-04-04 08:43:32]   Filtered (pos_encoder): 0
[2026-04-04 08:43:32]   Keys to load:           7
[2026-04-04 08:43:32]   Missing keys:           4
[2026-04-04 08:43:32]   Unexpected keys:        0
[2026-04-04 08:43:32]   Missing preview:        ['spatial_conv.1.weight', 'spatial_conv.1.bias', 'final_layer.1.weight', 'final_layer.1.bias']
[2026-04-04 08:43:32]   Unexpected preview:     []
[2026-04-04 08:48:06]   Fold 3/5 | best_epoch=2333 | stop=2383 | val_loss=0.0001 | acc=1.0000 | bal_acc=1.0000
[2026-04-04 08:48:06]     Train class counts: [32, 32, 32, 32]
[2026-04-04 08:48:06]     Val class counts:   [8, 8, 8, 8]
[2026-04-04 08:48:06]     Test class counts:  [10, 10, 10, 10]
[2026-04-04 08:48:06] Building model with input window duration: 4.1875 s
[2026-04-04 08:48:06] Pretrained weight loading:
[2026-04-04 08:48:06]   Downloaded keys:        179
[2026-04-04 08:48:06]   Filtered (transformer): 172
[2026-04-04 08:48:06]   Filtered (pos_encoder): 0
[2026-04-04 08:48:06]   Keys to load:           7
[2026-04-04 08:48:06]   Missing keys:           4
[2026-04-04 08:48:06]   Unexpected keys:        0
[2026-04-04 08:48:06]   Missing preview:        ['spatial_conv.1.weight', 'spatial_conv.1.bias', 'final_layer.1.weight', 'final_layer.1.bias']
[2026-04-04 08:48:06]   Unexpected preview:     []
[2026-04-04 08:48:21]   Fold 4/5 | best_epoch=121 | stop=171 | val_loss=0.1040 | acc=1.0000 | bal_acc=1.0000
[2026-04-04 08:48:21]     Train class counts: [32, 32, 32, 32]
[2026-04-04 08:48:21]     Val class counts:   [8, 8, 8, 8]
[2026-04-04 08:48:21]     Test class counts:  [10, 10, 10, 10]
[2026-04-04 08:48:21] Building model with input window duration: 4.1875 s
[2026-04-04 08:48:21] Pretrained weight loading:
[2026-04-04 08:48:21]   Downloaded keys:        179
[2026-04-04 08:48:21]   Filtered (transformer): 172
[2026-04-04 08:48:21]   Filtered (pos_encoder): 0
[2026-04-04 08:48:21]   Keys to load:           7
[2026-04-04 08:48:21]   Missing keys:           4
[2026-04-04 08:48:21]   Unexpected keys:        0
[2026-04-04 08:48:21]   Missing preview:        ['spatial_conv.1.weight', 'spatial_conv.1.bias', 'final_layer.1.weight', 'final_layer.1.bias']
[2026-04-04 08:48:21]   Unexpected preview:     []
[2026-04-04 08:48:57]   Fold 5/5 | best_epoch=357 | stop=407 | val_loss=0.0587 | acc=1.0000 | bal_acc=1.0000
[2026-04-04 08:48:57]   Subject 48 summary: acc=0.9900±0.0200  bal_acc=0.9900±0.0200

[2026-04-04 08:48:57] Subject 49: 200 windows | class_counts=[50, 50, 50, 50]
[2026-04-04 08:48:57]   Fold 1 class counts: train=[32, 32, 32, 32] val=[8, 8, 8, 8] test=[10, 10, 10, 10]
[2026-04-04 08:48:57]   Fold 2 class counts: train=[32, 32, 32, 32] val=[8, 8, 8, 8] test=[10, 10, 10, 10]
[2026-04-04 08:48:57]   Fold 3 class counts: train=[32, 32, 32, 32] val=[8, 8, 8, 8] test=[10, 10, 10, 10]
[2026-04-04 08:48:57]   Fold 4 class counts: train=[32, 32, 32, 32] val=[8, 8, 8, 8] test=[10, 10, 10, 10]
[2026-04-04 08:48:57]   Fold 5 class counts: train=[32, 32, 32, 32] val=[8, 8, 8, 8] test=[10, 10, 10, 10]
[2026-04-04 08:48:57]     Train class counts: [32, 32, 32, 32]
[2026-04-04 08:48:57]     Val class counts:   [8, 8, 8, 8]
[2026-04-04 08:48:57]     Test class counts:  [10, 10, 10, 10]
[2026-04-04 08:48:57] Building model with input window duration: 4.1875 s
[2026-04-04 08:48:57] Pretrained weight loading:
[2026-04-04 08:48:57]   Downloaded keys:        179
[2026-04-04 08:48:57]   Filtered (transformer): 172
[2026-04-04 08:48:57]   Filtered (pos_encoder): 0
[2026-04-04 08:48:57]   Keys to load:           7
[2026-04-04 08:48:57]   Missing keys:           4
[2026-04-04 08:48:57]   Unexpected keys:        0
[2026-04-04 08:48:57]   Missing preview:        ['spatial_conv.1.weight', 'spatial_conv.1.bias', 'final_layer.1.weight', 'final_layer.1.bias']
[2026-04-04 08:48:57]   Unexpected preview:     []
[2026-04-04 08:49:28]   Fold 1/5 | best_epoch=307 | stop=357 | val_loss=0.0360 | acc=0.9250 | bal_acc=0.9250
[2026-04-04 08:49:28]     Train class counts: [32, 32, 32, 32]
[2026-04-04 08:49:28]     Val class counts:   [8, 8, 8, 8]
[2026-04-04 08:49:28]     Test class counts:  [10, 10, 10, 10]
[2026-04-04 08:49:28] Building model with input window duration: 4.1875 s
[2026-04-04 08:49:28] Pretrained weight loading:
[2026-04-04 08:49:28]   Downloaded keys:        179
[2026-04-04 08:49:28]   Filtered (transformer): 172
[2026-04-04 08:49:28]   Filtered (pos_encoder): 0
[2026-04-04 08:49:28]   Keys to load:           7
[2026-04-04 08:49:28]   Missing keys:           4
[2026-04-04 08:49:28]   Unexpected keys:        0
[2026-04-04 08:49:28]   Missing preview:        ['spatial_conv.1.weight', 'spatial_conv.1.bias', 'final_layer.1.weight', 'final_layer.1.bias']
[2026-04-04 08:49:28]   Unexpected preview:     []
[2026-04-04 08:50:13]   Fold 2/5 | best_epoch=451 | stop=501 | val_loss=0.0771 | acc=0.9750 | bal_acc=0.9750
[2026-04-04 08:50:13]     Train class counts: [32, 32, 32, 32]
[2026-04-04 08:50:13]     Val class counts:   [8, 8, 8, 8]
[2026-04-04 08:50:13]     Test class counts:  [10, 10, 10, 10]
[2026-04-04 08:50:13] Building model with input window duration: 4.1875 s
[2026-04-04 08:50:13] Pretrained weight loading:
[2026-04-04 08:50:13]   Downloaded keys:        179
[2026-04-04 08:50:13]   Filtered (transformer): 172
[2026-04-04 08:50:13]   Filtered (pos_encoder): 0
[2026-04-04 08:50:13]   Keys to load:           7
[2026-04-04 08:50:13]   Missing keys:           4
[2026-04-04 08:50:13]   Unexpected keys:        0
[2026-04-04 08:50:13]   Missing preview:        ['spatial_conv.1.weight', 'spatial_conv.1.bias', 'final_layer.1.weight', 'final_layer.1.bias']
[2026-04-04 08:50:13]   Unexpected preview:     []
[2026-04-04 08:52:17]   Fold 3/5 | best_epoch=1356 | stop=1406 | val_loss=0.0565 | acc=0.9750 | bal_acc=0.9750
[2026-04-04 08:52:17]     Train class counts: [32, 32, 32, 32]
[2026-04-04 08:52:17]     Val class counts:   [8, 8, 8, 8]
[2026-04-04 08:52:17]     Test class counts:  [10, 10, 10, 10]
[2026-04-04 08:52:17] Building model with input window duration: 4.1875 s
[2026-04-04 08:52:17] Pretrained weight loading:
[2026-04-04 08:52:17]   Downloaded keys:        179
[2026-04-04 08:52:17]   Filtered (transformer): 172
[2026-04-04 08:52:17]   Filtered (pos_encoder): 0
[2026-04-04 08:52:17]   Keys to load:           7
[2026-04-04 08:52:17]   Missing keys:           4
[2026-04-04 08:52:17]   Unexpected keys:        0
[2026-04-04 08:52:17]   Missing preview:        ['spatial_conv.1.weight', 'spatial_conv.1.bias', 'final_layer.1.weight', 'final_layer.1.bias']
[2026-04-04 08:52:17]   Unexpected preview:     []
[2026-04-04 08:52:49]   Fold 4/5 | best_epoch=313 | stop=363 | val_loss=0.1948 | acc=0.9750 | bal_acc=0.9750
[2026-04-04 08:52:49]     Train class counts: [32, 32, 32, 32]
[2026-04-04 08:52:49]     Val class counts:   [8, 8, 8, 8]
[2026-04-04 08:52:49]     Test class counts:  [10, 10, 10, 10]
[2026-04-04 08:52:49] Building model with input window duration: 4.1875 s
[2026-04-04 08:52:49] Pretrained weight loading:
[2026-04-04 08:52:49]   Downloaded keys:        179
[2026-04-04 08:52:49]   Filtered (transformer): 172
[2026-04-04 08:52:49]   Filtered (pos_encoder): 0
[2026-04-04 08:52:49]   Keys to load:           7
[2026-04-04 08:52:49]   Missing keys:           4
[2026-04-04 08:52:49]   Unexpected keys:        0
[2026-04-04 08:52:49]   Missing preview:        ['spatial_conv.1.weight', 'spatial_conv.1.bias', 'final_layer.1.weight', 'final_layer.1.bias']
[2026-04-04 08:52:49]   Unexpected preview:     []
[2026-04-04 08:53:26]   Fold 5/5 | best_epoch=375 | stop=425 | val_loss=0.1900 | acc=0.9250 | bal_acc=0.9250
[2026-04-04 08:53:26]   Subject 49 summary: acc=0.9550±0.0245  bal_acc=0.9550±0.0245

[2026-04-04 08:53:26] Subject 50: 200 windows | class_counts=[50, 50, 50, 50]
[2026-04-04 08:53:26]   Fold 1 class counts: train=[32, 32, 32, 32] val=[8, 8, 8, 8] test=[10, 10, 10, 10]
[2026-04-04 08:53:26]   Fold 2 class counts: train=[32, 32, 32, 32] val=[8, 8, 8, 8] test=[10, 10, 10, 10]
[2026-04-04 08:53:26]   Fold 3 class counts: train=[32, 32, 32, 32] val=[8, 8, 8, 8] test=[10, 10, 10, 10]
[2026-04-04 08:53:26]   Fold 4 class counts: train=[32, 32, 32, 32] val=[8, 8, 8, 8] test=[10, 10, 10, 10]
[2026-04-04 08:53:26]   Fold 5 class counts: train=[32, 32, 32, 32] val=[8, 8, 8, 8] test=[10, 10, 10, 10]
[2026-04-04 08:53:26]     Train class counts: [32, 32, 32, 32]
[2026-04-04 08:53:26]     Val class counts:   [8, 8, 8, 8]
[2026-04-04 08:53:26]     Test class counts:  [10, 10, 10, 10]
[2026-04-04 08:53:26] Building model with input window duration: 4.1875 s
[2026-04-04 08:53:26] Pretrained weight loading:
[2026-04-04 08:53:26]   Downloaded keys:        179
[2026-04-04 08:53:26]   Filtered (transformer): 172
[2026-04-04 08:53:26]   Filtered (pos_encoder): 0
[2026-04-04 08:53:26]   Keys to load:           7
[2026-04-04 08:53:26]   Missing keys:           4
[2026-04-04 08:53:26]   Unexpected keys:        0
[2026-04-04 08:53:26]   Missing preview:        ['spatial_conv.1.weight', 'spatial_conv.1.bias', 'final_layer.1.weight', 'final_layer.1.bias']
[2026-04-04 08:53:26]   Unexpected preview:     []
[2026-04-04 08:54:17]   Fold 1/5 | best_epoch=531 | stop=581 | val_loss=0.0155 | acc=1.0000 | bal_acc=1.0000
[2026-04-04 08:54:17]     Train class counts: [32, 32, 32, 32]
[2026-04-04 08:54:17]     Val class counts:   [8, 8, 8, 8]
[2026-04-04 08:54:17]     Test class counts:  [10, 10, 10, 10]
[2026-04-04 08:54:17] Building model with input window duration: 4.1875 s
[2026-04-04 08:54:17] Pretrained weight loading:
[2026-04-04 08:54:17]   Downloaded keys:        179
[2026-04-04 08:54:17]   Filtered (transformer): 172
[2026-04-04 08:54:17]   Filtered (pos_encoder): 0
[2026-04-04 08:54:17]   Keys to load:           7
[2026-04-04 08:54:17]   Missing keys:           4
[2026-04-04 08:54:17]   Unexpected keys:        0
[2026-04-04 08:54:17]   Missing preview:        ['spatial_conv.1.weight', 'spatial_conv.1.bias', 'final_layer.1.weight', 'final_layer.1.bias']
[2026-04-04 08:54:17]   Unexpected preview:     []
[2026-04-04 08:54:38]   Fold 2/5 | best_epoch=187 | stop=237 | val_loss=0.0960 | acc=1.0000 | bal_acc=1.0000
[2026-04-04 08:54:38]     Train class counts: [32, 32, 32, 32]
[2026-04-04 08:54:38]     Val class counts:   [8, 8, 8, 8]
[2026-04-04 08:54:38]     Test class counts:  [10, 10, 10, 10]
[2026-04-04 08:54:38] Building model with input window duration: 4.1875 s
[2026-04-04 08:54:38] Pretrained weight loading:
[2026-04-04 08:54:38]   Downloaded keys:        179
[2026-04-04 08:54:38]   Filtered (transformer): 172
[2026-04-04 08:54:38]   Filtered (pos_encoder): 0
[2026-04-04 08:54:38]   Keys to load:           7
[2026-04-04 08:54:38]   Missing keys:           4
[2026-04-04 08:54:38]   Unexpected keys:        0
[2026-04-04 08:54:38]   Missing preview:        ['spatial_conv.1.weight', 'spatial_conv.1.bias', 'final_layer.1.weight', 'final_layer.1.bias']
[2026-04-04 08:54:38]   Unexpected preview:     []
[2026-04-04 08:57:19]   Fold 3/5 | best_epoch=1785 | stop=1835 | val_loss=0.0023 | acc=0.9750 | bal_acc=0.9750
[2026-04-04 08:57:19]     Train class counts: [32, 32, 32, 32]
[2026-04-04 08:57:19]     Val class counts:   [8, 8, 8, 8]
[2026-04-04 08:57:19]     Test class counts:  [10, 10, 10, 10]
[2026-04-04 08:57:19] Building model with input window duration: 4.1875 s
[2026-04-04 08:57:19] Pretrained weight loading:
[2026-04-04 08:57:19]   Downloaded keys:        179
[2026-04-04 08:57:19]   Filtered (transformer): 172
[2026-04-04 08:57:19]   Filtered (pos_encoder): 0
[2026-04-04 08:57:19]   Keys to load:           7
[2026-04-04 08:57:19]   Missing keys:           4
[2026-04-04 08:57:19]   Unexpected keys:        0
[2026-04-04 08:57:19]   Missing preview:        ['spatial_conv.1.weight', 'spatial_conv.1.bias', 'final_layer.1.weight', 'final_layer.1.bias']
[2026-04-04 08:57:19]   Unexpected preview:     []
[2026-04-04 08:59:03]   Fold 4/5 | best_epoch=959 | stop=1009 | val_loss=0.0209 | acc=1.0000 | bal_acc=1.0000
[2026-04-04 08:59:03]     Train class counts: [32, 32, 32, 32]
[2026-04-04 08:59:03]     Val class counts:   [8, 8, 8, 8]
[2026-04-04 08:59:03]     Test class counts:  [10, 10, 10, 10]
[2026-04-04 08:59:03] Building model with input window duration: 4.1875 s
[2026-04-04 08:59:03] Pretrained weight loading:
[2026-04-04 08:59:03]   Downloaded keys:        179
[2026-04-04 08:59:03]   Filtered (transformer): 172
[2026-04-04 08:59:03]   Filtered (pos_encoder): 0
[2026-04-04 08:59:03]   Keys to load:           7
[2026-04-04 08:59:03]   Missing keys:           4
[2026-04-04 08:59:03]   Unexpected keys:        0
[2026-04-04 08:59:03]   Missing preview:        ['spatial_conv.1.weight', 'spatial_conv.1.bias', 'final_layer.1.weight', 'final_layer.1.bias']
[2026-04-04 08:59:03]   Unexpected preview:     []
[2026-04-04 08:59:42]   Fold 5/5 | best_epoch=325 | stop=375 | val_loss=0.0181 | acc=1.0000 | bal_acc=1.0000
[2026-04-04 08:59:42]   Subject 50 summary: acc=0.9950±0.0100  bal_acc=0.9950±0.0100

[2026-04-04 08:59:42] Subject 51: 200 windows | class_counts=[50, 50, 50, 50]
[2026-04-04 08:59:42]   Fold 1 class counts: train=[32, 32, 32, 32] val=[8, 8, 8, 8] test=[10, 10, 10, 10]
[2026-04-04 08:59:42]   Fold 2 class counts: train=[32, 32, 32, 32] val=[8, 8, 8, 8] test=[10, 10, 10, 10]
[2026-04-04 08:59:42]   Fold 3 class counts: train=[32, 32, 32, 32] val=[8, 8, 8, 8] test=[10, 10, 10, 10]
[2026-04-04 08:59:42]   Fold 4 class counts: train=[32, 32, 32, 32] val=[8, 8, 8, 8] test=[10, 10, 10, 10]
[2026-04-04 08:59:42]   Fold 5 class counts: train=[32, 32, 32, 32] val=[8, 8, 8, 8] test=[10, 10, 10, 10]
[2026-04-04 08:59:42]     Train class counts: [32, 32, 32, 32]
[2026-04-04 08:59:42]     Val class counts:   [8, 8, 8, 8]
[2026-04-04 08:59:42]     Test class counts:  [10, 10, 10, 10]
[2026-04-04 08:59:42] Building model with input window duration: 4.1875 s
[2026-04-04 08:59:42] Pretrained weight loading:
[2026-04-04 08:59:42]   Downloaded keys:        179
[2026-04-04 08:59:42]   Filtered (transformer): 172
[2026-04-04 08:59:42]   Filtered (pos_encoder): 0
[2026-04-04 08:59:42]   Keys to load:           7
[2026-04-04 08:59:42]   Missing keys:           4
[2026-04-04 08:59:42]   Unexpected keys:        0
[2026-04-04 08:59:42]   Missing preview:        ['spatial_conv.1.weight', 'spatial_conv.1.bias', 'final_layer.1.weight', 'final_layer.1.bias']
[2026-04-04 08:59:42]   Unexpected preview:     []
[2026-04-04 08:59:49]   Fold 1/5 | best_epoch=19 | stop=69 | val_loss=1.3037 | acc=0.3000 | bal_acc=0.3000
[2026-04-04 08:59:49]     Train class counts: [32, 32, 32, 32]
[2026-04-04 08:59:49]     Val class counts:   [8, 8, 8, 8]
[2026-04-04 08:59:49]     Test class counts:  [10, 10, 10, 10]
[2026-04-04 08:59:49] Building model with input window duration: 4.1875 s
[2026-04-04 08:59:49] Pretrained weight loading:
[2026-04-04 08:59:49]   Downloaded keys:        179
[2026-04-04 08:59:49]   Filtered (transformer): 172
[2026-04-04 08:59:49]   Filtered (pos_encoder): 0
[2026-04-04 08:59:49]   Keys to load:           7
[2026-04-04 08:59:49]   Missing keys:           4
[2026-04-04 08:59:49]   Unexpected keys:        0
[2026-04-04 08:59:49]   Missing preview:        ['spatial_conv.1.weight', 'spatial_conv.1.bias', 'final_layer.1.weight', 'final_layer.1.bias']
[2026-04-04 08:59:49]   Unexpected preview:     []
[2026-04-04 08:59:58]   Fold 2/5 | best_epoch=38 | stop=88 | val_loss=1.2834 | acc=0.5250 | bal_acc=0.5250
[2026-04-04 08:59:58]     Train class counts: [32, 32, 32, 32]
[2026-04-04 08:59:58]     Val class counts:   [8, 8, 8, 8]
[2026-04-04 08:59:58]     Test class counts:  [10, 10, 10, 10]
[2026-04-04 08:59:58] Building model with input window duration: 4.1875 s
[2026-04-04 08:59:58] Pretrained weight loading:
[2026-04-04 08:59:58]   Downloaded keys:        179
[2026-04-04 08:59:58]   Filtered (transformer): 172
[2026-04-04 08:59:58]   Filtered (pos_encoder): 0
[2026-04-04 08:59:58]   Keys to load:           7
[2026-04-04 08:59:58]   Missing keys:           4
[2026-04-04 08:59:58]   Unexpected keys:        0
[2026-04-04 08:59:58]   Missing preview:        ['spatial_conv.1.weight', 'spatial_conv.1.bias', 'final_layer.1.weight', 'final_layer.1.bias']
[2026-04-04 08:59:58]   Unexpected preview:     []
[2026-04-04 09:00:04]   Fold 3/5 | best_epoch=3 | stop=53 | val_loss=1.3783 | acc=0.4000 | bal_acc=0.4000
[2026-04-04 09:00:04]     Train class counts: [32, 32, 32, 32]
[2026-04-04 09:00:04]     Val class counts:   [8, 8, 8, 8]
[2026-04-04 09:00:04]     Test class counts:  [10, 10, 10, 10]
[2026-04-04 09:00:04] Building model with input window duration: 4.1875 s
[2026-04-04 09:00:04] Pretrained weight loading:
[2026-04-04 09:00:04]   Downloaded keys:        179
[2026-04-04 09:00:04]   Filtered (transformer): 172
[2026-04-04 09:00:04]   Filtered (pos_encoder): 0
[2026-04-04 09:00:04]   Keys to load:           7
[2026-04-04 09:00:04]   Missing keys:           4
[2026-04-04 09:00:04]   Unexpected keys:        0
[2026-04-04 09:00:04]   Missing preview:        ['spatial_conv.1.weight', 'spatial_conv.1.bias', 'final_layer.1.weight', 'final_layer.1.bias']
[2026-04-04 09:00:04]   Unexpected preview:     []
[2026-04-04 09:00:10]   Fold 4/5 | best_epoch=2 | stop=52 | val_loss=1.3879 | acc=0.3750 | bal_acc=0.3750
[2026-04-04 09:00:10]     Train class counts: [32, 32, 32, 32]
[2026-04-04 09:00:10]     Val class counts:   [8, 8, 8, 8]
[2026-04-04 09:00:10]     Test class counts:  [10, 10, 10, 10]
[2026-04-04 09:00:10] Building model with input window duration: 4.1875 s
[2026-04-04 09:00:10] Pretrained weight loading:
[2026-04-04 09:00:10]   Downloaded keys:        179
[2026-04-04 09:00:10]   Filtered (transformer): 172
[2026-04-04 09:00:10]   Filtered (pos_encoder): 0
[2026-04-04 09:00:10]   Keys to load:           7
[2026-04-04 09:00:10]   Missing keys:           4
[2026-04-04 09:00:10]   Unexpected keys:        0
[2026-04-04 09:00:10]   Missing preview:        ['spatial_conv.1.weight', 'spatial_conv.1.bias', 'final_layer.1.weight', 'final_layer.1.bias']
[2026-04-04 09:00:10]   Unexpected preview:     []
[2026-04-04 09:00:15]   Fold 5/5 | best_epoch=1 | stop=51 | val_loss=1.3926 | acc=0.2250 | bal_acc=0.2250
[2026-04-04 09:00:15]   Subject 51 summary: acc=0.3650±0.1007  bal_acc=0.3650±0.1007

[2026-04-04 09:00:15] Subject 52: 200 windows | class_counts=[50, 50, 50, 50]
[2026-04-04 09:00:15]   Fold 1 class counts: train=[32, 32, 32, 32] val=[8, 8, 8, 8] test=[10, 10, 10, 10]
[2026-04-04 09:00:15]   Fold 2 class counts: train=[32, 32, 32, 32] val=[8, 8, 8, 8] test=[10, 10, 10, 10]
[2026-04-04 09:00:15]   Fold 3 class counts: train=[32, 32, 32, 32] val=[8, 8, 8, 8] test=[10, 10, 10, 10]
[2026-04-04 09:00:15]   Fold 4 class counts: train=[32, 32, 32, 32] val=[8, 8, 8, 8] test=[10, 10, 10, 10]
[2026-04-04 09:00:15]   Fold 5 class counts: train=[32, 32, 32, 32] val=[8, 8, 8, 8] test=[10, 10, 10, 10]
[2026-04-04 09:00:15]     Train class counts: [32, 32, 32, 32]
[2026-04-04 09:00:15]     Val class counts:   [8, 8, 8, 8]
[2026-04-04 09:00:15]     Test class counts:  [10, 10, 10, 10]
[2026-04-04 09:00:15] Building model with input window duration: 4.1875 s
[2026-04-04 09:00:15] Pretrained weight loading:
[2026-04-04 09:00:15]   Downloaded keys:        179
[2026-04-04 09:00:15]   Filtered (transformer): 172
[2026-04-04 09:00:15]   Filtered (pos_encoder): 0
[2026-04-04 09:00:15]   Keys to load:           7
[2026-04-04 09:00:15]   Missing keys:           4
[2026-04-04 09:00:15]   Unexpected keys:        0
[2026-04-04 09:00:15]   Missing preview:        ['spatial_conv.1.weight', 'spatial_conv.1.bias', 'final_layer.1.weight', 'final_layer.1.bias']
[2026-04-04 09:00:15]   Unexpected preview:     []
[2026-04-04 09:02:13]   Fold 1/5 | best_epoch=1089 | stop=1139 | val_loss=0.0177 | acc=0.9500 | bal_acc=0.9500
[2026-04-04 09:02:13]     Train class counts: [32, 32, 32, 32]
[2026-04-04 09:02:13]     Val class counts:   [8, 8, 8, 8]
[2026-04-04 09:02:13]     Test class counts:  [10, 10, 10, 10]
[2026-04-04 09:02:13] Building model with input window duration: 4.1875 s
[2026-04-04 09:02:13] Pretrained weight loading:
[2026-04-04 09:02:13]   Downloaded keys:        179
[2026-04-04 09:02:13]   Filtered (transformer): 172
[2026-04-04 09:02:13]   Filtered (pos_encoder): 0
[2026-04-04 09:02:13]   Keys to load:           7
[2026-04-04 09:02:13]   Missing keys:           4
[2026-04-04 09:02:13]   Unexpected keys:        0
[2026-04-04 09:02:13]   Missing preview:        ['spatial_conv.1.weight', 'spatial_conv.1.bias', 'final_layer.1.weight', 'final_layer.1.bias']
[2026-04-04 09:02:13]   Unexpected preview:     []
[2026-04-04 09:02:44]   Fold 2/5 | best_epoch=247 | stop=297 | val_loss=0.1138 | acc=0.9000 | bal_acc=0.9000
[2026-04-04 09:02:44]     Train class counts: [32, 32, 32, 32]
[2026-04-04 09:02:44]     Val class counts:   [8, 8, 8, 8]
[2026-04-04 09:02:44]     Test class counts:  [10, 10, 10, 10]
[2026-04-04 09:02:44] Building model with input window duration: 4.1875 s
[2026-04-04 09:02:44] Pretrained weight loading:
[2026-04-04 09:02:44]   Downloaded keys:        179
[2026-04-04 09:02:44]   Filtered (transformer): 172
[2026-04-04 09:02:44]   Filtered (pos_encoder): 0
[2026-04-04 09:02:44]   Keys to load:           7
[2026-04-04 09:02:44]   Missing keys:           4
[2026-04-04 09:02:44]   Unexpected keys:        0
[2026-04-04 09:02:44]   Missing preview:        ['spatial_conv.1.weight', 'spatial_conv.1.bias', 'final_layer.1.weight', 'final_layer.1.bias']
[2026-04-04 09:02:44]   Unexpected preview:     []
[2026-04-04 09:03:49]   Fold 3/5 | best_epoch=573 | stop=623 | val_loss=0.0613 | acc=0.9250 | bal_acc=0.9250
[2026-04-04 09:03:49]     Train class counts: [32, 32, 32, 32]
[2026-04-04 09:03:49]     Val class counts:   [8, 8, 8, 8]
[2026-04-04 09:03:49]     Test class counts:  [10, 10, 10, 10]
[2026-04-04 09:03:49] Building model with input window duration: 4.1875 s
[2026-04-04 09:03:49] Pretrained weight loading:
[2026-04-04 09:03:49]   Downloaded keys:        179
[2026-04-04 09:03:49]   Filtered (transformer): 172
[2026-04-04 09:03:49]   Filtered (pos_encoder): 0
[2026-04-04 09:03:49]   Keys to load:           7
[2026-04-04 09:03:49]   Missing keys:           4
[2026-04-04 09:03:49]   Unexpected keys:        0
[2026-04-04 09:03:49]   Missing preview:        ['spatial_conv.1.weight', 'spatial_conv.1.bias', 'final_layer.1.weight', 'final_layer.1.bias']
[2026-04-04 09:03:49]   Unexpected preview:     []
[2026-04-04 09:04:34]   Fold 4/5 | best_epoch=376 | stop=426 | val_loss=0.1564 | acc=0.9500 | bal_acc=0.9500
[2026-04-04 09:04:34]     Train class counts: [32, 32, 32, 32]
[2026-04-04 09:04:34]     Val class counts:   [8, 8, 8, 8]
[2026-04-04 09:04:34]     Test class counts:  [10, 10, 10, 10]
[2026-04-04 09:04:34] Building model with input window duration: 4.1875 s
[2026-04-04 09:04:34] Pretrained weight loading:
[2026-04-04 09:04:34]   Downloaded keys:        179
[2026-04-04 09:04:34]   Filtered (transformer): 172
[2026-04-04 09:04:34]   Filtered (pos_encoder): 0
[2026-04-04 09:04:34]   Keys to load:           7
[2026-04-04 09:04:34]   Missing keys:           4
[2026-04-04 09:04:34]   Unexpected keys:        0
[2026-04-04 09:04:34]   Missing preview:        ['spatial_conv.1.weight', 'spatial_conv.1.bias', 'final_layer.1.weight', 'final_layer.1.bias']
[2026-04-04 09:04:34]   Unexpected preview:     []
[2026-04-04 09:06:09]   Fold 5/5 | best_epoch=834 | stop=884 | val_loss=0.0655 | acc=0.9750 | bal_acc=0.9750
[2026-04-04 09:06:09]   Subject 52 summary: acc=0.9400±0.0255  bal_acc=0.9400±0.0255

[2026-04-04 09:06:09] Subject 53: 200 windows | class_counts=[50, 50, 50, 50]
[2026-04-04 09:06:09]   Fold 1 class counts: train=[32, 32, 32, 32] val=[8, 8, 8, 8] test=[10, 10, 10, 10]
[2026-04-04 09:06:09]   Fold 2 class counts: train=[32, 32, 32, 32] val=[8, 8, 8, 8] test=[10, 10, 10, 10]
[2026-04-04 09:06:09]   Fold 3 class counts: train=[32, 32, 32, 32] val=[8, 8, 8, 8] test=[10, 10, 10, 10]
[2026-04-04 09:06:09]   Fold 4 class counts: train=[32, 32, 32, 32] val=[8, 8, 8, 8] test=[10, 10, 10, 10]
[2026-04-04 09:06:09]   Fold 5 class counts: train=[32, 32, 32, 32] val=[8, 8, 8, 8] test=[10, 10, 10, 10]
[2026-04-04 09:06:09]     Train class counts: [32, 32, 32, 32]
[2026-04-04 09:06:09]     Val class counts:   [8, 8, 8, 8]
[2026-04-04 09:06:09]     Test class counts:  [10, 10, 10, 10]
[2026-04-04 09:06:09] Building model with input window duration: 4.1875 s
[2026-04-04 09:06:09] Pretrained weight loading:
[2026-04-04 09:06:09]   Downloaded keys:        179
[2026-04-04 09:06:09]   Filtered (transformer): 172
[2026-04-04 09:06:09]   Filtered (pos_encoder): 0
[2026-04-04 09:06:09]   Keys to load:           7
[2026-04-04 09:06:09]   Missing keys:           4
[2026-04-04 09:06:09]   Unexpected keys:        0
[2026-04-04 09:06:09]   Missing preview:        ['spatial_conv.1.weight', 'spatial_conv.1.bias', 'final_layer.1.weight', 'final_layer.1.bias']
[2026-04-04 09:06:09]   Unexpected preview:     []
[2026-04-04 09:06:40]   Fold 1/5 | best_epoch=237 | stop=287 | val_loss=0.0561 | acc=1.0000 | bal_acc=1.0000
[2026-04-04 09:06:40]     Train class counts: [32, 32, 32, 32]
[2026-04-04 09:06:40]     Val class counts:   [8, 8, 8, 8]
[2026-04-04 09:06:40]     Test class counts:  [10, 10, 10, 10]
[2026-04-04 09:06:40] Building model with input window duration: 4.1875 s
[2026-04-04 09:06:40] Pretrained weight loading:
[2026-04-04 09:06:40]   Downloaded keys:        179
[2026-04-04 09:06:40]   Filtered (transformer): 172
[2026-04-04 09:06:40]   Filtered (pos_encoder): 0
[2026-04-04 09:06:40]   Keys to load:           7
[2026-04-04 09:06:40]   Missing keys:           4
[2026-04-04 09:06:40]   Unexpected keys:        0
[2026-04-04 09:06:40]   Missing preview:        ['spatial_conv.1.weight', 'spatial_conv.1.bias', 'final_layer.1.weight', 'final_layer.1.bias']
[2026-04-04 09:06:40]   Unexpected preview:     []
[2026-04-04 09:08:31]   Fold 2/5 | best_epoch=956 | stop=1006 | val_loss=0.0016 | acc=1.0000 | bal_acc=1.0000
[2026-04-04 09:08:31]     Train class counts: [32, 32, 32, 32]
[2026-04-04 09:08:31]     Val class counts:   [8, 8, 8, 8]
[2026-04-04 09:08:31]     Test class counts:  [10, 10, 10, 10]
[2026-04-04 09:08:31] Building model with input window duration: 4.1875 s
[2026-04-04 09:08:31] Pretrained weight loading:
[2026-04-04 09:08:31]   Downloaded keys:        179
[2026-04-04 09:08:31]   Filtered (transformer): 172
[2026-04-04 09:08:31]   Filtered (pos_encoder): 0
[2026-04-04 09:08:31]   Keys to load:           7
[2026-04-04 09:08:31]   Missing keys:           4
[2026-04-04 09:08:31]   Unexpected keys:        0
[2026-04-04 09:08:31]   Missing preview:        ['spatial_conv.1.weight', 'spatial_conv.1.bias', 'final_layer.1.weight', 'final_layer.1.bias']
[2026-04-04 09:08:31]   Unexpected preview:     []
[2026-04-04 09:09:23]   Fold 3/5 | best_epoch=417 | stop=467 | val_loss=0.0098 | acc=0.9750 | bal_acc=0.9750
[2026-04-04 09:09:23]     Train class counts: [32, 32, 32, 32]
[2026-04-04 09:09:23]     Val class counts:   [8, 8, 8, 8]
[2026-04-04 09:09:23]     Test class counts:  [10, 10, 10, 10]
[2026-04-04 09:09:23] Building model with input window duration: 4.1875 s
[2026-04-04 09:09:23] Pretrained weight loading:
[2026-04-04 09:09:23]   Downloaded keys:        179
[2026-04-04 09:09:23]   Filtered (transformer): 172
[2026-04-04 09:09:23]   Filtered (pos_encoder): 0
[2026-04-04 09:09:23]   Keys to load:           7
[2026-04-04 09:09:23]   Missing keys:           4
[2026-04-04 09:09:23]   Unexpected keys:        0
[2026-04-04 09:09:23]   Missing preview:        ['spatial_conv.1.weight', 'spatial_conv.1.bias', 'final_layer.1.weight', 'final_layer.1.bias']
[2026-04-04 09:09:23]   Unexpected preview:     []
[2026-04-04 09:10:58]   Fold 4/5 | best_epoch=871 | stop=921 | val_loss=0.0115 | acc=1.0000 | bal_acc=1.0000
[2026-04-04 09:10:58]     Train class counts: [32, 32, 32, 32]
[2026-04-04 09:10:58]     Val class counts:   [8, 8, 8, 8]
[2026-04-04 09:10:58]     Test class counts:  [10, 10, 10, 10]
[2026-04-04 09:10:58] Building model with input window duration: 4.1875 s
[2026-04-04 09:10:58] Pretrained weight loading:
[2026-04-04 09:10:58]   Downloaded keys:        179
[2026-04-04 09:10:58]   Filtered (transformer): 172
[2026-04-04 09:10:58]   Filtered (pos_encoder): 0
[2026-04-04 09:10:58]   Keys to load:           7
[2026-04-04 09:10:58]   Missing keys:           4
[2026-04-04 09:10:58]   Unexpected keys:        0
[2026-04-04 09:10:58]   Missing preview:        ['spatial_conv.1.weight', 'spatial_conv.1.bias', 'final_layer.1.weight', 'final_layer.1.bias']
[2026-04-04 09:10:58]   Unexpected preview:     []
[2026-04-04 09:12:15]   Fold 5/5 | best_epoch=698 | stop=748 | val_loss=0.0146 | acc=1.0000 | bal_acc=1.0000
[2026-04-04 09:12:15]   Subject 53 summary: acc=0.9950±0.0100  bal_acc=0.9950±0.0100

[2026-04-04 09:12:15] Subject 54: 200 windows | class_counts=[50, 50, 50, 50]
[2026-04-04 09:12:15]   Fold 1 class counts: train=[32, 32, 32, 32] val=[8, 8, 8, 8] test=[10, 10, 10, 10]
[2026-04-04 09:12:15]   Fold 2 class counts: train=[32, 32, 32, 32] val=[8, 8, 8, 8] test=[10, 10, 10, 10]
[2026-04-04 09:12:15]   Fold 3 class counts: train=[32, 32, 32, 32] val=[8, 8, 8, 8] test=[10, 10, 10, 10]
[2026-04-04 09:12:15]   Fold 4 class counts: train=[32, 32, 32, 32] val=[8, 8, 8, 8] test=[10, 10, 10, 10]
[2026-04-04 09:12:15]   Fold 5 class counts: train=[32, 32, 32, 32] val=[8, 8, 8, 8] test=[10, 10, 10, 10]
[2026-04-04 09:12:15]     Train class counts: [32, 32, 32, 32]
[2026-04-04 09:12:15]     Val class counts:   [8, 8, 8, 8]
[2026-04-04 09:12:15]     Test class counts:  [10, 10, 10, 10]
[2026-04-04 09:12:15] Building model with input window duration: 4.1875 s
[2026-04-04 09:12:15] Pretrained weight loading:
[2026-04-04 09:12:15]   Downloaded keys:        179
[2026-04-04 09:12:15]   Filtered (transformer): 172
[2026-04-04 09:12:15]   Filtered (pos_encoder): 0
[2026-04-04 09:12:15]   Keys to load:           7
[2026-04-04 09:12:15]   Missing keys:           4
[2026-04-04 09:12:15]   Unexpected keys:        0
[2026-04-04 09:12:15]   Missing preview:        ['spatial_conv.1.weight', 'spatial_conv.1.bias', 'final_layer.1.weight', 'final_layer.1.bias']
[2026-04-04 09:12:15]   Unexpected preview:     []
[2026-04-04 09:12:31]   Fold 1/5 | best_epoch=111 | stop=161 | val_loss=0.8319 | acc=0.7750 | bal_acc=0.7750
[2026-04-04 09:12:31]     Train class counts: [32, 32, 32, 32]
[2026-04-04 09:12:31]     Val class counts:   [8, 8, 8, 8]
[2026-04-04 09:12:31]     Test class counts:  [10, 10, 10, 10]
[2026-04-04 09:12:31] Building model with input window duration: 4.1875 s
[2026-04-04 09:12:31] Pretrained weight loading:
[2026-04-04 09:12:31]   Downloaded keys:        179
[2026-04-04 09:12:31]   Filtered (transformer): 172
[2026-04-04 09:12:31]   Filtered (pos_encoder): 0
[2026-04-04 09:12:31]   Keys to load:           7
[2026-04-04 09:12:31]   Missing keys:           4
[2026-04-04 09:12:31]   Unexpected keys:        0
[2026-04-04 09:12:31]   Missing preview:        ['spatial_conv.1.weight', 'spatial_conv.1.bias', 'final_layer.1.weight', 'final_layer.1.bias']
[2026-04-04 09:12:31]   Unexpected preview:     []
[2026-04-04 09:12:44]   Fold 2/5 | best_epoch=69 | stop=119 | val_loss=0.9550 | acc=0.6250 | bal_acc=0.6250
[2026-04-04 09:12:44]     Train class counts: [32, 32, 32, 32]
[2026-04-04 09:12:44]     Val class counts:   [8, 8, 8, 8]
[2026-04-04 09:12:44]     Test class counts:  [10, 10, 10, 10]
[2026-04-04 09:12:44] Building model with input window duration: 4.1875 s
[2026-04-04 09:12:44] Pretrained weight loading:
[2026-04-04 09:12:44]   Downloaded keys:        179
[2026-04-04 09:12:44]   Filtered (transformer): 172
[2026-04-04 09:12:44]   Filtered (pos_encoder): 0
[2026-04-04 09:12:44]   Keys to load:           7
[2026-04-04 09:12:44]   Missing keys:           4
[2026-04-04 09:12:44]   Unexpected keys:        0
[2026-04-04 09:12:44]   Missing preview:        ['spatial_conv.1.weight', 'spatial_conv.1.bias', 'final_layer.1.weight', 'final_layer.1.bias']
[2026-04-04 09:12:44]   Unexpected preview:     []
[2026-04-04 09:13:09]   Fold 3/5 | best_epoch=202 | stop=252 | val_loss=0.6467 | acc=0.7250 | bal_acc=0.7250
[2026-04-04 09:13:09]     Train class counts: [32, 32, 32, 32]
[2026-04-04 09:13:09]     Val class counts:   [8, 8, 8, 8]
[2026-04-04 09:13:09]     Test class counts:  [10, 10, 10, 10]
[2026-04-04 09:13:09] Building model with input window duration: 4.1875 s
[2026-04-04 09:13:09] Pretrained weight loading:
[2026-04-04 09:13:09]   Downloaded keys:        179
[2026-04-04 09:13:09]   Filtered (transformer): 172
[2026-04-04 09:13:09]   Filtered (pos_encoder): 0
[2026-04-04 09:13:09]   Keys to load:           7
[2026-04-04 09:13:09]   Missing keys:           4
[2026-04-04 09:13:09]   Unexpected keys:        0
[2026-04-04 09:13:09]   Missing preview:        ['spatial_conv.1.weight', 'spatial_conv.1.bias', 'final_layer.1.weight', 'final_layer.1.bias']
[2026-04-04 09:13:09]   Unexpected preview:     []
[2026-04-04 09:13:21]   Fold 4/5 | best_epoch=65 | stop=115 | val_loss=0.7936 | acc=0.5250 | bal_acc=0.5250
[2026-04-04 09:13:21]     Train class counts: [32, 32, 32, 32]
[2026-04-04 09:13:21]     Val class counts:   [8, 8, 8, 8]
[2026-04-04 09:13:21]     Test class counts:  [10, 10, 10, 10]
[2026-04-04 09:13:21] Building model with input window duration: 4.1875 s
[2026-04-04 09:13:21] Pretrained weight loading:
[2026-04-04 09:13:21]   Downloaded keys:        179
[2026-04-04 09:13:21]   Filtered (transformer): 172
[2026-04-04 09:13:21]   Filtered (pos_encoder): 0
[2026-04-04 09:13:21]   Keys to load:           7
[2026-04-04 09:13:21]   Missing keys:           4
[2026-04-04 09:13:21]   Unexpected keys:        0
[2026-04-04 09:13:21]   Missing preview:        ['spatial_conv.1.weight', 'spatial_conv.1.bias', 'final_layer.1.weight', 'final_layer.1.bias']
[2026-04-04 09:13:21]   Unexpected preview:     []
[2026-04-04 09:14:06]   Fold 5/5 | best_epoch=370 | stop=420 | val_loss=0.7930 | acc=0.5750 | bal_acc=0.5750
[2026-04-04 09:14:06]   Subject 54 summary: acc=0.6450±0.0927  bal_acc=0.6450±0.0927

[2026-04-04 09:14:06] Total folds completed: 35
[2026-04-04 09:14:06] ======================================================================
[2026-04-04 09:14:06] AGGREGATED RESULTS
[2026-04-04 09:14:06] ======================================================================
[2026-04-04 09:14:06]   Subject 48:  acc=0.9900±0.0200  bal_acc=0.9900±0.0200
[2026-04-04 09:14:06]   Subject 49:  acc=0.9550±0.0245  bal_acc=0.9550±0.0245
[2026-04-04 09:14:06]   Subject 50:  acc=0.9950±0.0100  bal_acc=0.9950±0.0100
[2026-04-04 09:14:06]   Subject 51:  acc=0.3650±0.1007  bal_acc=0.3650±0.1007
[2026-04-04 09:14:06]   Subject 52:  acc=0.9400±0.0255  bal_acc=0.9400±0.0255
[2026-04-04 09:14:06]   Subject 53:  acc=0.9950±0.0100  bal_acc=0.9950±0.0100
[2026-04-04 09:14:06]   Subject 54:  acc=0.6450±0.0927  bal_acc=0.6450±0.0927
[2026-04-04 09:14:06] ----------------------------------------------------------------------
[2026-04-04 09:14:06]   OVERALL:      acc=0.8407±0.2324  bal_acc=0.8407±0.2324
[2026-04-04 09:14:06] ======================================================================
[2026-04-04 09:14:06] CV results saved to:      /Users/vadim/Documents/School/Spring 2026/CSCE A698 Individual Research/EEG_JEPA/artifacts/lee-2019-fine-tuning/SSVEP/20260404_0836_d348a78b/cv_results.json
[2026-04-04 09:14:06] Subject metrics saved to: /Users/vadim/Documents/School/Spring 2026/CSCE A698 Individual Research/EEG_JEPA/artifacts/lee-2019-fine-tuning/SSVEP/20260404_0836_d348a78b/subject_metrics.json
[2026-04-04 09:14:06] Global metrics saved to:  /Users/vadim/Documents/School/Spring 2026/CSCE A698 Individual Research/EEG_JEPA/artifacts/lee-2019-fine-tuning/SSVEP/20260404_0836_d348a78b/global_metrics.json
[2026-04-04 09:14:06] Run metadata saved to:    /Users/vadim/Documents/School/Spring 2026/CSCE A698 Individual Research/EEG_JEPA/artifacts/lee-2019-fine-tuning/SSVEP/20260404_0836_d348a78b/run_metadata.json

[2026-04-04 09:14:06] All artifacts in: /Users/vadim/Documents/School/Spring 2026/CSCE A698 Individual Research/EEG_JEPA/artifacts/lee-2019-fine-tuning/SSVEP/20260404_0836_d348a78b

[2026-04-04 09:14:06] ======================================================================
[2026-04-04 09:14:06] EXPERIMENT SUMMARY
[2026-04-04 09:14:06] ======================================================================
[2026-04-04 09:14:06] Run ID:    20260404_0836_d348a78b
[2026-04-04 09:14:06] Artifacts: /Users/vadim/Documents/School/Spring 2026/CSCE A698 Individual Research/EEG_JEPA/artifacts/lee-2019-fine-tuning/SSVEP/20260404_0836_d348a78b

[2026-04-04 09:14:06] Configuration:
[2026-04-04 09:14:06]   Subjects:          [48, 49, 50, 51, 52, 53, 54]
[2026-04-04 09:14:06]   Bandpass:          0.5-40.0 Hz
[2026-04-04 09:14:06]   Resample:          128 Hz
[2026-04-04 09:14:06]   CV folds:          5
[2026-04-04 09:14:06]   Learning rate:     None
[2026-04-04 09:14:06]   Batch size:        16
[2026-04-04 09:14:06]   Max epochs:        5000

[2026-04-04 09:14:06] Results:
[2026-04-04 09:14:06]   Mean Accuracy:          0.8407 ± 0.2324
[2026-04-04 09:14:06]   Mean Balanced Accuracy: 0.8407 ± 0.2324
